[2025-03-14T15:30:16.981+0000] {local_task_job_runner.py:123} INFO - ::group::Pre task execution logs
[2025-03-14T15:30:16.987+0000] {taskinstance.py:2614} INFO - Dependencies all met for dep_context=non-requeueable deps ti=<TaskInstance: assignment3.extract_sales_data manual__2025-03-14T15:30:15.570166+00:00 [queued]>
[2025-03-14T15:30:16.990+0000] {taskinstance.py:2614} INFO - Dependencies all met for dep_context=requeueable deps ti=<TaskInstance: assignment3.extract_sales_data manual__2025-03-14T15:30:15.570166+00:00 [queued]>
[2025-03-14T15:30:16.990+0000] {taskinstance.py:2867} INFO - Starting attempt 1 of 2
[2025-03-14T15:30:16.995+0000] {taskinstance.py:2890} INFO - Executing <Task(_PythonDecoratedOperator): extract_sales_data> on 2025-03-14 15:30:15.570166+00:00
[2025-03-14T15:30:16.998+0000] {warnings.py:112} WARNING - /home/***/.local/lib/python3.12/site-packages/***/task/task_runner/standard_task_runner.py:70: DeprecationWarning: This process (pid=554) is multi-threaded, use of fork() may lead to deadlocks in the child.
  pid = os.fork()

[2025-03-14T15:30:16.998+0000] {standard_task_runner.py:72} INFO - Started process 555 to run task
[2025-03-14T15:30:16.999+0000] {standard_task_runner.py:104} INFO - Running: ['***', 'tasks', 'run', 'assignment3', 'extract_sales_data', 'manual__2025-03-14T15:30:15.570166+00:00', '--job-id', '108', '--raw', '--subdir', 'DAGS_FOLDER/A0265907U.py', '--cfg-path', '/tmp/tmpikocjp6w']
[2025-03-14T15:30:17.000+0000] {standard_task_runner.py:105} INFO - Job 108: Subtask extract_sales_data
[2025-03-14T15:30:17.028+0000] {task_command.py:467} INFO - Running <TaskInstance: assignment3.extract_sales_data manual__2025-03-14T15:30:15.570166+00:00 [running]> on host 0b224ca611be
[2025-03-14T15:30:17.058+0000] {taskinstance.py:3134} INFO - Exporting env vars: AIRFLOW_CTX_DAG_OWNER='***' AIRFLOW_CTX_DAG_ID='assignment3' AIRFLOW_CTX_TASK_ID='extract_sales_data' AIRFLOW_CTX_EXECUTION_DATE='2025-03-14T15:30:15.570166+00:00' AIRFLOW_CTX_TRY_NUMBER='1' AIRFLOW_CTX_DAG_RUN_ID='manual__2025-03-14T15:30:15.570166+00:00'
[2025-03-14T15:30:17.058+0000] {logging_mixin.py:190} INFO - Task instance is in running state
[2025-03-14T15:30:17.059+0000] {logging_mixin.py:190} INFO -  Previous state of the Task instance: queued
[2025-03-14T15:30:17.059+0000] {logging_mixin.py:190} INFO - Current task name:extract_sales_data state:running start_date:2025-03-14 15:30:16.987860+00:00
[2025-03-14T15:30:17.059+0000] {logging_mixin.py:190} INFO - Dag name:assignment3 and current dag run status:running
[2025-03-14T15:30:17.059+0000] {taskinstance.py:732} INFO - ::endgroup::
[2025-03-14T15:30:17.067+0000] {python.py:240} INFO - Done. Returned value was: /opt/***/output/saved_df.csv
[2025-03-14T15:30:17.076+0000] {taskinstance.py:341} INFO - ::group::Post task execution logs
[2025-03-14T15:30:17.076+0000] {taskinstance.py:353} INFO - Marking task as SUCCESS. dag_id=assignment3, task_id=extract_sales_data, run_id=manual__2025-03-14T15:30:15.570166+00:00, execution_date=20250314T153015, start_date=20250314T153016, end_date=20250314T153017
[2025-03-14T15:30:17.085+0000] {logging_mixin.py:190} INFO - Task instance in success state
[2025-03-14T15:30:17.085+0000] {logging_mixin.py:190} INFO -  Previous state of the Task instance: running
[2025-03-14T15:30:17.086+0000] {logging_mixin.py:190} INFO - Dag name:assignment3 queued_at:2025-03-14 15:30:15.573473+00:00
[2025-03-14T15:30:17.086+0000] {logging_mixin.py:190} INFO - Task hostname:0b224ca611be operator:_PythonDecoratedOperator
[2025-03-14T15:30:17.098+0000] {local_task_job_runner.py:266} INFO - Task exited with return code 0
[2025-03-14T15:30:17.111+0000] {taskinstance.py:3901} INFO - 1 downstream tasks scheduled from follow-on schedule check
[2025-03-14T15:30:17.112+0000] {local_task_job_runner.py:245} INFO - ::endgroup::
