[2025-04-19T00:13:42.731+0000] {processor.py:186} INFO - Started process (PID=4931) to work on /home/airflow/.local/lib/python3.12/site-packages/airflow/example_dags/example_branch_python_dop_operator_3.py
[2025-04-19T00:13:42.731+0000] {processor.py:914} INFO - Processing file /home/airflow/.local/lib/python3.12/site-packages/airflow/example_dags/example_branch_python_dop_operator_3.py for tasks to queue
[2025-04-19T00:13:42.732+0000] {logging_mixin.py:190} INFO - [2025-04-19T00:13:42.732+0000] {dagbag.py:588} INFO - Filling up the DagBag from /home/airflow/.local/lib/python3.12/site-packages/airflow/example_dags/example_branch_python_dop_operator_3.py
[2025-04-19T00:13:42.737+0000] {processor.py:925} INFO - DAG(s) 'example_branch_dop_operator_v3' retrieved from /home/airflow/.local/lib/python3.12/site-packages/airflow/example_dags/example_branch_python_dop_operator_3.py
[2025-04-19T00:13:42.745+0000] {logging_mixin.py:190} INFO - [2025-04-19T00:13:42.745+0000] {dag.py:3239} INFO - Sync 1 DAGs
[2025-04-19T00:13:42.754+0000] {logging_mixin.py:190} INFO - [2025-04-19T00:13:42.754+0000] {dag.py:4180} INFO - Setting next_dagrun for example_branch_dop_operator_v3 to 2025-04-19 00:12:00+00:00, run_after=2025-04-19 00:13:00+00:00
[2025-04-19T00:13:42.761+0000] {processor.py:208} INFO - Processing /home/airflow/.local/lib/python3.12/site-packages/airflow/example_dags/example_branch_python_dop_operator_3.py took 0.033 seconds
[2025-04-19T01:25:52.306+0000] {processor.py:186} INFO - Started process (PID=4995) to work on /home/airflow/.local/lib/python3.12/site-packages/airflow/example_dags/example_branch_python_dop_operator_3.py
[2025-04-19T01:25:52.307+0000] {processor.py:914} INFO - Processing file /home/airflow/.local/lib/python3.12/site-packages/airflow/example_dags/example_branch_python_dop_operator_3.py for tasks to queue
[2025-04-19T01:25:52.308+0000] {logging_mixin.py:190} INFO - [2025-04-19T01:25:52.308+0000] {dagbag.py:588} INFO - Filling up the DagBag from /home/airflow/.local/lib/python3.12/site-packages/airflow/example_dags/example_branch_python_dop_operator_3.py
[2025-04-19T01:25:52.313+0000] {processor.py:925} INFO - DAG(s) 'example_branch_dop_operator_v3' retrieved from /home/airflow/.local/lib/python3.12/site-packages/airflow/example_dags/example_branch_python_dop_operator_3.py
[2025-04-19T01:25:52.323+0000] {logging_mixin.py:190} INFO - [2025-04-19T01:25:52.323+0000] {dag.py:3239} INFO - Sync 1 DAGs
[2025-04-19T01:25:52.333+0000] {logging_mixin.py:190} INFO - [2025-04-19T01:25:52.333+0000] {dag.py:4180} INFO - Setting next_dagrun for example_branch_dop_operator_v3 to 2025-04-19 01:24:00+00:00, run_after=2025-04-19 01:25:00+00:00
[2025-04-19T01:25:52.340+0000] {processor.py:208} INFO - Processing /home/airflow/.local/lib/python3.12/site-packages/airflow/example_dags/example_branch_python_dop_operator_3.py took 0.038 seconds
[2025-04-19T02:58:25.422+0000] {processor.py:186} INFO - Started process (PID=5059) to work on /home/airflow/.local/lib/python3.12/site-packages/airflow/example_dags/example_branch_python_dop_operator_3.py
[2025-04-19T02:58:25.423+0000] {processor.py:914} INFO - Processing file /home/airflow/.local/lib/python3.12/site-packages/airflow/example_dags/example_branch_python_dop_operator_3.py for tasks to queue
[2025-04-19T02:58:25.424+0000] {logging_mixin.py:190} INFO - [2025-04-19T02:58:25.424+0000] {dagbag.py:588} INFO - Filling up the DagBag from /home/airflow/.local/lib/python3.12/site-packages/airflow/example_dags/example_branch_python_dop_operator_3.py
[2025-04-19T02:58:25.428+0000] {processor.py:925} INFO - DAG(s) 'example_branch_dop_operator_v3' retrieved from /home/airflow/.local/lib/python3.12/site-packages/airflow/example_dags/example_branch_python_dop_operator_3.py
[2025-04-19T02:58:25.437+0000] {logging_mixin.py:190} INFO - [2025-04-19T02:58:25.437+0000] {dag.py:3239} INFO - Sync 1 DAGs
[2025-04-19T02:58:25.447+0000] {logging_mixin.py:190} INFO - [2025-04-19T02:58:25.447+0000] {dag.py:4180} INFO - Setting next_dagrun for example_branch_dop_operator_v3 to 2025-04-19 02:57:00+00:00, run_after=2025-04-19 02:58:00+00:00
[2025-04-19T02:58:25.453+0000] {processor.py:208} INFO - Processing /home/airflow/.local/lib/python3.12/site-packages/airflow/example_dags/example_branch_python_dop_operator_3.py took 0.034 seconds
[2025-04-19T03:59:46.050+0000] {processor.py:186} INFO - Started process (PID=5123) to work on /home/airflow/.local/lib/python3.12/site-packages/airflow/example_dags/example_branch_python_dop_operator_3.py
[2025-04-19T03:59:46.051+0000] {processor.py:914} INFO - Processing file /home/airflow/.local/lib/python3.12/site-packages/airflow/example_dags/example_branch_python_dop_operator_3.py for tasks to queue
[2025-04-19T03:59:46.052+0000] {logging_mixin.py:190} INFO - [2025-04-19T03:59:46.052+0000] {dagbag.py:588} INFO - Filling up the DagBag from /home/airflow/.local/lib/python3.12/site-packages/airflow/example_dags/example_branch_python_dop_operator_3.py
[2025-04-19T03:59:46.057+0000] {processor.py:925} INFO - DAG(s) 'example_branch_dop_operator_v3' retrieved from /home/airflow/.local/lib/python3.12/site-packages/airflow/example_dags/example_branch_python_dop_operator_3.py
[2025-04-19T03:59:46.066+0000] {logging_mixin.py:190} INFO - [2025-04-19T03:59:46.066+0000] {dag.py:3239} INFO - Sync 1 DAGs
[2025-04-19T03:59:46.077+0000] {logging_mixin.py:190} INFO - [2025-04-19T03:59:46.077+0000] {dag.py:4180} INFO - Setting next_dagrun for example_branch_dop_operator_v3 to 2025-04-19 03:58:00+00:00, run_after=2025-04-19 03:59:00+00:00
[2025-04-19T03:59:46.084+0000] {processor.py:208} INFO - Processing /home/airflow/.local/lib/python3.12/site-packages/airflow/example_dags/example_branch_python_dop_operator_3.py took 0.038 seconds
[2025-04-19T04:28:51.221+0000] {processor.py:186} INFO - Started process (PID=5187) to work on /home/airflow/.local/lib/python3.12/site-packages/airflow/example_dags/example_branch_python_dop_operator_3.py
[2025-04-19T04:28:51.222+0000] {processor.py:914} INFO - Processing file /home/airflow/.local/lib/python3.12/site-packages/airflow/example_dags/example_branch_python_dop_operator_3.py for tasks to queue
[2025-04-19T04:28:51.223+0000] {logging_mixin.py:190} INFO - [2025-04-19T04:28:51.223+0000] {dagbag.py:588} INFO - Filling up the DagBag from /home/airflow/.local/lib/python3.12/site-packages/airflow/example_dags/example_branch_python_dop_operator_3.py
[2025-04-19T04:28:51.228+0000] {processor.py:925} INFO - DAG(s) 'example_branch_dop_operator_v3' retrieved from /home/airflow/.local/lib/python3.12/site-packages/airflow/example_dags/example_branch_python_dop_operator_3.py
[2025-04-19T04:28:51.237+0000] {logging_mixin.py:190} INFO - [2025-04-19T04:28:51.237+0000] {dag.py:3239} INFO - Sync 1 DAGs
[2025-04-19T04:28:51.247+0000] {logging_mixin.py:190} INFO - [2025-04-19T04:28:51.247+0000] {dag.py:4180} INFO - Setting next_dagrun for example_branch_dop_operator_v3 to 2025-04-19 04:27:00+00:00, run_after=2025-04-19 04:28:00+00:00
[2025-04-19T04:28:51.256+0000] {processor.py:208} INFO - Processing /home/airflow/.local/lib/python3.12/site-packages/airflow/example_dags/example_branch_python_dop_operator_3.py took 0.037 seconds
[2025-04-19T06:03:43.565+0000] {processor.py:186} INFO - Started process (PID=5251) to work on /home/airflow/.local/lib/python3.12/site-packages/airflow/example_dags/example_branch_python_dop_operator_3.py
[2025-04-19T06:03:43.566+0000] {processor.py:914} INFO - Processing file /home/airflow/.local/lib/python3.12/site-packages/airflow/example_dags/example_branch_python_dop_operator_3.py for tasks to queue
[2025-04-19T06:03:43.567+0000] {logging_mixin.py:190} INFO - [2025-04-19T06:03:43.566+0000] {dagbag.py:588} INFO - Filling up the DagBag from /home/airflow/.local/lib/python3.12/site-packages/airflow/example_dags/example_branch_python_dop_operator_3.py
[2025-04-19T06:03:43.572+0000] {processor.py:925} INFO - DAG(s) 'example_branch_dop_operator_v3' retrieved from /home/airflow/.local/lib/python3.12/site-packages/airflow/example_dags/example_branch_python_dop_operator_3.py
[2025-04-19T06:03:43.581+0000] {logging_mixin.py:190} INFO - [2025-04-19T06:03:43.581+0000] {dag.py:3239} INFO - Sync 1 DAGs
[2025-04-19T06:03:43.591+0000] {logging_mixin.py:190} INFO - [2025-04-19T06:03:43.591+0000] {dag.py:4180} INFO - Setting next_dagrun for example_branch_dop_operator_v3 to 2025-04-19 06:02:00+00:00, run_after=2025-04-19 06:03:00+00:00
[2025-04-19T06:03:43.598+0000] {processor.py:208} INFO - Processing /home/airflow/.local/lib/python3.12/site-packages/airflow/example_dags/example_branch_python_dop_operator_3.py took 0.036 seconds
[2025-04-19T06:47:27.693+0000] {processor.py:186} INFO - Started process (PID=5315) to work on /home/airflow/.local/lib/python3.12/site-packages/airflow/example_dags/example_branch_python_dop_operator_3.py
[2025-04-19T06:47:27.694+0000] {processor.py:914} INFO - Processing file /home/airflow/.local/lib/python3.12/site-packages/airflow/example_dags/example_branch_python_dop_operator_3.py for tasks to queue
[2025-04-19T06:47:27.695+0000] {logging_mixin.py:190} INFO - [2025-04-19T06:47:27.694+0000] {dagbag.py:588} INFO - Filling up the DagBag from /home/airflow/.local/lib/python3.12/site-packages/airflow/example_dags/example_branch_python_dop_operator_3.py
[2025-04-19T06:47:27.699+0000] {processor.py:925} INFO - DAG(s) 'example_branch_dop_operator_v3' retrieved from /home/airflow/.local/lib/python3.12/site-packages/airflow/example_dags/example_branch_python_dop_operator_3.py
[2025-04-19T06:47:27.708+0000] {logging_mixin.py:190} INFO - [2025-04-19T06:47:27.708+0000] {dag.py:3239} INFO - Sync 1 DAGs
[2025-04-19T06:47:27.717+0000] {logging_mixin.py:190} INFO - [2025-04-19T06:47:27.717+0000] {dag.py:4180} INFO - Setting next_dagrun for example_branch_dop_operator_v3 to 2025-04-19 06:46:00+00:00, run_after=2025-04-19 06:47:00+00:00
[2025-04-19T06:47:27.725+0000] {processor.py:208} INFO - Processing /home/airflow/.local/lib/python3.12/site-packages/airflow/example_dags/example_branch_python_dop_operator_3.py took 0.035 seconds
[2025-04-19T08:03:59.510+0000] {processor.py:186} INFO - Started process (PID=5379) to work on /home/airflow/.local/lib/python3.12/site-packages/airflow/example_dags/example_branch_python_dop_operator_3.py
[2025-04-19T08:03:59.510+0000] {processor.py:914} INFO - Processing file /home/airflow/.local/lib/python3.12/site-packages/airflow/example_dags/example_branch_python_dop_operator_3.py for tasks to queue
[2025-04-19T08:03:59.511+0000] {logging_mixin.py:190} INFO - [2025-04-19T08:03:59.511+0000] {dagbag.py:588} INFO - Filling up the DagBag from /home/airflow/.local/lib/python3.12/site-packages/airflow/example_dags/example_branch_python_dop_operator_3.py
[2025-04-19T08:03:59.516+0000] {processor.py:925} INFO - DAG(s) 'example_branch_dop_operator_v3' retrieved from /home/airflow/.local/lib/python3.12/site-packages/airflow/example_dags/example_branch_python_dop_operator_3.py
[2025-04-19T08:03:59.525+0000] {logging_mixin.py:190} INFO - [2025-04-19T08:03:59.524+0000] {dag.py:3239} INFO - Sync 1 DAGs
[2025-04-19T08:03:59.535+0000] {logging_mixin.py:190} INFO - [2025-04-19T08:03:59.535+0000] {dag.py:4180} INFO - Setting next_dagrun for example_branch_dop_operator_v3 to 2025-04-19 08:02:00+00:00, run_after=2025-04-19 08:03:00+00:00
[2025-04-19T08:03:59.541+0000] {processor.py:208} INFO - Processing /home/airflow/.local/lib/python3.12/site-packages/airflow/example_dags/example_branch_python_dop_operator_3.py took 0.034 seconds
[2025-04-19T08:27:56.479+0000] {processor.py:186} INFO - Started process (PID=5443) to work on /home/airflow/.local/lib/python3.12/site-packages/airflow/example_dags/example_branch_python_dop_operator_3.py
[2025-04-19T08:27:56.479+0000] {processor.py:914} INFO - Processing file /home/airflow/.local/lib/python3.12/site-packages/airflow/example_dags/example_branch_python_dop_operator_3.py for tasks to queue
[2025-04-19T08:27:56.480+0000] {logging_mixin.py:190} INFO - [2025-04-19T08:27:56.480+0000] {dagbag.py:588} INFO - Filling up the DagBag from /home/airflow/.local/lib/python3.12/site-packages/airflow/example_dags/example_branch_python_dop_operator_3.py
[2025-04-19T08:27:56.484+0000] {processor.py:925} INFO - DAG(s) 'example_branch_dop_operator_v3' retrieved from /home/airflow/.local/lib/python3.12/site-packages/airflow/example_dags/example_branch_python_dop_operator_3.py
[2025-04-19T08:27:56.492+0000] {logging_mixin.py:190} INFO - [2025-04-19T08:27:56.492+0000] {dag.py:3239} INFO - Sync 1 DAGs
[2025-04-19T08:27:56.502+0000] {logging_mixin.py:190} INFO - [2025-04-19T08:27:56.501+0000] {dag.py:4180} INFO - Setting next_dagrun for example_branch_dop_operator_v3 to 2025-04-19 08:26:00+00:00, run_after=2025-04-19 08:27:00+00:00
[2025-04-19T08:27:56.508+0000] {processor.py:208} INFO - Processing /home/airflow/.local/lib/python3.12/site-packages/airflow/example_dags/example_branch_python_dop_operator_3.py took 0.032 seconds
[2025-04-19T08:29:31.457+0000] {processor.py:186} INFO - Started process (PID=5507) to work on /home/airflow/.local/lib/python3.12/site-packages/airflow/example_dags/example_branch_python_dop_operator_3.py
[2025-04-19T08:29:31.458+0000] {processor.py:914} INFO - Processing file /home/airflow/.local/lib/python3.12/site-packages/airflow/example_dags/example_branch_python_dop_operator_3.py for tasks to queue
[2025-04-19T08:29:31.459+0000] {logging_mixin.py:190} INFO - [2025-04-19T08:29:31.459+0000] {dagbag.py:588} INFO - Filling up the DagBag from /home/airflow/.local/lib/python3.12/site-packages/airflow/example_dags/example_branch_python_dop_operator_3.py
[2025-04-19T08:29:31.463+0000] {processor.py:925} INFO - DAG(s) 'example_branch_dop_operator_v3' retrieved from /home/airflow/.local/lib/python3.12/site-packages/airflow/example_dags/example_branch_python_dop_operator_3.py
[2025-04-19T08:29:31.472+0000] {logging_mixin.py:190} INFO - [2025-04-19T08:29:31.471+0000] {dag.py:3239} INFO - Sync 1 DAGs
[2025-04-19T08:29:31.481+0000] {logging_mixin.py:190} INFO - [2025-04-19T08:29:31.481+0000] {dag.py:4180} INFO - Setting next_dagrun for example_branch_dop_operator_v3 to 2025-04-19 08:28:00+00:00, run_after=2025-04-19 08:29:00+00:00
[2025-04-19T08:29:31.487+0000] {processor.py:208} INFO - Processing /home/airflow/.local/lib/python3.12/site-packages/airflow/example_dags/example_branch_python_dop_operator_3.py took 0.033 seconds
[2025-04-19T08:30:28.337+0000] {processor.py:186} INFO - Started process (PID=5571) to work on /home/airflow/.local/lib/python3.12/site-packages/airflow/example_dags/example_branch_python_dop_operator_3.py
[2025-04-19T08:30:28.337+0000] {processor.py:914} INFO - Processing file /home/airflow/.local/lib/python3.12/site-packages/airflow/example_dags/example_branch_python_dop_operator_3.py for tasks to queue
[2025-04-19T08:30:28.339+0000] {logging_mixin.py:190} INFO - [2025-04-19T08:30:28.339+0000] {dagbag.py:588} INFO - Filling up the DagBag from /home/airflow/.local/lib/python3.12/site-packages/airflow/example_dags/example_branch_python_dop_operator_3.py
[2025-04-19T08:30:28.344+0000] {processor.py:925} INFO - DAG(s) 'example_branch_dop_operator_v3' retrieved from /home/airflow/.local/lib/python3.12/site-packages/airflow/example_dags/example_branch_python_dop_operator_3.py
[2025-04-19T08:30:28.353+0000] {logging_mixin.py:190} INFO - [2025-04-19T08:30:28.353+0000] {dag.py:3239} INFO - Sync 1 DAGs
[2025-04-19T08:30:28.363+0000] {logging_mixin.py:190} INFO - [2025-04-19T08:30:28.363+0000] {dag.py:4180} INFO - Setting next_dagrun for example_branch_dop_operator_v3 to 2025-04-19 08:29:00+00:00, run_after=2025-04-19 08:30:00+00:00
[2025-04-19T08:30:28.369+0000] {processor.py:208} INFO - Processing /home/airflow/.local/lib/python3.12/site-packages/airflow/example_dags/example_branch_python_dop_operator_3.py took 0.035 seconds
[2025-04-19T08:48:13.085+0000] {processor.py:186} INFO - Started process (PID=5635) to work on /home/airflow/.local/lib/python3.12/site-packages/airflow/example_dags/example_branch_python_dop_operator_3.py
[2025-04-19T08:48:13.085+0000] {processor.py:914} INFO - Processing file /home/airflow/.local/lib/python3.12/site-packages/airflow/example_dags/example_branch_python_dop_operator_3.py for tasks to queue
[2025-04-19T08:48:13.086+0000] {logging_mixin.py:190} INFO - [2025-04-19T08:48:13.086+0000] {dagbag.py:588} INFO - Filling up the DagBag from /home/airflow/.local/lib/python3.12/site-packages/airflow/example_dags/example_branch_python_dop_operator_3.py
[2025-04-19T08:48:13.090+0000] {processor.py:925} INFO - DAG(s) 'example_branch_dop_operator_v3' retrieved from /home/airflow/.local/lib/python3.12/site-packages/airflow/example_dags/example_branch_python_dop_operator_3.py
[2025-04-19T08:48:13.098+0000] {logging_mixin.py:190} INFO - [2025-04-19T08:48:13.098+0000] {dag.py:3239} INFO - Sync 1 DAGs
[2025-04-19T08:48:13.108+0000] {logging_mixin.py:190} INFO - [2025-04-19T08:48:13.107+0000] {dag.py:4180} INFO - Setting next_dagrun for example_branch_dop_operator_v3 to 2025-04-19 08:47:00+00:00, run_after=2025-04-19 08:48:00+00:00
[2025-04-19T08:48:13.114+0000] {processor.py:208} INFO - Processing /home/airflow/.local/lib/python3.12/site-packages/airflow/example_dags/example_branch_python_dop_operator_3.py took 0.032 seconds
[2025-04-19T08:59:44.560+0000] {processor.py:186} INFO - Started process (PID=5699) to work on /home/airflow/.local/lib/python3.12/site-packages/airflow/example_dags/example_branch_python_dop_operator_3.py
[2025-04-19T08:59:44.560+0000] {processor.py:914} INFO - Processing file /home/airflow/.local/lib/python3.12/site-packages/airflow/example_dags/example_branch_python_dop_operator_3.py for tasks to queue
[2025-04-19T08:59:44.561+0000] {logging_mixin.py:190} INFO - [2025-04-19T08:59:44.561+0000] {dagbag.py:588} INFO - Filling up the DagBag from /home/airflow/.local/lib/python3.12/site-packages/airflow/example_dags/example_branch_python_dop_operator_3.py
[2025-04-19T08:59:44.566+0000] {processor.py:925} INFO - DAG(s) 'example_branch_dop_operator_v3' retrieved from /home/airflow/.local/lib/python3.12/site-packages/airflow/example_dags/example_branch_python_dop_operator_3.py
[2025-04-19T08:59:44.575+0000] {logging_mixin.py:190} INFO - [2025-04-19T08:59:44.575+0000] {dag.py:3239} INFO - Sync 1 DAGs
[2025-04-19T08:59:44.585+0000] {logging_mixin.py:190} INFO - [2025-04-19T08:59:44.585+0000] {dag.py:4180} INFO - Setting next_dagrun for example_branch_dop_operator_v3 to 2025-04-19 08:58:00+00:00, run_after=2025-04-19 08:59:00+00:00
[2025-04-19T08:59:44.592+0000] {processor.py:208} INFO - Processing /home/airflow/.local/lib/python3.12/site-packages/airflow/example_dags/example_branch_python_dop_operator_3.py took 0.035 seconds
[2025-04-19T09:00:25.817+0000] {processor.py:186} INFO - Started process (PID=5763) to work on /home/airflow/.local/lib/python3.12/site-packages/airflow/example_dags/example_branch_python_dop_operator_3.py
[2025-04-19T09:00:25.818+0000] {processor.py:914} INFO - Processing file /home/airflow/.local/lib/python3.12/site-packages/airflow/example_dags/example_branch_python_dop_operator_3.py for tasks to queue
[2025-04-19T09:00:25.819+0000] {logging_mixin.py:190} INFO - [2025-04-19T09:00:25.819+0000] {dagbag.py:588} INFO - Filling up the DagBag from /home/airflow/.local/lib/python3.12/site-packages/airflow/example_dags/example_branch_python_dop_operator_3.py
[2025-04-19T09:00:25.824+0000] {processor.py:925} INFO - DAG(s) 'example_branch_dop_operator_v3' retrieved from /home/airflow/.local/lib/python3.12/site-packages/airflow/example_dags/example_branch_python_dop_operator_3.py
[2025-04-19T09:00:25.833+0000] {logging_mixin.py:190} INFO - [2025-04-19T09:00:25.833+0000] {dag.py:3239} INFO - Sync 1 DAGs
[2025-04-19T09:00:25.843+0000] {logging_mixin.py:190} INFO - [2025-04-19T09:00:25.843+0000] {dag.py:4180} INFO - Setting next_dagrun for example_branch_dop_operator_v3 to 2025-04-19 08:59:00+00:00, run_after=2025-04-19 09:00:00+00:00
[2025-04-19T09:00:25.849+0000] {processor.py:208} INFO - Processing /home/airflow/.local/lib/python3.12/site-packages/airflow/example_dags/example_branch_python_dop_operator_3.py took 0.035 seconds
[2025-04-19T09:16:41.937+0000] {processor.py:186} INFO - Started process (PID=5827) to work on /home/airflow/.local/lib/python3.12/site-packages/airflow/example_dags/example_branch_python_dop_operator_3.py
[2025-04-19T09:16:41.938+0000] {processor.py:914} INFO - Processing file /home/airflow/.local/lib/python3.12/site-packages/airflow/example_dags/example_branch_python_dop_operator_3.py for tasks to queue
[2025-04-19T09:16:41.939+0000] {logging_mixin.py:190} INFO - [2025-04-19T09:16:41.939+0000] {dagbag.py:588} INFO - Filling up the DagBag from /home/airflow/.local/lib/python3.12/site-packages/airflow/example_dags/example_branch_python_dop_operator_3.py
[2025-04-19T09:16:41.943+0000] {processor.py:925} INFO - DAG(s) 'example_branch_dop_operator_v3' retrieved from /home/airflow/.local/lib/python3.12/site-packages/airflow/example_dags/example_branch_python_dop_operator_3.py
[2025-04-19T09:16:41.952+0000] {logging_mixin.py:190} INFO - [2025-04-19T09:16:41.951+0000] {dag.py:3239} INFO - Sync 1 DAGs
[2025-04-19T09:16:41.961+0000] {logging_mixin.py:190} INFO - [2025-04-19T09:16:41.961+0000] {dag.py:4180} INFO - Setting next_dagrun for example_branch_dop_operator_v3 to 2025-04-19 09:15:00+00:00, run_after=2025-04-19 09:16:00+00:00
[2025-04-19T09:16:41.968+0000] {processor.py:208} INFO - Processing /home/airflow/.local/lib/python3.12/site-packages/airflow/example_dags/example_branch_python_dop_operator_3.py took 0.034 seconds
[2025-04-19T09:17:12.000+0000] {processor.py:186} INFO - Started process (PID=5890) to work on /home/airflow/.local/lib/python3.12/site-packages/airflow/example_dags/example_branch_python_dop_operator_3.py
[2025-04-19T09:17:12.001+0000] {processor.py:914} INFO - Processing file /home/airflow/.local/lib/python3.12/site-packages/airflow/example_dags/example_branch_python_dop_operator_3.py for tasks to queue
[2025-04-19T09:17:12.002+0000] {logging_mixin.py:190} INFO - [2025-04-19T09:17:12.002+0000] {dagbag.py:588} INFO - Filling up the DagBag from /home/airflow/.local/lib/python3.12/site-packages/airflow/example_dags/example_branch_python_dop_operator_3.py
[2025-04-19T09:17:12.008+0000] {processor.py:925} INFO - DAG(s) 'example_branch_dop_operator_v3' retrieved from /home/airflow/.local/lib/python3.12/site-packages/airflow/example_dags/example_branch_python_dop_operator_3.py
[2025-04-19T09:17:12.016+0000] {logging_mixin.py:190} INFO - [2025-04-19T09:17:12.016+0000] {dag.py:3239} INFO - Sync 1 DAGs
[2025-04-19T09:17:12.025+0000] {logging_mixin.py:190} INFO - [2025-04-19T09:17:12.025+0000] {dag.py:4180} INFO - Setting next_dagrun for example_branch_dop_operator_v3 to 2025-04-19 09:16:00+00:00, run_after=2025-04-19 09:17:00+00:00
[2025-04-19T09:17:12.031+0000] {processor.py:208} INFO - Processing /home/airflow/.local/lib/python3.12/site-packages/airflow/example_dags/example_branch_python_dop_operator_3.py took 0.046 seconds
[2025-04-19T09:20:59.835+0000] {processor.py:186} INFO - Started process (PID=5955) to work on /home/airflow/.local/lib/python3.12/site-packages/airflow/example_dags/example_branch_python_dop_operator_3.py
[2025-04-19T09:20:59.835+0000] {processor.py:914} INFO - Processing file /home/airflow/.local/lib/python3.12/site-packages/airflow/example_dags/example_branch_python_dop_operator_3.py for tasks to queue
[2025-04-19T09:20:59.836+0000] {logging_mixin.py:190} INFO - [2025-04-19T09:20:59.836+0000] {dagbag.py:588} INFO - Filling up the DagBag from /home/airflow/.local/lib/python3.12/site-packages/airflow/example_dags/example_branch_python_dop_operator_3.py
[2025-04-19T09:20:59.841+0000] {processor.py:925} INFO - DAG(s) 'example_branch_dop_operator_v3' retrieved from /home/airflow/.local/lib/python3.12/site-packages/airflow/example_dags/example_branch_python_dop_operator_3.py
[2025-04-19T09:20:59.849+0000] {logging_mixin.py:190} INFO - [2025-04-19T09:20:59.849+0000] {dag.py:3239} INFO - Sync 1 DAGs
[2025-04-19T09:20:59.859+0000] {logging_mixin.py:190} INFO - [2025-04-19T09:20:59.859+0000] {dag.py:4180} INFO - Setting next_dagrun for example_branch_dop_operator_v3 to 2025-04-19 09:19:00+00:00, run_after=2025-04-19 09:20:00+00:00
[2025-04-19T09:20:59.865+0000] {processor.py:208} INFO - Processing /home/airflow/.local/lib/python3.12/site-packages/airflow/example_dags/example_branch_python_dop_operator_3.py took 0.033 seconds
[2025-04-19T09:38:23.620+0000] {processor.py:186} INFO - Started process (PID=6019) to work on /home/airflow/.local/lib/python3.12/site-packages/airflow/example_dags/example_branch_python_dop_operator_3.py
[2025-04-19T09:38:23.621+0000] {processor.py:914} INFO - Processing file /home/airflow/.local/lib/python3.12/site-packages/airflow/example_dags/example_branch_python_dop_operator_3.py for tasks to queue
[2025-04-19T09:38:23.622+0000] {logging_mixin.py:190} INFO - [2025-04-19T09:38:23.621+0000] {dagbag.py:588} INFO - Filling up the DagBag from /home/airflow/.local/lib/python3.12/site-packages/airflow/example_dags/example_branch_python_dop_operator_3.py
[2025-04-19T09:38:23.627+0000] {processor.py:925} INFO - DAG(s) 'example_branch_dop_operator_v3' retrieved from /home/airflow/.local/lib/python3.12/site-packages/airflow/example_dags/example_branch_python_dop_operator_3.py
[2025-04-19T09:38:23.637+0000] {logging_mixin.py:190} INFO - [2025-04-19T09:38:23.636+0000] {dag.py:3239} INFO - Sync 1 DAGs
[2025-04-19T09:38:23.647+0000] {logging_mixin.py:190} INFO - [2025-04-19T09:38:23.647+0000] {dag.py:4180} INFO - Setting next_dagrun for example_branch_dop_operator_v3 to 2025-04-19 09:37:00+00:00, run_after=2025-04-19 09:38:00+00:00
[2025-04-19T09:38:23.654+0000] {processor.py:208} INFO - Processing /home/airflow/.local/lib/python3.12/site-packages/airflow/example_dags/example_branch_python_dop_operator_3.py took 0.037 seconds
[2025-04-19T10:40:28.756+0000] {processor.py:186} INFO - Started process (PID=6083) to work on /home/airflow/.local/lib/python3.12/site-packages/airflow/example_dags/example_branch_python_dop_operator_3.py
[2025-04-19T10:40:28.756+0000] {processor.py:914} INFO - Processing file /home/airflow/.local/lib/python3.12/site-packages/airflow/example_dags/example_branch_python_dop_operator_3.py for tasks to queue
[2025-04-19T10:40:28.757+0000] {logging_mixin.py:190} INFO - [2025-04-19T10:40:28.757+0000] {dagbag.py:588} INFO - Filling up the DagBag from /home/airflow/.local/lib/python3.12/site-packages/airflow/example_dags/example_branch_python_dop_operator_3.py
[2025-04-19T10:40:28.762+0000] {processor.py:925} INFO - DAG(s) 'example_branch_dop_operator_v3' retrieved from /home/airflow/.local/lib/python3.12/site-packages/airflow/example_dags/example_branch_python_dop_operator_3.py
[2025-04-19T10:40:28.770+0000] {logging_mixin.py:190} INFO - [2025-04-19T10:40:28.770+0000] {dag.py:3239} INFO - Sync 1 DAGs
[2025-04-19T10:40:28.780+0000] {logging_mixin.py:190} INFO - [2025-04-19T10:40:28.780+0000] {dag.py:4180} INFO - Setting next_dagrun for example_branch_dop_operator_v3 to 2025-04-19 10:39:00+00:00, run_after=2025-04-19 10:40:00+00:00
[2025-04-19T10:40:28.787+0000] {processor.py:208} INFO - Processing /home/airflow/.local/lib/python3.12/site-packages/airflow/example_dags/example_branch_python_dop_operator_3.py took 0.035 seconds
[2025-04-19T10:45:01.918+0000] {processor.py:186} INFO - Started process (PID=6147) to work on /home/airflow/.local/lib/python3.12/site-packages/airflow/example_dags/example_branch_python_dop_operator_3.py
[2025-04-19T10:45:01.918+0000] {processor.py:914} INFO - Processing file /home/airflow/.local/lib/python3.12/site-packages/airflow/example_dags/example_branch_python_dop_operator_3.py for tasks to queue
[2025-04-19T10:45:01.919+0000] {logging_mixin.py:190} INFO - [2025-04-19T10:45:01.919+0000] {dagbag.py:588} INFO - Filling up the DagBag from /home/airflow/.local/lib/python3.12/site-packages/airflow/example_dags/example_branch_python_dop_operator_3.py
[2025-04-19T10:45:01.923+0000] {processor.py:925} INFO - DAG(s) 'example_branch_dop_operator_v3' retrieved from /home/airflow/.local/lib/python3.12/site-packages/airflow/example_dags/example_branch_python_dop_operator_3.py
[2025-04-19T10:45:01.932+0000] {logging_mixin.py:190} INFO - [2025-04-19T10:45:01.932+0000] {dag.py:3239} INFO - Sync 1 DAGs
[2025-04-19T10:45:01.941+0000] {logging_mixin.py:190} INFO - [2025-04-19T10:45:01.941+0000] {dag.py:4180} INFO - Setting next_dagrun for example_branch_dop_operator_v3 to 2025-04-19 10:44:00+00:00, run_after=2025-04-19 10:45:00+00:00
[2025-04-19T10:45:01.947+0000] {processor.py:208} INFO - Processing /home/airflow/.local/lib/python3.12/site-packages/airflow/example_dags/example_branch_python_dop_operator_3.py took 0.032 seconds
[2025-04-19T11:21:11.791+0000] {processor.py:186} INFO - Started process (PID=6210) to work on /home/airflow/.local/lib/python3.12/site-packages/airflow/example_dags/example_branch_python_dop_operator_3.py
[2025-04-19T11:21:11.792+0000] {processor.py:914} INFO - Processing file /home/airflow/.local/lib/python3.12/site-packages/airflow/example_dags/example_branch_python_dop_operator_3.py for tasks to queue
[2025-04-19T11:21:11.793+0000] {logging_mixin.py:190} INFO - [2025-04-19T11:21:11.793+0000] {dagbag.py:588} INFO - Filling up the DagBag from /home/airflow/.local/lib/python3.12/site-packages/airflow/example_dags/example_branch_python_dop_operator_3.py
[2025-04-19T11:21:11.798+0000] {processor.py:925} INFO - DAG(s) 'example_branch_dop_operator_v3' retrieved from /home/airflow/.local/lib/python3.12/site-packages/airflow/example_dags/example_branch_python_dop_operator_3.py
[2025-04-19T11:21:11.806+0000] {logging_mixin.py:190} INFO - [2025-04-19T11:21:11.806+0000] {dag.py:3239} INFO - Sync 1 DAGs
[2025-04-19T11:21:11.816+0000] {logging_mixin.py:190} INFO - [2025-04-19T11:21:11.816+0000] {dag.py:4180} INFO - Setting next_dagrun for example_branch_dop_operator_v3 to 2025-04-19 11:20:00+00:00, run_after=2025-04-19 11:21:00+00:00
[2025-04-19T11:21:11.823+0000] {processor.py:208} INFO - Processing /home/airflow/.local/lib/python3.12/site-packages/airflow/example_dags/example_branch_python_dop_operator_3.py took 0.034 seconds
[2025-04-19T11:59:37.008+0000] {processor.py:186} INFO - Started process (PID=6274) to work on /home/airflow/.local/lib/python3.12/site-packages/airflow/example_dags/example_branch_python_dop_operator_3.py
[2025-04-19T11:59:37.009+0000] {processor.py:914} INFO - Processing file /home/airflow/.local/lib/python3.12/site-packages/airflow/example_dags/example_branch_python_dop_operator_3.py for tasks to queue
[2025-04-19T11:59:37.010+0000] {logging_mixin.py:190} INFO - [2025-04-19T11:59:37.010+0000] {dagbag.py:588} INFO - Filling up the DagBag from /home/airflow/.local/lib/python3.12/site-packages/airflow/example_dags/example_branch_python_dop_operator_3.py
[2025-04-19T11:59:37.015+0000] {processor.py:925} INFO - DAG(s) 'example_branch_dop_operator_v3' retrieved from /home/airflow/.local/lib/python3.12/site-packages/airflow/example_dags/example_branch_python_dop_operator_3.py
[2025-04-19T11:59:37.024+0000] {logging_mixin.py:190} INFO - [2025-04-19T11:59:37.023+0000] {dag.py:3239} INFO - Sync 1 DAGs
[2025-04-19T11:59:37.033+0000] {logging_mixin.py:190} INFO - [2025-04-19T11:59:37.033+0000] {dag.py:4180} INFO - Setting next_dagrun for example_branch_dop_operator_v3 to 2025-04-19 11:58:00+00:00, run_after=2025-04-19 11:59:00+00:00
[2025-04-19T11:59:37.039+0000] {processor.py:208} INFO - Processing /home/airflow/.local/lib/python3.12/site-packages/airflow/example_dags/example_branch_python_dop_operator_3.py took 0.034 seconds
[2025-04-19T12:19:40.542+0000] {processor.py:186} INFO - Started process (PID=6338) to work on /home/airflow/.local/lib/python3.12/site-packages/airflow/example_dags/example_branch_python_dop_operator_3.py
[2025-04-19T12:19:40.542+0000] {processor.py:914} INFO - Processing file /home/airflow/.local/lib/python3.12/site-packages/airflow/example_dags/example_branch_python_dop_operator_3.py for tasks to queue
[2025-04-19T12:19:40.543+0000] {logging_mixin.py:190} INFO - [2025-04-19T12:19:40.543+0000] {dagbag.py:588} INFO - Filling up the DagBag from /home/airflow/.local/lib/python3.12/site-packages/airflow/example_dags/example_branch_python_dop_operator_3.py
[2025-04-19T12:19:40.548+0000] {processor.py:925} INFO - DAG(s) 'example_branch_dop_operator_v3' retrieved from /home/airflow/.local/lib/python3.12/site-packages/airflow/example_dags/example_branch_python_dop_operator_3.py
[2025-04-19T12:19:40.556+0000] {logging_mixin.py:190} INFO - [2025-04-19T12:19:40.556+0000] {dag.py:3239} INFO - Sync 1 DAGs
[2025-04-19T12:19:40.566+0000] {logging_mixin.py:190} INFO - [2025-04-19T12:19:40.566+0000] {dag.py:4180} INFO - Setting next_dagrun for example_branch_dop_operator_v3 to 2025-04-19 12:18:00+00:00, run_after=2025-04-19 12:19:00+00:00
[2025-04-19T12:19:40.572+0000] {processor.py:208} INFO - Processing /home/airflow/.local/lib/python3.12/site-packages/airflow/example_dags/example_branch_python_dop_operator_3.py took 0.033 seconds
[2025-04-19T13:11:27.416+0000] {processor.py:186} INFO - Started process (PID=6402) to work on /home/airflow/.local/lib/python3.12/site-packages/airflow/example_dags/example_branch_python_dop_operator_3.py
[2025-04-19T13:11:27.416+0000] {processor.py:914} INFO - Processing file /home/airflow/.local/lib/python3.12/site-packages/airflow/example_dags/example_branch_python_dop_operator_3.py for tasks to queue
[2025-04-19T13:11:27.417+0000] {logging_mixin.py:190} INFO - [2025-04-19T13:11:27.417+0000] {dagbag.py:588} INFO - Filling up the DagBag from /home/airflow/.local/lib/python3.12/site-packages/airflow/example_dags/example_branch_python_dop_operator_3.py
[2025-04-19T13:11:27.422+0000] {processor.py:925} INFO - DAG(s) 'example_branch_dop_operator_v3' retrieved from /home/airflow/.local/lib/python3.12/site-packages/airflow/example_dags/example_branch_python_dop_operator_3.py
[2025-04-19T13:11:27.430+0000] {logging_mixin.py:190} INFO - [2025-04-19T13:11:27.430+0000] {dag.py:3239} INFO - Sync 1 DAGs
[2025-04-19T13:11:27.442+0000] {logging_mixin.py:190} INFO - [2025-04-19T13:11:27.442+0000] {dag.py:4180} INFO - Setting next_dagrun for example_branch_dop_operator_v3 to 2025-04-19 13:10:00+00:00, run_after=2025-04-19 13:11:00+00:00
[2025-04-19T13:11:27.449+0000] {processor.py:208} INFO - Processing /home/airflow/.local/lib/python3.12/site-packages/airflow/example_dags/example_branch_python_dop_operator_3.py took 0.035 seconds
[2025-04-19T13:20:39.770+0000] {processor.py:186} INFO - Started process (PID=6466) to work on /home/airflow/.local/lib/python3.12/site-packages/airflow/example_dags/example_branch_python_dop_operator_3.py
[2025-04-19T13:20:39.770+0000] {processor.py:914} INFO - Processing file /home/airflow/.local/lib/python3.12/site-packages/airflow/example_dags/example_branch_python_dop_operator_3.py for tasks to queue
[2025-04-19T13:20:39.771+0000] {logging_mixin.py:190} INFO - [2025-04-19T13:20:39.771+0000] {dagbag.py:588} INFO - Filling up the DagBag from /home/airflow/.local/lib/python3.12/site-packages/airflow/example_dags/example_branch_python_dop_operator_3.py
[2025-04-19T13:20:39.776+0000] {processor.py:925} INFO - DAG(s) 'example_branch_dop_operator_v3' retrieved from /home/airflow/.local/lib/python3.12/site-packages/airflow/example_dags/example_branch_python_dop_operator_3.py
[2025-04-19T13:20:39.785+0000] {logging_mixin.py:190} INFO - [2025-04-19T13:20:39.785+0000] {dag.py:3239} INFO - Sync 1 DAGs
[2025-04-19T13:20:39.796+0000] {logging_mixin.py:190} INFO - [2025-04-19T13:20:39.796+0000] {dag.py:4180} INFO - Setting next_dagrun for example_branch_dop_operator_v3 to 2025-04-19 13:19:00+00:00, run_after=2025-04-19 13:20:00+00:00
[2025-04-19T13:20:39.803+0000] {processor.py:208} INFO - Processing /home/airflow/.local/lib/python3.12/site-packages/airflow/example_dags/example_branch_python_dop_operator_3.py took 0.036 seconds
[2025-04-19T14:21:40.545+0000] {processor.py:186} INFO - Started process (PID=6530) to work on /home/airflow/.local/lib/python3.12/site-packages/airflow/example_dags/example_branch_python_dop_operator_3.py
[2025-04-19T14:21:40.545+0000] {processor.py:914} INFO - Processing file /home/airflow/.local/lib/python3.12/site-packages/airflow/example_dags/example_branch_python_dop_operator_3.py for tasks to queue
[2025-04-19T14:21:40.546+0000] {logging_mixin.py:190} INFO - [2025-04-19T14:21:40.546+0000] {dagbag.py:588} INFO - Filling up the DagBag from /home/airflow/.local/lib/python3.12/site-packages/airflow/example_dags/example_branch_python_dop_operator_3.py
[2025-04-19T14:21:40.551+0000] {processor.py:925} INFO - DAG(s) 'example_branch_dop_operator_v3' retrieved from /home/airflow/.local/lib/python3.12/site-packages/airflow/example_dags/example_branch_python_dop_operator_3.py
[2025-04-19T14:21:40.560+0000] {logging_mixin.py:190} INFO - [2025-04-19T14:21:40.560+0000] {dag.py:3239} INFO - Sync 1 DAGs
[2025-04-19T14:21:40.569+0000] {logging_mixin.py:190} INFO - [2025-04-19T14:21:40.569+0000] {dag.py:4180} INFO - Setting next_dagrun for example_branch_dop_operator_v3 to 2025-04-19 14:20:00+00:00, run_after=2025-04-19 14:21:00+00:00
[2025-04-19T14:21:40.576+0000] {processor.py:208} INFO - Processing /home/airflow/.local/lib/python3.12/site-packages/airflow/example_dags/example_branch_python_dop_operator_3.py took 0.033 seconds
[2025-04-19T14:25:33.769+0000] {processor.py:186} INFO - Started process (PID=6594) to work on /home/airflow/.local/lib/python3.12/site-packages/airflow/example_dags/example_branch_python_dop_operator_3.py
[2025-04-19T14:25:33.769+0000] {processor.py:914} INFO - Processing file /home/airflow/.local/lib/python3.12/site-packages/airflow/example_dags/example_branch_python_dop_operator_3.py for tasks to queue
[2025-04-19T14:25:33.770+0000] {logging_mixin.py:190} INFO - [2025-04-19T14:25:33.770+0000] {dagbag.py:588} INFO - Filling up the DagBag from /home/airflow/.local/lib/python3.12/site-packages/airflow/example_dags/example_branch_python_dop_operator_3.py
[2025-04-19T14:25:33.775+0000] {processor.py:925} INFO - DAG(s) 'example_branch_dop_operator_v3' retrieved from /home/airflow/.local/lib/python3.12/site-packages/airflow/example_dags/example_branch_python_dop_operator_3.py
[2025-04-19T14:25:33.785+0000] {logging_mixin.py:190} INFO - [2025-04-19T14:25:33.784+0000] {dag.py:3239} INFO - Sync 1 DAGs
[2025-04-19T14:25:33.794+0000] {logging_mixin.py:190} INFO - [2025-04-19T14:25:33.794+0000] {dag.py:4180} INFO - Setting next_dagrun for example_branch_dop_operator_v3 to 2025-04-19 14:24:00+00:00, run_after=2025-04-19 14:25:00+00:00
[2025-04-19T14:25:33.801+0000] {processor.py:208} INFO - Processing /home/airflow/.local/lib/python3.12/site-packages/airflow/example_dags/example_branch_python_dop_operator_3.py took 0.035 seconds
[2025-04-19T15:22:36.138+0000] {processor.py:186} INFO - Started process (PID=6658) to work on /home/airflow/.local/lib/python3.12/site-packages/airflow/example_dags/example_branch_python_dop_operator_3.py
[2025-04-19T15:22:36.138+0000] {processor.py:914} INFO - Processing file /home/airflow/.local/lib/python3.12/site-packages/airflow/example_dags/example_branch_python_dop_operator_3.py for tasks to queue
[2025-04-19T15:22:36.139+0000] {logging_mixin.py:190} INFO - [2025-04-19T15:22:36.139+0000] {dagbag.py:588} INFO - Filling up the DagBag from /home/airflow/.local/lib/python3.12/site-packages/airflow/example_dags/example_branch_python_dop_operator_3.py
[2025-04-19T15:22:36.144+0000] {processor.py:925} INFO - DAG(s) 'example_branch_dop_operator_v3' retrieved from /home/airflow/.local/lib/python3.12/site-packages/airflow/example_dags/example_branch_python_dop_operator_3.py
[2025-04-19T15:22:36.153+0000] {logging_mixin.py:190} INFO - [2025-04-19T15:22:36.153+0000] {dag.py:3239} INFO - Sync 1 DAGs
[2025-04-19T15:22:36.163+0000] {logging_mixin.py:190} INFO - [2025-04-19T15:22:36.163+0000] {dag.py:4180} INFO - Setting next_dagrun for example_branch_dop_operator_v3 to 2025-04-19 15:21:00+00:00, run_after=2025-04-19 15:22:00+00:00
[2025-04-19T15:22:36.170+0000] {processor.py:208} INFO - Processing /home/airflow/.local/lib/python3.12/site-packages/airflow/example_dags/example_branch_python_dop_operator_3.py took 0.035 seconds
[2025-04-19T15:44:02.266+0000] {processor.py:186} INFO - Started process (PID=6722) to work on /home/airflow/.local/lib/python3.12/site-packages/airflow/example_dags/example_branch_python_dop_operator_3.py
[2025-04-19T15:44:02.267+0000] {processor.py:914} INFO - Processing file /home/airflow/.local/lib/python3.12/site-packages/airflow/example_dags/example_branch_python_dop_operator_3.py for tasks to queue
[2025-04-19T15:44:02.268+0000] {logging_mixin.py:190} INFO - [2025-04-19T15:44:02.267+0000] {dagbag.py:588} INFO - Filling up the DagBag from /home/airflow/.local/lib/python3.12/site-packages/airflow/example_dags/example_branch_python_dop_operator_3.py
[2025-04-19T15:44:02.273+0000] {processor.py:925} INFO - DAG(s) 'example_branch_dop_operator_v3' retrieved from /home/airflow/.local/lib/python3.12/site-packages/airflow/example_dags/example_branch_python_dop_operator_3.py
[2025-04-19T15:44:02.281+0000] {logging_mixin.py:190} INFO - [2025-04-19T15:44:02.281+0000] {dag.py:3239} INFO - Sync 1 DAGs
[2025-04-19T15:44:02.289+0000] {logging_mixin.py:190} INFO - [2025-04-19T15:44:02.289+0000] {dag.py:4180} INFO - Setting next_dagrun for example_branch_dop_operator_v3 to 2025-04-19 15:43:00+00:00, run_after=2025-04-19 15:44:00+00:00
[2025-04-19T15:44:02.296+0000] {processor.py:208} INFO - Processing /home/airflow/.local/lib/python3.12/site-packages/airflow/example_dags/example_branch_python_dop_operator_3.py took 0.032 seconds
[2025-04-19T16:23:37.254+0000] {processor.py:186} INFO - Started process (PID=6786) to work on /home/airflow/.local/lib/python3.12/site-packages/airflow/example_dags/example_branch_python_dop_operator_3.py
[2025-04-19T16:23:37.254+0000] {processor.py:914} INFO - Processing file /home/airflow/.local/lib/python3.12/site-packages/airflow/example_dags/example_branch_python_dop_operator_3.py for tasks to queue
[2025-04-19T16:23:37.255+0000] {logging_mixin.py:190} INFO - [2025-04-19T16:23:37.255+0000] {dagbag.py:588} INFO - Filling up the DagBag from /home/airflow/.local/lib/python3.12/site-packages/airflow/example_dags/example_branch_python_dop_operator_3.py
[2025-04-19T16:23:37.260+0000] {processor.py:925} INFO - DAG(s) 'example_branch_dop_operator_v3' retrieved from /home/airflow/.local/lib/python3.12/site-packages/airflow/example_dags/example_branch_python_dop_operator_3.py
[2025-04-19T16:23:37.268+0000] {logging_mixin.py:190} INFO - [2025-04-19T16:23:37.268+0000] {dag.py:3239} INFO - Sync 1 DAGs
[2025-04-19T16:23:37.276+0000] {logging_mixin.py:190} INFO - [2025-04-19T16:23:37.276+0000] {dag.py:4180} INFO - Setting next_dagrun for example_branch_dop_operator_v3 to 2025-04-19 16:22:00+00:00, run_after=2025-04-19 16:23:00+00:00
[2025-04-19T16:23:37.283+0000] {processor.py:208} INFO - Processing /home/airflow/.local/lib/python3.12/site-packages/airflow/example_dags/example_branch_python_dop_operator_3.py took 0.032 seconds
[2025-04-19T16:59:43.734+0000] {processor.py:186} INFO - Started process (PID=6850) to work on /home/airflow/.local/lib/python3.12/site-packages/airflow/example_dags/example_branch_python_dop_operator_3.py
[2025-04-19T16:59:43.735+0000] {processor.py:914} INFO - Processing file /home/airflow/.local/lib/python3.12/site-packages/airflow/example_dags/example_branch_python_dop_operator_3.py for tasks to queue
[2025-04-19T16:59:43.736+0000] {logging_mixin.py:190} INFO - [2025-04-19T16:59:43.735+0000] {dagbag.py:588} INFO - Filling up the DagBag from /home/airflow/.local/lib/python3.12/site-packages/airflow/example_dags/example_branch_python_dop_operator_3.py
[2025-04-19T16:59:43.741+0000] {processor.py:925} INFO - DAG(s) 'example_branch_dop_operator_v3' retrieved from /home/airflow/.local/lib/python3.12/site-packages/airflow/example_dags/example_branch_python_dop_operator_3.py
[2025-04-19T16:59:43.749+0000] {logging_mixin.py:190} INFO - [2025-04-19T16:59:43.749+0000] {dag.py:3239} INFO - Sync 1 DAGs
[2025-04-19T16:59:43.759+0000] {logging_mixin.py:190} INFO - [2025-04-19T16:59:43.759+0000] {dag.py:4180} INFO - Setting next_dagrun for example_branch_dop_operator_v3 to 2025-04-19 16:58:00+00:00, run_after=2025-04-19 16:59:00+00:00
[2025-04-19T16:59:43.768+0000] {processor.py:208} INFO - Processing /home/airflow/.local/lib/python3.12/site-packages/airflow/example_dags/example_branch_python_dop_operator_3.py took 0.036 seconds
[2025-04-19T17:02:35.675+0000] {processor.py:186} INFO - Started process (PID=6914) to work on /home/airflow/.local/lib/python3.12/site-packages/airflow/example_dags/example_branch_python_dop_operator_3.py
[2025-04-19T17:02:35.676+0000] {processor.py:914} INFO - Processing file /home/airflow/.local/lib/python3.12/site-packages/airflow/example_dags/example_branch_python_dop_operator_3.py for tasks to queue
[2025-04-19T17:02:35.677+0000] {logging_mixin.py:190} INFO - [2025-04-19T17:02:35.676+0000] {dagbag.py:588} INFO - Filling up the DagBag from /home/airflow/.local/lib/python3.12/site-packages/airflow/example_dags/example_branch_python_dop_operator_3.py
[2025-04-19T17:02:35.682+0000] {processor.py:925} INFO - DAG(s) 'example_branch_dop_operator_v3' retrieved from /home/airflow/.local/lib/python3.12/site-packages/airflow/example_dags/example_branch_python_dop_operator_3.py
[2025-04-19T17:02:35.690+0000] {logging_mixin.py:190} INFO - [2025-04-19T17:02:35.690+0000] {dag.py:3239} INFO - Sync 1 DAGs
[2025-04-19T17:02:35.700+0000] {logging_mixin.py:190} INFO - [2025-04-19T17:02:35.699+0000] {dag.py:4180} INFO - Setting next_dagrun for example_branch_dop_operator_v3 to 2025-04-19 17:01:00+00:00, run_after=2025-04-19 17:02:00+00:00
[2025-04-19T17:02:35.706+0000] {processor.py:208} INFO - Processing /home/airflow/.local/lib/python3.12/site-packages/airflow/example_dags/example_branch_python_dop_operator_3.py took 0.034 seconds
[2025-04-19T17:24:38.526+0000] {processor.py:186} INFO - Started process (PID=6978) to work on /home/airflow/.local/lib/python3.12/site-packages/airflow/example_dags/example_branch_python_dop_operator_3.py
[2025-04-19T17:24:38.526+0000] {processor.py:914} INFO - Processing file /home/airflow/.local/lib/python3.12/site-packages/airflow/example_dags/example_branch_python_dop_operator_3.py for tasks to queue
[2025-04-19T17:24:38.528+0000] {logging_mixin.py:190} INFO - [2025-04-19T17:24:38.527+0000] {dagbag.py:588} INFO - Filling up the DagBag from /home/airflow/.local/lib/python3.12/site-packages/airflow/example_dags/example_branch_python_dop_operator_3.py
[2025-04-19T17:24:38.532+0000] {processor.py:925} INFO - DAG(s) 'example_branch_dop_operator_v3' retrieved from /home/airflow/.local/lib/python3.12/site-packages/airflow/example_dags/example_branch_python_dop_operator_3.py
[2025-04-19T17:24:38.542+0000] {logging_mixin.py:190} INFO - [2025-04-19T17:24:38.542+0000] {dag.py:3239} INFO - Sync 1 DAGs
[2025-04-19T17:24:38.554+0000] {logging_mixin.py:190} INFO - [2025-04-19T17:24:38.553+0000] {dag.py:4180} INFO - Setting next_dagrun for example_branch_dop_operator_v3 to 2025-04-19 17:23:00+00:00, run_after=2025-04-19 17:24:00+00:00
[2025-04-19T17:24:38.561+0000] {processor.py:208} INFO - Processing /home/airflow/.local/lib/python3.12/site-packages/airflow/example_dags/example_branch_python_dop_operator_3.py took 0.038 seconds
[2025-04-19T17:41:23.370+0000] {processor.py:186} INFO - Started process (PID=7042) to work on /home/airflow/.local/lib/python3.12/site-packages/airflow/example_dags/example_branch_python_dop_operator_3.py
[2025-04-19T17:41:23.371+0000] {processor.py:914} INFO - Processing file /home/airflow/.local/lib/python3.12/site-packages/airflow/example_dags/example_branch_python_dop_operator_3.py for tasks to queue
[2025-04-19T17:41:23.372+0000] {logging_mixin.py:190} INFO - [2025-04-19T17:41:23.372+0000] {dagbag.py:588} INFO - Filling up the DagBag from /home/airflow/.local/lib/python3.12/site-packages/airflow/example_dags/example_branch_python_dop_operator_3.py
[2025-04-19T17:41:23.376+0000] {processor.py:925} INFO - DAG(s) 'example_branch_dop_operator_v3' retrieved from /home/airflow/.local/lib/python3.12/site-packages/airflow/example_dags/example_branch_python_dop_operator_3.py
[2025-04-19T17:41:23.384+0000] {logging_mixin.py:190} INFO - [2025-04-19T17:41:23.384+0000] {dag.py:3239} INFO - Sync 1 DAGs
[2025-04-19T17:41:23.394+0000] {logging_mixin.py:190} INFO - [2025-04-19T17:41:23.394+0000] {dag.py:4180} INFO - Setting next_dagrun for example_branch_dop_operator_v3 to 2025-04-19 17:40:00+00:00, run_after=2025-04-19 17:41:00+00:00
[2025-04-19T17:41:23.401+0000] {processor.py:208} INFO - Processing /home/airflow/.local/lib/python3.12/site-packages/airflow/example_dags/example_branch_python_dop_operator_3.py took 0.033 seconds
[2025-04-19T17:42:56.737+0000] {processor.py:186} INFO - Started process (PID=7106) to work on /home/airflow/.local/lib/python3.12/site-packages/airflow/example_dags/example_branch_python_dop_operator_3.py
[2025-04-19T17:42:56.738+0000] {processor.py:914} INFO - Processing file /home/airflow/.local/lib/python3.12/site-packages/airflow/example_dags/example_branch_python_dop_operator_3.py for tasks to queue
[2025-04-19T17:42:56.739+0000] {logging_mixin.py:190} INFO - [2025-04-19T17:42:56.738+0000] {dagbag.py:588} INFO - Filling up the DagBag from /home/airflow/.local/lib/python3.12/site-packages/airflow/example_dags/example_branch_python_dop_operator_3.py
[2025-04-19T17:42:56.744+0000] {processor.py:925} INFO - DAG(s) 'example_branch_dop_operator_v3' retrieved from /home/airflow/.local/lib/python3.12/site-packages/airflow/example_dags/example_branch_python_dop_operator_3.py
[2025-04-19T17:42:56.753+0000] {logging_mixin.py:190} INFO - [2025-04-19T17:42:56.752+0000] {dag.py:3239} INFO - Sync 1 DAGs
[2025-04-19T17:42:56.763+0000] {logging_mixin.py:190} INFO - [2025-04-19T17:42:56.762+0000] {dag.py:4180} INFO - Setting next_dagrun for example_branch_dop_operator_v3 to 2025-04-19 17:41:00+00:00, run_after=2025-04-19 17:42:00+00:00
[2025-04-19T17:42:56.769+0000] {processor.py:208} INFO - Processing /home/airflow/.local/lib/python3.12/site-packages/airflow/example_dags/example_branch_python_dop_operator_3.py took 0.035 seconds
[2025-04-19T17:55:53.154+0000] {processor.py:186} INFO - Started process (PID=7170) to work on /home/airflow/.local/lib/python3.12/site-packages/airflow/example_dags/example_branch_python_dop_operator_3.py
[2025-04-19T17:55:53.155+0000] {processor.py:914} INFO - Processing file /home/airflow/.local/lib/python3.12/site-packages/airflow/example_dags/example_branch_python_dop_operator_3.py for tasks to queue
[2025-04-19T17:55:53.156+0000] {logging_mixin.py:190} INFO - [2025-04-19T17:55:53.156+0000] {dagbag.py:588} INFO - Filling up the DagBag from /home/airflow/.local/lib/python3.12/site-packages/airflow/example_dags/example_branch_python_dop_operator_3.py
[2025-04-19T17:55:53.160+0000] {processor.py:925} INFO - DAG(s) 'example_branch_dop_operator_v3' retrieved from /home/airflow/.local/lib/python3.12/site-packages/airflow/example_dags/example_branch_python_dop_operator_3.py
[2025-04-19T17:55:53.169+0000] {logging_mixin.py:190} INFO - [2025-04-19T17:55:53.169+0000] {dag.py:3239} INFO - Sync 1 DAGs
[2025-04-19T17:55:53.179+0000] {logging_mixin.py:190} INFO - [2025-04-19T17:55:53.178+0000] {dag.py:4180} INFO - Setting next_dagrun for example_branch_dop_operator_v3 to 2025-04-19 17:54:00+00:00, run_after=2025-04-19 17:55:00+00:00
[2025-04-19T17:55:53.185+0000] {processor.py:208} INFO - Processing /home/airflow/.local/lib/python3.12/site-packages/airflow/example_dags/example_branch_python_dop_operator_3.py took 0.033 seconds
[2025-04-19T17:57:05.649+0000] {processor.py:186} INFO - Started process (PID=7234) to work on /home/airflow/.local/lib/python3.12/site-packages/airflow/example_dags/example_branch_python_dop_operator_3.py
[2025-04-19T17:57:05.650+0000] {processor.py:914} INFO - Processing file /home/airflow/.local/lib/python3.12/site-packages/airflow/example_dags/example_branch_python_dop_operator_3.py for tasks to queue
[2025-04-19T17:57:05.650+0000] {logging_mixin.py:190} INFO - [2025-04-19T17:57:05.650+0000] {dagbag.py:588} INFO - Filling up the DagBag from /home/airflow/.local/lib/python3.12/site-packages/airflow/example_dags/example_branch_python_dop_operator_3.py
[2025-04-19T17:57:05.655+0000] {processor.py:925} INFO - DAG(s) 'example_branch_dop_operator_v3' retrieved from /home/airflow/.local/lib/python3.12/site-packages/airflow/example_dags/example_branch_python_dop_operator_3.py
[2025-04-19T17:57:05.664+0000] {logging_mixin.py:190} INFO - [2025-04-19T17:57:05.663+0000] {dag.py:3239} INFO - Sync 1 DAGs
[2025-04-19T17:57:05.674+0000] {logging_mixin.py:190} INFO - [2025-04-19T17:57:05.674+0000] {dag.py:4180} INFO - Setting next_dagrun for example_branch_dop_operator_v3 to 2025-04-19 17:56:00+00:00, run_after=2025-04-19 17:57:00+00:00
[2025-04-19T17:57:05.680+0000] {processor.py:208} INFO - Processing /home/airflow/.local/lib/python3.12/site-packages/airflow/example_dags/example_branch_python_dop_operator_3.py took 0.033 seconds
[2025-04-19T17:58:30.025+0000] {processor.py:186} INFO - Started process (PID=7298) to work on /home/airflow/.local/lib/python3.12/site-packages/airflow/example_dags/example_branch_python_dop_operator_3.py
[2025-04-19T17:58:30.025+0000] {processor.py:914} INFO - Processing file /home/airflow/.local/lib/python3.12/site-packages/airflow/example_dags/example_branch_python_dop_operator_3.py for tasks to queue
[2025-04-19T17:58:30.026+0000] {logging_mixin.py:190} INFO - [2025-04-19T17:58:30.026+0000] {dagbag.py:588} INFO - Filling up the DagBag from /home/airflow/.local/lib/python3.12/site-packages/airflow/example_dags/example_branch_python_dop_operator_3.py
[2025-04-19T17:58:30.031+0000] {processor.py:925} INFO - DAG(s) 'example_branch_dop_operator_v3' retrieved from /home/airflow/.local/lib/python3.12/site-packages/airflow/example_dags/example_branch_python_dop_operator_3.py
[2025-04-19T17:58:30.039+0000] {logging_mixin.py:190} INFO - [2025-04-19T17:58:30.039+0000] {dag.py:3239} INFO - Sync 1 DAGs
[2025-04-19T17:58:30.049+0000] {logging_mixin.py:190} INFO - [2025-04-19T17:58:30.049+0000] {dag.py:4180} INFO - Setting next_dagrun for example_branch_dop_operator_v3 to 2025-04-19 17:57:00+00:00, run_after=2025-04-19 17:58:00+00:00
[2025-04-19T17:58:30.056+0000] {processor.py:208} INFO - Processing /home/airflow/.local/lib/python3.12/site-packages/airflow/example_dags/example_branch_python_dop_operator_3.py took 0.033 seconds
[2025-04-19T18:59:31.903+0000] {processor.py:186} INFO - Started process (PID=7362) to work on /home/airflow/.local/lib/python3.12/site-packages/airflow/example_dags/example_branch_python_dop_operator_3.py
[2025-04-19T18:59:31.904+0000] {processor.py:914} INFO - Processing file /home/airflow/.local/lib/python3.12/site-packages/airflow/example_dags/example_branch_python_dop_operator_3.py for tasks to queue
[2025-04-19T18:59:31.905+0000] {logging_mixin.py:190} INFO - [2025-04-19T18:59:31.904+0000] {dagbag.py:588} INFO - Filling up the DagBag from /home/airflow/.local/lib/python3.12/site-packages/airflow/example_dags/example_branch_python_dop_operator_3.py
[2025-04-19T18:59:31.909+0000] {processor.py:925} INFO - DAG(s) 'example_branch_dop_operator_v3' retrieved from /home/airflow/.local/lib/python3.12/site-packages/airflow/example_dags/example_branch_python_dop_operator_3.py
[2025-04-19T18:59:31.919+0000] {logging_mixin.py:190} INFO - [2025-04-19T18:59:31.919+0000] {dag.py:3239} INFO - Sync 1 DAGs
[2025-04-19T18:59:31.929+0000] {logging_mixin.py:190} INFO - [2025-04-19T18:59:31.929+0000] {dag.py:4180} INFO - Setting next_dagrun for example_branch_dop_operator_v3 to 2025-04-19 18:58:00+00:00, run_after=2025-04-19 18:59:00+00:00
[2025-04-19T18:59:31.936+0000] {processor.py:208} INFO - Processing /home/airflow/.local/lib/python3.12/site-packages/airflow/example_dags/example_branch_python_dop_operator_3.py took 0.035 seconds
[2025-04-19T19:50:43.968+0000] {processor.py:186} INFO - Started process (PID=7426) to work on /home/airflow/.local/lib/python3.12/site-packages/airflow/example_dags/example_branch_python_dop_operator_3.py
[2025-04-19T19:50:43.968+0000] {processor.py:914} INFO - Processing file /home/airflow/.local/lib/python3.12/site-packages/airflow/example_dags/example_branch_python_dop_operator_3.py for tasks to queue
[2025-04-19T19:50:43.969+0000] {logging_mixin.py:190} INFO - [2025-04-19T19:50:43.969+0000] {dagbag.py:588} INFO - Filling up the DagBag from /home/airflow/.local/lib/python3.12/site-packages/airflow/example_dags/example_branch_python_dop_operator_3.py
[2025-04-19T19:50:43.975+0000] {processor.py:925} INFO - DAG(s) 'example_branch_dop_operator_v3' retrieved from /home/airflow/.local/lib/python3.12/site-packages/airflow/example_dags/example_branch_python_dop_operator_3.py
[2025-04-19T19:50:43.984+0000] {logging_mixin.py:190} INFO - [2025-04-19T19:50:43.984+0000] {dag.py:3239} INFO - Sync 1 DAGs
[2025-04-19T19:50:43.993+0000] {logging_mixin.py:190} INFO - [2025-04-19T19:50:43.993+0000] {dag.py:4180} INFO - Setting next_dagrun for example_branch_dop_operator_v3 to 2025-04-19 19:49:00+00:00, run_after=2025-04-19 19:50:00+00:00
[2025-04-19T19:50:44.001+0000] {processor.py:208} INFO - Processing /home/airflow/.local/lib/python3.12/site-packages/airflow/example_dags/example_branch_python_dop_operator_3.py took 0.036 seconds
[2025-04-19T21:13:36.457+0000] {processor.py:186} INFO - Started process (PID=7490) to work on /home/airflow/.local/lib/python3.12/site-packages/airflow/example_dags/example_branch_python_dop_operator_3.py
[2025-04-19T21:13:36.457+0000] {processor.py:914} INFO - Processing file /home/airflow/.local/lib/python3.12/site-packages/airflow/example_dags/example_branch_python_dop_operator_3.py for tasks to queue
[2025-04-19T21:13:36.458+0000] {logging_mixin.py:190} INFO - [2025-04-19T21:13:36.458+0000] {dagbag.py:588} INFO - Filling up the DagBag from /home/airflow/.local/lib/python3.12/site-packages/airflow/example_dags/example_branch_python_dop_operator_3.py
[2025-04-19T21:13:36.463+0000] {processor.py:925} INFO - DAG(s) 'example_branch_dop_operator_v3' retrieved from /home/airflow/.local/lib/python3.12/site-packages/airflow/example_dags/example_branch_python_dop_operator_3.py
[2025-04-19T21:13:36.472+0000] {logging_mixin.py:190} INFO - [2025-04-19T21:13:36.472+0000] {dag.py:3239} INFO - Sync 1 DAGs
[2025-04-19T21:13:36.481+0000] {logging_mixin.py:190} INFO - [2025-04-19T21:13:36.481+0000] {dag.py:4180} INFO - Setting next_dagrun for example_branch_dop_operator_v3 to 2025-04-19 21:12:00+00:00, run_after=2025-04-19 21:13:00+00:00
[2025-04-19T21:13:36.488+0000] {processor.py:208} INFO - Processing /home/airflow/.local/lib/python3.12/site-packages/airflow/example_dags/example_branch_python_dop_operator_3.py took 0.035 seconds
[2025-04-19T22:34:39.621+0000] {processor.py:186} INFO - Started process (PID=7554) to work on /home/airflow/.local/lib/python3.12/site-packages/airflow/example_dags/example_branch_python_dop_operator_3.py
[2025-04-19T22:34:39.622+0000] {processor.py:914} INFO - Processing file /home/airflow/.local/lib/python3.12/site-packages/airflow/example_dags/example_branch_python_dop_operator_3.py for tasks to queue
[2025-04-19T22:34:39.623+0000] {logging_mixin.py:190} INFO - [2025-04-19T22:34:39.623+0000] {dagbag.py:588} INFO - Filling up the DagBag from /home/airflow/.local/lib/python3.12/site-packages/airflow/example_dags/example_branch_python_dop_operator_3.py
[2025-04-19T22:34:39.628+0000] {processor.py:925} INFO - DAG(s) 'example_branch_dop_operator_v3' retrieved from /home/airflow/.local/lib/python3.12/site-packages/airflow/example_dags/example_branch_python_dop_operator_3.py
[2025-04-19T22:34:39.637+0000] {logging_mixin.py:190} INFO - [2025-04-19T22:34:39.636+0000] {dag.py:3239} INFO - Sync 1 DAGs
[2025-04-19T22:34:39.647+0000] {logging_mixin.py:190} INFO - [2025-04-19T22:34:39.646+0000] {dag.py:4180} INFO - Setting next_dagrun for example_branch_dop_operator_v3 to 2025-04-19 22:33:00+00:00, run_after=2025-04-19 22:34:00+00:00
[2025-04-19T22:34:39.653+0000] {processor.py:208} INFO - Processing /home/airflow/.local/lib/python3.12/site-packages/airflow/example_dags/example_branch_python_dop_operator_3.py took 0.035 seconds
