[2025-04-19T00:13:44.787+0000] {processor.py:186} INFO - Started process (PID=4960) to work on /home/airflow/.local/lib/python3.12/site-packages/airflow/example_dags/example_task_group.py
[2025-04-19T00:13:44.788+0000] {processor.py:914} INFO - Processing file /home/airflow/.local/lib/python3.12/site-packages/airflow/example_dags/example_task_group.py for tasks to queue
[2025-04-19T00:13:44.789+0000] {logging_mixin.py:190} INFO - [2025-04-19T00:13:44.789+0000] {dagbag.py:588} INFO - Filling up the DagBag from /home/airflow/.local/lib/python3.12/site-packages/airflow/example_dags/example_task_group.py
[2025-04-19T00:13:44.794+0000] {processor.py:925} INFO - DAG(s) 'example_task_group' retrieved from /home/airflow/.local/lib/python3.12/site-packages/airflow/example_dags/example_task_group.py
[2025-04-19T00:13:44.803+0000] {logging_mixin.py:190} INFO - [2025-04-19T00:13:44.803+0000] {dag.py:3239} INFO - Sync 1 DAGs
[2025-04-19T00:13:44.810+0000] {logging_mixin.py:190} INFO - [2025-04-19T00:13:44.810+0000] {dag.py:4180} INFO - Setting next_dagrun for example_task_group to None, run_after=None
[2025-04-19T00:13:44.819+0000] {processor.py:208} INFO - Processing /home/airflow/.local/lib/python3.12/site-packages/airflow/example_dags/example_task_group.py took 0.035 seconds
[2025-04-19T01:25:54.086+0000] {processor.py:186} INFO - Started process (PID=5024) to work on /home/airflow/.local/lib/python3.12/site-packages/airflow/example_dags/example_task_group.py
[2025-04-19T01:25:54.086+0000] {processor.py:914} INFO - Processing file /home/airflow/.local/lib/python3.12/site-packages/airflow/example_dags/example_task_group.py for tasks to queue
[2025-04-19T01:25:54.088+0000] {logging_mixin.py:190} INFO - [2025-04-19T01:25:54.088+0000] {dagbag.py:588} INFO - Filling up the DagBag from /home/airflow/.local/lib/python3.12/site-packages/airflow/example_dags/example_task_group.py
[2025-04-19T01:25:54.095+0000] {processor.py:925} INFO - DAG(s) 'example_task_group' retrieved from /home/airflow/.local/lib/python3.12/site-packages/airflow/example_dags/example_task_group.py
[2025-04-19T01:25:54.105+0000] {logging_mixin.py:190} INFO - [2025-04-19T01:25:54.105+0000] {dag.py:3239} INFO - Sync 1 DAGs
[2025-04-19T01:25:54.111+0000] {logging_mixin.py:190} INFO - [2025-04-19T01:25:54.111+0000] {dag.py:4180} INFO - Setting next_dagrun for example_task_group to None, run_after=None
[2025-04-19T01:25:54.117+0000] {processor.py:208} INFO - Processing /home/airflow/.local/lib/python3.12/site-packages/airflow/example_dags/example_task_group.py took 0.034 seconds
[2025-04-19T02:58:27.375+0000] {processor.py:186} INFO - Started process (PID=5088) to work on /home/airflow/.local/lib/python3.12/site-packages/airflow/example_dags/example_task_group.py
[2025-04-19T02:58:27.377+0000] {processor.py:914} INFO - Processing file /home/airflow/.local/lib/python3.12/site-packages/airflow/example_dags/example_task_group.py for tasks to queue
[2025-04-19T02:58:27.378+0000] {logging_mixin.py:190} INFO - [2025-04-19T02:58:27.378+0000] {dagbag.py:588} INFO - Filling up the DagBag from /home/airflow/.local/lib/python3.12/site-packages/airflow/example_dags/example_task_group.py
[2025-04-19T02:58:27.382+0000] {processor.py:925} INFO - DAG(s) 'example_task_group' retrieved from /home/airflow/.local/lib/python3.12/site-packages/airflow/example_dags/example_task_group.py
[2025-04-19T02:58:27.392+0000] {logging_mixin.py:190} INFO - [2025-04-19T02:58:27.392+0000] {dag.py:3239} INFO - Sync 1 DAGs
[2025-04-19T02:58:27.401+0000] {logging_mixin.py:190} INFO - [2025-04-19T02:58:27.401+0000] {dag.py:4180} INFO - Setting next_dagrun for example_task_group to None, run_after=None
[2025-04-19T02:58:27.409+0000] {processor.py:208} INFO - Processing /home/airflow/.local/lib/python3.12/site-packages/airflow/example_dags/example_task_group.py took 0.037 seconds
[2025-04-19T03:59:47.815+0000] {processor.py:186} INFO - Started process (PID=5152) to work on /home/airflow/.local/lib/python3.12/site-packages/airflow/example_dags/example_task_group.py
[2025-04-19T03:59:47.817+0000] {processor.py:914} INFO - Processing file /home/airflow/.local/lib/python3.12/site-packages/airflow/example_dags/example_task_group.py for tasks to queue
[2025-04-19T03:59:47.819+0000] {logging_mixin.py:190} INFO - [2025-04-19T03:59:47.819+0000] {dagbag.py:588} INFO - Filling up the DagBag from /home/airflow/.local/lib/python3.12/site-packages/airflow/example_dags/example_task_group.py
[2025-04-19T03:59:47.823+0000] {processor.py:925} INFO - DAG(s) 'example_task_group' retrieved from /home/airflow/.local/lib/python3.12/site-packages/airflow/example_dags/example_task_group.py
[2025-04-19T03:59:47.832+0000] {logging_mixin.py:190} INFO - [2025-04-19T03:59:47.832+0000] {dag.py:3239} INFO - Sync 1 DAGs
[2025-04-19T03:59:47.838+0000] {logging_mixin.py:190} INFO - [2025-04-19T03:59:47.838+0000] {dag.py:4180} INFO - Setting next_dagrun for example_task_group to None, run_after=None
[2025-04-19T03:59:47.846+0000] {processor.py:208} INFO - Processing /home/airflow/.local/lib/python3.12/site-packages/airflow/example_dags/example_task_group.py took 0.034 seconds
[2025-04-19T04:28:53.109+0000] {processor.py:186} INFO - Started process (PID=5216) to work on /home/airflow/.local/lib/python3.12/site-packages/airflow/example_dags/example_task_group.py
[2025-04-19T04:28:53.111+0000] {processor.py:914} INFO - Processing file /home/airflow/.local/lib/python3.12/site-packages/airflow/example_dags/example_task_group.py for tasks to queue
[2025-04-19T04:28:53.113+0000] {logging_mixin.py:190} INFO - [2025-04-19T04:28:53.113+0000] {dagbag.py:588} INFO - Filling up the DagBag from /home/airflow/.local/lib/python3.12/site-packages/airflow/example_dags/example_task_group.py
[2025-04-19T04:28:53.118+0000] {processor.py:925} INFO - DAG(s) 'example_task_group' retrieved from /home/airflow/.local/lib/python3.12/site-packages/airflow/example_dags/example_task_group.py
[2025-04-19T04:28:53.129+0000] {logging_mixin.py:190} INFO - [2025-04-19T04:28:53.129+0000] {dag.py:3239} INFO - Sync 1 DAGs
[2025-04-19T04:28:53.135+0000] {logging_mixin.py:190} INFO - [2025-04-19T04:28:53.135+0000] {dag.py:4180} INFO - Setting next_dagrun for example_task_group to None, run_after=None
[2025-04-19T04:28:53.145+0000] {processor.py:208} INFO - Processing /home/airflow/.local/lib/python3.12/site-packages/airflow/example_dags/example_task_group.py took 0.039 seconds
[2025-04-19T06:03:45.436+0000] {processor.py:186} INFO - Started process (PID=5280) to work on /home/airflow/.local/lib/python3.12/site-packages/airflow/example_dags/example_task_group.py
[2025-04-19T06:03:45.437+0000] {processor.py:914} INFO - Processing file /home/airflow/.local/lib/python3.12/site-packages/airflow/example_dags/example_task_group.py for tasks to queue
[2025-04-19T06:03:45.438+0000] {logging_mixin.py:190} INFO - [2025-04-19T06:03:45.438+0000] {dagbag.py:588} INFO - Filling up the DagBag from /home/airflow/.local/lib/python3.12/site-packages/airflow/example_dags/example_task_group.py
[2025-04-19T06:03:45.442+0000] {processor.py:925} INFO - DAG(s) 'example_task_group' retrieved from /home/airflow/.local/lib/python3.12/site-packages/airflow/example_dags/example_task_group.py
[2025-04-19T06:03:45.453+0000] {logging_mixin.py:190} INFO - [2025-04-19T06:03:45.452+0000] {dag.py:3239} INFO - Sync 1 DAGs
[2025-04-19T06:03:45.462+0000] {logging_mixin.py:190} INFO - [2025-04-19T06:03:45.462+0000] {dag.py:4180} INFO - Setting next_dagrun for example_task_group to None, run_after=None
[2025-04-19T06:03:45.470+0000] {processor.py:208} INFO - Processing /home/airflow/.local/lib/python3.12/site-packages/airflow/example_dags/example_task_group.py took 0.037 seconds
[2025-04-19T06:47:29.384+0000] {processor.py:186} INFO - Started process (PID=5344) to work on /home/airflow/.local/lib/python3.12/site-packages/airflow/example_dags/example_task_group.py
[2025-04-19T06:47:29.385+0000] {processor.py:914} INFO - Processing file /home/airflow/.local/lib/python3.12/site-packages/airflow/example_dags/example_task_group.py for tasks to queue
[2025-04-19T06:47:29.385+0000] {logging_mixin.py:190} INFO - [2025-04-19T06:47:29.385+0000] {dagbag.py:588} INFO - Filling up the DagBag from /home/airflow/.local/lib/python3.12/site-packages/airflow/example_dags/example_task_group.py
[2025-04-19T06:47:29.389+0000] {processor.py:925} INFO - DAG(s) 'example_task_group' retrieved from /home/airflow/.local/lib/python3.12/site-packages/airflow/example_dags/example_task_group.py
[2025-04-19T06:47:29.397+0000] {logging_mixin.py:190} INFO - [2025-04-19T06:47:29.397+0000] {dag.py:3239} INFO - Sync 1 DAGs
[2025-04-19T06:47:29.402+0000] {logging_mixin.py:190} INFO - [2025-04-19T06:47:29.402+0000] {dag.py:4180} INFO - Setting next_dagrun for example_task_group to None, run_after=None
[2025-04-19T06:47:29.412+0000] {processor.py:208} INFO - Processing /home/airflow/.local/lib/python3.12/site-packages/airflow/example_dags/example_task_group.py took 0.031 seconds
[2025-04-19T08:04:01.640+0000] {processor.py:186} INFO - Started process (PID=5408) to work on /home/airflow/.local/lib/python3.12/site-packages/airflow/example_dags/example_task_group.py
[2025-04-19T08:04:01.641+0000] {processor.py:914} INFO - Processing file /home/airflow/.local/lib/python3.12/site-packages/airflow/example_dags/example_task_group.py for tasks to queue
[2025-04-19T08:04:01.642+0000] {logging_mixin.py:190} INFO - [2025-04-19T08:04:01.642+0000] {dagbag.py:588} INFO - Filling up the DagBag from /home/airflow/.local/lib/python3.12/site-packages/airflow/example_dags/example_task_group.py
[2025-04-19T08:04:01.647+0000] {processor.py:925} INFO - DAG(s) 'example_task_group' retrieved from /home/airflow/.local/lib/python3.12/site-packages/airflow/example_dags/example_task_group.py
[2025-04-19T08:04:01.658+0000] {logging_mixin.py:190} INFO - [2025-04-19T08:04:01.658+0000] {dag.py:3239} INFO - Sync 1 DAGs
[2025-04-19T08:04:01.668+0000] {logging_mixin.py:190} INFO - [2025-04-19T08:04:01.668+0000] {dag.py:4180} INFO - Setting next_dagrun for example_task_group to None, run_after=None
[2025-04-19T08:04:01.679+0000] {processor.py:208} INFO - Processing /home/airflow/.local/lib/python3.12/site-packages/airflow/example_dags/example_task_group.py took 0.042 seconds
[2025-04-19T08:27:58.136+0000] {processor.py:186} INFO - Started process (PID=5472) to work on /home/airflow/.local/lib/python3.12/site-packages/airflow/example_dags/example_task_group.py
[2025-04-19T08:27:58.136+0000] {processor.py:914} INFO - Processing file /home/airflow/.local/lib/python3.12/site-packages/airflow/example_dags/example_task_group.py for tasks to queue
[2025-04-19T08:27:58.137+0000] {logging_mixin.py:190} INFO - [2025-04-19T08:27:58.137+0000] {dagbag.py:588} INFO - Filling up the DagBag from /home/airflow/.local/lib/python3.12/site-packages/airflow/example_dags/example_task_group.py
[2025-04-19T08:27:58.142+0000] {processor.py:925} INFO - DAG(s) 'example_task_group' retrieved from /home/airflow/.local/lib/python3.12/site-packages/airflow/example_dags/example_task_group.py
[2025-04-19T08:27:58.155+0000] {logging_mixin.py:190} INFO - [2025-04-19T08:27:58.155+0000] {dag.py:3239} INFO - Sync 1 DAGs
[2025-04-19T08:27:58.160+0000] {logging_mixin.py:190} INFO - [2025-04-19T08:27:58.160+0000] {dag.py:4180} INFO - Setting next_dagrun for example_task_group to None, run_after=None
[2025-04-19T08:27:58.169+0000] {processor.py:208} INFO - Processing /home/airflow/.local/lib/python3.12/site-packages/airflow/example_dags/example_task_group.py took 0.036 seconds
[2025-04-19T08:29:33.453+0000] {processor.py:186} INFO - Started process (PID=5536) to work on /home/airflow/.local/lib/python3.12/site-packages/airflow/example_dags/example_task_group.py
[2025-04-19T08:29:33.454+0000] {processor.py:914} INFO - Processing file /home/airflow/.local/lib/python3.12/site-packages/airflow/example_dags/example_task_group.py for tasks to queue
[2025-04-19T08:29:33.455+0000] {logging_mixin.py:190} INFO - [2025-04-19T08:29:33.455+0000] {dagbag.py:588} INFO - Filling up the DagBag from /home/airflow/.local/lib/python3.12/site-packages/airflow/example_dags/example_task_group.py
[2025-04-19T08:29:33.459+0000] {processor.py:925} INFO - DAG(s) 'example_task_group' retrieved from /home/airflow/.local/lib/python3.12/site-packages/airflow/example_dags/example_task_group.py
[2025-04-19T08:29:33.470+0000] {logging_mixin.py:190} INFO - [2025-04-19T08:29:33.470+0000] {dag.py:3239} INFO - Sync 1 DAGs
[2025-04-19T08:29:33.479+0000] {logging_mixin.py:190} INFO - [2025-04-19T08:29:33.479+0000] {dag.py:4180} INFO - Setting next_dagrun for example_task_group to None, run_after=None
[2025-04-19T08:29:33.489+0000] {processor.py:208} INFO - Processing /home/airflow/.local/lib/python3.12/site-packages/airflow/example_dags/example_task_group.py took 0.039 seconds
[2025-04-19T08:30:30.069+0000] {processor.py:186} INFO - Started process (PID=5600) to work on /home/airflow/.local/lib/python3.12/site-packages/airflow/example_dags/example_task_group.py
[2025-04-19T08:30:30.069+0000] {processor.py:914} INFO - Processing file /home/airflow/.local/lib/python3.12/site-packages/airflow/example_dags/example_task_group.py for tasks to queue
[2025-04-19T08:30:30.072+0000] {logging_mixin.py:190} INFO - [2025-04-19T08:30:30.072+0000] {dagbag.py:588} INFO - Filling up the DagBag from /home/airflow/.local/lib/python3.12/site-packages/airflow/example_dags/example_task_group.py
[2025-04-19T08:30:30.075+0000] {processor.py:925} INFO - DAG(s) 'example_task_group' retrieved from /home/airflow/.local/lib/python3.12/site-packages/airflow/example_dags/example_task_group.py
[2025-04-19T08:30:30.087+0000] {logging_mixin.py:190} INFO - [2025-04-19T08:30:30.087+0000] {dag.py:3239} INFO - Sync 1 DAGs
[2025-04-19T08:30:30.093+0000] {logging_mixin.py:190} INFO - [2025-04-19T08:30:30.093+0000] {dag.py:4180} INFO - Setting next_dagrun for example_task_group to None, run_after=None
[2025-04-19T08:30:30.104+0000] {processor.py:208} INFO - Processing /home/airflow/.local/lib/python3.12/site-packages/airflow/example_dags/example_task_group.py took 0.039 seconds
[2025-04-19T08:48:14.778+0000] {processor.py:186} INFO - Started process (PID=5664) to work on /home/airflow/.local/lib/python3.12/site-packages/airflow/example_dags/example_task_group.py
[2025-04-19T08:48:14.779+0000] {processor.py:914} INFO - Processing file /home/airflow/.local/lib/python3.12/site-packages/airflow/example_dags/example_task_group.py for tasks to queue
[2025-04-19T08:48:14.780+0000] {logging_mixin.py:190} INFO - [2025-04-19T08:48:14.780+0000] {dagbag.py:588} INFO - Filling up the DagBag from /home/airflow/.local/lib/python3.12/site-packages/airflow/example_dags/example_task_group.py
[2025-04-19T08:48:14.783+0000] {processor.py:925} INFO - DAG(s) 'example_task_group' retrieved from /home/airflow/.local/lib/python3.12/site-packages/airflow/example_dags/example_task_group.py
[2025-04-19T08:48:14.793+0000] {logging_mixin.py:190} INFO - [2025-04-19T08:48:14.793+0000] {dag.py:3239} INFO - Sync 1 DAGs
[2025-04-19T08:48:14.799+0000] {logging_mixin.py:190} INFO - [2025-04-19T08:48:14.799+0000] {dag.py:4180} INFO - Setting next_dagrun for example_task_group to None, run_after=None
[2025-04-19T08:48:14.809+0000] {processor.py:208} INFO - Processing /home/airflow/.local/lib/python3.12/site-packages/airflow/example_dags/example_task_group.py took 0.033 seconds
[2025-04-19T08:59:46.229+0000] {processor.py:186} INFO - Started process (PID=5728) to work on /home/airflow/.local/lib/python3.12/site-packages/airflow/example_dags/example_task_group.py
[2025-04-19T08:59:46.229+0000] {processor.py:914} INFO - Processing file /home/airflow/.local/lib/python3.12/site-packages/airflow/example_dags/example_task_group.py for tasks to queue
[2025-04-19T08:59:46.230+0000] {logging_mixin.py:190} INFO - [2025-04-19T08:59:46.230+0000] {dagbag.py:588} INFO - Filling up the DagBag from /home/airflow/.local/lib/python3.12/site-packages/airflow/example_dags/example_task_group.py
[2025-04-19T08:59:46.235+0000] {processor.py:925} INFO - DAG(s) 'example_task_group' retrieved from /home/airflow/.local/lib/python3.12/site-packages/airflow/example_dags/example_task_group.py
[2025-04-19T08:59:46.244+0000] {logging_mixin.py:190} INFO - [2025-04-19T08:59:46.244+0000] {dag.py:3239} INFO - Sync 1 DAGs
[2025-04-19T08:59:46.250+0000] {logging_mixin.py:190} INFO - [2025-04-19T08:59:46.250+0000] {dag.py:4180} INFO - Setting next_dagrun for example_task_group to None, run_after=None
[2025-04-19T08:59:46.257+0000] {processor.py:208} INFO - Processing /home/airflow/.local/lib/python3.12/site-packages/airflow/example_dags/example_task_group.py took 0.031 seconds
[2025-04-19T09:00:27.568+0000] {processor.py:186} INFO - Started process (PID=5792) to work on /home/airflow/.local/lib/python3.12/site-packages/airflow/example_dags/example_task_group.py
[2025-04-19T09:00:27.568+0000] {processor.py:914} INFO - Processing file /home/airflow/.local/lib/python3.12/site-packages/airflow/example_dags/example_task_group.py for tasks to queue
[2025-04-19T09:00:27.569+0000] {logging_mixin.py:190} INFO - [2025-04-19T09:00:27.569+0000] {dagbag.py:588} INFO - Filling up the DagBag from /home/airflow/.local/lib/python3.12/site-packages/airflow/example_dags/example_task_group.py
[2025-04-19T09:00:27.573+0000] {processor.py:925} INFO - DAG(s) 'example_task_group' retrieved from /home/airflow/.local/lib/python3.12/site-packages/airflow/example_dags/example_task_group.py
[2025-04-19T09:00:27.582+0000] {logging_mixin.py:190} INFO - [2025-04-19T09:00:27.582+0000] {dag.py:3239} INFO - Sync 1 DAGs
[2025-04-19T09:00:27.588+0000] {logging_mixin.py:190} INFO - [2025-04-19T09:00:27.588+0000] {dag.py:4180} INFO - Setting next_dagrun for example_task_group to None, run_after=None
[2025-04-19T09:00:27.595+0000] {processor.py:208} INFO - Processing /home/airflow/.local/lib/python3.12/site-packages/airflow/example_dags/example_task_group.py took 0.030 seconds
[2025-04-19T09:16:43.708+0000] {processor.py:186} INFO - Started process (PID=5856) to work on /home/airflow/.local/lib/python3.12/site-packages/airflow/example_dags/example_task_group.py
[2025-04-19T09:16:43.709+0000] {processor.py:914} INFO - Processing file /home/airflow/.local/lib/python3.12/site-packages/airflow/example_dags/example_task_group.py for tasks to queue
[2025-04-19T09:16:43.710+0000] {logging_mixin.py:190} INFO - [2025-04-19T09:16:43.710+0000] {dagbag.py:588} INFO - Filling up the DagBag from /home/airflow/.local/lib/python3.12/site-packages/airflow/example_dags/example_task_group.py
[2025-04-19T09:16:43.715+0000] {processor.py:925} INFO - DAG(s) 'example_task_group' retrieved from /home/airflow/.local/lib/python3.12/site-packages/airflow/example_dags/example_task_group.py
[2025-04-19T09:16:43.726+0000] {logging_mixin.py:190} INFO - [2025-04-19T09:16:43.726+0000] {dag.py:3239} INFO - Sync 1 DAGs
[2025-04-19T09:16:43.735+0000] {logging_mixin.py:190} INFO - [2025-04-19T09:16:43.735+0000] {dag.py:4180} INFO - Setting next_dagrun for example_task_group to None, run_after=None
[2025-04-19T09:16:43.742+0000] {processor.py:208} INFO - Processing /home/airflow/.local/lib/python3.12/site-packages/airflow/example_dags/example_task_group.py took 0.037 seconds
[2025-04-19T09:17:14.986+0000] {processor.py:186} INFO - Started process (PID=5920) to work on /home/airflow/.local/lib/python3.12/site-packages/airflow/example_dags/example_task_group.py
[2025-04-19T09:17:14.987+0000] {processor.py:914} INFO - Processing file /home/airflow/.local/lib/python3.12/site-packages/airflow/example_dags/example_task_group.py for tasks to queue
[2025-04-19T09:17:14.988+0000] {logging_mixin.py:190} INFO - [2025-04-19T09:17:14.988+0000] {dagbag.py:588} INFO - Filling up the DagBag from /home/airflow/.local/lib/python3.12/site-packages/airflow/example_dags/example_task_group.py
[2025-04-19T09:17:14.992+0000] {processor.py:925} INFO - DAG(s) 'example_task_group' retrieved from /home/airflow/.local/lib/python3.12/site-packages/airflow/example_dags/example_task_group.py
[2025-04-19T09:17:15.002+0000] {logging_mixin.py:190} INFO - [2025-04-19T09:17:15.002+0000] {dag.py:3239} INFO - Sync 1 DAGs
[2025-04-19T09:17:15.007+0000] {logging_mixin.py:190} INFO - [2025-04-19T09:17:15.007+0000] {dag.py:4180} INFO - Setting next_dagrun for example_task_group to None, run_after=None
[2025-04-19T09:17:15.013+0000] {processor.py:208} INFO - Processing /home/airflow/.local/lib/python3.12/site-packages/airflow/example_dags/example_task_group.py took 0.029 seconds
[2025-04-19T09:21:01.501+0000] {processor.py:186} INFO - Started process (PID=5984) to work on /home/airflow/.local/lib/python3.12/site-packages/airflow/example_dags/example_task_group.py
[2025-04-19T09:21:01.501+0000] {processor.py:914} INFO - Processing file /home/airflow/.local/lib/python3.12/site-packages/airflow/example_dags/example_task_group.py for tasks to queue
[2025-04-19T09:21:01.502+0000] {logging_mixin.py:190} INFO - [2025-04-19T09:21:01.502+0000] {dagbag.py:588} INFO - Filling up the DagBag from /home/airflow/.local/lib/python3.12/site-packages/airflow/example_dags/example_task_group.py
[2025-04-19T09:21:01.507+0000] {processor.py:925} INFO - DAG(s) 'example_task_group' retrieved from /home/airflow/.local/lib/python3.12/site-packages/airflow/example_dags/example_task_group.py
[2025-04-19T09:21:01.517+0000] {logging_mixin.py:190} INFO - [2025-04-19T09:21:01.517+0000] {dag.py:3239} INFO - Sync 1 DAGs
[2025-04-19T09:21:01.522+0000] {logging_mixin.py:190} INFO - [2025-04-19T09:21:01.522+0000] {dag.py:4180} INFO - Setting next_dagrun for example_task_group to None, run_after=None
[2025-04-19T09:21:01.529+0000] {processor.py:208} INFO - Processing /home/airflow/.local/lib/python3.12/site-packages/airflow/example_dags/example_task_group.py took 0.031 seconds
[2025-04-19T09:38:25.333+0000] {processor.py:186} INFO - Started process (PID=6048) to work on /home/airflow/.local/lib/python3.12/site-packages/airflow/example_dags/example_task_group.py
[2025-04-19T09:38:25.334+0000] {processor.py:914} INFO - Processing file /home/airflow/.local/lib/python3.12/site-packages/airflow/example_dags/example_task_group.py for tasks to queue
[2025-04-19T09:38:25.335+0000] {logging_mixin.py:190} INFO - [2025-04-19T09:38:25.335+0000] {dagbag.py:588} INFO - Filling up the DagBag from /home/airflow/.local/lib/python3.12/site-packages/airflow/example_dags/example_task_group.py
[2025-04-19T09:38:25.339+0000] {processor.py:925} INFO - DAG(s) 'example_task_group' retrieved from /home/airflow/.local/lib/python3.12/site-packages/airflow/example_dags/example_task_group.py
[2025-04-19T09:38:25.349+0000] {logging_mixin.py:190} INFO - [2025-04-19T09:38:25.349+0000] {dag.py:3239} INFO - Sync 1 DAGs
[2025-04-19T09:38:25.356+0000] {logging_mixin.py:190} INFO - [2025-04-19T09:38:25.356+0000] {dag.py:4180} INFO - Setting next_dagrun for example_task_group to None, run_after=None
[2025-04-19T09:38:25.363+0000] {processor.py:208} INFO - Processing /home/airflow/.local/lib/python3.12/site-packages/airflow/example_dags/example_task_group.py took 0.033 seconds
[2025-04-19T10:40:30.517+0000] {processor.py:186} INFO - Started process (PID=6112) to work on /home/airflow/.local/lib/python3.12/site-packages/airflow/example_dags/example_task_group.py
[2025-04-19T10:40:30.518+0000] {processor.py:914} INFO - Processing file /home/airflow/.local/lib/python3.12/site-packages/airflow/example_dags/example_task_group.py for tasks to queue
[2025-04-19T10:40:30.519+0000] {logging_mixin.py:190} INFO - [2025-04-19T10:40:30.519+0000] {dagbag.py:588} INFO - Filling up the DagBag from /home/airflow/.local/lib/python3.12/site-packages/airflow/example_dags/example_task_group.py
[2025-04-19T10:40:30.523+0000] {processor.py:925} INFO - DAG(s) 'example_task_group' retrieved from /home/airflow/.local/lib/python3.12/site-packages/airflow/example_dags/example_task_group.py
[2025-04-19T10:40:30.532+0000] {logging_mixin.py:190} INFO - [2025-04-19T10:40:30.532+0000] {dag.py:3239} INFO - Sync 1 DAGs
[2025-04-19T10:40:30.538+0000] {logging_mixin.py:190} INFO - [2025-04-19T10:40:30.538+0000] {dag.py:4180} INFO - Setting next_dagrun for example_task_group to None, run_after=None
[2025-04-19T10:40:30.545+0000] {processor.py:208} INFO - Processing /home/airflow/.local/lib/python3.12/site-packages/airflow/example_dags/example_task_group.py took 0.030 seconds
[2025-04-19T10:45:03.575+0000] {processor.py:186} INFO - Started process (PID=6176) to work on /home/airflow/.local/lib/python3.12/site-packages/airflow/example_dags/example_task_group.py
[2025-04-19T10:45:03.576+0000] {processor.py:914} INFO - Processing file /home/airflow/.local/lib/python3.12/site-packages/airflow/example_dags/example_task_group.py for tasks to queue
[2025-04-19T10:45:03.576+0000] {logging_mixin.py:190} INFO - [2025-04-19T10:45:03.576+0000] {dagbag.py:588} INFO - Filling up the DagBag from /home/airflow/.local/lib/python3.12/site-packages/airflow/example_dags/example_task_group.py
[2025-04-19T10:45:03.581+0000] {processor.py:925} INFO - DAG(s) 'example_task_group' retrieved from /home/airflow/.local/lib/python3.12/site-packages/airflow/example_dags/example_task_group.py
[2025-04-19T10:45:03.590+0000] {logging_mixin.py:190} INFO - [2025-04-19T10:45:03.589+0000] {dag.py:3239} INFO - Sync 1 DAGs
[2025-04-19T10:45:03.595+0000] {logging_mixin.py:190} INFO - [2025-04-19T10:45:03.595+0000] {dag.py:4180} INFO - Setting next_dagrun for example_task_group to None, run_after=None
[2025-04-19T10:45:03.603+0000] {processor.py:208} INFO - Processing /home/airflow/.local/lib/python3.12/site-packages/airflow/example_dags/example_task_group.py took 0.030 seconds
[2025-04-19T11:21:13.392+0000] {processor.py:186} INFO - Started process (PID=6239) to work on /home/airflow/.local/lib/python3.12/site-packages/airflow/example_dags/example_task_group.py
[2025-04-19T11:21:13.393+0000] {processor.py:914} INFO - Processing file /home/airflow/.local/lib/python3.12/site-packages/airflow/example_dags/example_task_group.py for tasks to queue
[2025-04-19T11:21:13.395+0000] {logging_mixin.py:190} INFO - [2025-04-19T11:21:13.394+0000] {dagbag.py:588} INFO - Filling up the DagBag from /home/airflow/.local/lib/python3.12/site-packages/airflow/example_dags/example_task_group.py
[2025-04-19T11:21:13.398+0000] {processor.py:925} INFO - DAG(s) 'example_task_group' retrieved from /home/airflow/.local/lib/python3.12/site-packages/airflow/example_dags/example_task_group.py
[2025-04-19T11:21:13.412+0000] {logging_mixin.py:190} INFO - [2025-04-19T11:21:13.412+0000] {dag.py:3239} INFO - Sync 1 DAGs
[2025-04-19T11:21:13.417+0000] {logging_mixin.py:190} INFO - [2025-04-19T11:21:13.417+0000] {dag.py:4180} INFO - Setting next_dagrun for example_task_group to None, run_after=None
[2025-04-19T11:21:13.423+0000] {processor.py:208} INFO - Processing /home/airflow/.local/lib/python3.12/site-packages/airflow/example_dags/example_task_group.py took 0.033 seconds
[2025-04-19T11:59:38.651+0000] {processor.py:186} INFO - Started process (PID=6303) to work on /home/airflow/.local/lib/python3.12/site-packages/airflow/example_dags/example_task_group.py
[2025-04-19T11:59:38.654+0000] {processor.py:914} INFO - Processing file /home/airflow/.local/lib/python3.12/site-packages/airflow/example_dags/example_task_group.py for tasks to queue
[2025-04-19T11:59:38.655+0000] {logging_mixin.py:190} INFO - [2025-04-19T11:59:38.655+0000] {dagbag.py:588} INFO - Filling up the DagBag from /home/airflow/.local/lib/python3.12/site-packages/airflow/example_dags/example_task_group.py
[2025-04-19T11:59:38.659+0000] {processor.py:925} INFO - DAG(s) 'example_task_group' retrieved from /home/airflow/.local/lib/python3.12/site-packages/airflow/example_dags/example_task_group.py
[2025-04-19T11:59:38.668+0000] {logging_mixin.py:190} INFO - [2025-04-19T11:59:38.668+0000] {dag.py:3239} INFO - Sync 1 DAGs
[2025-04-19T11:59:38.673+0000] {logging_mixin.py:190} INFO - [2025-04-19T11:59:38.673+0000] {dag.py:4180} INFO - Setting next_dagrun for example_task_group to None, run_after=None
[2025-04-19T11:59:38.685+0000] {processor.py:208} INFO - Processing /home/airflow/.local/lib/python3.12/site-packages/airflow/example_dags/example_task_group.py took 0.037 seconds
[2025-04-19T12:19:42.139+0000] {processor.py:186} INFO - Started process (PID=6367) to work on /home/airflow/.local/lib/python3.12/site-packages/airflow/example_dags/example_task_group.py
[2025-04-19T12:19:42.139+0000] {processor.py:914} INFO - Processing file /home/airflow/.local/lib/python3.12/site-packages/airflow/example_dags/example_task_group.py for tasks to queue
[2025-04-19T12:19:42.140+0000] {logging_mixin.py:190} INFO - [2025-04-19T12:19:42.140+0000] {dagbag.py:588} INFO - Filling up the DagBag from /home/airflow/.local/lib/python3.12/site-packages/airflow/example_dags/example_task_group.py
[2025-04-19T12:19:42.143+0000] {processor.py:925} INFO - DAG(s) 'example_task_group' retrieved from /home/airflow/.local/lib/python3.12/site-packages/airflow/example_dags/example_task_group.py
[2025-04-19T12:19:42.152+0000] {logging_mixin.py:190} INFO - [2025-04-19T12:19:42.152+0000] {dag.py:3239} INFO - Sync 1 DAGs
[2025-04-19T12:19:42.157+0000] {logging_mixin.py:190} INFO - [2025-04-19T12:19:42.156+0000] {dag.py:4180} INFO - Setting next_dagrun for example_task_group to None, run_after=None
[2025-04-19T12:19:42.162+0000] {processor.py:208} INFO - Processing /home/airflow/.local/lib/python3.12/site-packages/airflow/example_dags/example_task_group.py took 0.026 seconds
[2025-04-19T13:11:28.987+0000] {processor.py:186} INFO - Started process (PID=6431) to work on /home/airflow/.local/lib/python3.12/site-packages/airflow/example_dags/example_task_group.py
[2025-04-19T13:11:28.990+0000] {processor.py:914} INFO - Processing file /home/airflow/.local/lib/python3.12/site-packages/airflow/example_dags/example_task_group.py for tasks to queue
[2025-04-19T13:11:28.991+0000] {logging_mixin.py:190} INFO - [2025-04-19T13:11:28.991+0000] {dagbag.py:588} INFO - Filling up the DagBag from /home/airflow/.local/lib/python3.12/site-packages/airflow/example_dags/example_task_group.py
[2025-04-19T13:11:28.995+0000] {processor.py:925} INFO - DAG(s) 'example_task_group' retrieved from /home/airflow/.local/lib/python3.12/site-packages/airflow/example_dags/example_task_group.py
[2025-04-19T13:11:29.005+0000] {logging_mixin.py:190} INFO - [2025-04-19T13:11:29.005+0000] {dag.py:3239} INFO - Sync 1 DAGs
[2025-04-19T13:11:29.010+0000] {logging_mixin.py:190} INFO - [2025-04-19T13:11:29.010+0000] {dag.py:4180} INFO - Setting next_dagrun for example_task_group to None, run_after=None
[2025-04-19T13:11:29.016+0000] {processor.py:208} INFO - Processing /home/airflow/.local/lib/python3.12/site-packages/airflow/example_dags/example_task_group.py took 0.032 seconds
[2025-04-19T13:20:41.416+0000] {processor.py:186} INFO - Started process (PID=6495) to work on /home/airflow/.local/lib/python3.12/site-packages/airflow/example_dags/example_task_group.py
[2025-04-19T13:20:41.417+0000] {processor.py:914} INFO - Processing file /home/airflow/.local/lib/python3.12/site-packages/airflow/example_dags/example_task_group.py for tasks to queue
[2025-04-19T13:20:41.419+0000] {logging_mixin.py:190} INFO - [2025-04-19T13:20:41.419+0000] {dagbag.py:588} INFO - Filling up the DagBag from /home/airflow/.local/lib/python3.12/site-packages/airflow/example_dags/example_task_group.py
[2025-04-19T13:20:41.423+0000] {processor.py:925} INFO - DAG(s) 'example_task_group' retrieved from /home/airflow/.local/lib/python3.12/site-packages/airflow/example_dags/example_task_group.py
[2025-04-19T13:20:41.432+0000] {logging_mixin.py:190} INFO - [2025-04-19T13:20:41.432+0000] {dag.py:3239} INFO - Sync 1 DAGs
[2025-04-19T13:20:41.438+0000] {logging_mixin.py:190} INFO - [2025-04-19T13:20:41.438+0000] {dag.py:4180} INFO - Setting next_dagrun for example_task_group to None, run_after=None
[2025-04-19T13:20:41.447+0000] {processor.py:208} INFO - Processing /home/airflow/.local/lib/python3.12/site-packages/airflow/example_dags/example_task_group.py took 0.034 seconds
[2025-04-19T14:21:42.390+0000] {processor.py:186} INFO - Started process (PID=6559) to work on /home/airflow/.local/lib/python3.12/site-packages/airflow/example_dags/example_task_group.py
[2025-04-19T14:21:42.391+0000] {processor.py:914} INFO - Processing file /home/airflow/.local/lib/python3.12/site-packages/airflow/example_dags/example_task_group.py for tasks to queue
[2025-04-19T14:21:42.396+0000] {logging_mixin.py:190} INFO - [2025-04-19T14:21:42.396+0000] {dagbag.py:588} INFO - Filling up the DagBag from /home/airflow/.local/lib/python3.12/site-packages/airflow/example_dags/example_task_group.py
[2025-04-19T14:21:42.400+0000] {processor.py:925} INFO - DAG(s) 'example_task_group' retrieved from /home/airflow/.local/lib/python3.12/site-packages/airflow/example_dags/example_task_group.py
[2025-04-19T14:21:42.413+0000] {logging_mixin.py:190} INFO - [2025-04-19T14:21:42.413+0000] {dag.py:3239} INFO - Sync 1 DAGs
[2025-04-19T14:21:42.419+0000] {logging_mixin.py:190} INFO - [2025-04-19T14:21:42.419+0000] {dag.py:4180} INFO - Setting next_dagrun for example_task_group to None, run_after=None
[2025-04-19T14:21:42.426+0000] {processor.py:208} INFO - Processing /home/airflow/.local/lib/python3.12/site-packages/airflow/example_dags/example_task_group.py took 0.038 seconds
[2025-04-19T14:25:35.456+0000] {processor.py:186} INFO - Started process (PID=6623) to work on /home/airflow/.local/lib/python3.12/site-packages/airflow/example_dags/example_task_group.py
[2025-04-19T14:25:35.456+0000] {processor.py:914} INFO - Processing file /home/airflow/.local/lib/python3.12/site-packages/airflow/example_dags/example_task_group.py for tasks to queue
[2025-04-19T14:25:35.458+0000] {logging_mixin.py:190} INFO - [2025-04-19T14:25:35.458+0000] {dagbag.py:588} INFO - Filling up the DagBag from /home/airflow/.local/lib/python3.12/site-packages/airflow/example_dags/example_task_group.py
[2025-04-19T14:25:35.463+0000] {processor.py:925} INFO - DAG(s) 'example_task_group' retrieved from /home/airflow/.local/lib/python3.12/site-packages/airflow/example_dags/example_task_group.py
[2025-04-19T14:25:35.474+0000] {logging_mixin.py:190} INFO - [2025-04-19T14:25:35.474+0000] {dag.py:3239} INFO - Sync 1 DAGs
[2025-04-19T14:25:35.480+0000] {logging_mixin.py:190} INFO - [2025-04-19T14:25:35.480+0000] {dag.py:4180} INFO - Setting next_dagrun for example_task_group to None, run_after=None
[2025-04-19T14:25:35.490+0000] {processor.py:208} INFO - Processing /home/airflow/.local/lib/python3.12/site-packages/airflow/example_dags/example_task_group.py took 0.037 seconds
[2025-04-19T15:22:37.830+0000] {processor.py:186} INFO - Started process (PID=6687) to work on /home/airflow/.local/lib/python3.12/site-packages/airflow/example_dags/example_task_group.py
[2025-04-19T15:22:37.831+0000] {processor.py:914} INFO - Processing file /home/airflow/.local/lib/python3.12/site-packages/airflow/example_dags/example_task_group.py for tasks to queue
[2025-04-19T15:22:37.833+0000] {logging_mixin.py:190} INFO - [2025-04-19T15:22:37.833+0000] {dagbag.py:588} INFO - Filling up the DagBag from /home/airflow/.local/lib/python3.12/site-packages/airflow/example_dags/example_task_group.py
[2025-04-19T15:22:37.838+0000] {processor.py:925} INFO - DAG(s) 'example_task_group' retrieved from /home/airflow/.local/lib/python3.12/site-packages/airflow/example_dags/example_task_group.py
[2025-04-19T15:22:37.847+0000] {logging_mixin.py:190} INFO - [2025-04-19T15:22:37.847+0000] {dag.py:3239} INFO - Sync 1 DAGs
[2025-04-19T15:22:37.852+0000] {logging_mixin.py:190} INFO - [2025-04-19T15:22:37.852+0000] {dag.py:4180} INFO - Setting next_dagrun for example_task_group to None, run_after=None
[2025-04-19T15:22:37.866+0000] {processor.py:208} INFO - Processing /home/airflow/.local/lib/python3.12/site-packages/airflow/example_dags/example_task_group.py took 0.038 seconds
[2025-04-19T15:44:03.967+0000] {processor.py:186} INFO - Started process (PID=6751) to work on /home/airflow/.local/lib/python3.12/site-packages/airflow/example_dags/example_task_group.py
[2025-04-19T15:44:03.968+0000] {processor.py:914} INFO - Processing file /home/airflow/.local/lib/python3.12/site-packages/airflow/example_dags/example_task_group.py for tasks to queue
[2025-04-19T15:44:03.969+0000] {logging_mixin.py:190} INFO - [2025-04-19T15:44:03.969+0000] {dagbag.py:588} INFO - Filling up the DagBag from /home/airflow/.local/lib/python3.12/site-packages/airflow/example_dags/example_task_group.py
[2025-04-19T15:44:03.975+0000] {processor.py:925} INFO - DAG(s) 'example_task_group' retrieved from /home/airflow/.local/lib/python3.12/site-packages/airflow/example_dags/example_task_group.py
[2025-04-19T15:44:03.988+0000] {logging_mixin.py:190} INFO - [2025-04-19T15:44:03.988+0000] {dag.py:3239} INFO - Sync 1 DAGs
[2025-04-19T15:44:03.994+0000] {logging_mixin.py:190} INFO - [2025-04-19T15:44:03.994+0000] {dag.py:4180} INFO - Setting next_dagrun for example_task_group to None, run_after=None
[2025-04-19T15:44:04.002+0000] {processor.py:208} INFO - Processing /home/airflow/.local/lib/python3.12/site-packages/airflow/example_dags/example_task_group.py took 0.037 seconds
[2025-04-19T16:23:38.940+0000] {processor.py:186} INFO - Started process (PID=6815) to work on /home/airflow/.local/lib/python3.12/site-packages/airflow/example_dags/example_task_group.py
[2025-04-19T16:23:38.940+0000] {processor.py:914} INFO - Processing file /home/airflow/.local/lib/python3.12/site-packages/airflow/example_dags/example_task_group.py for tasks to queue
[2025-04-19T16:23:38.941+0000] {logging_mixin.py:190} INFO - [2025-04-19T16:23:38.941+0000] {dagbag.py:588} INFO - Filling up the DagBag from /home/airflow/.local/lib/python3.12/site-packages/airflow/example_dags/example_task_group.py
[2025-04-19T16:23:38.946+0000] {processor.py:925} INFO - DAG(s) 'example_task_group' retrieved from /home/airflow/.local/lib/python3.12/site-packages/airflow/example_dags/example_task_group.py
[2025-04-19T16:23:38.957+0000] {logging_mixin.py:190} INFO - [2025-04-19T16:23:38.957+0000] {dag.py:3239} INFO - Sync 1 DAGs
[2025-04-19T16:23:38.962+0000] {logging_mixin.py:190} INFO - [2025-04-19T16:23:38.962+0000] {dag.py:4180} INFO - Setting next_dagrun for example_task_group to None, run_after=None
[2025-04-19T16:23:38.975+0000] {processor.py:208} INFO - Processing /home/airflow/.local/lib/python3.12/site-packages/airflow/example_dags/example_task_group.py took 0.038 seconds
[2025-04-19T16:59:45.421+0000] {processor.py:186} INFO - Started process (PID=6879) to work on /home/airflow/.local/lib/python3.12/site-packages/airflow/example_dags/example_task_group.py
[2025-04-19T16:59:45.425+0000] {processor.py:914} INFO - Processing file /home/airflow/.local/lib/python3.12/site-packages/airflow/example_dags/example_task_group.py for tasks to queue
[2025-04-19T16:59:45.427+0000] {logging_mixin.py:190} INFO - [2025-04-19T16:59:45.427+0000] {dagbag.py:588} INFO - Filling up the DagBag from /home/airflow/.local/lib/python3.12/site-packages/airflow/example_dags/example_task_group.py
[2025-04-19T16:59:45.431+0000] {processor.py:925} INFO - DAG(s) 'example_task_group' retrieved from /home/airflow/.local/lib/python3.12/site-packages/airflow/example_dags/example_task_group.py
[2025-04-19T16:59:45.444+0000] {logging_mixin.py:190} INFO - [2025-04-19T16:59:45.444+0000] {dag.py:3239} INFO - Sync 1 DAGs
[2025-04-19T16:59:45.450+0000] {logging_mixin.py:190} INFO - [2025-04-19T16:59:45.450+0000] {dag.py:4180} INFO - Setting next_dagrun for example_task_group to None, run_after=None
[2025-04-19T16:59:45.459+0000] {processor.py:208} INFO - Processing /home/airflow/.local/lib/python3.12/site-packages/airflow/example_dags/example_task_group.py took 0.040 seconds
[2025-04-19T17:02:37.690+0000] {processor.py:186} INFO - Started process (PID=6943) to work on /home/airflow/.local/lib/python3.12/site-packages/airflow/example_dags/example_task_group.py
[2025-04-19T17:02:37.691+0000] {processor.py:914} INFO - Processing file /home/airflow/.local/lib/python3.12/site-packages/airflow/example_dags/example_task_group.py for tasks to queue
[2025-04-19T17:02:37.692+0000] {logging_mixin.py:190} INFO - [2025-04-19T17:02:37.692+0000] {dagbag.py:588} INFO - Filling up the DagBag from /home/airflow/.local/lib/python3.12/site-packages/airflow/example_dags/example_task_group.py
[2025-04-19T17:02:37.696+0000] {processor.py:925} INFO - DAG(s) 'example_task_group' retrieved from /home/airflow/.local/lib/python3.12/site-packages/airflow/example_dags/example_task_group.py
[2025-04-19T17:02:37.710+0000] {logging_mixin.py:190} INFO - [2025-04-19T17:02:37.710+0000] {dag.py:3239} INFO - Sync 1 DAGs
[2025-04-19T17:02:37.715+0000] {logging_mixin.py:190} INFO - [2025-04-19T17:02:37.715+0000] {dag.py:4180} INFO - Setting next_dagrun for example_task_group to None, run_after=None
[2025-04-19T17:02:37.725+0000] {processor.py:208} INFO - Processing /home/airflow/.local/lib/python3.12/site-packages/airflow/example_dags/example_task_group.py took 0.037 seconds
[2025-04-19T17:24:40.369+0000] {processor.py:186} INFO - Started process (PID=7007) to work on /home/airflow/.local/lib/python3.12/site-packages/airflow/example_dags/example_task_group.py
[2025-04-19T17:24:40.370+0000] {processor.py:914} INFO - Processing file /home/airflow/.local/lib/python3.12/site-packages/airflow/example_dags/example_task_group.py for tasks to queue
[2025-04-19T17:24:40.371+0000] {logging_mixin.py:190} INFO - [2025-04-19T17:24:40.371+0000] {dagbag.py:588} INFO - Filling up the DagBag from /home/airflow/.local/lib/python3.12/site-packages/airflow/example_dags/example_task_group.py
[2025-04-19T17:24:40.375+0000] {processor.py:925} INFO - DAG(s) 'example_task_group' retrieved from /home/airflow/.local/lib/python3.12/site-packages/airflow/example_dags/example_task_group.py
[2025-04-19T17:24:40.385+0000] {logging_mixin.py:190} INFO - [2025-04-19T17:24:40.385+0000] {dag.py:3239} INFO - Sync 1 DAGs
[2025-04-19T17:24:40.393+0000] {logging_mixin.py:190} INFO - [2025-04-19T17:24:40.393+0000] {dag.py:4180} INFO - Setting next_dagrun for example_task_group to None, run_after=None
[2025-04-19T17:24:40.406+0000] {processor.py:208} INFO - Processing /home/airflow/.local/lib/python3.12/site-packages/airflow/example_dags/example_task_group.py took 0.040 seconds
[2025-04-19T17:41:25.109+0000] {processor.py:186} INFO - Started process (PID=7071) to work on /home/airflow/.local/lib/python3.12/site-packages/airflow/example_dags/example_task_group.py
[2025-04-19T17:41:25.110+0000] {processor.py:914} INFO - Processing file /home/airflow/.local/lib/python3.12/site-packages/airflow/example_dags/example_task_group.py for tasks to queue
[2025-04-19T17:41:25.111+0000] {logging_mixin.py:190} INFO - [2025-04-19T17:41:25.111+0000] {dagbag.py:588} INFO - Filling up the DagBag from /home/airflow/.local/lib/python3.12/site-packages/airflow/example_dags/example_task_group.py
[2025-04-19T17:41:25.115+0000] {processor.py:925} INFO - DAG(s) 'example_task_group' retrieved from /home/airflow/.local/lib/python3.12/site-packages/airflow/example_dags/example_task_group.py
[2025-04-19T17:41:25.124+0000] {logging_mixin.py:190} INFO - [2025-04-19T17:41:25.124+0000] {dag.py:3239} INFO - Sync 1 DAGs
[2025-04-19T17:41:25.130+0000] {logging_mixin.py:190} INFO - [2025-04-19T17:41:25.130+0000] {dag.py:4180} INFO - Setting next_dagrun for example_task_group to None, run_after=None
[2025-04-19T17:41:25.139+0000] {processor.py:208} INFO - Processing /home/airflow/.local/lib/python3.12/site-packages/airflow/example_dags/example_task_group.py took 0.032 seconds
[2025-04-19T17:42:58.393+0000] {processor.py:186} INFO - Started process (PID=7135) to work on /home/airflow/.local/lib/python3.12/site-packages/airflow/example_dags/example_task_group.py
[2025-04-19T17:42:58.394+0000] {processor.py:914} INFO - Processing file /home/airflow/.local/lib/python3.12/site-packages/airflow/example_dags/example_task_group.py for tasks to queue
[2025-04-19T17:42:58.395+0000] {logging_mixin.py:190} INFO - [2025-04-19T17:42:58.395+0000] {dagbag.py:588} INFO - Filling up the DagBag from /home/airflow/.local/lib/python3.12/site-packages/airflow/example_dags/example_task_group.py
[2025-04-19T17:42:58.398+0000] {processor.py:925} INFO - DAG(s) 'example_task_group' retrieved from /home/airflow/.local/lib/python3.12/site-packages/airflow/example_dags/example_task_group.py
[2025-04-19T17:42:58.408+0000] {logging_mixin.py:190} INFO - [2025-04-19T17:42:58.408+0000] {dag.py:3239} INFO - Sync 1 DAGs
[2025-04-19T17:42:58.413+0000] {logging_mixin.py:190} INFO - [2025-04-19T17:42:58.413+0000] {dag.py:4180} INFO - Setting next_dagrun for example_task_group to None, run_after=None
[2025-04-19T17:42:58.421+0000] {processor.py:208} INFO - Processing /home/airflow/.local/lib/python3.12/site-packages/airflow/example_dags/example_task_group.py took 0.031 seconds
[2025-04-19T17:55:54.787+0000] {processor.py:186} INFO - Started process (PID=7199) to work on /home/airflow/.local/lib/python3.12/site-packages/airflow/example_dags/example_task_group.py
[2025-04-19T17:55:54.791+0000] {processor.py:914} INFO - Processing file /home/airflow/.local/lib/python3.12/site-packages/airflow/example_dags/example_task_group.py for tasks to queue
[2025-04-19T17:55:54.794+0000] {logging_mixin.py:190} INFO - [2025-04-19T17:55:54.794+0000] {dagbag.py:588} INFO - Filling up the DagBag from /home/airflow/.local/lib/python3.12/site-packages/airflow/example_dags/example_task_group.py
[2025-04-19T17:55:54.799+0000] {processor.py:925} INFO - DAG(s) 'example_task_group' retrieved from /home/airflow/.local/lib/python3.12/site-packages/airflow/example_dags/example_task_group.py
[2025-04-19T17:55:54.808+0000] {logging_mixin.py:190} INFO - [2025-04-19T17:55:54.808+0000] {dag.py:3239} INFO - Sync 1 DAGs
[2025-04-19T17:55:54.813+0000] {logging_mixin.py:190} INFO - [2025-04-19T17:55:54.813+0000] {dag.py:4180} INFO - Setting next_dagrun for example_task_group to None, run_after=None
[2025-04-19T17:55:54.822+0000] {processor.py:208} INFO - Processing /home/airflow/.local/lib/python3.12/site-packages/airflow/example_dags/example_task_group.py took 0.038 seconds
[2025-04-19T17:57:07.297+0000] {processor.py:186} INFO - Started process (PID=7263) to work on /home/airflow/.local/lib/python3.12/site-packages/airflow/example_dags/example_task_group.py
[2025-04-19T17:57:07.297+0000] {processor.py:914} INFO - Processing file /home/airflow/.local/lib/python3.12/site-packages/airflow/example_dags/example_task_group.py for tasks to queue
[2025-04-19T17:57:07.298+0000] {logging_mixin.py:190} INFO - [2025-04-19T17:57:07.298+0000] {dagbag.py:588} INFO - Filling up the DagBag from /home/airflow/.local/lib/python3.12/site-packages/airflow/example_dags/example_task_group.py
[2025-04-19T17:57:07.302+0000] {processor.py:925} INFO - DAG(s) 'example_task_group' retrieved from /home/airflow/.local/lib/python3.12/site-packages/airflow/example_dags/example_task_group.py
[2025-04-19T17:57:07.311+0000] {logging_mixin.py:190} INFO - [2025-04-19T17:57:07.311+0000] {dag.py:3239} INFO - Sync 1 DAGs
[2025-04-19T17:57:07.316+0000] {logging_mixin.py:190} INFO - [2025-04-19T17:57:07.316+0000] {dag.py:4180} INFO - Setting next_dagrun for example_task_group to None, run_after=None
[2025-04-19T17:57:07.326+0000] {processor.py:208} INFO - Processing /home/airflow/.local/lib/python3.12/site-packages/airflow/example_dags/example_task_group.py took 0.033 seconds
[2025-04-19T17:58:32.018+0000] {processor.py:186} INFO - Started process (PID=7327) to work on /home/airflow/.local/lib/python3.12/site-packages/airflow/example_dags/example_task_group.py
[2025-04-19T17:58:32.018+0000] {processor.py:914} INFO - Processing file /home/airflow/.local/lib/python3.12/site-packages/airflow/example_dags/example_task_group.py for tasks to queue
[2025-04-19T17:58:32.019+0000] {logging_mixin.py:190} INFO - [2025-04-19T17:58:32.019+0000] {dagbag.py:588} INFO - Filling up the DagBag from /home/airflow/.local/lib/python3.12/site-packages/airflow/example_dags/example_task_group.py
[2025-04-19T17:58:32.023+0000] {processor.py:925} INFO - DAG(s) 'example_task_group' retrieved from /home/airflow/.local/lib/python3.12/site-packages/airflow/example_dags/example_task_group.py
[2025-04-19T17:58:32.032+0000] {logging_mixin.py:190} INFO - [2025-04-19T17:58:32.031+0000] {dag.py:3239} INFO - Sync 1 DAGs
[2025-04-19T17:58:32.037+0000] {logging_mixin.py:190} INFO - [2025-04-19T17:58:32.037+0000] {dag.py:4180} INFO - Setting next_dagrun for example_task_group to None, run_after=None
[2025-04-19T17:58:32.134+0000] {processor.py:208} INFO - Processing /home/airflow/.local/lib/python3.12/site-packages/airflow/example_dags/example_task_group.py took 0.119 seconds
[2025-04-19T18:59:33.361+0000] {processor.py:186} INFO - Started process (PID=7391) to work on /home/airflow/.local/lib/python3.12/site-packages/airflow/example_dags/example_task_group.py
[2025-04-19T18:59:33.362+0000] {processor.py:914} INFO - Processing file /home/airflow/.local/lib/python3.12/site-packages/airflow/example_dags/example_task_group.py for tasks to queue
[2025-04-19T18:59:33.363+0000] {logging_mixin.py:190} INFO - [2025-04-19T18:59:33.363+0000] {dagbag.py:588} INFO - Filling up the DagBag from /home/airflow/.local/lib/python3.12/site-packages/airflow/example_dags/example_task_group.py
[2025-04-19T18:59:33.367+0000] {processor.py:925} INFO - DAG(s) 'example_task_group' retrieved from /home/airflow/.local/lib/python3.12/site-packages/airflow/example_dags/example_task_group.py
[2025-04-19T18:59:33.377+0000] {logging_mixin.py:190} INFO - [2025-04-19T18:59:33.377+0000] {dag.py:3239} INFO - Sync 1 DAGs
[2025-04-19T18:59:33.382+0000] {logging_mixin.py:190} INFO - [2025-04-19T18:59:33.382+0000] {dag.py:4180} INFO - Setting next_dagrun for example_task_group to None, run_after=None
[2025-04-19T18:59:33.389+0000] {processor.py:208} INFO - Processing /home/airflow/.local/lib/python3.12/site-packages/airflow/example_dags/example_task_group.py took 0.031 seconds
[2025-04-19T19:50:45.547+0000] {processor.py:186} INFO - Started process (PID=7455) to work on /home/airflow/.local/lib/python3.12/site-packages/airflow/example_dags/example_task_group.py
[2025-04-19T19:50:45.548+0000] {processor.py:914} INFO - Processing file /home/airflow/.local/lib/python3.12/site-packages/airflow/example_dags/example_task_group.py for tasks to queue
[2025-04-19T19:50:45.551+0000] {logging_mixin.py:190} INFO - [2025-04-19T19:50:45.550+0000] {dagbag.py:588} INFO - Filling up the DagBag from /home/airflow/.local/lib/python3.12/site-packages/airflow/example_dags/example_task_group.py
[2025-04-19T19:50:45.555+0000] {processor.py:925} INFO - DAG(s) 'example_task_group' retrieved from /home/airflow/.local/lib/python3.12/site-packages/airflow/example_dags/example_task_group.py
[2025-04-19T19:50:45.566+0000] {logging_mixin.py:190} INFO - [2025-04-19T19:50:45.566+0000] {dag.py:3239} INFO - Sync 1 DAGs
[2025-04-19T19:50:45.572+0000] {logging_mixin.py:190} INFO - [2025-04-19T19:50:45.572+0000] {dag.py:4180} INFO - Setting next_dagrun for example_task_group to None, run_after=None
[2025-04-19T19:50:45.578+0000] {processor.py:208} INFO - Processing /home/airflow/.local/lib/python3.12/site-packages/airflow/example_dags/example_task_group.py took 0.034 seconds
[2025-04-19T21:13:38.584+0000] {processor.py:186} INFO - Started process (PID=7519) to work on /home/airflow/.local/lib/python3.12/site-packages/airflow/example_dags/example_task_group.py
[2025-04-19T21:13:38.584+0000] {processor.py:914} INFO - Processing file /home/airflow/.local/lib/python3.12/site-packages/airflow/example_dags/example_task_group.py for tasks to queue
[2025-04-19T21:13:38.585+0000] {logging_mixin.py:190} INFO - [2025-04-19T21:13:38.585+0000] {dagbag.py:588} INFO - Filling up the DagBag from /home/airflow/.local/lib/python3.12/site-packages/airflow/example_dags/example_task_group.py
[2025-04-19T21:13:38.593+0000] {processor.py:925} INFO - DAG(s) 'example_task_group' retrieved from /home/airflow/.local/lib/python3.12/site-packages/airflow/example_dags/example_task_group.py
[2025-04-19T21:13:38.606+0000] {logging_mixin.py:190} INFO - [2025-04-19T21:13:38.606+0000] {dag.py:3239} INFO - Sync 1 DAGs
[2025-04-19T21:13:38.612+0000] {logging_mixin.py:190} INFO - [2025-04-19T21:13:38.612+0000] {dag.py:4180} INFO - Setting next_dagrun for example_task_group to None, run_after=None
[2025-04-19T21:13:38.620+0000] {processor.py:208} INFO - Processing /home/airflow/.local/lib/python3.12/site-packages/airflow/example_dags/example_task_group.py took 0.039 seconds
[2025-04-19T22:34:41.219+0000] {processor.py:186} INFO - Started process (PID=7583) to work on /home/airflow/.local/lib/python3.12/site-packages/airflow/example_dags/example_task_group.py
[2025-04-19T22:34:41.219+0000] {processor.py:914} INFO - Processing file /home/airflow/.local/lib/python3.12/site-packages/airflow/example_dags/example_task_group.py for tasks to queue
[2025-04-19T22:34:41.221+0000] {logging_mixin.py:190} INFO - [2025-04-19T22:34:41.221+0000] {dagbag.py:588} INFO - Filling up the DagBag from /home/airflow/.local/lib/python3.12/site-packages/airflow/example_dags/example_task_group.py
[2025-04-19T22:34:41.227+0000] {processor.py:925} INFO - DAG(s) 'example_task_group' retrieved from /home/airflow/.local/lib/python3.12/site-packages/airflow/example_dags/example_task_group.py
[2025-04-19T22:34:41.244+0000] {logging_mixin.py:190} INFO - [2025-04-19T22:34:41.244+0000] {dag.py:3239} INFO - Sync 1 DAGs
[2025-04-19T22:34:41.250+0000] {logging_mixin.py:190} INFO - [2025-04-19T22:34:41.250+0000] {dag.py:4180} INFO - Setting next_dagrun for example_task_group to None, run_after=None
[2025-04-19T22:34:41.260+0000] {processor.py:208} INFO - Processing /home/airflow/.local/lib/python3.12/site-packages/airflow/example_dags/example_task_group.py took 0.043 seconds
