[2025-04-19T00:13:43.388+0000] {processor.py:186} INFO - Started process (PID=4939) to work on /home/airflow/.local/lib/python3.12/site-packages/airflow/example_dags/example_branch_operator.py
[2025-04-19T00:13:43.388+0000] {processor.py:914} INFO - Processing file /home/airflow/.local/lib/python3.12/site-packages/airflow/example_dags/example_branch_operator.py for tasks to queue
[2025-04-19T00:13:43.389+0000] {logging_mixin.py:190} INFO - [2025-04-19T00:13:43.389+0000] {dagbag.py:588} INFO - Filling up the DagBag from /home/airflow/.local/lib/python3.12/site-packages/airflow/example_dags/example_branch_operator.py
[2025-04-19T00:13:43.398+0000] {processor.py:925} INFO - DAG(s) 'example_branch_operator' retrieved from /home/airflow/.local/lib/python3.12/site-packages/airflow/example_dags/example_branch_operator.py
[2025-04-19T00:13:43.414+0000] {logging_mixin.py:190} INFO - [2025-04-19T00:13:43.413+0000] {dag.py:3239} INFO - Sync 1 DAGs
[2025-04-19T00:13:43.427+0000] {logging_mixin.py:190} INFO - [2025-04-19T00:13:43.427+0000] {dag.py:4180} INFO - Setting next_dagrun for example_branch_operator to 2025-04-18 00:00:00+00:00, run_after=2025-04-19 00:00:00+00:00
[2025-04-19T00:13:43.437+0000] {processor.py:208} INFO - Processing /home/airflow/.local/lib/python3.12/site-packages/airflow/example_dags/example_branch_operator.py took 0.053 seconds
[2025-04-19T01:25:52.678+0000] {processor.py:186} INFO - Started process (PID=5003) to work on /home/airflow/.local/lib/python3.12/site-packages/airflow/example_dags/example_branch_operator.py
[2025-04-19T01:25:52.679+0000] {processor.py:914} INFO - Processing file /home/airflow/.local/lib/python3.12/site-packages/airflow/example_dags/example_branch_operator.py for tasks to queue
[2025-04-19T01:25:52.680+0000] {logging_mixin.py:190} INFO - [2025-04-19T01:25:52.680+0000] {dagbag.py:588} INFO - Filling up the DagBag from /home/airflow/.local/lib/python3.12/site-packages/airflow/example_dags/example_branch_operator.py
[2025-04-19T01:25:52.687+0000] {processor.py:925} INFO - DAG(s) 'example_branch_operator' retrieved from /home/airflow/.local/lib/python3.12/site-packages/airflow/example_dags/example_branch_operator.py
[2025-04-19T01:25:52.699+0000] {logging_mixin.py:190} INFO - [2025-04-19T01:25:52.699+0000] {dag.py:3239} INFO - Sync 1 DAGs
[2025-04-19T01:25:52.707+0000] {logging_mixin.py:190} INFO - [2025-04-19T01:25:52.707+0000] {dag.py:4180} INFO - Setting next_dagrun for example_branch_operator to 2025-04-18 00:00:00+00:00, run_after=2025-04-19 00:00:00+00:00
[2025-04-19T01:25:52.714+0000] {processor.py:208} INFO - Processing /home/airflow/.local/lib/python3.12/site-packages/airflow/example_dags/example_branch_operator.py took 0.038 seconds
[2025-04-19T02:58:25.860+0000] {processor.py:186} INFO - Started process (PID=5067) to work on /home/airflow/.local/lib/python3.12/site-packages/airflow/example_dags/example_branch_operator.py
[2025-04-19T02:58:25.860+0000] {processor.py:914} INFO - Processing file /home/airflow/.local/lib/python3.12/site-packages/airflow/example_dags/example_branch_operator.py for tasks to queue
[2025-04-19T02:58:25.863+0000] {logging_mixin.py:190} INFO - [2025-04-19T02:58:25.862+0000] {dagbag.py:588} INFO - Filling up the DagBag from /home/airflow/.local/lib/python3.12/site-packages/airflow/example_dags/example_branch_operator.py
[2025-04-19T02:58:25.877+0000] {processor.py:925} INFO - DAG(s) 'example_branch_operator' retrieved from /home/airflow/.local/lib/python3.12/site-packages/airflow/example_dags/example_branch_operator.py
[2025-04-19T02:58:25.891+0000] {logging_mixin.py:190} INFO - [2025-04-19T02:58:25.891+0000] {dag.py:3239} INFO - Sync 1 DAGs
[2025-04-19T02:58:25.901+0000] {logging_mixin.py:190} INFO - [2025-04-19T02:58:25.901+0000] {dag.py:4180} INFO - Setting next_dagrun for example_branch_operator to 2025-04-18 00:00:00+00:00, run_after=2025-04-19 00:00:00+00:00
[2025-04-19T02:58:25.911+0000] {processor.py:208} INFO - Processing /home/airflow/.local/lib/python3.12/site-packages/airflow/example_dags/example_branch_operator.py took 0.055 seconds
[2025-04-19T03:59:46.415+0000] {processor.py:186} INFO - Started process (PID=5131) to work on /home/airflow/.local/lib/python3.12/site-packages/airflow/example_dags/example_branch_operator.py
[2025-04-19T03:59:46.415+0000] {processor.py:914} INFO - Processing file /home/airflow/.local/lib/python3.12/site-packages/airflow/example_dags/example_branch_operator.py for tasks to queue
[2025-04-19T03:59:46.417+0000] {logging_mixin.py:190} INFO - [2025-04-19T03:59:46.416+0000] {dagbag.py:588} INFO - Filling up the DagBag from /home/airflow/.local/lib/python3.12/site-packages/airflow/example_dags/example_branch_operator.py
[2025-04-19T03:59:46.424+0000] {processor.py:925} INFO - DAG(s) 'example_branch_operator' retrieved from /home/airflow/.local/lib/python3.12/site-packages/airflow/example_dags/example_branch_operator.py
[2025-04-19T03:59:46.440+0000] {logging_mixin.py:190} INFO - [2025-04-19T03:59:46.440+0000] {dag.py:3239} INFO - Sync 1 DAGs
[2025-04-19T03:59:46.451+0000] {logging_mixin.py:190} INFO - [2025-04-19T03:59:46.451+0000] {dag.py:4180} INFO - Setting next_dagrun for example_branch_operator to 2025-04-18 00:00:00+00:00, run_after=2025-04-19 00:00:00+00:00
[2025-04-19T03:59:46.459+0000] {processor.py:208} INFO - Processing /home/airflow/.local/lib/python3.12/site-packages/airflow/example_dags/example_branch_operator.py took 0.047 seconds
[2025-04-19T04:28:51.778+0000] {processor.py:186} INFO - Started process (PID=5195) to work on /home/airflow/.local/lib/python3.12/site-packages/airflow/example_dags/example_branch_operator.py
[2025-04-19T04:28:51.779+0000] {processor.py:914} INFO - Processing file /home/airflow/.local/lib/python3.12/site-packages/airflow/example_dags/example_branch_operator.py for tasks to queue
[2025-04-19T04:28:51.780+0000] {logging_mixin.py:190} INFO - [2025-04-19T04:28:51.780+0000] {dagbag.py:588} INFO - Filling up the DagBag from /home/airflow/.local/lib/python3.12/site-packages/airflow/example_dags/example_branch_operator.py
[2025-04-19T04:28:51.789+0000] {processor.py:925} INFO - DAG(s) 'example_branch_operator' retrieved from /home/airflow/.local/lib/python3.12/site-packages/airflow/example_dags/example_branch_operator.py
[2025-04-19T04:28:51.800+0000] {logging_mixin.py:190} INFO - [2025-04-19T04:28:51.800+0000] {dag.py:3239} INFO - Sync 1 DAGs
[2025-04-19T04:28:51.811+0000] {logging_mixin.py:190} INFO - [2025-04-19T04:28:51.810+0000] {dag.py:4180} INFO - Setting next_dagrun for example_branch_operator to 2025-04-18 00:00:00+00:00, run_after=2025-04-19 00:00:00+00:00
[2025-04-19T04:28:51.819+0000] {processor.py:208} INFO - Processing /home/airflow/.local/lib/python3.12/site-packages/airflow/example_dags/example_branch_operator.py took 0.043 seconds
[2025-04-19T06:03:43.940+0000] {processor.py:186} INFO - Started process (PID=5259) to work on /home/airflow/.local/lib/python3.12/site-packages/airflow/example_dags/example_branch_operator.py
[2025-04-19T06:03:43.941+0000] {processor.py:914} INFO - Processing file /home/airflow/.local/lib/python3.12/site-packages/airflow/example_dags/example_branch_operator.py for tasks to queue
[2025-04-19T06:03:43.943+0000] {logging_mixin.py:190} INFO - [2025-04-19T06:03:43.943+0000] {dagbag.py:588} INFO - Filling up the DagBag from /home/airflow/.local/lib/python3.12/site-packages/airflow/example_dags/example_branch_operator.py
[2025-04-19T06:03:43.951+0000] {processor.py:925} INFO - DAG(s) 'example_branch_operator' retrieved from /home/airflow/.local/lib/python3.12/site-packages/airflow/example_dags/example_branch_operator.py
[2025-04-19T06:03:43.965+0000] {logging_mixin.py:190} INFO - [2025-04-19T06:03:43.965+0000] {dag.py:3239} INFO - Sync 1 DAGs
[2025-04-19T06:03:43.976+0000] {logging_mixin.py:190} INFO - [2025-04-19T06:03:43.976+0000] {dag.py:4180} INFO - Setting next_dagrun for example_branch_operator to 2025-04-18 00:00:00+00:00, run_after=2025-04-19 00:00:00+00:00
[2025-04-19T06:03:43.983+0000] {processor.py:208} INFO - Processing /home/airflow/.local/lib/python3.12/site-packages/airflow/example_dags/example_branch_operator.py took 0.046 seconds
[2025-04-19T06:47:28.061+0000] {processor.py:186} INFO - Started process (PID=5323) to work on /home/airflow/.local/lib/python3.12/site-packages/airflow/example_dags/example_branch_operator.py
[2025-04-19T06:47:28.062+0000] {processor.py:914} INFO - Processing file /home/airflow/.local/lib/python3.12/site-packages/airflow/example_dags/example_branch_operator.py for tasks to queue
[2025-04-19T06:47:28.063+0000] {logging_mixin.py:190} INFO - [2025-04-19T06:47:28.063+0000] {dagbag.py:588} INFO - Filling up the DagBag from /home/airflow/.local/lib/python3.12/site-packages/airflow/example_dags/example_branch_operator.py
[2025-04-19T06:47:28.071+0000] {processor.py:925} INFO - DAG(s) 'example_branch_operator' retrieved from /home/airflow/.local/lib/python3.12/site-packages/airflow/example_dags/example_branch_operator.py
[2025-04-19T06:47:28.082+0000] {logging_mixin.py:190} INFO - [2025-04-19T06:47:28.082+0000] {dag.py:3239} INFO - Sync 1 DAGs
[2025-04-19T06:47:28.091+0000] {logging_mixin.py:190} INFO - [2025-04-19T06:47:28.091+0000] {dag.py:4180} INFO - Setting next_dagrun for example_branch_operator to 2025-04-18 00:00:00+00:00, run_after=2025-04-19 00:00:00+00:00
[2025-04-19T06:47:28.097+0000] {processor.py:208} INFO - Processing /home/airflow/.local/lib/python3.12/site-packages/airflow/example_dags/example_branch_operator.py took 0.038 seconds
[2025-04-19T08:03:59.898+0000] {processor.py:186} INFO - Started process (PID=5387) to work on /home/airflow/.local/lib/python3.12/site-packages/airflow/example_dags/example_branch_operator.py
[2025-04-19T08:03:59.899+0000] {processor.py:914} INFO - Processing file /home/airflow/.local/lib/python3.12/site-packages/airflow/example_dags/example_branch_operator.py for tasks to queue
[2025-04-19T08:03:59.900+0000] {logging_mixin.py:190} INFO - [2025-04-19T08:03:59.900+0000] {dagbag.py:588} INFO - Filling up the DagBag from /home/airflow/.local/lib/python3.12/site-packages/airflow/example_dags/example_branch_operator.py
[2025-04-19T08:03:59.907+0000] {processor.py:925} INFO - DAG(s) 'example_branch_operator' retrieved from /home/airflow/.local/lib/python3.12/site-packages/airflow/example_dags/example_branch_operator.py
[2025-04-19T08:03:59.919+0000] {logging_mixin.py:190} INFO - [2025-04-19T08:03:59.919+0000] {dag.py:3239} INFO - Sync 1 DAGs
[2025-04-19T08:03:59.927+0000] {logging_mixin.py:190} INFO - [2025-04-19T08:03:59.927+0000] {dag.py:4180} INFO - Setting next_dagrun for example_branch_operator to 2025-04-18 00:00:00+00:00, run_after=2025-04-19 00:00:00+00:00
[2025-04-19T08:03:59.934+0000] {processor.py:208} INFO - Processing /home/airflow/.local/lib/python3.12/site-packages/airflow/example_dags/example_branch_operator.py took 0.038 seconds
[2025-04-19T08:27:56.808+0000] {processor.py:186} INFO - Started process (PID=5451) to work on /home/airflow/.local/lib/python3.12/site-packages/airflow/example_dags/example_branch_operator.py
[2025-04-19T08:27:56.808+0000] {processor.py:914} INFO - Processing file /home/airflow/.local/lib/python3.12/site-packages/airflow/example_dags/example_branch_operator.py for tasks to queue
[2025-04-19T08:27:56.809+0000] {logging_mixin.py:190} INFO - [2025-04-19T08:27:56.809+0000] {dagbag.py:588} INFO - Filling up the DagBag from /home/airflow/.local/lib/python3.12/site-packages/airflow/example_dags/example_branch_operator.py
[2025-04-19T08:27:56.817+0000] {processor.py:925} INFO - DAG(s) 'example_branch_operator' retrieved from /home/airflow/.local/lib/python3.12/site-packages/airflow/example_dags/example_branch_operator.py
[2025-04-19T08:27:56.828+0000] {logging_mixin.py:190} INFO - [2025-04-19T08:27:56.828+0000] {dag.py:3239} INFO - Sync 1 DAGs
[2025-04-19T08:27:56.836+0000] {logging_mixin.py:190} INFO - [2025-04-19T08:27:56.836+0000] {dag.py:4180} INFO - Setting next_dagrun for example_branch_operator to 2025-04-18 00:00:00+00:00, run_after=2025-04-19 00:00:00+00:00
[2025-04-19T08:27:56.842+0000] {processor.py:208} INFO - Processing /home/airflow/.local/lib/python3.12/site-packages/airflow/example_dags/example_branch_operator.py took 0.037 seconds
[2025-04-19T08:29:32.039+0000] {processor.py:186} INFO - Started process (PID=5515) to work on /home/airflow/.local/lib/python3.12/site-packages/airflow/example_dags/example_branch_operator.py
[2025-04-19T08:29:32.040+0000] {processor.py:914} INFO - Processing file /home/airflow/.local/lib/python3.12/site-packages/airflow/example_dags/example_branch_operator.py for tasks to queue
[2025-04-19T08:29:32.041+0000] {logging_mixin.py:190} INFO - [2025-04-19T08:29:32.040+0000] {dagbag.py:588} INFO - Filling up the DagBag from /home/airflow/.local/lib/python3.12/site-packages/airflow/example_dags/example_branch_operator.py
[2025-04-19T08:29:32.050+0000] {processor.py:925} INFO - DAG(s) 'example_branch_operator' retrieved from /home/airflow/.local/lib/python3.12/site-packages/airflow/example_dags/example_branch_operator.py
[2025-04-19T08:29:32.061+0000] {logging_mixin.py:190} INFO - [2025-04-19T08:29:32.061+0000] {dag.py:3239} INFO - Sync 1 DAGs
[2025-04-19T08:29:32.070+0000] {logging_mixin.py:190} INFO - [2025-04-19T08:29:32.070+0000] {dag.py:4180} INFO - Setting next_dagrun for example_branch_operator to 2025-04-18 00:00:00+00:00, run_after=2025-04-19 00:00:00+00:00
[2025-04-19T08:29:32.077+0000] {processor.py:208} INFO - Processing /home/airflow/.local/lib/python3.12/site-packages/airflow/example_dags/example_branch_operator.py took 0.041 seconds
[2025-04-19T08:30:28.677+0000] {processor.py:186} INFO - Started process (PID=5579) to work on /home/airflow/.local/lib/python3.12/site-packages/airflow/example_dags/example_branch_operator.py
[2025-04-19T08:30:28.678+0000] {processor.py:914} INFO - Processing file /home/airflow/.local/lib/python3.12/site-packages/airflow/example_dags/example_branch_operator.py for tasks to queue
[2025-04-19T08:30:28.679+0000] {logging_mixin.py:190} INFO - [2025-04-19T08:30:28.679+0000] {dagbag.py:588} INFO - Filling up the DagBag from /home/airflow/.local/lib/python3.12/site-packages/airflow/example_dags/example_branch_operator.py
[2025-04-19T08:30:28.686+0000] {processor.py:925} INFO - DAG(s) 'example_branch_operator' retrieved from /home/airflow/.local/lib/python3.12/site-packages/airflow/example_dags/example_branch_operator.py
[2025-04-19T08:30:28.698+0000] {logging_mixin.py:190} INFO - [2025-04-19T08:30:28.698+0000] {dag.py:3239} INFO - Sync 1 DAGs
[2025-04-19T08:30:28.707+0000] {logging_mixin.py:190} INFO - [2025-04-19T08:30:28.707+0000] {dag.py:4180} INFO - Setting next_dagrun for example_branch_operator to 2025-04-18 00:00:00+00:00, run_after=2025-04-19 00:00:00+00:00
[2025-04-19T08:30:28.714+0000] {processor.py:208} INFO - Processing /home/airflow/.local/lib/python3.12/site-packages/airflow/example_dags/example_branch_operator.py took 0.040 seconds
[2025-04-19T08:48:13.420+0000] {processor.py:186} INFO - Started process (PID=5643) to work on /home/airflow/.local/lib/python3.12/site-packages/airflow/example_dags/example_branch_operator.py
[2025-04-19T08:48:13.421+0000] {processor.py:914} INFO - Processing file /home/airflow/.local/lib/python3.12/site-packages/airflow/example_dags/example_branch_operator.py for tasks to queue
[2025-04-19T08:48:13.422+0000] {logging_mixin.py:190} INFO - [2025-04-19T08:48:13.422+0000] {dagbag.py:588} INFO - Filling up the DagBag from /home/airflow/.local/lib/python3.12/site-packages/airflow/example_dags/example_branch_operator.py
[2025-04-19T08:48:13.429+0000] {processor.py:925} INFO - DAG(s) 'example_branch_operator' retrieved from /home/airflow/.local/lib/python3.12/site-packages/airflow/example_dags/example_branch_operator.py
[2025-04-19T08:48:13.440+0000] {logging_mixin.py:190} INFO - [2025-04-19T08:48:13.440+0000] {dag.py:3239} INFO - Sync 1 DAGs
[2025-04-19T08:48:13.449+0000] {logging_mixin.py:190} INFO - [2025-04-19T08:48:13.449+0000] {dag.py:4180} INFO - Setting next_dagrun for example_branch_operator to 2025-04-18 00:00:00+00:00, run_after=2025-04-19 00:00:00+00:00
[2025-04-19T08:48:13.456+0000] {processor.py:208} INFO - Processing /home/airflow/.local/lib/python3.12/site-packages/airflow/example_dags/example_branch_operator.py took 0.038 seconds
[2025-04-19T08:59:44.887+0000] {processor.py:186} INFO - Started process (PID=5707) to work on /home/airflow/.local/lib/python3.12/site-packages/airflow/example_dags/example_branch_operator.py
[2025-04-19T08:59:44.888+0000] {processor.py:914} INFO - Processing file /home/airflow/.local/lib/python3.12/site-packages/airflow/example_dags/example_branch_operator.py for tasks to queue
[2025-04-19T08:59:44.889+0000] {logging_mixin.py:190} INFO - [2025-04-19T08:59:44.889+0000] {dagbag.py:588} INFO - Filling up the DagBag from /home/airflow/.local/lib/python3.12/site-packages/airflow/example_dags/example_branch_operator.py
[2025-04-19T08:59:44.896+0000] {processor.py:925} INFO - DAG(s) 'example_branch_operator' retrieved from /home/airflow/.local/lib/python3.12/site-packages/airflow/example_dags/example_branch_operator.py
[2025-04-19T08:59:44.907+0000] {logging_mixin.py:190} INFO - [2025-04-19T08:59:44.907+0000] {dag.py:3239} INFO - Sync 1 DAGs
[2025-04-19T08:59:44.915+0000] {logging_mixin.py:190} INFO - [2025-04-19T08:59:44.915+0000] {dag.py:4180} INFO - Setting next_dagrun for example_branch_operator to 2025-04-18 00:00:00+00:00, run_after=2025-04-19 00:00:00+00:00
[2025-04-19T08:59:44.921+0000] {processor.py:208} INFO - Processing /home/airflow/.local/lib/python3.12/site-packages/airflow/example_dags/example_branch_operator.py took 0.037 seconds
[2025-04-19T09:00:26.167+0000] {processor.py:186} INFO - Started process (PID=5771) to work on /home/airflow/.local/lib/python3.12/site-packages/airflow/example_dags/example_branch_operator.py
[2025-04-19T09:00:26.167+0000] {processor.py:914} INFO - Processing file /home/airflow/.local/lib/python3.12/site-packages/airflow/example_dags/example_branch_operator.py for tasks to queue
[2025-04-19T09:00:26.168+0000] {logging_mixin.py:190} INFO - [2025-04-19T09:00:26.168+0000] {dagbag.py:588} INFO - Filling up the DagBag from /home/airflow/.local/lib/python3.12/site-packages/airflow/example_dags/example_branch_operator.py
[2025-04-19T09:00:26.175+0000] {processor.py:925} INFO - DAG(s) 'example_branch_operator' retrieved from /home/airflow/.local/lib/python3.12/site-packages/airflow/example_dags/example_branch_operator.py
[2025-04-19T09:00:26.187+0000] {logging_mixin.py:190} INFO - [2025-04-19T09:00:26.187+0000] {dag.py:3239} INFO - Sync 1 DAGs
[2025-04-19T09:00:26.196+0000] {logging_mixin.py:190} INFO - [2025-04-19T09:00:26.196+0000] {dag.py:4180} INFO - Setting next_dagrun for example_branch_operator to 2025-04-18 00:00:00+00:00, run_after=2025-04-19 00:00:00+00:00
[2025-04-19T09:00:26.203+0000] {processor.py:208} INFO - Processing /home/airflow/.local/lib/python3.12/site-packages/airflow/example_dags/example_branch_operator.py took 0.039 seconds
[2025-04-19T09:16:42.331+0000] {processor.py:186} INFO - Started process (PID=5835) to work on /home/airflow/.local/lib/python3.12/site-packages/airflow/example_dags/example_branch_operator.py
[2025-04-19T09:16:42.332+0000] {processor.py:914} INFO - Processing file /home/airflow/.local/lib/python3.12/site-packages/airflow/example_dags/example_branch_operator.py for tasks to queue
[2025-04-19T09:16:42.333+0000] {logging_mixin.py:190} INFO - [2025-04-19T09:16:42.333+0000] {dagbag.py:588} INFO - Filling up the DagBag from /home/airflow/.local/lib/python3.12/site-packages/airflow/example_dags/example_branch_operator.py
[2025-04-19T09:16:42.340+0000] {processor.py:925} INFO - DAG(s) 'example_branch_operator' retrieved from /home/airflow/.local/lib/python3.12/site-packages/airflow/example_dags/example_branch_operator.py
[2025-04-19T09:16:42.353+0000] {logging_mixin.py:190} INFO - [2025-04-19T09:16:42.352+0000] {dag.py:3239} INFO - Sync 1 DAGs
[2025-04-19T09:16:42.362+0000] {logging_mixin.py:190} INFO - [2025-04-19T09:16:42.362+0000] {dag.py:4180} INFO - Setting next_dagrun for example_branch_operator to 2025-04-18 00:00:00+00:00, run_after=2025-04-19 00:00:00+00:00
[2025-04-19T09:16:42.368+0000] {processor.py:208} INFO - Processing /home/airflow/.local/lib/python3.12/site-packages/airflow/example_dags/example_branch_operator.py took 0.040 seconds
[2025-04-19T09:17:13.348+0000] {processor.py:186} INFO - Started process (PID=5899) to work on /home/airflow/.local/lib/python3.12/site-packages/airflow/example_dags/example_branch_operator.py
[2025-04-19T09:17:13.348+0000] {processor.py:914} INFO - Processing file /home/airflow/.local/lib/python3.12/site-packages/airflow/example_dags/example_branch_operator.py for tasks to queue
[2025-04-19T09:17:13.350+0000] {logging_mixin.py:190} INFO - [2025-04-19T09:17:13.349+0000] {dagbag.py:588} INFO - Filling up the DagBag from /home/airflow/.local/lib/python3.12/site-packages/airflow/example_dags/example_branch_operator.py
[2025-04-19T09:17:13.358+0000] {processor.py:925} INFO - DAG(s) 'example_branch_operator' retrieved from /home/airflow/.local/lib/python3.12/site-packages/airflow/example_dags/example_branch_operator.py
[2025-04-19T09:17:13.371+0000] {logging_mixin.py:190} INFO - [2025-04-19T09:17:13.371+0000] {dag.py:3239} INFO - Sync 1 DAGs
[2025-04-19T09:17:13.383+0000] {logging_mixin.py:190} INFO - [2025-04-19T09:17:13.382+0000] {dag.py:4180} INFO - Setting next_dagrun for example_branch_operator to 2025-04-18 00:00:00+00:00, run_after=2025-04-19 00:00:00+00:00
[2025-04-19T09:17:13.391+0000] {processor.py:208} INFO - Processing /home/airflow/.local/lib/python3.12/site-packages/airflow/example_dags/example_branch_operator.py took 0.046 seconds
[2025-04-19T09:21:00.163+0000] {processor.py:186} INFO - Started process (PID=5963) to work on /home/airflow/.local/lib/python3.12/site-packages/airflow/example_dags/example_branch_operator.py
[2025-04-19T09:21:00.164+0000] {processor.py:914} INFO - Processing file /home/airflow/.local/lib/python3.12/site-packages/airflow/example_dags/example_branch_operator.py for tasks to queue
[2025-04-19T09:21:00.165+0000] {logging_mixin.py:190} INFO - [2025-04-19T09:21:00.165+0000] {dagbag.py:588} INFO - Filling up the DagBag from /home/airflow/.local/lib/python3.12/site-packages/airflow/example_dags/example_branch_operator.py
[2025-04-19T09:21:00.172+0000] {processor.py:925} INFO - DAG(s) 'example_branch_operator' retrieved from /home/airflow/.local/lib/python3.12/site-packages/airflow/example_dags/example_branch_operator.py
[2025-04-19T09:21:00.183+0000] {logging_mixin.py:190} INFO - [2025-04-19T09:21:00.183+0000] {dag.py:3239} INFO - Sync 1 DAGs
[2025-04-19T09:21:00.192+0000] {logging_mixin.py:190} INFO - [2025-04-19T09:21:00.192+0000] {dag.py:4180} INFO - Setting next_dagrun for example_branch_operator to 2025-04-18 00:00:00+00:00, run_after=2025-04-19 00:00:00+00:00
[2025-04-19T09:21:00.198+0000] {processor.py:208} INFO - Processing /home/airflow/.local/lib/python3.12/site-packages/airflow/example_dags/example_branch_operator.py took 0.037 seconds
[2025-04-19T09:38:24.013+0000] {processor.py:186} INFO - Started process (PID=6027) to work on /home/airflow/.local/lib/python3.12/site-packages/airflow/example_dags/example_branch_operator.py
[2025-04-19T09:38:24.013+0000] {processor.py:914} INFO - Processing file /home/airflow/.local/lib/python3.12/site-packages/airflow/example_dags/example_branch_operator.py for tasks to queue
[2025-04-19T09:38:24.014+0000] {logging_mixin.py:190} INFO - [2025-04-19T09:38:24.014+0000] {dagbag.py:588} INFO - Filling up the DagBag from /home/airflow/.local/lib/python3.12/site-packages/airflow/example_dags/example_branch_operator.py
[2025-04-19T09:38:24.022+0000] {processor.py:925} INFO - DAG(s) 'example_branch_operator' retrieved from /home/airflow/.local/lib/python3.12/site-packages/airflow/example_dags/example_branch_operator.py
[2025-04-19T09:38:24.034+0000] {logging_mixin.py:190} INFO - [2025-04-19T09:38:24.034+0000] {dag.py:3239} INFO - Sync 1 DAGs
[2025-04-19T09:38:24.044+0000] {logging_mixin.py:190} INFO - [2025-04-19T09:38:24.044+0000] {dag.py:4180} INFO - Setting next_dagrun for example_branch_operator to 2025-04-18 00:00:00+00:00, run_after=2025-04-19 00:00:00+00:00
[2025-04-19T09:38:24.059+0000] {processor.py:208} INFO - Processing /home/airflow/.local/lib/python3.12/site-packages/airflow/example_dags/example_branch_operator.py took 0.049 seconds
[2025-04-19T10:40:29.128+0000] {processor.py:186} INFO - Started process (PID=6091) to work on /home/airflow/.local/lib/python3.12/site-packages/airflow/example_dags/example_branch_operator.py
[2025-04-19T10:40:29.130+0000] {processor.py:914} INFO - Processing file /home/airflow/.local/lib/python3.12/site-packages/airflow/example_dags/example_branch_operator.py for tasks to queue
[2025-04-19T10:40:29.132+0000] {logging_mixin.py:190} INFO - [2025-04-19T10:40:29.131+0000] {dagbag.py:588} INFO - Filling up the DagBag from /home/airflow/.local/lib/python3.12/site-packages/airflow/example_dags/example_branch_operator.py
[2025-04-19T10:40:29.140+0000] {processor.py:925} INFO - DAG(s) 'example_branch_operator' retrieved from /home/airflow/.local/lib/python3.12/site-packages/airflow/example_dags/example_branch_operator.py
[2025-04-19T10:40:29.152+0000] {logging_mixin.py:190} INFO - [2025-04-19T10:40:29.152+0000] {dag.py:3239} INFO - Sync 1 DAGs
[2025-04-19T10:40:29.165+0000] {logging_mixin.py:190} INFO - [2025-04-19T10:40:29.165+0000] {dag.py:4180} INFO - Setting next_dagrun for example_branch_operator to 2025-04-18 00:00:00+00:00, run_after=2025-04-19 00:00:00+00:00
[2025-04-19T10:40:29.177+0000] {processor.py:208} INFO - Processing /home/airflow/.local/lib/python3.12/site-packages/airflow/example_dags/example_branch_operator.py took 0.052 seconds
[2025-04-19T10:45:02.259+0000] {processor.py:186} INFO - Started process (PID=6155) to work on /home/airflow/.local/lib/python3.12/site-packages/airflow/example_dags/example_branch_operator.py
[2025-04-19T10:45:02.260+0000] {processor.py:914} INFO - Processing file /home/airflow/.local/lib/python3.12/site-packages/airflow/example_dags/example_branch_operator.py for tasks to queue
[2025-04-19T10:45:02.261+0000] {logging_mixin.py:190} INFO - [2025-04-19T10:45:02.260+0000] {dagbag.py:588} INFO - Filling up the DagBag from /home/airflow/.local/lib/python3.12/site-packages/airflow/example_dags/example_branch_operator.py
[2025-04-19T10:45:02.269+0000] {processor.py:925} INFO - DAG(s) 'example_branch_operator' retrieved from /home/airflow/.local/lib/python3.12/site-packages/airflow/example_dags/example_branch_operator.py
[2025-04-19T10:45:02.280+0000] {logging_mixin.py:190} INFO - [2025-04-19T10:45:02.280+0000] {dag.py:3239} INFO - Sync 1 DAGs
[2025-04-19T10:45:02.289+0000] {logging_mixin.py:190} INFO - [2025-04-19T10:45:02.288+0000] {dag.py:4180} INFO - Setting next_dagrun for example_branch_operator to 2025-04-18 00:00:00+00:00, run_after=2025-04-19 00:00:00+00:00
[2025-04-19T10:45:02.295+0000] {processor.py:208} INFO - Processing /home/airflow/.local/lib/python3.12/site-packages/airflow/example_dags/example_branch_operator.py took 0.039 seconds
[2025-04-19T11:21:12.126+0000] {processor.py:186} INFO - Started process (PID=6218) to work on /home/airflow/.local/lib/python3.12/site-packages/airflow/example_dags/example_branch_operator.py
[2025-04-19T11:21:12.127+0000] {processor.py:914} INFO - Processing file /home/airflow/.local/lib/python3.12/site-packages/airflow/example_dags/example_branch_operator.py for tasks to queue
[2025-04-19T11:21:12.128+0000] {logging_mixin.py:190} INFO - [2025-04-19T11:21:12.128+0000] {dagbag.py:588} INFO - Filling up the DagBag from /home/airflow/.local/lib/python3.12/site-packages/airflow/example_dags/example_branch_operator.py
[2025-04-19T11:21:12.135+0000] {processor.py:925} INFO - DAG(s) 'example_branch_operator' retrieved from /home/airflow/.local/lib/python3.12/site-packages/airflow/example_dags/example_branch_operator.py
[2025-04-19T11:21:12.146+0000] {logging_mixin.py:190} INFO - [2025-04-19T11:21:12.146+0000] {dag.py:3239} INFO - Sync 1 DAGs
[2025-04-19T11:21:12.155+0000] {logging_mixin.py:190} INFO - [2025-04-19T11:21:12.154+0000] {dag.py:4180} INFO - Setting next_dagrun for example_branch_operator to 2025-04-18 00:00:00+00:00, run_after=2025-04-19 00:00:00+00:00
[2025-04-19T11:21:12.161+0000] {processor.py:208} INFO - Processing /home/airflow/.local/lib/python3.12/site-packages/airflow/example_dags/example_branch_operator.py took 0.037 seconds
[2025-04-19T11:59:37.350+0000] {processor.py:186} INFO - Started process (PID=6282) to work on /home/airflow/.local/lib/python3.12/site-packages/airflow/example_dags/example_branch_operator.py
[2025-04-19T11:59:37.351+0000] {processor.py:914} INFO - Processing file /home/airflow/.local/lib/python3.12/site-packages/airflow/example_dags/example_branch_operator.py for tasks to queue
[2025-04-19T11:59:37.352+0000] {logging_mixin.py:190} INFO - [2025-04-19T11:59:37.352+0000] {dagbag.py:588} INFO - Filling up the DagBag from /home/airflow/.local/lib/python3.12/site-packages/airflow/example_dags/example_branch_operator.py
[2025-04-19T11:59:37.359+0000] {processor.py:925} INFO - DAG(s) 'example_branch_operator' retrieved from /home/airflow/.local/lib/python3.12/site-packages/airflow/example_dags/example_branch_operator.py
[2025-04-19T11:59:37.370+0000] {logging_mixin.py:190} INFO - [2025-04-19T11:59:37.370+0000] {dag.py:3239} INFO - Sync 1 DAGs
[2025-04-19T11:59:37.379+0000] {logging_mixin.py:190} INFO - [2025-04-19T11:59:37.379+0000] {dag.py:4180} INFO - Setting next_dagrun for example_branch_operator to 2025-04-18 00:00:00+00:00, run_after=2025-04-19 00:00:00+00:00
[2025-04-19T11:59:37.387+0000] {processor.py:208} INFO - Processing /home/airflow/.local/lib/python3.12/site-packages/airflow/example_dags/example_branch_operator.py took 0.039 seconds
[2025-04-19T12:19:40.880+0000] {processor.py:186} INFO - Started process (PID=6346) to work on /home/airflow/.local/lib/python3.12/site-packages/airflow/example_dags/example_branch_operator.py
[2025-04-19T12:19:40.880+0000] {processor.py:914} INFO - Processing file /home/airflow/.local/lib/python3.12/site-packages/airflow/example_dags/example_branch_operator.py for tasks to queue
[2025-04-19T12:19:40.881+0000] {logging_mixin.py:190} INFO - [2025-04-19T12:19:40.881+0000] {dagbag.py:588} INFO - Filling up the DagBag from /home/airflow/.local/lib/python3.12/site-packages/airflow/example_dags/example_branch_operator.py
[2025-04-19T12:19:40.888+0000] {processor.py:925} INFO - DAG(s) 'example_branch_operator' retrieved from /home/airflow/.local/lib/python3.12/site-packages/airflow/example_dags/example_branch_operator.py
[2025-04-19T12:19:40.900+0000] {logging_mixin.py:190} INFO - [2025-04-19T12:19:40.900+0000] {dag.py:3239} INFO - Sync 1 DAGs
[2025-04-19T12:19:40.910+0000] {logging_mixin.py:190} INFO - [2025-04-19T12:19:40.910+0000] {dag.py:4180} INFO - Setting next_dagrun for example_branch_operator to 2025-04-18 00:00:00+00:00, run_after=2025-04-19 00:00:00+00:00
[2025-04-19T12:19:40.921+0000] {processor.py:208} INFO - Processing /home/airflow/.local/lib/python3.12/site-packages/airflow/example_dags/example_branch_operator.py took 0.044 seconds
[2025-04-19T13:11:27.750+0000] {processor.py:186} INFO - Started process (PID=6410) to work on /home/airflow/.local/lib/python3.12/site-packages/airflow/example_dags/example_branch_operator.py
[2025-04-19T13:11:27.750+0000] {processor.py:914} INFO - Processing file /home/airflow/.local/lib/python3.12/site-packages/airflow/example_dags/example_branch_operator.py for tasks to queue
[2025-04-19T13:11:27.751+0000] {logging_mixin.py:190} INFO - [2025-04-19T13:11:27.751+0000] {dagbag.py:588} INFO - Filling up the DagBag from /home/airflow/.local/lib/python3.12/site-packages/airflow/example_dags/example_branch_operator.py
[2025-04-19T13:11:27.758+0000] {processor.py:925} INFO - DAG(s) 'example_branch_operator' retrieved from /home/airflow/.local/lib/python3.12/site-packages/airflow/example_dags/example_branch_operator.py
[2025-04-19T13:11:27.770+0000] {logging_mixin.py:190} INFO - [2025-04-19T13:11:27.770+0000] {dag.py:3239} INFO - Sync 1 DAGs
[2025-04-19T13:11:27.779+0000] {logging_mixin.py:190} INFO - [2025-04-19T13:11:27.779+0000] {dag.py:4180} INFO - Setting next_dagrun for example_branch_operator to 2025-04-18 00:00:00+00:00, run_after=2025-04-19 00:00:00+00:00
[2025-04-19T13:11:27.789+0000] {processor.py:208} INFO - Processing /home/airflow/.local/lib/python3.12/site-packages/airflow/example_dags/example_branch_operator.py took 0.042 seconds
[2025-04-19T13:20:40.126+0000] {processor.py:186} INFO - Started process (PID=6474) to work on /home/airflow/.local/lib/python3.12/site-packages/airflow/example_dags/example_branch_operator.py
[2025-04-19T13:20:40.126+0000] {processor.py:914} INFO - Processing file /home/airflow/.local/lib/python3.12/site-packages/airflow/example_dags/example_branch_operator.py for tasks to queue
[2025-04-19T13:20:40.127+0000] {logging_mixin.py:190} INFO - [2025-04-19T13:20:40.127+0000] {dagbag.py:588} INFO - Filling up the DagBag from /home/airflow/.local/lib/python3.12/site-packages/airflow/example_dags/example_branch_operator.py
[2025-04-19T13:20:40.134+0000] {processor.py:925} INFO - DAG(s) 'example_branch_operator' retrieved from /home/airflow/.local/lib/python3.12/site-packages/airflow/example_dags/example_branch_operator.py
[2025-04-19T13:20:40.147+0000] {logging_mixin.py:190} INFO - [2025-04-19T13:20:40.147+0000] {dag.py:3239} INFO - Sync 1 DAGs
[2025-04-19T13:20:40.157+0000] {logging_mixin.py:190} INFO - [2025-04-19T13:20:40.157+0000] {dag.py:4180} INFO - Setting next_dagrun for example_branch_operator to 2025-04-18 00:00:00+00:00, run_after=2025-04-19 00:00:00+00:00
[2025-04-19T13:20:40.167+0000] {processor.py:208} INFO - Processing /home/airflow/.local/lib/python3.12/site-packages/airflow/example_dags/example_branch_operator.py took 0.044 seconds
[2025-04-19T14:21:40.872+0000] {processor.py:186} INFO - Started process (PID=6538) to work on /home/airflow/.local/lib/python3.12/site-packages/airflow/example_dags/example_branch_operator.py
[2025-04-19T14:21:40.873+0000] {processor.py:914} INFO - Processing file /home/airflow/.local/lib/python3.12/site-packages/airflow/example_dags/example_branch_operator.py for tasks to queue
[2025-04-19T14:21:40.874+0000] {logging_mixin.py:190} INFO - [2025-04-19T14:21:40.873+0000] {dagbag.py:588} INFO - Filling up the DagBag from /home/airflow/.local/lib/python3.12/site-packages/airflow/example_dags/example_branch_operator.py
[2025-04-19T14:21:40.881+0000] {processor.py:925} INFO - DAG(s) 'example_branch_operator' retrieved from /home/airflow/.local/lib/python3.12/site-packages/airflow/example_dags/example_branch_operator.py
[2025-04-19T14:21:40.892+0000] {logging_mixin.py:190} INFO - [2025-04-19T14:21:40.892+0000] {dag.py:3239} INFO - Sync 1 DAGs
[2025-04-19T14:21:40.901+0000] {logging_mixin.py:190} INFO - [2025-04-19T14:21:40.901+0000] {dag.py:4180} INFO - Setting next_dagrun for example_branch_operator to 2025-04-18 00:00:00+00:00, run_after=2025-04-19 00:00:00+00:00
[2025-04-19T14:21:40.909+0000] {processor.py:208} INFO - Processing /home/airflow/.local/lib/python3.12/site-packages/airflow/example_dags/example_branch_operator.py took 0.039 seconds
[2025-04-19T14:25:34.103+0000] {processor.py:186} INFO - Started process (PID=6602) to work on /home/airflow/.local/lib/python3.12/site-packages/airflow/example_dags/example_branch_operator.py
[2025-04-19T14:25:34.103+0000] {processor.py:914} INFO - Processing file /home/airflow/.local/lib/python3.12/site-packages/airflow/example_dags/example_branch_operator.py for tasks to queue
[2025-04-19T14:25:34.104+0000] {logging_mixin.py:190} INFO - [2025-04-19T14:25:34.104+0000] {dagbag.py:588} INFO - Filling up the DagBag from /home/airflow/.local/lib/python3.12/site-packages/airflow/example_dags/example_branch_operator.py
[2025-04-19T14:25:34.112+0000] {processor.py:925} INFO - DAG(s) 'example_branch_operator' retrieved from /home/airflow/.local/lib/python3.12/site-packages/airflow/example_dags/example_branch_operator.py
[2025-04-19T14:25:34.124+0000] {logging_mixin.py:190} INFO - [2025-04-19T14:25:34.124+0000] {dag.py:3239} INFO - Sync 1 DAGs
[2025-04-19T14:25:34.134+0000] {logging_mixin.py:190} INFO - [2025-04-19T14:25:34.133+0000] {dag.py:4180} INFO - Setting next_dagrun for example_branch_operator to 2025-04-18 00:00:00+00:00, run_after=2025-04-19 00:00:00+00:00
[2025-04-19T14:25:34.154+0000] {processor.py:208} INFO - Processing /home/airflow/.local/lib/python3.12/site-packages/airflow/example_dags/example_branch_operator.py took 0.053 seconds
[2025-04-19T15:22:36.479+0000] {processor.py:186} INFO - Started process (PID=6666) to work on /home/airflow/.local/lib/python3.12/site-packages/airflow/example_dags/example_branch_operator.py
[2025-04-19T15:22:36.480+0000] {processor.py:914} INFO - Processing file /home/airflow/.local/lib/python3.12/site-packages/airflow/example_dags/example_branch_operator.py for tasks to queue
[2025-04-19T15:22:36.481+0000] {logging_mixin.py:190} INFO - [2025-04-19T15:22:36.481+0000] {dagbag.py:588} INFO - Filling up the DagBag from /home/airflow/.local/lib/python3.12/site-packages/airflow/example_dags/example_branch_operator.py
[2025-04-19T15:22:36.489+0000] {processor.py:925} INFO - DAG(s) 'example_branch_operator' retrieved from /home/airflow/.local/lib/python3.12/site-packages/airflow/example_dags/example_branch_operator.py
[2025-04-19T15:22:36.507+0000] {logging_mixin.py:190} INFO - [2025-04-19T15:22:36.507+0000] {dag.py:3239} INFO - Sync 1 DAGs
[2025-04-19T15:22:36.524+0000] {logging_mixin.py:190} INFO - [2025-04-19T15:22:36.523+0000] {dag.py:4180} INFO - Setting next_dagrun for example_branch_operator to 2025-04-18 00:00:00+00:00, run_after=2025-04-19 00:00:00+00:00
[2025-04-19T15:22:36.537+0000] {processor.py:208} INFO - Processing /home/airflow/.local/lib/python3.12/site-packages/airflow/example_dags/example_branch_operator.py took 0.060 seconds
[2025-04-19T15:44:02.595+0000] {processor.py:186} INFO - Started process (PID=6730) to work on /home/airflow/.local/lib/python3.12/site-packages/airflow/example_dags/example_branch_operator.py
[2025-04-19T15:44:02.595+0000] {processor.py:914} INFO - Processing file /home/airflow/.local/lib/python3.12/site-packages/airflow/example_dags/example_branch_operator.py for tasks to queue
[2025-04-19T15:44:02.597+0000] {logging_mixin.py:190} INFO - [2025-04-19T15:44:02.596+0000] {dagbag.py:588} INFO - Filling up the DagBag from /home/airflow/.local/lib/python3.12/site-packages/airflow/example_dags/example_branch_operator.py
[2025-04-19T15:44:02.604+0000] {processor.py:925} INFO - DAG(s) 'example_branch_operator' retrieved from /home/airflow/.local/lib/python3.12/site-packages/airflow/example_dags/example_branch_operator.py
[2025-04-19T15:44:02.615+0000] {logging_mixin.py:190} INFO - [2025-04-19T15:44:02.615+0000] {dag.py:3239} INFO - Sync 1 DAGs
[2025-04-19T15:44:02.623+0000] {logging_mixin.py:190} INFO - [2025-04-19T15:44:02.623+0000] {dag.py:4180} INFO - Setting next_dagrun for example_branch_operator to 2025-04-18 00:00:00+00:00, run_after=2025-04-19 00:00:00+00:00
[2025-04-19T15:44:02.630+0000] {processor.py:208} INFO - Processing /home/airflow/.local/lib/python3.12/site-packages/airflow/example_dags/example_branch_operator.py took 0.038 seconds
[2025-04-19T16:23:37.591+0000] {processor.py:186} INFO - Started process (PID=6794) to work on /home/airflow/.local/lib/python3.12/site-packages/airflow/example_dags/example_branch_operator.py
[2025-04-19T16:23:37.591+0000] {processor.py:914} INFO - Processing file /home/airflow/.local/lib/python3.12/site-packages/airflow/example_dags/example_branch_operator.py for tasks to queue
[2025-04-19T16:23:37.592+0000] {logging_mixin.py:190} INFO - [2025-04-19T16:23:37.592+0000] {dagbag.py:588} INFO - Filling up the DagBag from /home/airflow/.local/lib/python3.12/site-packages/airflow/example_dags/example_branch_operator.py
[2025-04-19T16:23:37.599+0000] {processor.py:925} INFO - DAG(s) 'example_branch_operator' retrieved from /home/airflow/.local/lib/python3.12/site-packages/airflow/example_dags/example_branch_operator.py
[2025-04-19T16:23:37.611+0000] {logging_mixin.py:190} INFO - [2025-04-19T16:23:37.611+0000] {dag.py:3239} INFO - Sync 1 DAGs
[2025-04-19T16:23:37.621+0000] {logging_mixin.py:190} INFO - [2025-04-19T16:23:37.620+0000] {dag.py:4180} INFO - Setting next_dagrun for example_branch_operator to 2025-04-18 00:00:00+00:00, run_after=2025-04-19 00:00:00+00:00
[2025-04-19T16:23:37.633+0000] {processor.py:208} INFO - Processing /home/airflow/.local/lib/python3.12/site-packages/airflow/example_dags/example_branch_operator.py took 0.045 seconds
[2025-04-19T16:59:44.092+0000] {processor.py:186} INFO - Started process (PID=6858) to work on /home/airflow/.local/lib/python3.12/site-packages/airflow/example_dags/example_branch_operator.py
[2025-04-19T16:59:44.092+0000] {processor.py:914} INFO - Processing file /home/airflow/.local/lib/python3.12/site-packages/airflow/example_dags/example_branch_operator.py for tasks to queue
[2025-04-19T16:59:44.093+0000] {logging_mixin.py:190} INFO - [2025-04-19T16:59:44.093+0000] {dagbag.py:588} INFO - Filling up the DagBag from /home/airflow/.local/lib/python3.12/site-packages/airflow/example_dags/example_branch_operator.py
[2025-04-19T16:59:44.101+0000] {processor.py:925} INFO - DAG(s) 'example_branch_operator' retrieved from /home/airflow/.local/lib/python3.12/site-packages/airflow/example_dags/example_branch_operator.py
[2025-04-19T16:59:44.112+0000] {logging_mixin.py:190} INFO - [2025-04-19T16:59:44.112+0000] {dag.py:3239} INFO - Sync 1 DAGs
[2025-04-19T16:59:44.121+0000] {logging_mixin.py:190} INFO - [2025-04-19T16:59:44.121+0000] {dag.py:4180} INFO - Setting next_dagrun for example_branch_operator to 2025-04-18 00:00:00+00:00, run_after=2025-04-19 00:00:00+00:00
[2025-04-19T16:59:44.134+0000] {processor.py:208} INFO - Processing /home/airflow/.local/lib/python3.12/site-packages/airflow/example_dags/example_branch_operator.py took 0.045 seconds
[2025-04-19T17:02:36.023+0000] {processor.py:186} INFO - Started process (PID=6922) to work on /home/airflow/.local/lib/python3.12/site-packages/airflow/example_dags/example_branch_operator.py
[2025-04-19T17:02:36.023+0000] {processor.py:914} INFO - Processing file /home/airflow/.local/lib/python3.12/site-packages/airflow/example_dags/example_branch_operator.py for tasks to queue
[2025-04-19T17:02:36.024+0000] {logging_mixin.py:190} INFO - [2025-04-19T17:02:36.024+0000] {dagbag.py:588} INFO - Filling up the DagBag from /home/airflow/.local/lib/python3.12/site-packages/airflow/example_dags/example_branch_operator.py
[2025-04-19T17:02:36.031+0000] {processor.py:925} INFO - DAG(s) 'example_branch_operator' retrieved from /home/airflow/.local/lib/python3.12/site-packages/airflow/example_dags/example_branch_operator.py
[2025-04-19T17:02:36.048+0000] {logging_mixin.py:190} INFO - [2025-04-19T17:02:36.048+0000] {dag.py:3239} INFO - Sync 1 DAGs
[2025-04-19T17:02:36.057+0000] {logging_mixin.py:190} INFO - [2025-04-19T17:02:36.057+0000] {dag.py:4180} INFO - Setting next_dagrun for example_branch_operator to 2025-04-18 00:00:00+00:00, run_after=2025-04-19 00:00:00+00:00
[2025-04-19T17:02:36.069+0000] {processor.py:208} INFO - Processing /home/airflow/.local/lib/python3.12/site-packages/airflow/example_dags/example_branch_operator.py took 0.049 seconds
[2025-04-19T17:24:38.959+0000] {processor.py:186} INFO - Started process (PID=6986) to work on /home/airflow/.local/lib/python3.12/site-packages/airflow/example_dags/example_branch_operator.py
[2025-04-19T17:24:38.960+0000] {processor.py:914} INFO - Processing file /home/airflow/.local/lib/python3.12/site-packages/airflow/example_dags/example_branch_operator.py for tasks to queue
[2025-04-19T17:24:38.961+0000] {logging_mixin.py:190} INFO - [2025-04-19T17:24:38.961+0000] {dagbag.py:588} INFO - Filling up the DagBag from /home/airflow/.local/lib/python3.12/site-packages/airflow/example_dags/example_branch_operator.py
[2025-04-19T17:24:38.968+0000] {processor.py:925} INFO - DAG(s) 'example_branch_operator' retrieved from /home/airflow/.local/lib/python3.12/site-packages/airflow/example_dags/example_branch_operator.py
[2025-04-19T17:24:38.980+0000] {logging_mixin.py:190} INFO - [2025-04-19T17:24:38.980+0000] {dag.py:3239} INFO - Sync 1 DAGs
[2025-04-19T17:24:38.990+0000] {logging_mixin.py:190} INFO - [2025-04-19T17:24:38.989+0000] {dag.py:4180} INFO - Setting next_dagrun for example_branch_operator to 2025-04-18 00:00:00+00:00, run_after=2025-04-19 00:00:00+00:00
[2025-04-19T17:24:38.996+0000] {processor.py:208} INFO - Processing /home/airflow/.local/lib/python3.12/site-packages/airflow/example_dags/example_branch_operator.py took 0.039 seconds
[2025-04-19T17:41:23.707+0000] {processor.py:186} INFO - Started process (PID=7050) to work on /home/airflow/.local/lib/python3.12/site-packages/airflow/example_dags/example_branch_operator.py
[2025-04-19T17:41:23.708+0000] {processor.py:914} INFO - Processing file /home/airflow/.local/lib/python3.12/site-packages/airflow/example_dags/example_branch_operator.py for tasks to queue
[2025-04-19T17:41:23.709+0000] {logging_mixin.py:190} INFO - [2025-04-19T17:41:23.709+0000] {dagbag.py:588} INFO - Filling up the DagBag from /home/airflow/.local/lib/python3.12/site-packages/airflow/example_dags/example_branch_operator.py
[2025-04-19T17:41:23.717+0000] {processor.py:925} INFO - DAG(s) 'example_branch_operator' retrieved from /home/airflow/.local/lib/python3.12/site-packages/airflow/example_dags/example_branch_operator.py
[2025-04-19T17:41:23.728+0000] {logging_mixin.py:190} INFO - [2025-04-19T17:41:23.728+0000] {dag.py:3239} INFO - Sync 1 DAGs
[2025-04-19T17:41:23.737+0000] {logging_mixin.py:190} INFO - [2025-04-19T17:41:23.737+0000] {dag.py:4180} INFO - Setting next_dagrun for example_branch_operator to 2025-04-18 00:00:00+00:00, run_after=2025-04-19 00:00:00+00:00
[2025-04-19T17:41:23.748+0000] {processor.py:208} INFO - Processing /home/airflow/.local/lib/python3.12/site-packages/airflow/example_dags/example_branch_operator.py took 0.043 seconds
[2025-04-19T17:42:57.080+0000] {processor.py:186} INFO - Started process (PID=7114) to work on /home/airflow/.local/lib/python3.12/site-packages/airflow/example_dags/example_branch_operator.py
[2025-04-19T17:42:57.080+0000] {processor.py:914} INFO - Processing file /home/airflow/.local/lib/python3.12/site-packages/airflow/example_dags/example_branch_operator.py for tasks to queue
[2025-04-19T17:42:57.082+0000] {logging_mixin.py:190} INFO - [2025-04-19T17:42:57.081+0000] {dagbag.py:588} INFO - Filling up the DagBag from /home/airflow/.local/lib/python3.12/site-packages/airflow/example_dags/example_branch_operator.py
[2025-04-19T17:42:57.089+0000] {processor.py:925} INFO - DAG(s) 'example_branch_operator' retrieved from /home/airflow/.local/lib/python3.12/site-packages/airflow/example_dags/example_branch_operator.py
[2025-04-19T17:42:57.106+0000] {logging_mixin.py:190} INFO - [2025-04-19T17:42:57.106+0000] {dag.py:3239} INFO - Sync 1 DAGs
[2025-04-19T17:42:57.118+0000] {logging_mixin.py:190} INFO - [2025-04-19T17:42:57.118+0000] {dag.py:4180} INFO - Setting next_dagrun for example_branch_operator to 2025-04-18 00:00:00+00:00, run_after=2025-04-19 00:00:00+00:00
[2025-04-19T17:42:57.127+0000] {processor.py:208} INFO - Processing /home/airflow/.local/lib/python3.12/site-packages/airflow/example_dags/example_branch_operator.py took 0.050 seconds
[2025-04-19T17:55:53.492+0000] {processor.py:186} INFO - Started process (PID=7178) to work on /home/airflow/.local/lib/python3.12/site-packages/airflow/example_dags/example_branch_operator.py
[2025-04-19T17:55:53.492+0000] {processor.py:914} INFO - Processing file /home/airflow/.local/lib/python3.12/site-packages/airflow/example_dags/example_branch_operator.py for tasks to queue
[2025-04-19T17:55:53.493+0000] {logging_mixin.py:190} INFO - [2025-04-19T17:55:53.493+0000] {dagbag.py:588} INFO - Filling up the DagBag from /home/airflow/.local/lib/python3.12/site-packages/airflow/example_dags/example_branch_operator.py
[2025-04-19T17:55:53.501+0000] {processor.py:925} INFO - DAG(s) 'example_branch_operator' retrieved from /home/airflow/.local/lib/python3.12/site-packages/airflow/example_dags/example_branch_operator.py
[2025-04-19T17:55:53.515+0000] {logging_mixin.py:190} INFO - [2025-04-19T17:55:53.515+0000] {dag.py:3239} INFO - Sync 1 DAGs
[2025-04-19T17:55:53.524+0000] {logging_mixin.py:190} INFO - [2025-04-19T17:55:53.524+0000] {dag.py:4180} INFO - Setting next_dagrun for example_branch_operator to 2025-04-18 00:00:00+00:00, run_after=2025-04-19 00:00:00+00:00
[2025-04-19T17:55:53.532+0000] {processor.py:208} INFO - Processing /home/airflow/.local/lib/python3.12/site-packages/airflow/example_dags/example_branch_operator.py took 0.042 seconds
[2025-04-19T17:57:05.985+0000] {processor.py:186} INFO - Started process (PID=7242) to work on /home/airflow/.local/lib/python3.12/site-packages/airflow/example_dags/example_branch_operator.py
[2025-04-19T17:57:05.985+0000] {processor.py:914} INFO - Processing file /home/airflow/.local/lib/python3.12/site-packages/airflow/example_dags/example_branch_operator.py for tasks to queue
[2025-04-19T17:57:05.987+0000] {logging_mixin.py:190} INFO - [2025-04-19T17:57:05.986+0000] {dagbag.py:588} INFO - Filling up the DagBag from /home/airflow/.local/lib/python3.12/site-packages/airflow/example_dags/example_branch_operator.py
[2025-04-19T17:57:05.994+0000] {processor.py:925} INFO - DAG(s) 'example_branch_operator' retrieved from /home/airflow/.local/lib/python3.12/site-packages/airflow/example_dags/example_branch_operator.py
[2025-04-19T17:57:06.005+0000] {logging_mixin.py:190} INFO - [2025-04-19T17:57:06.005+0000] {dag.py:3239} INFO - Sync 1 DAGs
[2025-04-19T17:57:06.013+0000] {logging_mixin.py:190} INFO - [2025-04-19T17:57:06.013+0000] {dag.py:4180} INFO - Setting next_dagrun for example_branch_operator to 2025-04-18 00:00:00+00:00, run_after=2025-04-19 00:00:00+00:00
[2025-04-19T17:57:06.025+0000] {processor.py:208} INFO - Processing /home/airflow/.local/lib/python3.12/site-packages/airflow/example_dags/example_branch_operator.py took 0.043 seconds
[2025-04-19T17:58:30.422+0000] {processor.py:186} INFO - Started process (PID=7306) to work on /home/airflow/.local/lib/python3.12/site-packages/airflow/example_dags/example_branch_operator.py
[2025-04-19T17:58:30.422+0000] {processor.py:914} INFO - Processing file /home/airflow/.local/lib/python3.12/site-packages/airflow/example_dags/example_branch_operator.py for tasks to queue
[2025-04-19T17:58:30.423+0000] {logging_mixin.py:190} INFO - [2025-04-19T17:58:30.423+0000] {dagbag.py:588} INFO - Filling up the DagBag from /home/airflow/.local/lib/python3.12/site-packages/airflow/example_dags/example_branch_operator.py
[2025-04-19T17:58:30.432+0000] {processor.py:925} INFO - DAG(s) 'example_branch_operator' retrieved from /home/airflow/.local/lib/python3.12/site-packages/airflow/example_dags/example_branch_operator.py
[2025-04-19T17:58:30.442+0000] {logging_mixin.py:190} INFO - [2025-04-19T17:58:30.442+0000] {dag.py:3239} INFO - Sync 1 DAGs
[2025-04-19T17:58:30.451+0000] {logging_mixin.py:190} INFO - [2025-04-19T17:58:30.451+0000] {dag.py:4180} INFO - Setting next_dagrun for example_branch_operator to 2025-04-18 00:00:00+00:00, run_after=2025-04-19 00:00:00+00:00
[2025-04-19T17:58:30.457+0000] {processor.py:208} INFO - Processing /home/airflow/.local/lib/python3.12/site-packages/airflow/example_dags/example_branch_operator.py took 0.037 seconds
[2025-04-19T18:59:32.283+0000] {processor.py:186} INFO - Started process (PID=7370) to work on /home/airflow/.local/lib/python3.12/site-packages/airflow/example_dags/example_branch_operator.py
[2025-04-19T18:59:32.284+0000] {processor.py:914} INFO - Processing file /home/airflow/.local/lib/python3.12/site-packages/airflow/example_dags/example_branch_operator.py for tasks to queue
[2025-04-19T18:59:32.285+0000] {logging_mixin.py:190} INFO - [2025-04-19T18:59:32.284+0000] {dagbag.py:588} INFO - Filling up the DagBag from /home/airflow/.local/lib/python3.12/site-packages/airflow/example_dags/example_branch_operator.py
[2025-04-19T18:59:32.292+0000] {processor.py:925} INFO - DAG(s) 'example_branch_operator' retrieved from /home/airflow/.local/lib/python3.12/site-packages/airflow/example_dags/example_branch_operator.py
[2025-04-19T18:59:32.304+0000] {logging_mixin.py:190} INFO - [2025-04-19T18:59:32.304+0000] {dag.py:3239} INFO - Sync 1 DAGs
[2025-04-19T18:59:32.313+0000] {logging_mixin.py:190} INFO - [2025-04-19T18:59:32.313+0000] {dag.py:4180} INFO - Setting next_dagrun for example_branch_operator to 2025-04-18 00:00:00+00:00, run_after=2025-04-19 00:00:00+00:00
[2025-04-19T18:59:32.319+0000] {processor.py:208} INFO - Processing /home/airflow/.local/lib/python3.12/site-packages/airflow/example_dags/example_branch_operator.py took 0.039 seconds
[2025-04-19T19:50:44.413+0000] {processor.py:186} INFO - Started process (PID=7434) to work on /home/airflow/.local/lib/python3.12/site-packages/airflow/example_dags/example_branch_operator.py
[2025-04-19T19:50:44.414+0000] {processor.py:914} INFO - Processing file /home/airflow/.local/lib/python3.12/site-packages/airflow/example_dags/example_branch_operator.py for tasks to queue
[2025-04-19T19:50:44.415+0000] {logging_mixin.py:190} INFO - [2025-04-19T19:50:44.415+0000] {dagbag.py:588} INFO - Filling up the DagBag from /home/airflow/.local/lib/python3.12/site-packages/airflow/example_dags/example_branch_operator.py
[2025-04-19T19:50:44.422+0000] {processor.py:925} INFO - DAG(s) 'example_branch_operator' retrieved from /home/airflow/.local/lib/python3.12/site-packages/airflow/example_dags/example_branch_operator.py
[2025-04-19T19:50:44.434+0000] {logging_mixin.py:190} INFO - [2025-04-19T19:50:44.434+0000] {dag.py:3239} INFO - Sync 1 DAGs
[2025-04-19T19:50:44.443+0000] {logging_mixin.py:190} INFO - [2025-04-19T19:50:44.443+0000] {dag.py:4180} INFO - Setting next_dagrun for example_branch_operator to 2025-04-18 00:00:00+00:00, run_after=2025-04-19 00:00:00+00:00
[2025-04-19T19:50:44.450+0000] {processor.py:208} INFO - Processing /home/airflow/.local/lib/python3.12/site-packages/airflow/example_dags/example_branch_operator.py took 0.040 seconds
[2025-04-19T21:13:36.870+0000] {processor.py:186} INFO - Started process (PID=7498) to work on /home/airflow/.local/lib/python3.12/site-packages/airflow/example_dags/example_branch_operator.py
[2025-04-19T21:13:36.871+0000] {processor.py:914} INFO - Processing file /home/airflow/.local/lib/python3.12/site-packages/airflow/example_dags/example_branch_operator.py for tasks to queue
[2025-04-19T21:13:36.872+0000] {logging_mixin.py:190} INFO - [2025-04-19T21:13:36.872+0000] {dagbag.py:588} INFO - Filling up the DagBag from /home/airflow/.local/lib/python3.12/site-packages/airflow/example_dags/example_branch_operator.py
[2025-04-19T21:13:36.880+0000] {processor.py:925} INFO - DAG(s) 'example_branch_operator' retrieved from /home/airflow/.local/lib/python3.12/site-packages/airflow/example_dags/example_branch_operator.py
[2025-04-19T21:13:36.891+0000] {logging_mixin.py:190} INFO - [2025-04-19T21:13:36.891+0000] {dag.py:3239} INFO - Sync 1 DAGs
[2025-04-19T21:13:36.900+0000] {logging_mixin.py:190} INFO - [2025-04-19T21:13:36.900+0000] {dag.py:4180} INFO - Setting next_dagrun for example_branch_operator to 2025-04-18 00:00:00+00:00, run_after=2025-04-19 00:00:00+00:00
[2025-04-19T21:13:36.907+0000] {processor.py:208} INFO - Processing /home/airflow/.local/lib/python3.12/site-packages/airflow/example_dags/example_branch_operator.py took 0.039 seconds
[2025-04-19T22:34:40.024+0000] {processor.py:186} INFO - Started process (PID=7562) to work on /home/airflow/.local/lib/python3.12/site-packages/airflow/example_dags/example_branch_operator.py
[2025-04-19T22:34:40.025+0000] {processor.py:914} INFO - Processing file /home/airflow/.local/lib/python3.12/site-packages/airflow/example_dags/example_branch_operator.py for tasks to queue
[2025-04-19T22:34:40.026+0000] {logging_mixin.py:190} INFO - [2025-04-19T22:34:40.026+0000] {dagbag.py:588} INFO - Filling up the DagBag from /home/airflow/.local/lib/python3.12/site-packages/airflow/example_dags/example_branch_operator.py
[2025-04-19T22:34:40.034+0000] {processor.py:925} INFO - DAG(s) 'example_branch_operator' retrieved from /home/airflow/.local/lib/python3.12/site-packages/airflow/example_dags/example_branch_operator.py
[2025-04-19T22:34:40.048+0000] {logging_mixin.py:190} INFO - [2025-04-19T22:34:40.048+0000] {dag.py:3239} INFO - Sync 1 DAGs
[2025-04-19T22:34:40.057+0000] {logging_mixin.py:190} INFO - [2025-04-19T22:34:40.057+0000] {dag.py:4180} INFO - Setting next_dagrun for example_branch_operator to 2025-04-18 00:00:00+00:00, run_after=2025-04-19 00:00:00+00:00
[2025-04-19T22:34:40.064+0000] {processor.py:208} INFO - Processing /home/airflow/.local/lib/python3.12/site-packages/airflow/example_dags/example_branch_operator.py took 0.042 seconds
