[2025-04-19T00:13:42.986+0000] {processor.py:186} INFO - Started process (PID=4936) to work on /home/airflow/.local/lib/python3.12/site-packages/airflow/example_dags/example_skip_dag.py
[2025-04-19T00:13:42.986+0000] {processor.py:914} INFO - Processing file /home/airflow/.local/lib/python3.12/site-packages/airflow/example_dags/example_skip_dag.py for tasks to queue
[2025-04-19T00:13:42.987+0000] {logging_mixin.py:190} INFO - [2025-04-19T00:13:42.987+0000] {dagbag.py:588} INFO - Filling up the DagBag from /home/airflow/.local/lib/python3.12/site-packages/airflow/example_dags/example_skip_dag.py
[2025-04-19T00:13:42.991+0000] {processor.py:925} INFO - DAG(s) 'example_skip_dag' retrieved from /home/airflow/.local/lib/python3.12/site-packages/airflow/example_dags/example_skip_dag.py
[2025-04-19T00:13:43.001+0000] {logging_mixin.py:190} INFO - [2025-04-19T00:13:43.001+0000] {dag.py:3239} INFO - Sync 1 DAGs
[2025-04-19T00:13:43.010+0000] {logging_mixin.py:190} INFO - [2025-04-19T00:13:43.010+0000] {dag.py:4180} INFO - Setting next_dagrun for example_skip_dag to 2025-04-18 00:00:00+00:00, run_after=2025-04-19 00:00:00+00:00
[2025-04-19T00:13:43.016+0000] {processor.py:208} INFO - Processing /home/airflow/.local/lib/python3.12/site-packages/airflow/example_dags/example_skip_dag.py took 0.033 seconds
[2025-04-19T01:25:52.543+0000] {processor.py:186} INFO - Started process (PID=5000) to work on /home/airflow/.local/lib/python3.12/site-packages/airflow/example_dags/example_skip_dag.py
[2025-04-19T01:25:52.544+0000] {processor.py:914} INFO - Processing file /home/airflow/.local/lib/python3.12/site-packages/airflow/example_dags/example_skip_dag.py for tasks to queue
[2025-04-19T01:25:52.545+0000] {logging_mixin.py:190} INFO - [2025-04-19T01:25:52.544+0000] {dagbag.py:588} INFO - Filling up the DagBag from /home/airflow/.local/lib/python3.12/site-packages/airflow/example_dags/example_skip_dag.py
[2025-04-19T01:25:52.548+0000] {processor.py:925} INFO - DAG(s) 'example_skip_dag' retrieved from /home/airflow/.local/lib/python3.12/site-packages/airflow/example_dags/example_skip_dag.py
[2025-04-19T01:25:52.558+0000] {logging_mixin.py:190} INFO - [2025-04-19T01:25:52.557+0000] {dag.py:3239} INFO - Sync 1 DAGs
[2025-04-19T01:25:52.567+0000] {logging_mixin.py:190} INFO - [2025-04-19T01:25:52.567+0000] {dag.py:4180} INFO - Setting next_dagrun for example_skip_dag to 2025-04-18 00:00:00+00:00, run_after=2025-04-19 00:00:00+00:00
[2025-04-19T01:25:52.573+0000] {processor.py:208} INFO - Processing /home/airflow/.local/lib/python3.12/site-packages/airflow/example_dags/example_skip_dag.py took 0.033 seconds
[2025-04-19T02:58:25.653+0000] {processor.py:186} INFO - Started process (PID=5064) to work on /home/airflow/.local/lib/python3.12/site-packages/airflow/example_dags/example_skip_dag.py
[2025-04-19T02:58:25.654+0000] {processor.py:914} INFO - Processing file /home/airflow/.local/lib/python3.12/site-packages/airflow/example_dags/example_skip_dag.py for tasks to queue
[2025-04-19T02:58:25.655+0000] {logging_mixin.py:190} INFO - [2025-04-19T02:58:25.655+0000] {dagbag.py:588} INFO - Filling up the DagBag from /home/airflow/.local/lib/python3.12/site-packages/airflow/example_dags/example_skip_dag.py
[2025-04-19T02:58:25.661+0000] {processor.py:925} INFO - DAG(s) 'example_skip_dag' retrieved from /home/airflow/.local/lib/python3.12/site-packages/airflow/example_dags/example_skip_dag.py
[2025-04-19T02:58:25.682+0000] {logging_mixin.py:190} INFO - [2025-04-19T02:58:25.682+0000] {dag.py:3239} INFO - Sync 1 DAGs
[2025-04-19T02:58:25.699+0000] {logging_mixin.py:190} INFO - [2025-04-19T02:58:25.699+0000] {dag.py:4180} INFO - Setting next_dagrun for example_skip_dag to 2025-04-18 00:00:00+00:00, run_after=2025-04-19 00:00:00+00:00
[2025-04-19T02:58:25.711+0000] {processor.py:208} INFO - Processing /home/airflow/.local/lib/python3.12/site-packages/airflow/example_dags/example_skip_dag.py took 0.061 seconds
[2025-04-19T03:59:46.278+0000] {processor.py:186} INFO - Started process (PID=5128) to work on /home/airflow/.local/lib/python3.12/site-packages/airflow/example_dags/example_skip_dag.py
[2025-04-19T03:59:46.278+0000] {processor.py:914} INFO - Processing file /home/airflow/.local/lib/python3.12/site-packages/airflow/example_dags/example_skip_dag.py for tasks to queue
[2025-04-19T03:59:46.279+0000] {logging_mixin.py:190} INFO - [2025-04-19T03:59:46.279+0000] {dagbag.py:588} INFO - Filling up the DagBag from /home/airflow/.local/lib/python3.12/site-packages/airflow/example_dags/example_skip_dag.py
[2025-04-19T03:59:46.283+0000] {processor.py:925} INFO - DAG(s) 'example_skip_dag' retrieved from /home/airflow/.local/lib/python3.12/site-packages/airflow/example_dags/example_skip_dag.py
[2025-04-19T03:59:46.293+0000] {logging_mixin.py:190} INFO - [2025-04-19T03:59:46.293+0000] {dag.py:3239} INFO - Sync 1 DAGs
[2025-04-19T03:59:46.302+0000] {logging_mixin.py:190} INFO - [2025-04-19T03:59:46.302+0000] {dag.py:4180} INFO - Setting next_dagrun for example_skip_dag to 2025-04-18 00:00:00+00:00, run_after=2025-04-19 00:00:00+00:00
[2025-04-19T03:59:46.310+0000] {processor.py:208} INFO - Processing /home/airflow/.local/lib/python3.12/site-packages/airflow/example_dags/example_skip_dag.py took 0.035 seconds
[2025-04-19T04:28:51.620+0000] {processor.py:186} INFO - Started process (PID=5192) to work on /home/airflow/.local/lib/python3.12/site-packages/airflow/example_dags/example_skip_dag.py
[2025-04-19T04:28:51.621+0000] {processor.py:914} INFO - Processing file /home/airflow/.local/lib/python3.12/site-packages/airflow/example_dags/example_skip_dag.py for tasks to queue
[2025-04-19T04:28:51.622+0000] {logging_mixin.py:190} INFO - [2025-04-19T04:28:51.622+0000] {dagbag.py:588} INFO - Filling up the DagBag from /home/airflow/.local/lib/python3.12/site-packages/airflow/example_dags/example_skip_dag.py
[2025-04-19T04:28:51.626+0000] {processor.py:925} INFO - DAG(s) 'example_skip_dag' retrieved from /home/airflow/.local/lib/python3.12/site-packages/airflow/example_dags/example_skip_dag.py
[2025-04-19T04:28:51.636+0000] {logging_mixin.py:190} INFO - [2025-04-19T04:28:51.636+0000] {dag.py:3239} INFO - Sync 1 DAGs
[2025-04-19T04:28:51.646+0000] {logging_mixin.py:190} INFO - [2025-04-19T04:28:51.646+0000] {dag.py:4180} INFO - Setting next_dagrun for example_skip_dag to 2025-04-18 00:00:00+00:00, run_after=2025-04-19 00:00:00+00:00
[2025-04-19T04:28:51.653+0000] {processor.py:208} INFO - Processing /home/airflow/.local/lib/python3.12/site-packages/airflow/example_dags/example_skip_dag.py took 0.036 seconds
[2025-04-19T06:03:43.803+0000] {processor.py:186} INFO - Started process (PID=5256) to work on /home/airflow/.local/lib/python3.12/site-packages/airflow/example_dags/example_skip_dag.py
[2025-04-19T06:03:43.804+0000] {processor.py:914} INFO - Processing file /home/airflow/.local/lib/python3.12/site-packages/airflow/example_dags/example_skip_dag.py for tasks to queue
[2025-04-19T06:03:43.805+0000] {logging_mixin.py:190} INFO - [2025-04-19T06:03:43.805+0000] {dagbag.py:588} INFO - Filling up the DagBag from /home/airflow/.local/lib/python3.12/site-packages/airflow/example_dags/example_skip_dag.py
[2025-04-19T06:03:43.809+0000] {processor.py:925} INFO - DAG(s) 'example_skip_dag' retrieved from /home/airflow/.local/lib/python3.12/site-packages/airflow/example_dags/example_skip_dag.py
[2025-04-19T06:03:43.819+0000] {logging_mixin.py:190} INFO - [2025-04-19T06:03:43.819+0000] {dag.py:3239} INFO - Sync 1 DAGs
[2025-04-19T06:03:43.828+0000] {logging_mixin.py:190} INFO - [2025-04-19T06:03:43.828+0000] {dag.py:4180} INFO - Setting next_dagrun for example_skip_dag to 2025-04-18 00:00:00+00:00, run_after=2025-04-19 00:00:00+00:00
[2025-04-19T06:03:43.835+0000] {processor.py:208} INFO - Processing /home/airflow/.local/lib/python3.12/site-packages/airflow/example_dags/example_skip_dag.py took 0.035 seconds
[2025-04-19T06:47:27.916+0000] {processor.py:186} INFO - Started process (PID=5320) to work on /home/airflow/.local/lib/python3.12/site-packages/airflow/example_dags/example_skip_dag.py
[2025-04-19T06:47:27.917+0000] {processor.py:914} INFO - Processing file /home/airflow/.local/lib/python3.12/site-packages/airflow/example_dags/example_skip_dag.py for tasks to queue
[2025-04-19T06:47:27.918+0000] {logging_mixin.py:190} INFO - [2025-04-19T06:47:27.918+0000] {dagbag.py:588} INFO - Filling up the DagBag from /home/airflow/.local/lib/python3.12/site-packages/airflow/example_dags/example_skip_dag.py
[2025-04-19T06:47:27.922+0000] {processor.py:925} INFO - DAG(s) 'example_skip_dag' retrieved from /home/airflow/.local/lib/python3.12/site-packages/airflow/example_dags/example_skip_dag.py
[2025-04-19T06:47:27.931+0000] {logging_mixin.py:190} INFO - [2025-04-19T06:47:27.931+0000] {dag.py:3239} INFO - Sync 1 DAGs
[2025-04-19T06:47:27.940+0000] {logging_mixin.py:190} INFO - [2025-04-19T06:47:27.940+0000] {dag.py:4180} INFO - Setting next_dagrun for example_skip_dag to 2025-04-18 00:00:00+00:00, run_after=2025-04-19 00:00:00+00:00
[2025-04-19T06:47:27.946+0000] {processor.py:208} INFO - Processing /home/airflow/.local/lib/python3.12/site-packages/airflow/example_dags/example_skip_dag.py took 0.033 seconds
[2025-04-19T08:03:59.742+0000] {processor.py:186} INFO - Started process (PID=5384) to work on /home/airflow/.local/lib/python3.12/site-packages/airflow/example_dags/example_skip_dag.py
[2025-04-19T08:03:59.742+0000] {processor.py:914} INFO - Processing file /home/airflow/.local/lib/python3.12/site-packages/airflow/example_dags/example_skip_dag.py for tasks to queue
[2025-04-19T08:03:59.743+0000] {logging_mixin.py:190} INFO - [2025-04-19T08:03:59.743+0000] {dagbag.py:588} INFO - Filling up the DagBag from /home/airflow/.local/lib/python3.12/site-packages/airflow/example_dags/example_skip_dag.py
[2025-04-19T08:03:59.747+0000] {processor.py:925} INFO - DAG(s) 'example_skip_dag' retrieved from /home/airflow/.local/lib/python3.12/site-packages/airflow/example_dags/example_skip_dag.py
[2025-04-19T08:03:59.756+0000] {logging_mixin.py:190} INFO - [2025-04-19T08:03:59.756+0000] {dag.py:3239} INFO - Sync 1 DAGs
[2025-04-19T08:03:59.765+0000] {logging_mixin.py:190} INFO - [2025-04-19T08:03:59.765+0000] {dag.py:4180} INFO - Setting next_dagrun for example_skip_dag to 2025-04-18 00:00:00+00:00, run_after=2025-04-19 00:00:00+00:00
[2025-04-19T08:03:59.771+0000] {processor.py:208} INFO - Processing /home/airflow/.local/lib/python3.12/site-packages/airflow/example_dags/example_skip_dag.py took 0.032 seconds
[2025-04-19T08:27:56.684+0000] {processor.py:186} INFO - Started process (PID=5448) to work on /home/airflow/.local/lib/python3.12/site-packages/airflow/example_dags/example_skip_dag.py
[2025-04-19T08:27:56.685+0000] {processor.py:914} INFO - Processing file /home/airflow/.local/lib/python3.12/site-packages/airflow/example_dags/example_skip_dag.py for tasks to queue
[2025-04-19T08:27:56.686+0000] {logging_mixin.py:190} INFO - [2025-04-19T08:27:56.686+0000] {dagbag.py:588} INFO - Filling up the DagBag from /home/airflow/.local/lib/python3.12/site-packages/airflow/example_dags/example_skip_dag.py
[2025-04-19T08:27:56.690+0000] {processor.py:925} INFO - DAG(s) 'example_skip_dag' retrieved from /home/airflow/.local/lib/python3.12/site-packages/airflow/example_dags/example_skip_dag.py
[2025-04-19T08:27:56.699+0000] {logging_mixin.py:190} INFO - [2025-04-19T08:27:56.699+0000] {dag.py:3239} INFO - Sync 1 DAGs
[2025-04-19T08:27:56.707+0000] {logging_mixin.py:190} INFO - [2025-04-19T08:27:56.707+0000] {dag.py:4180} INFO - Setting next_dagrun for example_skip_dag to 2025-04-18 00:00:00+00:00, run_after=2025-04-19 00:00:00+00:00
[2025-04-19T08:27:56.713+0000] {processor.py:208} INFO - Processing /home/airflow/.local/lib/python3.12/site-packages/airflow/example_dags/example_skip_dag.py took 0.031 seconds
[2025-04-19T08:29:31.915+0000] {processor.py:186} INFO - Started process (PID=5512) to work on /home/airflow/.local/lib/python3.12/site-packages/airflow/example_dags/example_skip_dag.py
[2025-04-19T08:29:31.916+0000] {processor.py:914} INFO - Processing file /home/airflow/.local/lib/python3.12/site-packages/airflow/example_dags/example_skip_dag.py for tasks to queue
[2025-04-19T08:29:31.917+0000] {logging_mixin.py:190} INFO - [2025-04-19T08:29:31.917+0000] {dagbag.py:588} INFO - Filling up the DagBag from /home/airflow/.local/lib/python3.12/site-packages/airflow/example_dags/example_skip_dag.py
[2025-04-19T08:29:31.921+0000] {processor.py:925} INFO - DAG(s) 'example_skip_dag' retrieved from /home/airflow/.local/lib/python3.12/site-packages/airflow/example_dags/example_skip_dag.py
[2025-04-19T08:29:31.930+0000] {logging_mixin.py:190} INFO - [2025-04-19T08:29:31.930+0000] {dag.py:3239} INFO - Sync 1 DAGs
[2025-04-19T08:29:31.939+0000] {logging_mixin.py:190} INFO - [2025-04-19T08:29:31.938+0000] {dag.py:4180} INFO - Setting next_dagrun for example_skip_dag to 2025-04-18 00:00:00+00:00, run_after=2025-04-19 00:00:00+00:00
[2025-04-19T08:29:31.945+0000] {processor.py:208} INFO - Processing /home/airflow/.local/lib/python3.12/site-packages/airflow/example_dags/example_skip_dag.py took 0.032 seconds
[2025-04-19T08:30:28.547+0000] {processor.py:186} INFO - Started process (PID=5576) to work on /home/airflow/.local/lib/python3.12/site-packages/airflow/example_dags/example_skip_dag.py
[2025-04-19T08:30:28.548+0000] {processor.py:914} INFO - Processing file /home/airflow/.local/lib/python3.12/site-packages/airflow/example_dags/example_skip_dag.py for tasks to queue
[2025-04-19T08:30:28.549+0000] {logging_mixin.py:190} INFO - [2025-04-19T08:30:28.548+0000] {dagbag.py:588} INFO - Filling up the DagBag from /home/airflow/.local/lib/python3.12/site-packages/airflow/example_dags/example_skip_dag.py
[2025-04-19T08:30:28.552+0000] {processor.py:925} INFO - DAG(s) 'example_skip_dag' retrieved from /home/airflow/.local/lib/python3.12/site-packages/airflow/example_dags/example_skip_dag.py
[2025-04-19T08:30:28.562+0000] {logging_mixin.py:190} INFO - [2025-04-19T08:30:28.562+0000] {dag.py:3239} INFO - Sync 1 DAGs
[2025-04-19T08:30:28.572+0000] {logging_mixin.py:190} INFO - [2025-04-19T08:30:28.572+0000] {dag.py:4180} INFO - Setting next_dagrun for example_skip_dag to 2025-04-18 00:00:00+00:00, run_after=2025-04-19 00:00:00+00:00
[2025-04-19T08:30:28.579+0000] {processor.py:208} INFO - Processing /home/airflow/.local/lib/python3.12/site-packages/airflow/example_dags/example_skip_dag.py took 0.034 seconds
[2025-04-19T08:48:13.293+0000] {processor.py:186} INFO - Started process (PID=5640) to work on /home/airflow/.local/lib/python3.12/site-packages/airflow/example_dags/example_skip_dag.py
[2025-04-19T08:48:13.293+0000] {processor.py:914} INFO - Processing file /home/airflow/.local/lib/python3.12/site-packages/airflow/example_dags/example_skip_dag.py for tasks to queue
[2025-04-19T08:48:13.294+0000] {logging_mixin.py:190} INFO - [2025-04-19T08:48:13.294+0000] {dagbag.py:588} INFO - Filling up the DagBag from /home/airflow/.local/lib/python3.12/site-packages/airflow/example_dags/example_skip_dag.py
[2025-04-19T08:48:13.298+0000] {processor.py:925} INFO - DAG(s) 'example_skip_dag' retrieved from /home/airflow/.local/lib/python3.12/site-packages/airflow/example_dags/example_skip_dag.py
[2025-04-19T08:48:13.308+0000] {logging_mixin.py:190} INFO - [2025-04-19T08:48:13.308+0000] {dag.py:3239} INFO - Sync 1 DAGs
[2025-04-19T08:48:13.316+0000] {logging_mixin.py:190} INFO - [2025-04-19T08:48:13.316+0000] {dag.py:4180} INFO - Setting next_dagrun for example_skip_dag to 2025-04-18 00:00:00+00:00, run_after=2025-04-19 00:00:00+00:00
[2025-04-19T08:48:13.323+0000] {processor.py:208} INFO - Processing /home/airflow/.local/lib/python3.12/site-packages/airflow/example_dags/example_skip_dag.py took 0.032 seconds
[2025-04-19T08:59:44.767+0000] {processor.py:186} INFO - Started process (PID=5704) to work on /home/airflow/.local/lib/python3.12/site-packages/airflow/example_dags/example_skip_dag.py
[2025-04-19T08:59:44.768+0000] {processor.py:914} INFO - Processing file /home/airflow/.local/lib/python3.12/site-packages/airflow/example_dags/example_skip_dag.py for tasks to queue
[2025-04-19T08:59:44.769+0000] {logging_mixin.py:190} INFO - [2025-04-19T08:59:44.769+0000] {dagbag.py:588} INFO - Filling up the DagBag from /home/airflow/.local/lib/python3.12/site-packages/airflow/example_dags/example_skip_dag.py
[2025-04-19T08:59:44.772+0000] {processor.py:925} INFO - DAG(s) 'example_skip_dag' retrieved from /home/airflow/.local/lib/python3.12/site-packages/airflow/example_dags/example_skip_dag.py
[2025-04-19T08:59:44.781+0000] {logging_mixin.py:190} INFO - [2025-04-19T08:59:44.781+0000] {dag.py:3239} INFO - Sync 1 DAGs
[2025-04-19T08:59:44.790+0000] {logging_mixin.py:190} INFO - [2025-04-19T08:59:44.790+0000] {dag.py:4180} INFO - Setting next_dagrun for example_skip_dag to 2025-04-18 00:00:00+00:00, run_after=2025-04-19 00:00:00+00:00
[2025-04-19T08:59:44.797+0000] {processor.py:208} INFO - Processing /home/airflow/.local/lib/python3.12/site-packages/airflow/example_dags/example_skip_dag.py took 0.032 seconds
[2025-04-19T09:00:26.047+0000] {processor.py:186} INFO - Started process (PID=5768) to work on /home/airflow/.local/lib/python3.12/site-packages/airflow/example_dags/example_skip_dag.py
[2025-04-19T09:00:26.047+0000] {processor.py:914} INFO - Processing file /home/airflow/.local/lib/python3.12/site-packages/airflow/example_dags/example_skip_dag.py for tasks to queue
[2025-04-19T09:00:26.048+0000] {logging_mixin.py:190} INFO - [2025-04-19T09:00:26.048+0000] {dagbag.py:588} INFO - Filling up the DagBag from /home/airflow/.local/lib/python3.12/site-packages/airflow/example_dags/example_skip_dag.py
[2025-04-19T09:00:26.051+0000] {processor.py:925} INFO - DAG(s) 'example_skip_dag' retrieved from /home/airflow/.local/lib/python3.12/site-packages/airflow/example_dags/example_skip_dag.py
[2025-04-19T09:00:26.060+0000] {logging_mixin.py:190} INFO - [2025-04-19T09:00:26.060+0000] {dag.py:3239} INFO - Sync 1 DAGs
[2025-04-19T09:00:26.068+0000] {logging_mixin.py:190} INFO - [2025-04-19T09:00:26.068+0000] {dag.py:4180} INFO - Setting next_dagrun for example_skip_dag to 2025-04-18 00:00:00+00:00, run_after=2025-04-19 00:00:00+00:00
[2025-04-19T09:00:26.074+0000] {processor.py:208} INFO - Processing /home/airflow/.local/lib/python3.12/site-packages/airflow/example_dags/example_skip_dag.py took 0.030 seconds
[2025-04-19T09:16:42.180+0000] {processor.py:186} INFO - Started process (PID=5832) to work on /home/airflow/.local/lib/python3.12/site-packages/airflow/example_dags/example_skip_dag.py
[2025-04-19T09:16:42.180+0000] {processor.py:914} INFO - Processing file /home/airflow/.local/lib/python3.12/site-packages/airflow/example_dags/example_skip_dag.py for tasks to queue
[2025-04-19T09:16:42.181+0000] {logging_mixin.py:190} INFO - [2025-04-19T09:16:42.181+0000] {dagbag.py:588} INFO - Filling up the DagBag from /home/airflow/.local/lib/python3.12/site-packages/airflow/example_dags/example_skip_dag.py
[2025-04-19T09:16:42.185+0000] {processor.py:925} INFO - DAG(s) 'example_skip_dag' retrieved from /home/airflow/.local/lib/python3.12/site-packages/airflow/example_dags/example_skip_dag.py
[2025-04-19T09:16:42.194+0000] {logging_mixin.py:190} INFO - [2025-04-19T09:16:42.194+0000] {dag.py:3239} INFO - Sync 1 DAGs
[2025-04-19T09:16:42.201+0000] {logging_mixin.py:190} INFO - [2025-04-19T09:16:42.201+0000] {dag.py:4180} INFO - Setting next_dagrun for example_skip_dag to 2025-04-18 00:00:00+00:00, run_after=2025-04-19 00:00:00+00:00
[2025-04-19T09:16:42.207+0000] {processor.py:208} INFO - Processing /home/airflow/.local/lib/python3.12/site-packages/airflow/example_dags/example_skip_dag.py took 0.030 seconds
[2025-04-19T09:17:13.219+0000] {processor.py:186} INFO - Started process (PID=5896) to work on /home/airflow/.local/lib/python3.12/site-packages/airflow/example_dags/example_skip_dag.py
[2025-04-19T09:17:13.220+0000] {processor.py:914} INFO - Processing file /home/airflow/.local/lib/python3.12/site-packages/airflow/example_dags/example_skip_dag.py for tasks to queue
[2025-04-19T09:17:13.222+0000] {logging_mixin.py:190} INFO - [2025-04-19T09:17:13.222+0000] {dagbag.py:588} INFO - Filling up the DagBag from /home/airflow/.local/lib/python3.12/site-packages/airflow/example_dags/example_skip_dag.py
[2025-04-19T09:17:13.226+0000] {processor.py:925} INFO - DAG(s) 'example_skip_dag' retrieved from /home/airflow/.local/lib/python3.12/site-packages/airflow/example_dags/example_skip_dag.py
[2025-04-19T09:17:13.235+0000] {logging_mixin.py:190} INFO - [2025-04-19T09:17:13.235+0000] {dag.py:3239} INFO - Sync 1 DAGs
[2025-04-19T09:17:13.244+0000] {logging_mixin.py:190} INFO - [2025-04-19T09:17:13.244+0000] {dag.py:4180} INFO - Setting next_dagrun for example_skip_dag to 2025-04-18 00:00:00+00:00, run_after=2025-04-19 00:00:00+00:00
[2025-04-19T09:17:13.251+0000] {processor.py:208} INFO - Processing /home/airflow/.local/lib/python3.12/site-packages/airflow/example_dags/example_skip_dag.py took 0.035 seconds
[2025-04-19T09:21:00.041+0000] {processor.py:186} INFO - Started process (PID=5960) to work on /home/airflow/.local/lib/python3.12/site-packages/airflow/example_dags/example_skip_dag.py
[2025-04-19T09:21:00.042+0000] {processor.py:914} INFO - Processing file /home/airflow/.local/lib/python3.12/site-packages/airflow/example_dags/example_skip_dag.py for tasks to queue
[2025-04-19T09:21:00.043+0000] {logging_mixin.py:190} INFO - [2025-04-19T09:21:00.043+0000] {dagbag.py:588} INFO - Filling up the DagBag from /home/airflow/.local/lib/python3.12/site-packages/airflow/example_dags/example_skip_dag.py
[2025-04-19T09:21:00.047+0000] {processor.py:925} INFO - DAG(s) 'example_skip_dag' retrieved from /home/airflow/.local/lib/python3.12/site-packages/airflow/example_dags/example_skip_dag.py
[2025-04-19T09:21:00.056+0000] {logging_mixin.py:190} INFO - [2025-04-19T09:21:00.056+0000] {dag.py:3239} INFO - Sync 1 DAGs
[2025-04-19T09:21:00.064+0000] {logging_mixin.py:190} INFO - [2025-04-19T09:21:00.064+0000] {dag.py:4180} INFO - Setting next_dagrun for example_skip_dag to 2025-04-18 00:00:00+00:00, run_after=2025-04-19 00:00:00+00:00
[2025-04-19T09:21:00.071+0000] {processor.py:208} INFO - Processing /home/airflow/.local/lib/python3.12/site-packages/airflow/example_dags/example_skip_dag.py took 0.032 seconds
[2025-04-19T09:38:23.859+0000] {processor.py:186} INFO - Started process (PID=6024) to work on /home/airflow/.local/lib/python3.12/site-packages/airflow/example_dags/example_skip_dag.py
[2025-04-19T09:38:23.859+0000] {processor.py:914} INFO - Processing file /home/airflow/.local/lib/python3.12/site-packages/airflow/example_dags/example_skip_dag.py for tasks to queue
[2025-04-19T09:38:23.861+0000] {logging_mixin.py:190} INFO - [2025-04-19T09:38:23.861+0000] {dagbag.py:588} INFO - Filling up the DagBag from /home/airflow/.local/lib/python3.12/site-packages/airflow/example_dags/example_skip_dag.py
[2025-04-19T09:38:23.865+0000] {processor.py:925} INFO - DAG(s) 'example_skip_dag' retrieved from /home/airflow/.local/lib/python3.12/site-packages/airflow/example_dags/example_skip_dag.py
[2025-04-19T09:38:23.876+0000] {logging_mixin.py:190} INFO - [2025-04-19T09:38:23.876+0000] {dag.py:3239} INFO - Sync 1 DAGs
[2025-04-19T09:38:23.888+0000] {logging_mixin.py:190} INFO - [2025-04-19T09:38:23.887+0000] {dag.py:4180} INFO - Setting next_dagrun for example_skip_dag to 2025-04-18 00:00:00+00:00, run_after=2025-04-19 00:00:00+00:00
[2025-04-19T09:38:23.897+0000] {processor.py:208} INFO - Processing /home/airflow/.local/lib/python3.12/site-packages/airflow/example_dags/example_skip_dag.py took 0.041 seconds
[2025-04-19T10:40:28.978+0000] {processor.py:186} INFO - Started process (PID=6088) to work on /home/airflow/.local/lib/python3.12/site-packages/airflow/example_dags/example_skip_dag.py
[2025-04-19T10:40:28.978+0000] {processor.py:914} INFO - Processing file /home/airflow/.local/lib/python3.12/site-packages/airflow/example_dags/example_skip_dag.py for tasks to queue
[2025-04-19T10:40:28.979+0000] {logging_mixin.py:190} INFO - [2025-04-19T10:40:28.979+0000] {dagbag.py:588} INFO - Filling up the DagBag from /home/airflow/.local/lib/python3.12/site-packages/airflow/example_dags/example_skip_dag.py
[2025-04-19T10:40:28.983+0000] {processor.py:925} INFO - DAG(s) 'example_skip_dag' retrieved from /home/airflow/.local/lib/python3.12/site-packages/airflow/example_dags/example_skip_dag.py
[2025-04-19T10:40:28.992+0000] {logging_mixin.py:190} INFO - [2025-04-19T10:40:28.992+0000] {dag.py:3239} INFO - Sync 1 DAGs
[2025-04-19T10:40:29.001+0000] {logging_mixin.py:190} INFO - [2025-04-19T10:40:29.001+0000] {dag.py:4180} INFO - Setting next_dagrun for example_skip_dag to 2025-04-18 00:00:00+00:00, run_after=2025-04-19 00:00:00+00:00
[2025-04-19T10:40:29.012+0000] {processor.py:208} INFO - Processing /home/airflow/.local/lib/python3.12/site-packages/airflow/example_dags/example_skip_dag.py took 0.037 seconds
[2025-04-19T10:45:02.137+0000] {processor.py:186} INFO - Started process (PID=6152) to work on /home/airflow/.local/lib/python3.12/site-packages/airflow/example_dags/example_skip_dag.py
[2025-04-19T10:45:02.138+0000] {processor.py:914} INFO - Processing file /home/airflow/.local/lib/python3.12/site-packages/airflow/example_dags/example_skip_dag.py for tasks to queue
[2025-04-19T10:45:02.139+0000] {logging_mixin.py:190} INFO - [2025-04-19T10:45:02.139+0000] {dagbag.py:588} INFO - Filling up the DagBag from /home/airflow/.local/lib/python3.12/site-packages/airflow/example_dags/example_skip_dag.py
[2025-04-19T10:45:02.143+0000] {processor.py:925} INFO - DAG(s) 'example_skip_dag' retrieved from /home/airflow/.local/lib/python3.12/site-packages/airflow/example_dags/example_skip_dag.py
[2025-04-19T10:45:02.152+0000] {logging_mixin.py:190} INFO - [2025-04-19T10:45:02.152+0000] {dag.py:3239} INFO - Sync 1 DAGs
[2025-04-19T10:45:02.161+0000] {logging_mixin.py:190} INFO - [2025-04-19T10:45:02.161+0000] {dag.py:4180} INFO - Setting next_dagrun for example_skip_dag to 2025-04-18 00:00:00+00:00, run_after=2025-04-19 00:00:00+00:00
[2025-04-19T10:45:02.167+0000] {processor.py:208} INFO - Processing /home/airflow/.local/lib/python3.12/site-packages/airflow/example_dags/example_skip_dag.py took 0.033 seconds
[2025-04-19T11:21:12.001+0000] {processor.py:186} INFO - Started process (PID=6215) to work on /home/airflow/.local/lib/python3.12/site-packages/airflow/example_dags/example_skip_dag.py
[2025-04-19T11:21:12.001+0000] {processor.py:914} INFO - Processing file /home/airflow/.local/lib/python3.12/site-packages/airflow/example_dags/example_skip_dag.py for tasks to queue
[2025-04-19T11:21:12.002+0000] {logging_mixin.py:190} INFO - [2025-04-19T11:21:12.002+0000] {dagbag.py:588} INFO - Filling up the DagBag from /home/airflow/.local/lib/python3.12/site-packages/airflow/example_dags/example_skip_dag.py
[2025-04-19T11:21:12.006+0000] {processor.py:925} INFO - DAG(s) 'example_skip_dag' retrieved from /home/airflow/.local/lib/python3.12/site-packages/airflow/example_dags/example_skip_dag.py
[2025-04-19T11:21:12.016+0000] {logging_mixin.py:190} INFO - [2025-04-19T11:21:12.016+0000] {dag.py:3239} INFO - Sync 1 DAGs
[2025-04-19T11:21:12.024+0000] {logging_mixin.py:190} INFO - [2025-04-19T11:21:12.024+0000] {dag.py:4180} INFO - Setting next_dagrun for example_skip_dag to 2025-04-18 00:00:00+00:00, run_after=2025-04-19 00:00:00+00:00
[2025-04-19T11:21:12.031+0000] {processor.py:208} INFO - Processing /home/airflow/.local/lib/python3.12/site-packages/airflow/example_dags/example_skip_dag.py took 0.033 seconds
[2025-04-19T11:59:37.215+0000] {processor.py:186} INFO - Started process (PID=6279) to work on /home/airflow/.local/lib/python3.12/site-packages/airflow/example_dags/example_skip_dag.py
[2025-04-19T11:59:37.216+0000] {processor.py:914} INFO - Processing file /home/airflow/.local/lib/python3.12/site-packages/airflow/example_dags/example_skip_dag.py for tasks to queue
[2025-04-19T11:59:37.217+0000] {logging_mixin.py:190} INFO - [2025-04-19T11:59:37.217+0000] {dagbag.py:588} INFO - Filling up the DagBag from /home/airflow/.local/lib/python3.12/site-packages/airflow/example_dags/example_skip_dag.py
[2025-04-19T11:59:37.221+0000] {processor.py:925} INFO - DAG(s) 'example_skip_dag' retrieved from /home/airflow/.local/lib/python3.12/site-packages/airflow/example_dags/example_skip_dag.py
[2025-04-19T11:59:37.230+0000] {logging_mixin.py:190} INFO - [2025-04-19T11:59:37.230+0000] {dag.py:3239} INFO - Sync 1 DAGs
[2025-04-19T11:59:37.239+0000] {logging_mixin.py:190} INFO - [2025-04-19T11:59:37.239+0000] {dag.py:4180} INFO - Setting next_dagrun for example_skip_dag to 2025-04-18 00:00:00+00:00, run_after=2025-04-19 00:00:00+00:00
[2025-04-19T11:59:37.246+0000] {processor.py:208} INFO - Processing /home/airflow/.local/lib/python3.12/site-packages/airflow/example_dags/example_skip_dag.py took 0.034 seconds
[2025-04-19T12:19:40.759+0000] {processor.py:186} INFO - Started process (PID=6343) to work on /home/airflow/.local/lib/python3.12/site-packages/airflow/example_dags/example_skip_dag.py
[2025-04-19T12:19:40.760+0000] {processor.py:914} INFO - Processing file /home/airflow/.local/lib/python3.12/site-packages/airflow/example_dags/example_skip_dag.py for tasks to queue
[2025-04-19T12:19:40.761+0000] {logging_mixin.py:190} INFO - [2025-04-19T12:19:40.761+0000] {dagbag.py:588} INFO - Filling up the DagBag from /home/airflow/.local/lib/python3.12/site-packages/airflow/example_dags/example_skip_dag.py
[2025-04-19T12:19:40.765+0000] {processor.py:925} INFO - DAG(s) 'example_skip_dag' retrieved from /home/airflow/.local/lib/python3.12/site-packages/airflow/example_dags/example_skip_dag.py
[2025-04-19T12:19:40.774+0000] {logging_mixin.py:190} INFO - [2025-04-19T12:19:40.774+0000] {dag.py:3239} INFO - Sync 1 DAGs
[2025-04-19T12:19:40.782+0000] {logging_mixin.py:190} INFO - [2025-04-19T12:19:40.782+0000] {dag.py:4180} INFO - Setting next_dagrun for example_skip_dag to 2025-04-18 00:00:00+00:00, run_after=2025-04-19 00:00:00+00:00
[2025-04-19T12:19:40.789+0000] {processor.py:208} INFO - Processing /home/airflow/.local/lib/python3.12/site-packages/airflow/example_dags/example_skip_dag.py took 0.032 seconds
[2025-04-19T13:11:27.618+0000] {processor.py:186} INFO - Started process (PID=6407) to work on /home/airflow/.local/lib/python3.12/site-packages/airflow/example_dags/example_skip_dag.py
[2025-04-19T13:11:27.619+0000] {processor.py:914} INFO - Processing file /home/airflow/.local/lib/python3.12/site-packages/airflow/example_dags/example_skip_dag.py for tasks to queue
[2025-04-19T13:11:27.620+0000] {logging_mixin.py:190} INFO - [2025-04-19T13:11:27.620+0000] {dagbag.py:588} INFO - Filling up the DagBag from /home/airflow/.local/lib/python3.12/site-packages/airflow/example_dags/example_skip_dag.py
[2025-04-19T13:11:27.623+0000] {processor.py:925} INFO - DAG(s) 'example_skip_dag' retrieved from /home/airflow/.local/lib/python3.12/site-packages/airflow/example_dags/example_skip_dag.py
[2025-04-19T13:11:27.633+0000] {logging_mixin.py:190} INFO - [2025-04-19T13:11:27.633+0000] {dag.py:3239} INFO - Sync 1 DAGs
[2025-04-19T13:11:27.642+0000] {logging_mixin.py:190} INFO - [2025-04-19T13:11:27.641+0000] {dag.py:4180} INFO - Setting next_dagrun for example_skip_dag to 2025-04-18 00:00:00+00:00, run_after=2025-04-19 00:00:00+00:00
[2025-04-19T13:11:27.648+0000] {processor.py:208} INFO - Processing /home/airflow/.local/lib/python3.12/site-packages/airflow/example_dags/example_skip_dag.py took 0.032 seconds
[2025-04-19T13:20:39.995+0000] {processor.py:186} INFO - Started process (PID=6471) to work on /home/airflow/.local/lib/python3.12/site-packages/airflow/example_dags/example_skip_dag.py
[2025-04-19T13:20:39.996+0000] {processor.py:914} INFO - Processing file /home/airflow/.local/lib/python3.12/site-packages/airflow/example_dags/example_skip_dag.py for tasks to queue
[2025-04-19T13:20:39.997+0000] {logging_mixin.py:190} INFO - [2025-04-19T13:20:39.996+0000] {dagbag.py:588} INFO - Filling up the DagBag from /home/airflow/.local/lib/python3.12/site-packages/airflow/example_dags/example_skip_dag.py
[2025-04-19T13:20:40.001+0000] {processor.py:925} INFO - DAG(s) 'example_skip_dag' retrieved from /home/airflow/.local/lib/python3.12/site-packages/airflow/example_dags/example_skip_dag.py
[2025-04-19T13:20:40.012+0000] {logging_mixin.py:190} INFO - [2025-04-19T13:20:40.012+0000] {dag.py:3239} INFO - Sync 1 DAGs
[2025-04-19T13:20:40.022+0000] {logging_mixin.py:190} INFO - [2025-04-19T13:20:40.022+0000] {dag.py:4180} INFO - Setting next_dagrun for example_skip_dag to 2025-04-18 00:00:00+00:00, run_after=2025-04-19 00:00:00+00:00
[2025-04-19T13:20:40.029+0000] {processor.py:208} INFO - Processing /home/airflow/.local/lib/python3.12/site-packages/airflow/example_dags/example_skip_dag.py took 0.037 seconds
[2025-04-19T14:21:40.751+0000] {processor.py:186} INFO - Started process (PID=6535) to work on /home/airflow/.local/lib/python3.12/site-packages/airflow/example_dags/example_skip_dag.py
[2025-04-19T14:21:40.752+0000] {processor.py:914} INFO - Processing file /home/airflow/.local/lib/python3.12/site-packages/airflow/example_dags/example_skip_dag.py for tasks to queue
[2025-04-19T14:21:40.753+0000] {logging_mixin.py:190} INFO - [2025-04-19T14:21:40.752+0000] {dagbag.py:588} INFO - Filling up the DagBag from /home/airflow/.local/lib/python3.12/site-packages/airflow/example_dags/example_skip_dag.py
[2025-04-19T14:21:40.756+0000] {processor.py:925} INFO - DAG(s) 'example_skip_dag' retrieved from /home/airflow/.local/lib/python3.12/site-packages/airflow/example_dags/example_skip_dag.py
[2025-04-19T14:21:40.766+0000] {logging_mixin.py:190} INFO - [2025-04-19T14:21:40.766+0000] {dag.py:3239} INFO - Sync 1 DAGs
[2025-04-19T14:21:40.775+0000] {logging_mixin.py:190} INFO - [2025-04-19T14:21:40.775+0000] {dag.py:4180} INFO - Setting next_dagrun for example_skip_dag to 2025-04-18 00:00:00+00:00, run_after=2025-04-19 00:00:00+00:00
[2025-04-19T14:21:40.781+0000] {processor.py:208} INFO - Processing /home/airflow/.local/lib/python3.12/site-packages/airflow/example_dags/example_skip_dag.py took 0.033 seconds
[2025-04-19T14:25:33.980+0000] {processor.py:186} INFO - Started process (PID=6599) to work on /home/airflow/.local/lib/python3.12/site-packages/airflow/example_dags/example_skip_dag.py
[2025-04-19T14:25:33.981+0000] {processor.py:914} INFO - Processing file /home/airflow/.local/lib/python3.12/site-packages/airflow/example_dags/example_skip_dag.py for tasks to queue
[2025-04-19T14:25:33.982+0000] {logging_mixin.py:190} INFO - [2025-04-19T14:25:33.982+0000] {dagbag.py:588} INFO - Filling up the DagBag from /home/airflow/.local/lib/python3.12/site-packages/airflow/example_dags/example_skip_dag.py
[2025-04-19T14:25:33.986+0000] {processor.py:925} INFO - DAG(s) 'example_skip_dag' retrieved from /home/airflow/.local/lib/python3.12/site-packages/airflow/example_dags/example_skip_dag.py
[2025-04-19T14:25:33.995+0000] {logging_mixin.py:190} INFO - [2025-04-19T14:25:33.995+0000] {dag.py:3239} INFO - Sync 1 DAGs
[2025-04-19T14:25:34.004+0000] {logging_mixin.py:190} INFO - [2025-04-19T14:25:34.004+0000] {dag.py:4180} INFO - Setting next_dagrun for example_skip_dag to 2025-04-18 00:00:00+00:00, run_after=2025-04-19 00:00:00+00:00
[2025-04-19T14:25:34.010+0000] {processor.py:208} INFO - Processing /home/airflow/.local/lib/python3.12/site-packages/airflow/example_dags/example_skip_dag.py took 0.032 seconds
[2025-04-19T15:22:36.358+0000] {processor.py:186} INFO - Started process (PID=6663) to work on /home/airflow/.local/lib/python3.12/site-packages/airflow/example_dags/example_skip_dag.py
[2025-04-19T15:22:36.358+0000] {processor.py:914} INFO - Processing file /home/airflow/.local/lib/python3.12/site-packages/airflow/example_dags/example_skip_dag.py for tasks to queue
[2025-04-19T15:22:36.359+0000] {logging_mixin.py:190} INFO - [2025-04-19T15:22:36.359+0000] {dagbag.py:588} INFO - Filling up the DagBag from /home/airflow/.local/lib/python3.12/site-packages/airflow/example_dags/example_skip_dag.py
[2025-04-19T15:22:36.363+0000] {processor.py:925} INFO - DAG(s) 'example_skip_dag' retrieved from /home/airflow/.local/lib/python3.12/site-packages/airflow/example_dags/example_skip_dag.py
[2025-04-19T15:22:36.372+0000] {logging_mixin.py:190} INFO - [2025-04-19T15:22:36.372+0000] {dag.py:3239} INFO - Sync 1 DAGs
[2025-04-19T15:22:36.381+0000] {logging_mixin.py:190} INFO - [2025-04-19T15:22:36.380+0000] {dag.py:4180} INFO - Setting next_dagrun for example_skip_dag to 2025-04-18 00:00:00+00:00, run_after=2025-04-19 00:00:00+00:00
[2025-04-19T15:22:36.387+0000] {processor.py:208} INFO - Processing /home/airflow/.local/lib/python3.12/site-packages/airflow/example_dags/example_skip_dag.py took 0.032 seconds
[2025-04-19T15:44:02.472+0000] {processor.py:186} INFO - Started process (PID=6727) to work on /home/airflow/.local/lib/python3.12/site-packages/airflow/example_dags/example_skip_dag.py
[2025-04-19T15:44:02.472+0000] {processor.py:914} INFO - Processing file /home/airflow/.local/lib/python3.12/site-packages/airflow/example_dags/example_skip_dag.py for tasks to queue
[2025-04-19T15:44:02.473+0000] {logging_mixin.py:190} INFO - [2025-04-19T15:44:02.473+0000] {dagbag.py:588} INFO - Filling up the DagBag from /home/airflow/.local/lib/python3.12/site-packages/airflow/example_dags/example_skip_dag.py
[2025-04-19T15:44:02.477+0000] {processor.py:925} INFO - DAG(s) 'example_skip_dag' retrieved from /home/airflow/.local/lib/python3.12/site-packages/airflow/example_dags/example_skip_dag.py
[2025-04-19T15:44:02.487+0000] {logging_mixin.py:190} INFO - [2025-04-19T15:44:02.487+0000] {dag.py:3239} INFO - Sync 1 DAGs
[2025-04-19T15:44:02.495+0000] {logging_mixin.py:190} INFO - [2025-04-19T15:44:02.495+0000] {dag.py:4180} INFO - Setting next_dagrun for example_skip_dag to 2025-04-18 00:00:00+00:00, run_after=2025-04-19 00:00:00+00:00
[2025-04-19T15:44:02.502+0000] {processor.py:208} INFO - Processing /home/airflow/.local/lib/python3.12/site-packages/airflow/example_dags/example_skip_dag.py took 0.033 seconds
[2025-04-19T16:23:37.468+0000] {processor.py:186} INFO - Started process (PID=6791) to work on /home/airflow/.local/lib/python3.12/site-packages/airflow/example_dags/example_skip_dag.py
[2025-04-19T16:23:37.469+0000] {processor.py:914} INFO - Processing file /home/airflow/.local/lib/python3.12/site-packages/airflow/example_dags/example_skip_dag.py for tasks to queue
[2025-04-19T16:23:37.470+0000] {logging_mixin.py:190} INFO - [2025-04-19T16:23:37.470+0000] {dagbag.py:588} INFO - Filling up the DagBag from /home/airflow/.local/lib/python3.12/site-packages/airflow/example_dags/example_skip_dag.py
[2025-04-19T16:23:37.474+0000] {processor.py:925} INFO - DAG(s) 'example_skip_dag' retrieved from /home/airflow/.local/lib/python3.12/site-packages/airflow/example_dags/example_skip_dag.py
[2025-04-19T16:23:37.483+0000] {logging_mixin.py:190} INFO - [2025-04-19T16:23:37.483+0000] {dag.py:3239} INFO - Sync 1 DAGs
[2025-04-19T16:23:37.491+0000] {logging_mixin.py:190} INFO - [2025-04-19T16:23:37.491+0000] {dag.py:4180} INFO - Setting next_dagrun for example_skip_dag to 2025-04-18 00:00:00+00:00, run_after=2025-04-19 00:00:00+00:00
[2025-04-19T16:23:37.497+0000] {processor.py:208} INFO - Processing /home/airflow/.local/lib/python3.12/site-packages/airflow/example_dags/example_skip_dag.py took 0.032 seconds
[2025-04-19T16:59:43.963+0000] {processor.py:186} INFO - Started process (PID=6855) to work on /home/airflow/.local/lib/python3.12/site-packages/airflow/example_dags/example_skip_dag.py
[2025-04-19T16:59:43.964+0000] {processor.py:914} INFO - Processing file /home/airflow/.local/lib/python3.12/site-packages/airflow/example_dags/example_skip_dag.py for tasks to queue
[2025-04-19T16:59:43.965+0000] {logging_mixin.py:190} INFO - [2025-04-19T16:59:43.964+0000] {dagbag.py:588} INFO - Filling up the DagBag from /home/airflow/.local/lib/python3.12/site-packages/airflow/example_dags/example_skip_dag.py
[2025-04-19T16:59:43.969+0000] {processor.py:925} INFO - DAG(s) 'example_skip_dag' retrieved from /home/airflow/.local/lib/python3.12/site-packages/airflow/example_dags/example_skip_dag.py
[2025-04-19T16:59:43.979+0000] {logging_mixin.py:190} INFO - [2025-04-19T16:59:43.979+0000] {dag.py:3239} INFO - Sync 1 DAGs
[2025-04-19T16:59:43.989+0000] {logging_mixin.py:190} INFO - [2025-04-19T16:59:43.989+0000] {dag.py:4180} INFO - Setting next_dagrun for example_skip_dag to 2025-04-18 00:00:00+00:00, run_after=2025-04-19 00:00:00+00:00
[2025-04-19T16:59:43.997+0000] {processor.py:208} INFO - Processing /home/airflow/.local/lib/python3.12/site-packages/airflow/example_dags/example_skip_dag.py took 0.036 seconds
[2025-04-19T17:02:35.893+0000] {processor.py:186} INFO - Started process (PID=6919) to work on /home/airflow/.local/lib/python3.12/site-packages/airflow/example_dags/example_skip_dag.py
[2025-04-19T17:02:35.894+0000] {processor.py:914} INFO - Processing file /home/airflow/.local/lib/python3.12/site-packages/airflow/example_dags/example_skip_dag.py for tasks to queue
[2025-04-19T17:02:35.895+0000] {logging_mixin.py:190} INFO - [2025-04-19T17:02:35.895+0000] {dagbag.py:588} INFO - Filling up the DagBag from /home/airflow/.local/lib/python3.12/site-packages/airflow/example_dags/example_skip_dag.py
[2025-04-19T17:02:35.899+0000] {processor.py:925} INFO - DAG(s) 'example_skip_dag' retrieved from /home/airflow/.local/lib/python3.12/site-packages/airflow/example_dags/example_skip_dag.py
[2025-04-19T17:02:35.909+0000] {logging_mixin.py:190} INFO - [2025-04-19T17:02:35.909+0000] {dag.py:3239} INFO - Sync 1 DAGs
[2025-04-19T17:02:35.918+0000] {logging_mixin.py:190} INFO - [2025-04-19T17:02:35.918+0000] {dag.py:4180} INFO - Setting next_dagrun for example_skip_dag to 2025-04-18 00:00:00+00:00, run_after=2025-04-19 00:00:00+00:00
[2025-04-19T17:02:35.925+0000] {processor.py:208} INFO - Processing /home/airflow/.local/lib/python3.12/site-packages/airflow/example_dags/example_skip_dag.py took 0.034 seconds
[2025-04-19T17:24:38.804+0000] {processor.py:186} INFO - Started process (PID=6983) to work on /home/airflow/.local/lib/python3.12/site-packages/airflow/example_dags/example_skip_dag.py
[2025-04-19T17:24:38.809+0000] {processor.py:914} INFO - Processing file /home/airflow/.local/lib/python3.12/site-packages/airflow/example_dags/example_skip_dag.py for tasks to queue
[2025-04-19T17:24:38.811+0000] {logging_mixin.py:190} INFO - [2025-04-19T17:24:38.811+0000] {dagbag.py:588} INFO - Filling up the DagBag from /home/airflow/.local/lib/python3.12/site-packages/airflow/example_dags/example_skip_dag.py
[2025-04-19T17:24:38.816+0000] {processor.py:925} INFO - DAG(s) 'example_skip_dag' retrieved from /home/airflow/.local/lib/python3.12/site-packages/airflow/example_dags/example_skip_dag.py
[2025-04-19T17:24:38.827+0000] {logging_mixin.py:190} INFO - [2025-04-19T17:24:38.827+0000] {dag.py:3239} INFO - Sync 1 DAGs
[2025-04-19T17:24:38.837+0000] {logging_mixin.py:190} INFO - [2025-04-19T17:24:38.837+0000] {dag.py:4180} INFO - Setting next_dagrun for example_skip_dag to 2025-04-18 00:00:00+00:00, run_after=2025-04-19 00:00:00+00:00
[2025-04-19T17:24:38.844+0000] {processor.py:208} INFO - Processing /home/airflow/.local/lib/python3.12/site-packages/airflow/example_dags/example_skip_dag.py took 0.043 seconds
[2025-04-19T17:41:23.585+0000] {processor.py:186} INFO - Started process (PID=7047) to work on /home/airflow/.local/lib/python3.12/site-packages/airflow/example_dags/example_skip_dag.py
[2025-04-19T17:41:23.586+0000] {processor.py:914} INFO - Processing file /home/airflow/.local/lib/python3.12/site-packages/airflow/example_dags/example_skip_dag.py for tasks to queue
[2025-04-19T17:41:23.587+0000] {logging_mixin.py:190} INFO - [2025-04-19T17:41:23.587+0000] {dagbag.py:588} INFO - Filling up the DagBag from /home/airflow/.local/lib/python3.12/site-packages/airflow/example_dags/example_skip_dag.py
[2025-04-19T17:41:23.591+0000] {processor.py:925} INFO - DAG(s) 'example_skip_dag' retrieved from /home/airflow/.local/lib/python3.12/site-packages/airflow/example_dags/example_skip_dag.py
[2025-04-19T17:41:23.601+0000] {logging_mixin.py:190} INFO - [2025-04-19T17:41:23.601+0000] {dag.py:3239} INFO - Sync 1 DAGs
[2025-04-19T17:41:23.609+0000] {logging_mixin.py:190} INFO - [2025-04-19T17:41:23.609+0000] {dag.py:4180} INFO - Setting next_dagrun for example_skip_dag to 2025-04-18 00:00:00+00:00, run_after=2025-04-19 00:00:00+00:00
[2025-04-19T17:41:23.615+0000] {processor.py:208} INFO - Processing /home/airflow/.local/lib/python3.12/site-packages/airflow/example_dags/example_skip_dag.py took 0.033 seconds
[2025-04-19T17:42:56.957+0000] {processor.py:186} INFO - Started process (PID=7111) to work on /home/airflow/.local/lib/python3.12/site-packages/airflow/example_dags/example_skip_dag.py
[2025-04-19T17:42:56.957+0000] {processor.py:914} INFO - Processing file /home/airflow/.local/lib/python3.12/site-packages/airflow/example_dags/example_skip_dag.py for tasks to queue
[2025-04-19T17:42:56.958+0000] {logging_mixin.py:190} INFO - [2025-04-19T17:42:56.958+0000] {dagbag.py:588} INFO - Filling up the DagBag from /home/airflow/.local/lib/python3.12/site-packages/airflow/example_dags/example_skip_dag.py
[2025-04-19T17:42:56.962+0000] {processor.py:925} INFO - DAG(s) 'example_skip_dag' retrieved from /home/airflow/.local/lib/python3.12/site-packages/airflow/example_dags/example_skip_dag.py
[2025-04-19T17:42:56.971+0000] {logging_mixin.py:190} INFO - [2025-04-19T17:42:56.971+0000] {dag.py:3239} INFO - Sync 1 DAGs
[2025-04-19T17:42:56.979+0000] {logging_mixin.py:190} INFO - [2025-04-19T17:42:56.979+0000] {dag.py:4180} INFO - Setting next_dagrun for example_skip_dag to 2025-04-18 00:00:00+00:00, run_after=2025-04-19 00:00:00+00:00
[2025-04-19T17:42:56.985+0000] {processor.py:208} INFO - Processing /home/airflow/.local/lib/python3.12/site-packages/airflow/example_dags/example_skip_dag.py took 0.031 seconds
[2025-04-19T17:55:53.373+0000] {processor.py:186} INFO - Started process (PID=7175) to work on /home/airflow/.local/lib/python3.12/site-packages/airflow/example_dags/example_skip_dag.py
[2025-04-19T17:55:53.373+0000] {processor.py:914} INFO - Processing file /home/airflow/.local/lib/python3.12/site-packages/airflow/example_dags/example_skip_dag.py for tasks to queue
[2025-04-19T17:55:53.375+0000] {logging_mixin.py:190} INFO - [2025-04-19T17:55:53.374+0000] {dagbag.py:588} INFO - Filling up the DagBag from /home/airflow/.local/lib/python3.12/site-packages/airflow/example_dags/example_skip_dag.py
[2025-04-19T17:55:53.378+0000] {processor.py:925} INFO - DAG(s) 'example_skip_dag' retrieved from /home/airflow/.local/lib/python3.12/site-packages/airflow/example_dags/example_skip_dag.py
[2025-04-19T17:55:53.387+0000] {logging_mixin.py:190} INFO - [2025-04-19T17:55:53.387+0000] {dag.py:3239} INFO - Sync 1 DAGs
[2025-04-19T17:55:53.396+0000] {logging_mixin.py:190} INFO - [2025-04-19T17:55:53.395+0000] {dag.py:4180} INFO - Setting next_dagrun for example_skip_dag to 2025-04-18 00:00:00+00:00, run_after=2025-04-19 00:00:00+00:00
[2025-04-19T17:55:53.403+0000] {processor.py:208} INFO - Processing /home/airflow/.local/lib/python3.12/site-packages/airflow/example_dags/example_skip_dag.py took 0.033 seconds
[2025-04-19T17:57:05.861+0000] {processor.py:186} INFO - Started process (PID=7239) to work on /home/airflow/.local/lib/python3.12/site-packages/airflow/example_dags/example_skip_dag.py
[2025-04-19T17:57:05.862+0000] {processor.py:914} INFO - Processing file /home/airflow/.local/lib/python3.12/site-packages/airflow/example_dags/example_skip_dag.py for tasks to queue
[2025-04-19T17:57:05.863+0000] {logging_mixin.py:190} INFO - [2025-04-19T17:57:05.862+0000] {dagbag.py:588} INFO - Filling up the DagBag from /home/airflow/.local/lib/python3.12/site-packages/airflow/example_dags/example_skip_dag.py
[2025-04-19T17:57:05.867+0000] {processor.py:925} INFO - DAG(s) 'example_skip_dag' retrieved from /home/airflow/.local/lib/python3.12/site-packages/airflow/example_dags/example_skip_dag.py
[2025-04-19T17:57:05.876+0000] {logging_mixin.py:190} INFO - [2025-04-19T17:57:05.876+0000] {dag.py:3239} INFO - Sync 1 DAGs
[2025-04-19T17:57:05.884+0000] {logging_mixin.py:190} INFO - [2025-04-19T17:57:05.884+0000] {dag.py:4180} INFO - Setting next_dagrun for example_skip_dag to 2025-04-18 00:00:00+00:00, run_after=2025-04-19 00:00:00+00:00
[2025-04-19T17:57:05.890+0000] {processor.py:208} INFO - Processing /home/airflow/.local/lib/python3.12/site-packages/airflow/example_dags/example_skip_dag.py took 0.032 seconds
[2025-04-19T17:58:30.279+0000] {processor.py:186} INFO - Started process (PID=7303) to work on /home/airflow/.local/lib/python3.12/site-packages/airflow/example_dags/example_skip_dag.py
[2025-04-19T17:58:30.279+0000] {processor.py:914} INFO - Processing file /home/airflow/.local/lib/python3.12/site-packages/airflow/example_dags/example_skip_dag.py for tasks to queue
[2025-04-19T17:58:30.284+0000] {logging_mixin.py:190} INFO - [2025-04-19T17:58:30.284+0000] {dagbag.py:588} INFO - Filling up the DagBag from /home/airflow/.local/lib/python3.12/site-packages/airflow/example_dags/example_skip_dag.py
[2025-04-19T17:58:30.288+0000] {processor.py:925} INFO - DAG(s) 'example_skip_dag' retrieved from /home/airflow/.local/lib/python3.12/site-packages/airflow/example_dags/example_skip_dag.py
[2025-04-19T17:58:30.298+0000] {logging_mixin.py:190} INFO - [2025-04-19T17:58:30.298+0000] {dag.py:3239} INFO - Sync 1 DAGs
[2025-04-19T17:58:30.307+0000] {logging_mixin.py:190} INFO - [2025-04-19T17:58:30.307+0000] {dag.py:4180} INFO - Setting next_dagrun for example_skip_dag to 2025-04-18 00:00:00+00:00, run_after=2025-04-19 00:00:00+00:00
[2025-04-19T17:58:30.314+0000] {processor.py:208} INFO - Processing /home/airflow/.local/lib/python3.12/site-packages/airflow/example_dags/example_skip_dag.py took 0.038 seconds
[2025-04-19T18:59:32.146+0000] {processor.py:186} INFO - Started process (PID=7367) to work on /home/airflow/.local/lib/python3.12/site-packages/airflow/example_dags/example_skip_dag.py
[2025-04-19T18:59:32.147+0000] {processor.py:914} INFO - Processing file /home/airflow/.local/lib/python3.12/site-packages/airflow/example_dags/example_skip_dag.py for tasks to queue
[2025-04-19T18:59:32.148+0000] {logging_mixin.py:190} INFO - [2025-04-19T18:59:32.148+0000] {dagbag.py:588} INFO - Filling up the DagBag from /home/airflow/.local/lib/python3.12/site-packages/airflow/example_dags/example_skip_dag.py
[2025-04-19T18:59:32.152+0000] {processor.py:925} INFO - DAG(s) 'example_skip_dag' retrieved from /home/airflow/.local/lib/python3.12/site-packages/airflow/example_dags/example_skip_dag.py
[2025-04-19T18:59:32.161+0000] {logging_mixin.py:190} INFO - [2025-04-19T18:59:32.161+0000] {dag.py:3239} INFO - Sync 1 DAGs
[2025-04-19T18:59:32.170+0000] {logging_mixin.py:190} INFO - [2025-04-19T18:59:32.169+0000] {dag.py:4180} INFO - Setting next_dagrun for example_skip_dag to 2025-04-18 00:00:00+00:00, run_after=2025-04-19 00:00:00+00:00
[2025-04-19T18:59:32.176+0000] {processor.py:208} INFO - Processing /home/airflow/.local/lib/python3.12/site-packages/airflow/example_dags/example_skip_dag.py took 0.033 seconds
[2025-04-19T19:50:44.253+0000] {processor.py:186} INFO - Started process (PID=7431) to work on /home/airflow/.local/lib/python3.12/site-packages/airflow/example_dags/example_skip_dag.py
[2025-04-19T19:50:44.254+0000] {processor.py:914} INFO - Processing file /home/airflow/.local/lib/python3.12/site-packages/airflow/example_dags/example_skip_dag.py for tasks to queue
[2025-04-19T19:50:44.256+0000] {logging_mixin.py:190} INFO - [2025-04-19T19:50:44.255+0000] {dagbag.py:588} INFO - Filling up the DagBag from /home/airflow/.local/lib/python3.12/site-packages/airflow/example_dags/example_skip_dag.py
[2025-04-19T19:50:44.260+0000] {processor.py:925} INFO - DAG(s) 'example_skip_dag' retrieved from /home/airflow/.local/lib/python3.12/site-packages/airflow/example_dags/example_skip_dag.py
[2025-04-19T19:50:44.272+0000] {logging_mixin.py:190} INFO - [2025-04-19T19:50:44.271+0000] {dag.py:3239} INFO - Sync 1 DAGs
[2025-04-19T19:50:44.283+0000] {logging_mixin.py:190} INFO - [2025-04-19T19:50:44.283+0000] {dag.py:4180} INFO - Setting next_dagrun for example_skip_dag to 2025-04-18 00:00:00+00:00, run_after=2025-04-19 00:00:00+00:00
[2025-04-19T19:50:44.293+0000] {processor.py:208} INFO - Processing /home/airflow/.local/lib/python3.12/site-packages/airflow/example_dags/example_skip_dag.py took 0.043 seconds
[2025-04-19T21:13:36.717+0000] {processor.py:186} INFO - Started process (PID=7495) to work on /home/airflow/.local/lib/python3.12/site-packages/airflow/example_dags/example_skip_dag.py
[2025-04-19T21:13:36.717+0000] {processor.py:914} INFO - Processing file /home/airflow/.local/lib/python3.12/site-packages/airflow/example_dags/example_skip_dag.py for tasks to queue
[2025-04-19T21:13:36.718+0000] {logging_mixin.py:190} INFO - [2025-04-19T21:13:36.718+0000] {dagbag.py:588} INFO - Filling up the DagBag from /home/airflow/.local/lib/python3.12/site-packages/airflow/example_dags/example_skip_dag.py
[2025-04-19T21:13:36.722+0000] {processor.py:925} INFO - DAG(s) 'example_skip_dag' retrieved from /home/airflow/.local/lib/python3.12/site-packages/airflow/example_dags/example_skip_dag.py
[2025-04-19T21:13:36.731+0000] {logging_mixin.py:190} INFO - [2025-04-19T21:13:36.731+0000] {dag.py:3239} INFO - Sync 1 DAGs
[2025-04-19T21:13:36.740+0000] {logging_mixin.py:190} INFO - [2025-04-19T21:13:36.740+0000] {dag.py:4180} INFO - Setting next_dagrun for example_skip_dag to 2025-04-18 00:00:00+00:00, run_after=2025-04-19 00:00:00+00:00
[2025-04-19T21:13:36.746+0000] {processor.py:208} INFO - Processing /home/airflow/.local/lib/python3.12/site-packages/airflow/example_dags/example_skip_dag.py took 0.032 seconds
[2025-04-19T22:34:39.890+0000] {processor.py:186} INFO - Started process (PID=7559) to work on /home/airflow/.local/lib/python3.12/site-packages/airflow/example_dags/example_skip_dag.py
[2025-04-19T22:34:39.891+0000] {processor.py:914} INFO - Processing file /home/airflow/.local/lib/python3.12/site-packages/airflow/example_dags/example_skip_dag.py for tasks to queue
[2025-04-19T22:34:39.892+0000] {logging_mixin.py:190} INFO - [2025-04-19T22:34:39.892+0000] {dagbag.py:588} INFO - Filling up the DagBag from /home/airflow/.local/lib/python3.12/site-packages/airflow/example_dags/example_skip_dag.py
[2025-04-19T22:34:39.900+0000] {processor.py:925} INFO - DAG(s) 'example_skip_dag' retrieved from /home/airflow/.local/lib/python3.12/site-packages/airflow/example_dags/example_skip_dag.py
[2025-04-19T22:34:39.911+0000] {logging_mixin.py:190} INFO - [2025-04-19T22:34:39.910+0000] {dag.py:3239} INFO - Sync 1 DAGs
[2025-04-19T22:34:39.920+0000] {logging_mixin.py:190} INFO - [2025-04-19T22:34:39.920+0000] {dag.py:4180} INFO - Setting next_dagrun for example_skip_dag to 2025-04-18 00:00:00+00:00, run_after=2025-04-19 00:00:00+00:00
[2025-04-19T22:34:39.927+0000] {processor.py:208} INFO - Processing /home/airflow/.local/lib/python3.12/site-packages/airflow/example_dags/example_skip_dag.py took 0.040 seconds
