[2025-04-19T00:13:42.856+0000] {processor.py:186} INFO - Started process (PID=4934) to work on /home/airflow/.local/lib/python3.12/site-packages/airflow/example_dags/example_params_ui_tutorial.py
[2025-04-19T00:13:42.856+0000] {processor.py:914} INFO - Processing file /home/airflow/.local/lib/python3.12/site-packages/airflow/example_dags/example_params_ui_tutorial.py for tasks to queue
[2025-04-19T00:13:42.857+0000] {logging_mixin.py:190} INFO - [2025-04-19T00:13:42.857+0000] {dagbag.py:588} INFO - Filling up the DagBag from /home/airflow/.local/lib/python3.12/site-packages/airflow/example_dags/example_params_ui_tutorial.py
[2025-04-19T00:13:42.862+0000] {processor.py:925} INFO - DAG(s) 'example_params_ui_tutorial' retrieved from /home/airflow/.local/lib/python3.12/site-packages/airflow/example_dags/example_params_ui_tutorial.py
[2025-04-19T00:13:42.912+0000] {logging_mixin.py:190} INFO - [2025-04-19T00:13:42.912+0000] {dag.py:3239} INFO - Sync 1 DAGs
[2025-04-19T00:13:42.918+0000] {logging_mixin.py:190} INFO - [2025-04-19T00:13:42.918+0000] {dag.py:4180} INFO - Setting next_dagrun for example_params_ui_tutorial to None, run_after=None
[2025-04-19T00:13:42.927+0000] {processor.py:208} INFO - Processing /home/airflow/.local/lib/python3.12/site-packages/airflow/example_dags/example_params_ui_tutorial.py took 0.074 seconds
[2025-04-19T01:25:52.441+0000] {processor.py:186} INFO - Started process (PID=4998) to work on /home/airflow/.local/lib/python3.12/site-packages/airflow/example_dags/example_params_ui_tutorial.py
[2025-04-19T01:25:52.442+0000] {processor.py:914} INFO - Processing file /home/airflow/.local/lib/python3.12/site-packages/airflow/example_dags/example_params_ui_tutorial.py for tasks to queue
[2025-04-19T01:25:52.443+0000] {logging_mixin.py:190} INFO - [2025-04-19T01:25:52.443+0000] {dagbag.py:588} INFO - Filling up the DagBag from /home/airflow/.local/lib/python3.12/site-packages/airflow/example_dags/example_params_ui_tutorial.py
[2025-04-19T01:25:52.447+0000] {processor.py:925} INFO - DAG(s) 'example_params_ui_tutorial' retrieved from /home/airflow/.local/lib/python3.12/site-packages/airflow/example_dags/example_params_ui_tutorial.py
[2025-04-19T01:25:52.462+0000] {logging_mixin.py:190} INFO - [2025-04-19T01:25:52.462+0000] {dag.py:3239} INFO - Sync 1 DAGs
[2025-04-19T01:25:52.468+0000] {logging_mixin.py:190} INFO - [2025-04-19T01:25:52.468+0000] {dag.py:4180} INFO - Setting next_dagrun for example_params_ui_tutorial to None, run_after=None
[2025-04-19T01:25:52.474+0000] {processor.py:208} INFO - Processing /home/airflow/.local/lib/python3.12/site-packages/airflow/example_dags/example_params_ui_tutorial.py took 0.036 seconds
[2025-04-19T02:58:25.556+0000] {processor.py:186} INFO - Started process (PID=5062) to work on /home/airflow/.local/lib/python3.12/site-packages/airflow/example_dags/example_params_ui_tutorial.py
[2025-04-19T02:58:25.556+0000] {processor.py:914} INFO - Processing file /home/airflow/.local/lib/python3.12/site-packages/airflow/example_dags/example_params_ui_tutorial.py for tasks to queue
[2025-04-19T02:58:25.557+0000] {logging_mixin.py:190} INFO - [2025-04-19T02:58:25.557+0000] {dagbag.py:588} INFO - Filling up the DagBag from /home/airflow/.local/lib/python3.12/site-packages/airflow/example_dags/example_params_ui_tutorial.py
[2025-04-19T02:58:25.562+0000] {processor.py:925} INFO - DAG(s) 'example_params_ui_tutorial' retrieved from /home/airflow/.local/lib/python3.12/site-packages/airflow/example_dags/example_params_ui_tutorial.py
[2025-04-19T02:58:25.578+0000] {logging_mixin.py:190} INFO - [2025-04-19T02:58:25.578+0000] {dag.py:3239} INFO - Sync 1 DAGs
[2025-04-19T02:58:25.583+0000] {logging_mixin.py:190} INFO - [2025-04-19T02:58:25.583+0000] {dag.py:4180} INFO - Setting next_dagrun for example_params_ui_tutorial to None, run_after=None
[2025-04-19T02:58:25.591+0000] {processor.py:208} INFO - Processing /home/airflow/.local/lib/python3.12/site-packages/airflow/example_dags/example_params_ui_tutorial.py took 0.038 seconds
[2025-04-19T03:59:46.180+0000] {processor.py:186} INFO - Started process (PID=5126) to work on /home/airflow/.local/lib/python3.12/site-packages/airflow/example_dags/example_params_ui_tutorial.py
[2025-04-19T03:59:46.181+0000] {processor.py:914} INFO - Processing file /home/airflow/.local/lib/python3.12/site-packages/airflow/example_dags/example_params_ui_tutorial.py for tasks to queue
[2025-04-19T03:59:46.182+0000] {logging_mixin.py:190} INFO - [2025-04-19T03:59:46.182+0000] {dagbag.py:588} INFO - Filling up the DagBag from /home/airflow/.local/lib/python3.12/site-packages/airflow/example_dags/example_params_ui_tutorial.py
[2025-04-19T03:59:46.187+0000] {processor.py:925} INFO - DAG(s) 'example_params_ui_tutorial' retrieved from /home/airflow/.local/lib/python3.12/site-packages/airflow/example_dags/example_params_ui_tutorial.py
[2025-04-19T03:59:46.204+0000] {logging_mixin.py:190} INFO - [2025-04-19T03:59:46.204+0000] {dag.py:3239} INFO - Sync 1 DAGs
[2025-04-19T03:59:46.211+0000] {logging_mixin.py:190} INFO - [2025-04-19T03:59:46.211+0000] {dag.py:4180} INFO - Setting next_dagrun for example_params_ui_tutorial to None, run_after=None
[2025-04-19T03:59:46.218+0000] {processor.py:208} INFO - Processing /home/airflow/.local/lib/python3.12/site-packages/airflow/example_dags/example_params_ui_tutorial.py took 0.041 seconds
[2025-04-19T04:28:51.364+0000] {processor.py:186} INFO - Started process (PID=5190) to work on /home/airflow/.local/lib/python3.12/site-packages/airflow/example_dags/example_params_ui_tutorial.py
[2025-04-19T04:28:51.365+0000] {processor.py:914} INFO - Processing file /home/airflow/.local/lib/python3.12/site-packages/airflow/example_dags/example_params_ui_tutorial.py for tasks to queue
[2025-04-19T04:28:51.366+0000] {logging_mixin.py:190} INFO - [2025-04-19T04:28:51.366+0000] {dagbag.py:588} INFO - Filling up the DagBag from /home/airflow/.local/lib/python3.12/site-packages/airflow/example_dags/example_params_ui_tutorial.py
[2025-04-19T04:28:51.371+0000] {processor.py:925} INFO - DAG(s) 'example_params_ui_tutorial' retrieved from /home/airflow/.local/lib/python3.12/site-packages/airflow/example_dags/example_params_ui_tutorial.py
[2025-04-19T04:28:51.387+0000] {logging_mixin.py:190} INFO - [2025-04-19T04:28:51.387+0000] {dag.py:3239} INFO - Sync 1 DAGs
[2025-04-19T04:28:51.392+0000] {logging_mixin.py:190} INFO - [2025-04-19T04:28:51.392+0000] {dag.py:4180} INFO - Setting next_dagrun for example_params_ui_tutorial to None, run_after=None
[2025-04-19T04:28:51.401+0000] {processor.py:208} INFO - Processing /home/airflow/.local/lib/python3.12/site-packages/airflow/example_dags/example_params_ui_tutorial.py took 0.039 seconds
[2025-04-19T06:03:43.706+0000] {processor.py:186} INFO - Started process (PID=5254) to work on /home/airflow/.local/lib/python3.12/site-packages/airflow/example_dags/example_params_ui_tutorial.py
[2025-04-19T06:03:43.706+0000] {processor.py:914} INFO - Processing file /home/airflow/.local/lib/python3.12/site-packages/airflow/example_dags/example_params_ui_tutorial.py for tasks to queue
[2025-04-19T06:03:43.708+0000] {logging_mixin.py:190} INFO - [2025-04-19T06:03:43.708+0000] {dagbag.py:588} INFO - Filling up the DagBag from /home/airflow/.local/lib/python3.12/site-packages/airflow/example_dags/example_params_ui_tutorial.py
[2025-04-19T06:03:43.712+0000] {processor.py:925} INFO - DAG(s) 'example_params_ui_tutorial' retrieved from /home/airflow/.local/lib/python3.12/site-packages/airflow/example_dags/example_params_ui_tutorial.py
[2025-04-19T06:03:43.729+0000] {logging_mixin.py:190} INFO - [2025-04-19T06:03:43.729+0000] {dag.py:3239} INFO - Sync 1 DAGs
[2025-04-19T06:03:43.735+0000] {logging_mixin.py:190} INFO - [2025-04-19T06:03:43.735+0000] {dag.py:4180} INFO - Setting next_dagrun for example_params_ui_tutorial to None, run_after=None
[2025-04-19T06:03:43.742+0000] {processor.py:208} INFO - Processing /home/airflow/.local/lib/python3.12/site-packages/airflow/example_dags/example_params_ui_tutorial.py took 0.038 seconds
[2025-04-19T06:47:27.824+0000] {processor.py:186} INFO - Started process (PID=5318) to work on /home/airflow/.local/lib/python3.12/site-packages/airflow/example_dags/example_params_ui_tutorial.py
[2025-04-19T06:47:27.824+0000] {processor.py:914} INFO - Processing file /home/airflow/.local/lib/python3.12/site-packages/airflow/example_dags/example_params_ui_tutorial.py for tasks to queue
[2025-04-19T06:47:27.825+0000] {logging_mixin.py:190} INFO - [2025-04-19T06:47:27.825+0000] {dagbag.py:588} INFO - Filling up the DagBag from /home/airflow/.local/lib/python3.12/site-packages/airflow/example_dags/example_params_ui_tutorial.py
[2025-04-19T06:47:27.830+0000] {processor.py:925} INFO - DAG(s) 'example_params_ui_tutorial' retrieved from /home/airflow/.local/lib/python3.12/site-packages/airflow/example_dags/example_params_ui_tutorial.py
[2025-04-19T06:47:27.845+0000] {logging_mixin.py:190} INFO - [2025-04-19T06:47:27.845+0000] {dag.py:3239} INFO - Sync 1 DAGs
[2025-04-19T06:47:27.852+0000] {logging_mixin.py:190} INFO - [2025-04-19T06:47:27.852+0000] {dag.py:4180} INFO - Setting next_dagrun for example_params_ui_tutorial to None, run_after=None
[2025-04-19T06:47:27.858+0000] {processor.py:208} INFO - Processing /home/airflow/.local/lib/python3.12/site-packages/airflow/example_dags/example_params_ui_tutorial.py took 0.037 seconds
[2025-04-19T08:03:59.637+0000] {processor.py:186} INFO - Started process (PID=5382) to work on /home/airflow/.local/lib/python3.12/site-packages/airflow/example_dags/example_params_ui_tutorial.py
[2025-04-19T08:03:59.638+0000] {processor.py:914} INFO - Processing file /home/airflow/.local/lib/python3.12/site-packages/airflow/example_dags/example_params_ui_tutorial.py for tasks to queue
[2025-04-19T08:03:59.639+0000] {logging_mixin.py:190} INFO - [2025-04-19T08:03:59.639+0000] {dagbag.py:588} INFO - Filling up the DagBag from /home/airflow/.local/lib/python3.12/site-packages/airflow/example_dags/example_params_ui_tutorial.py
[2025-04-19T08:03:59.643+0000] {processor.py:925} INFO - DAG(s) 'example_params_ui_tutorial' retrieved from /home/airflow/.local/lib/python3.12/site-packages/airflow/example_dags/example_params_ui_tutorial.py
[2025-04-19T08:03:59.659+0000] {logging_mixin.py:190} INFO - [2025-04-19T08:03:59.658+0000] {dag.py:3239} INFO - Sync 1 DAGs
[2025-04-19T08:03:59.665+0000] {logging_mixin.py:190} INFO - [2025-04-19T08:03:59.665+0000] {dag.py:4180} INFO - Setting next_dagrun for example_params_ui_tutorial to None, run_after=None
[2025-04-19T08:03:59.671+0000] {processor.py:208} INFO - Processing /home/airflow/.local/lib/python3.12/site-packages/airflow/example_dags/example_params_ui_tutorial.py took 0.037 seconds
[2025-04-19T08:27:56.598+0000] {processor.py:186} INFO - Started process (PID=5446) to work on /home/airflow/.local/lib/python3.12/site-packages/airflow/example_dags/example_params_ui_tutorial.py
[2025-04-19T08:27:56.599+0000] {processor.py:914} INFO - Processing file /home/airflow/.local/lib/python3.12/site-packages/airflow/example_dags/example_params_ui_tutorial.py for tasks to queue
[2025-04-19T08:27:56.600+0000] {logging_mixin.py:190} INFO - [2025-04-19T08:27:56.600+0000] {dagbag.py:588} INFO - Filling up the DagBag from /home/airflow/.local/lib/python3.12/site-packages/airflow/example_dags/example_params_ui_tutorial.py
[2025-04-19T08:27:56.604+0000] {processor.py:925} INFO - DAG(s) 'example_params_ui_tutorial' retrieved from /home/airflow/.local/lib/python3.12/site-packages/airflow/example_dags/example_params_ui_tutorial.py
[2025-04-19T08:27:56.618+0000] {logging_mixin.py:190} INFO - [2025-04-19T08:27:56.618+0000] {dag.py:3239} INFO - Sync 1 DAGs
[2025-04-19T08:27:56.623+0000] {logging_mixin.py:190} INFO - [2025-04-19T08:27:56.623+0000] {dag.py:4180} INFO - Setting next_dagrun for example_params_ui_tutorial to None, run_after=None
[2025-04-19T08:27:56.630+0000] {processor.py:208} INFO - Processing /home/airflow/.local/lib/python3.12/site-packages/airflow/example_dags/example_params_ui_tutorial.py took 0.034 seconds
[2025-04-19T08:29:31.825+0000] {processor.py:186} INFO - Started process (PID=5510) to work on /home/airflow/.local/lib/python3.12/site-packages/airflow/example_dags/example_params_ui_tutorial.py
[2025-04-19T08:29:31.826+0000] {processor.py:914} INFO - Processing file /home/airflow/.local/lib/python3.12/site-packages/airflow/example_dags/example_params_ui_tutorial.py for tasks to queue
[2025-04-19T08:29:31.827+0000] {logging_mixin.py:190} INFO - [2025-04-19T08:29:31.827+0000] {dagbag.py:588} INFO - Filling up the DagBag from /home/airflow/.local/lib/python3.12/site-packages/airflow/example_dags/example_params_ui_tutorial.py
[2025-04-19T08:29:31.831+0000] {processor.py:925} INFO - DAG(s) 'example_params_ui_tutorial' retrieved from /home/airflow/.local/lib/python3.12/site-packages/airflow/example_dags/example_params_ui_tutorial.py
[2025-04-19T08:29:31.848+0000] {logging_mixin.py:190} INFO - [2025-04-19T08:29:31.848+0000] {dag.py:3239} INFO - Sync 1 DAGs
[2025-04-19T08:29:31.854+0000] {logging_mixin.py:190} INFO - [2025-04-19T08:29:31.854+0000] {dag.py:4180} INFO - Setting next_dagrun for example_params_ui_tutorial to None, run_after=None
[2025-04-19T08:29:31.861+0000] {processor.py:208} INFO - Processing /home/airflow/.local/lib/python3.12/site-packages/airflow/example_dags/example_params_ui_tutorial.py took 0.039 seconds
[2025-04-19T08:30:28.457+0000] {processor.py:186} INFO - Started process (PID=5574) to work on /home/airflow/.local/lib/python3.12/site-packages/airflow/example_dags/example_params_ui_tutorial.py
[2025-04-19T08:30:28.458+0000] {processor.py:914} INFO - Processing file /home/airflow/.local/lib/python3.12/site-packages/airflow/example_dags/example_params_ui_tutorial.py for tasks to queue
[2025-04-19T08:30:28.459+0000] {logging_mixin.py:190} INFO - [2025-04-19T08:30:28.459+0000] {dagbag.py:588} INFO - Filling up the DagBag from /home/airflow/.local/lib/python3.12/site-packages/airflow/example_dags/example_params_ui_tutorial.py
[2025-04-19T08:30:28.463+0000] {processor.py:925} INFO - DAG(s) 'example_params_ui_tutorial' retrieved from /home/airflow/.local/lib/python3.12/site-packages/airflow/example_dags/example_params_ui_tutorial.py
[2025-04-19T08:30:28.479+0000] {logging_mixin.py:190} INFO - [2025-04-19T08:30:28.479+0000] {dag.py:3239} INFO - Sync 1 DAGs
[2025-04-19T08:30:28.485+0000] {logging_mixin.py:190} INFO - [2025-04-19T08:30:28.485+0000] {dag.py:4180} INFO - Setting next_dagrun for example_params_ui_tutorial to None, run_after=None
[2025-04-19T08:30:28.492+0000] {processor.py:208} INFO - Processing /home/airflow/.local/lib/python3.12/site-packages/airflow/example_dags/example_params_ui_tutorial.py took 0.037 seconds
[2025-04-19T08:48:13.203+0000] {processor.py:186} INFO - Started process (PID=5638) to work on /home/airflow/.local/lib/python3.12/site-packages/airflow/example_dags/example_params_ui_tutorial.py
[2025-04-19T08:48:13.204+0000] {processor.py:914} INFO - Processing file /home/airflow/.local/lib/python3.12/site-packages/airflow/example_dags/example_params_ui_tutorial.py for tasks to queue
[2025-04-19T08:48:13.205+0000] {logging_mixin.py:190} INFO - [2025-04-19T08:48:13.205+0000] {dagbag.py:588} INFO - Filling up the DagBag from /home/airflow/.local/lib/python3.12/site-packages/airflow/example_dags/example_params_ui_tutorial.py
[2025-04-19T08:48:13.209+0000] {processor.py:925} INFO - DAG(s) 'example_params_ui_tutorial' retrieved from /home/airflow/.local/lib/python3.12/site-packages/airflow/example_dags/example_params_ui_tutorial.py
[2025-04-19T08:48:13.224+0000] {logging_mixin.py:190} INFO - [2025-04-19T08:48:13.223+0000] {dag.py:3239} INFO - Sync 1 DAGs
[2025-04-19T08:48:13.230+0000] {logging_mixin.py:190} INFO - [2025-04-19T08:48:13.229+0000] {dag.py:4180} INFO - Setting next_dagrun for example_params_ui_tutorial to None, run_after=None
[2025-04-19T08:48:13.236+0000] {processor.py:208} INFO - Processing /home/airflow/.local/lib/python3.12/site-packages/airflow/example_dags/example_params_ui_tutorial.py took 0.035 seconds
[2025-04-19T08:59:44.681+0000] {processor.py:186} INFO - Started process (PID=5702) to work on /home/airflow/.local/lib/python3.12/site-packages/airflow/example_dags/example_params_ui_tutorial.py
[2025-04-19T08:59:44.681+0000] {processor.py:914} INFO - Processing file /home/airflow/.local/lib/python3.12/site-packages/airflow/example_dags/example_params_ui_tutorial.py for tasks to queue
[2025-04-19T08:59:44.682+0000] {logging_mixin.py:190} INFO - [2025-04-19T08:59:44.682+0000] {dagbag.py:588} INFO - Filling up the DagBag from /home/airflow/.local/lib/python3.12/site-packages/airflow/example_dags/example_params_ui_tutorial.py
[2025-04-19T08:59:44.687+0000] {processor.py:925} INFO - DAG(s) 'example_params_ui_tutorial' retrieved from /home/airflow/.local/lib/python3.12/site-packages/airflow/example_dags/example_params_ui_tutorial.py
[2025-04-19T08:59:44.702+0000] {logging_mixin.py:190} INFO - [2025-04-19T08:59:44.702+0000] {dag.py:3239} INFO - Sync 1 DAGs
[2025-04-19T08:59:44.708+0000] {logging_mixin.py:190} INFO - [2025-04-19T08:59:44.707+0000] {dag.py:4180} INFO - Setting next_dagrun for example_params_ui_tutorial to None, run_after=None
[2025-04-19T08:59:44.714+0000] {processor.py:208} INFO - Processing /home/airflow/.local/lib/python3.12/site-packages/airflow/example_dags/example_params_ui_tutorial.py took 0.035 seconds
[2025-04-19T09:00:25.959+0000] {processor.py:186} INFO - Started process (PID=5766) to work on /home/airflow/.local/lib/python3.12/site-packages/airflow/example_dags/example_params_ui_tutorial.py
[2025-04-19T09:00:25.960+0000] {processor.py:914} INFO - Processing file /home/airflow/.local/lib/python3.12/site-packages/airflow/example_dags/example_params_ui_tutorial.py for tasks to queue
[2025-04-19T09:00:25.961+0000] {logging_mixin.py:190} INFO - [2025-04-19T09:00:25.961+0000] {dagbag.py:588} INFO - Filling up the DagBag from /home/airflow/.local/lib/python3.12/site-packages/airflow/example_dags/example_params_ui_tutorial.py
[2025-04-19T09:00:25.966+0000] {processor.py:925} INFO - DAG(s) 'example_params_ui_tutorial' retrieved from /home/airflow/.local/lib/python3.12/site-packages/airflow/example_dags/example_params_ui_tutorial.py
[2025-04-19T09:00:25.981+0000] {logging_mixin.py:190} INFO - [2025-04-19T09:00:25.981+0000] {dag.py:3239} INFO - Sync 1 DAGs
[2025-04-19T09:00:25.986+0000] {logging_mixin.py:190} INFO - [2025-04-19T09:00:25.986+0000] {dag.py:4180} INFO - Setting next_dagrun for example_params_ui_tutorial to None, run_after=None
[2025-04-19T09:00:25.993+0000] {processor.py:208} INFO - Processing /home/airflow/.local/lib/python3.12/site-packages/airflow/example_dags/example_params_ui_tutorial.py took 0.037 seconds
[2025-04-19T09:16:42.079+0000] {processor.py:186} INFO - Started process (PID=5830) to work on /home/airflow/.local/lib/python3.12/site-packages/airflow/example_dags/example_params_ui_tutorial.py
[2025-04-19T09:16:42.079+0000] {processor.py:914} INFO - Processing file /home/airflow/.local/lib/python3.12/site-packages/airflow/example_dags/example_params_ui_tutorial.py for tasks to queue
[2025-04-19T09:16:42.080+0000] {logging_mixin.py:190} INFO - [2025-04-19T09:16:42.080+0000] {dagbag.py:588} INFO - Filling up the DagBag from /home/airflow/.local/lib/python3.12/site-packages/airflow/example_dags/example_params_ui_tutorial.py
[2025-04-19T09:16:42.084+0000] {processor.py:925} INFO - DAG(s) 'example_params_ui_tutorial' retrieved from /home/airflow/.local/lib/python3.12/site-packages/airflow/example_dags/example_params_ui_tutorial.py
[2025-04-19T09:16:42.100+0000] {logging_mixin.py:190} INFO - [2025-04-19T09:16:42.100+0000] {dag.py:3239} INFO - Sync 1 DAGs
[2025-04-19T09:16:42.105+0000] {logging_mixin.py:190} INFO - [2025-04-19T09:16:42.105+0000] {dag.py:4180} INFO - Setting next_dagrun for example_params_ui_tutorial to None, run_after=None
[2025-04-19T09:16:42.111+0000] {processor.py:208} INFO - Processing /home/airflow/.local/lib/python3.12/site-packages/airflow/example_dags/example_params_ui_tutorial.py took 0.035 seconds
[2025-04-19T09:17:13.116+0000] {processor.py:186} INFO - Started process (PID=5894) to work on /home/airflow/.local/lib/python3.12/site-packages/airflow/example_dags/example_params_ui_tutorial.py
[2025-04-19T09:17:13.117+0000] {processor.py:914} INFO - Processing file /home/airflow/.local/lib/python3.12/site-packages/airflow/example_dags/example_params_ui_tutorial.py for tasks to queue
[2025-04-19T09:17:13.119+0000] {logging_mixin.py:190} INFO - [2025-04-19T09:17:13.118+0000] {dagbag.py:588} INFO - Filling up the DagBag from /home/airflow/.local/lib/python3.12/site-packages/airflow/example_dags/example_params_ui_tutorial.py
[2025-04-19T09:17:13.126+0000] {processor.py:925} INFO - DAG(s) 'example_params_ui_tutorial' retrieved from /home/airflow/.local/lib/python3.12/site-packages/airflow/example_dags/example_params_ui_tutorial.py
[2025-04-19T09:17:13.147+0000] {logging_mixin.py:190} INFO - [2025-04-19T09:17:13.146+0000] {dag.py:3239} INFO - Sync 1 DAGs
[2025-04-19T09:17:13.153+0000] {logging_mixin.py:190} INFO - [2025-04-19T09:17:13.153+0000] {dag.py:4180} INFO - Setting next_dagrun for example_params_ui_tutorial to None, run_after=None
[2025-04-19T09:17:13.160+0000] {processor.py:208} INFO - Processing /home/airflow/.local/lib/python3.12/site-packages/airflow/example_dags/example_params_ui_tutorial.py took 0.048 seconds
[2025-04-19T09:20:59.954+0000] {processor.py:186} INFO - Started process (PID=5958) to work on /home/airflow/.local/lib/python3.12/site-packages/airflow/example_dags/example_params_ui_tutorial.py
[2025-04-19T09:20:59.954+0000] {processor.py:914} INFO - Processing file /home/airflow/.local/lib/python3.12/site-packages/airflow/example_dags/example_params_ui_tutorial.py for tasks to queue
[2025-04-19T09:20:59.955+0000] {logging_mixin.py:190} INFO - [2025-04-19T09:20:59.955+0000] {dagbag.py:588} INFO - Filling up the DagBag from /home/airflow/.local/lib/python3.12/site-packages/airflow/example_dags/example_params_ui_tutorial.py
[2025-04-19T09:20:59.959+0000] {processor.py:925} INFO - DAG(s) 'example_params_ui_tutorial' retrieved from /home/airflow/.local/lib/python3.12/site-packages/airflow/example_dags/example_params_ui_tutorial.py
[2025-04-19T09:20:59.975+0000] {logging_mixin.py:190} INFO - [2025-04-19T09:20:59.975+0000] {dag.py:3239} INFO - Sync 1 DAGs
[2025-04-19T09:20:59.981+0000] {logging_mixin.py:190} INFO - [2025-04-19T09:20:59.980+0000] {dag.py:4180} INFO - Setting next_dagrun for example_params_ui_tutorial to None, run_after=None
[2025-04-19T09:20:59.987+0000] {processor.py:208} INFO - Processing /home/airflow/.local/lib/python3.12/site-packages/airflow/example_dags/example_params_ui_tutorial.py took 0.035 seconds
[2025-04-19T09:38:23.749+0000] {processor.py:186} INFO - Started process (PID=6022) to work on /home/airflow/.local/lib/python3.12/site-packages/airflow/example_dags/example_params_ui_tutorial.py
[2025-04-19T09:38:23.749+0000] {processor.py:914} INFO - Processing file /home/airflow/.local/lib/python3.12/site-packages/airflow/example_dags/example_params_ui_tutorial.py for tasks to queue
[2025-04-19T09:38:23.751+0000] {logging_mixin.py:190} INFO - [2025-04-19T09:38:23.750+0000] {dagbag.py:588} INFO - Filling up the DagBag from /home/airflow/.local/lib/python3.12/site-packages/airflow/example_dags/example_params_ui_tutorial.py
[2025-04-19T09:38:23.755+0000] {processor.py:925} INFO - DAG(s) 'example_params_ui_tutorial' retrieved from /home/airflow/.local/lib/python3.12/site-packages/airflow/example_dags/example_params_ui_tutorial.py
[2025-04-19T09:38:23.772+0000] {logging_mixin.py:190} INFO - [2025-04-19T09:38:23.771+0000] {dag.py:3239} INFO - Sync 1 DAGs
[2025-04-19T09:38:23.778+0000] {logging_mixin.py:190} INFO - [2025-04-19T09:38:23.778+0000] {dag.py:4180} INFO - Setting next_dagrun for example_params_ui_tutorial to None, run_after=None
[2025-04-19T09:38:23.784+0000] {processor.py:208} INFO - Processing /home/airflow/.local/lib/python3.12/site-packages/airflow/example_dags/example_params_ui_tutorial.py took 0.038 seconds
[2025-04-19T10:40:28.884+0000] {processor.py:186} INFO - Started process (PID=6086) to work on /home/airflow/.local/lib/python3.12/site-packages/airflow/example_dags/example_params_ui_tutorial.py
[2025-04-19T10:40:28.885+0000] {processor.py:914} INFO - Processing file /home/airflow/.local/lib/python3.12/site-packages/airflow/example_dags/example_params_ui_tutorial.py for tasks to queue
[2025-04-19T10:40:28.885+0000] {logging_mixin.py:190} INFO - [2025-04-19T10:40:28.885+0000] {dagbag.py:588} INFO - Filling up the DagBag from /home/airflow/.local/lib/python3.12/site-packages/airflow/example_dags/example_params_ui_tutorial.py
[2025-04-19T10:40:28.890+0000] {processor.py:925} INFO - DAG(s) 'example_params_ui_tutorial' retrieved from /home/airflow/.local/lib/python3.12/site-packages/airflow/example_dags/example_params_ui_tutorial.py
[2025-04-19T10:40:28.907+0000] {logging_mixin.py:190} INFO - [2025-04-19T10:40:28.907+0000] {dag.py:3239} INFO - Sync 1 DAGs
[2025-04-19T10:40:28.913+0000] {logging_mixin.py:190} INFO - [2025-04-19T10:40:28.913+0000] {dag.py:4180} INFO - Setting next_dagrun for example_params_ui_tutorial to None, run_after=None
[2025-04-19T10:40:28.920+0000] {processor.py:208} INFO - Processing /home/airflow/.local/lib/python3.12/site-packages/airflow/example_dags/example_params_ui_tutorial.py took 0.038 seconds
[2025-04-19T10:45:02.040+0000] {processor.py:186} INFO - Started process (PID=6150) to work on /home/airflow/.local/lib/python3.12/site-packages/airflow/example_dags/example_params_ui_tutorial.py
[2025-04-19T10:45:02.040+0000] {processor.py:914} INFO - Processing file /home/airflow/.local/lib/python3.12/site-packages/airflow/example_dags/example_params_ui_tutorial.py for tasks to queue
[2025-04-19T10:45:02.042+0000] {logging_mixin.py:190} INFO - [2025-04-19T10:45:02.042+0000] {dagbag.py:588} INFO - Filling up the DagBag from /home/airflow/.local/lib/python3.12/site-packages/airflow/example_dags/example_params_ui_tutorial.py
[2025-04-19T10:45:02.046+0000] {processor.py:925} INFO - DAG(s) 'example_params_ui_tutorial' retrieved from /home/airflow/.local/lib/python3.12/site-packages/airflow/example_dags/example_params_ui_tutorial.py
[2025-04-19T10:45:02.061+0000] {logging_mixin.py:190} INFO - [2025-04-19T10:45:02.061+0000] {dag.py:3239} INFO - Sync 1 DAGs
[2025-04-19T10:45:02.066+0000] {logging_mixin.py:190} INFO - [2025-04-19T10:45:02.066+0000] {dag.py:4180} INFO - Setting next_dagrun for example_params_ui_tutorial to None, run_after=None
[2025-04-19T10:45:02.072+0000] {processor.py:208} INFO - Processing /home/airflow/.local/lib/python3.12/site-packages/airflow/example_dags/example_params_ui_tutorial.py took 0.035 seconds
[2025-04-19T11:21:11.913+0000] {processor.py:186} INFO - Started process (PID=6213) to work on /home/airflow/.local/lib/python3.12/site-packages/airflow/example_dags/example_params_ui_tutorial.py
[2025-04-19T11:21:11.913+0000] {processor.py:914} INFO - Processing file /home/airflow/.local/lib/python3.12/site-packages/airflow/example_dags/example_params_ui_tutorial.py for tasks to queue
[2025-04-19T11:21:11.914+0000] {logging_mixin.py:190} INFO - [2025-04-19T11:21:11.914+0000] {dagbag.py:588} INFO - Filling up the DagBag from /home/airflow/.local/lib/python3.12/site-packages/airflow/example_dags/example_params_ui_tutorial.py
[2025-04-19T11:21:11.919+0000] {processor.py:925} INFO - DAG(s) 'example_params_ui_tutorial' retrieved from /home/airflow/.local/lib/python3.12/site-packages/airflow/example_dags/example_params_ui_tutorial.py
[2025-04-19T11:21:11.934+0000] {logging_mixin.py:190} INFO - [2025-04-19T11:21:11.934+0000] {dag.py:3239} INFO - Sync 1 DAGs
[2025-04-19T11:21:11.939+0000] {logging_mixin.py:190} INFO - [2025-04-19T11:21:11.939+0000] {dag.py:4180} INFO - Setting next_dagrun for example_params_ui_tutorial to None, run_after=None
[2025-04-19T11:21:11.945+0000] {processor.py:208} INFO - Processing /home/airflow/.local/lib/python3.12/site-packages/airflow/example_dags/example_params_ui_tutorial.py took 0.035 seconds
[2025-04-19T11:59:37.127+0000] {processor.py:186} INFO - Started process (PID=6277) to work on /home/airflow/.local/lib/python3.12/site-packages/airflow/example_dags/example_params_ui_tutorial.py
[2025-04-19T11:59:37.128+0000] {processor.py:914} INFO - Processing file /home/airflow/.local/lib/python3.12/site-packages/airflow/example_dags/example_params_ui_tutorial.py for tasks to queue
[2025-04-19T11:59:37.129+0000] {logging_mixin.py:190} INFO - [2025-04-19T11:59:37.129+0000] {dagbag.py:588} INFO - Filling up the DagBag from /home/airflow/.local/lib/python3.12/site-packages/airflow/example_dags/example_params_ui_tutorial.py
[2025-04-19T11:59:37.133+0000] {processor.py:925} INFO - DAG(s) 'example_params_ui_tutorial' retrieved from /home/airflow/.local/lib/python3.12/site-packages/airflow/example_dags/example_params_ui_tutorial.py
[2025-04-19T11:59:37.148+0000] {logging_mixin.py:190} INFO - [2025-04-19T11:59:37.148+0000] {dag.py:3239} INFO - Sync 1 DAGs
[2025-04-19T11:59:37.154+0000] {logging_mixin.py:190} INFO - [2025-04-19T11:59:37.154+0000] {dag.py:4180} INFO - Setting next_dagrun for example_params_ui_tutorial to None, run_after=None
[2025-04-19T11:59:37.160+0000] {processor.py:208} INFO - Processing /home/airflow/.local/lib/python3.12/site-packages/airflow/example_dags/example_params_ui_tutorial.py took 0.036 seconds
[2025-04-19T12:19:40.668+0000] {processor.py:186} INFO - Started process (PID=6341) to work on /home/airflow/.local/lib/python3.12/site-packages/airflow/example_dags/example_params_ui_tutorial.py
[2025-04-19T12:19:40.669+0000] {processor.py:914} INFO - Processing file /home/airflow/.local/lib/python3.12/site-packages/airflow/example_dags/example_params_ui_tutorial.py for tasks to queue
[2025-04-19T12:19:40.670+0000] {logging_mixin.py:190} INFO - [2025-04-19T12:19:40.670+0000] {dagbag.py:588} INFO - Filling up the DagBag from /home/airflow/.local/lib/python3.12/site-packages/airflow/example_dags/example_params_ui_tutorial.py
[2025-04-19T12:19:40.674+0000] {processor.py:925} INFO - DAG(s) 'example_params_ui_tutorial' retrieved from /home/airflow/.local/lib/python3.12/site-packages/airflow/example_dags/example_params_ui_tutorial.py
[2025-04-19T12:19:40.691+0000] {logging_mixin.py:190} INFO - [2025-04-19T12:19:40.691+0000] {dag.py:3239} INFO - Sync 1 DAGs
[2025-04-19T12:19:40.699+0000] {logging_mixin.py:190} INFO - [2025-04-19T12:19:40.698+0000] {dag.py:4180} INFO - Setting next_dagrun for example_params_ui_tutorial to None, run_after=None
[2025-04-19T12:19:40.705+0000] {processor.py:208} INFO - Processing /home/airflow/.local/lib/python3.12/site-packages/airflow/example_dags/example_params_ui_tutorial.py took 0.040 seconds
[2025-04-19T13:11:27.534+0000] {processor.py:186} INFO - Started process (PID=6405) to work on /home/airflow/.local/lib/python3.12/site-packages/airflow/example_dags/example_params_ui_tutorial.py
[2025-04-19T13:11:27.535+0000] {processor.py:914} INFO - Processing file /home/airflow/.local/lib/python3.12/site-packages/airflow/example_dags/example_params_ui_tutorial.py for tasks to queue
[2025-04-19T13:11:27.536+0000] {logging_mixin.py:190} INFO - [2025-04-19T13:11:27.536+0000] {dagbag.py:588} INFO - Filling up the DagBag from /home/airflow/.local/lib/python3.12/site-packages/airflow/example_dags/example_params_ui_tutorial.py
[2025-04-19T13:11:27.540+0000] {processor.py:925} INFO - DAG(s) 'example_params_ui_tutorial' retrieved from /home/airflow/.local/lib/python3.12/site-packages/airflow/example_dags/example_params_ui_tutorial.py
[2025-04-19T13:11:27.555+0000] {logging_mixin.py:190} INFO - [2025-04-19T13:11:27.555+0000] {dag.py:3239} INFO - Sync 1 DAGs
[2025-04-19T13:11:27.561+0000] {logging_mixin.py:190} INFO - [2025-04-19T13:11:27.560+0000] {dag.py:4180} INFO - Setting next_dagrun for example_params_ui_tutorial to None, run_after=None
[2025-04-19T13:11:27.567+0000] {processor.py:208} INFO - Processing /home/airflow/.local/lib/python3.12/site-packages/airflow/example_dags/example_params_ui_tutorial.py took 0.036 seconds
[2025-04-19T13:20:39.899+0000] {processor.py:186} INFO - Started process (PID=6469) to work on /home/airflow/.local/lib/python3.12/site-packages/airflow/example_dags/example_params_ui_tutorial.py
[2025-04-19T13:20:39.900+0000] {processor.py:914} INFO - Processing file /home/airflow/.local/lib/python3.12/site-packages/airflow/example_dags/example_params_ui_tutorial.py for tasks to queue
[2025-04-19T13:20:39.900+0000] {logging_mixin.py:190} INFO - [2025-04-19T13:20:39.900+0000] {dagbag.py:588} INFO - Filling up the DagBag from /home/airflow/.local/lib/python3.12/site-packages/airflow/example_dags/example_params_ui_tutorial.py
[2025-04-19T13:20:39.905+0000] {processor.py:925} INFO - DAG(s) 'example_params_ui_tutorial' retrieved from /home/airflow/.local/lib/python3.12/site-packages/airflow/example_dags/example_params_ui_tutorial.py
[2025-04-19T13:20:39.922+0000] {logging_mixin.py:190} INFO - [2025-04-19T13:20:39.922+0000] {dag.py:3239} INFO - Sync 1 DAGs
[2025-04-19T13:20:39.928+0000] {logging_mixin.py:190} INFO - [2025-04-19T13:20:39.928+0000] {dag.py:4180} INFO - Setting next_dagrun for example_params_ui_tutorial to None, run_after=None
[2025-04-19T13:20:39.935+0000] {processor.py:208} INFO - Processing /home/airflow/.local/lib/python3.12/site-packages/airflow/example_dags/example_params_ui_tutorial.py took 0.039 seconds
[2025-04-19T14:21:40.664+0000] {processor.py:186} INFO - Started process (PID=6533) to work on /home/airflow/.local/lib/python3.12/site-packages/airflow/example_dags/example_params_ui_tutorial.py
[2025-04-19T14:21:40.664+0000] {processor.py:914} INFO - Processing file /home/airflow/.local/lib/python3.12/site-packages/airflow/example_dags/example_params_ui_tutorial.py for tasks to queue
[2025-04-19T14:21:40.665+0000] {logging_mixin.py:190} INFO - [2025-04-19T14:21:40.665+0000] {dagbag.py:588} INFO - Filling up the DagBag from /home/airflow/.local/lib/python3.12/site-packages/airflow/example_dags/example_params_ui_tutorial.py
[2025-04-19T14:21:40.670+0000] {processor.py:925} INFO - DAG(s) 'example_params_ui_tutorial' retrieved from /home/airflow/.local/lib/python3.12/site-packages/airflow/example_dags/example_params_ui_tutorial.py
[2025-04-19T14:21:40.686+0000] {logging_mixin.py:190} INFO - [2025-04-19T14:21:40.686+0000] {dag.py:3239} INFO - Sync 1 DAGs
[2025-04-19T14:21:40.691+0000] {logging_mixin.py:190} INFO - [2025-04-19T14:21:40.691+0000] {dag.py:4180} INFO - Setting next_dagrun for example_params_ui_tutorial to None, run_after=None
[2025-04-19T14:21:40.698+0000] {processor.py:208} INFO - Processing /home/airflow/.local/lib/python3.12/site-packages/airflow/example_dags/example_params_ui_tutorial.py took 0.037 seconds
[2025-04-19T14:25:33.894+0000] {processor.py:186} INFO - Started process (PID=6597) to work on /home/airflow/.local/lib/python3.12/site-packages/airflow/example_dags/example_params_ui_tutorial.py
[2025-04-19T14:25:33.894+0000] {processor.py:914} INFO - Processing file /home/airflow/.local/lib/python3.12/site-packages/airflow/example_dags/example_params_ui_tutorial.py for tasks to queue
[2025-04-19T14:25:33.895+0000] {logging_mixin.py:190} INFO - [2025-04-19T14:25:33.895+0000] {dagbag.py:588} INFO - Filling up the DagBag from /home/airflow/.local/lib/python3.12/site-packages/airflow/example_dags/example_params_ui_tutorial.py
[2025-04-19T14:25:33.899+0000] {processor.py:925} INFO - DAG(s) 'example_params_ui_tutorial' retrieved from /home/airflow/.local/lib/python3.12/site-packages/airflow/example_dags/example_params_ui_tutorial.py
[2025-04-19T14:25:33.915+0000] {logging_mixin.py:190} INFO - [2025-04-19T14:25:33.915+0000] {dag.py:3239} INFO - Sync 1 DAGs
[2025-04-19T14:25:33.920+0000] {logging_mixin.py:190} INFO - [2025-04-19T14:25:33.920+0000] {dag.py:4180} INFO - Setting next_dagrun for example_params_ui_tutorial to None, run_after=None
[2025-04-19T14:25:33.926+0000] {processor.py:208} INFO - Processing /home/airflow/.local/lib/python3.12/site-packages/airflow/example_dags/example_params_ui_tutorial.py took 0.036 seconds
[2025-04-19T15:22:36.265+0000] {processor.py:186} INFO - Started process (PID=6661) to work on /home/airflow/.local/lib/python3.12/site-packages/airflow/example_dags/example_params_ui_tutorial.py
[2025-04-19T15:22:36.265+0000] {processor.py:914} INFO - Processing file /home/airflow/.local/lib/python3.12/site-packages/airflow/example_dags/example_params_ui_tutorial.py for tasks to queue
[2025-04-19T15:22:36.266+0000] {logging_mixin.py:190} INFO - [2025-04-19T15:22:36.266+0000] {dagbag.py:588} INFO - Filling up the DagBag from /home/airflow/.local/lib/python3.12/site-packages/airflow/example_dags/example_params_ui_tutorial.py
[2025-04-19T15:22:36.271+0000] {processor.py:925} INFO - DAG(s) 'example_params_ui_tutorial' retrieved from /home/airflow/.local/lib/python3.12/site-packages/airflow/example_dags/example_params_ui_tutorial.py
[2025-04-19T15:22:36.288+0000] {logging_mixin.py:190} INFO - [2025-04-19T15:22:36.288+0000] {dag.py:3239} INFO - Sync 1 DAGs
[2025-04-19T15:22:36.293+0000] {logging_mixin.py:190} INFO - [2025-04-19T15:22:36.293+0000] {dag.py:4180} INFO - Setting next_dagrun for example_params_ui_tutorial to None, run_after=None
[2025-04-19T15:22:36.300+0000] {processor.py:208} INFO - Processing /home/airflow/.local/lib/python3.12/site-packages/airflow/example_dags/example_params_ui_tutorial.py took 0.039 seconds
[2025-04-19T15:44:02.385+0000] {processor.py:186} INFO - Started process (PID=6725) to work on /home/airflow/.local/lib/python3.12/site-packages/airflow/example_dags/example_params_ui_tutorial.py
[2025-04-19T15:44:02.386+0000] {processor.py:914} INFO - Processing file /home/airflow/.local/lib/python3.12/site-packages/airflow/example_dags/example_params_ui_tutorial.py for tasks to queue
[2025-04-19T15:44:02.387+0000] {logging_mixin.py:190} INFO - [2025-04-19T15:44:02.387+0000] {dagbag.py:588} INFO - Filling up the DagBag from /home/airflow/.local/lib/python3.12/site-packages/airflow/example_dags/example_params_ui_tutorial.py
[2025-04-19T15:44:02.391+0000] {processor.py:925} INFO - DAG(s) 'example_params_ui_tutorial' retrieved from /home/airflow/.local/lib/python3.12/site-packages/airflow/example_dags/example_params_ui_tutorial.py
[2025-04-19T15:44:02.407+0000] {logging_mixin.py:190} INFO - [2025-04-19T15:44:02.407+0000] {dag.py:3239} INFO - Sync 1 DAGs
[2025-04-19T15:44:02.412+0000] {logging_mixin.py:190} INFO - [2025-04-19T15:44:02.412+0000] {dag.py:4180} INFO - Setting next_dagrun for example_params_ui_tutorial to None, run_after=None
[2025-04-19T15:44:02.419+0000] {processor.py:208} INFO - Processing /home/airflow/.local/lib/python3.12/site-packages/airflow/example_dags/example_params_ui_tutorial.py took 0.036 seconds
[2025-04-19T16:23:37.375+0000] {processor.py:186} INFO - Started process (PID=6789) to work on /home/airflow/.local/lib/python3.12/site-packages/airflow/example_dags/example_params_ui_tutorial.py
[2025-04-19T16:23:37.375+0000] {processor.py:914} INFO - Processing file /home/airflow/.local/lib/python3.12/site-packages/airflow/example_dags/example_params_ui_tutorial.py for tasks to queue
[2025-04-19T16:23:37.376+0000] {logging_mixin.py:190} INFO - [2025-04-19T16:23:37.376+0000] {dagbag.py:588} INFO - Filling up the DagBag from /home/airflow/.local/lib/python3.12/site-packages/airflow/example_dags/example_params_ui_tutorial.py
[2025-04-19T16:23:37.380+0000] {processor.py:925} INFO - DAG(s) 'example_params_ui_tutorial' retrieved from /home/airflow/.local/lib/python3.12/site-packages/airflow/example_dags/example_params_ui_tutorial.py
[2025-04-19T16:23:37.397+0000] {logging_mixin.py:190} INFO - [2025-04-19T16:23:37.397+0000] {dag.py:3239} INFO - Sync 1 DAGs
[2025-04-19T16:23:37.402+0000] {logging_mixin.py:190} INFO - [2025-04-19T16:23:37.402+0000] {dag.py:4180} INFO - Setting next_dagrun for example_params_ui_tutorial to None, run_after=None
[2025-04-19T16:23:37.409+0000] {processor.py:208} INFO - Processing /home/airflow/.local/lib/python3.12/site-packages/airflow/example_dags/example_params_ui_tutorial.py took 0.037 seconds
[2025-04-19T16:59:43.864+0000] {processor.py:186} INFO - Started process (PID=6853) to work on /home/airflow/.local/lib/python3.12/site-packages/airflow/example_dags/example_params_ui_tutorial.py
[2025-04-19T16:59:43.865+0000] {processor.py:914} INFO - Processing file /home/airflow/.local/lib/python3.12/site-packages/airflow/example_dags/example_params_ui_tutorial.py for tasks to queue
[2025-04-19T16:59:43.866+0000] {logging_mixin.py:190} INFO - [2025-04-19T16:59:43.866+0000] {dagbag.py:588} INFO - Filling up the DagBag from /home/airflow/.local/lib/python3.12/site-packages/airflow/example_dags/example_params_ui_tutorial.py
[2025-04-19T16:59:43.871+0000] {processor.py:925} INFO - DAG(s) 'example_params_ui_tutorial' retrieved from /home/airflow/.local/lib/python3.12/site-packages/airflow/example_dags/example_params_ui_tutorial.py
[2025-04-19T16:59:43.888+0000] {logging_mixin.py:190} INFO - [2025-04-19T16:59:43.888+0000] {dag.py:3239} INFO - Sync 1 DAGs
[2025-04-19T16:59:43.894+0000] {logging_mixin.py:190} INFO - [2025-04-19T16:59:43.894+0000] {dag.py:4180} INFO - Setting next_dagrun for example_params_ui_tutorial to None, run_after=None
[2025-04-19T16:59:43.903+0000] {processor.py:208} INFO - Processing /home/airflow/.local/lib/python3.12/site-packages/airflow/example_dags/example_params_ui_tutorial.py took 0.041 seconds
[2025-04-19T17:02:35.798+0000] {processor.py:186} INFO - Started process (PID=6917) to work on /home/airflow/.local/lib/python3.12/site-packages/airflow/example_dags/example_params_ui_tutorial.py
[2025-04-19T17:02:35.799+0000] {processor.py:914} INFO - Processing file /home/airflow/.local/lib/python3.12/site-packages/airflow/example_dags/example_params_ui_tutorial.py for tasks to queue
[2025-04-19T17:02:35.800+0000] {logging_mixin.py:190} INFO - [2025-04-19T17:02:35.799+0000] {dagbag.py:588} INFO - Filling up the DagBag from /home/airflow/.local/lib/python3.12/site-packages/airflow/example_dags/example_params_ui_tutorial.py
[2025-04-19T17:02:35.804+0000] {processor.py:925} INFO - DAG(s) 'example_params_ui_tutorial' retrieved from /home/airflow/.local/lib/python3.12/site-packages/airflow/example_dags/example_params_ui_tutorial.py
[2025-04-19T17:02:35.820+0000] {logging_mixin.py:190} INFO - [2025-04-19T17:02:35.820+0000] {dag.py:3239} INFO - Sync 1 DAGs
[2025-04-19T17:02:35.826+0000] {logging_mixin.py:190} INFO - [2025-04-19T17:02:35.826+0000] {dag.py:4180} INFO - Setting next_dagrun for example_params_ui_tutorial to None, run_after=None
[2025-04-19T17:02:35.833+0000] {processor.py:208} INFO - Processing /home/airflow/.local/lib/python3.12/site-packages/airflow/example_dags/example_params_ui_tutorial.py took 0.038 seconds
[2025-04-19T17:24:38.683+0000] {processor.py:186} INFO - Started process (PID=6981) to work on /home/airflow/.local/lib/python3.12/site-packages/airflow/example_dags/example_params_ui_tutorial.py
[2025-04-19T17:24:38.683+0000] {processor.py:914} INFO - Processing file /home/airflow/.local/lib/python3.12/site-packages/airflow/example_dags/example_params_ui_tutorial.py for tasks to queue
[2025-04-19T17:24:38.684+0000] {logging_mixin.py:190} INFO - [2025-04-19T17:24:38.684+0000] {dagbag.py:588} INFO - Filling up the DagBag from /home/airflow/.local/lib/python3.12/site-packages/airflow/example_dags/example_params_ui_tutorial.py
[2025-04-19T17:24:38.689+0000] {processor.py:925} INFO - DAG(s) 'example_params_ui_tutorial' retrieved from /home/airflow/.local/lib/python3.12/site-packages/airflow/example_dags/example_params_ui_tutorial.py
[2025-04-19T17:24:38.704+0000] {logging_mixin.py:190} INFO - [2025-04-19T17:24:38.704+0000] {dag.py:3239} INFO - Sync 1 DAGs
[2025-04-19T17:24:38.711+0000] {logging_mixin.py:190} INFO - [2025-04-19T17:24:38.710+0000] {dag.py:4180} INFO - Setting next_dagrun for example_params_ui_tutorial to None, run_after=None
[2025-04-19T17:24:38.719+0000] {processor.py:208} INFO - Processing /home/airflow/.local/lib/python3.12/site-packages/airflow/example_dags/example_params_ui_tutorial.py took 0.039 seconds
[2025-04-19T17:41:23.495+0000] {processor.py:186} INFO - Started process (PID=7045) to work on /home/airflow/.local/lib/python3.12/site-packages/airflow/example_dags/example_params_ui_tutorial.py
[2025-04-19T17:41:23.495+0000] {processor.py:914} INFO - Processing file /home/airflow/.local/lib/python3.12/site-packages/airflow/example_dags/example_params_ui_tutorial.py for tasks to queue
[2025-04-19T17:41:23.496+0000] {logging_mixin.py:190} INFO - [2025-04-19T17:41:23.496+0000] {dagbag.py:588} INFO - Filling up the DagBag from /home/airflow/.local/lib/python3.12/site-packages/airflow/example_dags/example_params_ui_tutorial.py
[2025-04-19T17:41:23.500+0000] {processor.py:925} INFO - DAG(s) 'example_params_ui_tutorial' retrieved from /home/airflow/.local/lib/python3.12/site-packages/airflow/example_dags/example_params_ui_tutorial.py
[2025-04-19T17:41:23.517+0000] {logging_mixin.py:190} INFO - [2025-04-19T17:41:23.516+0000] {dag.py:3239} INFO - Sync 1 DAGs
[2025-04-19T17:41:23.522+0000] {logging_mixin.py:190} INFO - [2025-04-19T17:41:23.522+0000] {dag.py:4180} INFO - Setting next_dagrun for example_params_ui_tutorial to None, run_after=None
[2025-04-19T17:41:23.529+0000] {processor.py:208} INFO - Processing /home/airflow/.local/lib/python3.12/site-packages/airflow/example_dags/example_params_ui_tutorial.py took 0.037 seconds
[2025-04-19T17:42:56.869+0000] {processor.py:186} INFO - Started process (PID=7109) to work on /home/airflow/.local/lib/python3.12/site-packages/airflow/example_dags/example_params_ui_tutorial.py
[2025-04-19T17:42:56.870+0000] {processor.py:914} INFO - Processing file /home/airflow/.local/lib/python3.12/site-packages/airflow/example_dags/example_params_ui_tutorial.py for tasks to queue
[2025-04-19T17:42:56.871+0000] {logging_mixin.py:190} INFO - [2025-04-19T17:42:56.870+0000] {dagbag.py:588} INFO - Filling up the DagBag from /home/airflow/.local/lib/python3.12/site-packages/airflow/example_dags/example_params_ui_tutorial.py
[2025-04-19T17:42:56.875+0000] {processor.py:925} INFO - DAG(s) 'example_params_ui_tutorial' retrieved from /home/airflow/.local/lib/python3.12/site-packages/airflow/example_dags/example_params_ui_tutorial.py
[2025-04-19T17:42:56.890+0000] {logging_mixin.py:190} INFO - [2025-04-19T17:42:56.890+0000] {dag.py:3239} INFO - Sync 1 DAGs
[2025-04-19T17:42:56.896+0000] {logging_mixin.py:190} INFO - [2025-04-19T17:42:56.896+0000] {dag.py:4180} INFO - Setting next_dagrun for example_params_ui_tutorial to None, run_after=None
[2025-04-19T17:42:56.902+0000] {processor.py:208} INFO - Processing /home/airflow/.local/lib/python3.12/site-packages/airflow/example_dags/example_params_ui_tutorial.py took 0.035 seconds
[2025-04-19T17:55:53.275+0000] {processor.py:186} INFO - Started process (PID=7173) to work on /home/airflow/.local/lib/python3.12/site-packages/airflow/example_dags/example_params_ui_tutorial.py
[2025-04-19T17:55:53.276+0000] {processor.py:914} INFO - Processing file /home/airflow/.local/lib/python3.12/site-packages/airflow/example_dags/example_params_ui_tutorial.py for tasks to queue
[2025-04-19T17:55:53.277+0000] {logging_mixin.py:190} INFO - [2025-04-19T17:55:53.277+0000] {dagbag.py:588} INFO - Filling up the DagBag from /home/airflow/.local/lib/python3.12/site-packages/airflow/example_dags/example_params_ui_tutorial.py
[2025-04-19T17:55:53.281+0000] {processor.py:925} INFO - DAG(s) 'example_params_ui_tutorial' retrieved from /home/airflow/.local/lib/python3.12/site-packages/airflow/example_dags/example_params_ui_tutorial.py
[2025-04-19T17:55:53.296+0000] {logging_mixin.py:190} INFO - [2025-04-19T17:55:53.296+0000] {dag.py:3239} INFO - Sync 1 DAGs
[2025-04-19T17:55:53.302+0000] {logging_mixin.py:190} INFO - [2025-04-19T17:55:53.302+0000] {dag.py:4180} INFO - Setting next_dagrun for example_params_ui_tutorial to None, run_after=None
[2025-04-19T17:55:53.309+0000] {processor.py:208} INFO - Processing /home/airflow/.local/lib/python3.12/site-packages/airflow/example_dags/example_params_ui_tutorial.py took 0.037 seconds
[2025-04-19T17:57:05.771+0000] {processor.py:186} INFO - Started process (PID=7237) to work on /home/airflow/.local/lib/python3.12/site-packages/airflow/example_dags/example_params_ui_tutorial.py
[2025-04-19T17:57:05.771+0000] {processor.py:914} INFO - Processing file /home/airflow/.local/lib/python3.12/site-packages/airflow/example_dags/example_params_ui_tutorial.py for tasks to queue
[2025-04-19T17:57:05.772+0000] {logging_mixin.py:190} INFO - [2025-04-19T17:57:05.772+0000] {dagbag.py:588} INFO - Filling up the DagBag from /home/airflow/.local/lib/python3.12/site-packages/airflow/example_dags/example_params_ui_tutorial.py
[2025-04-19T17:57:05.777+0000] {processor.py:925} INFO - DAG(s) 'example_params_ui_tutorial' retrieved from /home/airflow/.local/lib/python3.12/site-packages/airflow/example_dags/example_params_ui_tutorial.py
[2025-04-19T17:57:05.793+0000] {logging_mixin.py:190} INFO - [2025-04-19T17:57:05.792+0000] {dag.py:3239} INFO - Sync 1 DAGs
[2025-04-19T17:57:05.798+0000] {logging_mixin.py:190} INFO - [2025-04-19T17:57:05.798+0000] {dag.py:4180} INFO - Setting next_dagrun for example_params_ui_tutorial to None, run_after=None
[2025-04-19T17:57:05.805+0000] {processor.py:208} INFO - Processing /home/airflow/.local/lib/python3.12/site-packages/airflow/example_dags/example_params_ui_tutorial.py took 0.036 seconds
[2025-04-19T17:58:30.181+0000] {processor.py:186} INFO - Started process (PID=7301) to work on /home/airflow/.local/lib/python3.12/site-packages/airflow/example_dags/example_params_ui_tutorial.py
[2025-04-19T17:58:30.182+0000] {processor.py:914} INFO - Processing file /home/airflow/.local/lib/python3.12/site-packages/airflow/example_dags/example_params_ui_tutorial.py for tasks to queue
[2025-04-19T17:58:30.183+0000] {logging_mixin.py:190} INFO - [2025-04-19T17:58:30.183+0000] {dagbag.py:588} INFO - Filling up the DagBag from /home/airflow/.local/lib/python3.12/site-packages/airflow/example_dags/example_params_ui_tutorial.py
[2025-04-19T17:58:30.187+0000] {processor.py:925} INFO - DAG(s) 'example_params_ui_tutorial' retrieved from /home/airflow/.local/lib/python3.12/site-packages/airflow/example_dags/example_params_ui_tutorial.py
[2025-04-19T17:58:30.203+0000] {logging_mixin.py:190} INFO - [2025-04-19T17:58:30.203+0000] {dag.py:3239} INFO - Sync 1 DAGs
[2025-04-19T17:58:30.208+0000] {logging_mixin.py:190} INFO - [2025-04-19T17:58:30.208+0000] {dag.py:4180} INFO - Setting next_dagrun for example_params_ui_tutorial to None, run_after=None
[2025-04-19T17:58:30.214+0000] {processor.py:208} INFO - Processing /home/airflow/.local/lib/python3.12/site-packages/airflow/example_dags/example_params_ui_tutorial.py took 0.036 seconds
[2025-04-19T18:59:32.043+0000] {processor.py:186} INFO - Started process (PID=7365) to work on /home/airflow/.local/lib/python3.12/site-packages/airflow/example_dags/example_params_ui_tutorial.py
[2025-04-19T18:59:32.044+0000] {processor.py:914} INFO - Processing file /home/airflow/.local/lib/python3.12/site-packages/airflow/example_dags/example_params_ui_tutorial.py for tasks to queue
[2025-04-19T18:59:32.045+0000] {logging_mixin.py:190} INFO - [2025-04-19T18:59:32.045+0000] {dagbag.py:588} INFO - Filling up the DagBag from /home/airflow/.local/lib/python3.12/site-packages/airflow/example_dags/example_params_ui_tutorial.py
[2025-04-19T18:59:32.050+0000] {processor.py:925} INFO - DAG(s) 'example_params_ui_tutorial' retrieved from /home/airflow/.local/lib/python3.12/site-packages/airflow/example_dags/example_params_ui_tutorial.py
[2025-04-19T18:59:32.066+0000] {logging_mixin.py:190} INFO - [2025-04-19T18:59:32.065+0000] {dag.py:3239} INFO - Sync 1 DAGs
[2025-04-19T18:59:32.071+0000] {logging_mixin.py:190} INFO - [2025-04-19T18:59:32.071+0000] {dag.py:4180} INFO - Setting next_dagrun for example_params_ui_tutorial to None, run_after=None
[2025-04-19T18:59:32.078+0000] {processor.py:208} INFO - Processing /home/airflow/.local/lib/python3.12/site-packages/airflow/example_dags/example_params_ui_tutorial.py took 0.038 seconds
[2025-04-19T19:50:44.135+0000] {processor.py:186} INFO - Started process (PID=7429) to work on /home/airflow/.local/lib/python3.12/site-packages/airflow/example_dags/example_params_ui_tutorial.py
[2025-04-19T19:50:44.135+0000] {processor.py:914} INFO - Processing file /home/airflow/.local/lib/python3.12/site-packages/airflow/example_dags/example_params_ui_tutorial.py for tasks to queue
[2025-04-19T19:50:44.136+0000] {logging_mixin.py:190} INFO - [2025-04-19T19:50:44.136+0000] {dagbag.py:588} INFO - Filling up the DagBag from /home/airflow/.local/lib/python3.12/site-packages/airflow/example_dags/example_params_ui_tutorial.py
[2025-04-19T19:50:44.141+0000] {processor.py:925} INFO - DAG(s) 'example_params_ui_tutorial' retrieved from /home/airflow/.local/lib/python3.12/site-packages/airflow/example_dags/example_params_ui_tutorial.py
[2025-04-19T19:50:44.156+0000] {logging_mixin.py:190} INFO - [2025-04-19T19:50:44.156+0000] {dag.py:3239} INFO - Sync 1 DAGs
[2025-04-19T19:50:44.161+0000] {logging_mixin.py:190} INFO - [2025-04-19T19:50:44.161+0000] {dag.py:4180} INFO - Setting next_dagrun for example_params_ui_tutorial to None, run_after=None
[2025-04-19T19:50:44.168+0000] {processor.py:208} INFO - Processing /home/airflow/.local/lib/python3.12/site-packages/airflow/example_dags/example_params_ui_tutorial.py took 0.036 seconds
[2025-04-19T21:13:36.610+0000] {processor.py:186} INFO - Started process (PID=7493) to work on /home/airflow/.local/lib/python3.12/site-packages/airflow/example_dags/example_params_ui_tutorial.py
[2025-04-19T21:13:36.611+0000] {processor.py:914} INFO - Processing file /home/airflow/.local/lib/python3.12/site-packages/airflow/example_dags/example_params_ui_tutorial.py for tasks to queue
[2025-04-19T21:13:36.612+0000] {logging_mixin.py:190} INFO - [2025-04-19T21:13:36.612+0000] {dagbag.py:588} INFO - Filling up the DagBag from /home/airflow/.local/lib/python3.12/site-packages/airflow/example_dags/example_params_ui_tutorial.py
[2025-04-19T21:13:36.616+0000] {processor.py:925} INFO - DAG(s) 'example_params_ui_tutorial' retrieved from /home/airflow/.local/lib/python3.12/site-packages/airflow/example_dags/example_params_ui_tutorial.py
[2025-04-19T21:13:36.632+0000] {logging_mixin.py:190} INFO - [2025-04-19T21:13:36.632+0000] {dag.py:3239} INFO - Sync 1 DAGs
[2025-04-19T21:13:36.638+0000] {logging_mixin.py:190} INFO - [2025-04-19T21:13:36.638+0000] {dag.py:4180} INFO - Setting next_dagrun for example_params_ui_tutorial to None, run_after=None
[2025-04-19T21:13:36.644+0000] {processor.py:208} INFO - Processing /home/airflow/.local/lib/python3.12/site-packages/airflow/example_dags/example_params_ui_tutorial.py took 0.037 seconds
[2025-04-19T22:34:39.773+0000] {processor.py:186} INFO - Started process (PID=7557) to work on /home/airflow/.local/lib/python3.12/site-packages/airflow/example_dags/example_params_ui_tutorial.py
[2025-04-19T22:34:39.774+0000] {processor.py:914} INFO - Processing file /home/airflow/.local/lib/python3.12/site-packages/airflow/example_dags/example_params_ui_tutorial.py for tasks to queue
[2025-04-19T22:34:39.775+0000] {logging_mixin.py:190} INFO - [2025-04-19T22:34:39.775+0000] {dagbag.py:588} INFO - Filling up the DagBag from /home/airflow/.local/lib/python3.12/site-packages/airflow/example_dags/example_params_ui_tutorial.py
[2025-04-19T22:34:39.780+0000] {processor.py:925} INFO - DAG(s) 'example_params_ui_tutorial' retrieved from /home/airflow/.local/lib/python3.12/site-packages/airflow/example_dags/example_params_ui_tutorial.py
[2025-04-19T22:34:39.801+0000] {logging_mixin.py:190} INFO - [2025-04-19T22:34:39.800+0000] {dag.py:3239} INFO - Sync 1 DAGs
[2025-04-19T22:34:39.807+0000] {logging_mixin.py:190} INFO - [2025-04-19T22:34:39.807+0000] {dag.py:4180} INFO - Setting next_dagrun for example_params_ui_tutorial to None, run_after=None
[2025-04-19T22:34:39.817+0000] {processor.py:208} INFO - Processing /home/airflow/.local/lib/python3.12/site-packages/airflow/example_dags/example_params_ui_tutorial.py took 0.047 seconds
