[2025-04-19T00:13:42.385+0000] {processor.py:186} INFO - Started process (PID=4924) to work on /home/airflow/.local/lib/python3.12/site-packages/airflow/example_dags/example_xcomargs.py
[2025-04-19T00:13:42.386+0000] {processor.py:914} INFO - Processing file /home/airflow/.local/lib/python3.12/site-packages/airflow/example_dags/example_xcomargs.py for tasks to queue
[2025-04-19T00:13:42.387+0000] {logging_mixin.py:190} INFO - [2025-04-19T00:13:42.387+0000] {dagbag.py:588} INFO - Filling up the DagBag from /home/airflow/.local/lib/python3.12/site-packages/airflow/example_dags/example_xcomargs.py
[2025-04-19T00:13:42.392+0000] {processor.py:925} INFO - DAG(s) 'example_xcom_args', 'example_xcom_args_with_operators' retrieved from /home/airflow/.local/lib/python3.12/site-packages/airflow/example_dags/example_xcomargs.py
[2025-04-19T00:13:42.402+0000] {logging_mixin.py:190} INFO - [2025-04-19T00:13:42.402+0000] {dag.py:3239} INFO - Sync 2 DAGs
[2025-04-19T00:13:42.408+0000] {logging_mixin.py:190} INFO - [2025-04-19T00:13:42.408+0000] {dag.py:4180} INFO - Setting next_dagrun for example_xcom_args to None, run_after=None
[2025-04-19T00:13:42.409+0000] {logging_mixin.py:190} INFO - [2025-04-19T00:13:42.409+0000] {dag.py:4180} INFO - Setting next_dagrun for example_xcom_args_with_operators to None, run_after=None
[2025-04-19T00:13:42.415+0000] {processor.py:208} INFO - Processing /home/airflow/.local/lib/python3.12/site-packages/airflow/example_dags/example_xcomargs.py took 0.033 seconds
[2025-04-19T01:25:51.918+0000] {processor.py:186} INFO - Started process (PID=4988) to work on /home/airflow/.local/lib/python3.12/site-packages/airflow/example_dags/example_xcomargs.py
[2025-04-19T01:25:51.919+0000] {processor.py:914} INFO - Processing file /home/airflow/.local/lib/python3.12/site-packages/airflow/example_dags/example_xcomargs.py for tasks to queue
[2025-04-19T01:25:51.920+0000] {logging_mixin.py:190} INFO - [2025-04-19T01:25:51.920+0000] {dagbag.py:588} INFO - Filling up the DagBag from /home/airflow/.local/lib/python3.12/site-packages/airflow/example_dags/example_xcomargs.py
[2025-04-19T01:25:51.925+0000] {processor.py:925} INFO - DAG(s) 'example_xcom_args_with_operators', 'example_xcom_args' retrieved from /home/airflow/.local/lib/python3.12/site-packages/airflow/example_dags/example_xcomargs.py
[2025-04-19T01:25:51.935+0000] {logging_mixin.py:190} INFO - [2025-04-19T01:25:51.935+0000] {dag.py:3239} INFO - Sync 2 DAGs
[2025-04-19T01:25:51.941+0000] {logging_mixin.py:190} INFO - [2025-04-19T01:25:51.941+0000] {dag.py:4180} INFO - Setting next_dagrun for example_xcom_args to None, run_after=None
[2025-04-19T01:25:51.942+0000] {logging_mixin.py:190} INFO - [2025-04-19T01:25:51.942+0000] {dag.py:4180} INFO - Setting next_dagrun for example_xcom_args_with_operators to None, run_after=None
[2025-04-19T01:25:51.948+0000] {processor.py:208} INFO - Processing /home/airflow/.local/lib/python3.12/site-packages/airflow/example_dags/example_xcomargs.py took 0.033 seconds
[2025-04-19T02:58:25.050+0000] {processor.py:186} INFO - Started process (PID=5052) to work on /home/airflow/.local/lib/python3.12/site-packages/airflow/example_dags/example_xcomargs.py
[2025-04-19T02:58:25.050+0000] {processor.py:914} INFO - Processing file /home/airflow/.local/lib/python3.12/site-packages/airflow/example_dags/example_xcomargs.py for tasks to queue
[2025-04-19T02:58:25.051+0000] {logging_mixin.py:190} INFO - [2025-04-19T02:58:25.051+0000] {dagbag.py:588} INFO - Filling up the DagBag from /home/airflow/.local/lib/python3.12/site-packages/airflow/example_dags/example_xcomargs.py
[2025-04-19T02:58:25.056+0000] {processor.py:925} INFO - DAG(s) 'example_xcom_args', 'example_xcom_args_with_operators' retrieved from /home/airflow/.local/lib/python3.12/site-packages/airflow/example_dags/example_xcomargs.py
[2025-04-19T02:58:25.066+0000] {logging_mixin.py:190} INFO - [2025-04-19T02:58:25.065+0000] {dag.py:3239} INFO - Sync 2 DAGs
[2025-04-19T02:58:25.071+0000] {logging_mixin.py:190} INFO - [2025-04-19T02:58:25.071+0000] {dag.py:4180} INFO - Setting next_dagrun for example_xcom_args to None, run_after=None
[2025-04-19T02:58:25.073+0000] {logging_mixin.py:190} INFO - [2025-04-19T02:58:25.073+0000] {dag.py:4180} INFO - Setting next_dagrun for example_xcom_args_with_operators to None, run_after=None
[2025-04-19T02:58:25.078+0000] {processor.py:208} INFO - Processing /home/airflow/.local/lib/python3.12/site-packages/airflow/example_dags/example_xcomargs.py took 0.032 seconds
[2025-04-19T03:59:45.669+0000] {processor.py:186} INFO - Started process (PID=5116) to work on /home/airflow/.local/lib/python3.12/site-packages/airflow/example_dags/example_xcomargs.py
[2025-04-19T03:59:45.670+0000] {processor.py:914} INFO - Processing file /home/airflow/.local/lib/python3.12/site-packages/airflow/example_dags/example_xcomargs.py for tasks to queue
[2025-04-19T03:59:45.671+0000] {logging_mixin.py:190} INFO - [2025-04-19T03:59:45.671+0000] {dagbag.py:588} INFO - Filling up the DagBag from /home/airflow/.local/lib/python3.12/site-packages/airflow/example_dags/example_xcomargs.py
[2025-04-19T03:59:45.675+0000] {processor.py:925} INFO - DAG(s) 'example_xcom_args', 'example_xcom_args_with_operators' retrieved from /home/airflow/.local/lib/python3.12/site-packages/airflow/example_dags/example_xcomargs.py
[2025-04-19T03:59:45.685+0000] {logging_mixin.py:190} INFO - [2025-04-19T03:59:45.685+0000] {dag.py:3239} INFO - Sync 2 DAGs
[2025-04-19T03:59:45.691+0000] {logging_mixin.py:190} INFO - [2025-04-19T03:59:45.691+0000] {dag.py:4180} INFO - Setting next_dagrun for example_xcom_args to None, run_after=None
[2025-04-19T03:59:45.693+0000] {logging_mixin.py:190} INFO - [2025-04-19T03:59:45.693+0000] {dag.py:4180} INFO - Setting next_dagrun for example_xcom_args_with_operators to None, run_after=None
[2025-04-19T03:59:45.700+0000] {processor.py:208} INFO - Processing /home/airflow/.local/lib/python3.12/site-packages/airflow/example_dags/example_xcomargs.py took 0.034 seconds
[2025-04-19T04:28:50.795+0000] {processor.py:186} INFO - Started process (PID=5180) to work on /home/airflow/.local/lib/python3.12/site-packages/airflow/example_dags/example_xcomargs.py
[2025-04-19T04:28:50.796+0000] {processor.py:914} INFO - Processing file /home/airflow/.local/lib/python3.12/site-packages/airflow/example_dags/example_xcomargs.py for tasks to queue
[2025-04-19T04:28:50.797+0000] {logging_mixin.py:190} INFO - [2025-04-19T04:28:50.797+0000] {dagbag.py:588} INFO - Filling up the DagBag from /home/airflow/.local/lib/python3.12/site-packages/airflow/example_dags/example_xcomargs.py
[2025-04-19T04:28:50.802+0000] {processor.py:925} INFO - DAG(s) 'example_xcom_args', 'example_xcom_args_with_operators' retrieved from /home/airflow/.local/lib/python3.12/site-packages/airflow/example_dags/example_xcomargs.py
[2025-04-19T04:28:50.813+0000] {logging_mixin.py:190} INFO - [2025-04-19T04:28:50.813+0000] {dag.py:3239} INFO - Sync 2 DAGs
[2025-04-19T04:28:50.820+0000] {logging_mixin.py:190} INFO - [2025-04-19T04:28:50.819+0000] {dag.py:4180} INFO - Setting next_dagrun for example_xcom_args to None, run_after=None
[2025-04-19T04:28:50.822+0000] {logging_mixin.py:190} INFO - [2025-04-19T04:28:50.821+0000] {dag.py:4180} INFO - Setting next_dagrun for example_xcom_args_with_operators to None, run_after=None
[2025-04-19T04:28:50.829+0000] {processor.py:208} INFO - Processing /home/airflow/.local/lib/python3.12/site-packages/airflow/example_dags/example_xcomargs.py took 0.037 seconds
[2025-04-19T06:03:43.210+0000] {processor.py:186} INFO - Started process (PID=5244) to work on /home/airflow/.local/lib/python3.12/site-packages/airflow/example_dags/example_xcomargs.py
[2025-04-19T06:03:43.210+0000] {processor.py:914} INFO - Processing file /home/airflow/.local/lib/python3.12/site-packages/airflow/example_dags/example_xcomargs.py for tasks to queue
[2025-04-19T06:03:43.212+0000] {logging_mixin.py:190} INFO - [2025-04-19T06:03:43.211+0000] {dagbag.py:588} INFO - Filling up the DagBag from /home/airflow/.local/lib/python3.12/site-packages/airflow/example_dags/example_xcomargs.py
[2025-04-19T06:03:43.217+0000] {processor.py:925} INFO - DAG(s) 'example_xcom_args', 'example_xcom_args_with_operators' retrieved from /home/airflow/.local/lib/python3.12/site-packages/airflow/example_dags/example_xcomargs.py
[2025-04-19T06:03:43.227+0000] {logging_mixin.py:190} INFO - [2025-04-19T06:03:43.227+0000] {dag.py:3239} INFO - Sync 2 DAGs
[2025-04-19T06:03:43.234+0000] {logging_mixin.py:190} INFO - [2025-04-19T06:03:43.234+0000] {dag.py:4180} INFO - Setting next_dagrun for example_xcom_args to None, run_after=None
[2025-04-19T06:03:43.236+0000] {logging_mixin.py:190} INFO - [2025-04-19T06:03:43.236+0000] {dag.py:4180} INFO - Setting next_dagrun for example_xcom_args_with_operators to None, run_after=None
[2025-04-19T06:03:43.244+0000] {processor.py:208} INFO - Processing /home/airflow/.local/lib/python3.12/site-packages/airflow/example_dags/example_xcomargs.py took 0.037 seconds
[2025-04-19T06:47:27.336+0000] {processor.py:186} INFO - Started process (PID=5308) to work on /home/airflow/.local/lib/python3.12/site-packages/airflow/example_dags/example_xcomargs.py
[2025-04-19T06:47:27.337+0000] {processor.py:914} INFO - Processing file /home/airflow/.local/lib/python3.12/site-packages/airflow/example_dags/example_xcomargs.py for tasks to queue
[2025-04-19T06:47:27.338+0000] {logging_mixin.py:190} INFO - [2025-04-19T06:47:27.338+0000] {dagbag.py:588} INFO - Filling up the DagBag from /home/airflow/.local/lib/python3.12/site-packages/airflow/example_dags/example_xcomargs.py
[2025-04-19T06:47:27.342+0000] {processor.py:925} INFO - DAG(s) 'example_xcom_args_with_operators', 'example_xcom_args' retrieved from /home/airflow/.local/lib/python3.12/site-packages/airflow/example_dags/example_xcomargs.py
[2025-04-19T06:47:27.352+0000] {logging_mixin.py:190} INFO - [2025-04-19T06:47:27.352+0000] {dag.py:3239} INFO - Sync 2 DAGs
[2025-04-19T06:47:27.358+0000] {logging_mixin.py:190} INFO - [2025-04-19T06:47:27.358+0000] {dag.py:4180} INFO - Setting next_dagrun for example_xcom_args to None, run_after=None
[2025-04-19T06:47:27.361+0000] {logging_mixin.py:190} INFO - [2025-04-19T06:47:27.361+0000] {dag.py:4180} INFO - Setting next_dagrun for example_xcom_args_with_operators to None, run_after=None
[2025-04-19T06:47:27.367+0000] {processor.py:208} INFO - Processing /home/airflow/.local/lib/python3.12/site-packages/airflow/example_dags/example_xcomargs.py took 0.034 seconds
[2025-04-19T08:03:59.113+0000] {processor.py:186} INFO - Started process (PID=5372) to work on /home/airflow/.local/lib/python3.12/site-packages/airflow/example_dags/example_xcomargs.py
[2025-04-19T08:03:59.113+0000] {processor.py:914} INFO - Processing file /home/airflow/.local/lib/python3.12/site-packages/airflow/example_dags/example_xcomargs.py for tasks to queue
[2025-04-19T08:03:59.114+0000] {logging_mixin.py:190} INFO - [2025-04-19T08:03:59.114+0000] {dagbag.py:588} INFO - Filling up the DagBag from /home/airflow/.local/lib/python3.12/site-packages/airflow/example_dags/example_xcomargs.py
[2025-04-19T08:03:59.118+0000] {processor.py:925} INFO - DAG(s) 'example_xcom_args', 'example_xcom_args_with_operators' retrieved from /home/airflow/.local/lib/python3.12/site-packages/airflow/example_dags/example_xcomargs.py
[2025-04-19T08:03:59.128+0000] {logging_mixin.py:190} INFO - [2025-04-19T08:03:59.128+0000] {dag.py:3239} INFO - Sync 2 DAGs
[2025-04-19T08:03:59.133+0000] {logging_mixin.py:190} INFO - [2025-04-19T08:03:59.133+0000] {dag.py:4180} INFO - Setting next_dagrun for example_xcom_args to None, run_after=None
[2025-04-19T08:03:59.134+0000] {logging_mixin.py:190} INFO - [2025-04-19T08:03:59.134+0000] {dag.py:4180} INFO - Setting next_dagrun for example_xcom_args_with_operators to None, run_after=None
[2025-04-19T08:03:59.140+0000] {processor.py:208} INFO - Processing /home/airflow/.local/lib/python3.12/site-packages/airflow/example_dags/example_xcomargs.py took 0.030 seconds
[2025-04-19T08:27:56.137+0000] {processor.py:186} INFO - Started process (PID=5436) to work on /home/airflow/.local/lib/python3.12/site-packages/airflow/example_dags/example_xcomargs.py
[2025-04-19T08:27:56.138+0000] {processor.py:914} INFO - Processing file /home/airflow/.local/lib/python3.12/site-packages/airflow/example_dags/example_xcomargs.py for tasks to queue
[2025-04-19T08:27:56.139+0000] {logging_mixin.py:190} INFO - [2025-04-19T08:27:56.139+0000] {dagbag.py:588} INFO - Filling up the DagBag from /home/airflow/.local/lib/python3.12/site-packages/airflow/example_dags/example_xcomargs.py
[2025-04-19T08:27:56.143+0000] {processor.py:925} INFO - DAG(s) 'example_xcom_args_with_operators', 'example_xcom_args' retrieved from /home/airflow/.local/lib/python3.12/site-packages/airflow/example_dags/example_xcomargs.py
[2025-04-19T08:27:56.153+0000] {logging_mixin.py:190} INFO - [2025-04-19T08:27:56.153+0000] {dag.py:3239} INFO - Sync 2 DAGs
[2025-04-19T08:27:56.160+0000] {logging_mixin.py:190} INFO - [2025-04-19T08:27:56.159+0000] {dag.py:4180} INFO - Setting next_dagrun for example_xcom_args to None, run_after=None
[2025-04-19T08:27:56.161+0000] {logging_mixin.py:190} INFO - [2025-04-19T08:27:56.161+0000] {dag.py:4180} INFO - Setting next_dagrun for example_xcom_args_with_operators to None, run_after=None
[2025-04-19T08:27:56.167+0000] {processor.py:208} INFO - Processing /home/airflow/.local/lib/python3.12/site-packages/airflow/example_dags/example_xcomargs.py took 0.033 seconds
[2025-04-19T08:29:31.124+0000] {processor.py:186} INFO - Started process (PID=5500) to work on /home/airflow/.local/lib/python3.12/site-packages/airflow/example_dags/example_xcomargs.py
[2025-04-19T08:29:31.124+0000] {processor.py:914} INFO - Processing file /home/airflow/.local/lib/python3.12/site-packages/airflow/example_dags/example_xcomargs.py for tasks to queue
[2025-04-19T08:29:31.125+0000] {logging_mixin.py:190} INFO - [2025-04-19T08:29:31.125+0000] {dagbag.py:588} INFO - Filling up the DagBag from /home/airflow/.local/lib/python3.12/site-packages/airflow/example_dags/example_xcomargs.py
[2025-04-19T08:29:31.131+0000] {processor.py:925} INFO - DAG(s) 'example_xcom_args_with_operators', 'example_xcom_args' retrieved from /home/airflow/.local/lib/python3.12/site-packages/airflow/example_dags/example_xcomargs.py
[2025-04-19T08:29:31.143+0000] {logging_mixin.py:190} INFO - [2025-04-19T08:29:31.143+0000] {dag.py:3239} INFO - Sync 2 DAGs
[2025-04-19T08:29:31.151+0000] {logging_mixin.py:190} INFO - [2025-04-19T08:29:31.151+0000] {dag.py:4180} INFO - Setting next_dagrun for example_xcom_args to None, run_after=None
[2025-04-19T08:29:31.155+0000] {logging_mixin.py:190} INFO - [2025-04-19T08:29:31.155+0000] {dag.py:4180} INFO - Setting next_dagrun for example_xcom_args_with_operators to None, run_after=None
[2025-04-19T08:29:31.163+0000] {processor.py:208} INFO - Processing /home/airflow/.local/lib/python3.12/site-packages/airflow/example_dags/example_xcomargs.py took 0.043 seconds
[2025-04-19T08:30:27.783+0000] {processor.py:186} INFO - Started process (PID=5564) to work on /home/airflow/.local/lib/python3.12/site-packages/airflow/example_dags/example_xcomargs.py
[2025-04-19T08:30:27.784+0000] {processor.py:914} INFO - Processing file /home/airflow/.local/lib/python3.12/site-packages/airflow/example_dags/example_xcomargs.py for tasks to queue
[2025-04-19T08:30:27.785+0000] {logging_mixin.py:190} INFO - [2025-04-19T08:30:27.785+0000] {dagbag.py:588} INFO - Filling up the DagBag from /home/airflow/.local/lib/python3.12/site-packages/airflow/example_dags/example_xcomargs.py
[2025-04-19T08:30:27.790+0000] {processor.py:925} INFO - DAG(s) 'example_xcom_args', 'example_xcom_args_with_operators' retrieved from /home/airflow/.local/lib/python3.12/site-packages/airflow/example_dags/example_xcomargs.py
[2025-04-19T08:30:27.800+0000] {logging_mixin.py:190} INFO - [2025-04-19T08:30:27.800+0000] {dag.py:3239} INFO - Sync 2 DAGs
[2025-04-19T08:30:27.805+0000] {logging_mixin.py:190} INFO - [2025-04-19T08:30:27.805+0000] {dag.py:4180} INFO - Setting next_dagrun for example_xcom_args to None, run_after=None
[2025-04-19T08:30:27.807+0000] {logging_mixin.py:190} INFO - [2025-04-19T08:30:27.806+0000] {dag.py:4180} INFO - Setting next_dagrun for example_xcom_args_with_operators to None, run_after=None
[2025-04-19T08:30:27.812+0000] {processor.py:208} INFO - Processing /home/airflow/.local/lib/python3.12/site-packages/airflow/example_dags/example_xcomargs.py took 0.032 seconds
[2025-04-19T08:48:12.743+0000] {processor.py:186} INFO - Started process (PID=5628) to work on /home/airflow/.local/lib/python3.12/site-packages/airflow/example_dags/example_xcomargs.py
[2025-04-19T08:48:12.743+0000] {processor.py:914} INFO - Processing file /home/airflow/.local/lib/python3.12/site-packages/airflow/example_dags/example_xcomargs.py for tasks to queue
[2025-04-19T08:48:12.744+0000] {logging_mixin.py:190} INFO - [2025-04-19T08:48:12.744+0000] {dagbag.py:588} INFO - Filling up the DagBag from /home/airflow/.local/lib/python3.12/site-packages/airflow/example_dags/example_xcomargs.py
[2025-04-19T08:48:12.749+0000] {processor.py:925} INFO - DAG(s) 'example_xcom_args_with_operators', 'example_xcom_args' retrieved from /home/airflow/.local/lib/python3.12/site-packages/airflow/example_dags/example_xcomargs.py
[2025-04-19T08:48:12.760+0000] {logging_mixin.py:190} INFO - [2025-04-19T08:48:12.759+0000] {dag.py:3239} INFO - Sync 2 DAGs
[2025-04-19T08:48:12.765+0000] {logging_mixin.py:190} INFO - [2025-04-19T08:48:12.765+0000] {dag.py:4180} INFO - Setting next_dagrun for example_xcom_args to None, run_after=None
[2025-04-19T08:48:12.766+0000] {logging_mixin.py:190} INFO - [2025-04-19T08:48:12.766+0000] {dag.py:4180} INFO - Setting next_dagrun for example_xcom_args_with_operators to None, run_after=None
[2025-04-19T08:48:12.772+0000] {processor.py:208} INFO - Processing /home/airflow/.local/lib/python3.12/site-packages/airflow/example_dags/example_xcomargs.py took 0.032 seconds
[2025-04-19T08:59:44.195+0000] {processor.py:186} INFO - Started process (PID=5692) to work on /home/airflow/.local/lib/python3.12/site-packages/airflow/example_dags/example_xcomargs.py
[2025-04-19T08:59:44.196+0000] {processor.py:914} INFO - Processing file /home/airflow/.local/lib/python3.12/site-packages/airflow/example_dags/example_xcomargs.py for tasks to queue
[2025-04-19T08:59:44.197+0000] {logging_mixin.py:190} INFO - [2025-04-19T08:59:44.197+0000] {dagbag.py:588} INFO - Filling up the DagBag from /home/airflow/.local/lib/python3.12/site-packages/airflow/example_dags/example_xcomargs.py
[2025-04-19T08:59:44.202+0000] {processor.py:925} INFO - DAG(s) 'example_xcom_args_with_operators', 'example_xcom_args' retrieved from /home/airflow/.local/lib/python3.12/site-packages/airflow/example_dags/example_xcomargs.py
[2025-04-19T08:59:44.212+0000] {logging_mixin.py:190} INFO - [2025-04-19T08:59:44.212+0000] {dag.py:3239} INFO - Sync 2 DAGs
[2025-04-19T08:59:44.218+0000] {logging_mixin.py:190} INFO - [2025-04-19T08:59:44.218+0000] {dag.py:4180} INFO - Setting next_dagrun for example_xcom_args to None, run_after=None
[2025-04-19T08:59:44.219+0000] {logging_mixin.py:190} INFO - [2025-04-19T08:59:44.219+0000] {dag.py:4180} INFO - Setting next_dagrun for example_xcom_args_with_operators to None, run_after=None
[2025-04-19T08:59:44.225+0000] {processor.py:208} INFO - Processing /home/airflow/.local/lib/python3.12/site-packages/airflow/example_dags/example_xcomargs.py took 0.033 seconds
[2025-04-19T09:00:25.484+0000] {processor.py:186} INFO - Started process (PID=5756) to work on /home/airflow/.local/lib/python3.12/site-packages/airflow/example_dags/example_xcomargs.py
[2025-04-19T09:00:25.485+0000] {processor.py:914} INFO - Processing file /home/airflow/.local/lib/python3.12/site-packages/airflow/example_dags/example_xcomargs.py for tasks to queue
[2025-04-19T09:00:25.486+0000] {logging_mixin.py:190} INFO - [2025-04-19T09:00:25.486+0000] {dagbag.py:588} INFO - Filling up the DagBag from /home/airflow/.local/lib/python3.12/site-packages/airflow/example_dags/example_xcomargs.py
[2025-04-19T09:00:25.490+0000] {processor.py:925} INFO - DAG(s) 'example_xcom_args_with_operators', 'example_xcom_args' retrieved from /home/airflow/.local/lib/python3.12/site-packages/airflow/example_dags/example_xcomargs.py
[2025-04-19T09:00:25.505+0000] {logging_mixin.py:190} INFO - [2025-04-19T09:00:25.505+0000] {dag.py:3239} INFO - Sync 2 DAGs
[2025-04-19T09:00:25.512+0000] {logging_mixin.py:190} INFO - [2025-04-19T09:00:25.512+0000] {dag.py:4180} INFO - Setting next_dagrun for example_xcom_args to None, run_after=None
[2025-04-19T09:00:25.516+0000] {logging_mixin.py:190} INFO - [2025-04-19T09:00:25.516+0000] {dag.py:4180} INFO - Setting next_dagrun for example_xcom_args_with_operators to None, run_after=None
[2025-04-19T09:00:25.524+0000] {processor.py:208} INFO - Processing /home/airflow/.local/lib/python3.12/site-packages/airflow/example_dags/example_xcomargs.py took 0.042 seconds
[2025-04-19T09:16:41.550+0000] {processor.py:186} INFO - Started process (PID=5820) to work on /home/airflow/.local/lib/python3.12/site-packages/airflow/example_dags/example_xcomargs.py
[2025-04-19T09:16:41.550+0000] {processor.py:914} INFO - Processing file /home/airflow/.local/lib/python3.12/site-packages/airflow/example_dags/example_xcomargs.py for tasks to queue
[2025-04-19T09:16:41.552+0000] {logging_mixin.py:190} INFO - [2025-04-19T09:16:41.552+0000] {dagbag.py:588} INFO - Filling up the DagBag from /home/airflow/.local/lib/python3.12/site-packages/airflow/example_dags/example_xcomargs.py
[2025-04-19T09:16:41.557+0000] {processor.py:925} INFO - DAG(s) 'example_xcom_args_with_operators', 'example_xcom_args' retrieved from /home/airflow/.local/lib/python3.12/site-packages/airflow/example_dags/example_xcomargs.py
[2025-04-19T09:16:41.567+0000] {logging_mixin.py:190} INFO - [2025-04-19T09:16:41.567+0000] {dag.py:3239} INFO - Sync 2 DAGs
[2025-04-19T09:16:41.575+0000] {logging_mixin.py:190} INFO - [2025-04-19T09:16:41.575+0000] {dag.py:4180} INFO - Setting next_dagrun for example_xcom_args to None, run_after=None
[2025-04-19T09:16:41.577+0000] {logging_mixin.py:190} INFO - [2025-04-19T09:16:41.577+0000] {dag.py:4180} INFO - Setting next_dagrun for example_xcom_args_with_operators to None, run_after=None
[2025-04-19T09:16:41.587+0000] {processor.py:208} INFO - Processing /home/airflow/.local/lib/python3.12/site-packages/airflow/example_dags/example_xcomargs.py took 0.040 seconds
[2025-04-19T09:17:11.750+0000] {processor.py:186} INFO - Started process (PID=5883) to work on /home/airflow/.local/lib/python3.12/site-packages/airflow/example_dags/example_xcomargs.py
[2025-04-19T09:17:11.751+0000] {processor.py:914} INFO - Processing file /home/airflow/.local/lib/python3.12/site-packages/airflow/example_dags/example_xcomargs.py for tasks to queue
[2025-04-19T09:17:11.752+0000] {logging_mixin.py:190} INFO - [2025-04-19T09:17:11.752+0000] {dagbag.py:588} INFO - Filling up the DagBag from /home/airflow/.local/lib/python3.12/site-packages/airflow/example_dags/example_xcomargs.py
[2025-04-19T09:17:11.757+0000] {processor.py:925} INFO - DAG(s) 'example_xcom_args', 'example_xcom_args_with_operators' retrieved from /home/airflow/.local/lib/python3.12/site-packages/airflow/example_dags/example_xcomargs.py
[2025-04-19T09:17:11.770+0000] {logging_mixin.py:190} INFO - [2025-04-19T09:17:11.770+0000] {dag.py:3239} INFO - Sync 2 DAGs
[2025-04-19T09:17:11.775+0000] {logging_mixin.py:190} INFO - [2025-04-19T09:17:11.775+0000] {dag.py:4180} INFO - Setting next_dagrun for example_xcom_args to None, run_after=None
[2025-04-19T09:17:11.777+0000] {logging_mixin.py:190} INFO - [2025-04-19T09:17:11.777+0000] {dag.py:4180} INFO - Setting next_dagrun for example_xcom_args_with_operators to None, run_after=None
[2025-04-19T09:17:11.784+0000] {processor.py:208} INFO - Processing /home/airflow/.local/lib/python3.12/site-packages/airflow/example_dags/example_xcomargs.py took 0.037 seconds
[2025-04-19T09:20:59.484+0000] {processor.py:186} INFO - Started process (PID=5948) to work on /home/airflow/.local/lib/python3.12/site-packages/airflow/example_dags/example_xcomargs.py
[2025-04-19T09:20:59.484+0000] {processor.py:914} INFO - Processing file /home/airflow/.local/lib/python3.12/site-packages/airflow/example_dags/example_xcomargs.py for tasks to queue
[2025-04-19T09:20:59.485+0000] {logging_mixin.py:190} INFO - [2025-04-19T09:20:59.485+0000] {dagbag.py:588} INFO - Filling up the DagBag from /home/airflow/.local/lib/python3.12/site-packages/airflow/example_dags/example_xcomargs.py
[2025-04-19T09:20:59.490+0000] {processor.py:925} INFO - DAG(s) 'example_xcom_args_with_operators', 'example_xcom_args' retrieved from /home/airflow/.local/lib/python3.12/site-packages/airflow/example_dags/example_xcomargs.py
[2025-04-19T09:20:59.500+0000] {logging_mixin.py:190} INFO - [2025-04-19T09:20:59.500+0000] {dag.py:3239} INFO - Sync 2 DAGs
[2025-04-19T09:20:59.505+0000] {logging_mixin.py:190} INFO - [2025-04-19T09:20:59.505+0000] {dag.py:4180} INFO - Setting next_dagrun for example_xcom_args to None, run_after=None
[2025-04-19T09:20:59.507+0000] {logging_mixin.py:190} INFO - [2025-04-19T09:20:59.507+0000] {dag.py:4180} INFO - Setting next_dagrun for example_xcom_args_with_operators to None, run_after=None
[2025-04-19T09:20:59.512+0000] {processor.py:208} INFO - Processing /home/airflow/.local/lib/python3.12/site-packages/airflow/example_dags/example_xcomargs.py took 0.031 seconds
[2025-04-19T09:38:23.251+0000] {processor.py:186} INFO - Started process (PID=6012) to work on /home/airflow/.local/lib/python3.12/site-packages/airflow/example_dags/example_xcomargs.py
[2025-04-19T09:38:23.252+0000] {processor.py:914} INFO - Processing file /home/airflow/.local/lib/python3.12/site-packages/airflow/example_dags/example_xcomargs.py for tasks to queue
[2025-04-19T09:38:23.253+0000] {logging_mixin.py:190} INFO - [2025-04-19T09:38:23.253+0000] {dagbag.py:588} INFO - Filling up the DagBag from /home/airflow/.local/lib/python3.12/site-packages/airflow/example_dags/example_xcomargs.py
[2025-04-19T09:38:23.258+0000] {processor.py:925} INFO - DAG(s) 'example_xcom_args_with_operators', 'example_xcom_args' retrieved from /home/airflow/.local/lib/python3.12/site-packages/airflow/example_dags/example_xcomargs.py
[2025-04-19T09:38:23.269+0000] {logging_mixin.py:190} INFO - [2025-04-19T09:38:23.269+0000] {dag.py:3239} INFO - Sync 2 DAGs
[2025-04-19T09:38:23.275+0000] {logging_mixin.py:190} INFO - [2025-04-19T09:38:23.275+0000] {dag.py:4180} INFO - Setting next_dagrun for example_xcom_args to None, run_after=None
[2025-04-19T09:38:23.276+0000] {logging_mixin.py:190} INFO - [2025-04-19T09:38:23.276+0000] {dag.py:4180} INFO - Setting next_dagrun for example_xcom_args_with_operators to None, run_after=None
[2025-04-19T09:38:23.282+0000] {processor.py:208} INFO - Processing /home/airflow/.local/lib/python3.12/site-packages/airflow/example_dags/example_xcomargs.py took 0.034 seconds
[2025-04-19T10:40:28.394+0000] {processor.py:186} INFO - Started process (PID=6076) to work on /home/airflow/.local/lib/python3.12/site-packages/airflow/example_dags/example_xcomargs.py
[2025-04-19T10:40:28.394+0000] {processor.py:914} INFO - Processing file /home/airflow/.local/lib/python3.12/site-packages/airflow/example_dags/example_xcomargs.py for tasks to queue
[2025-04-19T10:40:28.395+0000] {logging_mixin.py:190} INFO - [2025-04-19T10:40:28.395+0000] {dagbag.py:588} INFO - Filling up the DagBag from /home/airflow/.local/lib/python3.12/site-packages/airflow/example_dags/example_xcomargs.py
[2025-04-19T10:40:28.400+0000] {processor.py:925} INFO - DAG(s) 'example_xcom_args', 'example_xcom_args_with_operators' retrieved from /home/airflow/.local/lib/python3.12/site-packages/airflow/example_dags/example_xcomargs.py
[2025-04-19T10:40:28.410+0000] {logging_mixin.py:190} INFO - [2025-04-19T10:40:28.410+0000] {dag.py:3239} INFO - Sync 2 DAGs
[2025-04-19T10:40:28.416+0000] {logging_mixin.py:190} INFO - [2025-04-19T10:40:28.416+0000] {dag.py:4180} INFO - Setting next_dagrun for example_xcom_args to None, run_after=None
[2025-04-19T10:40:28.417+0000] {logging_mixin.py:190} INFO - [2025-04-19T10:40:28.417+0000] {dag.py:4180} INFO - Setting next_dagrun for example_xcom_args_with_operators to None, run_after=None
[2025-04-19T10:40:28.423+0000] {processor.py:208} INFO - Processing /home/airflow/.local/lib/python3.12/site-packages/airflow/example_dags/example_xcomargs.py took 0.032 seconds
[2025-04-19T10:45:01.319+0000] {processor.py:186} INFO - Started process (PID=6140) to work on /home/airflow/.local/lib/python3.12/site-packages/airflow/example_dags/example_xcomargs.py
[2025-04-19T10:45:01.319+0000] {processor.py:914} INFO - Processing file /home/airflow/.local/lib/python3.12/site-packages/airflow/example_dags/example_xcomargs.py for tasks to queue
[2025-04-19T10:45:01.320+0000] {logging_mixin.py:190} INFO - [2025-04-19T10:45:01.320+0000] {dagbag.py:588} INFO - Filling up the DagBag from /home/airflow/.local/lib/python3.12/site-packages/airflow/example_dags/example_xcomargs.py
[2025-04-19T10:45:01.326+0000] {processor.py:925} INFO - DAG(s) 'example_xcom_args_with_operators', 'example_xcom_args' retrieved from /home/airflow/.local/lib/python3.12/site-packages/airflow/example_dags/example_xcomargs.py
[2025-04-19T10:45:01.337+0000] {logging_mixin.py:190} INFO - [2025-04-19T10:45:01.337+0000] {dag.py:3239} INFO - Sync 2 DAGs
[2025-04-19T10:45:01.344+0000] {logging_mixin.py:190} INFO - [2025-04-19T10:45:01.344+0000] {dag.py:4180} INFO - Setting next_dagrun for example_xcom_args to None, run_after=None
[2025-04-19T10:45:01.345+0000] {logging_mixin.py:190} INFO - [2025-04-19T10:45:01.345+0000] {dag.py:4180} INFO - Setting next_dagrun for example_xcom_args_with_operators to None, run_after=None
[2025-04-19T10:45:01.351+0000] {processor.py:208} INFO - Processing /home/airflow/.local/lib/python3.12/site-packages/airflow/example_dags/example_xcomargs.py took 0.036 seconds
[2025-04-19T11:21:11.348+0000] {processor.py:186} INFO - Started process (PID=6203) to work on /home/airflow/.local/lib/python3.12/site-packages/airflow/example_dags/example_xcomargs.py
[2025-04-19T11:21:11.348+0000] {processor.py:914} INFO - Processing file /home/airflow/.local/lib/python3.12/site-packages/airflow/example_dags/example_xcomargs.py for tasks to queue
[2025-04-19T11:21:11.349+0000] {logging_mixin.py:190} INFO - [2025-04-19T11:21:11.349+0000] {dagbag.py:588} INFO - Filling up the DagBag from /home/airflow/.local/lib/python3.12/site-packages/airflow/example_dags/example_xcomargs.py
[2025-04-19T11:21:11.354+0000] {processor.py:925} INFO - DAG(s) 'example_xcom_args_with_operators', 'example_xcom_args' retrieved from /home/airflow/.local/lib/python3.12/site-packages/airflow/example_dags/example_xcomargs.py
[2025-04-19T11:21:11.364+0000] {logging_mixin.py:190} INFO - [2025-04-19T11:21:11.364+0000] {dag.py:3239} INFO - Sync 2 DAGs
[2025-04-19T11:21:11.369+0000] {logging_mixin.py:190} INFO - [2025-04-19T11:21:11.369+0000] {dag.py:4180} INFO - Setting next_dagrun for example_xcom_args to None, run_after=None
[2025-04-19T11:21:11.371+0000] {logging_mixin.py:190} INFO - [2025-04-19T11:21:11.371+0000] {dag.py:4180} INFO - Setting next_dagrun for example_xcom_args_with_operators to None, run_after=None
[2025-04-19T11:21:11.376+0000] {processor.py:208} INFO - Processing /home/airflow/.local/lib/python3.12/site-packages/airflow/example_dags/example_xcomargs.py took 0.031 seconds
[2025-04-19T11:59:36.661+0000] {processor.py:186} INFO - Started process (PID=6267) to work on /home/airflow/.local/lib/python3.12/site-packages/airflow/example_dags/example_xcomargs.py
[2025-04-19T11:59:36.661+0000] {processor.py:914} INFO - Processing file /home/airflow/.local/lib/python3.12/site-packages/airflow/example_dags/example_xcomargs.py for tasks to queue
[2025-04-19T11:59:36.662+0000] {logging_mixin.py:190} INFO - [2025-04-19T11:59:36.662+0000] {dagbag.py:588} INFO - Filling up the DagBag from /home/airflow/.local/lib/python3.12/site-packages/airflow/example_dags/example_xcomargs.py
[2025-04-19T11:59:36.667+0000] {processor.py:925} INFO - DAG(s) 'example_xcom_args_with_operators', 'example_xcom_args' retrieved from /home/airflow/.local/lib/python3.12/site-packages/airflow/example_dags/example_xcomargs.py
[2025-04-19T11:59:36.677+0000] {logging_mixin.py:190} INFO - [2025-04-19T11:59:36.677+0000] {dag.py:3239} INFO - Sync 2 DAGs
[2025-04-19T11:59:36.682+0000] {logging_mixin.py:190} INFO - [2025-04-19T11:59:36.682+0000] {dag.py:4180} INFO - Setting next_dagrun for example_xcom_args to None, run_after=None
[2025-04-19T11:59:36.683+0000] {logging_mixin.py:190} INFO - [2025-04-19T11:59:36.683+0000] {dag.py:4180} INFO - Setting next_dagrun for example_xcom_args_with_operators to None, run_after=None
[2025-04-19T11:59:36.689+0000] {processor.py:208} INFO - Processing /home/airflow/.local/lib/python3.12/site-packages/airflow/example_dags/example_xcomargs.py took 0.030 seconds
[2025-04-19T12:19:40.103+0000] {processor.py:186} INFO - Started process (PID=6331) to work on /home/airflow/.local/lib/python3.12/site-packages/airflow/example_dags/example_xcomargs.py
[2025-04-19T12:19:40.104+0000] {processor.py:914} INFO - Processing file /home/airflow/.local/lib/python3.12/site-packages/airflow/example_dags/example_xcomargs.py for tasks to queue
[2025-04-19T12:19:40.105+0000] {logging_mixin.py:190} INFO - [2025-04-19T12:19:40.104+0000] {dagbag.py:588} INFO - Filling up the DagBag from /home/airflow/.local/lib/python3.12/site-packages/airflow/example_dags/example_xcomargs.py
[2025-04-19T12:19:40.109+0000] {processor.py:925} INFO - DAG(s) 'example_xcom_args_with_operators', 'example_xcom_args' retrieved from /home/airflow/.local/lib/python3.12/site-packages/airflow/example_dags/example_xcomargs.py
[2025-04-19T12:19:40.120+0000] {logging_mixin.py:190} INFO - [2025-04-19T12:19:40.120+0000] {dag.py:3239} INFO - Sync 2 DAGs
[2025-04-19T12:19:40.126+0000] {logging_mixin.py:190} INFO - [2025-04-19T12:19:40.125+0000] {dag.py:4180} INFO - Setting next_dagrun for example_xcom_args to None, run_after=None
[2025-04-19T12:19:40.127+0000] {logging_mixin.py:190} INFO - [2025-04-19T12:19:40.127+0000] {dag.py:4180} INFO - Setting next_dagrun for example_xcom_args_with_operators to None, run_after=None
[2025-04-19T12:19:40.133+0000] {processor.py:208} INFO - Processing /home/airflow/.local/lib/python3.12/site-packages/airflow/example_dags/example_xcomargs.py took 0.032 seconds
[2025-04-19T13:11:26.948+0000] {processor.py:186} INFO - Started process (PID=6395) to work on /home/airflow/.local/lib/python3.12/site-packages/airflow/example_dags/example_xcomargs.py
[2025-04-19T13:11:26.948+0000] {processor.py:914} INFO - Processing file /home/airflow/.local/lib/python3.12/site-packages/airflow/example_dags/example_xcomargs.py for tasks to queue
[2025-04-19T13:11:26.949+0000] {logging_mixin.py:190} INFO - [2025-04-19T13:11:26.949+0000] {dagbag.py:588} INFO - Filling up the DagBag from /home/airflow/.local/lib/python3.12/site-packages/airflow/example_dags/example_xcomargs.py
[2025-04-19T13:11:26.953+0000] {processor.py:925} INFO - DAG(s) 'example_xcom_args', 'example_xcom_args_with_operators' retrieved from /home/airflow/.local/lib/python3.12/site-packages/airflow/example_dags/example_xcomargs.py
[2025-04-19T13:11:26.963+0000] {logging_mixin.py:190} INFO - [2025-04-19T13:11:26.963+0000] {dag.py:3239} INFO - Sync 2 DAGs
[2025-04-19T13:11:26.969+0000] {logging_mixin.py:190} INFO - [2025-04-19T13:11:26.968+0000] {dag.py:4180} INFO - Setting next_dagrun for example_xcom_args to None, run_after=None
[2025-04-19T13:11:26.970+0000] {logging_mixin.py:190} INFO - [2025-04-19T13:11:26.970+0000] {dag.py:4180} INFO - Setting next_dagrun for example_xcom_args_with_operators to None, run_after=None
[2025-04-19T13:11:26.975+0000] {processor.py:208} INFO - Processing /home/airflow/.local/lib/python3.12/site-packages/airflow/example_dags/example_xcomargs.py took 0.030 seconds
[2025-04-19T13:20:39.322+0000] {processor.py:186} INFO - Started process (PID=6459) to work on /home/airflow/.local/lib/python3.12/site-packages/airflow/example_dags/example_xcomargs.py
[2025-04-19T13:20:39.323+0000] {processor.py:914} INFO - Processing file /home/airflow/.local/lib/python3.12/site-packages/airflow/example_dags/example_xcomargs.py for tasks to queue
[2025-04-19T13:20:39.324+0000] {logging_mixin.py:190} INFO - [2025-04-19T13:20:39.323+0000] {dagbag.py:588} INFO - Filling up the DagBag from /home/airflow/.local/lib/python3.12/site-packages/airflow/example_dags/example_xcomargs.py
[2025-04-19T13:20:39.328+0000] {processor.py:925} INFO - DAG(s) 'example_xcom_args_with_operators', 'example_xcom_args' retrieved from /home/airflow/.local/lib/python3.12/site-packages/airflow/example_dags/example_xcomargs.py
[2025-04-19T13:20:39.338+0000] {logging_mixin.py:190} INFO - [2025-04-19T13:20:39.338+0000] {dag.py:3239} INFO - Sync 2 DAGs
[2025-04-19T13:20:39.343+0000] {logging_mixin.py:190} INFO - [2025-04-19T13:20:39.343+0000] {dag.py:4180} INFO - Setting next_dagrun for example_xcom_args to None, run_after=None
[2025-04-19T13:20:39.345+0000] {logging_mixin.py:190} INFO - [2025-04-19T13:20:39.345+0000] {dag.py:4180} INFO - Setting next_dagrun for example_xcom_args_with_operators to None, run_after=None
[2025-04-19T13:20:39.351+0000] {processor.py:208} INFO - Processing /home/airflow/.local/lib/python3.12/site-packages/airflow/example_dags/example_xcomargs.py took 0.031 seconds
[2025-04-19T14:21:40.107+0000] {processor.py:186} INFO - Started process (PID=6523) to work on /home/airflow/.local/lib/python3.12/site-packages/airflow/example_dags/example_xcomargs.py
[2025-04-19T14:21:40.107+0000] {processor.py:914} INFO - Processing file /home/airflow/.local/lib/python3.12/site-packages/airflow/example_dags/example_xcomargs.py for tasks to queue
[2025-04-19T14:21:40.108+0000] {logging_mixin.py:190} INFO - [2025-04-19T14:21:40.108+0000] {dagbag.py:588} INFO - Filling up the DagBag from /home/airflow/.local/lib/python3.12/site-packages/airflow/example_dags/example_xcomargs.py
[2025-04-19T14:21:40.113+0000] {processor.py:925} INFO - DAG(s) 'example_xcom_args', 'example_xcom_args_with_operators' retrieved from /home/airflow/.local/lib/python3.12/site-packages/airflow/example_dags/example_xcomargs.py
[2025-04-19T14:21:40.124+0000] {logging_mixin.py:190} INFO - [2025-04-19T14:21:40.124+0000] {dag.py:3239} INFO - Sync 2 DAGs
[2025-04-19T14:21:40.130+0000] {logging_mixin.py:190} INFO - [2025-04-19T14:21:40.130+0000] {dag.py:4180} INFO - Setting next_dagrun for example_xcom_args to None, run_after=None
[2025-04-19T14:21:40.131+0000] {logging_mixin.py:190} INFO - [2025-04-19T14:21:40.131+0000] {dag.py:4180} INFO - Setting next_dagrun for example_xcom_args_with_operators to None, run_after=None
[2025-04-19T14:21:40.137+0000] {processor.py:208} INFO - Processing /home/airflow/.local/lib/python3.12/site-packages/airflow/example_dags/example_xcomargs.py took 0.033 seconds
[2025-04-19T14:25:33.325+0000] {processor.py:186} INFO - Started process (PID=6587) to work on /home/airflow/.local/lib/python3.12/site-packages/airflow/example_dags/example_xcomargs.py
[2025-04-19T14:25:33.325+0000] {processor.py:914} INFO - Processing file /home/airflow/.local/lib/python3.12/site-packages/airflow/example_dags/example_xcomargs.py for tasks to queue
[2025-04-19T14:25:33.326+0000] {logging_mixin.py:190} INFO - [2025-04-19T14:25:33.326+0000] {dagbag.py:588} INFO - Filling up the DagBag from /home/airflow/.local/lib/python3.12/site-packages/airflow/example_dags/example_xcomargs.py
[2025-04-19T14:25:33.331+0000] {processor.py:925} INFO - DAG(s) 'example_xcom_args', 'example_xcom_args_with_operators' retrieved from /home/airflow/.local/lib/python3.12/site-packages/airflow/example_dags/example_xcomargs.py
[2025-04-19T14:25:33.341+0000] {logging_mixin.py:190} INFO - [2025-04-19T14:25:33.341+0000] {dag.py:3239} INFO - Sync 2 DAGs
[2025-04-19T14:25:33.347+0000] {logging_mixin.py:190} INFO - [2025-04-19T14:25:33.347+0000] {dag.py:4180} INFO - Setting next_dagrun for example_xcom_args to None, run_after=None
[2025-04-19T14:25:33.348+0000] {logging_mixin.py:190} INFO - [2025-04-19T14:25:33.348+0000] {dag.py:4180} INFO - Setting next_dagrun for example_xcom_args_with_operators to None, run_after=None
[2025-04-19T14:25:33.364+0000] {processor.py:208} INFO - Processing /home/airflow/.local/lib/python3.12/site-packages/airflow/example_dags/example_xcomargs.py took 0.042 seconds
[2025-04-19T15:22:35.691+0000] {processor.py:186} INFO - Started process (PID=6651) to work on /home/airflow/.local/lib/python3.12/site-packages/airflow/example_dags/example_xcomargs.py
[2025-04-19T15:22:35.691+0000] {processor.py:914} INFO - Processing file /home/airflow/.local/lib/python3.12/site-packages/airflow/example_dags/example_xcomargs.py for tasks to queue
[2025-04-19T15:22:35.692+0000] {logging_mixin.py:190} INFO - [2025-04-19T15:22:35.692+0000] {dagbag.py:588} INFO - Filling up the DagBag from /home/airflow/.local/lib/python3.12/site-packages/airflow/example_dags/example_xcomargs.py
[2025-04-19T15:22:35.697+0000] {processor.py:925} INFO - DAG(s) 'example_xcom_args_with_operators', 'example_xcom_args' retrieved from /home/airflow/.local/lib/python3.12/site-packages/airflow/example_dags/example_xcomargs.py
[2025-04-19T15:22:35.708+0000] {logging_mixin.py:190} INFO - [2025-04-19T15:22:35.707+0000] {dag.py:3239} INFO - Sync 2 DAGs
[2025-04-19T15:22:35.716+0000] {logging_mixin.py:190} INFO - [2025-04-19T15:22:35.716+0000] {dag.py:4180} INFO - Setting next_dagrun for example_xcom_args to None, run_after=None
[2025-04-19T15:22:35.718+0000] {logging_mixin.py:190} INFO - [2025-04-19T15:22:35.718+0000] {dag.py:4180} INFO - Setting next_dagrun for example_xcom_args_with_operators to None, run_after=None
[2025-04-19T15:22:35.731+0000] {processor.py:208} INFO - Processing /home/airflow/.local/lib/python3.12/site-packages/airflow/example_dags/example_xcomargs.py took 0.043 seconds
[2025-04-19T15:44:01.827+0000] {processor.py:186} INFO - Started process (PID=6715) to work on /home/airflow/.local/lib/python3.12/site-packages/airflow/example_dags/example_xcomargs.py
[2025-04-19T15:44:01.828+0000] {processor.py:914} INFO - Processing file /home/airflow/.local/lib/python3.12/site-packages/airflow/example_dags/example_xcomargs.py for tasks to queue
[2025-04-19T15:44:01.828+0000] {logging_mixin.py:190} INFO - [2025-04-19T15:44:01.828+0000] {dagbag.py:588} INFO - Filling up the DagBag from /home/airflow/.local/lib/python3.12/site-packages/airflow/example_dags/example_xcomargs.py
[2025-04-19T15:44:01.833+0000] {processor.py:925} INFO - DAG(s) 'example_xcom_args_with_operators', 'example_xcom_args' retrieved from /home/airflow/.local/lib/python3.12/site-packages/airflow/example_dags/example_xcomargs.py
[2025-04-19T15:44:01.843+0000] {logging_mixin.py:190} INFO - [2025-04-19T15:44:01.842+0000] {dag.py:3239} INFO - Sync 2 DAGs
[2025-04-19T15:44:01.848+0000] {logging_mixin.py:190} INFO - [2025-04-19T15:44:01.848+0000] {dag.py:4180} INFO - Setting next_dagrun for example_xcom_args to None, run_after=None
[2025-04-19T15:44:01.849+0000] {logging_mixin.py:190} INFO - [2025-04-19T15:44:01.849+0000] {dag.py:4180} INFO - Setting next_dagrun for example_xcom_args_with_operators to None, run_after=None
[2025-04-19T15:44:01.855+0000] {processor.py:208} INFO - Processing /home/airflow/.local/lib/python3.12/site-packages/airflow/example_dags/example_xcomargs.py took 0.030 seconds
[2025-04-19T16:23:36.821+0000] {processor.py:186} INFO - Started process (PID=6779) to work on /home/airflow/.local/lib/python3.12/site-packages/airflow/example_dags/example_xcomargs.py
[2025-04-19T16:23:36.821+0000] {processor.py:914} INFO - Processing file /home/airflow/.local/lib/python3.12/site-packages/airflow/example_dags/example_xcomargs.py for tasks to queue
[2025-04-19T16:23:36.822+0000] {logging_mixin.py:190} INFO - [2025-04-19T16:23:36.822+0000] {dagbag.py:588} INFO - Filling up the DagBag from /home/airflow/.local/lib/python3.12/site-packages/airflow/example_dags/example_xcomargs.py
[2025-04-19T16:23:36.827+0000] {processor.py:925} INFO - DAG(s) 'example_xcom_args', 'example_xcom_args_with_operators' retrieved from /home/airflow/.local/lib/python3.12/site-packages/airflow/example_dags/example_xcomargs.py
[2025-04-19T16:23:36.836+0000] {logging_mixin.py:190} INFO - [2025-04-19T16:23:36.836+0000] {dag.py:3239} INFO - Sync 2 DAGs
[2025-04-19T16:23:36.842+0000] {logging_mixin.py:190} INFO - [2025-04-19T16:23:36.842+0000] {dag.py:4180} INFO - Setting next_dagrun for example_xcom_args to None, run_after=None
[2025-04-19T16:23:36.843+0000] {logging_mixin.py:190} INFO - [2025-04-19T16:23:36.843+0000] {dag.py:4180} INFO - Setting next_dagrun for example_xcom_args_with_operators to None, run_after=None
[2025-04-19T16:23:36.849+0000] {processor.py:208} INFO - Processing /home/airflow/.local/lib/python3.12/site-packages/airflow/example_dags/example_xcomargs.py took 0.030 seconds
[2025-04-19T16:59:43.265+0000] {processor.py:186} INFO - Started process (PID=6843) to work on /home/airflow/.local/lib/python3.12/site-packages/airflow/example_dags/example_xcomargs.py
[2025-04-19T16:59:43.265+0000] {processor.py:914} INFO - Processing file /home/airflow/.local/lib/python3.12/site-packages/airflow/example_dags/example_xcomargs.py for tasks to queue
[2025-04-19T16:59:43.266+0000] {logging_mixin.py:190} INFO - [2025-04-19T16:59:43.266+0000] {dagbag.py:588} INFO - Filling up the DagBag from /home/airflow/.local/lib/python3.12/site-packages/airflow/example_dags/example_xcomargs.py
[2025-04-19T16:59:43.271+0000] {processor.py:925} INFO - DAG(s) 'example_xcom_args_with_operators', 'example_xcom_args' retrieved from /home/airflow/.local/lib/python3.12/site-packages/airflow/example_dags/example_xcomargs.py
[2025-04-19T16:59:43.282+0000] {logging_mixin.py:190} INFO - [2025-04-19T16:59:43.282+0000] {dag.py:3239} INFO - Sync 2 DAGs
[2025-04-19T16:59:43.288+0000] {logging_mixin.py:190} INFO - [2025-04-19T16:59:43.288+0000] {dag.py:4180} INFO - Setting next_dagrun for example_xcom_args to None, run_after=None
[2025-04-19T16:59:43.290+0000] {logging_mixin.py:190} INFO - [2025-04-19T16:59:43.289+0000] {dag.py:4180} INFO - Setting next_dagrun for example_xcom_args_with_operators to None, run_after=None
[2025-04-19T16:59:43.295+0000] {processor.py:208} INFO - Processing /home/airflow/.local/lib/python3.12/site-packages/airflow/example_dags/example_xcomargs.py took 0.033 seconds
[2025-04-19T17:02:35.218+0000] {processor.py:186} INFO - Started process (PID=6907) to work on /home/airflow/.local/lib/python3.12/site-packages/airflow/example_dags/example_xcomargs.py
[2025-04-19T17:02:35.219+0000] {processor.py:914} INFO - Processing file /home/airflow/.local/lib/python3.12/site-packages/airflow/example_dags/example_xcomargs.py for tasks to queue
[2025-04-19T17:02:35.220+0000] {logging_mixin.py:190} INFO - [2025-04-19T17:02:35.220+0000] {dagbag.py:588} INFO - Filling up the DagBag from /home/airflow/.local/lib/python3.12/site-packages/airflow/example_dags/example_xcomargs.py
[2025-04-19T17:02:35.224+0000] {processor.py:925} INFO - DAG(s) 'example_xcom_args', 'example_xcom_args_with_operators' retrieved from /home/airflow/.local/lib/python3.12/site-packages/airflow/example_dags/example_xcomargs.py
[2025-04-19T17:02:35.233+0000] {logging_mixin.py:190} INFO - [2025-04-19T17:02:35.233+0000] {dag.py:3239} INFO - Sync 2 DAGs
[2025-04-19T17:02:35.238+0000] {logging_mixin.py:190} INFO - [2025-04-19T17:02:35.238+0000] {dag.py:4180} INFO - Setting next_dagrun for example_xcom_args to None, run_after=None
[2025-04-19T17:02:35.240+0000] {logging_mixin.py:190} INFO - [2025-04-19T17:02:35.240+0000] {dag.py:4180} INFO - Setting next_dagrun for example_xcom_args_with_operators to None, run_after=None
[2025-04-19T17:02:35.245+0000] {processor.py:208} INFO - Processing /home/airflow/.local/lib/python3.12/site-packages/airflow/example_dags/example_xcomargs.py took 0.029 seconds
[2025-04-19T17:24:38.018+0000] {processor.py:186} INFO - Started process (PID=6971) to work on /home/airflow/.local/lib/python3.12/site-packages/airflow/example_dags/example_xcomargs.py
[2025-04-19T17:24:38.018+0000] {processor.py:914} INFO - Processing file /home/airflow/.local/lib/python3.12/site-packages/airflow/example_dags/example_xcomargs.py for tasks to queue
[2025-04-19T17:24:38.019+0000] {logging_mixin.py:190} INFO - [2025-04-19T17:24:38.019+0000] {dagbag.py:588} INFO - Filling up the DagBag from /home/airflow/.local/lib/python3.12/site-packages/airflow/example_dags/example_xcomargs.py
[2025-04-19T17:24:38.023+0000] {processor.py:925} INFO - DAG(s) 'example_xcom_args', 'example_xcom_args_with_operators' retrieved from /home/airflow/.local/lib/python3.12/site-packages/airflow/example_dags/example_xcomargs.py
[2025-04-19T17:24:38.034+0000] {logging_mixin.py:190} INFO - [2025-04-19T17:24:38.033+0000] {dag.py:3239} INFO - Sync 2 DAGs
[2025-04-19T17:24:38.039+0000] {logging_mixin.py:190} INFO - [2025-04-19T17:24:38.039+0000] {dag.py:4180} INFO - Setting next_dagrun for example_xcom_args to None, run_after=None
[2025-04-19T17:24:38.041+0000] {logging_mixin.py:190} INFO - [2025-04-19T17:24:38.041+0000] {dag.py:4180} INFO - Setting next_dagrun for example_xcom_args_with_operators to None, run_after=None
[2025-04-19T17:24:38.047+0000] {processor.py:208} INFO - Processing /home/airflow/.local/lib/python3.12/site-packages/airflow/example_dags/example_xcomargs.py took 0.033 seconds
[2025-04-19T17:41:22.930+0000] {processor.py:186} INFO - Started process (PID=7035) to work on /home/airflow/.local/lib/python3.12/site-packages/airflow/example_dags/example_xcomargs.py
[2025-04-19T17:41:22.931+0000] {processor.py:914} INFO - Processing file /home/airflow/.local/lib/python3.12/site-packages/airflow/example_dags/example_xcomargs.py for tasks to queue
[2025-04-19T17:41:22.932+0000] {logging_mixin.py:190} INFO - [2025-04-19T17:41:22.932+0000] {dagbag.py:588} INFO - Filling up the DagBag from /home/airflow/.local/lib/python3.12/site-packages/airflow/example_dags/example_xcomargs.py
[2025-04-19T17:41:22.937+0000] {processor.py:925} INFO - DAG(s) 'example_xcom_args', 'example_xcom_args_with_operators' retrieved from /home/airflow/.local/lib/python3.12/site-packages/airflow/example_dags/example_xcomargs.py
[2025-04-19T17:41:22.946+0000] {logging_mixin.py:190} INFO - [2025-04-19T17:41:22.946+0000] {dag.py:3239} INFO - Sync 2 DAGs
[2025-04-19T17:41:22.952+0000] {logging_mixin.py:190} INFO - [2025-04-19T17:41:22.952+0000] {dag.py:4180} INFO - Setting next_dagrun for example_xcom_args to None, run_after=None
[2025-04-19T17:41:22.954+0000] {logging_mixin.py:190} INFO - [2025-04-19T17:41:22.954+0000] {dag.py:4180} INFO - Setting next_dagrun for example_xcom_args_with_operators to None, run_after=None
[2025-04-19T17:41:22.959+0000] {processor.py:208} INFO - Processing /home/airflow/.local/lib/python3.12/site-packages/airflow/example_dags/example_xcomargs.py took 0.031 seconds
[2025-04-19T17:42:56.300+0000] {processor.py:186} INFO - Started process (PID=7099) to work on /home/airflow/.local/lib/python3.12/site-packages/airflow/example_dags/example_xcomargs.py
[2025-04-19T17:42:56.300+0000] {processor.py:914} INFO - Processing file /home/airflow/.local/lib/python3.12/site-packages/airflow/example_dags/example_xcomargs.py for tasks to queue
[2025-04-19T17:42:56.302+0000] {logging_mixin.py:190} INFO - [2025-04-19T17:42:56.302+0000] {dagbag.py:588} INFO - Filling up the DagBag from /home/airflow/.local/lib/python3.12/site-packages/airflow/example_dags/example_xcomargs.py
[2025-04-19T17:42:56.306+0000] {processor.py:925} INFO - DAG(s) 'example_xcom_args_with_operators', 'example_xcom_args' retrieved from /home/airflow/.local/lib/python3.12/site-packages/airflow/example_dags/example_xcomargs.py
[2025-04-19T17:42:56.316+0000] {logging_mixin.py:190} INFO - [2025-04-19T17:42:56.316+0000] {dag.py:3239} INFO - Sync 2 DAGs
[2025-04-19T17:42:56.322+0000] {logging_mixin.py:190} INFO - [2025-04-19T17:42:56.321+0000] {dag.py:4180} INFO - Setting next_dagrun for example_xcom_args to None, run_after=None
[2025-04-19T17:42:56.323+0000] {logging_mixin.py:190} INFO - [2025-04-19T17:42:56.323+0000] {dag.py:4180} INFO - Setting next_dagrun for example_xcom_args_with_operators to None, run_after=None
[2025-04-19T17:42:56.329+0000] {processor.py:208} INFO - Processing /home/airflow/.local/lib/python3.12/site-packages/airflow/example_dags/example_xcomargs.py took 0.032 seconds
[2025-04-19T17:55:52.714+0000] {processor.py:186} INFO - Started process (PID=7163) to work on /home/airflow/.local/lib/python3.12/site-packages/airflow/example_dags/example_xcomargs.py
[2025-04-19T17:55:52.715+0000] {processor.py:914} INFO - Processing file /home/airflow/.local/lib/python3.12/site-packages/airflow/example_dags/example_xcomargs.py for tasks to queue
[2025-04-19T17:55:52.716+0000] {logging_mixin.py:190} INFO - [2025-04-19T17:55:52.715+0000] {dagbag.py:588} INFO - Filling up the DagBag from /home/airflow/.local/lib/python3.12/site-packages/airflow/example_dags/example_xcomargs.py
[2025-04-19T17:55:52.720+0000] {processor.py:925} INFO - DAG(s) 'example_xcom_args_with_operators', 'example_xcom_args' retrieved from /home/airflow/.local/lib/python3.12/site-packages/airflow/example_dags/example_xcomargs.py
[2025-04-19T17:55:52.730+0000] {logging_mixin.py:190} INFO - [2025-04-19T17:55:52.730+0000] {dag.py:3239} INFO - Sync 2 DAGs
[2025-04-19T17:55:52.735+0000] {logging_mixin.py:190} INFO - [2025-04-19T17:55:52.735+0000] {dag.py:4180} INFO - Setting next_dagrun for example_xcom_args to None, run_after=None
[2025-04-19T17:55:52.737+0000] {logging_mixin.py:190} INFO - [2025-04-19T17:55:52.737+0000] {dag.py:4180} INFO - Setting next_dagrun for example_xcom_args_with_operators to None, run_after=None
[2025-04-19T17:55:52.742+0000] {processor.py:208} INFO - Processing /home/airflow/.local/lib/python3.12/site-packages/airflow/example_dags/example_xcomargs.py took 0.031 seconds
[2025-04-19T17:57:05.221+0000] {processor.py:186} INFO - Started process (PID=7227) to work on /home/airflow/.local/lib/python3.12/site-packages/airflow/example_dags/example_xcomargs.py
[2025-04-19T17:57:05.222+0000] {processor.py:914} INFO - Processing file /home/airflow/.local/lib/python3.12/site-packages/airflow/example_dags/example_xcomargs.py for tasks to queue
[2025-04-19T17:57:05.223+0000] {logging_mixin.py:190} INFO - [2025-04-19T17:57:05.223+0000] {dagbag.py:588} INFO - Filling up the DagBag from /home/airflow/.local/lib/python3.12/site-packages/airflow/example_dags/example_xcomargs.py
[2025-04-19T17:57:05.228+0000] {processor.py:925} INFO - DAG(s) 'example_xcom_args_with_operators', 'example_xcom_args' retrieved from /home/airflow/.local/lib/python3.12/site-packages/airflow/example_dags/example_xcomargs.py
[2025-04-19T17:57:05.237+0000] {logging_mixin.py:190} INFO - [2025-04-19T17:57:05.237+0000] {dag.py:3239} INFO - Sync 2 DAGs
[2025-04-19T17:57:05.243+0000] {logging_mixin.py:190} INFO - [2025-04-19T17:57:05.243+0000] {dag.py:4180} INFO - Setting next_dagrun for example_xcom_args to None, run_after=None
[2025-04-19T17:57:05.244+0000] {logging_mixin.py:190} INFO - [2025-04-19T17:57:05.244+0000] {dag.py:4180} INFO - Setting next_dagrun for example_xcom_args_with_operators to None, run_after=None
[2025-04-19T17:57:05.251+0000] {processor.py:208} INFO - Processing /home/airflow/.local/lib/python3.12/site-packages/airflow/example_dags/example_xcomargs.py took 0.032 seconds
[2025-04-19T17:58:29.572+0000] {processor.py:186} INFO - Started process (PID=7291) to work on /home/airflow/.local/lib/python3.12/site-packages/airflow/example_dags/example_xcomargs.py
[2025-04-19T17:58:29.572+0000] {processor.py:914} INFO - Processing file /home/airflow/.local/lib/python3.12/site-packages/airflow/example_dags/example_xcomargs.py for tasks to queue
[2025-04-19T17:58:29.573+0000] {logging_mixin.py:190} INFO - [2025-04-19T17:58:29.573+0000] {dagbag.py:588} INFO - Filling up the DagBag from /home/airflow/.local/lib/python3.12/site-packages/airflow/example_dags/example_xcomargs.py
[2025-04-19T17:58:29.578+0000] {processor.py:925} INFO - DAG(s) 'example_xcom_args', 'example_xcom_args_with_operators' retrieved from /home/airflow/.local/lib/python3.12/site-packages/airflow/example_dags/example_xcomargs.py
[2025-04-19T17:58:29.587+0000] {logging_mixin.py:190} INFO - [2025-04-19T17:58:29.587+0000] {dag.py:3239} INFO - Sync 2 DAGs
[2025-04-19T17:58:29.593+0000] {logging_mixin.py:190} INFO - [2025-04-19T17:58:29.593+0000] {dag.py:4180} INFO - Setting next_dagrun for example_xcom_args to None, run_after=None
[2025-04-19T17:58:29.595+0000] {logging_mixin.py:190} INFO - [2025-04-19T17:58:29.595+0000] {dag.py:4180} INFO - Setting next_dagrun for example_xcom_args_with_operators to None, run_after=None
[2025-04-19T17:58:29.600+0000] {processor.py:208} INFO - Processing /home/airflow/.local/lib/python3.12/site-packages/airflow/example_dags/example_xcomargs.py took 0.031 seconds
[2025-04-19T18:59:31.535+0000] {processor.py:186} INFO - Started process (PID=7355) to work on /home/airflow/.local/lib/python3.12/site-packages/airflow/example_dags/example_xcomargs.py
[2025-04-19T18:59:31.535+0000] {processor.py:914} INFO - Processing file /home/airflow/.local/lib/python3.12/site-packages/airflow/example_dags/example_xcomargs.py for tasks to queue
[2025-04-19T18:59:31.536+0000] {logging_mixin.py:190} INFO - [2025-04-19T18:59:31.536+0000] {dagbag.py:588} INFO - Filling up the DagBag from /home/airflow/.local/lib/python3.12/site-packages/airflow/example_dags/example_xcomargs.py
[2025-04-19T18:59:31.541+0000] {processor.py:925} INFO - DAG(s) 'example_xcom_args', 'example_xcom_args_with_operators' retrieved from /home/airflow/.local/lib/python3.12/site-packages/airflow/example_dags/example_xcomargs.py
[2025-04-19T18:59:31.550+0000] {logging_mixin.py:190} INFO - [2025-04-19T18:59:31.550+0000] {dag.py:3239} INFO - Sync 2 DAGs
[2025-04-19T18:59:31.555+0000] {logging_mixin.py:190} INFO - [2025-04-19T18:59:31.555+0000] {dag.py:4180} INFO - Setting next_dagrun for example_xcom_args to None, run_after=None
[2025-04-19T18:59:31.557+0000] {logging_mixin.py:190} INFO - [2025-04-19T18:59:31.556+0000] {dag.py:4180} INFO - Setting next_dagrun for example_xcom_args_with_operators to None, run_after=None
[2025-04-19T18:59:31.562+0000] {processor.py:208} INFO - Processing /home/airflow/.local/lib/python3.12/site-packages/airflow/example_dags/example_xcomargs.py took 0.029 seconds
[2025-04-19T19:50:43.572+0000] {processor.py:186} INFO - Started process (PID=7419) to work on /home/airflow/.local/lib/python3.12/site-packages/airflow/example_dags/example_xcomargs.py
[2025-04-19T19:50:43.573+0000] {processor.py:914} INFO - Processing file /home/airflow/.local/lib/python3.12/site-packages/airflow/example_dags/example_xcomargs.py for tasks to queue
[2025-04-19T19:50:43.574+0000] {logging_mixin.py:190} INFO - [2025-04-19T19:50:43.574+0000] {dagbag.py:588} INFO - Filling up the DagBag from /home/airflow/.local/lib/python3.12/site-packages/airflow/example_dags/example_xcomargs.py
[2025-04-19T19:50:43.579+0000] {processor.py:925} INFO - DAG(s) 'example_xcom_args_with_operators', 'example_xcom_args' retrieved from /home/airflow/.local/lib/python3.12/site-packages/airflow/example_dags/example_xcomargs.py
[2025-04-19T19:50:43.591+0000] {logging_mixin.py:190} INFO - [2025-04-19T19:50:43.591+0000] {dag.py:3239} INFO - Sync 2 DAGs
[2025-04-19T19:50:43.597+0000] {logging_mixin.py:190} INFO - [2025-04-19T19:50:43.597+0000] {dag.py:4180} INFO - Setting next_dagrun for example_xcom_args to None, run_after=None
[2025-04-19T19:50:43.599+0000] {logging_mixin.py:190} INFO - [2025-04-19T19:50:43.599+0000] {dag.py:4180} INFO - Setting next_dagrun for example_xcom_args_with_operators to None, run_after=None
[2025-04-19T19:50:43.608+0000] {processor.py:208} INFO - Processing /home/airflow/.local/lib/python3.12/site-packages/airflow/example_dags/example_xcomargs.py took 0.039 seconds
[2025-04-19T21:13:36.051+0000] {processor.py:186} INFO - Started process (PID=7483) to work on /home/airflow/.local/lib/python3.12/site-packages/airflow/example_dags/example_xcomargs.py
[2025-04-19T21:13:36.052+0000] {processor.py:914} INFO - Processing file /home/airflow/.local/lib/python3.12/site-packages/airflow/example_dags/example_xcomargs.py for tasks to queue
[2025-04-19T21:13:36.053+0000] {logging_mixin.py:190} INFO - [2025-04-19T21:13:36.052+0000] {dagbag.py:588} INFO - Filling up the DagBag from /home/airflow/.local/lib/python3.12/site-packages/airflow/example_dags/example_xcomargs.py
[2025-04-19T21:13:36.057+0000] {processor.py:925} INFO - DAG(s) 'example_xcom_args_with_operators', 'example_xcom_args' retrieved from /home/airflow/.local/lib/python3.12/site-packages/airflow/example_dags/example_xcomargs.py
[2025-04-19T21:13:36.067+0000] {logging_mixin.py:190} INFO - [2025-04-19T21:13:36.066+0000] {dag.py:3239} INFO - Sync 2 DAGs
[2025-04-19T21:13:36.072+0000] {logging_mixin.py:190} INFO - [2025-04-19T21:13:36.072+0000] {dag.py:4180} INFO - Setting next_dagrun for example_xcom_args to None, run_after=None
[2025-04-19T21:13:36.074+0000] {logging_mixin.py:190} INFO - [2025-04-19T21:13:36.074+0000] {dag.py:4180} INFO - Setting next_dagrun for example_xcom_args_with_operators to None, run_after=None
[2025-04-19T21:13:36.081+0000] {processor.py:208} INFO - Processing /home/airflow/.local/lib/python3.12/site-packages/airflow/example_dags/example_xcomargs.py took 0.033 seconds
[2025-04-19T22:34:39.241+0000] {processor.py:186} INFO - Started process (PID=7547) to work on /home/airflow/.local/lib/python3.12/site-packages/airflow/example_dags/example_xcomargs.py
[2025-04-19T22:34:39.241+0000] {processor.py:914} INFO - Processing file /home/airflow/.local/lib/python3.12/site-packages/airflow/example_dags/example_xcomargs.py for tasks to queue
[2025-04-19T22:34:39.242+0000] {logging_mixin.py:190} INFO - [2025-04-19T22:34:39.242+0000] {dagbag.py:588} INFO - Filling up the DagBag from /home/airflow/.local/lib/python3.12/site-packages/airflow/example_dags/example_xcomargs.py
[2025-04-19T22:34:39.248+0000] {processor.py:925} INFO - DAG(s) 'example_xcom_args', 'example_xcom_args_with_operators' retrieved from /home/airflow/.local/lib/python3.12/site-packages/airflow/example_dags/example_xcomargs.py
[2025-04-19T22:34:39.259+0000] {logging_mixin.py:190} INFO - [2025-04-19T22:34:39.259+0000] {dag.py:3239} INFO - Sync 2 DAGs
[2025-04-19T22:34:39.266+0000] {logging_mixin.py:190} INFO - [2025-04-19T22:34:39.266+0000] {dag.py:4180} INFO - Setting next_dagrun for example_xcom_args to None, run_after=None
[2025-04-19T22:34:39.268+0000] {logging_mixin.py:190} INFO - [2025-04-19T22:34:39.268+0000] {dag.py:4180} INFO - Setting next_dagrun for example_xcom_args_with_operators to None, run_after=None
[2025-04-19T22:34:39.275+0000] {processor.py:208} INFO - Processing /home/airflow/.local/lib/python3.12/site-packages/airflow/example_dags/example_xcomargs.py took 0.038 seconds
