[2025-04-19T00:13:42.333+0000] {processor.py:186} INFO - Started process (PID=4923) to work on /home/airflow/.local/lib/python3.12/site-packages/airflow/example_dags/example_sensors.py
[2025-04-19T00:13:42.334+0000] {processor.py:914} INFO - Processing file /home/airflow/.local/lib/python3.12/site-packages/airflow/example_dags/example_sensors.py for tasks to queue
[2025-04-19T00:13:42.336+0000] {logging_mixin.py:190} INFO - [2025-04-19T00:13:42.335+0000] {dagbag.py:588} INFO - Filling up the DagBag from /home/airflow/.local/lib/python3.12/site-packages/airflow/example_dags/example_sensors.py
[2025-04-19T00:13:42.340+0000] {processor.py:925} INFO - DAG(s) 'example_sensors' retrieved from /home/airflow/.local/lib/python3.12/site-packages/airflow/example_dags/example_sensors.py
[2025-04-19T00:13:42.355+0000] {logging_mixin.py:190} INFO - [2025-04-19T00:13:42.355+0000] {dag.py:3239} INFO - Sync 1 DAGs
[2025-04-19T00:13:42.362+0000] {logging_mixin.py:190} INFO - [2025-04-19T00:13:42.362+0000] {dag.py:4180} INFO - Setting next_dagrun for example_sensors to None, run_after=None
[2025-04-19T00:13:42.373+0000] {processor.py:208} INFO - Processing /home/airflow/.local/lib/python3.12/site-packages/airflow/example_dags/example_sensors.py took 0.043 seconds
[2025-04-19T01:25:51.874+0000] {processor.py:186} INFO - Started process (PID=4987) to work on /home/airflow/.local/lib/python3.12/site-packages/airflow/example_dags/example_sensors.py
[2025-04-19T01:25:51.875+0000] {processor.py:914} INFO - Processing file /home/airflow/.local/lib/python3.12/site-packages/airflow/example_dags/example_sensors.py for tasks to queue
[2025-04-19T01:25:51.876+0000] {logging_mixin.py:190} INFO - [2025-04-19T01:25:51.876+0000] {dagbag.py:588} INFO - Filling up the DagBag from /home/airflow/.local/lib/python3.12/site-packages/airflow/example_dags/example_sensors.py
[2025-04-19T01:25:51.881+0000] {processor.py:925} INFO - DAG(s) 'example_sensors' retrieved from /home/airflow/.local/lib/python3.12/site-packages/airflow/example_dags/example_sensors.py
[2025-04-19T01:25:51.892+0000] {logging_mixin.py:190} INFO - [2025-04-19T01:25:51.892+0000] {dag.py:3239} INFO - Sync 1 DAGs
[2025-04-19T01:25:51.897+0000] {logging_mixin.py:190} INFO - [2025-04-19T01:25:51.897+0000] {dag.py:4180} INFO - Setting next_dagrun for example_sensors to None, run_after=None
[2025-04-19T01:25:51.904+0000] {processor.py:208} INFO - Processing /home/airflow/.local/lib/python3.12/site-packages/airflow/example_dags/example_sensors.py took 0.033 seconds
[2025-04-19T02:58:25.004+0000] {processor.py:186} INFO - Started process (PID=5051) to work on /home/airflow/.local/lib/python3.12/site-packages/airflow/example_dags/example_sensors.py
[2025-04-19T02:58:25.005+0000] {processor.py:914} INFO - Processing file /home/airflow/.local/lib/python3.12/site-packages/airflow/example_dags/example_sensors.py for tasks to queue
[2025-04-19T02:58:25.006+0000] {logging_mixin.py:190} INFO - [2025-04-19T02:58:25.006+0000] {dagbag.py:588} INFO - Filling up the DagBag from /home/airflow/.local/lib/python3.12/site-packages/airflow/example_dags/example_sensors.py
[2025-04-19T02:58:25.011+0000] {processor.py:925} INFO - DAG(s) 'example_sensors' retrieved from /home/airflow/.local/lib/python3.12/site-packages/airflow/example_dags/example_sensors.py
[2025-04-19T02:58:25.023+0000] {logging_mixin.py:190} INFO - [2025-04-19T02:58:25.023+0000] {dag.py:3239} INFO - Sync 1 DAGs
[2025-04-19T02:58:25.029+0000] {logging_mixin.py:190} INFO - [2025-04-19T02:58:25.029+0000] {dag.py:4180} INFO - Setting next_dagrun for example_sensors to None, run_after=None
[2025-04-19T02:58:25.036+0000] {processor.py:208} INFO - Processing /home/airflow/.local/lib/python3.12/site-packages/airflow/example_dags/example_sensors.py took 0.035 seconds
[2025-04-19T03:59:45.618+0000] {processor.py:186} INFO - Started process (PID=5115) to work on /home/airflow/.local/lib/python3.12/site-packages/airflow/example_dags/example_sensors.py
[2025-04-19T03:59:45.619+0000] {processor.py:914} INFO - Processing file /home/airflow/.local/lib/python3.12/site-packages/airflow/example_dags/example_sensors.py for tasks to queue
[2025-04-19T03:59:45.620+0000] {logging_mixin.py:190} INFO - [2025-04-19T03:59:45.620+0000] {dagbag.py:588} INFO - Filling up the DagBag from /home/airflow/.local/lib/python3.12/site-packages/airflow/example_dags/example_sensors.py
[2025-04-19T03:59:45.626+0000] {processor.py:925} INFO - DAG(s) 'example_sensors' retrieved from /home/airflow/.local/lib/python3.12/site-packages/airflow/example_dags/example_sensors.py
[2025-04-19T03:59:45.640+0000] {logging_mixin.py:190} INFO - [2025-04-19T03:59:45.640+0000] {dag.py:3239} INFO - Sync 1 DAGs
[2025-04-19T03:59:45.646+0000] {logging_mixin.py:190} INFO - [2025-04-19T03:59:45.646+0000] {dag.py:4180} INFO - Setting next_dagrun for example_sensors to None, run_after=None
[2025-04-19T03:59:45.654+0000] {processor.py:208} INFO - Processing /home/airflow/.local/lib/python3.12/site-packages/airflow/example_dags/example_sensors.py took 0.040 seconds
[2025-04-19T04:28:50.750+0000] {processor.py:186} INFO - Started process (PID=5179) to work on /home/airflow/.local/lib/python3.12/site-packages/airflow/example_dags/example_sensors.py
[2025-04-19T04:28:50.750+0000] {processor.py:914} INFO - Processing file /home/airflow/.local/lib/python3.12/site-packages/airflow/example_dags/example_sensors.py for tasks to queue
[2025-04-19T04:28:50.751+0000] {logging_mixin.py:190} INFO - [2025-04-19T04:28:50.751+0000] {dagbag.py:588} INFO - Filling up the DagBag from /home/airflow/.local/lib/python3.12/site-packages/airflow/example_dags/example_sensors.py
[2025-04-19T04:28:50.757+0000] {processor.py:925} INFO - DAG(s) 'example_sensors' retrieved from /home/airflow/.local/lib/python3.12/site-packages/airflow/example_dags/example_sensors.py
[2025-04-19T04:28:50.767+0000] {logging_mixin.py:190} INFO - [2025-04-19T04:28:50.767+0000] {dag.py:3239} INFO - Sync 1 DAGs
[2025-04-19T04:28:50.773+0000] {logging_mixin.py:190} INFO - [2025-04-19T04:28:50.773+0000] {dag.py:4180} INFO - Setting next_dagrun for example_sensors to None, run_after=None
[2025-04-19T04:28:50.780+0000] {processor.py:208} INFO - Processing /home/airflow/.local/lib/python3.12/site-packages/airflow/example_dags/example_sensors.py took 0.034 seconds
[2025-04-19T06:03:43.168+0000] {processor.py:186} INFO - Started process (PID=5243) to work on /home/airflow/.local/lib/python3.12/site-packages/airflow/example_dags/example_sensors.py
[2025-04-19T06:03:43.168+0000] {processor.py:914} INFO - Processing file /home/airflow/.local/lib/python3.12/site-packages/airflow/example_dags/example_sensors.py for tasks to queue
[2025-04-19T06:03:43.169+0000] {logging_mixin.py:190} INFO - [2025-04-19T06:03:43.169+0000] {dagbag.py:588} INFO - Filling up the DagBag from /home/airflow/.local/lib/python3.12/site-packages/airflow/example_dags/example_sensors.py
[2025-04-19T06:03:43.174+0000] {processor.py:925} INFO - DAG(s) 'example_sensors' retrieved from /home/airflow/.local/lib/python3.12/site-packages/airflow/example_dags/example_sensors.py
[2025-04-19T06:03:43.184+0000] {logging_mixin.py:190} INFO - [2025-04-19T06:03:43.184+0000] {dag.py:3239} INFO - Sync 1 DAGs
[2025-04-19T06:03:43.190+0000] {logging_mixin.py:190} INFO - [2025-04-19T06:03:43.190+0000] {dag.py:4180} INFO - Setting next_dagrun for example_sensors to None, run_after=None
[2025-04-19T06:03:43.197+0000] {processor.py:208} INFO - Processing /home/airflow/.local/lib/python3.12/site-packages/airflow/example_dags/example_sensors.py took 0.032 seconds
[2025-04-19T06:47:27.293+0000] {processor.py:186} INFO - Started process (PID=5307) to work on /home/airflow/.local/lib/python3.12/site-packages/airflow/example_dags/example_sensors.py
[2025-04-19T06:47:27.293+0000] {processor.py:914} INFO - Processing file /home/airflow/.local/lib/python3.12/site-packages/airflow/example_dags/example_sensors.py for tasks to queue
[2025-04-19T06:47:27.294+0000] {logging_mixin.py:190} INFO - [2025-04-19T06:47:27.294+0000] {dagbag.py:588} INFO - Filling up the DagBag from /home/airflow/.local/lib/python3.12/site-packages/airflow/example_dags/example_sensors.py
[2025-04-19T06:47:27.299+0000] {processor.py:925} INFO - DAG(s) 'example_sensors' retrieved from /home/airflow/.local/lib/python3.12/site-packages/airflow/example_dags/example_sensors.py
[2025-04-19T06:47:27.310+0000] {logging_mixin.py:190} INFO - [2025-04-19T06:47:27.310+0000] {dag.py:3239} INFO - Sync 1 DAGs
[2025-04-19T06:47:27.315+0000] {logging_mixin.py:190} INFO - [2025-04-19T06:47:27.315+0000] {dag.py:4180} INFO - Setting next_dagrun for example_sensors to None, run_after=None
[2025-04-19T06:47:27.322+0000] {processor.py:208} INFO - Processing /home/airflow/.local/lib/python3.12/site-packages/airflow/example_dags/example_sensors.py took 0.032 seconds
[2025-04-19T08:03:59.063+0000] {processor.py:186} INFO - Started process (PID=5371) to work on /home/airflow/.local/lib/python3.12/site-packages/airflow/example_dags/example_sensors.py
[2025-04-19T08:03:59.063+0000] {processor.py:914} INFO - Processing file /home/airflow/.local/lib/python3.12/site-packages/airflow/example_dags/example_sensors.py for tasks to queue
[2025-04-19T08:03:59.064+0000] {logging_mixin.py:190} INFO - [2025-04-19T08:03:59.064+0000] {dagbag.py:588} INFO - Filling up the DagBag from /home/airflow/.local/lib/python3.12/site-packages/airflow/example_dags/example_sensors.py
[2025-04-19T08:03:59.070+0000] {processor.py:925} INFO - DAG(s) 'example_sensors' retrieved from /home/airflow/.local/lib/python3.12/site-packages/airflow/example_dags/example_sensors.py
[2025-04-19T08:03:59.080+0000] {logging_mixin.py:190} INFO - [2025-04-19T08:03:59.080+0000] {dag.py:3239} INFO - Sync 1 DAGs
[2025-04-19T08:03:59.085+0000] {logging_mixin.py:190} INFO - [2025-04-19T08:03:59.085+0000] {dag.py:4180} INFO - Setting next_dagrun for example_sensors to None, run_after=None
[2025-04-19T08:03:59.092+0000] {processor.py:208} INFO - Processing /home/airflow/.local/lib/python3.12/site-packages/airflow/example_dags/example_sensors.py took 0.032 seconds
[2025-04-19T08:27:56.079+0000] {processor.py:186} INFO - Started process (PID=5435) to work on /home/airflow/.local/lib/python3.12/site-packages/airflow/example_dags/example_sensors.py
[2025-04-19T08:27:56.081+0000] {processor.py:914} INFO - Processing file /home/airflow/.local/lib/python3.12/site-packages/airflow/example_dags/example_sensors.py for tasks to queue
[2025-04-19T08:27:56.083+0000] {logging_mixin.py:190} INFO - [2025-04-19T08:27:56.083+0000] {dagbag.py:588} INFO - Filling up the DagBag from /home/airflow/.local/lib/python3.12/site-packages/airflow/example_dags/example_sensors.py
[2025-04-19T08:27:56.088+0000] {processor.py:925} INFO - DAG(s) 'example_sensors' retrieved from /home/airflow/.local/lib/python3.12/site-packages/airflow/example_dags/example_sensors.py
[2025-04-19T08:27:56.108+0000] {logging_mixin.py:190} INFO - [2025-04-19T08:27:56.108+0000] {dag.py:3239} INFO - Sync 1 DAGs
[2025-04-19T08:27:56.116+0000] {logging_mixin.py:190} INFO - [2025-04-19T08:27:56.116+0000] {dag.py:4180} INFO - Setting next_dagrun for example_sensors to None, run_after=None
[2025-04-19T08:27:56.125+0000] {processor.py:208} INFO - Processing /home/airflow/.local/lib/python3.12/site-packages/airflow/example_dags/example_sensors.py took 0.048 seconds
[2025-04-19T08:29:31.068+0000] {processor.py:186} INFO - Started process (PID=5499) to work on /home/airflow/.local/lib/python3.12/site-packages/airflow/example_dags/example_sensors.py
[2025-04-19T08:29:31.069+0000] {processor.py:914} INFO - Processing file /home/airflow/.local/lib/python3.12/site-packages/airflow/example_dags/example_sensors.py for tasks to queue
[2025-04-19T08:29:31.070+0000] {logging_mixin.py:190} INFO - [2025-04-19T08:29:31.070+0000] {dagbag.py:588} INFO - Filling up the DagBag from /home/airflow/.local/lib/python3.12/site-packages/airflow/example_dags/example_sensors.py
[2025-04-19T08:29:31.075+0000] {processor.py:925} INFO - DAG(s) 'example_sensors' retrieved from /home/airflow/.local/lib/python3.12/site-packages/airflow/example_dags/example_sensors.py
[2025-04-19T08:29:31.091+0000] {logging_mixin.py:190} INFO - [2025-04-19T08:29:31.091+0000] {dag.py:3239} INFO - Sync 1 DAGs
[2025-04-19T08:29:31.098+0000] {logging_mixin.py:190} INFO - [2025-04-19T08:29:31.098+0000] {dag.py:4180} INFO - Setting next_dagrun for example_sensors to None, run_after=None
[2025-04-19T08:29:31.108+0000] {processor.py:208} INFO - Processing /home/airflow/.local/lib/python3.12/site-packages/airflow/example_dags/example_sensors.py took 0.043 seconds
[2025-04-19T08:30:27.739+0000] {processor.py:186} INFO - Started process (PID=5563) to work on /home/airflow/.local/lib/python3.12/site-packages/airflow/example_dags/example_sensors.py
[2025-04-19T08:30:27.740+0000] {processor.py:914} INFO - Processing file /home/airflow/.local/lib/python3.12/site-packages/airflow/example_dags/example_sensors.py for tasks to queue
[2025-04-19T08:30:27.741+0000] {logging_mixin.py:190} INFO - [2025-04-19T08:30:27.740+0000] {dagbag.py:588} INFO - Filling up the DagBag from /home/airflow/.local/lib/python3.12/site-packages/airflow/example_dags/example_sensors.py
[2025-04-19T08:30:27.745+0000] {processor.py:925} INFO - DAG(s) 'example_sensors' retrieved from /home/airflow/.local/lib/python3.12/site-packages/airflow/example_dags/example_sensors.py
[2025-04-19T08:30:27.756+0000] {logging_mixin.py:190} INFO - [2025-04-19T08:30:27.756+0000] {dag.py:3239} INFO - Sync 1 DAGs
[2025-04-19T08:30:27.762+0000] {logging_mixin.py:190} INFO - [2025-04-19T08:30:27.762+0000] {dag.py:4180} INFO - Setting next_dagrun for example_sensors to None, run_after=None
[2025-04-19T08:30:27.769+0000] {processor.py:208} INFO - Processing /home/airflow/.local/lib/python3.12/site-packages/airflow/example_dags/example_sensors.py took 0.033 seconds
[2025-04-19T08:48:12.700+0000] {processor.py:186} INFO - Started process (PID=5627) to work on /home/airflow/.local/lib/python3.12/site-packages/airflow/example_dags/example_sensors.py
[2025-04-19T08:48:12.701+0000] {processor.py:914} INFO - Processing file /home/airflow/.local/lib/python3.12/site-packages/airflow/example_dags/example_sensors.py for tasks to queue
[2025-04-19T08:48:12.702+0000] {logging_mixin.py:190} INFO - [2025-04-19T08:48:12.702+0000] {dagbag.py:588} INFO - Filling up the DagBag from /home/airflow/.local/lib/python3.12/site-packages/airflow/example_dags/example_sensors.py
[2025-04-19T08:48:12.708+0000] {processor.py:925} INFO - DAG(s) 'example_sensors' retrieved from /home/airflow/.local/lib/python3.12/site-packages/airflow/example_dags/example_sensors.py
[2025-04-19T08:48:12.719+0000] {logging_mixin.py:190} INFO - [2025-04-19T08:48:12.718+0000] {dag.py:3239} INFO - Sync 1 DAGs
[2025-04-19T08:48:12.724+0000] {logging_mixin.py:190} INFO - [2025-04-19T08:48:12.724+0000] {dag.py:4180} INFO - Setting next_dagrun for example_sensors to None, run_after=None
[2025-04-19T08:48:12.731+0000] {processor.py:208} INFO - Processing /home/airflow/.local/lib/python3.12/site-packages/airflow/example_dags/example_sensors.py took 0.034 seconds
[2025-04-19T08:59:44.151+0000] {processor.py:186} INFO - Started process (PID=5691) to work on /home/airflow/.local/lib/python3.12/site-packages/airflow/example_dags/example_sensors.py
[2025-04-19T08:59:44.151+0000] {processor.py:914} INFO - Processing file /home/airflow/.local/lib/python3.12/site-packages/airflow/example_dags/example_sensors.py for tasks to queue
[2025-04-19T08:59:44.152+0000] {logging_mixin.py:190} INFO - [2025-04-19T08:59:44.152+0000] {dagbag.py:588} INFO - Filling up the DagBag from /home/airflow/.local/lib/python3.12/site-packages/airflow/example_dags/example_sensors.py
[2025-04-19T08:59:44.157+0000] {processor.py:925} INFO - DAG(s) 'example_sensors' retrieved from /home/airflow/.local/lib/python3.12/site-packages/airflow/example_dags/example_sensors.py
[2025-04-19T08:59:44.168+0000] {logging_mixin.py:190} INFO - [2025-04-19T08:59:44.168+0000] {dag.py:3239} INFO - Sync 1 DAGs
[2025-04-19T08:59:44.174+0000] {logging_mixin.py:190} INFO - [2025-04-19T08:59:44.174+0000] {dag.py:4180} INFO - Setting next_dagrun for example_sensors to None, run_after=None
[2025-04-19T08:59:44.181+0000] {processor.py:208} INFO - Processing /home/airflow/.local/lib/python3.12/site-packages/airflow/example_dags/example_sensors.py took 0.033 seconds
[2025-04-19T09:00:25.442+0000] {processor.py:186} INFO - Started process (PID=5755) to work on /home/airflow/.local/lib/python3.12/site-packages/airflow/example_dags/example_sensors.py
[2025-04-19T09:00:25.442+0000] {processor.py:914} INFO - Processing file /home/airflow/.local/lib/python3.12/site-packages/airflow/example_dags/example_sensors.py for tasks to queue
[2025-04-19T09:00:25.444+0000] {logging_mixin.py:190} INFO - [2025-04-19T09:00:25.444+0000] {dagbag.py:588} INFO - Filling up the DagBag from /home/airflow/.local/lib/python3.12/site-packages/airflow/example_dags/example_sensors.py
[2025-04-19T09:00:25.449+0000] {processor.py:925} INFO - DAG(s) 'example_sensors' retrieved from /home/airflow/.local/lib/python3.12/site-packages/airflow/example_dags/example_sensors.py
[2025-04-19T09:00:25.460+0000] {logging_mixin.py:190} INFO - [2025-04-19T09:00:25.460+0000] {dag.py:3239} INFO - Sync 1 DAGs
[2025-04-19T09:00:25.466+0000] {logging_mixin.py:190} INFO - [2025-04-19T09:00:25.466+0000] {dag.py:4180} INFO - Setting next_dagrun for example_sensors to None, run_after=None
[2025-04-19T09:00:25.473+0000] {processor.py:208} INFO - Processing /home/airflow/.local/lib/python3.12/site-packages/airflow/example_dags/example_sensors.py took 0.034 seconds
[2025-04-19T09:16:41.507+0000] {processor.py:186} INFO - Started process (PID=5819) to work on /home/airflow/.local/lib/python3.12/site-packages/airflow/example_dags/example_sensors.py
[2025-04-19T09:16:41.508+0000] {processor.py:914} INFO - Processing file /home/airflow/.local/lib/python3.12/site-packages/airflow/example_dags/example_sensors.py for tasks to queue
[2025-04-19T09:16:41.509+0000] {logging_mixin.py:190} INFO - [2025-04-19T09:16:41.509+0000] {dagbag.py:588} INFO - Filling up the DagBag from /home/airflow/.local/lib/python3.12/site-packages/airflow/example_dags/example_sensors.py
[2025-04-19T09:16:41.514+0000] {processor.py:925} INFO - DAG(s) 'example_sensors' retrieved from /home/airflow/.local/lib/python3.12/site-packages/airflow/example_dags/example_sensors.py
[2025-04-19T09:16:41.525+0000] {logging_mixin.py:190} INFO - [2025-04-19T09:16:41.525+0000] {dag.py:3239} INFO - Sync 1 DAGs
[2025-04-19T09:16:41.530+0000] {logging_mixin.py:190} INFO - [2025-04-19T09:16:41.530+0000] {dag.py:4180} INFO - Setting next_dagrun for example_sensors to None, run_after=None
[2025-04-19T09:16:41.536+0000] {processor.py:208} INFO - Processing /home/airflow/.local/lib/python3.12/site-packages/airflow/example_dags/example_sensors.py took 0.031 seconds
[2025-04-19T09:17:11.713+0000] {processor.py:186} INFO - Started process (PID=5882) to work on /home/airflow/.local/lib/python3.12/site-packages/airflow/example_dags/example_sensors.py
[2025-04-19T09:17:11.715+0000] {processor.py:914} INFO - Processing file /home/airflow/.local/lib/python3.12/site-packages/airflow/example_dags/example_sensors.py for tasks to queue
[2025-04-19T09:17:11.716+0000] {logging_mixin.py:190} INFO - [2025-04-19T09:17:11.716+0000] {dagbag.py:588} INFO - Filling up the DagBag from /home/airflow/.local/lib/python3.12/site-packages/airflow/example_dags/example_sensors.py
[2025-04-19T09:17:11.721+0000] {processor.py:925} INFO - DAG(s) 'example_sensors' retrieved from /home/airflow/.local/lib/python3.12/site-packages/airflow/example_dags/example_sensors.py
[2025-04-19T09:17:11.733+0000] {logging_mixin.py:190} INFO - [2025-04-19T09:17:11.733+0000] {dag.py:3239} INFO - Sync 1 DAGs
[2025-04-19T09:17:11.739+0000] {logging_mixin.py:190} INFO - [2025-04-19T09:17:11.738+0000] {dag.py:4180} INFO - Setting next_dagrun for example_sensors to None, run_after=None
[2025-04-19T09:17:11.747+0000] {processor.py:208} INFO - Processing /home/airflow/.local/lib/python3.12/site-packages/airflow/example_dags/example_sensors.py took 0.036 seconds
[2025-04-19T09:20:59.444+0000] {processor.py:186} INFO - Started process (PID=5947) to work on /home/airflow/.local/lib/python3.12/site-packages/airflow/example_dags/example_sensors.py
[2025-04-19T09:20:59.444+0000] {processor.py:914} INFO - Processing file /home/airflow/.local/lib/python3.12/site-packages/airflow/example_dags/example_sensors.py for tasks to queue
[2025-04-19T09:20:59.445+0000] {logging_mixin.py:190} INFO - [2025-04-19T09:20:59.445+0000] {dagbag.py:588} INFO - Filling up the DagBag from /home/airflow/.local/lib/python3.12/site-packages/airflow/example_dags/example_sensors.py
[2025-04-19T09:20:59.450+0000] {processor.py:925} INFO - DAG(s) 'example_sensors' retrieved from /home/airflow/.local/lib/python3.12/site-packages/airflow/example_dags/example_sensors.py
[2025-04-19T09:20:59.460+0000] {logging_mixin.py:190} INFO - [2025-04-19T09:20:59.460+0000] {dag.py:3239} INFO - Sync 1 DAGs
[2025-04-19T09:20:59.466+0000] {logging_mixin.py:190} INFO - [2025-04-19T09:20:59.465+0000] {dag.py:4180} INFO - Setting next_dagrun for example_sensors to None, run_after=None
[2025-04-19T09:20:59.472+0000] {processor.py:208} INFO - Processing /home/airflow/.local/lib/python3.12/site-packages/airflow/example_dags/example_sensors.py took 0.031 seconds
[2025-04-19T09:38:23.208+0000] {processor.py:186} INFO - Started process (PID=6011) to work on /home/airflow/.local/lib/python3.12/site-packages/airflow/example_dags/example_sensors.py
[2025-04-19T09:38:23.209+0000] {processor.py:914} INFO - Processing file /home/airflow/.local/lib/python3.12/site-packages/airflow/example_dags/example_sensors.py for tasks to queue
[2025-04-19T09:38:23.210+0000] {logging_mixin.py:190} INFO - [2025-04-19T09:38:23.210+0000] {dagbag.py:588} INFO - Filling up the DagBag from /home/airflow/.local/lib/python3.12/site-packages/airflow/example_dags/example_sensors.py
[2025-04-19T09:38:23.215+0000] {processor.py:925} INFO - DAG(s) 'example_sensors' retrieved from /home/airflow/.local/lib/python3.12/site-packages/airflow/example_dags/example_sensors.py
[2025-04-19T09:38:23.226+0000] {logging_mixin.py:190} INFO - [2025-04-19T09:38:23.226+0000] {dag.py:3239} INFO - Sync 1 DAGs
[2025-04-19T09:38:23.231+0000] {logging_mixin.py:190} INFO - [2025-04-19T09:38:23.231+0000] {dag.py:4180} INFO - Setting next_dagrun for example_sensors to None, run_after=None
[2025-04-19T09:38:23.238+0000] {processor.py:208} INFO - Processing /home/airflow/.local/lib/python3.12/site-packages/airflow/example_dags/example_sensors.py took 0.033 seconds
[2025-04-19T10:40:28.353+0000] {processor.py:186} INFO - Started process (PID=6075) to work on /home/airflow/.local/lib/python3.12/site-packages/airflow/example_dags/example_sensors.py
[2025-04-19T10:40:28.353+0000] {processor.py:914} INFO - Processing file /home/airflow/.local/lib/python3.12/site-packages/airflow/example_dags/example_sensors.py for tasks to queue
[2025-04-19T10:40:28.354+0000] {logging_mixin.py:190} INFO - [2025-04-19T10:40:28.354+0000] {dagbag.py:588} INFO - Filling up the DagBag from /home/airflow/.local/lib/python3.12/site-packages/airflow/example_dags/example_sensors.py
[2025-04-19T10:40:28.359+0000] {processor.py:925} INFO - DAG(s) 'example_sensors' retrieved from /home/airflow/.local/lib/python3.12/site-packages/airflow/example_dags/example_sensors.py
[2025-04-19T10:40:28.369+0000] {logging_mixin.py:190} INFO - [2025-04-19T10:40:28.369+0000] {dag.py:3239} INFO - Sync 1 DAGs
[2025-04-19T10:40:28.375+0000] {logging_mixin.py:190} INFO - [2025-04-19T10:40:28.374+0000] {dag.py:4180} INFO - Setting next_dagrun for example_sensors to None, run_after=None
[2025-04-19T10:40:28.381+0000] {processor.py:208} INFO - Processing /home/airflow/.local/lib/python3.12/site-packages/airflow/example_dags/example_sensors.py took 0.031 seconds
[2025-04-19T10:45:01.274+0000] {processor.py:186} INFO - Started process (PID=6139) to work on /home/airflow/.local/lib/python3.12/site-packages/airflow/example_dags/example_sensors.py
[2025-04-19T10:45:01.275+0000] {processor.py:914} INFO - Processing file /home/airflow/.local/lib/python3.12/site-packages/airflow/example_dags/example_sensors.py for tasks to queue
[2025-04-19T10:45:01.276+0000] {logging_mixin.py:190} INFO - [2025-04-19T10:45:01.276+0000] {dagbag.py:588} INFO - Filling up the DagBag from /home/airflow/.local/lib/python3.12/site-packages/airflow/example_dags/example_sensors.py
[2025-04-19T10:45:01.282+0000] {processor.py:925} INFO - DAG(s) 'example_sensors' retrieved from /home/airflow/.local/lib/python3.12/site-packages/airflow/example_dags/example_sensors.py
[2025-04-19T10:45:01.292+0000] {logging_mixin.py:190} INFO - [2025-04-19T10:45:01.292+0000] {dag.py:3239} INFO - Sync 1 DAGs
[2025-04-19T10:45:01.298+0000] {logging_mixin.py:190} INFO - [2025-04-19T10:45:01.298+0000] {dag.py:4180} INFO - Setting next_dagrun for example_sensors to None, run_after=None
[2025-04-19T10:45:01.304+0000] {processor.py:208} INFO - Processing /home/airflow/.local/lib/python3.12/site-packages/airflow/example_dags/example_sensors.py took 0.034 seconds
[2025-04-19T11:21:11.308+0000] {processor.py:186} INFO - Started process (PID=6202) to work on /home/airflow/.local/lib/python3.12/site-packages/airflow/example_dags/example_sensors.py
[2025-04-19T11:21:11.308+0000] {processor.py:914} INFO - Processing file /home/airflow/.local/lib/python3.12/site-packages/airflow/example_dags/example_sensors.py for tasks to queue
[2025-04-19T11:21:11.309+0000] {logging_mixin.py:190} INFO - [2025-04-19T11:21:11.309+0000] {dagbag.py:588} INFO - Filling up the DagBag from /home/airflow/.local/lib/python3.12/site-packages/airflow/example_dags/example_sensors.py
[2025-04-19T11:21:11.314+0000] {processor.py:925} INFO - DAG(s) 'example_sensors' retrieved from /home/airflow/.local/lib/python3.12/site-packages/airflow/example_dags/example_sensors.py
[2025-04-19T11:21:11.325+0000] {logging_mixin.py:190} INFO - [2025-04-19T11:21:11.324+0000] {dag.py:3239} INFO - Sync 1 DAGs
[2025-04-19T11:21:11.330+0000] {logging_mixin.py:190} INFO - [2025-04-19T11:21:11.329+0000] {dag.py:4180} INFO - Setting next_dagrun for example_sensors to None, run_after=None
[2025-04-19T11:21:11.336+0000] {processor.py:208} INFO - Processing /home/airflow/.local/lib/python3.12/site-packages/airflow/example_dags/example_sensors.py took 0.031 seconds
[2025-04-19T11:59:36.621+0000] {processor.py:186} INFO - Started process (PID=6266) to work on /home/airflow/.local/lib/python3.12/site-packages/airflow/example_dags/example_sensors.py
[2025-04-19T11:59:36.621+0000] {processor.py:914} INFO - Processing file /home/airflow/.local/lib/python3.12/site-packages/airflow/example_dags/example_sensors.py for tasks to queue
[2025-04-19T11:59:36.622+0000] {logging_mixin.py:190} INFO - [2025-04-19T11:59:36.622+0000] {dagbag.py:588} INFO - Filling up the DagBag from /home/airflow/.local/lib/python3.12/site-packages/airflow/example_dags/example_sensors.py
[2025-04-19T11:59:36.627+0000] {processor.py:925} INFO - DAG(s) 'example_sensors' retrieved from /home/airflow/.local/lib/python3.12/site-packages/airflow/example_dags/example_sensors.py
[2025-04-19T11:59:36.637+0000] {logging_mixin.py:190} INFO - [2025-04-19T11:59:36.637+0000] {dag.py:3239} INFO - Sync 1 DAGs
[2025-04-19T11:59:36.643+0000] {logging_mixin.py:190} INFO - [2025-04-19T11:59:36.643+0000] {dag.py:4180} INFO - Setting next_dagrun for example_sensors to None, run_after=None
[2025-04-19T11:59:36.649+0000] {processor.py:208} INFO - Processing /home/airflow/.local/lib/python3.12/site-packages/airflow/example_dags/example_sensors.py took 0.031 seconds
[2025-04-19T12:19:40.061+0000] {processor.py:186} INFO - Started process (PID=6330) to work on /home/airflow/.local/lib/python3.12/site-packages/airflow/example_dags/example_sensors.py
[2025-04-19T12:19:40.062+0000] {processor.py:914} INFO - Processing file /home/airflow/.local/lib/python3.12/site-packages/airflow/example_dags/example_sensors.py for tasks to queue
[2025-04-19T12:19:40.063+0000] {logging_mixin.py:190} INFO - [2025-04-19T12:19:40.063+0000] {dagbag.py:588} INFO - Filling up the DagBag from /home/airflow/.local/lib/python3.12/site-packages/airflow/example_dags/example_sensors.py
[2025-04-19T12:19:40.067+0000] {processor.py:925} INFO - DAG(s) 'example_sensors' retrieved from /home/airflow/.local/lib/python3.12/site-packages/airflow/example_dags/example_sensors.py
[2025-04-19T12:19:40.079+0000] {logging_mixin.py:190} INFO - [2025-04-19T12:19:40.079+0000] {dag.py:3239} INFO - Sync 1 DAGs
[2025-04-19T12:19:40.085+0000] {logging_mixin.py:190} INFO - [2025-04-19T12:19:40.084+0000] {dag.py:4180} INFO - Setting next_dagrun for example_sensors to None, run_after=None
[2025-04-19T12:19:40.091+0000] {processor.py:208} INFO - Processing /home/airflow/.local/lib/python3.12/site-packages/airflow/example_dags/example_sensors.py took 0.032 seconds
[2025-04-19T13:11:26.909+0000] {processor.py:186} INFO - Started process (PID=6394) to work on /home/airflow/.local/lib/python3.12/site-packages/airflow/example_dags/example_sensors.py
[2025-04-19T13:11:26.909+0000] {processor.py:914} INFO - Processing file /home/airflow/.local/lib/python3.12/site-packages/airflow/example_dags/example_sensors.py for tasks to queue
[2025-04-19T13:11:26.910+0000] {logging_mixin.py:190} INFO - [2025-04-19T13:11:26.910+0000] {dagbag.py:588} INFO - Filling up the DagBag from /home/airflow/.local/lib/python3.12/site-packages/airflow/example_dags/example_sensors.py
[2025-04-19T13:11:26.915+0000] {processor.py:925} INFO - DAG(s) 'example_sensors' retrieved from /home/airflow/.local/lib/python3.12/site-packages/airflow/example_dags/example_sensors.py
[2025-04-19T13:11:26.925+0000] {logging_mixin.py:190} INFO - [2025-04-19T13:11:26.925+0000] {dag.py:3239} INFO - Sync 1 DAGs
[2025-04-19T13:11:26.931+0000] {logging_mixin.py:190} INFO - [2025-04-19T13:11:26.931+0000] {dag.py:4180} INFO - Setting next_dagrun for example_sensors to None, run_after=None
[2025-04-19T13:11:26.937+0000] {processor.py:208} INFO - Processing /home/airflow/.local/lib/python3.12/site-packages/airflow/example_dags/example_sensors.py took 0.031 seconds
[2025-04-19T13:20:39.283+0000] {processor.py:186} INFO - Started process (PID=6458) to work on /home/airflow/.local/lib/python3.12/site-packages/airflow/example_dags/example_sensors.py
[2025-04-19T13:20:39.284+0000] {processor.py:914} INFO - Processing file /home/airflow/.local/lib/python3.12/site-packages/airflow/example_dags/example_sensors.py for tasks to queue
[2025-04-19T13:20:39.284+0000] {logging_mixin.py:190} INFO - [2025-04-19T13:20:39.284+0000] {dagbag.py:588} INFO - Filling up the DagBag from /home/airflow/.local/lib/python3.12/site-packages/airflow/example_dags/example_sensors.py
[2025-04-19T13:20:39.289+0000] {processor.py:925} INFO - DAG(s) 'example_sensors' retrieved from /home/airflow/.local/lib/python3.12/site-packages/airflow/example_dags/example_sensors.py
[2025-04-19T13:20:39.299+0000] {logging_mixin.py:190} INFO - [2025-04-19T13:20:39.299+0000] {dag.py:3239} INFO - Sync 1 DAGs
[2025-04-19T13:20:39.305+0000] {logging_mixin.py:190} INFO - [2025-04-19T13:20:39.304+0000] {dag.py:4180} INFO - Setting next_dagrun for example_sensors to None, run_after=None
[2025-04-19T13:20:39.311+0000] {processor.py:208} INFO - Processing /home/airflow/.local/lib/python3.12/site-packages/airflow/example_dags/example_sensors.py took 0.030 seconds
[2025-04-19T14:21:40.066+0000] {processor.py:186} INFO - Started process (PID=6522) to work on /home/airflow/.local/lib/python3.12/site-packages/airflow/example_dags/example_sensors.py
[2025-04-19T14:21:40.067+0000] {processor.py:914} INFO - Processing file /home/airflow/.local/lib/python3.12/site-packages/airflow/example_dags/example_sensors.py for tasks to queue
[2025-04-19T14:21:40.068+0000] {logging_mixin.py:190} INFO - [2025-04-19T14:21:40.067+0000] {dagbag.py:588} INFO - Filling up the DagBag from /home/airflow/.local/lib/python3.12/site-packages/airflow/example_dags/example_sensors.py
[2025-04-19T14:21:40.072+0000] {processor.py:925} INFO - DAG(s) 'example_sensors' retrieved from /home/airflow/.local/lib/python3.12/site-packages/airflow/example_dags/example_sensors.py
[2025-04-19T14:21:40.082+0000] {logging_mixin.py:190} INFO - [2025-04-19T14:21:40.082+0000] {dag.py:3239} INFO - Sync 1 DAGs
[2025-04-19T14:21:40.088+0000] {logging_mixin.py:190} INFO - [2025-04-19T14:21:40.088+0000] {dag.py:4180} INFO - Setting next_dagrun for example_sensors to None, run_after=None
[2025-04-19T14:21:40.094+0000] {processor.py:208} INFO - Processing /home/airflow/.local/lib/python3.12/site-packages/airflow/example_dags/example_sensors.py took 0.030 seconds
[2025-04-19T14:25:33.284+0000] {processor.py:186} INFO - Started process (PID=6586) to work on /home/airflow/.local/lib/python3.12/site-packages/airflow/example_dags/example_sensors.py
[2025-04-19T14:25:33.285+0000] {processor.py:914} INFO - Processing file /home/airflow/.local/lib/python3.12/site-packages/airflow/example_dags/example_sensors.py for tasks to queue
[2025-04-19T14:25:33.286+0000] {logging_mixin.py:190} INFO - [2025-04-19T14:25:33.286+0000] {dagbag.py:588} INFO - Filling up the DagBag from /home/airflow/.local/lib/python3.12/site-packages/airflow/example_dags/example_sensors.py
[2025-04-19T14:25:33.291+0000] {processor.py:925} INFO - DAG(s) 'example_sensors' retrieved from /home/airflow/.local/lib/python3.12/site-packages/airflow/example_dags/example_sensors.py
[2025-04-19T14:25:33.301+0000] {logging_mixin.py:190} INFO - [2025-04-19T14:25:33.301+0000] {dag.py:3239} INFO - Sync 1 DAGs
[2025-04-19T14:25:33.306+0000] {logging_mixin.py:190} INFO - [2025-04-19T14:25:33.306+0000] {dag.py:4180} INFO - Setting next_dagrun for example_sensors to None, run_after=None
[2025-04-19T14:25:33.313+0000] {processor.py:208} INFO - Processing /home/airflow/.local/lib/python3.12/site-packages/airflow/example_dags/example_sensors.py took 0.030 seconds
[2025-04-19T15:22:35.648+0000] {processor.py:186} INFO - Started process (PID=6650) to work on /home/airflow/.local/lib/python3.12/site-packages/airflow/example_dags/example_sensors.py
[2025-04-19T15:22:35.648+0000] {processor.py:914} INFO - Processing file /home/airflow/.local/lib/python3.12/site-packages/airflow/example_dags/example_sensors.py for tasks to queue
[2025-04-19T15:22:35.649+0000] {logging_mixin.py:190} INFO - [2025-04-19T15:22:35.649+0000] {dagbag.py:588} INFO - Filling up the DagBag from /home/airflow/.local/lib/python3.12/site-packages/airflow/example_dags/example_sensors.py
[2025-04-19T15:22:35.655+0000] {processor.py:925} INFO - DAG(s) 'example_sensors' retrieved from /home/airflow/.local/lib/python3.12/site-packages/airflow/example_dags/example_sensors.py
[2025-04-19T15:22:35.666+0000] {logging_mixin.py:190} INFO - [2025-04-19T15:22:35.666+0000] {dag.py:3239} INFO - Sync 1 DAGs
[2025-04-19T15:22:35.672+0000] {logging_mixin.py:190} INFO - [2025-04-19T15:22:35.671+0000] {dag.py:4180} INFO - Setting next_dagrun for example_sensors to None, run_after=None
[2025-04-19T15:22:35.679+0000] {processor.py:208} INFO - Processing /home/airflow/.local/lib/python3.12/site-packages/airflow/example_dags/example_sensors.py took 0.034 seconds
[2025-04-19T15:44:01.789+0000] {processor.py:186} INFO - Started process (PID=6714) to work on /home/airflow/.local/lib/python3.12/site-packages/airflow/example_dags/example_sensors.py
[2025-04-19T15:44:01.789+0000] {processor.py:914} INFO - Processing file /home/airflow/.local/lib/python3.12/site-packages/airflow/example_dags/example_sensors.py for tasks to queue
[2025-04-19T15:44:01.791+0000] {logging_mixin.py:190} INFO - [2025-04-19T15:44:01.790+0000] {dagbag.py:588} INFO - Filling up the DagBag from /home/airflow/.local/lib/python3.12/site-packages/airflow/example_dags/example_sensors.py
[2025-04-19T15:44:01.795+0000] {processor.py:925} INFO - DAG(s) 'example_sensors' retrieved from /home/airflow/.local/lib/python3.12/site-packages/airflow/example_dags/example_sensors.py
[2025-04-19T15:44:01.805+0000] {logging_mixin.py:190} INFO - [2025-04-19T15:44:01.805+0000] {dag.py:3239} INFO - Sync 1 DAGs
[2025-04-19T15:44:01.810+0000] {logging_mixin.py:190} INFO - [2025-04-19T15:44:01.810+0000] {dag.py:4180} INFO - Setting next_dagrun for example_sensors to None, run_after=None
[2025-04-19T15:44:01.816+0000] {processor.py:208} INFO - Processing /home/airflow/.local/lib/python3.12/site-packages/airflow/example_dags/example_sensors.py took 0.030 seconds
[2025-04-19T16:23:36.778+0000] {processor.py:186} INFO - Started process (PID=6778) to work on /home/airflow/.local/lib/python3.12/site-packages/airflow/example_dags/example_sensors.py
[2025-04-19T16:23:36.779+0000] {processor.py:914} INFO - Processing file /home/airflow/.local/lib/python3.12/site-packages/airflow/example_dags/example_sensors.py for tasks to queue
[2025-04-19T16:23:36.780+0000] {logging_mixin.py:190} INFO - [2025-04-19T16:23:36.780+0000] {dagbag.py:588} INFO - Filling up the DagBag from /home/airflow/.local/lib/python3.12/site-packages/airflow/example_dags/example_sensors.py
[2025-04-19T16:23:36.785+0000] {processor.py:925} INFO - DAG(s) 'example_sensors' retrieved from /home/airflow/.local/lib/python3.12/site-packages/airflow/example_dags/example_sensors.py
[2025-04-19T16:23:36.796+0000] {logging_mixin.py:190} INFO - [2025-04-19T16:23:36.795+0000] {dag.py:3239} INFO - Sync 1 DAGs
[2025-04-19T16:23:36.801+0000] {logging_mixin.py:190} INFO - [2025-04-19T16:23:36.801+0000] {dag.py:4180} INFO - Setting next_dagrun for example_sensors to None, run_after=None
[2025-04-19T16:23:36.809+0000] {processor.py:208} INFO - Processing /home/airflow/.local/lib/python3.12/site-packages/airflow/example_dags/example_sensors.py took 0.033 seconds
[2025-04-19T16:59:43.224+0000] {processor.py:186} INFO - Started process (PID=6842) to work on /home/airflow/.local/lib/python3.12/site-packages/airflow/example_dags/example_sensors.py
[2025-04-19T16:59:43.225+0000] {processor.py:914} INFO - Processing file /home/airflow/.local/lib/python3.12/site-packages/airflow/example_dags/example_sensors.py for tasks to queue
[2025-04-19T16:59:43.226+0000] {logging_mixin.py:190} INFO - [2025-04-19T16:59:43.226+0000] {dagbag.py:588} INFO - Filling up the DagBag from /home/airflow/.local/lib/python3.12/site-packages/airflow/example_dags/example_sensors.py
[2025-04-19T16:59:43.231+0000] {processor.py:925} INFO - DAG(s) 'example_sensors' retrieved from /home/airflow/.local/lib/python3.12/site-packages/airflow/example_dags/example_sensors.py
[2025-04-19T16:59:43.241+0000] {logging_mixin.py:190} INFO - [2025-04-19T16:59:43.241+0000] {dag.py:3239} INFO - Sync 1 DAGs
[2025-04-19T16:59:43.246+0000] {logging_mixin.py:190} INFO - [2025-04-19T16:59:43.246+0000] {dag.py:4180} INFO - Setting next_dagrun for example_sensors to None, run_after=None
[2025-04-19T16:59:43.253+0000] {processor.py:208} INFO - Processing /home/airflow/.local/lib/python3.12/site-packages/airflow/example_dags/example_sensors.py took 0.031 seconds
[2025-04-19T17:02:35.180+0000] {processor.py:186} INFO - Started process (PID=6906) to work on /home/airflow/.local/lib/python3.12/site-packages/airflow/example_dags/example_sensors.py
[2025-04-19T17:02:35.181+0000] {processor.py:914} INFO - Processing file /home/airflow/.local/lib/python3.12/site-packages/airflow/example_dags/example_sensors.py for tasks to queue
[2025-04-19T17:02:35.182+0000] {logging_mixin.py:190} INFO - [2025-04-19T17:02:35.181+0000] {dagbag.py:588} INFO - Filling up the DagBag from /home/airflow/.local/lib/python3.12/site-packages/airflow/example_dags/example_sensors.py
[2025-04-19T17:02:35.186+0000] {processor.py:925} INFO - DAG(s) 'example_sensors' retrieved from /home/airflow/.local/lib/python3.12/site-packages/airflow/example_dags/example_sensors.py
[2025-04-19T17:02:35.196+0000] {logging_mixin.py:190} INFO - [2025-04-19T17:02:35.196+0000] {dag.py:3239} INFO - Sync 1 DAGs
[2025-04-19T17:02:35.201+0000] {logging_mixin.py:190} INFO - [2025-04-19T17:02:35.201+0000] {dag.py:4180} INFO - Setting next_dagrun for example_sensors to None, run_after=None
[2025-04-19T17:02:35.207+0000] {processor.py:208} INFO - Processing /home/airflow/.local/lib/python3.12/site-packages/airflow/example_dags/example_sensors.py took 0.030 seconds
[2025-04-19T17:24:37.967+0000] {processor.py:186} INFO - Started process (PID=6970) to work on /home/airflow/.local/lib/python3.12/site-packages/airflow/example_dags/example_sensors.py
[2025-04-19T17:24:37.967+0000] {processor.py:914} INFO - Processing file /home/airflow/.local/lib/python3.12/site-packages/airflow/example_dags/example_sensors.py for tasks to queue
[2025-04-19T17:24:37.969+0000] {logging_mixin.py:190} INFO - [2025-04-19T17:24:37.968+0000] {dagbag.py:588} INFO - Filling up the DagBag from /home/airflow/.local/lib/python3.12/site-packages/airflow/example_dags/example_sensors.py
[2025-04-19T17:24:37.974+0000] {processor.py:925} INFO - DAG(s) 'example_sensors' retrieved from /home/airflow/.local/lib/python3.12/site-packages/airflow/example_dags/example_sensors.py
[2025-04-19T17:24:37.986+0000] {logging_mixin.py:190} INFO - [2025-04-19T17:24:37.985+0000] {dag.py:3239} INFO - Sync 1 DAGs
[2025-04-19T17:24:37.992+0000] {logging_mixin.py:190} INFO - [2025-04-19T17:24:37.991+0000] {dag.py:4180} INFO - Setting next_dagrun for example_sensors to None, run_after=None
[2025-04-19T17:24:37.999+0000] {processor.py:208} INFO - Processing /home/airflow/.local/lib/python3.12/site-packages/airflow/example_dags/example_sensors.py took 0.035 seconds
[2025-04-19T17:41:22.892+0000] {processor.py:186} INFO - Started process (PID=7034) to work on /home/airflow/.local/lib/python3.12/site-packages/airflow/example_dags/example_sensors.py
[2025-04-19T17:41:22.892+0000] {processor.py:914} INFO - Processing file /home/airflow/.local/lib/python3.12/site-packages/airflow/example_dags/example_sensors.py for tasks to queue
[2025-04-19T17:41:22.893+0000] {logging_mixin.py:190} INFO - [2025-04-19T17:41:22.893+0000] {dagbag.py:588} INFO - Filling up the DagBag from /home/airflow/.local/lib/python3.12/site-packages/airflow/example_dags/example_sensors.py
[2025-04-19T17:41:22.898+0000] {processor.py:925} INFO - DAG(s) 'example_sensors' retrieved from /home/airflow/.local/lib/python3.12/site-packages/airflow/example_dags/example_sensors.py
[2025-04-19T17:41:22.908+0000] {logging_mixin.py:190} INFO - [2025-04-19T17:41:22.908+0000] {dag.py:3239} INFO - Sync 1 DAGs
[2025-04-19T17:41:22.913+0000] {logging_mixin.py:190} INFO - [2025-04-19T17:41:22.913+0000] {dag.py:4180} INFO - Setting next_dagrun for example_sensors to None, run_after=None
[2025-04-19T17:41:22.919+0000] {processor.py:208} INFO - Processing /home/airflow/.local/lib/python3.12/site-packages/airflow/example_dags/example_sensors.py took 0.029 seconds
[2025-04-19T17:42:56.259+0000] {processor.py:186} INFO - Started process (PID=7098) to work on /home/airflow/.local/lib/python3.12/site-packages/airflow/example_dags/example_sensors.py
[2025-04-19T17:42:56.259+0000] {processor.py:914} INFO - Processing file /home/airflow/.local/lib/python3.12/site-packages/airflow/example_dags/example_sensors.py for tasks to queue
[2025-04-19T17:42:56.260+0000] {logging_mixin.py:190} INFO - [2025-04-19T17:42:56.260+0000] {dagbag.py:588} INFO - Filling up the DagBag from /home/airflow/.local/lib/python3.12/site-packages/airflow/example_dags/example_sensors.py
[2025-04-19T17:42:56.265+0000] {processor.py:925} INFO - DAG(s) 'example_sensors' retrieved from /home/airflow/.local/lib/python3.12/site-packages/airflow/example_dags/example_sensors.py
[2025-04-19T17:42:56.275+0000] {logging_mixin.py:190} INFO - [2025-04-19T17:42:56.275+0000] {dag.py:3239} INFO - Sync 1 DAGs
[2025-04-19T17:42:56.280+0000] {logging_mixin.py:190} INFO - [2025-04-19T17:42:56.280+0000] {dag.py:4180} INFO - Setting next_dagrun for example_sensors to None, run_after=None
[2025-04-19T17:42:56.286+0000] {processor.py:208} INFO - Processing /home/airflow/.local/lib/python3.12/site-packages/airflow/example_dags/example_sensors.py took 0.029 seconds
[2025-04-19T17:55:52.675+0000] {processor.py:186} INFO - Started process (PID=7162) to work on /home/airflow/.local/lib/python3.12/site-packages/airflow/example_dags/example_sensors.py
[2025-04-19T17:55:52.676+0000] {processor.py:914} INFO - Processing file /home/airflow/.local/lib/python3.12/site-packages/airflow/example_dags/example_sensors.py for tasks to queue
[2025-04-19T17:55:52.677+0000] {logging_mixin.py:190} INFO - [2025-04-19T17:55:52.677+0000] {dagbag.py:588} INFO - Filling up the DagBag from /home/airflow/.local/lib/python3.12/site-packages/airflow/example_dags/example_sensors.py
[2025-04-19T17:55:52.682+0000] {processor.py:925} INFO - DAG(s) 'example_sensors' retrieved from /home/airflow/.local/lib/python3.12/site-packages/airflow/example_dags/example_sensors.py
[2025-04-19T17:55:52.692+0000] {logging_mixin.py:190} INFO - [2025-04-19T17:55:52.692+0000] {dag.py:3239} INFO - Sync 1 DAGs
[2025-04-19T17:55:52.697+0000] {logging_mixin.py:190} INFO - [2025-04-19T17:55:52.697+0000] {dag.py:4180} INFO - Setting next_dagrun for example_sensors to None, run_after=None
[2025-04-19T17:55:52.703+0000] {processor.py:208} INFO - Processing /home/airflow/.local/lib/python3.12/site-packages/airflow/example_dags/example_sensors.py took 0.030 seconds
[2025-04-19T17:57:05.180+0000] {processor.py:186} INFO - Started process (PID=7226) to work on /home/airflow/.local/lib/python3.12/site-packages/airflow/example_dags/example_sensors.py
[2025-04-19T17:57:05.181+0000] {processor.py:914} INFO - Processing file /home/airflow/.local/lib/python3.12/site-packages/airflow/example_dags/example_sensors.py for tasks to queue
[2025-04-19T17:57:05.181+0000] {logging_mixin.py:190} INFO - [2025-04-19T17:57:05.181+0000] {dagbag.py:588} INFO - Filling up the DagBag from /home/airflow/.local/lib/python3.12/site-packages/airflow/example_dags/example_sensors.py
[2025-04-19T17:57:05.187+0000] {processor.py:925} INFO - DAG(s) 'example_sensors' retrieved from /home/airflow/.local/lib/python3.12/site-packages/airflow/example_dags/example_sensors.py
[2025-04-19T17:57:05.197+0000] {logging_mixin.py:190} INFO - [2025-04-19T17:57:05.197+0000] {dag.py:3239} INFO - Sync 1 DAGs
[2025-04-19T17:57:05.202+0000] {logging_mixin.py:190} INFO - [2025-04-19T17:57:05.202+0000] {dag.py:4180} INFO - Setting next_dagrun for example_sensors to None, run_after=None
[2025-04-19T17:57:05.208+0000] {processor.py:208} INFO - Processing /home/airflow/.local/lib/python3.12/site-packages/airflow/example_dags/example_sensors.py took 0.031 seconds
[2025-04-19T17:58:29.532+0000] {processor.py:186} INFO - Started process (PID=7290) to work on /home/airflow/.local/lib/python3.12/site-packages/airflow/example_dags/example_sensors.py
[2025-04-19T17:58:29.532+0000] {processor.py:914} INFO - Processing file /home/airflow/.local/lib/python3.12/site-packages/airflow/example_dags/example_sensors.py for tasks to queue
[2025-04-19T17:58:29.533+0000] {logging_mixin.py:190} INFO - [2025-04-19T17:58:29.533+0000] {dagbag.py:588} INFO - Filling up the DagBag from /home/airflow/.local/lib/python3.12/site-packages/airflow/example_dags/example_sensors.py
[2025-04-19T17:58:29.538+0000] {processor.py:925} INFO - DAG(s) 'example_sensors' retrieved from /home/airflow/.local/lib/python3.12/site-packages/airflow/example_dags/example_sensors.py
[2025-04-19T17:58:29.549+0000] {logging_mixin.py:190} INFO - [2025-04-19T17:58:29.549+0000] {dag.py:3239} INFO - Sync 1 DAGs
[2025-04-19T17:58:29.554+0000] {logging_mixin.py:190} INFO - [2025-04-19T17:58:29.554+0000] {dag.py:4180} INFO - Setting next_dagrun for example_sensors to None, run_after=None
[2025-04-19T17:58:29.560+0000] {processor.py:208} INFO - Processing /home/airflow/.local/lib/python3.12/site-packages/airflow/example_dags/example_sensors.py took 0.031 seconds
[2025-04-19T18:59:31.490+0000] {processor.py:186} INFO - Started process (PID=7354) to work on /home/airflow/.local/lib/python3.12/site-packages/airflow/example_dags/example_sensors.py
[2025-04-19T18:59:31.490+0000] {processor.py:914} INFO - Processing file /home/airflow/.local/lib/python3.12/site-packages/airflow/example_dags/example_sensors.py for tasks to queue
[2025-04-19T18:59:31.491+0000] {logging_mixin.py:190} INFO - [2025-04-19T18:59:31.491+0000] {dagbag.py:588} INFO - Filling up the DagBag from /home/airflow/.local/lib/python3.12/site-packages/airflow/example_dags/example_sensors.py
[2025-04-19T18:59:31.495+0000] {processor.py:925} INFO - DAG(s) 'example_sensors' retrieved from /home/airflow/.local/lib/python3.12/site-packages/airflow/example_dags/example_sensors.py
[2025-04-19T18:59:31.505+0000] {logging_mixin.py:190} INFO - [2025-04-19T18:59:31.505+0000] {dag.py:3239} INFO - Sync 1 DAGs
[2025-04-19T18:59:31.511+0000] {logging_mixin.py:190} INFO - [2025-04-19T18:59:31.511+0000] {dag.py:4180} INFO - Setting next_dagrun for example_sensors to None, run_after=None
[2025-04-19T18:59:31.517+0000] {processor.py:208} INFO - Processing /home/airflow/.local/lib/python3.12/site-packages/airflow/example_dags/example_sensors.py took 0.031 seconds
[2025-04-19T19:50:43.508+0000] {processor.py:186} INFO - Started process (PID=7418) to work on /home/airflow/.local/lib/python3.12/site-packages/airflow/example_dags/example_sensors.py
[2025-04-19T19:50:43.511+0000] {processor.py:914} INFO - Processing file /home/airflow/.local/lib/python3.12/site-packages/airflow/example_dags/example_sensors.py for tasks to queue
[2025-04-19T19:50:43.513+0000] {logging_mixin.py:190} INFO - [2025-04-19T19:50:43.513+0000] {dagbag.py:588} INFO - Filling up the DagBag from /home/airflow/.local/lib/python3.12/site-packages/airflow/example_dags/example_sensors.py
[2025-04-19T19:50:43.518+0000] {processor.py:925} INFO - DAG(s) 'example_sensors' retrieved from /home/airflow/.local/lib/python3.12/site-packages/airflow/example_dags/example_sensors.py
[2025-04-19T19:50:43.530+0000] {logging_mixin.py:190} INFO - [2025-04-19T19:50:43.530+0000] {dag.py:3239} INFO - Sync 1 DAGs
[2025-04-19T19:50:43.536+0000] {logging_mixin.py:190} INFO - [2025-04-19T19:50:43.536+0000] {dag.py:4180} INFO - Setting next_dagrun for example_sensors to None, run_after=None
[2025-04-19T19:50:43.543+0000] {processor.py:208} INFO - Processing /home/airflow/.local/lib/python3.12/site-packages/airflow/example_dags/example_sensors.py took 0.038 seconds
[2025-04-19T21:13:36.003+0000] {processor.py:186} INFO - Started process (PID=7482) to work on /home/airflow/.local/lib/python3.12/site-packages/airflow/example_dags/example_sensors.py
[2025-04-19T21:13:36.004+0000] {processor.py:914} INFO - Processing file /home/airflow/.local/lib/python3.12/site-packages/airflow/example_dags/example_sensors.py for tasks to queue
[2025-04-19T21:13:36.005+0000] {logging_mixin.py:190} INFO - [2025-04-19T21:13:36.005+0000] {dagbag.py:588} INFO - Filling up the DagBag from /home/airflow/.local/lib/python3.12/site-packages/airflow/example_dags/example_sensors.py
[2025-04-19T21:13:36.010+0000] {processor.py:925} INFO - DAG(s) 'example_sensors' retrieved from /home/airflow/.local/lib/python3.12/site-packages/airflow/example_dags/example_sensors.py
[2025-04-19T21:13:36.020+0000] {logging_mixin.py:190} INFO - [2025-04-19T21:13:36.020+0000] {dag.py:3239} INFO - Sync 1 DAGs
[2025-04-19T21:13:36.025+0000] {logging_mixin.py:190} INFO - [2025-04-19T21:13:36.025+0000] {dag.py:4180} INFO - Setting next_dagrun for example_sensors to None, run_after=None
[2025-04-19T21:13:36.033+0000] {processor.py:208} INFO - Processing /home/airflow/.local/lib/python3.12/site-packages/airflow/example_dags/example_sensors.py took 0.033 seconds
[2025-04-19T22:34:39.134+0000] {processor.py:186} INFO - Started process (PID=7546) to work on /home/airflow/.local/lib/python3.12/site-packages/airflow/example_dags/example_sensors.py
[2025-04-19T22:34:39.135+0000] {processor.py:914} INFO - Processing file /home/airflow/.local/lib/python3.12/site-packages/airflow/example_dags/example_sensors.py for tasks to queue
[2025-04-19T22:34:39.137+0000] {logging_mixin.py:190} INFO - [2025-04-19T22:34:39.137+0000] {dagbag.py:588} INFO - Filling up the DagBag from /home/airflow/.local/lib/python3.12/site-packages/airflow/example_dags/example_sensors.py
[2025-04-19T22:34:39.146+0000] {processor.py:925} INFO - DAG(s) 'example_sensors' retrieved from /home/airflow/.local/lib/python3.12/site-packages/airflow/example_dags/example_sensors.py
[2025-04-19T22:34:39.170+0000] {logging_mixin.py:190} INFO - [2025-04-19T22:34:39.170+0000] {dag.py:3239} INFO - Sync 1 DAGs
[2025-04-19T22:34:39.180+0000] {logging_mixin.py:190} INFO - [2025-04-19T22:34:39.180+0000] {dag.py:4180} INFO - Setting next_dagrun for example_sensors to None, run_after=None
[2025-04-19T22:34:39.223+0000] {processor.py:208} INFO - Processing /home/airflow/.local/lib/python3.12/site-packages/airflow/example_dags/example_sensors.py took 0.095 seconds
