[2025-04-19T00:13:44.879+0000] {processor.py:186} INFO - Started process (PID=4962) to work on /home/airflow/.local/lib/python3.12/site-packages/airflow/example_dags/tutorial_dag.py
[2025-04-19T00:13:44.880+0000] {processor.py:914} INFO - Processing file /home/airflow/.local/lib/python3.12/site-packages/airflow/example_dags/tutorial_dag.py for tasks to queue
[2025-04-19T00:13:44.881+0000] {logging_mixin.py:190} INFO - [2025-04-19T00:13:44.881+0000] {dagbag.py:588} INFO - Filling up the DagBag from /home/airflow/.local/lib/python3.12/site-packages/airflow/example_dags/tutorial_dag.py
[2025-04-19T00:13:44.885+0000] {processor.py:925} INFO - DAG(s) 'tutorial_dag' retrieved from /home/airflow/.local/lib/python3.12/site-packages/airflow/example_dags/tutorial_dag.py
[2025-04-19T00:13:44.899+0000] {logging_mixin.py:190} INFO - [2025-04-19T00:13:44.899+0000] {dag.py:3239} INFO - Sync 1 DAGs
[2025-04-19T00:13:44.904+0000] {logging_mixin.py:190} INFO - [2025-04-19T00:13:44.904+0000] {dag.py:4180} INFO - Setting next_dagrun for tutorial_dag to None, run_after=None
[2025-04-19T00:13:44.916+0000] {processor.py:208} INFO - Processing /home/airflow/.local/lib/python3.12/site-packages/airflow/example_dags/tutorial_dag.py took 0.040 seconds
[2025-04-19T01:25:54.132+0000] {processor.py:186} INFO - Started process (PID=5026) to work on /home/airflow/.local/lib/python3.12/site-packages/airflow/example_dags/tutorial_dag.py
[2025-04-19T01:25:54.136+0000] {processor.py:914} INFO - Processing file /home/airflow/.local/lib/python3.12/site-packages/airflow/example_dags/tutorial_dag.py for tasks to queue
[2025-04-19T01:25:54.138+0000] {logging_mixin.py:190} INFO - [2025-04-19T01:25:54.138+0000] {dagbag.py:588} INFO - Filling up the DagBag from /home/airflow/.local/lib/python3.12/site-packages/airflow/example_dags/tutorial_dag.py
[2025-04-19T01:25:54.144+0000] {processor.py:925} INFO - DAG(s) 'tutorial_dag' retrieved from /home/airflow/.local/lib/python3.12/site-packages/airflow/example_dags/tutorial_dag.py
[2025-04-19T01:25:54.154+0000] {logging_mixin.py:190} INFO - [2025-04-19T01:25:54.154+0000] {dag.py:3239} INFO - Sync 1 DAGs
[2025-04-19T01:25:54.160+0000] {logging_mixin.py:190} INFO - [2025-04-19T01:25:54.160+0000] {dag.py:4180} INFO - Setting next_dagrun for tutorial_dag to None, run_after=None
[2025-04-19T01:25:54.166+0000] {processor.py:208} INFO - Processing /home/airflow/.local/lib/python3.12/site-packages/airflow/example_dags/tutorial_dag.py took 0.037 seconds
[2025-04-19T02:58:27.428+0000] {processor.py:186} INFO - Started process (PID=5090) to work on /home/airflow/.local/lib/python3.12/site-packages/airflow/example_dags/tutorial_dag.py
[2025-04-19T02:58:27.429+0000] {processor.py:914} INFO - Processing file /home/airflow/.local/lib/python3.12/site-packages/airflow/example_dags/tutorial_dag.py for tasks to queue
[2025-04-19T02:58:27.430+0000] {logging_mixin.py:190} INFO - [2025-04-19T02:58:27.430+0000] {dagbag.py:588} INFO - Filling up the DagBag from /home/airflow/.local/lib/python3.12/site-packages/airflow/example_dags/tutorial_dag.py
[2025-04-19T02:58:27.433+0000] {processor.py:925} INFO - DAG(s) 'tutorial_dag' retrieved from /home/airflow/.local/lib/python3.12/site-packages/airflow/example_dags/tutorial_dag.py
[2025-04-19T02:58:27.441+0000] {logging_mixin.py:190} INFO - [2025-04-19T02:58:27.441+0000] {dag.py:3239} INFO - Sync 1 DAGs
[2025-04-19T02:58:27.448+0000] {logging_mixin.py:190} INFO - [2025-04-19T02:58:27.448+0000] {dag.py:4180} INFO - Setting next_dagrun for tutorial_dag to None, run_after=None
[2025-04-19T02:58:27.457+0000] {processor.py:208} INFO - Processing /home/airflow/.local/lib/python3.12/site-packages/airflow/example_dags/tutorial_dag.py took 0.033 seconds
[2025-04-19T03:59:47.866+0000] {processor.py:186} INFO - Started process (PID=5154) to work on /home/airflow/.local/lib/python3.12/site-packages/airflow/example_dags/tutorial_dag.py
[2025-04-19T03:59:47.866+0000] {processor.py:914} INFO - Processing file /home/airflow/.local/lib/python3.12/site-packages/airflow/example_dags/tutorial_dag.py for tasks to queue
[2025-04-19T03:59:47.870+0000] {logging_mixin.py:190} INFO - [2025-04-19T03:59:47.870+0000] {dagbag.py:588} INFO - Filling up the DagBag from /home/airflow/.local/lib/python3.12/site-packages/airflow/example_dags/tutorial_dag.py
[2025-04-19T03:59:47.875+0000] {processor.py:925} INFO - DAG(s) 'tutorial_dag' retrieved from /home/airflow/.local/lib/python3.12/site-packages/airflow/example_dags/tutorial_dag.py
[2025-04-19T03:59:47.884+0000] {logging_mixin.py:190} INFO - [2025-04-19T03:59:47.884+0000] {dag.py:3239} INFO - Sync 1 DAGs
[2025-04-19T03:59:47.891+0000] {logging_mixin.py:190} INFO - [2025-04-19T03:59:47.891+0000] {dag.py:4180} INFO - Setting next_dagrun for tutorial_dag to None, run_after=None
[2025-04-19T03:59:47.900+0000] {processor.py:208} INFO - Processing /home/airflow/.local/lib/python3.12/site-packages/airflow/example_dags/tutorial_dag.py took 0.037 seconds
[2025-04-19T04:28:53.160+0000] {processor.py:186} INFO - Started process (PID=5218) to work on /home/airflow/.local/lib/python3.12/site-packages/airflow/example_dags/tutorial_dag.py
[2025-04-19T04:28:53.161+0000] {processor.py:914} INFO - Processing file /home/airflow/.local/lib/python3.12/site-packages/airflow/example_dags/tutorial_dag.py for tasks to queue
[2025-04-19T04:28:53.162+0000] {logging_mixin.py:190} INFO - [2025-04-19T04:28:53.162+0000] {dagbag.py:588} INFO - Filling up the DagBag from /home/airflow/.local/lib/python3.12/site-packages/airflow/example_dags/tutorial_dag.py
[2025-04-19T04:28:53.166+0000] {processor.py:925} INFO - DAG(s) 'tutorial_dag' retrieved from /home/airflow/.local/lib/python3.12/site-packages/airflow/example_dags/tutorial_dag.py
[2025-04-19T04:28:53.174+0000] {logging_mixin.py:190} INFO - [2025-04-19T04:28:53.174+0000] {dag.py:3239} INFO - Sync 1 DAGs
[2025-04-19T04:28:53.184+0000] {logging_mixin.py:190} INFO - [2025-04-19T04:28:53.184+0000] {dag.py:4180} INFO - Setting next_dagrun for tutorial_dag to None, run_after=None
[2025-04-19T04:28:53.190+0000] {processor.py:208} INFO - Processing /home/airflow/.local/lib/python3.12/site-packages/airflow/example_dags/tutorial_dag.py took 0.032 seconds
[2025-04-19T06:03:45.489+0000] {processor.py:186} INFO - Started process (PID=5282) to work on /home/airflow/.local/lib/python3.12/site-packages/airflow/example_dags/tutorial_dag.py
[2025-04-19T06:03:45.490+0000] {processor.py:914} INFO - Processing file /home/airflow/.local/lib/python3.12/site-packages/airflow/example_dags/tutorial_dag.py for tasks to queue
[2025-04-19T06:03:45.491+0000] {logging_mixin.py:190} INFO - [2025-04-19T06:03:45.491+0000] {dagbag.py:588} INFO - Filling up the DagBag from /home/airflow/.local/lib/python3.12/site-packages/airflow/example_dags/tutorial_dag.py
[2025-04-19T06:03:45.495+0000] {processor.py:925} INFO - DAG(s) 'tutorial_dag' retrieved from /home/airflow/.local/lib/python3.12/site-packages/airflow/example_dags/tutorial_dag.py
[2025-04-19T06:03:45.506+0000] {logging_mixin.py:190} INFO - [2025-04-19T06:03:45.505+0000] {dag.py:3239} INFO - Sync 1 DAGs
[2025-04-19T06:03:45.511+0000] {logging_mixin.py:190} INFO - [2025-04-19T06:03:45.511+0000] {dag.py:4180} INFO - Setting next_dagrun for tutorial_dag to None, run_after=None
[2025-04-19T06:03:45.518+0000] {processor.py:208} INFO - Processing /home/airflow/.local/lib/python3.12/site-packages/airflow/example_dags/tutorial_dag.py took 0.032 seconds
[2025-04-19T06:47:29.468+0000] {processor.py:186} INFO - Started process (PID=5346) to work on /home/airflow/.local/lib/python3.12/site-packages/airflow/example_dags/tutorial_dag.py
[2025-04-19T06:47:29.468+0000] {processor.py:914} INFO - Processing file /home/airflow/.local/lib/python3.12/site-packages/airflow/example_dags/tutorial_dag.py for tasks to queue
[2025-04-19T06:47:29.469+0000] {logging_mixin.py:190} INFO - [2025-04-19T06:47:29.469+0000] {dagbag.py:588} INFO - Filling up the DagBag from /home/airflow/.local/lib/python3.12/site-packages/airflow/example_dags/tutorial_dag.py
[2025-04-19T06:47:29.473+0000] {processor.py:925} INFO - DAG(s) 'tutorial_dag' retrieved from /home/airflow/.local/lib/python3.12/site-packages/airflow/example_dags/tutorial_dag.py
[2025-04-19T06:47:29.483+0000] {logging_mixin.py:190} INFO - [2025-04-19T06:47:29.483+0000] {dag.py:3239} INFO - Sync 1 DAGs
[2025-04-19T06:47:29.488+0000] {logging_mixin.py:190} INFO - [2025-04-19T06:47:29.488+0000] {dag.py:4180} INFO - Setting next_dagrun for tutorial_dag to None, run_after=None
[2025-04-19T06:47:29.497+0000] {processor.py:208} INFO - Processing /home/airflow/.local/lib/python3.12/site-packages/airflow/example_dags/tutorial_dag.py took 0.032 seconds
[2025-04-19T08:04:01.750+0000] {processor.py:186} INFO - Started process (PID=5410) to work on /home/airflow/.local/lib/python3.12/site-packages/airflow/example_dags/tutorial_dag.py
[2025-04-19T08:04:01.750+0000] {processor.py:914} INFO - Processing file /home/airflow/.local/lib/python3.12/site-packages/airflow/example_dags/tutorial_dag.py for tasks to queue
[2025-04-19T08:04:01.751+0000] {logging_mixin.py:190} INFO - [2025-04-19T08:04:01.751+0000] {dagbag.py:588} INFO - Filling up the DagBag from /home/airflow/.local/lib/python3.12/site-packages/airflow/example_dags/tutorial_dag.py
[2025-04-19T08:04:01.755+0000] {processor.py:925} INFO - DAG(s) 'tutorial_dag' retrieved from /home/airflow/.local/lib/python3.12/site-packages/airflow/example_dags/tutorial_dag.py
[2025-04-19T08:04:01.764+0000] {logging_mixin.py:190} INFO - [2025-04-19T08:04:01.764+0000] {dag.py:3239} INFO - Sync 1 DAGs
[2025-04-19T08:04:01.770+0000] {logging_mixin.py:190} INFO - [2025-04-19T08:04:01.770+0000] {dag.py:4180} INFO - Setting next_dagrun for tutorial_dag to None, run_after=None
[2025-04-19T08:04:01.777+0000] {processor.py:208} INFO - Processing /home/airflow/.local/lib/python3.12/site-packages/airflow/example_dags/tutorial_dag.py took 0.031 seconds
[2025-04-19T08:27:58.183+0000] {processor.py:186} INFO - Started process (PID=5474) to work on /home/airflow/.local/lib/python3.12/site-packages/airflow/example_dags/tutorial_dag.py
[2025-04-19T08:27:58.184+0000] {processor.py:914} INFO - Processing file /home/airflow/.local/lib/python3.12/site-packages/airflow/example_dags/tutorial_dag.py for tasks to queue
[2025-04-19T08:27:58.185+0000] {logging_mixin.py:190} INFO - [2025-04-19T08:27:58.185+0000] {dagbag.py:588} INFO - Filling up the DagBag from /home/airflow/.local/lib/python3.12/site-packages/airflow/example_dags/tutorial_dag.py
[2025-04-19T08:27:58.188+0000] {processor.py:925} INFO - DAG(s) 'tutorial_dag' retrieved from /home/airflow/.local/lib/python3.12/site-packages/airflow/example_dags/tutorial_dag.py
[2025-04-19T08:27:58.197+0000] {logging_mixin.py:190} INFO - [2025-04-19T08:27:58.196+0000] {dag.py:3239} INFO - Sync 1 DAGs
[2025-04-19T08:27:58.202+0000] {logging_mixin.py:190} INFO - [2025-04-19T08:27:58.202+0000] {dag.py:4180} INFO - Setting next_dagrun for tutorial_dag to None, run_after=None
[2025-04-19T08:27:58.208+0000] {processor.py:208} INFO - Processing /home/airflow/.local/lib/python3.12/site-packages/airflow/example_dags/tutorial_dag.py took 0.028 seconds
[2025-04-19T08:29:33.543+0000] {processor.py:186} INFO - Started process (PID=5538) to work on /home/airflow/.local/lib/python3.12/site-packages/airflow/example_dags/tutorial_dag.py
[2025-04-19T08:29:33.544+0000] {processor.py:914} INFO - Processing file /home/airflow/.local/lib/python3.12/site-packages/airflow/example_dags/tutorial_dag.py for tasks to queue
[2025-04-19T08:29:33.545+0000] {logging_mixin.py:190} INFO - [2025-04-19T08:29:33.545+0000] {dagbag.py:588} INFO - Filling up the DagBag from /home/airflow/.local/lib/python3.12/site-packages/airflow/example_dags/tutorial_dag.py
[2025-04-19T08:29:33.549+0000] {processor.py:925} INFO - DAG(s) 'tutorial_dag' retrieved from /home/airflow/.local/lib/python3.12/site-packages/airflow/example_dags/tutorial_dag.py
[2025-04-19T08:29:33.562+0000] {logging_mixin.py:190} INFO - [2025-04-19T08:29:33.562+0000] {dag.py:3239} INFO - Sync 1 DAGs
[2025-04-19T08:29:33.568+0000] {logging_mixin.py:190} INFO - [2025-04-19T08:29:33.567+0000] {dag.py:4180} INFO - Setting next_dagrun for tutorial_dag to None, run_after=None
[2025-04-19T08:29:33.580+0000] {processor.py:208} INFO - Processing /home/airflow/.local/lib/python3.12/site-packages/airflow/example_dags/tutorial_dag.py took 0.039 seconds
[2025-04-19T08:30:30.157+0000] {processor.py:186} INFO - Started process (PID=5602) to work on /home/airflow/.local/lib/python3.12/site-packages/airflow/example_dags/tutorial_dag.py
[2025-04-19T08:30:30.157+0000] {processor.py:914} INFO - Processing file /home/airflow/.local/lib/python3.12/site-packages/airflow/example_dags/tutorial_dag.py for tasks to queue
[2025-04-19T08:30:30.158+0000] {logging_mixin.py:190} INFO - [2025-04-19T08:30:30.158+0000] {dagbag.py:588} INFO - Filling up the DagBag from /home/airflow/.local/lib/python3.12/site-packages/airflow/example_dags/tutorial_dag.py
[2025-04-19T08:30:30.162+0000] {processor.py:925} INFO - DAG(s) 'tutorial_dag' retrieved from /home/airflow/.local/lib/python3.12/site-packages/airflow/example_dags/tutorial_dag.py
[2025-04-19T08:30:30.172+0000] {logging_mixin.py:190} INFO - [2025-04-19T08:30:30.172+0000] {dag.py:3239} INFO - Sync 1 DAGs
[2025-04-19T08:30:30.181+0000] {logging_mixin.py:190} INFO - [2025-04-19T08:30:30.181+0000] {dag.py:4180} INFO - Setting next_dagrun for tutorial_dag to None, run_after=None
[2025-04-19T08:30:30.190+0000] {processor.py:208} INFO - Processing /home/airflow/.local/lib/python3.12/site-packages/airflow/example_dags/tutorial_dag.py took 0.036 seconds
[2025-04-19T08:48:14.825+0000] {processor.py:186} INFO - Started process (PID=5666) to work on /home/airflow/.local/lib/python3.12/site-packages/airflow/example_dags/tutorial_dag.py
[2025-04-19T08:48:14.825+0000] {processor.py:914} INFO - Processing file /home/airflow/.local/lib/python3.12/site-packages/airflow/example_dags/tutorial_dag.py for tasks to queue
[2025-04-19T08:48:14.827+0000] {logging_mixin.py:190} INFO - [2025-04-19T08:48:14.827+0000] {dagbag.py:588} INFO - Filling up the DagBag from /home/airflow/.local/lib/python3.12/site-packages/airflow/example_dags/tutorial_dag.py
[2025-04-19T08:48:14.831+0000] {processor.py:925} INFO - DAG(s) 'tutorial_dag' retrieved from /home/airflow/.local/lib/python3.12/site-packages/airflow/example_dags/tutorial_dag.py
[2025-04-19T08:48:14.842+0000] {logging_mixin.py:190} INFO - [2025-04-19T08:48:14.842+0000] {dag.py:3239} INFO - Sync 1 DAGs
[2025-04-19T08:48:14.848+0000] {logging_mixin.py:190} INFO - [2025-04-19T08:48:14.848+0000] {dag.py:4180} INFO - Setting next_dagrun for tutorial_dag to None, run_after=None
[2025-04-19T08:48:14.855+0000] {processor.py:208} INFO - Processing /home/airflow/.local/lib/python3.12/site-packages/airflow/example_dags/tutorial_dag.py took 0.034 seconds
[2025-04-19T08:59:46.274+0000] {processor.py:186} INFO - Started process (PID=5730) to work on /home/airflow/.local/lib/python3.12/site-packages/airflow/example_dags/tutorial_dag.py
[2025-04-19T08:59:46.275+0000] {processor.py:914} INFO - Processing file /home/airflow/.local/lib/python3.12/site-packages/airflow/example_dags/tutorial_dag.py for tasks to queue
[2025-04-19T08:59:46.276+0000] {logging_mixin.py:190} INFO - [2025-04-19T08:59:46.276+0000] {dagbag.py:588} INFO - Filling up the DagBag from /home/airflow/.local/lib/python3.12/site-packages/airflow/example_dags/tutorial_dag.py
[2025-04-19T08:59:46.280+0000] {processor.py:925} INFO - DAG(s) 'tutorial_dag' retrieved from /home/airflow/.local/lib/python3.12/site-packages/airflow/example_dags/tutorial_dag.py
[2025-04-19T08:59:46.289+0000] {logging_mixin.py:190} INFO - [2025-04-19T08:59:46.289+0000] {dag.py:3239} INFO - Sync 1 DAGs
[2025-04-19T08:59:46.297+0000] {logging_mixin.py:190} INFO - [2025-04-19T08:59:46.297+0000] {dag.py:4180} INFO - Setting next_dagrun for tutorial_dag to None, run_after=None
[2025-04-19T08:59:46.305+0000] {processor.py:208} INFO - Processing /home/airflow/.local/lib/python3.12/site-packages/airflow/example_dags/tutorial_dag.py took 0.034 seconds
[2025-04-19T09:00:27.652+0000] {processor.py:186} INFO - Started process (PID=5794) to work on /home/airflow/.local/lib/python3.12/site-packages/airflow/example_dags/tutorial_dag.py
[2025-04-19T09:00:27.654+0000] {processor.py:914} INFO - Processing file /home/airflow/.local/lib/python3.12/site-packages/airflow/example_dags/tutorial_dag.py for tasks to queue
[2025-04-19T09:00:27.655+0000] {logging_mixin.py:190} INFO - [2025-04-19T09:00:27.655+0000] {dagbag.py:588} INFO - Filling up the DagBag from /home/airflow/.local/lib/python3.12/site-packages/airflow/example_dags/tutorial_dag.py
[2025-04-19T09:00:27.660+0000] {processor.py:925} INFO - DAG(s) 'tutorial_dag' retrieved from /home/airflow/.local/lib/python3.12/site-packages/airflow/example_dags/tutorial_dag.py
[2025-04-19T09:00:27.671+0000] {logging_mixin.py:190} INFO - [2025-04-19T09:00:27.671+0000] {dag.py:3239} INFO - Sync 1 DAGs
[2025-04-19T09:00:27.676+0000] {logging_mixin.py:190} INFO - [2025-04-19T09:00:27.676+0000] {dag.py:4180} INFO - Setting next_dagrun for tutorial_dag to None, run_after=None
[2025-04-19T09:00:27.685+0000] {processor.py:208} INFO - Processing /home/airflow/.local/lib/python3.12/site-packages/airflow/example_dags/tutorial_dag.py took 0.036 seconds
[2025-04-19T09:16:43.764+0000] {processor.py:186} INFO - Started process (PID=5858) to work on /home/airflow/.local/lib/python3.12/site-packages/airflow/example_dags/tutorial_dag.py
[2025-04-19T09:16:43.765+0000] {processor.py:914} INFO - Processing file /home/airflow/.local/lib/python3.12/site-packages/airflow/example_dags/tutorial_dag.py for tasks to queue
[2025-04-19T09:16:43.767+0000] {logging_mixin.py:190} INFO - [2025-04-19T09:16:43.767+0000] {dagbag.py:588} INFO - Filling up the DagBag from /home/airflow/.local/lib/python3.12/site-packages/airflow/example_dags/tutorial_dag.py
[2025-04-19T09:16:43.770+0000] {processor.py:925} INFO - DAG(s) 'tutorial_dag' retrieved from /home/airflow/.local/lib/python3.12/site-packages/airflow/example_dags/tutorial_dag.py
[2025-04-19T09:16:43.778+0000] {logging_mixin.py:190} INFO - [2025-04-19T09:16:43.778+0000] {dag.py:3239} INFO - Sync 1 DAGs
[2025-04-19T09:16:43.790+0000] {logging_mixin.py:190} INFO - [2025-04-19T09:16:43.790+0000] {dag.py:4180} INFO - Setting next_dagrun for tutorial_dag to None, run_after=None
[2025-04-19T09:16:43.797+0000] {processor.py:208} INFO - Processing /home/airflow/.local/lib/python3.12/site-packages/airflow/example_dags/tutorial_dag.py took 0.035 seconds
[2025-04-19T09:17:15.066+0000] {processor.py:186} INFO - Started process (PID=5922) to work on /home/airflow/.local/lib/python3.12/site-packages/airflow/example_dags/tutorial_dag.py
[2025-04-19T09:17:15.067+0000] {processor.py:914} INFO - Processing file /home/airflow/.local/lib/python3.12/site-packages/airflow/example_dags/tutorial_dag.py for tasks to queue
[2025-04-19T09:17:15.068+0000] {logging_mixin.py:190} INFO - [2025-04-19T09:17:15.067+0000] {dagbag.py:588} INFO - Filling up the DagBag from /home/airflow/.local/lib/python3.12/site-packages/airflow/example_dags/tutorial_dag.py
[2025-04-19T09:17:15.071+0000] {processor.py:925} INFO - DAG(s) 'tutorial_dag' retrieved from /home/airflow/.local/lib/python3.12/site-packages/airflow/example_dags/tutorial_dag.py
[2025-04-19T09:17:15.080+0000] {logging_mixin.py:190} INFO - [2025-04-19T09:17:15.080+0000] {dag.py:3239} INFO - Sync 1 DAGs
[2025-04-19T09:17:15.086+0000] {logging_mixin.py:190} INFO - [2025-04-19T09:17:15.086+0000] {dag.py:4180} INFO - Setting next_dagrun for tutorial_dag to None, run_after=None
[2025-04-19T09:17:15.093+0000] {processor.py:208} INFO - Processing /home/airflow/.local/lib/python3.12/site-packages/airflow/example_dags/tutorial_dag.py took 0.030 seconds
[2025-04-19T09:21:01.545+0000] {processor.py:186} INFO - Started process (PID=5986) to work on /home/airflow/.local/lib/python3.12/site-packages/airflow/example_dags/tutorial_dag.py
[2025-04-19T09:21:01.545+0000] {processor.py:914} INFO - Processing file /home/airflow/.local/lib/python3.12/site-packages/airflow/example_dags/tutorial_dag.py for tasks to queue
[2025-04-19T09:21:01.548+0000] {logging_mixin.py:190} INFO - [2025-04-19T09:21:01.548+0000] {dagbag.py:588} INFO - Filling up the DagBag from /home/airflow/.local/lib/python3.12/site-packages/airflow/example_dags/tutorial_dag.py
[2025-04-19T09:21:01.553+0000] {processor.py:925} INFO - DAG(s) 'tutorial_dag' retrieved from /home/airflow/.local/lib/python3.12/site-packages/airflow/example_dags/tutorial_dag.py
[2025-04-19T09:21:01.564+0000] {logging_mixin.py:190} INFO - [2025-04-19T09:21:01.564+0000] {dag.py:3239} INFO - Sync 1 DAGs
[2025-04-19T09:21:01.569+0000] {logging_mixin.py:190} INFO - [2025-04-19T09:21:01.569+0000] {dag.py:4180} INFO - Setting next_dagrun for tutorial_dag to None, run_after=None
[2025-04-19T09:21:01.575+0000] {processor.py:208} INFO - Processing /home/airflow/.local/lib/python3.12/site-packages/airflow/example_dags/tutorial_dag.py took 0.034 seconds
[2025-04-19T09:38:25.375+0000] {processor.py:186} INFO - Started process (PID=6050) to work on /home/airflow/.local/lib/python3.12/site-packages/airflow/example_dags/tutorial_dag.py
[2025-04-19T09:38:25.377+0000] {processor.py:914} INFO - Processing file /home/airflow/.local/lib/python3.12/site-packages/airflow/example_dags/tutorial_dag.py for tasks to queue
[2025-04-19T09:38:25.379+0000] {logging_mixin.py:190} INFO - [2025-04-19T09:38:25.379+0000] {dagbag.py:588} INFO - Filling up the DagBag from /home/airflow/.local/lib/python3.12/site-packages/airflow/example_dags/tutorial_dag.py
[2025-04-19T09:38:25.382+0000] {processor.py:925} INFO - DAG(s) 'tutorial_dag' retrieved from /home/airflow/.local/lib/python3.12/site-packages/airflow/example_dags/tutorial_dag.py
[2025-04-19T09:38:25.390+0000] {logging_mixin.py:190} INFO - [2025-04-19T09:38:25.390+0000] {dag.py:3239} INFO - Sync 1 DAGs
[2025-04-19T09:38:25.396+0000] {logging_mixin.py:190} INFO - [2025-04-19T09:38:25.395+0000] {dag.py:4180} INFO - Setting next_dagrun for tutorial_dag to None, run_after=None
[2025-04-19T09:38:25.404+0000] {processor.py:208} INFO - Processing /home/airflow/.local/lib/python3.12/site-packages/airflow/example_dags/tutorial_dag.py took 0.032 seconds
[2025-04-19T10:40:30.598+0000] {processor.py:186} INFO - Started process (PID=6114) to work on /home/airflow/.local/lib/python3.12/site-packages/airflow/example_dags/tutorial_dag.py
[2025-04-19T10:40:30.599+0000] {processor.py:914} INFO - Processing file /home/airflow/.local/lib/python3.12/site-packages/airflow/example_dags/tutorial_dag.py for tasks to queue
[2025-04-19T10:40:30.600+0000] {logging_mixin.py:190} INFO - [2025-04-19T10:40:30.600+0000] {dagbag.py:588} INFO - Filling up the DagBag from /home/airflow/.local/lib/python3.12/site-packages/airflow/example_dags/tutorial_dag.py
[2025-04-19T10:40:30.604+0000] {processor.py:925} INFO - DAG(s) 'tutorial_dag' retrieved from /home/airflow/.local/lib/python3.12/site-packages/airflow/example_dags/tutorial_dag.py
[2025-04-19T10:40:30.612+0000] {logging_mixin.py:190} INFO - [2025-04-19T10:40:30.612+0000] {dag.py:3239} INFO - Sync 1 DAGs
[2025-04-19T10:40:30.617+0000] {logging_mixin.py:190} INFO - [2025-04-19T10:40:30.617+0000] {dag.py:4180} INFO - Setting next_dagrun for tutorial_dag to None, run_after=None
[2025-04-19T10:40:30.627+0000] {processor.py:208} INFO - Processing /home/airflow/.local/lib/python3.12/site-packages/airflow/example_dags/tutorial_dag.py took 0.031 seconds
[2025-04-19T10:45:03.619+0000] {processor.py:186} INFO - Started process (PID=6178) to work on /home/airflow/.local/lib/python3.12/site-packages/airflow/example_dags/tutorial_dag.py
[2025-04-19T10:45:03.620+0000] {processor.py:914} INFO - Processing file /home/airflow/.local/lib/python3.12/site-packages/airflow/example_dags/tutorial_dag.py for tasks to queue
[2025-04-19T10:45:03.621+0000] {logging_mixin.py:190} INFO - [2025-04-19T10:45:03.621+0000] {dagbag.py:588} INFO - Filling up the DagBag from /home/airflow/.local/lib/python3.12/site-packages/airflow/example_dags/tutorial_dag.py
[2025-04-19T10:45:03.625+0000] {processor.py:925} INFO - DAG(s) 'tutorial_dag' retrieved from /home/airflow/.local/lib/python3.12/site-packages/airflow/example_dags/tutorial_dag.py
[2025-04-19T10:45:03.633+0000] {logging_mixin.py:190} INFO - [2025-04-19T10:45:03.633+0000] {dag.py:3239} INFO - Sync 1 DAGs
[2025-04-19T10:45:03.638+0000] {logging_mixin.py:190} INFO - [2025-04-19T10:45:03.638+0000] {dag.py:4180} INFO - Setting next_dagrun for tutorial_dag to None, run_after=None
[2025-04-19T10:45:03.647+0000] {processor.py:208} INFO - Processing /home/airflow/.local/lib/python3.12/site-packages/airflow/example_dags/tutorial_dag.py took 0.030 seconds
[2025-04-19T11:21:13.437+0000] {processor.py:186} INFO - Started process (PID=6241) to work on /home/airflow/.local/lib/python3.12/site-packages/airflow/example_dags/tutorial_dag.py
[2025-04-19T11:21:13.437+0000] {processor.py:914} INFO - Processing file /home/airflow/.local/lib/python3.12/site-packages/airflow/example_dags/tutorial_dag.py for tasks to queue
[2025-04-19T11:21:13.438+0000] {logging_mixin.py:190} INFO - [2025-04-19T11:21:13.438+0000] {dagbag.py:588} INFO - Filling up the DagBag from /home/airflow/.local/lib/python3.12/site-packages/airflow/example_dags/tutorial_dag.py
[2025-04-19T11:21:13.442+0000] {processor.py:925} INFO - DAG(s) 'tutorial_dag' retrieved from /home/airflow/.local/lib/python3.12/site-packages/airflow/example_dags/tutorial_dag.py
[2025-04-19T11:21:13.450+0000] {logging_mixin.py:190} INFO - [2025-04-19T11:21:13.449+0000] {dag.py:3239} INFO - Sync 1 DAGs
[2025-04-19T11:21:13.455+0000] {logging_mixin.py:190} INFO - [2025-04-19T11:21:13.455+0000] {dag.py:4180} INFO - Setting next_dagrun for tutorial_dag to None, run_after=None
[2025-04-19T11:21:13.461+0000] {processor.py:208} INFO - Processing /home/airflow/.local/lib/python3.12/site-packages/airflow/example_dags/tutorial_dag.py took 0.028 seconds
[2025-04-19T11:59:38.698+0000] {processor.py:186} INFO - Started process (PID=6305) to work on /home/airflow/.local/lib/python3.12/site-packages/airflow/example_dags/tutorial_dag.py
[2025-04-19T11:59:38.701+0000] {processor.py:914} INFO - Processing file /home/airflow/.local/lib/python3.12/site-packages/airflow/example_dags/tutorial_dag.py for tasks to queue
[2025-04-19T11:59:38.702+0000] {logging_mixin.py:190} INFO - [2025-04-19T11:59:38.702+0000] {dagbag.py:588} INFO - Filling up the DagBag from /home/airflow/.local/lib/python3.12/site-packages/airflow/example_dags/tutorial_dag.py
[2025-04-19T11:59:38.706+0000] {processor.py:925} INFO - DAG(s) 'tutorial_dag' retrieved from /home/airflow/.local/lib/python3.12/site-packages/airflow/example_dags/tutorial_dag.py
[2025-04-19T11:59:38.714+0000] {logging_mixin.py:190} INFO - [2025-04-19T11:59:38.714+0000] {dag.py:3239} INFO - Sync 1 DAGs
[2025-04-19T11:59:38.719+0000] {logging_mixin.py:190} INFO - [2025-04-19T11:59:38.719+0000] {dag.py:4180} INFO - Setting next_dagrun for tutorial_dag to None, run_after=None
[2025-04-19T11:59:38.729+0000] {processor.py:208} INFO - Processing /home/airflow/.local/lib/python3.12/site-packages/airflow/example_dags/tutorial_dag.py took 0.033 seconds
[2025-04-19T12:19:42.175+0000] {processor.py:186} INFO - Started process (PID=6369) to work on /home/airflow/.local/lib/python3.12/site-packages/airflow/example_dags/tutorial_dag.py
[2025-04-19T12:19:42.178+0000] {processor.py:914} INFO - Processing file /home/airflow/.local/lib/python3.12/site-packages/airflow/example_dags/tutorial_dag.py for tasks to queue
[2025-04-19T12:19:42.180+0000] {logging_mixin.py:190} INFO - [2025-04-19T12:19:42.179+0000] {dagbag.py:588} INFO - Filling up the DagBag from /home/airflow/.local/lib/python3.12/site-packages/airflow/example_dags/tutorial_dag.py
[2025-04-19T12:19:42.184+0000] {processor.py:925} INFO - DAG(s) 'tutorial_dag' retrieved from /home/airflow/.local/lib/python3.12/site-packages/airflow/example_dags/tutorial_dag.py
[2025-04-19T12:19:42.197+0000] {logging_mixin.py:190} INFO - [2025-04-19T12:19:42.197+0000] {dag.py:3239} INFO - Sync 1 DAGs
[2025-04-19T12:19:42.202+0000] {logging_mixin.py:190} INFO - [2025-04-19T12:19:42.202+0000] {dag.py:4180} INFO - Setting next_dagrun for tutorial_dag to None, run_after=None
[2025-04-19T12:19:42.213+0000] {processor.py:208} INFO - Processing /home/airflow/.local/lib/python3.12/site-packages/airflow/example_dags/tutorial_dag.py took 0.041 seconds
[2025-04-19T13:11:29.030+0000] {processor.py:186} INFO - Started process (PID=6433) to work on /home/airflow/.local/lib/python3.12/site-packages/airflow/example_dags/tutorial_dag.py
[2025-04-19T13:11:29.031+0000] {processor.py:914} INFO - Processing file /home/airflow/.local/lib/python3.12/site-packages/airflow/example_dags/tutorial_dag.py for tasks to queue
[2025-04-19T13:11:29.031+0000] {logging_mixin.py:190} INFO - [2025-04-19T13:11:29.031+0000] {dagbag.py:588} INFO - Filling up the DagBag from /home/airflow/.local/lib/python3.12/site-packages/airflow/example_dags/tutorial_dag.py
[2025-04-19T13:11:29.035+0000] {processor.py:925} INFO - DAG(s) 'tutorial_dag' retrieved from /home/airflow/.local/lib/python3.12/site-packages/airflow/example_dags/tutorial_dag.py
[2025-04-19T13:11:29.044+0000] {logging_mixin.py:190} INFO - [2025-04-19T13:11:29.044+0000] {dag.py:3239} INFO - Sync 1 DAGs
[2025-04-19T13:11:29.049+0000] {logging_mixin.py:190} INFO - [2025-04-19T13:11:29.049+0000] {dag.py:4180} INFO - Setting next_dagrun for tutorial_dag to None, run_after=None
[2025-04-19T13:11:29.058+0000] {processor.py:208} INFO - Processing /home/airflow/.local/lib/python3.12/site-packages/airflow/example_dags/tutorial_dag.py took 0.031 seconds
[2025-04-19T13:20:41.496+0000] {processor.py:186} INFO - Started process (PID=6497) to work on /home/airflow/.local/lib/python3.12/site-packages/airflow/example_dags/tutorial_dag.py
[2025-04-19T13:20:41.496+0000] {processor.py:914} INFO - Processing file /home/airflow/.local/lib/python3.12/site-packages/airflow/example_dags/tutorial_dag.py for tasks to queue
[2025-04-19T13:20:41.497+0000] {logging_mixin.py:190} INFO - [2025-04-19T13:20:41.497+0000] {dagbag.py:588} INFO - Filling up the DagBag from /home/airflow/.local/lib/python3.12/site-packages/airflow/example_dags/tutorial_dag.py
[2025-04-19T13:20:41.502+0000] {processor.py:925} INFO - DAG(s) 'tutorial_dag' retrieved from /home/airflow/.local/lib/python3.12/site-packages/airflow/example_dags/tutorial_dag.py
[2025-04-19T13:20:41.511+0000] {logging_mixin.py:190} INFO - [2025-04-19T13:20:41.511+0000] {dag.py:3239} INFO - Sync 1 DAGs
[2025-04-19T13:20:41.516+0000] {logging_mixin.py:190} INFO - [2025-04-19T13:20:41.516+0000] {dag.py:4180} INFO - Setting next_dagrun for tutorial_dag to None, run_after=None
[2025-04-19T13:20:41.524+0000] {processor.py:208} INFO - Processing /home/airflow/.local/lib/python3.12/site-packages/airflow/example_dags/tutorial_dag.py took 0.031 seconds
[2025-04-19T14:21:42.439+0000] {processor.py:186} INFO - Started process (PID=6561) to work on /home/airflow/.local/lib/python3.12/site-packages/airflow/example_dags/tutorial_dag.py
[2025-04-19T14:21:42.440+0000] {processor.py:914} INFO - Processing file /home/airflow/.local/lib/python3.12/site-packages/airflow/example_dags/tutorial_dag.py for tasks to queue
[2025-04-19T14:21:42.441+0000] {logging_mixin.py:190} INFO - [2025-04-19T14:21:42.441+0000] {dagbag.py:588} INFO - Filling up the DagBag from /home/airflow/.local/lib/python3.12/site-packages/airflow/example_dags/tutorial_dag.py
[2025-04-19T14:21:42.445+0000] {processor.py:925} INFO - DAG(s) 'tutorial_dag' retrieved from /home/airflow/.local/lib/python3.12/site-packages/airflow/example_dags/tutorial_dag.py
[2025-04-19T14:21:42.457+0000] {logging_mixin.py:190} INFO - [2025-04-19T14:21:42.457+0000] {dag.py:3239} INFO - Sync 1 DAGs
[2025-04-19T14:21:42.462+0000] {logging_mixin.py:190} INFO - [2025-04-19T14:21:42.462+0000] {dag.py:4180} INFO - Setting next_dagrun for tutorial_dag to None, run_after=None
[2025-04-19T14:21:42.470+0000] {processor.py:208} INFO - Processing /home/airflow/.local/lib/python3.12/site-packages/airflow/example_dags/tutorial_dag.py took 0.034 seconds
[2025-04-19T14:25:35.539+0000] {processor.py:186} INFO - Started process (PID=6625) to work on /home/airflow/.local/lib/python3.12/site-packages/airflow/example_dags/tutorial_dag.py
[2025-04-19T14:25:35.539+0000] {processor.py:914} INFO - Processing file /home/airflow/.local/lib/python3.12/site-packages/airflow/example_dags/tutorial_dag.py for tasks to queue
[2025-04-19T14:25:35.540+0000] {logging_mixin.py:190} INFO - [2025-04-19T14:25:35.540+0000] {dagbag.py:588} INFO - Filling up the DagBag from /home/airflow/.local/lib/python3.12/site-packages/airflow/example_dags/tutorial_dag.py
[2025-04-19T14:25:35.545+0000] {processor.py:925} INFO - DAG(s) 'tutorial_dag' retrieved from /home/airflow/.local/lib/python3.12/site-packages/airflow/example_dags/tutorial_dag.py
[2025-04-19T14:25:35.556+0000] {logging_mixin.py:190} INFO - [2025-04-19T14:25:35.556+0000] {dag.py:3239} INFO - Sync 1 DAGs
[2025-04-19T14:25:35.562+0000] {logging_mixin.py:190} INFO - [2025-04-19T14:25:35.562+0000] {dag.py:4180} INFO - Setting next_dagrun for tutorial_dag to None, run_after=None
[2025-04-19T14:25:35.575+0000] {processor.py:208} INFO - Processing /home/airflow/.local/lib/python3.12/site-packages/airflow/example_dags/tutorial_dag.py took 0.038 seconds
[2025-04-19T15:22:37.879+0000] {processor.py:186} INFO - Started process (PID=6689) to work on /home/airflow/.local/lib/python3.12/site-packages/airflow/example_dags/tutorial_dag.py
[2025-04-19T15:22:37.880+0000] {processor.py:914} INFO - Processing file /home/airflow/.local/lib/python3.12/site-packages/airflow/example_dags/tutorial_dag.py for tasks to queue
[2025-04-19T15:22:37.881+0000] {logging_mixin.py:190} INFO - [2025-04-19T15:22:37.881+0000] {dagbag.py:588} INFO - Filling up the DagBag from /home/airflow/.local/lib/python3.12/site-packages/airflow/example_dags/tutorial_dag.py
[2025-04-19T15:22:37.885+0000] {processor.py:925} INFO - DAG(s) 'tutorial_dag' retrieved from /home/airflow/.local/lib/python3.12/site-packages/airflow/example_dags/tutorial_dag.py
[2025-04-19T15:22:37.896+0000] {logging_mixin.py:190} INFO - [2025-04-19T15:22:37.896+0000] {dag.py:3239} INFO - Sync 1 DAGs
[2025-04-19T15:22:37.901+0000] {logging_mixin.py:190} INFO - [2025-04-19T15:22:37.901+0000] {dag.py:4180} INFO - Setting next_dagrun for tutorial_dag to None, run_after=None
[2025-04-19T15:22:37.908+0000] {processor.py:208} INFO - Processing /home/airflow/.local/lib/python3.12/site-packages/airflow/example_dags/tutorial_dag.py took 0.032 seconds
[2025-04-19T15:44:04.015+0000] {processor.py:186} INFO - Started process (PID=6753) to work on /home/airflow/.local/lib/python3.12/site-packages/airflow/example_dags/tutorial_dag.py
[2025-04-19T15:44:04.016+0000] {processor.py:914} INFO - Processing file /home/airflow/.local/lib/python3.12/site-packages/airflow/example_dags/tutorial_dag.py for tasks to queue
[2025-04-19T15:44:04.017+0000] {logging_mixin.py:190} INFO - [2025-04-19T15:44:04.017+0000] {dagbag.py:588} INFO - Filling up the DagBag from /home/airflow/.local/lib/python3.12/site-packages/airflow/example_dags/tutorial_dag.py
[2025-04-19T15:44:04.024+0000] {processor.py:925} INFO - DAG(s) 'tutorial_dag' retrieved from /home/airflow/.local/lib/python3.12/site-packages/airflow/example_dags/tutorial_dag.py
[2025-04-19T15:44:04.034+0000] {logging_mixin.py:190} INFO - [2025-04-19T15:44:04.034+0000] {dag.py:3239} INFO - Sync 1 DAGs
[2025-04-19T15:44:04.040+0000] {logging_mixin.py:190} INFO - [2025-04-19T15:44:04.040+0000] {dag.py:4180} INFO - Setting next_dagrun for tutorial_dag to None, run_after=None
[2025-04-19T15:44:04.046+0000] {processor.py:208} INFO - Processing /home/airflow/.local/lib/python3.12/site-packages/airflow/example_dags/tutorial_dag.py took 0.033 seconds
[2025-04-19T16:23:38.992+0000] {processor.py:186} INFO - Started process (PID=6817) to work on /home/airflow/.local/lib/python3.12/site-packages/airflow/example_dags/tutorial_dag.py
[2025-04-19T16:23:38.993+0000] {processor.py:914} INFO - Processing file /home/airflow/.local/lib/python3.12/site-packages/airflow/example_dags/tutorial_dag.py for tasks to queue
[2025-04-19T16:23:38.994+0000] {logging_mixin.py:190} INFO - [2025-04-19T16:23:38.994+0000] {dagbag.py:588} INFO - Filling up the DagBag from /home/airflow/.local/lib/python3.12/site-packages/airflow/example_dags/tutorial_dag.py
[2025-04-19T16:23:38.998+0000] {processor.py:925} INFO - DAG(s) 'tutorial_dag' retrieved from /home/airflow/.local/lib/python3.12/site-packages/airflow/example_dags/tutorial_dag.py
[2025-04-19T16:23:39.006+0000] {logging_mixin.py:190} INFO - [2025-04-19T16:23:39.006+0000] {dag.py:3239} INFO - Sync 1 DAGs
[2025-04-19T16:23:39.013+0000] {logging_mixin.py:190} INFO - [2025-04-19T16:23:39.013+0000] {dag.py:4180} INFO - Setting next_dagrun for tutorial_dag to None, run_after=None
[2025-04-19T16:23:39.029+0000] {processor.py:208} INFO - Processing /home/airflow/.local/lib/python3.12/site-packages/airflow/example_dags/tutorial_dag.py took 0.039 seconds
[2025-04-19T16:59:45.508+0000] {processor.py:186} INFO - Started process (PID=6881) to work on /home/airflow/.local/lib/python3.12/site-packages/airflow/example_dags/tutorial_dag.py
[2025-04-19T16:59:45.512+0000] {processor.py:914} INFO - Processing file /home/airflow/.local/lib/python3.12/site-packages/airflow/example_dags/tutorial_dag.py for tasks to queue
[2025-04-19T16:59:45.513+0000] {logging_mixin.py:190} INFO - [2025-04-19T16:59:45.513+0000] {dagbag.py:588} INFO - Filling up the DagBag from /home/airflow/.local/lib/python3.12/site-packages/airflow/example_dags/tutorial_dag.py
[2025-04-19T16:59:45.517+0000] {processor.py:925} INFO - DAG(s) 'tutorial_dag' retrieved from /home/airflow/.local/lib/python3.12/site-packages/airflow/example_dags/tutorial_dag.py
[2025-04-19T16:59:45.530+0000] {logging_mixin.py:190} INFO - [2025-04-19T16:59:45.530+0000] {dag.py:3239} INFO - Sync 1 DAGs
[2025-04-19T16:59:45.536+0000] {logging_mixin.py:190} INFO - [2025-04-19T16:59:45.536+0000] {dag.py:4180} INFO - Setting next_dagrun for tutorial_dag to None, run_after=None
[2025-04-19T16:59:45.548+0000] {processor.py:208} INFO - Processing /home/airflow/.local/lib/python3.12/site-packages/airflow/example_dags/tutorial_dag.py took 0.042 seconds
[2025-04-19T17:02:37.782+0000] {processor.py:186} INFO - Started process (PID=6945) to work on /home/airflow/.local/lib/python3.12/site-packages/airflow/example_dags/tutorial_dag.py
[2025-04-19T17:02:37.782+0000] {processor.py:914} INFO - Processing file /home/airflow/.local/lib/python3.12/site-packages/airflow/example_dags/tutorial_dag.py for tasks to queue
[2025-04-19T17:02:37.783+0000] {logging_mixin.py:190} INFO - [2025-04-19T17:02:37.783+0000] {dagbag.py:588} INFO - Filling up the DagBag from /home/airflow/.local/lib/python3.12/site-packages/airflow/example_dags/tutorial_dag.py
[2025-04-19T17:02:37.787+0000] {processor.py:925} INFO - DAG(s) 'tutorial_dag' retrieved from /home/airflow/.local/lib/python3.12/site-packages/airflow/example_dags/tutorial_dag.py
[2025-04-19T17:02:37.801+0000] {logging_mixin.py:190} INFO - [2025-04-19T17:02:37.801+0000] {dag.py:3239} INFO - Sync 1 DAGs
[2025-04-19T17:02:37.807+0000] {logging_mixin.py:190} INFO - [2025-04-19T17:02:37.807+0000] {dag.py:4180} INFO - Setting next_dagrun for tutorial_dag to None, run_after=None
[2025-04-19T17:02:37.817+0000] {processor.py:208} INFO - Processing /home/airflow/.local/lib/python3.12/site-packages/airflow/example_dags/tutorial_dag.py took 0.038 seconds
[2025-04-19T17:24:40.423+0000] {processor.py:186} INFO - Started process (PID=7009) to work on /home/airflow/.local/lib/python3.12/site-packages/airflow/example_dags/tutorial_dag.py
[2025-04-19T17:24:40.427+0000] {processor.py:914} INFO - Processing file /home/airflow/.local/lib/python3.12/site-packages/airflow/example_dags/tutorial_dag.py for tasks to queue
[2025-04-19T17:24:40.428+0000] {logging_mixin.py:190} INFO - [2025-04-19T17:24:40.428+0000] {dagbag.py:588} INFO - Filling up the DagBag from /home/airflow/.local/lib/python3.12/site-packages/airflow/example_dags/tutorial_dag.py
[2025-04-19T17:24:40.432+0000] {processor.py:925} INFO - DAG(s) 'tutorial_dag' retrieved from /home/airflow/.local/lib/python3.12/site-packages/airflow/example_dags/tutorial_dag.py
[2025-04-19T17:24:40.443+0000] {logging_mixin.py:190} INFO - [2025-04-19T17:24:40.443+0000] {dag.py:3239} INFO - Sync 1 DAGs
[2025-04-19T17:24:40.450+0000] {logging_mixin.py:190} INFO - [2025-04-19T17:24:40.450+0000] {dag.py:4180} INFO - Setting next_dagrun for tutorial_dag to None, run_after=None
[2025-04-19T17:24:40.463+0000] {processor.py:208} INFO - Processing /home/airflow/.local/lib/python3.12/site-packages/airflow/example_dags/tutorial_dag.py took 0.043 seconds
[2025-04-19T17:41:25.159+0000] {processor.py:186} INFO - Started process (PID=7073) to work on /home/airflow/.local/lib/python3.12/site-packages/airflow/example_dags/tutorial_dag.py
[2025-04-19T17:41:25.160+0000] {processor.py:914} INFO - Processing file /home/airflow/.local/lib/python3.12/site-packages/airflow/example_dags/tutorial_dag.py for tasks to queue
[2025-04-19T17:41:25.161+0000] {logging_mixin.py:190} INFO - [2025-04-19T17:41:25.161+0000] {dagbag.py:588} INFO - Filling up the DagBag from /home/airflow/.local/lib/python3.12/site-packages/airflow/example_dags/tutorial_dag.py
[2025-04-19T17:41:25.165+0000] {processor.py:925} INFO - DAG(s) 'tutorial_dag' retrieved from /home/airflow/.local/lib/python3.12/site-packages/airflow/example_dags/tutorial_dag.py
[2025-04-19T17:41:25.174+0000] {logging_mixin.py:190} INFO - [2025-04-19T17:41:25.174+0000] {dag.py:3239} INFO - Sync 1 DAGs
[2025-04-19T17:41:25.182+0000] {logging_mixin.py:190} INFO - [2025-04-19T17:41:25.182+0000] {dag.py:4180} INFO - Setting next_dagrun for tutorial_dag to None, run_after=None
[2025-04-19T17:41:25.193+0000] {processor.py:208} INFO - Processing /home/airflow/.local/lib/python3.12/site-packages/airflow/example_dags/tutorial_dag.py took 0.037 seconds
[2025-04-19T17:42:58.436+0000] {processor.py:186} INFO - Started process (PID=7137) to work on /home/airflow/.local/lib/python3.12/site-packages/airflow/example_dags/tutorial_dag.py
[2025-04-19T17:42:58.437+0000] {processor.py:914} INFO - Processing file /home/airflow/.local/lib/python3.12/site-packages/airflow/example_dags/tutorial_dag.py for tasks to queue
[2025-04-19T17:42:58.438+0000] {logging_mixin.py:190} INFO - [2025-04-19T17:42:58.438+0000] {dagbag.py:588} INFO - Filling up the DagBag from /home/airflow/.local/lib/python3.12/site-packages/airflow/example_dags/tutorial_dag.py
[2025-04-19T17:42:58.442+0000] {processor.py:925} INFO - DAG(s) 'tutorial_dag' retrieved from /home/airflow/.local/lib/python3.12/site-packages/airflow/example_dags/tutorial_dag.py
[2025-04-19T17:42:58.451+0000] {logging_mixin.py:190} INFO - [2025-04-19T17:42:58.450+0000] {dag.py:3239} INFO - Sync 1 DAGs
[2025-04-19T17:42:58.457+0000] {logging_mixin.py:190} INFO - [2025-04-19T17:42:58.456+0000] {dag.py:4180} INFO - Setting next_dagrun for tutorial_dag to None, run_after=None
[2025-04-19T17:42:58.468+0000] {processor.py:208} INFO - Processing /home/airflow/.local/lib/python3.12/site-packages/airflow/example_dags/tutorial_dag.py took 0.035 seconds
[2025-04-19T17:55:54.843+0000] {processor.py:186} INFO - Started process (PID=7201) to work on /home/airflow/.local/lib/python3.12/site-packages/airflow/example_dags/tutorial_dag.py
[2025-04-19T17:55:54.844+0000] {processor.py:914} INFO - Processing file /home/airflow/.local/lib/python3.12/site-packages/airflow/example_dags/tutorial_dag.py for tasks to queue
[2025-04-19T17:55:54.845+0000] {logging_mixin.py:190} INFO - [2025-04-19T17:55:54.845+0000] {dagbag.py:588} INFO - Filling up the DagBag from /home/airflow/.local/lib/python3.12/site-packages/airflow/example_dags/tutorial_dag.py
[2025-04-19T17:55:54.848+0000] {processor.py:925} INFO - DAG(s) 'tutorial_dag' retrieved from /home/airflow/.local/lib/python3.12/site-packages/airflow/example_dags/tutorial_dag.py
[2025-04-19T17:55:54.859+0000] {logging_mixin.py:190} INFO - [2025-04-19T17:55:54.859+0000] {dag.py:3239} INFO - Sync 1 DAGs
[2025-04-19T17:55:54.864+0000] {logging_mixin.py:190} INFO - [2025-04-19T17:55:54.864+0000] {dag.py:4180} INFO - Setting next_dagrun for tutorial_dag to None, run_after=None
[2025-04-19T17:55:54.871+0000] {processor.py:208} INFO - Processing /home/airflow/.local/lib/python3.12/site-packages/airflow/example_dags/tutorial_dag.py took 0.031 seconds
[2025-04-19T17:57:07.457+0000] {processor.py:186} INFO - Started process (PID=7265) to work on /home/airflow/.local/lib/python3.12/site-packages/airflow/example_dags/tutorial_dag.py
[2025-04-19T17:57:07.458+0000] {processor.py:914} INFO - Processing file /home/airflow/.local/lib/python3.12/site-packages/airflow/example_dags/tutorial_dag.py for tasks to queue
[2025-04-19T17:57:07.459+0000] {logging_mixin.py:190} INFO - [2025-04-19T17:57:07.459+0000] {dagbag.py:588} INFO - Filling up the DagBag from /home/airflow/.local/lib/python3.12/site-packages/airflow/example_dags/tutorial_dag.py
[2025-04-19T17:57:07.463+0000] {processor.py:925} INFO - DAG(s) 'tutorial_dag' retrieved from /home/airflow/.local/lib/python3.12/site-packages/airflow/example_dags/tutorial_dag.py
[2025-04-19T17:57:07.472+0000] {logging_mixin.py:190} INFO - [2025-04-19T17:57:07.472+0000] {dag.py:3239} INFO - Sync 1 DAGs
[2025-04-19T17:57:07.478+0000] {logging_mixin.py:190} INFO - [2025-04-19T17:57:07.478+0000] {dag.py:4180} INFO - Setting next_dagrun for tutorial_dag to None, run_after=None
[2025-04-19T17:57:07.486+0000] {processor.py:208} INFO - Processing /home/airflow/.local/lib/python3.12/site-packages/airflow/example_dags/tutorial_dag.py took 0.031 seconds
[2025-04-19T17:58:32.267+0000] {processor.py:186} INFO - Started process (PID=7329) to work on /home/airflow/.local/lib/python3.12/site-packages/airflow/example_dags/tutorial_dag.py
[2025-04-19T17:58:32.268+0000] {processor.py:914} INFO - Processing file /home/airflow/.local/lib/python3.12/site-packages/airflow/example_dags/tutorial_dag.py for tasks to queue
[2025-04-19T17:58:32.269+0000] {logging_mixin.py:190} INFO - [2025-04-19T17:58:32.268+0000] {dagbag.py:588} INFO - Filling up the DagBag from /home/airflow/.local/lib/python3.12/site-packages/airflow/example_dags/tutorial_dag.py
[2025-04-19T17:58:32.272+0000] {processor.py:925} INFO - DAG(s) 'tutorial_dag' retrieved from /home/airflow/.local/lib/python3.12/site-packages/airflow/example_dags/tutorial_dag.py
[2025-04-19T17:58:32.282+0000] {logging_mixin.py:190} INFO - [2025-04-19T17:58:32.282+0000] {dag.py:3239} INFO - Sync 1 DAGs
[2025-04-19T17:58:32.287+0000] {logging_mixin.py:190} INFO - [2025-04-19T17:58:32.287+0000] {dag.py:4180} INFO - Setting next_dagrun for tutorial_dag to None, run_after=None
[2025-04-19T17:58:32.300+0000] {processor.py:208} INFO - Processing /home/airflow/.local/lib/python3.12/site-packages/airflow/example_dags/tutorial_dag.py took 0.035 seconds
[2025-04-19T18:59:33.411+0000] {processor.py:186} INFO - Started process (PID=7393) to work on /home/airflow/.local/lib/python3.12/site-packages/airflow/example_dags/tutorial_dag.py
[2025-04-19T18:59:33.412+0000] {processor.py:914} INFO - Processing file /home/airflow/.local/lib/python3.12/site-packages/airflow/example_dags/tutorial_dag.py for tasks to queue
[2025-04-19T18:59:33.413+0000] {logging_mixin.py:190} INFO - [2025-04-19T18:59:33.413+0000] {dagbag.py:588} INFO - Filling up the DagBag from /home/airflow/.local/lib/python3.12/site-packages/airflow/example_dags/tutorial_dag.py
[2025-04-19T18:59:33.416+0000] {processor.py:925} INFO - DAG(s) 'tutorial_dag' retrieved from /home/airflow/.local/lib/python3.12/site-packages/airflow/example_dags/tutorial_dag.py
[2025-04-19T18:59:33.425+0000] {logging_mixin.py:190} INFO - [2025-04-19T18:59:33.425+0000] {dag.py:3239} INFO - Sync 1 DAGs
[2025-04-19T18:59:33.430+0000] {logging_mixin.py:190} INFO - [2025-04-19T18:59:33.430+0000] {dag.py:4180} INFO - Setting next_dagrun for tutorial_dag to None, run_after=None
[2025-04-19T18:59:33.438+0000] {processor.py:208} INFO - Processing /home/airflow/.local/lib/python3.12/site-packages/airflow/example_dags/tutorial_dag.py took 0.030 seconds
[2025-04-19T19:50:45.597+0000] {processor.py:186} INFO - Started process (PID=7457) to work on /home/airflow/.local/lib/python3.12/site-packages/airflow/example_dags/tutorial_dag.py
[2025-04-19T19:50:45.598+0000] {processor.py:914} INFO - Processing file /home/airflow/.local/lib/python3.12/site-packages/airflow/example_dags/tutorial_dag.py for tasks to queue
[2025-04-19T19:50:45.599+0000] {logging_mixin.py:190} INFO - [2025-04-19T19:50:45.599+0000] {dagbag.py:588} INFO - Filling up the DagBag from /home/airflow/.local/lib/python3.12/site-packages/airflow/example_dags/tutorial_dag.py
[2025-04-19T19:50:45.602+0000] {processor.py:925} INFO - DAG(s) 'tutorial_dag' retrieved from /home/airflow/.local/lib/python3.12/site-packages/airflow/example_dags/tutorial_dag.py
[2025-04-19T19:50:45.612+0000] {logging_mixin.py:190} INFO - [2025-04-19T19:50:45.612+0000] {dag.py:3239} INFO - Sync 1 DAGs
[2025-04-19T19:50:45.617+0000] {logging_mixin.py:190} INFO - [2025-04-19T19:50:45.617+0000] {dag.py:4180} INFO - Setting next_dagrun for tutorial_dag to None, run_after=None
[2025-04-19T19:50:45.624+0000] {processor.py:208} INFO - Processing /home/airflow/.local/lib/python3.12/site-packages/airflow/example_dags/tutorial_dag.py took 0.029 seconds
[2025-04-19T21:13:38.641+0000] {processor.py:186} INFO - Started process (PID=7521) to work on /home/airflow/.local/lib/python3.12/site-packages/airflow/example_dags/tutorial_dag.py
[2025-04-19T21:13:38.642+0000] {processor.py:914} INFO - Processing file /home/airflow/.local/lib/python3.12/site-packages/airflow/example_dags/tutorial_dag.py for tasks to queue
[2025-04-19T21:13:38.643+0000] {logging_mixin.py:190} INFO - [2025-04-19T21:13:38.643+0000] {dagbag.py:588} INFO - Filling up the DagBag from /home/airflow/.local/lib/python3.12/site-packages/airflow/example_dags/tutorial_dag.py
[2025-04-19T21:13:38.646+0000] {processor.py:925} INFO - DAG(s) 'tutorial_dag' retrieved from /home/airflow/.local/lib/python3.12/site-packages/airflow/example_dags/tutorial_dag.py
[2025-04-19T21:13:38.654+0000] {logging_mixin.py:190} INFO - [2025-04-19T21:13:38.654+0000] {dag.py:3239} INFO - Sync 1 DAGs
[2025-04-19T21:13:38.659+0000] {logging_mixin.py:190} INFO - [2025-04-19T21:13:38.659+0000] {dag.py:4180} INFO - Setting next_dagrun for tutorial_dag to None, run_after=None
[2025-04-19T21:13:38.665+0000] {processor.py:208} INFO - Processing /home/airflow/.local/lib/python3.12/site-packages/airflow/example_dags/tutorial_dag.py took 0.027 seconds
[2025-04-19T22:34:41.288+0000] {processor.py:186} INFO - Started process (PID=7585) to work on /home/airflow/.local/lib/python3.12/site-packages/airflow/example_dags/tutorial_dag.py
[2025-04-19T22:34:41.289+0000] {processor.py:914} INFO - Processing file /home/airflow/.local/lib/python3.12/site-packages/airflow/example_dags/tutorial_dag.py for tasks to queue
[2025-04-19T22:34:41.290+0000] {logging_mixin.py:190} INFO - [2025-04-19T22:34:41.290+0000] {dagbag.py:588} INFO - Filling up the DagBag from /home/airflow/.local/lib/python3.12/site-packages/airflow/example_dags/tutorial_dag.py
[2025-04-19T22:34:41.294+0000] {processor.py:925} INFO - DAG(s) 'tutorial_dag' retrieved from /home/airflow/.local/lib/python3.12/site-packages/airflow/example_dags/tutorial_dag.py
[2025-04-19T22:34:41.306+0000] {logging_mixin.py:190} INFO - [2025-04-19T22:34:41.304+0000] {dag.py:3239} INFO - Sync 1 DAGs
[2025-04-19T22:34:41.314+0000] {logging_mixin.py:190} INFO - [2025-04-19T22:34:41.314+0000] {dag.py:4180} INFO - Setting next_dagrun for tutorial_dag to None, run_after=None
[2025-04-19T22:34:41.324+0000] {processor.py:208} INFO - Processing /home/airflow/.local/lib/python3.12/site-packages/airflow/example_dags/tutorial_dag.py took 0.038 seconds
