2025-03-31 15:26:54,652 - INFO - <BrokerConnection client_id=kafka-python-2.1.4, node_id=bootstrap-0 host=localhost:9092 <connecting> [IPv6 ('::1', 9092, 0, 0)]>: connecting to localhost:9092 [('::1', 9092, 0, 0) IPv6]
2025-03-31 15:26:54,672 - INFO - <BrokerConnection client_id=kafka-python-2.1.4, node_id=bootstrap-0 host=localhost:9092 <checking_api_versions_recv> [IPv6 ('::1', 9092, 0, 0)]>: Broker version identified as 2.6
2025-03-31 15:26:54,673 - INFO - <BrokerConnection client_id=kafka-python-2.1.4, node_id=bootstrap-0 host=localhost:9092 <connected> [IPv6 ('::1', 9092, 0, 0)]>: Connection complete.
2025-03-31 15:26:54,673 - WARNING - group_id is None: disabling auto-commit.
2025-03-31 15:26:54,673 - INFO - Updating subscribed topics to: ('user_interactions',)
2025-03-31 15:26:54,673 - INFO - Kafka consumer started, listening to 'user_interactions' topic...
2025-03-31 15:26:54,683 - INFO - Updated partition assignment: [TopicPartition(topic='user_interactions', partition=0)]
2025-03-31 15:26:54,684 - INFO - <BrokerConnection client_id=kafka-python-2.1.4, node_id=1 host=localhost:9092 <connecting> [IPv6 ('::1', 9092, 0, 0)]>: connecting to localhost:9092 [('::1', 9092, 0, 0) IPv6]
2025-03-31 15:26:54,790 - INFO - <BrokerConnection client_id=kafka-python-2.1.4, node_id=1 host=localhost:9092 <connected> [IPv6 ('::1', 9092, 0, 0)]>: Connection complete.
2025-03-31 15:26:54,790 - INFO - <BrokerConnection client_id=kafka-python-2.1.4, node_id=bootstrap-0 host=localhost:9092 <connected> [IPv6 ('::1', 9092, 0, 0)]>: Closing connection. 
2025-03-31 15:35:58,050 - INFO - <BrokerConnection client_id=kafka-python-2.1.4, node_id=bootstrap-0 host=localhost:9092 <connecting> [IPv6 ('::1', 9092, 0, 0)]>: connecting to localhost:9092 [('::1', 9092, 0, 0) IPv6]
2025-03-31 15:35:58,051 - ERROR - <BrokerConnection client_id=kafka-python-2.1.4, node_id=bootstrap-0 host=localhost:9092 <checking_api_versions_recv> [IPv6 ('::1', 9092, 0, 0)]>: Error receiving network data closing socket
Traceback (most recent call last):
  File "/Users/jacky/anaconda3/lib/python3.11/site-packages/kafka/conn.py", line 1146, in _recv
    data = self._sock.recv(self.config['sock_chunk_bytes'])
           ^^^^^^^^^^^^^^^^^^^^^^^^^^^^^^^^^^^^^^^^^^^^^^^^
ConnectionResetError: [Errno 54] Connection reset by peer
2025-03-31 15:35:58,052 - ERROR - <BrokerConnection client_id=kafka-python-2.1.4, node_id=bootstrap-0 host=localhost:9092 <checking_api_versions_recv> [IPv6 ('::1', 9092, 0, 0)]>: Closing connection. KafkaConnectionError: [Errno 54] Connection reset by peer
2025-03-31 15:35:58,052 - INFO - <BrokerConnection client_id=kafka-python-2.1.4, node_id=bootstrap-0 host=localhost:9092 <connecting> [IPv4 ('127.0.0.1', 9092)]>: connecting to localhost:9092 [('127.0.0.1', 9092) IPv4]
2025-03-31 15:35:58,052 - ERROR - <BrokerConnection client_id=kafka-python-2.1.4, node_id=bootstrap-0 host=localhost:9092 <checking_api_versions_recv> [IPv4 ('127.0.0.1', 9092)]>: Error receiving network data closing socket
Traceback (most recent call last):
  File "/Users/jacky/anaconda3/lib/python3.11/site-packages/kafka/conn.py", line 1146, in _recv
    data = self._sock.recv(self.config['sock_chunk_bytes'])
           ^^^^^^^^^^^^^^^^^^^^^^^^^^^^^^^^^^^^^^^^^^^^^^^^
ConnectionResetError: [Errno 54] Connection reset by peer
2025-03-31 15:35:58,052 - ERROR - <BrokerConnection client_id=kafka-python-2.1.4, node_id=bootstrap-0 host=localhost:9092 <checking_api_versions_recv> [IPv4 ('127.0.0.1', 9092)]>: Closing connection. KafkaConnectionError: [Errno 54] Connection reset by peer
2025-03-31 15:35:58,052 - WARNING - No node available during check_version; sleeping 0.04 secs
2025-03-31 15:35:58,094 - INFO - <BrokerConnection client_id=kafka-python-2.1.4, node_id=bootstrap-0 host=localhost:9092 <connecting> [IPv6 ('::1', 9092, 0, 0)]>: connecting to localhost:9092 [('::1', 9092, 0, 0) IPv6]
2025-03-31 15:35:58,094 - ERROR - <BrokerConnection client_id=kafka-python-2.1.4, node_id=bootstrap-0 host=localhost:9092 <checking_api_versions_recv> [IPv6 ('::1', 9092, 0, 0)]>: Error receiving network data closing socket
Traceback (most recent call last):
  File "/Users/jacky/anaconda3/lib/python3.11/site-packages/kafka/conn.py", line 1146, in _recv
    data = self._sock.recv(self.config['sock_chunk_bytes'])
           ^^^^^^^^^^^^^^^^^^^^^^^^^^^^^^^^^^^^^^^^^^^^^^^^
ConnectionResetError: [Errno 54] Connection reset by peer
2025-03-31 15:35:58,095 - ERROR - <BrokerConnection client_id=kafka-python-2.1.4, node_id=bootstrap-0 host=localhost:9092 <checking_api_versions_recv> [IPv6 ('::1', 9092, 0, 0)]>: Closing connection. KafkaConnectionError: [Errno 54] Connection reset by peer
2025-03-31 15:35:58,095 - INFO - <BrokerConnection client_id=kafka-python-2.1.4, node_id=bootstrap-0 host=localhost:9092 <connecting> [IPv4 ('127.0.0.1', 9092)]>: connecting to localhost:9092 [('127.0.0.1', 9092) IPv4]
2025-03-31 15:35:58,095 - ERROR - <BrokerConnection client_id=kafka-python-2.1.4, node_id=bootstrap-0 host=localhost:9092 <checking_api_versions_recv> [IPv4 ('127.0.0.1', 9092)]>: Error receiving network data closing socket
Traceback (most recent call last):
  File "/Users/jacky/anaconda3/lib/python3.11/site-packages/kafka/conn.py", line 1146, in _recv
    data = self._sock.recv(self.config['sock_chunk_bytes'])
           ^^^^^^^^^^^^^^^^^^^^^^^^^^^^^^^^^^^^^^^^^^^^^^^^
ConnectionResetError: [Errno 54] Connection reset by peer
2025-03-31 15:35:58,096 - ERROR - <BrokerConnection client_id=kafka-python-2.1.4, node_id=bootstrap-0 host=localhost:9092 <checking_api_versions_recv> [IPv4 ('127.0.0.1', 9092)]>: Closing connection. KafkaConnectionError: [Errno 54] Connection reset by peer
2025-03-31 15:35:58,096 - WARNING - No node available during check_version; sleeping 0.09 secs
2025-03-31 15:35:58,185 - INFO - <BrokerConnection client_id=kafka-python-2.1.4, node_id=bootstrap-0 host=localhost:9092 <connecting> [IPv6 ('::1', 9092, 0, 0)]>: connecting to localhost:9092 [('::1', 9092, 0, 0) IPv6]
2025-03-31 15:35:58,185 - ERROR - <BrokerConnection client_id=kafka-python-2.1.4, node_id=bootstrap-0 host=localhost:9092 <checking_api_versions_recv> [IPv6 ('::1', 9092, 0, 0)]>: Error receiving network data closing socket
Traceback (most recent call last):
  File "/Users/jacky/anaconda3/lib/python3.11/site-packages/kafka/conn.py", line 1146, in _recv
    data = self._sock.recv(self.config['sock_chunk_bytes'])
           ^^^^^^^^^^^^^^^^^^^^^^^^^^^^^^^^^^^^^^^^^^^^^^^^
ConnectionResetError: [Errno 54] Connection reset by peer
2025-03-31 15:35:58,186 - ERROR - <BrokerConnection client_id=kafka-python-2.1.4, node_id=bootstrap-0 host=localhost:9092 <checking_api_versions_recv> [IPv6 ('::1', 9092, 0, 0)]>: Closing connection. KafkaConnectionError: [Errno 54] Connection reset by peer
2025-03-31 15:35:58,186 - INFO - <BrokerConnection client_id=kafka-python-2.1.4, node_id=bootstrap-0 host=localhost:9092 <connecting> [IPv4 ('127.0.0.1', 9092)]>: connecting to localhost:9092 [('127.0.0.1', 9092) IPv4]
2025-03-31 15:35:58,186 - ERROR - <BrokerConnection client_id=kafka-python-2.1.4, node_id=bootstrap-0 host=localhost:9092 <checking_api_versions_send> [IPv4 ('127.0.0.1', 9092)]>: Closing connection. KafkaConnectionError: Unable to determine broker version.
2025-03-31 15:35:58,186 - WARNING - No node available during check_version; sleeping 0.24 secs
2025-03-31 15:35:58,426 - INFO - <BrokerConnection client_id=kafka-python-2.1.4, node_id=bootstrap-0 host=localhost:9092 <connecting> [IPv6 ('::1', 9092, 0, 0)]>: connecting to localhost:9092 [('::1', 9092, 0, 0) IPv6]
2025-03-31 15:35:58,427 - ERROR - <BrokerConnection client_id=kafka-python-2.1.4, node_id=bootstrap-0 host=localhost:9092 <checking_api_versions_send> [IPv6 ('::1', 9092, 0, 0)]>: Closing connection. KafkaConnectionError: Unable to determine broker version.
2025-03-31 15:35:58,428 - INFO - <BrokerConnection client_id=kafka-python-2.1.4, node_id=bootstrap-0 host=localhost:9092 <connecting> [IPv4 ('127.0.0.1', 9092)]>: connecting to localhost:9092 [('127.0.0.1', 9092) IPv4]
2025-03-31 15:35:58,428 - ERROR - <BrokerConnection client_id=kafka-python-2.1.4, node_id=bootstrap-0 host=localhost:9092 <checking_api_versions_send> [IPv4 ('127.0.0.1', 9092)]>: Closing connection. KafkaConnectionError: Unable to determine broker version.
2025-03-31 15:35:58,428 - WARNING - No node available during check_version; sleeping 0.32 secs
2025-03-31 15:35:58,756 - INFO - <BrokerConnection client_id=kafka-python-2.1.4, node_id=bootstrap-0 host=localhost:9092 <connecting> [IPv6 ('::1', 9092, 0, 0)]>: connecting to localhost:9092 [('::1', 9092, 0, 0) IPv6]
2025-03-31 15:35:58,757 - ERROR - <BrokerConnection client_id=kafka-python-2.1.4, node_id=bootstrap-0 host=localhost:9092 <checking_api_versions_send> [IPv6 ('::1', 9092, 0, 0)]>: Closing connection. KafkaConnectionError: Unable to determine broker version.
2025-03-31 15:35:58,758 - INFO - <BrokerConnection client_id=kafka-python-2.1.4, node_id=bootstrap-0 host=localhost:9092 <connecting> [IPv4 ('127.0.0.1', 9092)]>: connecting to localhost:9092 [('127.0.0.1', 9092) IPv4]
2025-03-31 15:35:58,758 - ERROR - <BrokerConnection client_id=kafka-python-2.1.4, node_id=bootstrap-0 host=localhost:9092 <checking_api_versions_send> [IPv4 ('127.0.0.1', 9092)]>: Closing connection. KafkaConnectionError: Unable to determine broker version.
2025-03-31 15:35:58,758 - WARNING - No node available during check_version; sleeping 0.65 secs
2025-03-31 15:35:59,418 - INFO - <BrokerConnection client_id=kafka-python-2.1.4, node_id=bootstrap-0 host=localhost:9092 <connecting> [IPv6 ('::1', 9092, 0, 0)]>: connecting to localhost:9092 [('::1', 9092, 0, 0) IPv6]
2025-03-31 15:35:59,419 - ERROR - <BrokerConnection client_id=kafka-python-2.1.4, node_id=bootstrap-0 host=localhost:9092 <checking_api_versions_send> [IPv6 ('::1', 9092, 0, 0)]>: Closing connection. KafkaConnectionError: Unable to determine broker version.
2025-03-31 15:35:59,419 - INFO - <BrokerConnection client_id=kafka-python-2.1.4, node_id=bootstrap-0 host=localhost:9092 <connecting> [IPv4 ('127.0.0.1', 9092)]>: connecting to localhost:9092 [('127.0.0.1', 9092) IPv4]
2025-03-31 15:35:59,419 - ERROR - <BrokerConnection client_id=kafka-python-2.1.4, node_id=bootstrap-0 host=localhost:9092 <checking_api_versions_send> [IPv4 ('127.0.0.1', 9092)]>: Closing connection. KafkaConnectionError: Unable to determine broker version.
2025-03-31 15:35:59,419 - WARNING - No node available during check_version; sleeping 0.63 secs
2025-03-31 15:36:00,052 - ERROR - Failed to initialize Kafka consumer: NoBrokersAvailable
2025-03-31 16:10:10,715 - INFO - <BrokerConnection client_id=kafka-python-2.1.4, node_id=bootstrap-0 host=localhost:9092 <connecting> [IPv6 ('::1', 9092, 0, 0)]>: connecting to localhost:9092 [('::1', 9092, 0, 0) IPv6]
2025-03-31 16:10:10,745 - INFO - <BrokerConnection client_id=kafka-python-2.1.4, node_id=bootstrap-0 host=localhost:9092 <checking_api_versions_recv> [IPv6 ('::1', 9092, 0, 0)]>: Broker version identified as 2.6
2025-03-31 16:10:10,745 - INFO - <BrokerConnection client_id=kafka-python-2.1.4, node_id=bootstrap-0 host=localhost:9092 <connected> [IPv6 ('::1', 9092, 0, 0)]>: Connection complete.
2025-03-31 16:10:10,745 - WARNING - group_id is None: disabling auto-commit.
2025-03-31 16:10:10,746 - INFO - Updating subscribed topics to: ('user_interactions',)
2025-03-31 16:10:10,746 - INFO - Kafka consumer started, listening to 'user_interactions' topic...
2025-03-31 16:10:11,007 - INFO - Updated partition assignment: [TopicPartition(topic='user_interactions', partition=0)]
2025-03-31 16:10:11,009 - INFO - <BrokerConnection client_id=kafka-python-2.1.4, node_id=1 host=localhost:9092 <connecting> [IPv6 ('::1', 9092, 0, 0)]>: connecting to localhost:9092 [('::1', 9092, 0, 0) IPv6]
2025-03-31 16:10:11,010 - INFO - <BrokerConnection client_id=kafka-python-2.1.4, node_id=1 host=localhost:9092 <connected> [IPv6 ('::1', 9092, 0, 0)]>: Connection complete.
2025-03-31 16:10:11,011 - INFO - <BrokerConnection client_id=kafka-python-2.1.4, node_id=bootstrap-0 host=localhost:9092 <connected> [IPv6 ('::1', 9092, 0, 0)]>: Closing connection. 
2025-03-31 16:15:02,247 - ERROR - Unexpected error creating consumer: KafkaConfigurationError: connections_max_idle_ms (10000) must be larger than request_timeout_ms (305000) which must be larger than fetch_max_wait_ms (500).
2025-03-31 16:15:02,248 - ERROR - Fatal error in consumer: KafkaConfigurationError: connections_max_idle_ms (10000) must be larger than request_timeout_ms (305000) which must be larger than fetch_max_wait_ms (500).
Traceback (most recent call last):
  File "/Users/jacky/Downloads/current sem/wednesday bt4301/frontend/consumer.py", line 65, in <module>
    consumer = create_consumer()
               ^^^^^^^^^^^^^^^^^
  File "/Users/jacky/Downloads/current sem/wednesday bt4301/frontend/consumer.py", line 22, in create_consumer
    consumer = KafkaConsumer(
               ^^^^^^^^^^^^^^
  File "/Users/jacky/anaconda3/lib/python3.11/site-packages/kafka/consumer/group.py", line 355, in __init__
    raise KafkaConfigurationError(
kafka.errors.KafkaConfigurationError: KafkaConfigurationError: connections_max_idle_ms (10000) must be larger than request_timeout_ms (305000) which must be larger than fetch_max_wait_ms (500).
2025-03-31 16:16:48,590 - WARNING - Configured api_version (2, 6, 0) not supported; using (2, 6)
2025-03-31 16:16:48,591 - INFO - Updating subscribed topics to: ('user_interactions',)
2025-03-31 16:16:48,591 - INFO - Successfully connected to Kafka
2025-03-31 16:16:48,591 - INFO - Starting to consume messages from 'user_interactions' topic...
2025-03-31 16:16:48,605 - INFO - <BrokerConnection client_id=kafka-python-2.1.4, node_id=bootstrap-0 host=localhost:9092 <connecting> [IPv6 ('::1', 9092, 0, 0)]>: connecting to localhost:9092 [('::1', 9092, 0, 0) IPv6]
2025-03-31 16:16:48,605 - INFO - <BrokerConnection client_id=kafka-python-2.1.4, node_id=bootstrap-0 host=localhost:9092 <connected> [IPv6 ('::1', 9092, 0, 0)]>: Connection complete.
2025-03-31 16:16:48,631 - INFO - <BrokerConnection client_id=kafka-python-2.1.4, node_id=1 host=localhost:9092 <connecting> [IPv6 ('::1', 9092, 0, 0)]>: connecting to localhost:9092 [('::1', 9092, 0, 0) IPv6]
2025-03-31 16:16:48,733 - INFO - <BrokerConnection client_id=kafka-python-2.1.4, node_id=1 host=localhost:9092 <connected> [IPv6 ('::1', 9092, 0, 0)]>: Connection complete.
2025-03-31 16:16:48,733 - INFO - <BrokerConnection client_id=kafka-python-2.1.4, node_id=bootstrap-0 host=localhost:9092 <connected> [IPv6 ('::1', 9092, 0, 0)]>: Closing connection. 
2025-03-31 16:16:49,319 - INFO - Group coordinator for user_interactions_group is BrokerMetadata(nodeId='coordinator-1', host='localhost', port=9092, rack=None)
2025-03-31 16:16:49,319 - INFO - Discovered coordinator coordinator-1 for group user_interactions_group
2025-03-31 16:16:49,319 - INFO - Starting new heartbeat thread
2025-03-31 16:16:49,319 - INFO - Revoking previously assigned partitions set() for group user_interactions_group
2025-03-31 16:16:49,320 - INFO - <BrokerConnection client_id=kafka-python-2.1.4, node_id=coordinator-1 host=localhost:9092 <connecting> [IPv6 ('::1', 9092, 0, 0)]>: connecting to localhost:9092 [('::1', 9092, 0, 0) IPv6]
2025-03-31 16:16:49,425 - INFO - <BrokerConnection client_id=kafka-python-2.1.4, node_id=coordinator-1 host=localhost:9092 <connected> [IPv6 ('::1', 9092, 0, 0)]>: Connection complete.
2025-03-31 16:16:49,530 - INFO - (Re-)joining group user_interactions_group
2025-03-31 16:16:52,613 - INFO - Elected group leader -- performing partition assignments using range
2025-03-31 16:16:52,664 - INFO - Successfully joined group user_interactions_group with generation 1
2025-03-31 16:16:52,664 - INFO - Updated partition assignment: [TopicPartition(topic='user_interactions', partition=0)]
2025-03-31 16:16:52,664 - INFO - Setting newly assigned partitions {TopicPartition(topic='user_interactions', partition=0)} for group user_interactions_group
2025-03-31 16:43:53,483 - INFO - Received message [Partition: 0, Offset: 0]: {'book_id': 'B00DVQ53OI', 'event_type': 'click', 'timestamp': '2025-03-31T16:43:53.437591'}
2025-03-31 16:50:31,685 - INFO - Received message [Partition: 0, Offset: 1]: {'book_id': 'B00DVQ53OI', 'event_type': 'click', 'timestamp': '2025-03-31T16:50:31.669466'}
2025-03-31 16:54:54,589 - INFO - Received message [Partition: 0, Offset: 2]: {'book_id': 'B00DVQ53OI', 'event_type': 'click', 'timestamp': '2025-03-31T16:54:54.564067'}
2025-03-31 17:10:59,622 - INFO - Received message [Partition: 0, Offset: 3]: {'book_id': 'B00BT86ZME', 'event_type': 'hover', 'timestamp': '2025-03-31T17:10:59.589740'}
2025-03-31 17:11:00,167 - INFO - Received message [Partition: 0, Offset: 4]: {'book_id': 'B00BT86ZME', 'event_type': 'hover', 'timestamp': '2025-03-31T17:11:00.154557'}
2025-03-31 17:11:01,947 - INFO - Received message [Partition: 0, Offset: 5]: {'book_id': 'B00IER9DM2', 'event_type': 'hover', 'timestamp': '2025-03-31T17:11:01.929834'}
2025-03-31 17:11:02,351 - INFO - Received message [Partition: 0, Offset: 6]: {'book_id': 'B00LIGBJO6', 'event_type': 'hover', 'timestamp': '2025-03-31T17:11:02.339772'}
2025-03-31 17:11:02,565 - INFO - Received message [Partition: 0, Offset: 7]: {'book_id': 'B00LIGBJO6', 'event_type': 'click', 'timestamp': '2025-03-31T17:11:02.562110'}
2025-03-31 17:11:02,869 - INFO - Received message [Partition: 0, Offset: 8]: {'book_id': 'B09PL589MK', 'event_type': 'hover', 'timestamp': '2025-03-31T17:11:02.856714'}
2025-03-31 17:11:02,928 - INFO - Received message [Partition: 0, Offset: 9]: {'book_id': 'B09PL589MK', 'event_type': 'click', 'timestamp': '2025-03-31T17:11:02.918510'}
2025-03-31 17:11:03,439 - INFO - Received message [Partition: 0, Offset: 10]: {'book_id': 'B09MDNDYYF', 'event_type': 'hover', 'timestamp': '2025-03-31T17:11:03.424252'}
2025-03-31 17:11:03,490 - INFO - Received message [Partition: 0, Offset: 11]: {'book_id': 'B09MDNDYYF', 'event_type': 'click', 'timestamp': '2025-03-31T17:11:03.473473'}
2025-03-31 17:11:03,914 - INFO - Received message [Partition: 0, Offset: 12]: {'book_id': 'B08711J8TJ', 'event_type': 'hover', 'timestamp': '2025-03-31T17:11:03.906423'}
2025-03-31 17:11:05,573 - INFO - Received message [Partition: 0, Offset: 13]: {'book_id': 'B01HC24D2O', 'event_type': 'hover', 'timestamp': '2025-03-31T17:11:05.556665'}
2025-03-31 17:15:53,165 - INFO - Received message [Partition: 0, Offset: 14]: {'book_id': 'B001QAP34Q', 'event_type': 'hover', 'timestamp': '2025-03-31T17:15:53.145277'}
2025-03-31 17:15:53,357 - INFO - Received message [Partition: 0, Offset: 15]: {'book_id': 'B013RC91NO', 'event_type': 'hover', 'timestamp': '2025-03-31T17:15:53.347786'}
2025-03-31 17:15:54,438 - INFO - Received message [Partition: 0, Offset: 16]: {'book_id': 'B00433TBUU', 'event_type': 'hover', 'timestamp': '2025-03-31T17:15:54.429763'}
2025-03-31 17:24:32,569 - INFO - Received message [Partition: 0, Offset: 17]: {'book_id': 'B00433TBUU', 'event_type': 'hover', 'timestamp': '2025-03-31T17:24:32.559099'}
2025-03-31 18:45:34,619 - INFO - Received message [Partition: 0, Offset: 18]: {'book_id': 'B013RC91NO', 'event_type': 'hover', 'timestamp': '2025-03-31T18:45:34.596501'}
2025-03-31 18:45:35,063 - INFO - Received message [Partition: 0, Offset: 19]: {'book_id': 'B013RC91NO', 'event_type': 'hover', 'timestamp': '2025-03-31T18:45:35.050484'}
2025-03-31 18:45:35,341 - INFO - Received message [Partition: 0, Offset: 20]: {'book_id': 'B001QAP34Q', 'event_type': 'hover', 'timestamp': '2025-03-31T18:45:35.335316'}
2025-03-31 18:45:35,621 - INFO - Received message [Partition: 0, Offset: 21]: {'book_id': 'B001QAP34Q', 'event_type': 'hover', 'timestamp': '2025-03-31T18:45:35.617859'}
2025-03-31 18:45:35,779 - INFO - Received message [Partition: 0, Offset: 22]: {'book_id': 'B001QAP34Q', 'event_type': 'hover', 'timestamp': '2025-03-31T18:45:35.768852'}
2025-03-31 18:45:35,909 - INFO - Received message [Partition: 0, Offset: 23]: {'book_id': 'B001QAP34Q', 'event_type': 'click', 'timestamp': '2025-03-31T18:45:35.898927'}
2025-03-31 18:45:36,041 - INFO - Received message [Partition: 0, Offset: 24]: {'book_id': 'B001QAP34Q', 'event_type': 'click', 'timestamp': '2025-03-31T18:45:36.034164'}
2025-03-31 18:45:36,222 - INFO - Received message [Partition: 0, Offset: 25]: {'book_id': 'B013RC91NO', 'event_type': 'hover', 'timestamp': '2025-03-31T18:45:36.217332'}
2025-03-31 18:45:36,234 - INFO - Received message [Partition: 0, Offset: 26]: {'book_id': 'B013RC91NO', 'event_type': 'click', 'timestamp': '2025-03-31T18:45:36.225969'}
2025-03-31 18:45:36,360 - INFO - Received message [Partition: 0, Offset: 27]: {'book_id': 'B013RC91NO', 'event_type': 'click', 'timestamp': '2025-03-31T18:45:36.355197'}
2025-03-31 18:45:36,590 - INFO - Received message [Partition: 0, Offset: 28]: {'book_id': 'B00433TBUU', 'event_type': 'hover', 'timestamp': '2025-03-31T18:45:36.585773'}
2025-03-31 18:45:36,711 - INFO - Received message [Partition: 0, Offset: 29]: {'book_id': 'B00433TBUU', 'event_type': 'click', 'timestamp': '2025-03-31T18:45:36.705222'}
2025-03-31 18:45:36,877 - INFO - Received message [Partition: 0, Offset: 30]: {'book_id': 'B00433TBUU', 'event_type': 'click', 'timestamp': '2025-03-31T18:45:36.867877'}
2025-03-31 18:45:37,275 - INFO - Received message [Partition: 0, Offset: 31]: {'book_id': 'B00LOWOQGC', 'event_type': 'hover', 'timestamp': '2025-03-31T18:45:37.268770'}
2025-03-31 18:45:37,543 - INFO - Received message [Partition: 0, Offset: 32]: {'book_id': 'B01HC24D2O', 'event_type': 'hover', 'timestamp': '2025-03-31T18:45:37.535443'}
2025-03-31 18:45:40,299 - INFO - Received message [Partition: 0, Offset: 33]: {'book_id': 'B00AWDXU66', 'event_type': 'hover', 'timestamp': '2025-03-31T18:45:40.288885'}
2025-03-31 18:45:40,977 - INFO - Received message [Partition: 0, Offset: 34]: {'book_id': 'B081PTLGPZ', 'event_type': 'hover', 'timestamp': '2025-03-31T18:45:40.971954'}
2025-03-31 19:06:39,257 - INFO - Received message [Partition: 0, Offset: 35]: {'book_id': 'B01F1X15UY', 'event_type': 'hover', 'timestamp': '2025-03-31T19:06:39.231805'}
2025-04-02 19:09:24,457 - WARNING - Configured api_version (2, 6, 0) not supported; using (2, 6)
2025-04-02 19:09:24,458 - INFO - Updating subscribed topics to: ('user_interactions',)
2025-04-02 19:09:24,458 - INFO - Successfully connected to Kafka
2025-04-02 19:09:24,458 - INFO - Starting to consume messages from 'user_interactions' topic...
2025-04-02 19:09:24,462 - INFO - <BrokerConnection client_id=kafka-python-2.1.4, node_id=bootstrap-0 host=localhost:9092 <connecting> [IPv6 ('::1', 9092, 0, 0)]>: connecting to localhost:9092 [('::1', 9092, 0, 0) IPv6]
2025-04-02 19:09:24,463 - INFO - <BrokerConnection client_id=kafka-python-2.1.4, node_id=bootstrap-0 host=localhost:9092 <connected> [IPv6 ('::1', 9092, 0, 0)]>: Connection complete.
2025-04-02 19:09:24,744 - INFO - <BrokerConnection client_id=kafka-python-2.1.4, node_id=1 host=localhost:9092 <connecting> [IPv6 ('::1', 9092, 0, 0)]>: connecting to localhost:9092 [('::1', 9092, 0, 0) IPv6]
2025-04-02 19:09:24,849 - INFO - <BrokerConnection client_id=kafka-python-2.1.4, node_id=1 host=localhost:9092 <connected> [IPv6 ('::1', 9092, 0, 0)]>: Connection complete.
2025-04-02 19:09:24,849 - INFO - <BrokerConnection client_id=kafka-python-2.1.4, node_id=bootstrap-0 host=localhost:9092 <connected> [IPv6 ('::1', 9092, 0, 0)]>: Closing connection. 
2025-04-02 19:09:25,412 - INFO - Group coordinator for user_interactions_group is BrokerMetadata(nodeId='coordinator-1', host='localhost', port=9092, rack=None)
2025-04-02 19:09:25,412 - INFO - Discovered coordinator coordinator-1 for group user_interactions_group
2025-04-02 19:09:25,412 - INFO - Starting new heartbeat thread
2025-04-02 19:09:25,412 - INFO - Revoking previously assigned partitions set() for group user_interactions_group
2025-04-02 19:09:25,413 - INFO - <BrokerConnection client_id=kafka-python-2.1.4, node_id=coordinator-1 host=localhost:9092 <connecting> [IPv6 ('::1', 9092, 0, 0)]>: connecting to localhost:9092 [('::1', 9092, 0, 0) IPv6]
2025-04-02 19:09:25,516 - INFO - <BrokerConnection client_id=kafka-python-2.1.4, node_id=coordinator-1 host=localhost:9092 <connected> [IPv6 ('::1', 9092, 0, 0)]>: Connection complete.
2025-04-02 19:09:25,621 - INFO - (Re-)joining group user_interactions_group
2025-04-02 19:09:28,671 - INFO - Elected group leader -- performing partition assignments using range
2025-04-02 19:09:28,708 - INFO - Successfully joined group user_interactions_group with generation 1
2025-04-02 19:09:28,708 - INFO - Updated partition assignment: [TopicPartition(topic='user_interactions', partition=0)]
2025-04-02 19:09:28,708 - INFO - Setting newly assigned partitions {TopicPartition(topic='user_interactions', partition=0)} for group user_interactions_group
2025-04-02 19:10:01,974 - INFO - Received message [Partition: 0, Offset: 0]: {'book_id': 'B00DVQ53OI', 'event_type': 'click', 'timestamp': '2025-04-02T19:10:01.937192'}
2025-04-02 19:11:13,329 - INFO - Received message [Partition: 0, Offset: 1]: {'book_id': 'B0854LV98D', 'event_type': 'hover', 'timestamp': '2025-04-02T19:11:13.296199'}
2025-04-02 19:11:13,977 - INFO - Received message [Partition: 0, Offset: 2]: {'book_id': 'B00HL3HV24', 'event_type': 'hover', 'timestamp': '2025-04-02T19:11:13.963454'}
2025-04-02 19:11:14,872 - INFO - Received message [Partition: 0, Offset: 3]: {'book_id': 'B00HL3HV24', 'event_type': 'hover', 'timestamp': '2025-04-02T19:11:14.854484'}
2025-04-02 19:11:15,004 - INFO - Received message [Partition: 0, Offset: 4]: {'book_id': 'B00HL3HV24', 'event_type': 'hover', 'timestamp': '2025-04-02T19:11:14.993916'}
2025-04-02 19:11:15,066 - INFO - Received message [Partition: 0, Offset: 5]: {'book_id': 'B00HL3HV24', 'event_type': 'click', 'timestamp': '2025-04-02T19:11:15.060518'}
2025-04-02 19:11:15,461 - INFO - Received message [Partition: 0, Offset: 6]: {'book_id': 'B008X5S6OG', 'event_type': 'hover', 'timestamp': '2025-04-02T19:11:15.447060'}
2025-04-02 19:11:15,608 - INFO - Received message [Partition: 0, Offset: 7]: {'book_id': 'B008X5S6OG', 'event_type': 'click', 'timestamp': '2025-04-02T19:11:15.583870'}
2025-04-02 19:11:15,956 - INFO - Received message [Partition: 0, Offset: 8]: {'book_id': 'B0854LV98D', 'event_type': 'hover', 'timestamp': '2025-04-02T19:11:15.944219'}
2025-04-02 19:11:16,133 - INFO - Received message [Partition: 0, Offset: 9]: {'book_id': 'B0854LV98D', 'event_type': 'click', 'timestamp': '2025-04-02T19:11:16.113510'}
2025-04-02 19:11:16,619 - INFO - Received message [Partition: 0, Offset: 10]: {'book_id': 'B00IN4M2AG', 'event_type': 'hover', 'timestamp': '2025-04-02T19:11:16.597361'}
2025-04-02 19:11:16,690 - INFO - Received message [Partition: 0, Offset: 11]: {'book_id': 'B00IN4M2AG', 'event_type': 'click', 'timestamp': '2025-04-02T19:11:16.679807'}
2025-04-02 19:11:17,132 - INFO - Received message [Partition: 0, Offset: 12]: {'book_id': 'B00IN4M2AG', 'event_type': 'hover', 'timestamp': '2025-04-02T19:11:17.126990'}
2025-04-02 19:11:17,282 - INFO - Received message [Partition: 0, Offset: 13]: {'book_id': 'B00IN4M2AG', 'event_type': 'hover', 'timestamp': '2025-04-02T19:11:17.262013'}
2025-04-02 19:11:17,355 - INFO - Received message [Partition: 0, Offset: 14]: {'book_id': 'B00IN4M2AG', 'event_type': 'click', 'timestamp': '2025-04-02T19:11:17.336885'}
2025-04-02 19:11:17,808 - INFO - Received message [Partition: 0, Offset: 15]: {'book_id': 'B0854LV98D', 'event_type': 'hover', 'timestamp': '2025-04-02T19:11:17.787922'}
2025-04-02 19:11:19,566 - INFO - Received message [Partition: 0, Offset: 16]: {'book_id': 'B08HTNW1J7', 'event_type': 'hover', 'timestamp': '2025-04-02T19:11:19.554705'}
2025-04-02 19:11:19,923 - INFO - Received message [Partition: 0, Offset: 17]: {'book_id': 'B00N5UANHM', 'event_type': 'hover', 'timestamp': '2025-04-02T19:11:19.919957'}
2025-04-02 19:42:59,445 - INFO - Received message [Partition: 0, Offset: 18]: {'book_id': 'B07G3DB91S', 'event_type': 'hover', 'timestamp': '2025-04-02T19:42:59.434008'}
2025-04-02 19:42:59,809 - INFO - Received message [Partition: 0, Offset: 19]: {'book_id': 'B01EANE62K', 'event_type': 'hover', 'timestamp': '2025-04-02T19:42:59.802014'}
2025-04-02 19:43:02,857 - INFO - Received message [Partition: 0, Offset: 20]: {'book_id': 'B00N5UANHM', 'event_type': 'hover', 'timestamp': '2025-04-02T19:43:02.851239'}
2025-04-02 19:43:23,886 - INFO - Received message [Partition: 0, Offset: 21]: {'book_id': 'B01EANE62K', 'event_type': 'hover', 'timestamp': '2025-04-02T19:43:23.876412'}
