[2025-03-14T15:36:22.306+0000] {local_task_job_runner.py:123} INFO - ::group::Pre task execution logs
[2025-03-14T15:36:22.318+0000] {taskinstance.py:2614} INFO - Dependencies all met for dep_context=non-requeueable deps ti=<TaskInstance: assignment3.generate_city_report manual__2025-03-14T15:26:14.673154+00:00 map_index=0 [queued]>
[2025-03-14T15:36:22.322+0000] {taskinstance.py:2614} INFO - Dependencies all met for dep_context=requeueable deps ti=<TaskInstance: assignment3.generate_city_report manual__2025-03-14T15:26:14.673154+00:00 map_index=0 [queued]>
[2025-03-14T15:36:22.323+0000] {taskinstance.py:2867} INFO - Starting attempt 2 of 2
[2025-03-14T15:36:22.328+0000] {taskinstance.py:2890} INFO - Executing <Mapped(_PythonDecoratedOperator): generate_city_report> on 2025-03-14 15:26:14.673154+00:00
[2025-03-14T15:36:22.331+0000] {warnings.py:112} WARNING - /home/***/.local/lib/python3.12/site-packages/***/task/task_runner/standard_task_runner.py:70: DeprecationWarning: This process (pid=785) is multi-threaded, use of fork() may lead to deadlocks in the child.
  pid = os.fork()

[2025-03-14T15:36:22.333+0000] {standard_task_runner.py:104} INFO - Running: ['***', 'tasks', 'run', 'assignment3', 'generate_city_report', 'manual__2025-03-14T15:26:14.673154+00:00', '--job-id', '130', '--raw', '--subdir', 'DAGS_FOLDER/A0265912B.py', '--cfg-path', '/tmp/tmpey6hkw4u', '--map-index', '0']
[2025-03-14T15:36:22.336+0000] {standard_task_runner.py:72} INFO - Started process 792 to run task
[2025-03-14T15:36:22.336+0000] {standard_task_runner.py:105} INFO - Job 130: Subtask generate_city_report
[2025-03-14T15:36:22.364+0000] {task_command.py:467} INFO - Running <TaskInstance: assignment3.generate_city_report manual__2025-03-14T15:26:14.673154+00:00 map_index=0 [running]> on host 0b224ca611be
[2025-03-14T15:36:22.404+0000] {taskinstance.py:3134} INFO - Exporting env vars: AIRFLOW_CTX_DAG_OWNER='***' AIRFLOW_CTX_DAG_ID='assignment3' AIRFLOW_CTX_TASK_ID='generate_city_report' AIRFLOW_CTX_EXECUTION_DATE='2025-03-14T15:26:14.673154+00:00' AIRFLOW_CTX_TRY_NUMBER='2' AIRFLOW_CTX_DAG_RUN_ID='manual__2025-03-14T15:26:14.673154+00:00'
[2025-03-14T15:36:22.404+0000] {logging_mixin.py:190} INFO - Task instance is in running state
[2025-03-14T15:36:22.404+0000] {logging_mixin.py:190} INFO -  Previous state of the Task instance: queued
[2025-03-14T15:36:22.405+0000] {logging_mixin.py:190} INFO - Current task name:generate_city_report state:running start_date:2025-03-14 15:36:22.318351+00:00
[2025-03-14T15:36:22.405+0000] {logging_mixin.py:190} INFO - Dag name:assignment3 and current dag run status:running
[2025-03-14T15:36:22.405+0000] {taskinstance.py:732} INFO - ::endgroup::
[2025-03-14T15:36:22.421+0000] {warnings.py:112} WARNING - /opt/***/dags/A0265912B.py:192: FutureWarning: 

Passing `palette` without assigning `hue` is deprecated and will be removed in v0.14.0. Assign the `x` variable to `hue` and set `legend=False` for the same effect.

  sns.barplot(

[2025-03-14T15:36:22.549+0000] {warnings.py:112} WARNING - /opt/***/dags/A0265912B.py:211: FutureWarning: 

Passing `palette` without assigning `hue` is deprecated and will be removed in v0.14.0. Assign the `x` variable to `hue` and set `legend=False` for the same effect.

  sns.barplot(

[2025-03-14T15:36:22.648+0000] {python.py:240} INFO - Done. Returned value was: /opt/***/output/A0265912B_Yangon_sales_report.pdf
[2025-03-14T15:36:22.658+0000] {taskinstance.py:341} INFO - ::group::Post task execution logs
[2025-03-14T15:36:22.658+0000] {taskinstance.py:353} INFO - Marking task as SUCCESS. dag_id=assignment3, task_id=generate_city_report, run_id=manual__2025-03-14T15:26:14.673154+00:00, map_index=0, execution_date=20250314T152614, start_date=20250314T153622, end_date=20250314T153622
[2025-03-14T15:36:22.670+0000] {logging_mixin.py:190} INFO - Task instance in success state
[2025-03-14T15:36:22.670+0000] {logging_mixin.py:190} INFO -  Previous state of the Task instance: running
[2025-03-14T15:36:22.670+0000] {logging_mixin.py:190} INFO - Dag name:assignment3 queued_at:2025-03-14 15:26:14.678089+00:00
[2025-03-14T15:36:22.671+0000] {logging_mixin.py:190} INFO - Task hostname:0b224ca611be operator:_PythonDecoratedOperator
[2025-03-14T15:36:22.696+0000] {local_task_job_runner.py:266} INFO - Task exited with return code 0
[2025-03-14T15:36:22.703+0000] {taskinstance.py:3901} INFO - 0 downstream tasks scheduled from follow-on schedule check
[2025-03-14T15:36:22.704+0000] {local_task_job_runner.py:245} INFO - ::endgroup::
