[2025-04-20T00:11:21.774+0000] {processor.py:186} INFO - Started process (PID=7620) to work on /home/airflow/.local/lib/python3.12/site-packages/airflow/example_dags/example_latest_only_with_trigger.py
[2025-04-20T00:11:21.774+0000] {processor.py:914} INFO - Processing file /home/airflow/.local/lib/python3.12/site-packages/airflow/example_dags/example_latest_only_with_trigger.py for tasks to queue
[2025-04-20T00:11:21.776+0000] {logging_mixin.py:190} INFO - [2025-04-20T00:11:21.775+0000] {dagbag.py:588} INFO - Filling up the DagBag from /home/airflow/.local/lib/python3.12/site-packages/airflow/example_dags/example_latest_only_with_trigger.py
[2025-04-20T00:11:21.780+0000] {processor.py:925} INFO - DAG(s) 'latest_only_with_trigger' retrieved from /home/airflow/.local/lib/python3.12/site-packages/airflow/example_dags/example_latest_only_with_trigger.py
[2025-04-20T00:11:21.790+0000] {logging_mixin.py:190} INFO - [2025-04-20T00:11:21.790+0000] {dag.py:3239} INFO - Sync 1 DAGs
[2025-04-20T00:11:21.798+0000] {logging_mixin.py:190} INFO - [2025-04-20T00:11:21.798+0000] {dag.py:4180} INFO - Setting next_dagrun for latest_only_with_trigger to 2025-04-19 20:00:00+00:00, run_after=2025-04-20 00:00:00+00:00
[2025-04-20T00:11:21.805+0000] {processor.py:208} INFO - Processing /home/airflow/.local/lib/python3.12/site-packages/airflow/example_dags/example_latest_only_with_trigger.py took 0.034 seconds
[2025-04-20T01:21:25.253+0000] {processor.py:186} INFO - Started process (PID=7683) to work on /home/airflow/.local/lib/python3.12/site-packages/airflow/example_dags/example_latest_only_with_trigger.py
[2025-04-20T01:21:25.253+0000] {processor.py:914} INFO - Processing file /home/airflow/.local/lib/python3.12/site-packages/airflow/example_dags/example_latest_only_with_trigger.py for tasks to queue
[2025-04-20T01:21:25.254+0000] {logging_mixin.py:190} INFO - [2025-04-20T01:21:25.254+0000] {dagbag.py:588} INFO - Filling up the DagBag from /home/airflow/.local/lib/python3.12/site-packages/airflow/example_dags/example_latest_only_with_trigger.py
[2025-04-20T01:21:25.259+0000] {processor.py:925} INFO - DAG(s) 'latest_only_with_trigger' retrieved from /home/airflow/.local/lib/python3.12/site-packages/airflow/example_dags/example_latest_only_with_trigger.py
[2025-04-20T01:21:25.267+0000] {logging_mixin.py:190} INFO - [2025-04-20T01:21:25.267+0000] {dag.py:3239} INFO - Sync 1 DAGs
[2025-04-20T01:21:25.276+0000] {logging_mixin.py:190} INFO - [2025-04-20T01:21:25.276+0000] {dag.py:4180} INFO - Setting next_dagrun for latest_only_with_trigger to 2025-04-19 20:00:00+00:00, run_after=2025-04-20 00:00:00+00:00
[2025-04-20T01:21:25.283+0000] {processor.py:208} INFO - Processing /home/airflow/.local/lib/python3.12/site-packages/airflow/example_dags/example_latest_only_with_trigger.py took 0.033 seconds
[2025-04-20T02:22:25.191+0000] {processor.py:186} INFO - Started process (PID=7747) to work on /home/airflow/.local/lib/python3.12/site-packages/airflow/example_dags/example_latest_only_with_trigger.py
[2025-04-20T02:22:25.191+0000] {processor.py:914} INFO - Processing file /home/airflow/.local/lib/python3.12/site-packages/airflow/example_dags/example_latest_only_with_trigger.py for tasks to queue
[2025-04-20T02:22:25.192+0000] {logging_mixin.py:190} INFO - [2025-04-20T02:22:25.192+0000] {dagbag.py:588} INFO - Filling up the DagBag from /home/airflow/.local/lib/python3.12/site-packages/airflow/example_dags/example_latest_only_with_trigger.py
[2025-04-20T02:22:25.196+0000] {processor.py:925} INFO - DAG(s) 'latest_only_with_trigger' retrieved from /home/airflow/.local/lib/python3.12/site-packages/airflow/example_dags/example_latest_only_with_trigger.py
[2025-04-20T02:22:25.204+0000] {logging_mixin.py:190} INFO - [2025-04-20T02:22:25.204+0000] {dag.py:3239} INFO - Sync 1 DAGs
[2025-04-20T02:22:25.212+0000] {logging_mixin.py:190} INFO - [2025-04-20T02:22:25.212+0000] {dag.py:4180} INFO - Setting next_dagrun for latest_only_with_trigger to 2025-04-19 20:00:00+00:00, run_after=2025-04-20 00:00:00+00:00
[2025-04-20T02:22:25.218+0000] {processor.py:208} INFO - Processing /home/airflow/.local/lib/python3.12/site-packages/airflow/example_dags/example_latest_only_with_trigger.py took 0.030 seconds
[2025-04-20T03:23:31.788+0000] {processor.py:186} INFO - Started process (PID=7811) to work on /home/airflow/.local/lib/python3.12/site-packages/airflow/example_dags/example_latest_only_with_trigger.py
[2025-04-20T03:23:31.789+0000] {processor.py:914} INFO - Processing file /home/airflow/.local/lib/python3.12/site-packages/airflow/example_dags/example_latest_only_with_trigger.py for tasks to queue
[2025-04-20T03:23:31.801+0000] {logging_mixin.py:190} INFO - [2025-04-20T03:23:31.801+0000] {dagbag.py:588} INFO - Filling up the DagBag from /home/airflow/.local/lib/python3.12/site-packages/airflow/example_dags/example_latest_only_with_trigger.py
[2025-04-20T03:23:31.805+0000] {processor.py:925} INFO - DAG(s) 'latest_only_with_trigger' retrieved from /home/airflow/.local/lib/python3.12/site-packages/airflow/example_dags/example_latest_only_with_trigger.py
[2025-04-20T03:23:31.815+0000] {logging_mixin.py:190} INFO - [2025-04-20T03:23:31.815+0000] {dag.py:3239} INFO - Sync 1 DAGs
[2025-04-20T03:23:31.830+0000] {logging_mixin.py:190} INFO - [2025-04-20T03:23:31.830+0000] {dag.py:4180} INFO - Setting next_dagrun for latest_only_with_trigger to 2025-04-19 20:00:00+00:00, run_after=2025-04-20 00:00:00+00:00
[2025-04-20T03:23:31.847+0000] {processor.py:208} INFO - Processing /home/airflow/.local/lib/python3.12/site-packages/airflow/example_dags/example_latest_only_with_trigger.py took 0.062 seconds
[2025-04-20T03:47:16.114+0000] {processor.py:186} INFO - Started process (PID=7875) to work on /home/airflow/.local/lib/python3.12/site-packages/airflow/example_dags/example_latest_only_with_trigger.py
[2025-04-20T03:47:16.115+0000] {processor.py:914} INFO - Processing file /home/airflow/.local/lib/python3.12/site-packages/airflow/example_dags/example_latest_only_with_trigger.py for tasks to queue
[2025-04-20T03:47:16.116+0000] {logging_mixin.py:190} INFO - [2025-04-20T03:47:16.116+0000] {dagbag.py:588} INFO - Filling up the DagBag from /home/airflow/.local/lib/python3.12/site-packages/airflow/example_dags/example_latest_only_with_trigger.py
[2025-04-20T03:47:16.120+0000] {processor.py:925} INFO - DAG(s) 'latest_only_with_trigger' retrieved from /home/airflow/.local/lib/python3.12/site-packages/airflow/example_dags/example_latest_only_with_trigger.py
[2025-04-20T03:47:16.131+0000] {logging_mixin.py:190} INFO - [2025-04-20T03:47:16.131+0000] {dag.py:3239} INFO - Sync 1 DAGs
[2025-04-20T03:47:16.140+0000] {logging_mixin.py:190} INFO - [2025-04-20T03:47:16.139+0000] {dag.py:4180} INFO - Setting next_dagrun for latest_only_with_trigger to 2025-04-19 20:00:00+00:00, run_after=2025-04-20 00:00:00+00:00
[2025-04-20T03:47:16.147+0000] {processor.py:208} INFO - Processing /home/airflow/.local/lib/python3.12/site-packages/airflow/example_dags/example_latest_only_with_trigger.py took 0.035 seconds
[2025-04-20T04:59:00.904+0000] {processor.py:186} INFO - Started process (PID=7939) to work on /home/airflow/.local/lib/python3.12/site-packages/airflow/example_dags/example_latest_only_with_trigger.py
[2025-04-20T04:59:00.904+0000] {processor.py:914} INFO - Processing file /home/airflow/.local/lib/python3.12/site-packages/airflow/example_dags/example_latest_only_with_trigger.py for tasks to queue
[2025-04-20T04:59:00.905+0000] {logging_mixin.py:190} INFO - [2025-04-20T04:59:00.905+0000] {dagbag.py:588} INFO - Filling up the DagBag from /home/airflow/.local/lib/python3.12/site-packages/airflow/example_dags/example_latest_only_with_trigger.py
[2025-04-20T04:59:00.909+0000] {processor.py:925} INFO - DAG(s) 'latest_only_with_trigger' retrieved from /home/airflow/.local/lib/python3.12/site-packages/airflow/example_dags/example_latest_only_with_trigger.py
[2025-04-20T04:59:00.919+0000] {logging_mixin.py:190} INFO - [2025-04-20T04:59:00.919+0000] {dag.py:3239} INFO - Sync 1 DAGs
[2025-04-20T04:59:00.928+0000] {logging_mixin.py:190} INFO - [2025-04-20T04:59:00.927+0000] {dag.py:4180} INFO - Setting next_dagrun for latest_only_with_trigger to 2025-04-20 00:00:00+00:00, run_after=2025-04-20 04:00:00+00:00
[2025-04-20T04:59:00.934+0000] {processor.py:208} INFO - Processing /home/airflow/.local/lib/python3.12/site-packages/airflow/example_dags/example_latest_only_with_trigger.py took 0.033 seconds
[2025-04-20T05:56:29.979+0000] {processor.py:186} INFO - Started process (PID=8003) to work on /home/airflow/.local/lib/python3.12/site-packages/airflow/example_dags/example_latest_only_with_trigger.py
[2025-04-20T05:56:29.979+0000] {processor.py:914} INFO - Processing file /home/airflow/.local/lib/python3.12/site-packages/airflow/example_dags/example_latest_only_with_trigger.py for tasks to queue
[2025-04-20T05:56:29.980+0000] {logging_mixin.py:190} INFO - [2025-04-20T05:56:29.980+0000] {dagbag.py:588} INFO - Filling up the DagBag from /home/airflow/.local/lib/python3.12/site-packages/airflow/example_dags/example_latest_only_with_trigger.py
[2025-04-20T05:56:29.984+0000] {processor.py:925} INFO - DAG(s) 'latest_only_with_trigger' retrieved from /home/airflow/.local/lib/python3.12/site-packages/airflow/example_dags/example_latest_only_with_trigger.py
[2025-04-20T05:56:29.993+0000] {logging_mixin.py:190} INFO - [2025-04-20T05:56:29.993+0000] {dag.py:3239} INFO - Sync 1 DAGs
[2025-04-20T05:56:30.002+0000] {logging_mixin.py:190} INFO - [2025-04-20T05:56:30.001+0000] {dag.py:4180} INFO - Setting next_dagrun for latest_only_with_trigger to 2025-04-20 00:00:00+00:00, run_after=2025-04-20 04:00:00+00:00
[2025-04-20T05:56:30.008+0000] {processor.py:208} INFO - Processing /home/airflow/.local/lib/python3.12/site-packages/airflow/example_dags/example_latest_only_with_trigger.py took 0.032 seconds
[2025-04-20T05:57:00.735+0000] {processor.py:186} INFO - Started process (PID=8066) to work on /home/airflow/.local/lib/python3.12/site-packages/airflow/example_dags/example_latest_only_with_trigger.py
[2025-04-20T05:57:00.736+0000] {processor.py:914} INFO - Processing file /home/airflow/.local/lib/python3.12/site-packages/airflow/example_dags/example_latest_only_with_trigger.py for tasks to queue
[2025-04-20T05:57:00.737+0000] {logging_mixin.py:190} INFO - [2025-04-20T05:57:00.736+0000] {dagbag.py:588} INFO - Filling up the DagBag from /home/airflow/.local/lib/python3.12/site-packages/airflow/example_dags/example_latest_only_with_trigger.py
[2025-04-20T05:57:00.741+0000] {processor.py:925} INFO - DAG(s) 'latest_only_with_trigger' retrieved from /home/airflow/.local/lib/python3.12/site-packages/airflow/example_dags/example_latest_only_with_trigger.py
[2025-04-20T05:57:00.750+0000] {logging_mixin.py:190} INFO - [2025-04-20T05:57:00.750+0000] {dag.py:3239} INFO - Sync 1 DAGs
[2025-04-20T05:57:00.761+0000] {logging_mixin.py:190} INFO - [2025-04-20T05:57:00.761+0000] {dag.py:4180} INFO - Setting next_dagrun for latest_only_with_trigger to 2025-04-20 00:00:00+00:00, run_after=2025-04-20 04:00:00+00:00
[2025-04-20T05:57:00.769+0000] {processor.py:208} INFO - Processing /home/airflow/.local/lib/python3.12/site-packages/airflow/example_dags/example_latest_only_with_trigger.py took 0.037 seconds
[2025-04-20T05:57:31.837+0000] {processor.py:186} INFO - Started process (PID=8130) to work on /home/airflow/.local/lib/python3.12/site-packages/airflow/example_dags/example_latest_only_with_trigger.py
[2025-04-20T05:57:31.837+0000] {processor.py:914} INFO - Processing file /home/airflow/.local/lib/python3.12/site-packages/airflow/example_dags/example_latest_only_with_trigger.py for tasks to queue
[2025-04-20T05:57:31.838+0000] {logging_mixin.py:190} INFO - [2025-04-20T05:57:31.838+0000] {dagbag.py:588} INFO - Filling up the DagBag from /home/airflow/.local/lib/python3.12/site-packages/airflow/example_dags/example_latest_only_with_trigger.py
[2025-04-20T05:57:31.842+0000] {processor.py:925} INFO - DAG(s) 'latest_only_with_trigger' retrieved from /home/airflow/.local/lib/python3.12/site-packages/airflow/example_dags/example_latest_only_with_trigger.py
[2025-04-20T05:57:31.851+0000] {logging_mixin.py:190} INFO - [2025-04-20T05:57:31.851+0000] {dag.py:3239} INFO - Sync 1 DAGs
[2025-04-20T05:57:31.860+0000] {logging_mixin.py:190} INFO - [2025-04-20T05:57:31.860+0000] {dag.py:4180} INFO - Setting next_dagrun for latest_only_with_trigger to 2025-04-20 00:00:00+00:00, run_after=2025-04-20 04:00:00+00:00
[2025-04-20T05:57:31.870+0000] {processor.py:208} INFO - Processing /home/airflow/.local/lib/python3.12/site-packages/airflow/example_dags/example_latest_only_with_trigger.py took 0.036 seconds
[2025-04-20T05:58:02.575+0000] {processor.py:186} INFO - Started process (PID=8194) to work on /home/airflow/.local/lib/python3.12/site-packages/airflow/example_dags/example_latest_only_with_trigger.py
[2025-04-20T05:58:02.575+0000] {processor.py:914} INFO - Processing file /home/airflow/.local/lib/python3.12/site-packages/airflow/example_dags/example_latest_only_with_trigger.py for tasks to queue
[2025-04-20T05:58:02.576+0000] {logging_mixin.py:190} INFO - [2025-04-20T05:58:02.576+0000] {dagbag.py:588} INFO - Filling up the DagBag from /home/airflow/.local/lib/python3.12/site-packages/airflow/example_dags/example_latest_only_with_trigger.py
[2025-04-20T05:58:02.580+0000] {processor.py:925} INFO - DAG(s) 'latest_only_with_trigger' retrieved from /home/airflow/.local/lib/python3.12/site-packages/airflow/example_dags/example_latest_only_with_trigger.py
[2025-04-20T05:58:02.589+0000] {logging_mixin.py:190} INFO - [2025-04-20T05:58:02.589+0000] {dag.py:3239} INFO - Sync 1 DAGs
[2025-04-20T05:58:02.597+0000] {logging_mixin.py:190} INFO - [2025-04-20T05:58:02.597+0000] {dag.py:4180} INFO - Setting next_dagrun for latest_only_with_trigger to 2025-04-20 00:00:00+00:00, run_after=2025-04-20 04:00:00+00:00
[2025-04-20T05:58:02.607+0000] {processor.py:208} INFO - Processing /home/airflow/.local/lib/python3.12/site-packages/airflow/example_dags/example_latest_only_with_trigger.py took 0.035 seconds
[2025-04-20T05:58:32.876+0000] {processor.py:186} INFO - Started process (PID=8258) to work on /home/airflow/.local/lib/python3.12/site-packages/airflow/example_dags/example_latest_only_with_trigger.py
[2025-04-20T05:58:32.876+0000] {processor.py:914} INFO - Processing file /home/airflow/.local/lib/python3.12/site-packages/airflow/example_dags/example_latest_only_with_trigger.py for tasks to queue
[2025-04-20T05:58:32.878+0000] {logging_mixin.py:190} INFO - [2025-04-20T05:58:32.877+0000] {dagbag.py:588} INFO - Filling up the DagBag from /home/airflow/.local/lib/python3.12/site-packages/airflow/example_dags/example_latest_only_with_trigger.py
[2025-04-20T05:58:32.881+0000] {processor.py:925} INFO - DAG(s) 'latest_only_with_trigger' retrieved from /home/airflow/.local/lib/python3.12/site-packages/airflow/example_dags/example_latest_only_with_trigger.py
[2025-04-20T05:58:32.892+0000] {logging_mixin.py:190} INFO - [2025-04-20T05:58:32.892+0000] {dag.py:3239} INFO - Sync 1 DAGs
[2025-04-20T05:58:32.902+0000] {logging_mixin.py:190} INFO - [2025-04-20T05:58:32.902+0000] {dag.py:4180} INFO - Setting next_dagrun for latest_only_with_trigger to 2025-04-20 00:00:00+00:00, run_after=2025-04-20 04:00:00+00:00
[2025-04-20T05:58:32.913+0000] {processor.py:208} INFO - Processing /home/airflow/.local/lib/python3.12/site-packages/airflow/example_dags/example_latest_only_with_trigger.py took 0.040 seconds
[2025-04-20T05:59:03.205+0000] {processor.py:186} INFO - Started process (PID=8322) to work on /home/airflow/.local/lib/python3.12/site-packages/airflow/example_dags/example_latest_only_with_trigger.py
[2025-04-20T05:59:03.206+0000] {processor.py:914} INFO - Processing file /home/airflow/.local/lib/python3.12/site-packages/airflow/example_dags/example_latest_only_with_trigger.py for tasks to queue
[2025-04-20T05:59:03.207+0000] {logging_mixin.py:190} INFO - [2025-04-20T05:59:03.207+0000] {dagbag.py:588} INFO - Filling up the DagBag from /home/airflow/.local/lib/python3.12/site-packages/airflow/example_dags/example_latest_only_with_trigger.py
[2025-04-20T05:59:03.211+0000] {processor.py:925} INFO - DAG(s) 'latest_only_with_trigger' retrieved from /home/airflow/.local/lib/python3.12/site-packages/airflow/example_dags/example_latest_only_with_trigger.py
[2025-04-20T05:59:03.221+0000] {logging_mixin.py:190} INFO - [2025-04-20T05:59:03.221+0000] {dag.py:3239} INFO - Sync 1 DAGs
[2025-04-20T05:59:03.231+0000] {logging_mixin.py:190} INFO - [2025-04-20T05:59:03.231+0000] {dag.py:4180} INFO - Setting next_dagrun for latest_only_with_trigger to 2025-04-20 00:00:00+00:00, run_after=2025-04-20 04:00:00+00:00
[2025-04-20T05:59:03.241+0000] {processor.py:208} INFO - Processing /home/airflow/.local/lib/python3.12/site-packages/airflow/example_dags/example_latest_only_with_trigger.py took 0.039 seconds
[2025-04-20T05:59:33.522+0000] {processor.py:186} INFO - Started process (PID=8386) to work on /home/airflow/.local/lib/python3.12/site-packages/airflow/example_dags/example_latest_only_with_trigger.py
[2025-04-20T05:59:33.522+0000] {processor.py:914} INFO - Processing file /home/airflow/.local/lib/python3.12/site-packages/airflow/example_dags/example_latest_only_with_trigger.py for tasks to queue
[2025-04-20T05:59:33.523+0000] {logging_mixin.py:190} INFO - [2025-04-20T05:59:33.523+0000] {dagbag.py:588} INFO - Filling up the DagBag from /home/airflow/.local/lib/python3.12/site-packages/airflow/example_dags/example_latest_only_with_trigger.py
[2025-04-20T05:59:33.527+0000] {processor.py:925} INFO - DAG(s) 'latest_only_with_trigger' retrieved from /home/airflow/.local/lib/python3.12/site-packages/airflow/example_dags/example_latest_only_with_trigger.py
[2025-04-20T05:59:33.537+0000] {logging_mixin.py:190} INFO - [2025-04-20T05:59:33.537+0000] {dag.py:3239} INFO - Sync 1 DAGs
[2025-04-20T05:59:33.546+0000] {logging_mixin.py:190} INFO - [2025-04-20T05:59:33.546+0000] {dag.py:4180} INFO - Setting next_dagrun for latest_only_with_trigger to 2025-04-20 00:00:00+00:00, run_after=2025-04-20 04:00:00+00:00
[2025-04-20T05:59:33.554+0000] {processor.py:208} INFO - Processing /home/airflow/.local/lib/python3.12/site-packages/airflow/example_dags/example_latest_only_with_trigger.py took 0.035 seconds
[2025-04-20T06:00:04.076+0000] {processor.py:186} INFO - Started process (PID=8449) to work on /home/airflow/.local/lib/python3.12/site-packages/airflow/example_dags/example_latest_only_with_trigger.py
[2025-04-20T06:00:04.077+0000] {processor.py:914} INFO - Processing file /home/airflow/.local/lib/python3.12/site-packages/airflow/example_dags/example_latest_only_with_trigger.py for tasks to queue
[2025-04-20T06:00:04.077+0000] {logging_mixin.py:190} INFO - [2025-04-20T06:00:04.077+0000] {dagbag.py:588} INFO - Filling up the DagBag from /home/airflow/.local/lib/python3.12/site-packages/airflow/example_dags/example_latest_only_with_trigger.py
[2025-04-20T06:00:04.082+0000] {processor.py:925} INFO - DAG(s) 'latest_only_with_trigger' retrieved from /home/airflow/.local/lib/python3.12/site-packages/airflow/example_dags/example_latest_only_with_trigger.py
[2025-04-20T06:00:04.093+0000] {logging_mixin.py:190} INFO - [2025-04-20T06:00:04.093+0000] {dag.py:3239} INFO - Sync 1 DAGs
[2025-04-20T06:00:04.102+0000] {logging_mixin.py:190} INFO - [2025-04-20T06:00:04.102+0000] {dag.py:4180} INFO - Setting next_dagrun for latest_only_with_trigger to 2025-04-20 00:00:00+00:00, run_after=2025-04-20 04:00:00+00:00
[2025-04-20T06:00:04.111+0000] {processor.py:208} INFO - Processing /home/airflow/.local/lib/python3.12/site-packages/airflow/example_dags/example_latest_only_with_trigger.py took 0.037 seconds
[2025-04-20T06:00:34.488+0000] {processor.py:186} INFO - Started process (PID=8512) to work on /home/airflow/.local/lib/python3.12/site-packages/airflow/example_dags/example_latest_only_with_trigger.py
[2025-04-20T06:00:34.488+0000] {processor.py:914} INFO - Processing file /home/airflow/.local/lib/python3.12/site-packages/airflow/example_dags/example_latest_only_with_trigger.py for tasks to queue
[2025-04-20T06:00:34.488+0000] {logging_mixin.py:190} INFO - [2025-04-20T06:00:34.488+0000] {dagbag.py:588} INFO - Filling up the DagBag from /home/airflow/.local/lib/python3.12/site-packages/airflow/example_dags/example_latest_only_with_trigger.py
[2025-04-20T06:00:34.492+0000] {processor.py:925} INFO - DAG(s) 'latest_only_with_trigger' retrieved from /home/airflow/.local/lib/python3.12/site-packages/airflow/example_dags/example_latest_only_with_trigger.py
[2025-04-20T06:00:34.501+0000] {logging_mixin.py:190} INFO - [2025-04-20T06:00:34.501+0000] {dag.py:3239} INFO - Sync 1 DAGs
[2025-04-20T06:00:34.511+0000] {logging_mixin.py:190} INFO - [2025-04-20T06:00:34.511+0000] {dag.py:4180} INFO - Setting next_dagrun for latest_only_with_trigger to 2025-04-20 00:00:00+00:00, run_after=2025-04-20 04:00:00+00:00
[2025-04-20T06:00:34.519+0000] {processor.py:208} INFO - Processing /home/airflow/.local/lib/python3.12/site-packages/airflow/example_dags/example_latest_only_with_trigger.py took 0.035 seconds
[2025-04-20T06:01:04.827+0000] {processor.py:186} INFO - Started process (PID=8575) to work on /home/airflow/.local/lib/python3.12/site-packages/airflow/example_dags/example_latest_only_with_trigger.py
[2025-04-20T06:01:04.827+0000] {processor.py:914} INFO - Processing file /home/airflow/.local/lib/python3.12/site-packages/airflow/example_dags/example_latest_only_with_trigger.py for tasks to queue
[2025-04-20T06:01:04.828+0000] {logging_mixin.py:190} INFO - [2025-04-20T06:01:04.828+0000] {dagbag.py:588} INFO - Filling up the DagBag from /home/airflow/.local/lib/python3.12/site-packages/airflow/example_dags/example_latest_only_with_trigger.py
[2025-04-20T06:01:04.832+0000] {processor.py:925} INFO - DAG(s) 'latest_only_with_trigger' retrieved from /home/airflow/.local/lib/python3.12/site-packages/airflow/example_dags/example_latest_only_with_trigger.py
[2025-04-20T06:01:04.843+0000] {logging_mixin.py:190} INFO - [2025-04-20T06:01:04.843+0000] {dag.py:3239} INFO - Sync 1 DAGs
[2025-04-20T06:01:04.853+0000] {logging_mixin.py:190} INFO - [2025-04-20T06:01:04.853+0000] {dag.py:4180} INFO - Setting next_dagrun for latest_only_with_trigger to 2025-04-20 00:00:00+00:00, run_after=2025-04-20 04:00:00+00:00
[2025-04-20T06:01:04.863+0000] {processor.py:208} INFO - Processing /home/airflow/.local/lib/python3.12/site-packages/airflow/example_dags/example_latest_only_with_trigger.py took 0.039 seconds
[2025-04-20T06:01:35.340+0000] {processor.py:186} INFO - Started process (PID=8638) to work on /home/airflow/.local/lib/python3.12/site-packages/airflow/example_dags/example_latest_only_with_trigger.py
[2025-04-20T06:01:35.341+0000] {processor.py:914} INFO - Processing file /home/airflow/.local/lib/python3.12/site-packages/airflow/example_dags/example_latest_only_with_trigger.py for tasks to queue
[2025-04-20T06:01:35.341+0000] {logging_mixin.py:190} INFO - [2025-04-20T06:01:35.341+0000] {dagbag.py:588} INFO - Filling up the DagBag from /home/airflow/.local/lib/python3.12/site-packages/airflow/example_dags/example_latest_only_with_trigger.py
[2025-04-20T06:01:35.346+0000] {processor.py:925} INFO - DAG(s) 'latest_only_with_trigger' retrieved from /home/airflow/.local/lib/python3.12/site-packages/airflow/example_dags/example_latest_only_with_trigger.py
[2025-04-20T06:01:35.355+0000] {logging_mixin.py:190} INFO - [2025-04-20T06:01:35.355+0000] {dag.py:3239} INFO - Sync 1 DAGs
[2025-04-20T06:01:35.363+0000] {logging_mixin.py:190} INFO - [2025-04-20T06:01:35.363+0000] {dag.py:4180} INFO - Setting next_dagrun for latest_only_with_trigger to 2025-04-20 00:00:00+00:00, run_after=2025-04-20 04:00:00+00:00
[2025-04-20T06:01:35.372+0000] {processor.py:208} INFO - Processing /home/airflow/.local/lib/python3.12/site-packages/airflow/example_dags/example_latest_only_with_trigger.py took 0.035 seconds
[2025-04-20T06:02:05.836+0000] {processor.py:186} INFO - Started process (PID=8701) to work on /home/airflow/.local/lib/python3.12/site-packages/airflow/example_dags/example_latest_only_with_trigger.py
[2025-04-20T06:02:05.836+0000] {processor.py:914} INFO - Processing file /home/airflow/.local/lib/python3.12/site-packages/airflow/example_dags/example_latest_only_with_trigger.py for tasks to queue
[2025-04-20T06:02:05.837+0000] {logging_mixin.py:190} INFO - [2025-04-20T06:02:05.837+0000] {dagbag.py:588} INFO - Filling up the DagBag from /home/airflow/.local/lib/python3.12/site-packages/airflow/example_dags/example_latest_only_with_trigger.py
[2025-04-20T06:02:05.842+0000] {processor.py:925} INFO - DAG(s) 'latest_only_with_trigger' retrieved from /home/airflow/.local/lib/python3.12/site-packages/airflow/example_dags/example_latest_only_with_trigger.py
[2025-04-20T06:02:05.855+0000] {logging_mixin.py:190} INFO - [2025-04-20T06:02:05.855+0000] {dag.py:3239} INFO - Sync 1 DAGs
[2025-04-20T06:02:05.866+0000] {logging_mixin.py:190} INFO - [2025-04-20T06:02:05.866+0000] {dag.py:4180} INFO - Setting next_dagrun for latest_only_with_trigger to 2025-04-20 00:00:00+00:00, run_after=2025-04-20 04:00:00+00:00
[2025-04-20T06:02:05.878+0000] {processor.py:208} INFO - Processing /home/airflow/.local/lib/python3.12/site-packages/airflow/example_dags/example_latest_only_with_trigger.py took 0.045 seconds
[2025-04-20T06:02:36.267+0000] {processor.py:186} INFO - Started process (PID=8763) to work on /home/airflow/.local/lib/python3.12/site-packages/airflow/example_dags/example_latest_only_with_trigger.py
[2025-04-20T06:02:36.267+0000] {processor.py:914} INFO - Processing file /home/airflow/.local/lib/python3.12/site-packages/airflow/example_dags/example_latest_only_with_trigger.py for tasks to queue
[2025-04-20T06:02:36.268+0000] {logging_mixin.py:190} INFO - [2025-04-20T06:02:36.268+0000] {dagbag.py:588} INFO - Filling up the DagBag from /home/airflow/.local/lib/python3.12/site-packages/airflow/example_dags/example_latest_only_with_trigger.py
[2025-04-20T06:02:36.272+0000] {processor.py:925} INFO - DAG(s) 'latest_only_with_trigger' retrieved from /home/airflow/.local/lib/python3.12/site-packages/airflow/example_dags/example_latest_only_with_trigger.py
[2025-04-20T06:02:36.281+0000] {logging_mixin.py:190} INFO - [2025-04-20T06:02:36.280+0000] {dag.py:3239} INFO - Sync 1 DAGs
[2025-04-20T06:02:36.288+0000] {logging_mixin.py:190} INFO - [2025-04-20T06:02:36.288+0000] {dag.py:4180} INFO - Setting next_dagrun for latest_only_with_trigger to 2025-04-20 00:00:00+00:00, run_after=2025-04-20 04:00:00+00:00
[2025-04-20T06:02:36.294+0000] {processor.py:208} INFO - Processing /home/airflow/.local/lib/python3.12/site-packages/airflow/example_dags/example_latest_only_with_trigger.py took 0.030 seconds
[2025-04-20T06:03:06.597+0000] {processor.py:186} INFO - Started process (PID=8826) to work on /home/airflow/.local/lib/python3.12/site-packages/airflow/example_dags/example_latest_only_with_trigger.py
[2025-04-20T06:03:06.597+0000] {processor.py:914} INFO - Processing file /home/airflow/.local/lib/python3.12/site-packages/airflow/example_dags/example_latest_only_with_trigger.py for tasks to queue
[2025-04-20T06:03:06.598+0000] {logging_mixin.py:190} INFO - [2025-04-20T06:03:06.598+0000] {dagbag.py:588} INFO - Filling up the DagBag from /home/airflow/.local/lib/python3.12/site-packages/airflow/example_dags/example_latest_only_with_trigger.py
[2025-04-20T06:03:06.603+0000] {processor.py:925} INFO - DAG(s) 'latest_only_with_trigger' retrieved from /home/airflow/.local/lib/python3.12/site-packages/airflow/example_dags/example_latest_only_with_trigger.py
[2025-04-20T06:03:06.612+0000] {logging_mixin.py:190} INFO - [2025-04-20T06:03:06.612+0000] {dag.py:3239} INFO - Sync 1 DAGs
[2025-04-20T06:03:06.621+0000] {logging_mixin.py:190} INFO - [2025-04-20T06:03:06.620+0000] {dag.py:4180} INFO - Setting next_dagrun for latest_only_with_trigger to 2025-04-20 00:00:00+00:00, run_after=2025-04-20 04:00:00+00:00
[2025-04-20T06:03:06.627+0000] {processor.py:208} INFO - Processing /home/airflow/.local/lib/python3.12/site-packages/airflow/example_dags/example_latest_only_with_trigger.py took 0.033 seconds
[2025-04-20T06:03:37.384+0000] {processor.py:186} INFO - Started process (PID=8889) to work on /home/airflow/.local/lib/python3.12/site-packages/airflow/example_dags/example_latest_only_with_trigger.py
[2025-04-20T06:03:37.385+0000] {processor.py:914} INFO - Processing file /home/airflow/.local/lib/python3.12/site-packages/airflow/example_dags/example_latest_only_with_trigger.py for tasks to queue
[2025-04-20T06:03:37.385+0000] {logging_mixin.py:190} INFO - [2025-04-20T06:03:37.385+0000] {dagbag.py:588} INFO - Filling up the DagBag from /home/airflow/.local/lib/python3.12/site-packages/airflow/example_dags/example_latest_only_with_trigger.py
[2025-04-20T06:03:37.389+0000] {processor.py:925} INFO - DAG(s) 'latest_only_with_trigger' retrieved from /home/airflow/.local/lib/python3.12/site-packages/airflow/example_dags/example_latest_only_with_trigger.py
[2025-04-20T06:03:37.398+0000] {logging_mixin.py:190} INFO - [2025-04-20T06:03:37.398+0000] {dag.py:3239} INFO - Sync 1 DAGs
[2025-04-20T06:03:37.408+0000] {logging_mixin.py:190} INFO - [2025-04-20T06:03:37.407+0000] {dag.py:4180} INFO - Setting next_dagrun for latest_only_with_trigger to 2025-04-20 00:00:00+00:00, run_after=2025-04-20 04:00:00+00:00
[2025-04-20T06:03:37.415+0000] {processor.py:208} INFO - Processing /home/airflow/.local/lib/python3.12/site-packages/airflow/example_dags/example_latest_only_with_trigger.py took 0.033 seconds
[2025-04-20T06:04:07.958+0000] {processor.py:186} INFO - Started process (PID=8952) to work on /home/airflow/.local/lib/python3.12/site-packages/airflow/example_dags/example_latest_only_with_trigger.py
[2025-04-20T06:04:07.959+0000] {processor.py:914} INFO - Processing file /home/airflow/.local/lib/python3.12/site-packages/airflow/example_dags/example_latest_only_with_trigger.py for tasks to queue
[2025-04-20T06:04:07.959+0000] {logging_mixin.py:190} INFO - [2025-04-20T06:04:07.959+0000] {dagbag.py:588} INFO - Filling up the DagBag from /home/airflow/.local/lib/python3.12/site-packages/airflow/example_dags/example_latest_only_with_trigger.py
[2025-04-20T06:04:07.964+0000] {processor.py:925} INFO - DAG(s) 'latest_only_with_trigger' retrieved from /home/airflow/.local/lib/python3.12/site-packages/airflow/example_dags/example_latest_only_with_trigger.py
[2025-04-20T06:04:07.974+0000] {logging_mixin.py:190} INFO - [2025-04-20T06:04:07.974+0000] {dag.py:3239} INFO - Sync 1 DAGs
[2025-04-20T06:04:07.984+0000] {logging_mixin.py:190} INFO - [2025-04-20T06:04:07.984+0000] {dag.py:4180} INFO - Setting next_dagrun for latest_only_with_trigger to 2025-04-20 00:00:00+00:00, run_after=2025-04-20 04:00:00+00:00
[2025-04-20T06:04:07.993+0000] {processor.py:208} INFO - Processing /home/airflow/.local/lib/python3.12/site-packages/airflow/example_dags/example_latest_only_with_trigger.py took 0.037 seconds
[2025-04-20T06:04:38.370+0000] {processor.py:186} INFO - Started process (PID=9015) to work on /home/airflow/.local/lib/python3.12/site-packages/airflow/example_dags/example_latest_only_with_trigger.py
[2025-04-20T06:04:38.370+0000] {processor.py:914} INFO - Processing file /home/airflow/.local/lib/python3.12/site-packages/airflow/example_dags/example_latest_only_with_trigger.py for tasks to queue
[2025-04-20T06:04:38.371+0000] {logging_mixin.py:190} INFO - [2025-04-20T06:04:38.371+0000] {dagbag.py:588} INFO - Filling up the DagBag from /home/airflow/.local/lib/python3.12/site-packages/airflow/example_dags/example_latest_only_with_trigger.py
[2025-04-20T06:04:38.375+0000] {processor.py:925} INFO - DAG(s) 'latest_only_with_trigger' retrieved from /home/airflow/.local/lib/python3.12/site-packages/airflow/example_dags/example_latest_only_with_trigger.py
[2025-04-20T06:04:38.385+0000] {logging_mixin.py:190} INFO - [2025-04-20T06:04:38.385+0000] {dag.py:3239} INFO - Sync 1 DAGs
[2025-04-20T06:04:38.394+0000] {logging_mixin.py:190} INFO - [2025-04-20T06:04:38.394+0000] {dag.py:4180} INFO - Setting next_dagrun for latest_only_with_trigger to 2025-04-20 00:00:00+00:00, run_after=2025-04-20 04:00:00+00:00
[2025-04-20T06:04:38.401+0000] {processor.py:208} INFO - Processing /home/airflow/.local/lib/python3.12/site-packages/airflow/example_dags/example_latest_only_with_trigger.py took 0.034 seconds
[2025-04-20T06:05:08.985+0000] {processor.py:186} INFO - Started process (PID=9078) to work on /home/airflow/.local/lib/python3.12/site-packages/airflow/example_dags/example_latest_only_with_trigger.py
[2025-04-20T06:05:08.986+0000] {processor.py:914} INFO - Processing file /home/airflow/.local/lib/python3.12/site-packages/airflow/example_dags/example_latest_only_with_trigger.py for tasks to queue
[2025-04-20T06:05:08.986+0000] {logging_mixin.py:190} INFO - [2025-04-20T06:05:08.986+0000] {dagbag.py:588} INFO - Filling up the DagBag from /home/airflow/.local/lib/python3.12/site-packages/airflow/example_dags/example_latest_only_with_trigger.py
[2025-04-20T06:05:08.990+0000] {processor.py:925} INFO - DAG(s) 'latest_only_with_trigger' retrieved from /home/airflow/.local/lib/python3.12/site-packages/airflow/example_dags/example_latest_only_with_trigger.py
[2025-04-20T06:05:08.999+0000] {logging_mixin.py:190} INFO - [2025-04-20T06:05:08.999+0000] {dag.py:3239} INFO - Sync 1 DAGs
[2025-04-20T06:05:09.007+0000] {logging_mixin.py:190} INFO - [2025-04-20T06:05:09.007+0000] {dag.py:4180} INFO - Setting next_dagrun for latest_only_with_trigger to 2025-04-20 00:00:00+00:00, run_after=2025-04-20 04:00:00+00:00
[2025-04-20T06:05:09.013+0000] {processor.py:208} INFO - Processing /home/airflow/.local/lib/python3.12/site-packages/airflow/example_dags/example_latest_only_with_trigger.py took 0.030 seconds
[2025-04-20T06:05:39.658+0000] {processor.py:186} INFO - Started process (PID=9141) to work on /home/airflow/.local/lib/python3.12/site-packages/airflow/example_dags/example_latest_only_with_trigger.py
[2025-04-20T06:05:39.659+0000] {processor.py:914} INFO - Processing file /home/airflow/.local/lib/python3.12/site-packages/airflow/example_dags/example_latest_only_with_trigger.py for tasks to queue
[2025-04-20T06:05:39.659+0000] {logging_mixin.py:190} INFO - [2025-04-20T06:05:39.659+0000] {dagbag.py:588} INFO - Filling up the DagBag from /home/airflow/.local/lib/python3.12/site-packages/airflow/example_dags/example_latest_only_with_trigger.py
[2025-04-20T06:05:39.663+0000] {processor.py:925} INFO - DAG(s) 'latest_only_with_trigger' retrieved from /home/airflow/.local/lib/python3.12/site-packages/airflow/example_dags/example_latest_only_with_trigger.py
[2025-04-20T06:05:39.673+0000] {logging_mixin.py:190} INFO - [2025-04-20T06:05:39.673+0000] {dag.py:3239} INFO - Sync 1 DAGs
[2025-04-20T06:05:39.681+0000] {logging_mixin.py:190} INFO - [2025-04-20T06:05:39.681+0000] {dag.py:4180} INFO - Setting next_dagrun for latest_only_with_trigger to 2025-04-20 00:00:00+00:00, run_after=2025-04-20 04:00:00+00:00
[2025-04-20T06:05:39.687+0000] {processor.py:208} INFO - Processing /home/airflow/.local/lib/python3.12/site-packages/airflow/example_dags/example_latest_only_with_trigger.py took 0.032 seconds
[2025-04-20T06:06:10.025+0000] {processor.py:186} INFO - Started process (PID=9204) to work on /home/airflow/.local/lib/python3.12/site-packages/airflow/example_dags/example_latest_only_with_trigger.py
[2025-04-20T06:06:10.025+0000] {processor.py:914} INFO - Processing file /home/airflow/.local/lib/python3.12/site-packages/airflow/example_dags/example_latest_only_with_trigger.py for tasks to queue
[2025-04-20T06:06:10.026+0000] {logging_mixin.py:190} INFO - [2025-04-20T06:06:10.025+0000] {dagbag.py:588} INFO - Filling up the DagBag from /home/airflow/.local/lib/python3.12/site-packages/airflow/example_dags/example_latest_only_with_trigger.py
[2025-04-20T06:06:10.030+0000] {processor.py:925} INFO - DAG(s) 'latest_only_with_trigger' retrieved from /home/airflow/.local/lib/python3.12/site-packages/airflow/example_dags/example_latest_only_with_trigger.py
[2025-04-20T06:06:10.040+0000] {logging_mixin.py:190} INFO - [2025-04-20T06:06:10.040+0000] {dag.py:3239} INFO - Sync 1 DAGs
[2025-04-20T06:06:10.049+0000] {logging_mixin.py:190} INFO - [2025-04-20T06:06:10.049+0000] {dag.py:4180} INFO - Setting next_dagrun for latest_only_with_trigger to 2025-04-20 00:00:00+00:00, run_after=2025-04-20 04:00:00+00:00
[2025-04-20T06:06:10.056+0000] {processor.py:208} INFO - Processing /home/airflow/.local/lib/python3.12/site-packages/airflow/example_dags/example_latest_only_with_trigger.py took 0.034 seconds
[2025-04-20T06:06:40.393+0000] {processor.py:186} INFO - Started process (PID=9267) to work on /home/airflow/.local/lib/python3.12/site-packages/airflow/example_dags/example_latest_only_with_trigger.py
[2025-04-20T06:06:40.394+0000] {processor.py:914} INFO - Processing file /home/airflow/.local/lib/python3.12/site-packages/airflow/example_dags/example_latest_only_with_trigger.py for tasks to queue
[2025-04-20T06:06:40.394+0000] {logging_mixin.py:190} INFO - [2025-04-20T06:06:40.394+0000] {dagbag.py:588} INFO - Filling up the DagBag from /home/airflow/.local/lib/python3.12/site-packages/airflow/example_dags/example_latest_only_with_trigger.py
[2025-04-20T06:06:40.398+0000] {processor.py:925} INFO - DAG(s) 'latest_only_with_trigger' retrieved from /home/airflow/.local/lib/python3.12/site-packages/airflow/example_dags/example_latest_only_with_trigger.py
[2025-04-20T06:06:40.407+0000] {logging_mixin.py:190} INFO - [2025-04-20T06:06:40.407+0000] {dag.py:3239} INFO - Sync 1 DAGs
[2025-04-20T06:06:40.415+0000] {logging_mixin.py:190} INFO - [2025-04-20T06:06:40.414+0000] {dag.py:4180} INFO - Setting next_dagrun for latest_only_with_trigger to 2025-04-20 00:00:00+00:00, run_after=2025-04-20 04:00:00+00:00
[2025-04-20T06:06:40.420+0000] {processor.py:208} INFO - Processing /home/airflow/.local/lib/python3.12/site-packages/airflow/example_dags/example_latest_only_with_trigger.py took 0.029 seconds
[2025-04-20T06:07:11.072+0000] {processor.py:186} INFO - Started process (PID=9330) to work on /home/airflow/.local/lib/python3.12/site-packages/airflow/example_dags/example_latest_only_with_trigger.py
[2025-04-20T06:07:11.072+0000] {processor.py:914} INFO - Processing file /home/airflow/.local/lib/python3.12/site-packages/airflow/example_dags/example_latest_only_with_trigger.py for tasks to queue
[2025-04-20T06:07:11.073+0000] {logging_mixin.py:190} INFO - [2025-04-20T06:07:11.073+0000] {dagbag.py:588} INFO - Filling up the DagBag from /home/airflow/.local/lib/python3.12/site-packages/airflow/example_dags/example_latest_only_with_trigger.py
[2025-04-20T06:07:11.078+0000] {processor.py:925} INFO - DAG(s) 'latest_only_with_trigger' retrieved from /home/airflow/.local/lib/python3.12/site-packages/airflow/example_dags/example_latest_only_with_trigger.py
[2025-04-20T06:07:11.089+0000] {logging_mixin.py:190} INFO - [2025-04-20T06:07:11.089+0000] {dag.py:3239} INFO - Sync 1 DAGs
[2025-04-20T06:07:11.100+0000] {logging_mixin.py:190} INFO - [2025-04-20T06:07:11.099+0000] {dag.py:4180} INFO - Setting next_dagrun for latest_only_with_trigger to 2025-04-20 00:00:00+00:00, run_after=2025-04-20 04:00:00+00:00
[2025-04-20T06:07:11.109+0000] {processor.py:208} INFO - Processing /home/airflow/.local/lib/python3.12/site-packages/airflow/example_dags/example_latest_only_with_trigger.py took 0.041 seconds
[2025-04-20T06:07:41.634+0000] {processor.py:186} INFO - Started process (PID=9392) to work on /home/airflow/.local/lib/python3.12/site-packages/airflow/example_dags/example_latest_only_with_trigger.py
[2025-04-20T06:07:41.634+0000] {processor.py:914} INFO - Processing file /home/airflow/.local/lib/python3.12/site-packages/airflow/example_dags/example_latest_only_with_trigger.py for tasks to queue
[2025-04-20T06:07:41.635+0000] {logging_mixin.py:190} INFO - [2025-04-20T06:07:41.635+0000] {dagbag.py:588} INFO - Filling up the DagBag from /home/airflow/.local/lib/python3.12/site-packages/airflow/example_dags/example_latest_only_with_trigger.py
[2025-04-20T06:07:41.639+0000] {processor.py:925} INFO - DAG(s) 'latest_only_with_trigger' retrieved from /home/airflow/.local/lib/python3.12/site-packages/airflow/example_dags/example_latest_only_with_trigger.py
[2025-04-20T06:07:41.648+0000] {logging_mixin.py:190} INFO - [2025-04-20T06:07:41.647+0000] {dag.py:3239} INFO - Sync 1 DAGs
[2025-04-20T06:07:41.655+0000] {logging_mixin.py:190} INFO - [2025-04-20T06:07:41.655+0000] {dag.py:4180} INFO - Setting next_dagrun for latest_only_with_trigger to 2025-04-20 00:00:00+00:00, run_after=2025-04-20 04:00:00+00:00
[2025-04-20T06:07:41.661+0000] {processor.py:208} INFO - Processing /home/airflow/.local/lib/python3.12/site-packages/airflow/example_dags/example_latest_only_with_trigger.py took 0.030 seconds
[2025-04-20T06:08:12.410+0000] {processor.py:186} INFO - Started process (PID=9454) to work on /home/airflow/.local/lib/python3.12/site-packages/airflow/example_dags/example_latest_only_with_trigger.py
[2025-04-20T06:08:12.411+0000] {processor.py:914} INFO - Processing file /home/airflow/.local/lib/python3.12/site-packages/airflow/example_dags/example_latest_only_with_trigger.py for tasks to queue
[2025-04-20T06:08:12.412+0000] {logging_mixin.py:190} INFO - [2025-04-20T06:08:12.411+0000] {dagbag.py:588} INFO - Filling up the DagBag from /home/airflow/.local/lib/python3.12/site-packages/airflow/example_dags/example_latest_only_with_trigger.py
[2025-04-20T06:08:12.416+0000] {processor.py:925} INFO - DAG(s) 'latest_only_with_trigger' retrieved from /home/airflow/.local/lib/python3.12/site-packages/airflow/example_dags/example_latest_only_with_trigger.py
[2025-04-20T06:08:12.426+0000] {logging_mixin.py:190} INFO - [2025-04-20T06:08:12.426+0000] {dag.py:3239} INFO - Sync 1 DAGs
[2025-04-20T06:08:12.435+0000] {logging_mixin.py:190} INFO - [2025-04-20T06:08:12.435+0000] {dag.py:4180} INFO - Setting next_dagrun for latest_only_with_trigger to 2025-04-20 00:00:00+00:00, run_after=2025-04-20 04:00:00+00:00
[2025-04-20T06:08:12.446+0000] {processor.py:208} INFO - Processing /home/airflow/.local/lib/python3.12/site-packages/airflow/example_dags/example_latest_only_with_trigger.py took 0.038 seconds
[2025-04-20T06:08:42.836+0000] {processor.py:186} INFO - Started process (PID=9517) to work on /home/airflow/.local/lib/python3.12/site-packages/airflow/example_dags/example_latest_only_with_trigger.py
[2025-04-20T06:08:42.836+0000] {processor.py:914} INFO - Processing file /home/airflow/.local/lib/python3.12/site-packages/airflow/example_dags/example_latest_only_with_trigger.py for tasks to queue
[2025-04-20T06:08:42.837+0000] {logging_mixin.py:190} INFO - [2025-04-20T06:08:42.837+0000] {dagbag.py:588} INFO - Filling up the DagBag from /home/airflow/.local/lib/python3.12/site-packages/airflow/example_dags/example_latest_only_with_trigger.py
[2025-04-20T06:08:42.842+0000] {processor.py:925} INFO - DAG(s) 'latest_only_with_trigger' retrieved from /home/airflow/.local/lib/python3.12/site-packages/airflow/example_dags/example_latest_only_with_trigger.py
[2025-04-20T06:08:42.853+0000] {logging_mixin.py:190} INFO - [2025-04-20T06:08:42.853+0000] {dag.py:3239} INFO - Sync 1 DAGs
[2025-04-20T06:08:42.865+0000] {logging_mixin.py:190} INFO - [2025-04-20T06:08:42.865+0000] {dag.py:4180} INFO - Setting next_dagrun for latest_only_with_trigger to 2025-04-20 00:00:00+00:00, run_after=2025-04-20 04:00:00+00:00
[2025-04-20T06:08:42.875+0000] {processor.py:208} INFO - Processing /home/airflow/.local/lib/python3.12/site-packages/airflow/example_dags/example_latest_only_with_trigger.py took 0.042 seconds
[2025-04-20T06:09:13.180+0000] {processor.py:186} INFO - Started process (PID=9580) to work on /home/airflow/.local/lib/python3.12/site-packages/airflow/example_dags/example_latest_only_with_trigger.py
[2025-04-20T06:09:13.182+0000] {processor.py:914} INFO - Processing file /home/airflow/.local/lib/python3.12/site-packages/airflow/example_dags/example_latest_only_with_trigger.py for tasks to queue
[2025-04-20T06:09:13.183+0000] {logging_mixin.py:190} INFO - [2025-04-20T06:09:13.183+0000] {dagbag.py:588} INFO - Filling up the DagBag from /home/airflow/.local/lib/python3.12/site-packages/airflow/example_dags/example_latest_only_with_trigger.py
[2025-04-20T06:09:13.188+0000] {processor.py:925} INFO - DAG(s) 'latest_only_with_trigger' retrieved from /home/airflow/.local/lib/python3.12/site-packages/airflow/example_dags/example_latest_only_with_trigger.py
[2025-04-20T06:09:13.199+0000] {logging_mixin.py:190} INFO - [2025-04-20T06:09:13.199+0000] {dag.py:3239} INFO - Sync 1 DAGs
[2025-04-20T06:09:13.210+0000] {logging_mixin.py:190} INFO - [2025-04-20T06:09:13.210+0000] {dag.py:4180} INFO - Setting next_dagrun for latest_only_with_trigger to 2025-04-20 00:00:00+00:00, run_after=2025-04-20 04:00:00+00:00
[2025-04-20T06:09:13.219+0000] {processor.py:208} INFO - Processing /home/airflow/.local/lib/python3.12/site-packages/airflow/example_dags/example_latest_only_with_trigger.py took 0.042 seconds
[2025-04-20T06:09:43.732+0000] {processor.py:186} INFO - Started process (PID=9643) to work on /home/airflow/.local/lib/python3.12/site-packages/airflow/example_dags/example_latest_only_with_trigger.py
[2025-04-20T06:09:43.732+0000] {processor.py:914} INFO - Processing file /home/airflow/.local/lib/python3.12/site-packages/airflow/example_dags/example_latest_only_with_trigger.py for tasks to queue
[2025-04-20T06:09:43.732+0000] {logging_mixin.py:190} INFO - [2025-04-20T06:09:43.732+0000] {dagbag.py:588} INFO - Filling up the DagBag from /home/airflow/.local/lib/python3.12/site-packages/airflow/example_dags/example_latest_only_with_trigger.py
[2025-04-20T06:09:43.736+0000] {processor.py:925} INFO - DAG(s) 'latest_only_with_trigger' retrieved from /home/airflow/.local/lib/python3.12/site-packages/airflow/example_dags/example_latest_only_with_trigger.py
[2025-04-20T06:09:43.744+0000] {logging_mixin.py:190} INFO - [2025-04-20T06:09:43.744+0000] {dag.py:3239} INFO - Sync 1 DAGs
[2025-04-20T06:09:43.753+0000] {logging_mixin.py:190} INFO - [2025-04-20T06:09:43.753+0000] {dag.py:4180} INFO - Setting next_dagrun for latest_only_with_trigger to 2025-04-20 00:00:00+00:00, run_after=2025-04-20 04:00:00+00:00
[2025-04-20T06:09:43.759+0000] {processor.py:208} INFO - Processing /home/airflow/.local/lib/python3.12/site-packages/airflow/example_dags/example_latest_only_with_trigger.py took 0.030 seconds
[2025-04-20T06:10:14.083+0000] {processor.py:186} INFO - Started process (PID=9706) to work on /home/airflow/.local/lib/python3.12/site-packages/airflow/example_dags/example_latest_only_with_trigger.py
[2025-04-20T06:10:14.083+0000] {processor.py:914} INFO - Processing file /home/airflow/.local/lib/python3.12/site-packages/airflow/example_dags/example_latest_only_with_trigger.py for tasks to queue
[2025-04-20T06:10:14.085+0000] {logging_mixin.py:190} INFO - [2025-04-20T06:10:14.085+0000] {dagbag.py:588} INFO - Filling up the DagBag from /home/airflow/.local/lib/python3.12/site-packages/airflow/example_dags/example_latest_only_with_trigger.py
[2025-04-20T06:10:14.089+0000] {processor.py:925} INFO - DAG(s) 'latest_only_with_trigger' retrieved from /home/airflow/.local/lib/python3.12/site-packages/airflow/example_dags/example_latest_only_with_trigger.py
[2025-04-20T06:10:14.098+0000] {logging_mixin.py:190} INFO - [2025-04-20T06:10:14.098+0000] {dag.py:3239} INFO - Sync 1 DAGs
[2025-04-20T06:10:14.107+0000] {logging_mixin.py:190} INFO - [2025-04-20T06:10:14.107+0000] {dag.py:4180} INFO - Setting next_dagrun for latest_only_with_trigger to 2025-04-20 00:00:00+00:00, run_after=2025-04-20 04:00:00+00:00
[2025-04-20T06:10:14.114+0000] {processor.py:208} INFO - Processing /home/airflow/.local/lib/python3.12/site-packages/airflow/example_dags/example_latest_only_with_trigger.py took 0.034 seconds
[2025-04-20T06:10:44.485+0000] {processor.py:186} INFO - Started process (PID=9769) to work on /home/airflow/.local/lib/python3.12/site-packages/airflow/example_dags/example_latest_only_with_trigger.py
[2025-04-20T06:10:44.485+0000] {processor.py:914} INFO - Processing file /home/airflow/.local/lib/python3.12/site-packages/airflow/example_dags/example_latest_only_with_trigger.py for tasks to queue
[2025-04-20T06:10:44.486+0000] {logging_mixin.py:190} INFO - [2025-04-20T06:10:44.486+0000] {dagbag.py:588} INFO - Filling up the DagBag from /home/airflow/.local/lib/python3.12/site-packages/airflow/example_dags/example_latest_only_with_trigger.py
[2025-04-20T06:10:44.490+0000] {processor.py:925} INFO - DAG(s) 'latest_only_with_trigger' retrieved from /home/airflow/.local/lib/python3.12/site-packages/airflow/example_dags/example_latest_only_with_trigger.py
[2025-04-20T06:10:44.501+0000] {logging_mixin.py:190} INFO - [2025-04-20T06:10:44.501+0000] {dag.py:3239} INFO - Sync 1 DAGs
[2025-04-20T06:10:44.512+0000] {logging_mixin.py:190} INFO - [2025-04-20T06:10:44.512+0000] {dag.py:4180} INFO - Setting next_dagrun for latest_only_with_trigger to 2025-04-20 00:00:00+00:00, run_after=2025-04-20 04:00:00+00:00
[2025-04-20T06:10:44.526+0000] {processor.py:208} INFO - Processing /home/airflow/.local/lib/python3.12/site-packages/airflow/example_dags/example_latest_only_with_trigger.py took 0.044 seconds
[2025-04-20T06:11:15.011+0000] {processor.py:186} INFO - Started process (PID=9832) to work on /home/airflow/.local/lib/python3.12/site-packages/airflow/example_dags/example_latest_only_with_trigger.py
[2025-04-20T06:11:15.012+0000] {processor.py:914} INFO - Processing file /home/airflow/.local/lib/python3.12/site-packages/airflow/example_dags/example_latest_only_with_trigger.py for tasks to queue
[2025-04-20T06:11:15.013+0000] {logging_mixin.py:190} INFO - [2025-04-20T06:11:15.012+0000] {dagbag.py:588} INFO - Filling up the DagBag from /home/airflow/.local/lib/python3.12/site-packages/airflow/example_dags/example_latest_only_with_trigger.py
[2025-04-20T06:11:15.017+0000] {processor.py:925} INFO - DAG(s) 'latest_only_with_trigger' retrieved from /home/airflow/.local/lib/python3.12/site-packages/airflow/example_dags/example_latest_only_with_trigger.py
[2025-04-20T06:11:15.030+0000] {logging_mixin.py:190} INFO - [2025-04-20T06:11:15.029+0000] {dag.py:3239} INFO - Sync 1 DAGs
[2025-04-20T06:11:15.039+0000] {logging_mixin.py:190} INFO - [2025-04-20T06:11:15.039+0000] {dag.py:4180} INFO - Setting next_dagrun for latest_only_with_trigger to 2025-04-20 00:00:00+00:00, run_after=2025-04-20 04:00:00+00:00
[2025-04-20T06:11:15.048+0000] {processor.py:208} INFO - Processing /home/airflow/.local/lib/python3.12/site-packages/airflow/example_dags/example_latest_only_with_trigger.py took 0.039 seconds
[2025-04-20T06:11:45.543+0000] {processor.py:186} INFO - Started process (PID=9895) to work on /home/airflow/.local/lib/python3.12/site-packages/airflow/example_dags/example_latest_only_with_trigger.py
[2025-04-20T06:11:45.544+0000] {processor.py:914} INFO - Processing file /home/airflow/.local/lib/python3.12/site-packages/airflow/example_dags/example_latest_only_with_trigger.py for tasks to queue
[2025-04-20T06:11:45.544+0000] {logging_mixin.py:190} INFO - [2025-04-20T06:11:45.544+0000] {dagbag.py:588} INFO - Filling up the DagBag from /home/airflow/.local/lib/python3.12/site-packages/airflow/example_dags/example_latest_only_with_trigger.py
[2025-04-20T06:11:45.548+0000] {processor.py:925} INFO - DAG(s) 'latest_only_with_trigger' retrieved from /home/airflow/.local/lib/python3.12/site-packages/airflow/example_dags/example_latest_only_with_trigger.py
[2025-04-20T06:11:45.558+0000] {logging_mixin.py:190} INFO - [2025-04-20T06:11:45.557+0000] {dag.py:3239} INFO - Sync 1 DAGs
[2025-04-20T06:11:45.568+0000] {logging_mixin.py:190} INFO - [2025-04-20T06:11:45.568+0000] {dag.py:4180} INFO - Setting next_dagrun for latest_only_with_trigger to 2025-04-20 00:00:00+00:00, run_after=2025-04-20 04:00:00+00:00
[2025-04-20T06:11:45.576+0000] {processor.py:208} INFO - Processing /home/airflow/.local/lib/python3.12/site-packages/airflow/example_dags/example_latest_only_with_trigger.py took 0.036 seconds
[2025-04-20T06:12:15.961+0000] {processor.py:186} INFO - Started process (PID=9958) to work on /home/airflow/.local/lib/python3.12/site-packages/airflow/example_dags/example_latest_only_with_trigger.py
[2025-04-20T06:12:15.961+0000] {processor.py:914} INFO - Processing file /home/airflow/.local/lib/python3.12/site-packages/airflow/example_dags/example_latest_only_with_trigger.py for tasks to queue
[2025-04-20T06:12:15.961+0000] {logging_mixin.py:190} INFO - [2025-04-20T06:12:15.961+0000] {dagbag.py:588} INFO - Filling up the DagBag from /home/airflow/.local/lib/python3.12/site-packages/airflow/example_dags/example_latest_only_with_trigger.py
[2025-04-20T06:12:15.966+0000] {processor.py:925} INFO - DAG(s) 'latest_only_with_trigger' retrieved from /home/airflow/.local/lib/python3.12/site-packages/airflow/example_dags/example_latest_only_with_trigger.py
[2025-04-20T06:12:15.974+0000] {logging_mixin.py:190} INFO - [2025-04-20T06:12:15.974+0000] {dag.py:3239} INFO - Sync 1 DAGs
[2025-04-20T06:12:15.986+0000] {logging_mixin.py:190} INFO - [2025-04-20T06:12:15.985+0000] {dag.py:4180} INFO - Setting next_dagrun for latest_only_with_trigger to 2025-04-20 00:00:00+00:00, run_after=2025-04-20 04:00:00+00:00
[2025-04-20T06:12:15.998+0000] {processor.py:208} INFO - Processing /home/airflow/.local/lib/python3.12/site-packages/airflow/example_dags/example_latest_only_with_trigger.py took 0.040 seconds
[2025-04-20T06:12:46.323+0000] {processor.py:186} INFO - Started process (PID=10021) to work on /home/airflow/.local/lib/python3.12/site-packages/airflow/example_dags/example_latest_only_with_trigger.py
[2025-04-20T06:12:46.326+0000] {processor.py:914} INFO - Processing file /home/airflow/.local/lib/python3.12/site-packages/airflow/example_dags/example_latest_only_with_trigger.py for tasks to queue
[2025-04-20T06:12:46.327+0000] {logging_mixin.py:190} INFO - [2025-04-20T06:12:46.327+0000] {dagbag.py:588} INFO - Filling up the DagBag from /home/airflow/.local/lib/python3.12/site-packages/airflow/example_dags/example_latest_only_with_trigger.py
[2025-04-20T06:12:46.331+0000] {processor.py:925} INFO - DAG(s) 'latest_only_with_trigger' retrieved from /home/airflow/.local/lib/python3.12/site-packages/airflow/example_dags/example_latest_only_with_trigger.py
[2025-04-20T06:12:46.344+0000] {logging_mixin.py:190} INFO - [2025-04-20T06:12:46.344+0000] {dag.py:3239} INFO - Sync 1 DAGs
[2025-04-20T06:12:46.355+0000] {logging_mixin.py:190} INFO - [2025-04-20T06:12:46.355+0000] {dag.py:4180} INFO - Setting next_dagrun for latest_only_with_trigger to 2025-04-20 00:00:00+00:00, run_after=2025-04-20 04:00:00+00:00
[2025-04-20T06:12:46.366+0000] {processor.py:208} INFO - Processing /home/airflow/.local/lib/python3.12/site-packages/airflow/example_dags/example_latest_only_with_trigger.py took 0.046 seconds
[2025-04-20T06:13:16.792+0000] {processor.py:186} INFO - Started process (PID=10084) to work on /home/airflow/.local/lib/python3.12/site-packages/airflow/example_dags/example_latest_only_with_trigger.py
[2025-04-20T06:13:16.793+0000] {processor.py:914} INFO - Processing file /home/airflow/.local/lib/python3.12/site-packages/airflow/example_dags/example_latest_only_with_trigger.py for tasks to queue
[2025-04-20T06:13:16.793+0000] {logging_mixin.py:190} INFO - [2025-04-20T06:13:16.793+0000] {dagbag.py:588} INFO - Filling up the DagBag from /home/airflow/.local/lib/python3.12/site-packages/airflow/example_dags/example_latest_only_with_trigger.py
[2025-04-20T06:13:16.798+0000] {processor.py:925} INFO - DAG(s) 'latest_only_with_trigger' retrieved from /home/airflow/.local/lib/python3.12/site-packages/airflow/example_dags/example_latest_only_with_trigger.py
[2025-04-20T06:13:16.808+0000] {logging_mixin.py:190} INFO - [2025-04-20T06:13:16.808+0000] {dag.py:3239} INFO - Sync 1 DAGs
[2025-04-20T06:13:16.818+0000] {logging_mixin.py:190} INFO - [2025-04-20T06:13:16.818+0000] {dag.py:4180} INFO - Setting next_dagrun for latest_only_with_trigger to 2025-04-20 00:00:00+00:00, run_after=2025-04-20 04:00:00+00:00
[2025-04-20T06:13:16.832+0000] {processor.py:208} INFO - Processing /home/airflow/.local/lib/python3.12/site-packages/airflow/example_dags/example_latest_only_with_trigger.py took 0.043 seconds
[2025-04-20T06:13:47.299+0000] {processor.py:186} INFO - Started process (PID=10146) to work on /home/airflow/.local/lib/python3.12/site-packages/airflow/example_dags/example_latest_only_with_trigger.py
[2025-04-20T06:13:47.299+0000] {processor.py:914} INFO - Processing file /home/airflow/.local/lib/python3.12/site-packages/airflow/example_dags/example_latest_only_with_trigger.py for tasks to queue
[2025-04-20T06:13:47.300+0000] {logging_mixin.py:190} INFO - [2025-04-20T06:13:47.300+0000] {dagbag.py:588} INFO - Filling up the DagBag from /home/airflow/.local/lib/python3.12/site-packages/airflow/example_dags/example_latest_only_with_trigger.py
[2025-04-20T06:13:47.304+0000] {processor.py:925} INFO - DAG(s) 'latest_only_with_trigger' retrieved from /home/airflow/.local/lib/python3.12/site-packages/airflow/example_dags/example_latest_only_with_trigger.py
[2025-04-20T06:13:47.314+0000] {logging_mixin.py:190} INFO - [2025-04-20T06:13:47.314+0000] {dag.py:3239} INFO - Sync 1 DAGs
[2025-04-20T06:13:47.325+0000] {logging_mixin.py:190} INFO - [2025-04-20T06:13:47.325+0000] {dag.py:4180} INFO - Setting next_dagrun for latest_only_with_trigger to 2025-04-20 00:00:00+00:00, run_after=2025-04-20 04:00:00+00:00
[2025-04-20T06:13:47.334+0000] {processor.py:208} INFO - Processing /home/airflow/.local/lib/python3.12/site-packages/airflow/example_dags/example_latest_only_with_trigger.py took 0.039 seconds
[2025-04-20T06:14:17.813+0000] {processor.py:186} INFO - Started process (PID=10209) to work on /home/airflow/.local/lib/python3.12/site-packages/airflow/example_dags/example_latest_only_with_trigger.py
[2025-04-20T06:14:17.813+0000] {processor.py:914} INFO - Processing file /home/airflow/.local/lib/python3.12/site-packages/airflow/example_dags/example_latest_only_with_trigger.py for tasks to queue
[2025-04-20T06:14:17.814+0000] {logging_mixin.py:190} INFO - [2025-04-20T06:14:17.814+0000] {dagbag.py:588} INFO - Filling up the DagBag from /home/airflow/.local/lib/python3.12/site-packages/airflow/example_dags/example_latest_only_with_trigger.py
[2025-04-20T06:14:17.818+0000] {processor.py:925} INFO - DAG(s) 'latest_only_with_trigger' retrieved from /home/airflow/.local/lib/python3.12/site-packages/airflow/example_dags/example_latest_only_with_trigger.py
[2025-04-20T06:14:17.827+0000] {logging_mixin.py:190} INFO - [2025-04-20T06:14:17.827+0000] {dag.py:3239} INFO - Sync 1 DAGs
[2025-04-20T06:14:17.836+0000] {logging_mixin.py:190} INFO - [2025-04-20T06:14:17.836+0000] {dag.py:4180} INFO - Setting next_dagrun for latest_only_with_trigger to 2025-04-20 00:00:00+00:00, run_after=2025-04-20 04:00:00+00:00
[2025-04-20T06:14:17.843+0000] {processor.py:208} INFO - Processing /home/airflow/.local/lib/python3.12/site-packages/airflow/example_dags/example_latest_only_with_trigger.py took 0.033 seconds
[2025-04-20T06:14:48.333+0000] {processor.py:186} INFO - Started process (PID=10272) to work on /home/airflow/.local/lib/python3.12/site-packages/airflow/example_dags/example_latest_only_with_trigger.py
[2025-04-20T06:14:48.334+0000] {processor.py:914} INFO - Processing file /home/airflow/.local/lib/python3.12/site-packages/airflow/example_dags/example_latest_only_with_trigger.py for tasks to queue
[2025-04-20T06:14:48.335+0000] {logging_mixin.py:190} INFO - [2025-04-20T06:14:48.335+0000] {dagbag.py:588} INFO - Filling up the DagBag from /home/airflow/.local/lib/python3.12/site-packages/airflow/example_dags/example_latest_only_with_trigger.py
[2025-04-20T06:14:48.339+0000] {processor.py:925} INFO - DAG(s) 'latest_only_with_trigger' retrieved from /home/airflow/.local/lib/python3.12/site-packages/airflow/example_dags/example_latest_only_with_trigger.py
[2025-04-20T06:14:48.349+0000] {logging_mixin.py:190} INFO - [2025-04-20T06:14:48.349+0000] {dag.py:3239} INFO - Sync 1 DAGs
[2025-04-20T06:14:48.358+0000] {logging_mixin.py:190} INFO - [2025-04-20T06:14:48.358+0000] {dag.py:4180} INFO - Setting next_dagrun for latest_only_with_trigger to 2025-04-20 00:00:00+00:00, run_after=2025-04-20 04:00:00+00:00
[2025-04-20T06:14:48.365+0000] {processor.py:208} INFO - Processing /home/airflow/.local/lib/python3.12/site-packages/airflow/example_dags/example_latest_only_with_trigger.py took 0.034 seconds
[2025-04-20T06:15:18.628+0000] {processor.py:186} INFO - Started process (PID=10335) to work on /home/airflow/.local/lib/python3.12/site-packages/airflow/example_dags/example_latest_only_with_trigger.py
[2025-04-20T06:15:18.629+0000] {processor.py:914} INFO - Processing file /home/airflow/.local/lib/python3.12/site-packages/airflow/example_dags/example_latest_only_with_trigger.py for tasks to queue
[2025-04-20T06:15:18.630+0000] {logging_mixin.py:190} INFO - [2025-04-20T06:15:18.630+0000] {dagbag.py:588} INFO - Filling up the DagBag from /home/airflow/.local/lib/python3.12/site-packages/airflow/example_dags/example_latest_only_with_trigger.py
[2025-04-20T06:15:18.634+0000] {processor.py:925} INFO - DAG(s) 'latest_only_with_trigger' retrieved from /home/airflow/.local/lib/python3.12/site-packages/airflow/example_dags/example_latest_only_with_trigger.py
[2025-04-20T06:15:18.643+0000] {logging_mixin.py:190} INFO - [2025-04-20T06:15:18.643+0000] {dag.py:3239} INFO - Sync 1 DAGs
[2025-04-20T06:15:18.655+0000] {logging_mixin.py:190} INFO - [2025-04-20T06:15:18.654+0000] {dag.py:4180} INFO - Setting next_dagrun for latest_only_with_trigger to 2025-04-20 00:00:00+00:00, run_after=2025-04-20 04:00:00+00:00
[2025-04-20T06:15:18.666+0000] {processor.py:208} INFO - Processing /home/airflow/.local/lib/python3.12/site-packages/airflow/example_dags/example_latest_only_with_trigger.py took 0.041 seconds
[2025-04-20T06:15:48.972+0000] {processor.py:186} INFO - Started process (PID=10398) to work on /home/airflow/.local/lib/python3.12/site-packages/airflow/example_dags/example_latest_only_with_trigger.py
[2025-04-20T06:15:48.972+0000] {processor.py:914} INFO - Processing file /home/airflow/.local/lib/python3.12/site-packages/airflow/example_dags/example_latest_only_with_trigger.py for tasks to queue
[2025-04-20T06:15:48.973+0000] {logging_mixin.py:190} INFO - [2025-04-20T06:15:48.973+0000] {dagbag.py:588} INFO - Filling up the DagBag from /home/airflow/.local/lib/python3.12/site-packages/airflow/example_dags/example_latest_only_with_trigger.py
[2025-04-20T06:15:48.977+0000] {processor.py:925} INFO - DAG(s) 'latest_only_with_trigger' retrieved from /home/airflow/.local/lib/python3.12/site-packages/airflow/example_dags/example_latest_only_with_trigger.py
[2025-04-20T06:15:48.986+0000] {logging_mixin.py:190} INFO - [2025-04-20T06:15:48.986+0000] {dag.py:3239} INFO - Sync 1 DAGs
[2025-04-20T06:15:48.998+0000] {logging_mixin.py:190} INFO - [2025-04-20T06:15:48.998+0000] {dag.py:4180} INFO - Setting next_dagrun for latest_only_with_trigger to 2025-04-20 00:00:00+00:00, run_after=2025-04-20 04:00:00+00:00
[2025-04-20T06:15:49.005+0000] {processor.py:208} INFO - Processing /home/airflow/.local/lib/python3.12/site-packages/airflow/example_dags/example_latest_only_with_trigger.py took 0.036 seconds
[2025-04-20T06:16:19.430+0000] {processor.py:186} INFO - Started process (PID=10461) to work on /home/airflow/.local/lib/python3.12/site-packages/airflow/example_dags/example_latest_only_with_trigger.py
[2025-04-20T06:16:19.430+0000] {processor.py:914} INFO - Processing file /home/airflow/.local/lib/python3.12/site-packages/airflow/example_dags/example_latest_only_with_trigger.py for tasks to queue
[2025-04-20T06:16:19.431+0000] {logging_mixin.py:190} INFO - [2025-04-20T06:16:19.431+0000] {dagbag.py:588} INFO - Filling up the DagBag from /home/airflow/.local/lib/python3.12/site-packages/airflow/example_dags/example_latest_only_with_trigger.py
[2025-04-20T06:16:19.435+0000] {processor.py:925} INFO - DAG(s) 'latest_only_with_trigger' retrieved from /home/airflow/.local/lib/python3.12/site-packages/airflow/example_dags/example_latest_only_with_trigger.py
[2025-04-20T06:16:19.445+0000] {logging_mixin.py:190} INFO - [2025-04-20T06:16:19.444+0000] {dag.py:3239} INFO - Sync 1 DAGs
[2025-04-20T06:16:19.454+0000] {logging_mixin.py:190} INFO - [2025-04-20T06:16:19.454+0000] {dag.py:4180} INFO - Setting next_dagrun for latest_only_with_trigger to 2025-04-20 00:00:00+00:00, run_after=2025-04-20 04:00:00+00:00
[2025-04-20T06:16:19.464+0000] {processor.py:208} INFO - Processing /home/airflow/.local/lib/python3.12/site-packages/airflow/example_dags/example_latest_only_with_trigger.py took 0.037 seconds
[2025-04-20T06:16:49.799+0000] {processor.py:186} INFO - Started process (PID=10524) to work on /home/airflow/.local/lib/python3.12/site-packages/airflow/example_dags/example_latest_only_with_trigger.py
[2025-04-20T06:16:49.802+0000] {processor.py:914} INFO - Processing file /home/airflow/.local/lib/python3.12/site-packages/airflow/example_dags/example_latest_only_with_trigger.py for tasks to queue
[2025-04-20T06:16:49.803+0000] {logging_mixin.py:190} INFO - [2025-04-20T06:16:49.802+0000] {dagbag.py:588} INFO - Filling up the DagBag from /home/airflow/.local/lib/python3.12/site-packages/airflow/example_dags/example_latest_only_with_trigger.py
[2025-04-20T06:16:49.807+0000] {processor.py:925} INFO - DAG(s) 'latest_only_with_trigger' retrieved from /home/airflow/.local/lib/python3.12/site-packages/airflow/example_dags/example_latest_only_with_trigger.py
[2025-04-20T06:16:49.816+0000] {logging_mixin.py:190} INFO - [2025-04-20T06:16:49.816+0000] {dag.py:3239} INFO - Sync 1 DAGs
[2025-04-20T06:16:49.825+0000] {logging_mixin.py:190} INFO - [2025-04-20T06:16:49.825+0000] {dag.py:4180} INFO - Setting next_dagrun for latest_only_with_trigger to 2025-04-20 00:00:00+00:00, run_after=2025-04-20 04:00:00+00:00
[2025-04-20T06:16:49.833+0000] {processor.py:208} INFO - Processing /home/airflow/.local/lib/python3.12/site-packages/airflow/example_dags/example_latest_only_with_trigger.py took 0.037 seconds
[2025-04-20T06:17:20.330+0000] {processor.py:186} INFO - Started process (PID=10587) to work on /home/airflow/.local/lib/python3.12/site-packages/airflow/example_dags/example_latest_only_with_trigger.py
[2025-04-20T06:17:20.330+0000] {processor.py:914} INFO - Processing file /home/airflow/.local/lib/python3.12/site-packages/airflow/example_dags/example_latest_only_with_trigger.py for tasks to queue
[2025-04-20T06:17:20.332+0000] {logging_mixin.py:190} INFO - [2025-04-20T06:17:20.331+0000] {dagbag.py:588} INFO - Filling up the DagBag from /home/airflow/.local/lib/python3.12/site-packages/airflow/example_dags/example_latest_only_with_trigger.py
[2025-04-20T06:17:20.336+0000] {processor.py:925} INFO - DAG(s) 'latest_only_with_trigger' retrieved from /home/airflow/.local/lib/python3.12/site-packages/airflow/example_dags/example_latest_only_with_trigger.py
[2025-04-20T06:17:20.345+0000] {logging_mixin.py:190} INFO - [2025-04-20T06:17:20.345+0000] {dag.py:3239} INFO - Sync 1 DAGs
[2025-04-20T06:17:20.359+0000] {logging_mixin.py:190} INFO - [2025-04-20T06:17:20.359+0000] {dag.py:4180} INFO - Setting next_dagrun for latest_only_with_trigger to 2025-04-20 00:00:00+00:00, run_after=2025-04-20 04:00:00+00:00
[2025-04-20T06:17:20.367+0000] {processor.py:208} INFO - Processing /home/airflow/.local/lib/python3.12/site-packages/airflow/example_dags/example_latest_only_with_trigger.py took 0.040 seconds
[2025-04-20T06:17:50.852+0000] {processor.py:186} INFO - Started process (PID=10650) to work on /home/airflow/.local/lib/python3.12/site-packages/airflow/example_dags/example_latest_only_with_trigger.py
[2025-04-20T06:17:50.855+0000] {processor.py:914} INFO - Processing file /home/airflow/.local/lib/python3.12/site-packages/airflow/example_dags/example_latest_only_with_trigger.py for tasks to queue
[2025-04-20T06:17:50.855+0000] {logging_mixin.py:190} INFO - [2025-04-20T06:17:50.855+0000] {dagbag.py:588} INFO - Filling up the DagBag from /home/airflow/.local/lib/python3.12/site-packages/airflow/example_dags/example_latest_only_with_trigger.py
[2025-04-20T06:17:50.859+0000] {processor.py:925} INFO - DAG(s) 'latest_only_with_trigger' retrieved from /home/airflow/.local/lib/python3.12/site-packages/airflow/example_dags/example_latest_only_with_trigger.py
[2025-04-20T06:17:50.869+0000] {logging_mixin.py:190} INFO - [2025-04-20T06:17:50.869+0000] {dag.py:3239} INFO - Sync 1 DAGs
[2025-04-20T06:17:50.878+0000] {logging_mixin.py:190} INFO - [2025-04-20T06:17:50.878+0000] {dag.py:4180} INFO - Setting next_dagrun for latest_only_with_trigger to 2025-04-20 00:00:00+00:00, run_after=2025-04-20 04:00:00+00:00
[2025-04-20T06:17:50.887+0000] {processor.py:208} INFO - Processing /home/airflow/.local/lib/python3.12/site-packages/airflow/example_dags/example_latest_only_with_trigger.py took 0.037 seconds
[2025-04-20T06:18:21.279+0000] {processor.py:186} INFO - Started process (PID=10713) to work on /home/airflow/.local/lib/python3.12/site-packages/airflow/example_dags/example_latest_only_with_trigger.py
[2025-04-20T06:18:21.281+0000] {processor.py:914} INFO - Processing file /home/airflow/.local/lib/python3.12/site-packages/airflow/example_dags/example_latest_only_with_trigger.py for tasks to queue
[2025-04-20T06:18:21.281+0000] {logging_mixin.py:190} INFO - [2025-04-20T06:18:21.281+0000] {dagbag.py:588} INFO - Filling up the DagBag from /home/airflow/.local/lib/python3.12/site-packages/airflow/example_dags/example_latest_only_with_trigger.py
[2025-04-20T06:18:21.287+0000] {processor.py:925} INFO - DAG(s) 'latest_only_with_trigger' retrieved from /home/airflow/.local/lib/python3.12/site-packages/airflow/example_dags/example_latest_only_with_trigger.py
[2025-04-20T06:18:21.295+0000] {logging_mixin.py:190} INFO - [2025-04-20T06:18:21.295+0000] {dag.py:3239} INFO - Sync 1 DAGs
[2025-04-20T06:18:21.304+0000] {logging_mixin.py:190} INFO - [2025-04-20T06:18:21.304+0000] {dag.py:4180} INFO - Setting next_dagrun for latest_only_with_trigger to 2025-04-20 00:00:00+00:00, run_after=2025-04-20 04:00:00+00:00
[2025-04-20T06:18:21.315+0000] {processor.py:208} INFO - Processing /home/airflow/.local/lib/python3.12/site-packages/airflow/example_dags/example_latest_only_with_trigger.py took 0.038 seconds
[2025-04-20T06:18:51.764+0000] {processor.py:186} INFO - Started process (PID=10776) to work on /home/airflow/.local/lib/python3.12/site-packages/airflow/example_dags/example_latest_only_with_trigger.py
[2025-04-20T06:18:51.765+0000] {processor.py:914} INFO - Processing file /home/airflow/.local/lib/python3.12/site-packages/airflow/example_dags/example_latest_only_with_trigger.py for tasks to queue
[2025-04-20T06:18:51.766+0000] {logging_mixin.py:190} INFO - [2025-04-20T06:18:51.766+0000] {dagbag.py:588} INFO - Filling up the DagBag from /home/airflow/.local/lib/python3.12/site-packages/airflow/example_dags/example_latest_only_with_trigger.py
[2025-04-20T06:18:51.771+0000] {processor.py:925} INFO - DAG(s) 'latest_only_with_trigger' retrieved from /home/airflow/.local/lib/python3.12/site-packages/airflow/example_dags/example_latest_only_with_trigger.py
[2025-04-20T06:18:51.784+0000] {logging_mixin.py:190} INFO - [2025-04-20T06:18:51.784+0000] {dag.py:3239} INFO - Sync 1 DAGs
[2025-04-20T06:18:51.795+0000] {logging_mixin.py:190} INFO - [2025-04-20T06:18:51.795+0000] {dag.py:4180} INFO - Setting next_dagrun for latest_only_with_trigger to 2025-04-20 00:00:00+00:00, run_after=2025-04-20 04:00:00+00:00
[2025-04-20T06:18:51.804+0000] {processor.py:208} INFO - Processing /home/airflow/.local/lib/python3.12/site-packages/airflow/example_dags/example_latest_only_with_trigger.py took 0.044 seconds
[2025-04-20T06:19:22.184+0000] {processor.py:186} INFO - Started process (PID=10838) to work on /home/airflow/.local/lib/python3.12/site-packages/airflow/example_dags/example_latest_only_with_trigger.py
[2025-04-20T06:19:22.184+0000] {processor.py:914} INFO - Processing file /home/airflow/.local/lib/python3.12/site-packages/airflow/example_dags/example_latest_only_with_trigger.py for tasks to queue
[2025-04-20T06:19:22.185+0000] {logging_mixin.py:190} INFO - [2025-04-20T06:19:22.185+0000] {dagbag.py:588} INFO - Filling up the DagBag from /home/airflow/.local/lib/python3.12/site-packages/airflow/example_dags/example_latest_only_with_trigger.py
[2025-04-20T06:19:22.190+0000] {processor.py:925} INFO - DAG(s) 'latest_only_with_trigger' retrieved from /home/airflow/.local/lib/python3.12/site-packages/airflow/example_dags/example_latest_only_with_trigger.py
[2025-04-20T06:19:22.201+0000] {logging_mixin.py:190} INFO - [2025-04-20T06:19:22.200+0000] {dag.py:3239} INFO - Sync 1 DAGs
[2025-04-20T06:19:22.210+0000] {logging_mixin.py:190} INFO - [2025-04-20T06:19:22.210+0000] {dag.py:4180} INFO - Setting next_dagrun for latest_only_with_trigger to 2025-04-20 00:00:00+00:00, run_after=2025-04-20 04:00:00+00:00
[2025-04-20T06:19:22.219+0000] {processor.py:208} INFO - Processing /home/airflow/.local/lib/python3.12/site-packages/airflow/example_dags/example_latest_only_with_trigger.py took 0.038 seconds
