[2025-04-20T00:11:23.773+0000] {processor.py:186} INFO - Started process (PID=7656) to work on /home/airflow/.local/lib/python3.12/site-packages/airflow/example_dags/example_task_group_decorator.py
[2025-04-20T00:11:23.774+0000] {processor.py:914} INFO - Processing file /home/airflow/.local/lib/python3.12/site-packages/airflow/example_dags/example_task_group_decorator.py for tasks to queue
[2025-04-20T00:11:23.775+0000] {logging_mixin.py:190} INFO - [2025-04-20T00:11:23.775+0000] {dagbag.py:588} INFO - Filling up the DagBag from /home/airflow/.local/lib/python3.12/site-packages/airflow/example_dags/example_task_group_decorator.py
[2025-04-20T00:11:23.783+0000] {processor.py:925} INFO - DAG(s) 'example_task_group_decorator' retrieved from /home/airflow/.local/lib/python3.12/site-packages/airflow/example_dags/example_task_group_decorator.py
[2025-04-20T00:11:23.797+0000] {logging_mixin.py:190} INFO - [2025-04-20T00:11:23.797+0000] {dag.py:3239} INFO - Sync 1 DAGs
[2025-04-20T00:11:23.804+0000] {logging_mixin.py:190} INFO - [2025-04-20T00:11:23.804+0000] {dag.py:4180} INFO - Setting next_dagrun for example_task_group_decorator to None, run_after=None
[2025-04-20T00:11:23.812+0000] {processor.py:208} INFO - Processing /home/airflow/.local/lib/python3.12/site-packages/airflow/example_dags/example_task_group_decorator.py took 0.041 seconds
[2025-04-20T01:21:27.076+0000] {processor.py:186} INFO - Started process (PID=7719) to work on /home/airflow/.local/lib/python3.12/site-packages/airflow/example_dags/example_task_group_decorator.py
[2025-04-20T01:21:27.077+0000] {processor.py:914} INFO - Processing file /home/airflow/.local/lib/python3.12/site-packages/airflow/example_dags/example_task_group_decorator.py for tasks to queue
[2025-04-20T01:21:27.078+0000] {logging_mixin.py:190} INFO - [2025-04-20T01:21:27.078+0000] {dagbag.py:588} INFO - Filling up the DagBag from /home/airflow/.local/lib/python3.12/site-packages/airflow/example_dags/example_task_group_decorator.py
[2025-04-20T01:21:27.084+0000] {processor.py:925} INFO - DAG(s) 'example_task_group_decorator' retrieved from /home/airflow/.local/lib/python3.12/site-packages/airflow/example_dags/example_task_group_decorator.py
[2025-04-20T01:21:27.095+0000] {logging_mixin.py:190} INFO - [2025-04-20T01:21:27.095+0000] {dag.py:3239} INFO - Sync 1 DAGs
[2025-04-20T01:21:27.101+0000] {logging_mixin.py:190} INFO - [2025-04-20T01:21:27.101+0000] {dag.py:4180} INFO - Setting next_dagrun for example_task_group_decorator to None, run_after=None
[2025-04-20T01:21:27.108+0000] {processor.py:208} INFO - Processing /home/airflow/.local/lib/python3.12/site-packages/airflow/example_dags/example_task_group_decorator.py took 0.035 seconds
[2025-04-20T02:22:26.968+0000] {processor.py:186} INFO - Started process (PID=7783) to work on /home/airflow/.local/lib/python3.12/site-packages/airflow/example_dags/example_task_group_decorator.py
[2025-04-20T02:22:26.969+0000] {processor.py:914} INFO - Processing file /home/airflow/.local/lib/python3.12/site-packages/airflow/example_dags/example_task_group_decorator.py for tasks to queue
[2025-04-20T02:22:26.970+0000] {logging_mixin.py:190} INFO - [2025-04-20T02:22:26.970+0000] {dagbag.py:588} INFO - Filling up the DagBag from /home/airflow/.local/lib/python3.12/site-packages/airflow/example_dags/example_task_group_decorator.py
[2025-04-20T02:22:26.976+0000] {processor.py:925} INFO - DAG(s) 'example_task_group_decorator' retrieved from /home/airflow/.local/lib/python3.12/site-packages/airflow/example_dags/example_task_group_decorator.py
[2025-04-20T02:22:26.986+0000] {logging_mixin.py:190} INFO - [2025-04-20T02:22:26.986+0000] {dag.py:3239} INFO - Sync 1 DAGs
[2025-04-20T02:22:26.995+0000] {logging_mixin.py:190} INFO - [2025-04-20T02:22:26.995+0000] {dag.py:4180} INFO - Setting next_dagrun for example_task_group_decorator to None, run_after=None
[2025-04-20T02:22:27.008+0000] {processor.py:208} INFO - Processing /home/airflow/.local/lib/python3.12/site-packages/airflow/example_dags/example_task_group_decorator.py took 0.043 seconds
[2025-04-20T03:23:33.657+0000] {processor.py:186} INFO - Started process (PID=7847) to work on /home/airflow/.local/lib/python3.12/site-packages/airflow/example_dags/example_task_group_decorator.py
[2025-04-20T03:23:33.660+0000] {processor.py:914} INFO - Processing file /home/airflow/.local/lib/python3.12/site-packages/airflow/example_dags/example_task_group_decorator.py for tasks to queue
[2025-04-20T03:23:33.661+0000] {logging_mixin.py:190} INFO - [2025-04-20T03:23:33.661+0000] {dagbag.py:588} INFO - Filling up the DagBag from /home/airflow/.local/lib/python3.12/site-packages/airflow/example_dags/example_task_group_decorator.py
[2025-04-20T03:23:33.667+0000] {processor.py:925} INFO - DAG(s) 'example_task_group_decorator' retrieved from /home/airflow/.local/lib/python3.12/site-packages/airflow/example_dags/example_task_group_decorator.py
[2025-04-20T03:23:33.678+0000] {logging_mixin.py:190} INFO - [2025-04-20T03:23:33.678+0000] {dag.py:3239} INFO - Sync 1 DAGs
[2025-04-20T03:23:33.686+0000] {logging_mixin.py:190} INFO - [2025-04-20T03:23:33.685+0000] {dag.py:4180} INFO - Setting next_dagrun for example_task_group_decorator to None, run_after=None
[2025-04-20T03:23:33.693+0000] {processor.py:208} INFO - Processing /home/airflow/.local/lib/python3.12/site-packages/airflow/example_dags/example_task_group_decorator.py took 0.040 seconds
[2025-04-20T03:47:17.895+0000] {processor.py:186} INFO - Started process (PID=7911) to work on /home/airflow/.local/lib/python3.12/site-packages/airflow/example_dags/example_task_group_decorator.py
[2025-04-20T03:47:17.896+0000] {processor.py:914} INFO - Processing file /home/airflow/.local/lib/python3.12/site-packages/airflow/example_dags/example_task_group_decorator.py for tasks to queue
[2025-04-20T03:47:17.897+0000] {logging_mixin.py:190} INFO - [2025-04-20T03:47:17.897+0000] {dagbag.py:588} INFO - Filling up the DagBag from /home/airflow/.local/lib/python3.12/site-packages/airflow/example_dags/example_task_group_decorator.py
[2025-04-20T03:47:17.903+0000] {processor.py:925} INFO - DAG(s) 'example_task_group_decorator' retrieved from /home/airflow/.local/lib/python3.12/site-packages/airflow/example_dags/example_task_group_decorator.py
[2025-04-20T03:47:17.913+0000] {logging_mixin.py:190} INFO - [2025-04-20T03:47:17.913+0000] {dag.py:3239} INFO - Sync 1 DAGs
[2025-04-20T03:47:17.919+0000] {logging_mixin.py:190} INFO - [2025-04-20T03:47:17.919+0000] {dag.py:4180} INFO - Setting next_dagrun for example_task_group_decorator to None, run_after=None
[2025-04-20T03:47:17.934+0000] {processor.py:208} INFO - Processing /home/airflow/.local/lib/python3.12/site-packages/airflow/example_dags/example_task_group_decorator.py took 0.042 seconds
[2025-04-20T04:59:02.744+0000] {processor.py:186} INFO - Started process (PID=7975) to work on /home/airflow/.local/lib/python3.12/site-packages/airflow/example_dags/example_task_group_decorator.py
[2025-04-20T04:59:02.746+0000] {processor.py:914} INFO - Processing file /home/airflow/.local/lib/python3.12/site-packages/airflow/example_dags/example_task_group_decorator.py for tasks to queue
[2025-04-20T04:59:02.747+0000] {logging_mixin.py:190} INFO - [2025-04-20T04:59:02.747+0000] {dagbag.py:588} INFO - Filling up the DagBag from /home/airflow/.local/lib/python3.12/site-packages/airflow/example_dags/example_task_group_decorator.py
[2025-04-20T04:59:02.754+0000] {processor.py:925} INFO - DAG(s) 'example_task_group_decorator' retrieved from /home/airflow/.local/lib/python3.12/site-packages/airflow/example_dags/example_task_group_decorator.py
[2025-04-20T04:59:02.767+0000] {logging_mixin.py:190} INFO - [2025-04-20T04:59:02.767+0000] {dag.py:3239} INFO - Sync 1 DAGs
[2025-04-20T04:59:02.777+0000] {logging_mixin.py:190} INFO - [2025-04-20T04:59:02.776+0000] {dag.py:4180} INFO - Setting next_dagrun for example_task_group_decorator to None, run_after=None
[2025-04-20T04:59:02.785+0000] {processor.py:208} INFO - Processing /home/airflow/.local/lib/python3.12/site-packages/airflow/example_dags/example_task_group_decorator.py took 0.045 seconds
[2025-04-20T05:56:31.832+0000] {processor.py:186} INFO - Started process (PID=8039) to work on /home/airflow/.local/lib/python3.12/site-packages/airflow/example_dags/example_task_group_decorator.py
[2025-04-20T05:56:31.833+0000] {processor.py:914} INFO - Processing file /home/airflow/.local/lib/python3.12/site-packages/airflow/example_dags/example_task_group_decorator.py for tasks to queue
[2025-04-20T05:56:31.834+0000] {logging_mixin.py:190} INFO - [2025-04-20T05:56:31.834+0000] {dagbag.py:588} INFO - Filling up the DagBag from /home/airflow/.local/lib/python3.12/site-packages/airflow/example_dags/example_task_group_decorator.py
[2025-04-20T05:56:31.842+0000] {processor.py:925} INFO - DAG(s) 'example_task_group_decorator' retrieved from /home/airflow/.local/lib/python3.12/site-packages/airflow/example_dags/example_task_group_decorator.py
[2025-04-20T05:56:31.853+0000] {logging_mixin.py:190} INFO - [2025-04-20T05:56:31.853+0000] {dag.py:3239} INFO - Sync 1 DAGs
[2025-04-20T05:56:31.859+0000] {logging_mixin.py:190} INFO - [2025-04-20T05:56:31.859+0000] {dag.py:4180} INFO - Setting next_dagrun for example_task_group_decorator to None, run_after=None
[2025-04-20T05:56:31.866+0000] {processor.py:208} INFO - Processing /home/airflow/.local/lib/python3.12/site-packages/airflow/example_dags/example_task_group_decorator.py took 0.037 seconds
[2025-04-20T05:57:02.676+0000] {processor.py:186} INFO - Started process (PID=8103) to work on /home/airflow/.local/lib/python3.12/site-packages/airflow/example_dags/example_task_group_decorator.py
[2025-04-20T05:57:02.677+0000] {processor.py:914} INFO - Processing file /home/airflow/.local/lib/python3.12/site-packages/airflow/example_dags/example_task_group_decorator.py for tasks to queue
[2025-04-20T05:57:02.678+0000] {logging_mixin.py:190} INFO - [2025-04-20T05:57:02.678+0000] {dagbag.py:588} INFO - Filling up the DagBag from /home/airflow/.local/lib/python3.12/site-packages/airflow/example_dags/example_task_group_decorator.py
[2025-04-20T05:57:02.684+0000] {processor.py:925} INFO - DAG(s) 'example_task_group_decorator' retrieved from /home/airflow/.local/lib/python3.12/site-packages/airflow/example_dags/example_task_group_decorator.py
[2025-04-20T05:57:02.695+0000] {logging_mixin.py:190} INFO - [2025-04-20T05:57:02.695+0000] {dag.py:3239} INFO - Sync 1 DAGs
[2025-04-20T05:57:02.700+0000] {logging_mixin.py:190} INFO - [2025-04-20T05:57:02.700+0000] {dag.py:4180} INFO - Setting next_dagrun for example_task_group_decorator to None, run_after=None
[2025-04-20T05:57:02.707+0000] {processor.py:208} INFO - Processing /home/airflow/.local/lib/python3.12/site-packages/airflow/example_dags/example_task_group_decorator.py took 0.033 seconds
[2025-04-20T05:57:33.495+0000] {processor.py:186} INFO - Started process (PID=8167) to work on /home/airflow/.local/lib/python3.12/site-packages/airflow/example_dags/example_task_group_decorator.py
[2025-04-20T05:57:33.496+0000] {processor.py:914} INFO - Processing file /home/airflow/.local/lib/python3.12/site-packages/airflow/example_dags/example_task_group_decorator.py for tasks to queue
[2025-04-20T05:57:33.497+0000] {logging_mixin.py:190} INFO - [2025-04-20T05:57:33.497+0000] {dagbag.py:588} INFO - Filling up the DagBag from /home/airflow/.local/lib/python3.12/site-packages/airflow/example_dags/example_task_group_decorator.py
[2025-04-20T05:57:33.503+0000] {processor.py:925} INFO - DAG(s) 'example_task_group_decorator' retrieved from /home/airflow/.local/lib/python3.12/site-packages/airflow/example_dags/example_task_group_decorator.py
[2025-04-20T05:57:33.514+0000] {logging_mixin.py:190} INFO - [2025-04-20T05:57:33.514+0000] {dag.py:3239} INFO - Sync 1 DAGs
[2025-04-20T05:57:33.519+0000] {logging_mixin.py:190} INFO - [2025-04-20T05:57:33.519+0000] {dag.py:4180} INFO - Setting next_dagrun for example_task_group_decorator to None, run_after=None
[2025-04-20T05:57:33.528+0000] {processor.py:208} INFO - Processing /home/airflow/.local/lib/python3.12/site-packages/airflow/example_dags/example_task_group_decorator.py took 0.035 seconds
[2025-04-20T05:58:03.822+0000] {processor.py:186} INFO - Started process (PID=8230) to work on /home/airflow/.local/lib/python3.12/site-packages/airflow/example_dags/example_task_group_decorator.py
[2025-04-20T05:58:03.822+0000] {processor.py:914} INFO - Processing file /home/airflow/.local/lib/python3.12/site-packages/airflow/example_dags/example_task_group_decorator.py for tasks to queue
[2025-04-20T05:58:03.823+0000] {logging_mixin.py:190} INFO - [2025-04-20T05:58:03.823+0000] {dagbag.py:588} INFO - Filling up the DagBag from /home/airflow/.local/lib/python3.12/site-packages/airflow/example_dags/example_task_group_decorator.py
[2025-04-20T05:58:03.830+0000] {processor.py:925} INFO - DAG(s) 'example_task_group_decorator' retrieved from /home/airflow/.local/lib/python3.12/site-packages/airflow/example_dags/example_task_group_decorator.py
[2025-04-20T05:58:03.843+0000] {logging_mixin.py:190} INFO - [2025-04-20T05:58:03.843+0000] {dag.py:3239} INFO - Sync 1 DAGs
[2025-04-20T05:58:03.851+0000] {logging_mixin.py:190} INFO - [2025-04-20T05:58:03.851+0000] {dag.py:4180} INFO - Setting next_dagrun for example_task_group_decorator to None, run_after=None
[2025-04-20T05:58:03.863+0000] {processor.py:208} INFO - Processing /home/airflow/.local/lib/python3.12/site-packages/airflow/example_dags/example_task_group_decorator.py took 0.044 seconds
[2025-04-20T05:58:34.289+0000] {processor.py:186} INFO - Started process (PID=8294) to work on /home/airflow/.local/lib/python3.12/site-packages/airflow/example_dags/example_task_group_decorator.py
[2025-04-20T05:58:34.290+0000] {processor.py:914} INFO - Processing file /home/airflow/.local/lib/python3.12/site-packages/airflow/example_dags/example_task_group_decorator.py for tasks to queue
[2025-04-20T05:58:34.291+0000] {logging_mixin.py:190} INFO - [2025-04-20T05:58:34.291+0000] {dagbag.py:588} INFO - Filling up the DagBag from /home/airflow/.local/lib/python3.12/site-packages/airflow/example_dags/example_task_group_decorator.py
[2025-04-20T05:58:34.298+0000] {processor.py:925} INFO - DAG(s) 'example_task_group_decorator' retrieved from /home/airflow/.local/lib/python3.12/site-packages/airflow/example_dags/example_task_group_decorator.py
[2025-04-20T05:58:34.310+0000] {logging_mixin.py:190} INFO - [2025-04-20T05:58:34.310+0000] {dag.py:3239} INFO - Sync 1 DAGs
[2025-04-20T05:58:34.320+0000] {logging_mixin.py:190} INFO - [2025-04-20T05:58:34.319+0000] {dag.py:4180} INFO - Setting next_dagrun for example_task_group_decorator to None, run_after=None
[2025-04-20T05:58:34.332+0000] {processor.py:208} INFO - Processing /home/airflow/.local/lib/python3.12/site-packages/airflow/example_dags/example_task_group_decorator.py took 0.046 seconds
[2025-04-20T05:59:04.551+0000] {processor.py:186} INFO - Started process (PID=8358) to work on /home/airflow/.local/lib/python3.12/site-packages/airflow/example_dags/example_task_group_decorator.py
[2025-04-20T05:59:04.552+0000] {processor.py:914} INFO - Processing file /home/airflow/.local/lib/python3.12/site-packages/airflow/example_dags/example_task_group_decorator.py for tasks to queue
[2025-04-20T05:59:04.553+0000] {logging_mixin.py:190} INFO - [2025-04-20T05:59:04.553+0000] {dagbag.py:588} INFO - Filling up the DagBag from /home/airflow/.local/lib/python3.12/site-packages/airflow/example_dags/example_task_group_decorator.py
[2025-04-20T05:59:04.559+0000] {processor.py:925} INFO - DAG(s) 'example_task_group_decorator' retrieved from /home/airflow/.local/lib/python3.12/site-packages/airflow/example_dags/example_task_group_decorator.py
[2025-04-20T05:59:04.570+0000] {logging_mixin.py:190} INFO - [2025-04-20T05:59:04.570+0000] {dag.py:3239} INFO - Sync 1 DAGs
[2025-04-20T05:59:04.576+0000] {logging_mixin.py:190} INFO - [2025-04-20T05:59:04.576+0000] {dag.py:4180} INFO - Setting next_dagrun for example_task_group_decorator to None, run_after=None
[2025-04-20T05:59:04.586+0000] {processor.py:208} INFO - Processing /home/airflow/.local/lib/python3.12/site-packages/airflow/example_dags/example_task_group_decorator.py took 0.038 seconds
[2025-04-20T05:59:34.971+0000] {processor.py:186} INFO - Started process (PID=8422) to work on /home/airflow/.local/lib/python3.12/site-packages/airflow/example_dags/example_task_group_decorator.py
[2025-04-20T05:59:34.972+0000] {processor.py:914} INFO - Processing file /home/airflow/.local/lib/python3.12/site-packages/airflow/example_dags/example_task_group_decorator.py for tasks to queue
[2025-04-20T05:59:34.972+0000] {logging_mixin.py:190} INFO - [2025-04-20T05:59:34.972+0000] {dagbag.py:588} INFO - Filling up the DagBag from /home/airflow/.local/lib/python3.12/site-packages/airflow/example_dags/example_task_group_decorator.py
[2025-04-20T05:59:34.979+0000] {processor.py:925} INFO - DAG(s) 'example_task_group_decorator' retrieved from /home/airflow/.local/lib/python3.12/site-packages/airflow/example_dags/example_task_group_decorator.py
[2025-04-20T05:59:34.993+0000] {logging_mixin.py:190} INFO - [2025-04-20T05:59:34.993+0000] {dag.py:3239} INFO - Sync 1 DAGs
[2025-04-20T05:59:34.999+0000] {logging_mixin.py:190} INFO - [2025-04-20T05:59:34.999+0000] {dag.py:4180} INFO - Setting next_dagrun for example_task_group_decorator to None, run_after=None
[2025-04-20T05:59:35.011+0000] {processor.py:208} INFO - Processing /home/airflow/.local/lib/python3.12/site-packages/airflow/example_dags/example_task_group_decorator.py took 0.043 seconds
[2025-04-20T06:00:05.536+0000] {processor.py:186} INFO - Started process (PID=8485) to work on /home/airflow/.local/lib/python3.12/site-packages/airflow/example_dags/example_task_group_decorator.py
[2025-04-20T06:00:05.537+0000] {processor.py:914} INFO - Processing file /home/airflow/.local/lib/python3.12/site-packages/airflow/example_dags/example_task_group_decorator.py for tasks to queue
[2025-04-20T06:00:05.537+0000] {logging_mixin.py:190} INFO - [2025-04-20T06:00:05.537+0000] {dagbag.py:588} INFO - Filling up the DagBag from /home/airflow/.local/lib/python3.12/site-packages/airflow/example_dags/example_task_group_decorator.py
[2025-04-20T06:00:05.544+0000] {processor.py:925} INFO - DAG(s) 'example_task_group_decorator' retrieved from /home/airflow/.local/lib/python3.12/site-packages/airflow/example_dags/example_task_group_decorator.py
[2025-04-20T06:00:05.555+0000] {logging_mixin.py:190} INFO - [2025-04-20T06:00:05.555+0000] {dag.py:3239} INFO - Sync 1 DAGs
[2025-04-20T06:00:05.561+0000] {logging_mixin.py:190} INFO - [2025-04-20T06:00:05.561+0000] {dag.py:4180} INFO - Setting next_dagrun for example_task_group_decorator to None, run_after=None
[2025-04-20T06:00:05.572+0000] {processor.py:208} INFO - Processing /home/airflow/.local/lib/python3.12/site-packages/airflow/example_dags/example_task_group_decorator.py took 0.038 seconds
[2025-04-20T06:00:35.908+0000] {processor.py:186} INFO - Started process (PID=8548) to work on /home/airflow/.local/lib/python3.12/site-packages/airflow/example_dags/example_task_group_decorator.py
[2025-04-20T06:00:35.908+0000] {processor.py:914} INFO - Processing file /home/airflow/.local/lib/python3.12/site-packages/airflow/example_dags/example_task_group_decorator.py for tasks to queue
[2025-04-20T06:00:35.909+0000] {logging_mixin.py:190} INFO - [2025-04-20T06:00:35.909+0000] {dagbag.py:588} INFO - Filling up the DagBag from /home/airflow/.local/lib/python3.12/site-packages/airflow/example_dags/example_task_group_decorator.py
[2025-04-20T06:00:35.917+0000] {processor.py:925} INFO - DAG(s) 'example_task_group_decorator' retrieved from /home/airflow/.local/lib/python3.12/site-packages/airflow/example_dags/example_task_group_decorator.py
[2025-04-20T06:00:35.929+0000] {logging_mixin.py:190} INFO - [2025-04-20T06:00:35.928+0000] {dag.py:3239} INFO - Sync 1 DAGs
[2025-04-20T06:00:35.935+0000] {logging_mixin.py:190} INFO - [2025-04-20T06:00:35.935+0000] {dag.py:4180} INFO - Setting next_dagrun for example_task_group_decorator to None, run_after=None
[2025-04-20T06:00:35.945+0000] {processor.py:208} INFO - Processing /home/airflow/.local/lib/python3.12/site-packages/airflow/example_dags/example_task_group_decorator.py took 0.041 seconds
[2025-04-20T06:01:06.303+0000] {processor.py:186} INFO - Started process (PID=8611) to work on /home/airflow/.local/lib/python3.12/site-packages/airflow/example_dags/example_task_group_decorator.py
[2025-04-20T06:01:06.304+0000] {processor.py:914} INFO - Processing file /home/airflow/.local/lib/python3.12/site-packages/airflow/example_dags/example_task_group_decorator.py for tasks to queue
[2025-04-20T06:01:06.305+0000] {logging_mixin.py:190} INFO - [2025-04-20T06:01:06.305+0000] {dagbag.py:588} INFO - Filling up the DagBag from /home/airflow/.local/lib/python3.12/site-packages/airflow/example_dags/example_task_group_decorator.py
[2025-04-20T06:01:06.312+0000] {processor.py:925} INFO - DAG(s) 'example_task_group_decorator' retrieved from /home/airflow/.local/lib/python3.12/site-packages/airflow/example_dags/example_task_group_decorator.py
[2025-04-20T06:01:06.324+0000] {logging_mixin.py:190} INFO - [2025-04-20T06:01:06.324+0000] {dag.py:3239} INFO - Sync 1 DAGs
[2025-04-20T06:01:06.330+0000] {logging_mixin.py:190} INFO - [2025-04-20T06:01:06.330+0000] {dag.py:4180} INFO - Setting next_dagrun for example_task_group_decorator to None, run_after=None
[2025-04-20T06:01:06.338+0000] {processor.py:208} INFO - Processing /home/airflow/.local/lib/python3.12/site-packages/airflow/example_dags/example_task_group_decorator.py took 0.038 seconds
[2025-04-20T06:01:36.872+0000] {processor.py:186} INFO - Started process (PID=8674) to work on /home/airflow/.local/lib/python3.12/site-packages/airflow/example_dags/example_task_group_decorator.py
[2025-04-20T06:01:36.873+0000] {processor.py:914} INFO - Processing file /home/airflow/.local/lib/python3.12/site-packages/airflow/example_dags/example_task_group_decorator.py for tasks to queue
[2025-04-20T06:01:36.874+0000] {logging_mixin.py:190} INFO - [2025-04-20T06:01:36.873+0000] {dagbag.py:588} INFO - Filling up the DagBag from /home/airflow/.local/lib/python3.12/site-packages/airflow/example_dags/example_task_group_decorator.py
[2025-04-20T06:01:36.883+0000] {processor.py:925} INFO - DAG(s) 'example_task_group_decorator' retrieved from /home/airflow/.local/lib/python3.12/site-packages/airflow/example_dags/example_task_group_decorator.py
[2025-04-20T06:01:36.897+0000] {logging_mixin.py:190} INFO - [2025-04-20T06:01:36.897+0000] {dag.py:3239} INFO - Sync 1 DAGs
[2025-04-20T06:01:36.903+0000] {logging_mixin.py:190} INFO - [2025-04-20T06:01:36.903+0000] {dag.py:4180} INFO - Setting next_dagrun for example_task_group_decorator to None, run_after=None
[2025-04-20T06:01:36.913+0000] {processor.py:208} INFO - Processing /home/airflow/.local/lib/python3.12/site-packages/airflow/example_dags/example_task_group_decorator.py took 0.044 seconds
[2025-04-20T06:02:07.379+0000] {processor.py:186} INFO - Started process (PID=8737) to work on /home/airflow/.local/lib/python3.12/site-packages/airflow/example_dags/example_task_group_decorator.py
[2025-04-20T06:02:07.382+0000] {processor.py:914} INFO - Processing file /home/airflow/.local/lib/python3.12/site-packages/airflow/example_dags/example_task_group_decorator.py for tasks to queue
[2025-04-20T06:02:07.383+0000] {logging_mixin.py:190} INFO - [2025-04-20T06:02:07.382+0000] {dagbag.py:588} INFO - Filling up the DagBag from /home/airflow/.local/lib/python3.12/site-packages/airflow/example_dags/example_task_group_decorator.py
[2025-04-20T06:02:07.390+0000] {processor.py:925} INFO - DAG(s) 'example_task_group_decorator' retrieved from /home/airflow/.local/lib/python3.12/site-packages/airflow/example_dags/example_task_group_decorator.py
[2025-04-20T06:02:07.402+0000] {logging_mixin.py:190} INFO - [2025-04-20T06:02:07.402+0000] {dag.py:3239} INFO - Sync 1 DAGs
[2025-04-20T06:02:07.409+0000] {logging_mixin.py:190} INFO - [2025-04-20T06:02:07.409+0000] {dag.py:4180} INFO - Setting next_dagrun for example_task_group_decorator to None, run_after=None
[2025-04-20T06:02:07.416+0000] {processor.py:208} INFO - Processing /home/airflow/.local/lib/python3.12/site-packages/airflow/example_dags/example_task_group_decorator.py took 0.040 seconds
[2025-04-20T06:02:37.764+0000] {processor.py:186} INFO - Started process (PID=8799) to work on /home/airflow/.local/lib/python3.12/site-packages/airflow/example_dags/example_task_group_decorator.py
[2025-04-20T06:02:37.766+0000] {processor.py:914} INFO - Processing file /home/airflow/.local/lib/python3.12/site-packages/airflow/example_dags/example_task_group_decorator.py for tasks to queue
[2025-04-20T06:02:37.766+0000] {logging_mixin.py:190} INFO - [2025-04-20T06:02:37.766+0000] {dagbag.py:588} INFO - Filling up the DagBag from /home/airflow/.local/lib/python3.12/site-packages/airflow/example_dags/example_task_group_decorator.py
[2025-04-20T06:02:37.773+0000] {processor.py:925} INFO - DAG(s) 'example_task_group_decorator' retrieved from /home/airflow/.local/lib/python3.12/site-packages/airflow/example_dags/example_task_group_decorator.py
[2025-04-20T06:02:37.786+0000] {logging_mixin.py:190} INFO - [2025-04-20T06:02:37.785+0000] {dag.py:3239} INFO - Sync 1 DAGs
[2025-04-20T06:02:37.792+0000] {logging_mixin.py:190} INFO - [2025-04-20T06:02:37.792+0000] {dag.py:4180} INFO - Setting next_dagrun for example_task_group_decorator to None, run_after=None
[2025-04-20T06:02:37.800+0000] {processor.py:208} INFO - Processing /home/airflow/.local/lib/python3.12/site-packages/airflow/example_dags/example_task_group_decorator.py took 0.039 seconds
[2025-04-20T06:03:08.364+0000] {processor.py:186} INFO - Started process (PID=8862) to work on /home/airflow/.local/lib/python3.12/site-packages/airflow/example_dags/example_task_group_decorator.py
[2025-04-20T06:03:08.368+0000] {processor.py:914} INFO - Processing file /home/airflow/.local/lib/python3.12/site-packages/airflow/example_dags/example_task_group_decorator.py for tasks to queue
[2025-04-20T06:03:08.368+0000] {logging_mixin.py:190} INFO - [2025-04-20T06:03:08.368+0000] {dagbag.py:588} INFO - Filling up the DagBag from /home/airflow/.local/lib/python3.12/site-packages/airflow/example_dags/example_task_group_decorator.py
[2025-04-20T06:03:08.375+0000] {processor.py:925} INFO - DAG(s) 'example_task_group_decorator' retrieved from /home/airflow/.local/lib/python3.12/site-packages/airflow/example_dags/example_task_group_decorator.py
[2025-04-20T06:03:08.393+0000] {logging_mixin.py:190} INFO - [2025-04-20T06:03:08.393+0000] {dag.py:3239} INFO - Sync 1 DAGs
[2025-04-20T06:03:08.399+0000] {logging_mixin.py:190} INFO - [2025-04-20T06:03:08.399+0000] {dag.py:4180} INFO - Setting next_dagrun for example_task_group_decorator to None, run_after=None
[2025-04-20T06:03:08.408+0000] {processor.py:208} INFO - Processing /home/airflow/.local/lib/python3.12/site-packages/airflow/example_dags/example_task_group_decorator.py took 0.046 seconds
[2025-04-20T06:03:39.114+0000] {processor.py:186} INFO - Started process (PID=8925) to work on /home/airflow/.local/lib/python3.12/site-packages/airflow/example_dags/example_task_group_decorator.py
[2025-04-20T06:03:39.116+0000] {processor.py:914} INFO - Processing file /home/airflow/.local/lib/python3.12/site-packages/airflow/example_dags/example_task_group_decorator.py for tasks to queue
[2025-04-20T06:03:39.116+0000] {logging_mixin.py:190} INFO - [2025-04-20T06:03:39.116+0000] {dagbag.py:588} INFO - Filling up the DagBag from /home/airflow/.local/lib/python3.12/site-packages/airflow/example_dags/example_task_group_decorator.py
[2025-04-20T06:03:39.122+0000] {processor.py:925} INFO - DAG(s) 'example_task_group_decorator' retrieved from /home/airflow/.local/lib/python3.12/site-packages/airflow/example_dags/example_task_group_decorator.py
[2025-04-20T06:03:39.134+0000] {logging_mixin.py:190} INFO - [2025-04-20T06:03:39.134+0000] {dag.py:3239} INFO - Sync 1 DAGs
[2025-04-20T06:03:39.141+0000] {logging_mixin.py:190} INFO - [2025-04-20T06:03:39.141+0000] {dag.py:4180} INFO - Setting next_dagrun for example_task_group_decorator to None, run_after=None
[2025-04-20T06:03:39.149+0000] {processor.py:208} INFO - Processing /home/airflow/.local/lib/python3.12/site-packages/airflow/example_dags/example_task_group_decorator.py took 0.038 seconds
[2025-04-20T06:04:09.504+0000] {processor.py:186} INFO - Started process (PID=8988) to work on /home/airflow/.local/lib/python3.12/site-packages/airflow/example_dags/example_task_group_decorator.py
[2025-04-20T06:04:09.504+0000] {processor.py:914} INFO - Processing file /home/airflow/.local/lib/python3.12/site-packages/airflow/example_dags/example_task_group_decorator.py for tasks to queue
[2025-04-20T06:04:09.505+0000] {logging_mixin.py:190} INFO - [2025-04-20T06:04:09.505+0000] {dagbag.py:588} INFO - Filling up the DagBag from /home/airflow/.local/lib/python3.12/site-packages/airflow/example_dags/example_task_group_decorator.py
[2025-04-20T06:04:09.511+0000] {processor.py:925} INFO - DAG(s) 'example_task_group_decorator' retrieved from /home/airflow/.local/lib/python3.12/site-packages/airflow/example_dags/example_task_group_decorator.py
[2025-04-20T06:04:09.522+0000] {logging_mixin.py:190} INFO - [2025-04-20T06:04:09.522+0000] {dag.py:3239} INFO - Sync 1 DAGs
[2025-04-20T06:04:09.529+0000] {logging_mixin.py:190} INFO - [2025-04-20T06:04:09.529+0000] {dag.py:4180} INFO - Setting next_dagrun for example_task_group_decorator to None, run_after=None
[2025-04-20T06:04:09.538+0000] {processor.py:208} INFO - Processing /home/airflow/.local/lib/python3.12/site-packages/airflow/example_dags/example_task_group_decorator.py took 0.038 seconds
[2025-04-20T06:04:39.787+0000] {processor.py:186} INFO - Started process (PID=9051) to work on /home/airflow/.local/lib/python3.12/site-packages/airflow/example_dags/example_task_group_decorator.py
[2025-04-20T06:04:39.790+0000] {processor.py:914} INFO - Processing file /home/airflow/.local/lib/python3.12/site-packages/airflow/example_dags/example_task_group_decorator.py for tasks to queue
[2025-04-20T06:04:39.791+0000] {logging_mixin.py:190} INFO - [2025-04-20T06:04:39.791+0000] {dagbag.py:588} INFO - Filling up the DagBag from /home/airflow/.local/lib/python3.12/site-packages/airflow/example_dags/example_task_group_decorator.py
[2025-04-20T06:04:39.798+0000] {processor.py:925} INFO - DAG(s) 'example_task_group_decorator' retrieved from /home/airflow/.local/lib/python3.12/site-packages/airflow/example_dags/example_task_group_decorator.py
[2025-04-20T06:04:39.808+0000] {logging_mixin.py:190} INFO - [2025-04-20T06:04:39.808+0000] {dag.py:3239} INFO - Sync 1 DAGs
[2025-04-20T06:04:39.814+0000] {logging_mixin.py:190} INFO - [2025-04-20T06:04:39.814+0000] {dag.py:4180} INFO - Setting next_dagrun for example_task_group_decorator to None, run_after=None
[2025-04-20T06:04:39.823+0000] {processor.py:208} INFO - Processing /home/airflow/.local/lib/python3.12/site-packages/airflow/example_dags/example_task_group_decorator.py took 0.039 seconds
[2025-04-20T06:05:10.683+0000] {processor.py:186} INFO - Started process (PID=9114) to work on /home/airflow/.local/lib/python3.12/site-packages/airflow/example_dags/example_task_group_decorator.py
[2025-04-20T06:05:10.684+0000] {processor.py:914} INFO - Processing file /home/airflow/.local/lib/python3.12/site-packages/airflow/example_dags/example_task_group_decorator.py for tasks to queue
[2025-04-20T06:05:10.685+0000] {logging_mixin.py:190} INFO - [2025-04-20T06:05:10.685+0000] {dagbag.py:588} INFO - Filling up the DagBag from /home/airflow/.local/lib/python3.12/site-packages/airflow/example_dags/example_task_group_decorator.py
[2025-04-20T06:05:10.691+0000] {processor.py:925} INFO - DAG(s) 'example_task_group_decorator' retrieved from /home/airflow/.local/lib/python3.12/site-packages/airflow/example_dags/example_task_group_decorator.py
[2025-04-20T06:05:10.704+0000] {logging_mixin.py:190} INFO - [2025-04-20T06:05:10.704+0000] {dag.py:3239} INFO - Sync 1 DAGs
[2025-04-20T06:05:10.712+0000] {logging_mixin.py:190} INFO - [2025-04-20T06:05:10.712+0000] {dag.py:4180} INFO - Setting next_dagrun for example_task_group_decorator to None, run_after=None
[2025-04-20T06:05:10.720+0000] {processor.py:208} INFO - Processing /home/airflow/.local/lib/python3.12/site-packages/airflow/example_dags/example_task_group_decorator.py took 0.039 seconds
[2025-04-20T06:05:41.074+0000] {processor.py:186} INFO - Started process (PID=9177) to work on /home/airflow/.local/lib/python3.12/site-packages/airflow/example_dags/example_task_group_decorator.py
[2025-04-20T06:05:41.075+0000] {processor.py:914} INFO - Processing file /home/airflow/.local/lib/python3.12/site-packages/airflow/example_dags/example_task_group_decorator.py for tasks to queue
[2025-04-20T06:05:41.077+0000] {logging_mixin.py:190} INFO - [2025-04-20T06:05:41.076+0000] {dagbag.py:588} INFO - Filling up the DagBag from /home/airflow/.local/lib/python3.12/site-packages/airflow/example_dags/example_task_group_decorator.py
[2025-04-20T06:05:41.083+0000] {processor.py:925} INFO - DAG(s) 'example_task_group_decorator' retrieved from /home/airflow/.local/lib/python3.12/site-packages/airflow/example_dags/example_task_group_decorator.py
[2025-04-20T06:05:41.092+0000] {logging_mixin.py:190} INFO - [2025-04-20T06:05:41.092+0000] {dag.py:3239} INFO - Sync 1 DAGs
[2025-04-20T06:05:41.097+0000] {logging_mixin.py:190} INFO - [2025-04-20T06:05:41.097+0000] {dag.py:4180} INFO - Setting next_dagrun for example_task_group_decorator to None, run_after=None
[2025-04-20T06:05:41.106+0000] {processor.py:208} INFO - Processing /home/airflow/.local/lib/python3.12/site-packages/airflow/example_dags/example_task_group_decorator.py took 0.035 seconds
[2025-04-20T06:06:11.446+0000] {processor.py:186} INFO - Started process (PID=9240) to work on /home/airflow/.local/lib/python3.12/site-packages/airflow/example_dags/example_task_group_decorator.py
[2025-04-20T06:06:11.447+0000] {processor.py:914} INFO - Processing file /home/airflow/.local/lib/python3.12/site-packages/airflow/example_dags/example_task_group_decorator.py for tasks to queue
[2025-04-20T06:06:11.448+0000] {logging_mixin.py:190} INFO - [2025-04-20T06:06:11.448+0000] {dagbag.py:588} INFO - Filling up the DagBag from /home/airflow/.local/lib/python3.12/site-packages/airflow/example_dags/example_task_group_decorator.py
[2025-04-20T06:06:11.456+0000] {processor.py:925} INFO - DAG(s) 'example_task_group_decorator' retrieved from /home/airflow/.local/lib/python3.12/site-packages/airflow/example_dags/example_task_group_decorator.py
[2025-04-20T06:06:11.470+0000] {logging_mixin.py:190} INFO - [2025-04-20T06:06:11.470+0000] {dag.py:3239} INFO - Sync 1 DAGs
[2025-04-20T06:06:11.476+0000] {logging_mixin.py:190} INFO - [2025-04-20T06:06:11.476+0000] {dag.py:4180} INFO - Setting next_dagrun for example_task_group_decorator to None, run_after=None
[2025-04-20T06:06:11.485+0000] {processor.py:208} INFO - Processing /home/airflow/.local/lib/python3.12/site-packages/airflow/example_dags/example_task_group_decorator.py took 0.041 seconds
[2025-04-20T06:06:41.860+0000] {processor.py:186} INFO - Started process (PID=9303) to work on /home/airflow/.local/lib/python3.12/site-packages/airflow/example_dags/example_task_group_decorator.py
[2025-04-20T06:06:41.861+0000] {processor.py:914} INFO - Processing file /home/airflow/.local/lib/python3.12/site-packages/airflow/example_dags/example_task_group_decorator.py for tasks to queue
[2025-04-20T06:06:41.862+0000] {logging_mixin.py:190} INFO - [2025-04-20T06:06:41.862+0000] {dagbag.py:588} INFO - Filling up the DagBag from /home/airflow/.local/lib/python3.12/site-packages/airflow/example_dags/example_task_group_decorator.py
[2025-04-20T06:06:41.868+0000] {processor.py:925} INFO - DAG(s) 'example_task_group_decorator' retrieved from /home/airflow/.local/lib/python3.12/site-packages/airflow/example_dags/example_task_group_decorator.py
[2025-04-20T06:06:41.881+0000] {logging_mixin.py:190} INFO - [2025-04-20T06:06:41.881+0000] {dag.py:3239} INFO - Sync 1 DAGs
[2025-04-20T06:06:41.889+0000] {logging_mixin.py:190} INFO - [2025-04-20T06:06:41.888+0000] {dag.py:4180} INFO - Setting next_dagrun for example_task_group_decorator to None, run_after=None
[2025-04-20T06:06:41.898+0000] {processor.py:208} INFO - Processing /home/airflow/.local/lib/python3.12/site-packages/airflow/example_dags/example_task_group_decorator.py took 0.040 seconds
[2025-04-20T06:07:12.698+0000] {processor.py:186} INFO - Started process (PID=9366) to work on /home/airflow/.local/lib/python3.12/site-packages/airflow/example_dags/example_task_group_decorator.py
[2025-04-20T06:07:12.698+0000] {processor.py:914} INFO - Processing file /home/airflow/.local/lib/python3.12/site-packages/airflow/example_dags/example_task_group_decorator.py for tasks to queue
[2025-04-20T06:07:12.699+0000] {logging_mixin.py:190} INFO - [2025-04-20T06:07:12.699+0000] {dagbag.py:588} INFO - Filling up the DagBag from /home/airflow/.local/lib/python3.12/site-packages/airflow/example_dags/example_task_group_decorator.py
[2025-04-20T06:07:12.706+0000] {processor.py:925} INFO - DAG(s) 'example_task_group_decorator' retrieved from /home/airflow/.local/lib/python3.12/site-packages/airflow/example_dags/example_task_group_decorator.py
[2025-04-20T06:07:12.717+0000] {logging_mixin.py:190} INFO - [2025-04-20T06:07:12.717+0000] {dag.py:3239} INFO - Sync 1 DAGs
[2025-04-20T06:07:12.724+0000] {logging_mixin.py:190} INFO - [2025-04-20T06:07:12.724+0000] {dag.py:4180} INFO - Setting next_dagrun for example_task_group_decorator to None, run_after=None
[2025-04-20T06:07:12.733+0000] {processor.py:208} INFO - Processing /home/airflow/.local/lib/python3.12/site-packages/airflow/example_dags/example_task_group_decorator.py took 0.038 seconds
[2025-04-20T06:07:43.280+0000] {processor.py:186} INFO - Started process (PID=9428) to work on /home/airflow/.local/lib/python3.12/site-packages/airflow/example_dags/example_task_group_decorator.py
[2025-04-20T06:07:43.280+0000] {processor.py:914} INFO - Processing file /home/airflow/.local/lib/python3.12/site-packages/airflow/example_dags/example_task_group_decorator.py for tasks to queue
[2025-04-20T06:07:43.281+0000] {logging_mixin.py:190} INFO - [2025-04-20T06:07:43.281+0000] {dagbag.py:588} INFO - Filling up the DagBag from /home/airflow/.local/lib/python3.12/site-packages/airflow/example_dags/example_task_group_decorator.py
[2025-04-20T06:07:43.290+0000] {processor.py:925} INFO - DAG(s) 'example_task_group_decorator' retrieved from /home/airflow/.local/lib/python3.12/site-packages/airflow/example_dags/example_task_group_decorator.py
[2025-04-20T06:07:43.302+0000] {logging_mixin.py:190} INFO - [2025-04-20T06:07:43.302+0000] {dag.py:3239} INFO - Sync 1 DAGs
[2025-04-20T06:07:43.309+0000] {logging_mixin.py:190} INFO - [2025-04-20T06:07:43.309+0000] {dag.py:4180} INFO - Setting next_dagrun for example_task_group_decorator to None, run_after=None
[2025-04-20T06:07:43.318+0000] {processor.py:208} INFO - Processing /home/airflow/.local/lib/python3.12/site-packages/airflow/example_dags/example_task_group_decorator.py took 0.041 seconds
[2025-04-20T06:08:13.919+0000] {processor.py:186} INFO - Started process (PID=9490) to work on /home/airflow/.local/lib/python3.12/site-packages/airflow/example_dags/example_task_group_decorator.py
[2025-04-20T06:08:13.919+0000] {processor.py:914} INFO - Processing file /home/airflow/.local/lib/python3.12/site-packages/airflow/example_dags/example_task_group_decorator.py for tasks to queue
[2025-04-20T06:08:13.920+0000] {logging_mixin.py:190} INFO - [2025-04-20T06:08:13.919+0000] {dagbag.py:588} INFO - Filling up the DagBag from /home/airflow/.local/lib/python3.12/site-packages/airflow/example_dags/example_task_group_decorator.py
[2025-04-20T06:08:13.927+0000] {processor.py:925} INFO - DAG(s) 'example_task_group_decorator' retrieved from /home/airflow/.local/lib/python3.12/site-packages/airflow/example_dags/example_task_group_decorator.py
[2025-04-20T06:08:13.945+0000] {logging_mixin.py:190} INFO - [2025-04-20T06:08:13.945+0000] {dag.py:3239} INFO - Sync 1 DAGs
[2025-04-20T06:08:13.951+0000] {logging_mixin.py:190} INFO - [2025-04-20T06:08:13.951+0000] {dag.py:4180} INFO - Setting next_dagrun for example_task_group_decorator to None, run_after=None
[2025-04-20T06:08:13.957+0000] {processor.py:208} INFO - Processing /home/airflow/.local/lib/python3.12/site-packages/airflow/example_dags/example_task_group_decorator.py took 0.042 seconds
[2025-04-20T06:08:44.303+0000] {processor.py:186} INFO - Started process (PID=9553) to work on /home/airflow/.local/lib/python3.12/site-packages/airflow/example_dags/example_task_group_decorator.py
[2025-04-20T06:08:44.304+0000] {processor.py:914} INFO - Processing file /home/airflow/.local/lib/python3.12/site-packages/airflow/example_dags/example_task_group_decorator.py for tasks to queue
[2025-04-20T06:08:44.305+0000] {logging_mixin.py:190} INFO - [2025-04-20T06:08:44.305+0000] {dagbag.py:588} INFO - Filling up the DagBag from /home/airflow/.local/lib/python3.12/site-packages/airflow/example_dags/example_task_group_decorator.py
[2025-04-20T06:08:44.312+0000] {processor.py:925} INFO - DAG(s) 'example_task_group_decorator' retrieved from /home/airflow/.local/lib/python3.12/site-packages/airflow/example_dags/example_task_group_decorator.py
[2025-04-20T06:08:44.323+0000] {logging_mixin.py:190} INFO - [2025-04-20T06:08:44.323+0000] {dag.py:3239} INFO - Sync 1 DAGs
[2025-04-20T06:08:44.329+0000] {logging_mixin.py:190} INFO - [2025-04-20T06:08:44.329+0000] {dag.py:4180} INFO - Setting next_dagrun for example_task_group_decorator to None, run_after=None
[2025-04-20T06:08:44.340+0000] {processor.py:208} INFO - Processing /home/airflow/.local/lib/python3.12/site-packages/airflow/example_dags/example_task_group_decorator.py took 0.040 seconds
[2025-04-20T06:09:14.802+0000] {processor.py:186} INFO - Started process (PID=9616) to work on /home/airflow/.local/lib/python3.12/site-packages/airflow/example_dags/example_task_group_decorator.py
[2025-04-20T06:09:14.805+0000] {processor.py:914} INFO - Processing file /home/airflow/.local/lib/python3.12/site-packages/airflow/example_dags/example_task_group_decorator.py for tasks to queue
[2025-04-20T06:09:14.806+0000] {logging_mixin.py:190} INFO - [2025-04-20T06:09:14.805+0000] {dagbag.py:588} INFO - Filling up the DagBag from /home/airflow/.local/lib/python3.12/site-packages/airflow/example_dags/example_task_group_decorator.py
[2025-04-20T06:09:14.816+0000] {processor.py:925} INFO - DAG(s) 'example_task_group_decorator' retrieved from /home/airflow/.local/lib/python3.12/site-packages/airflow/example_dags/example_task_group_decorator.py
[2025-04-20T06:09:14.828+0000] {logging_mixin.py:190} INFO - [2025-04-20T06:09:14.828+0000] {dag.py:3239} INFO - Sync 1 DAGs
[2025-04-20T06:09:14.835+0000] {logging_mixin.py:190} INFO - [2025-04-20T06:09:14.835+0000] {dag.py:4180} INFO - Setting next_dagrun for example_task_group_decorator to None, run_after=None
[2025-04-20T06:09:14.846+0000] {processor.py:208} INFO - Processing /home/airflow/.local/lib/python3.12/site-packages/airflow/example_dags/example_task_group_decorator.py took 0.047 seconds
[2025-04-20T06:09:45.224+0000] {processor.py:186} INFO - Started process (PID=9679) to work on /home/airflow/.local/lib/python3.12/site-packages/airflow/example_dags/example_task_group_decorator.py
[2025-04-20T06:09:45.224+0000] {processor.py:914} INFO - Processing file /home/airflow/.local/lib/python3.12/site-packages/airflow/example_dags/example_task_group_decorator.py for tasks to queue
[2025-04-20T06:09:45.225+0000] {logging_mixin.py:190} INFO - [2025-04-20T06:09:45.225+0000] {dagbag.py:588} INFO - Filling up the DagBag from /home/airflow/.local/lib/python3.12/site-packages/airflow/example_dags/example_task_group_decorator.py
[2025-04-20T06:09:45.232+0000] {processor.py:925} INFO - DAG(s) 'example_task_group_decorator' retrieved from /home/airflow/.local/lib/python3.12/site-packages/airflow/example_dags/example_task_group_decorator.py
[2025-04-20T06:09:45.245+0000] {logging_mixin.py:190} INFO - [2025-04-20T06:09:45.245+0000] {dag.py:3239} INFO - Sync 1 DAGs
[2025-04-20T06:09:45.253+0000] {logging_mixin.py:190} INFO - [2025-04-20T06:09:45.253+0000] {dag.py:4180} INFO - Setting next_dagrun for example_task_group_decorator to None, run_after=None
[2025-04-20T06:09:45.261+0000] {processor.py:208} INFO - Processing /home/airflow/.local/lib/python3.12/site-packages/airflow/example_dags/example_task_group_decorator.py took 0.041 seconds
[2025-04-20T06:10:15.661+0000] {processor.py:186} INFO - Started process (PID=9742) to work on /home/airflow/.local/lib/python3.12/site-packages/airflow/example_dags/example_task_group_decorator.py
[2025-04-20T06:10:15.662+0000] {processor.py:914} INFO - Processing file /home/airflow/.local/lib/python3.12/site-packages/airflow/example_dags/example_task_group_decorator.py for tasks to queue
[2025-04-20T06:10:15.663+0000] {logging_mixin.py:190} INFO - [2025-04-20T06:10:15.663+0000] {dagbag.py:588} INFO - Filling up the DagBag from /home/airflow/.local/lib/python3.12/site-packages/airflow/example_dags/example_task_group_decorator.py
[2025-04-20T06:10:15.669+0000] {processor.py:925} INFO - DAG(s) 'example_task_group_decorator' retrieved from /home/airflow/.local/lib/python3.12/site-packages/airflow/example_dags/example_task_group_decorator.py
[2025-04-20T06:10:15.679+0000] {logging_mixin.py:190} INFO - [2025-04-20T06:10:15.679+0000] {dag.py:3239} INFO - Sync 1 DAGs
[2025-04-20T06:10:15.685+0000] {logging_mixin.py:190} INFO - [2025-04-20T06:10:15.685+0000] {dag.py:4180} INFO - Setting next_dagrun for example_task_group_decorator to None, run_after=None
[2025-04-20T06:10:15.695+0000] {processor.py:208} INFO - Processing /home/airflow/.local/lib/python3.12/site-packages/airflow/example_dags/example_task_group_decorator.py took 0.037 seconds
[2025-04-20T06:10:46.185+0000] {processor.py:186} INFO - Started process (PID=9805) to work on /home/airflow/.local/lib/python3.12/site-packages/airflow/example_dags/example_task_group_decorator.py
[2025-04-20T06:10:46.186+0000] {processor.py:914} INFO - Processing file /home/airflow/.local/lib/python3.12/site-packages/airflow/example_dags/example_task_group_decorator.py for tasks to queue
[2025-04-20T06:10:46.186+0000] {logging_mixin.py:190} INFO - [2025-04-20T06:10:46.186+0000] {dagbag.py:588} INFO - Filling up the DagBag from /home/airflow/.local/lib/python3.12/site-packages/airflow/example_dags/example_task_group_decorator.py
[2025-04-20T06:10:46.193+0000] {processor.py:925} INFO - DAG(s) 'example_task_group_decorator' retrieved from /home/airflow/.local/lib/python3.12/site-packages/airflow/example_dags/example_task_group_decorator.py
[2025-04-20T06:10:46.205+0000] {logging_mixin.py:190} INFO - [2025-04-20T06:10:46.205+0000] {dag.py:3239} INFO - Sync 1 DAGs
[2025-04-20T06:10:46.211+0000] {logging_mixin.py:190} INFO - [2025-04-20T06:10:46.211+0000] {dag.py:4180} INFO - Setting next_dagrun for example_task_group_decorator to None, run_after=None
[2025-04-20T06:10:46.217+0000] {processor.py:208} INFO - Processing /home/airflow/.local/lib/python3.12/site-packages/airflow/example_dags/example_task_group_decorator.py took 0.035 seconds
[2025-04-20T06:11:16.597+0000] {processor.py:186} INFO - Started process (PID=9868) to work on /home/airflow/.local/lib/python3.12/site-packages/airflow/example_dags/example_task_group_decorator.py
[2025-04-20T06:11:16.598+0000] {processor.py:914} INFO - Processing file /home/airflow/.local/lib/python3.12/site-packages/airflow/example_dags/example_task_group_decorator.py for tasks to queue
[2025-04-20T06:11:16.601+0000] {logging_mixin.py:190} INFO - [2025-04-20T06:11:16.601+0000] {dagbag.py:588} INFO - Filling up the DagBag from /home/airflow/.local/lib/python3.12/site-packages/airflow/example_dags/example_task_group_decorator.py
[2025-04-20T06:11:16.612+0000] {processor.py:925} INFO - DAG(s) 'example_task_group_decorator' retrieved from /home/airflow/.local/lib/python3.12/site-packages/airflow/example_dags/example_task_group_decorator.py
[2025-04-20T06:11:16.624+0000] {logging_mixin.py:190} INFO - [2025-04-20T06:11:16.624+0000] {dag.py:3239} INFO - Sync 1 DAGs
[2025-04-20T06:11:16.631+0000] {logging_mixin.py:190} INFO - [2025-04-20T06:11:16.631+0000] {dag.py:4180} INFO - Setting next_dagrun for example_task_group_decorator to None, run_after=None
[2025-04-20T06:11:16.642+0000] {processor.py:208} INFO - Processing /home/airflow/.local/lib/python3.12/site-packages/airflow/example_dags/example_task_group_decorator.py took 0.048 seconds
[2025-04-20T06:11:47.126+0000] {processor.py:186} INFO - Started process (PID=9931) to work on /home/airflow/.local/lib/python3.12/site-packages/airflow/example_dags/example_task_group_decorator.py
[2025-04-20T06:11:47.126+0000] {processor.py:914} INFO - Processing file /home/airflow/.local/lib/python3.12/site-packages/airflow/example_dags/example_task_group_decorator.py for tasks to queue
[2025-04-20T06:11:47.127+0000] {logging_mixin.py:190} INFO - [2025-04-20T06:11:47.127+0000] {dagbag.py:588} INFO - Filling up the DagBag from /home/airflow/.local/lib/python3.12/site-packages/airflow/example_dags/example_task_group_decorator.py
[2025-04-20T06:11:47.134+0000] {processor.py:925} INFO - DAG(s) 'example_task_group_decorator' retrieved from /home/airflow/.local/lib/python3.12/site-packages/airflow/example_dags/example_task_group_decorator.py
[2025-04-20T06:11:47.146+0000] {logging_mixin.py:190} INFO - [2025-04-20T06:11:47.145+0000] {dag.py:3239} INFO - Sync 1 DAGs
[2025-04-20T06:11:47.153+0000] {logging_mixin.py:190} INFO - [2025-04-20T06:11:47.153+0000] {dag.py:4180} INFO - Setting next_dagrun for example_task_group_decorator to None, run_after=None
[2025-04-20T06:11:47.163+0000] {processor.py:208} INFO - Processing /home/airflow/.local/lib/python3.12/site-packages/airflow/example_dags/example_task_group_decorator.py took 0.039 seconds
[2025-04-20T06:12:17.424+0000] {processor.py:186} INFO - Started process (PID=9994) to work on /home/airflow/.local/lib/python3.12/site-packages/airflow/example_dags/example_task_group_decorator.py
[2025-04-20T06:12:17.425+0000] {processor.py:914} INFO - Processing file /home/airflow/.local/lib/python3.12/site-packages/airflow/example_dags/example_task_group_decorator.py for tasks to queue
[2025-04-20T06:12:17.425+0000] {logging_mixin.py:190} INFO - [2025-04-20T06:12:17.425+0000] {dagbag.py:588} INFO - Filling up the DagBag from /home/airflow/.local/lib/python3.12/site-packages/airflow/example_dags/example_task_group_decorator.py
[2025-04-20T06:12:17.432+0000] {processor.py:925} INFO - DAG(s) 'example_task_group_decorator' retrieved from /home/airflow/.local/lib/python3.12/site-packages/airflow/example_dags/example_task_group_decorator.py
[2025-04-20T06:12:17.448+0000] {logging_mixin.py:190} INFO - [2025-04-20T06:12:17.448+0000] {dag.py:3239} INFO - Sync 1 DAGs
[2025-04-20T06:12:17.455+0000] {logging_mixin.py:190} INFO - [2025-04-20T06:12:17.455+0000] {dag.py:4180} INFO - Setting next_dagrun for example_task_group_decorator to None, run_after=None
[2025-04-20T06:12:17.461+0000] {processor.py:208} INFO - Processing /home/airflow/.local/lib/python3.12/site-packages/airflow/example_dags/example_task_group_decorator.py took 0.040 seconds
[2025-04-20T06:12:47.972+0000] {processor.py:186} INFO - Started process (PID=10057) to work on /home/airflow/.local/lib/python3.12/site-packages/airflow/example_dags/example_task_group_decorator.py
[2025-04-20T06:12:47.973+0000] {processor.py:914} INFO - Processing file /home/airflow/.local/lib/python3.12/site-packages/airflow/example_dags/example_task_group_decorator.py for tasks to queue
[2025-04-20T06:12:47.973+0000] {logging_mixin.py:190} INFO - [2025-04-20T06:12:47.973+0000] {dagbag.py:588} INFO - Filling up the DagBag from /home/airflow/.local/lib/python3.12/site-packages/airflow/example_dags/example_task_group_decorator.py
[2025-04-20T06:12:47.981+0000] {processor.py:925} INFO - DAG(s) 'example_task_group_decorator' retrieved from /home/airflow/.local/lib/python3.12/site-packages/airflow/example_dags/example_task_group_decorator.py
[2025-04-20T06:12:47.995+0000] {logging_mixin.py:190} INFO - [2025-04-20T06:12:47.995+0000] {dag.py:3239} INFO - Sync 1 DAGs
[2025-04-20T06:12:48.002+0000] {logging_mixin.py:190} INFO - [2025-04-20T06:12:48.002+0000] {dag.py:4180} INFO - Setting next_dagrun for example_task_group_decorator to None, run_after=None
[2025-04-20T06:12:48.012+0000] {processor.py:208} INFO - Processing /home/airflow/.local/lib/python3.12/site-packages/airflow/example_dags/example_task_group_decorator.py took 0.042 seconds
[2025-04-20T06:13:18.385+0000] {processor.py:186} INFO - Started process (PID=10120) to work on /home/airflow/.local/lib/python3.12/site-packages/airflow/example_dags/example_task_group_decorator.py
[2025-04-20T06:13:18.386+0000] {processor.py:914} INFO - Processing file /home/airflow/.local/lib/python3.12/site-packages/airflow/example_dags/example_task_group_decorator.py for tasks to queue
[2025-04-20T06:13:18.387+0000] {logging_mixin.py:190} INFO - [2025-04-20T06:13:18.387+0000] {dagbag.py:588} INFO - Filling up the DagBag from /home/airflow/.local/lib/python3.12/site-packages/airflow/example_dags/example_task_group_decorator.py
[2025-04-20T06:13:18.393+0000] {processor.py:925} INFO - DAG(s) 'example_task_group_decorator' retrieved from /home/airflow/.local/lib/python3.12/site-packages/airflow/example_dags/example_task_group_decorator.py
[2025-04-20T06:13:18.407+0000] {logging_mixin.py:190} INFO - [2025-04-20T06:13:18.407+0000] {dag.py:3239} INFO - Sync 1 DAGs
[2025-04-20T06:13:18.413+0000] {logging_mixin.py:190} INFO - [2025-04-20T06:13:18.413+0000] {dag.py:4180} INFO - Setting next_dagrun for example_task_group_decorator to None, run_after=None
[2025-04-20T06:13:18.421+0000] {processor.py:208} INFO - Processing /home/airflow/.local/lib/python3.12/site-packages/airflow/example_dags/example_task_group_decorator.py took 0.039 seconds
[2025-04-20T06:13:48.885+0000] {processor.py:186} INFO - Started process (PID=10182) to work on /home/airflow/.local/lib/python3.12/site-packages/airflow/example_dags/example_task_group_decorator.py
[2025-04-20T06:13:48.886+0000] {processor.py:914} INFO - Processing file /home/airflow/.local/lib/python3.12/site-packages/airflow/example_dags/example_task_group_decorator.py for tasks to queue
[2025-04-20T06:13:48.886+0000] {logging_mixin.py:190} INFO - [2025-04-20T06:13:48.886+0000] {dagbag.py:588} INFO - Filling up the DagBag from /home/airflow/.local/lib/python3.12/site-packages/airflow/example_dags/example_task_group_decorator.py
[2025-04-20T06:13:48.897+0000] {processor.py:925} INFO - DAG(s) 'example_task_group_decorator' retrieved from /home/airflow/.local/lib/python3.12/site-packages/airflow/example_dags/example_task_group_decorator.py
[2025-04-20T06:13:48.909+0000] {logging_mixin.py:190} INFO - [2025-04-20T06:13:48.909+0000] {dag.py:3239} INFO - Sync 1 DAGs
[2025-04-20T06:13:48.916+0000] {logging_mixin.py:190} INFO - [2025-04-20T06:13:48.916+0000] {dag.py:4180} INFO - Setting next_dagrun for example_task_group_decorator to None, run_after=None
[2025-04-20T06:13:48.924+0000] {processor.py:208} INFO - Processing /home/airflow/.local/lib/python3.12/site-packages/airflow/example_dags/example_task_group_decorator.py took 0.042 seconds
[2025-04-20T06:14:19.461+0000] {processor.py:186} INFO - Started process (PID=10245) to work on /home/airflow/.local/lib/python3.12/site-packages/airflow/example_dags/example_task_group_decorator.py
[2025-04-20T06:14:19.461+0000] {processor.py:914} INFO - Processing file /home/airflow/.local/lib/python3.12/site-packages/airflow/example_dags/example_task_group_decorator.py for tasks to queue
[2025-04-20T06:14:19.462+0000] {logging_mixin.py:190} INFO - [2025-04-20T06:14:19.462+0000] {dagbag.py:588} INFO - Filling up the DagBag from /home/airflow/.local/lib/python3.12/site-packages/airflow/example_dags/example_task_group_decorator.py
[2025-04-20T06:14:19.469+0000] {processor.py:925} INFO - DAG(s) 'example_task_group_decorator' retrieved from /home/airflow/.local/lib/python3.12/site-packages/airflow/example_dags/example_task_group_decorator.py
[2025-04-20T06:14:19.481+0000] {logging_mixin.py:190} INFO - [2025-04-20T06:14:19.481+0000] {dag.py:3239} INFO - Sync 1 DAGs
[2025-04-20T06:14:19.491+0000] {logging_mixin.py:190} INFO - [2025-04-20T06:14:19.491+0000] {dag.py:4180} INFO - Setting next_dagrun for example_task_group_decorator to None, run_after=None
[2025-04-20T06:14:19.500+0000] {processor.py:208} INFO - Processing /home/airflow/.local/lib/python3.12/site-packages/airflow/example_dags/example_task_group_decorator.py took 0.042 seconds
[2025-04-20T06:14:49.797+0000] {processor.py:186} INFO - Started process (PID=10308) to work on /home/airflow/.local/lib/python3.12/site-packages/airflow/example_dags/example_task_group_decorator.py
[2025-04-20T06:14:49.797+0000] {processor.py:914} INFO - Processing file /home/airflow/.local/lib/python3.12/site-packages/airflow/example_dags/example_task_group_decorator.py for tasks to queue
[2025-04-20T06:14:49.798+0000] {logging_mixin.py:190} INFO - [2025-04-20T06:14:49.797+0000] {dagbag.py:588} INFO - Filling up the DagBag from /home/airflow/.local/lib/python3.12/site-packages/airflow/example_dags/example_task_group_decorator.py
[2025-04-20T06:14:49.805+0000] {processor.py:925} INFO - DAG(s) 'example_task_group_decorator' retrieved from /home/airflow/.local/lib/python3.12/site-packages/airflow/example_dags/example_task_group_decorator.py
[2025-04-20T06:14:49.815+0000] {logging_mixin.py:190} INFO - [2025-04-20T06:14:49.815+0000] {dag.py:3239} INFO - Sync 1 DAGs
[2025-04-20T06:14:49.821+0000] {logging_mixin.py:190} INFO - [2025-04-20T06:14:49.821+0000] {dag.py:4180} INFO - Setting next_dagrun for example_task_group_decorator to None, run_after=None
[2025-04-20T06:14:49.828+0000] {processor.py:208} INFO - Processing /home/airflow/.local/lib/python3.12/site-packages/airflow/example_dags/example_task_group_decorator.py took 0.034 seconds
[2025-04-20T06:15:19.862+0000] {processor.py:186} INFO - Started process (PID=10370) to work on /home/airflow/.local/lib/python3.12/site-packages/airflow/example_dags/example_task_group_decorator.py
[2025-04-20T06:15:19.863+0000] {processor.py:914} INFO - Processing file /home/airflow/.local/lib/python3.12/site-packages/airflow/example_dags/example_task_group_decorator.py for tasks to queue
[2025-04-20T06:15:19.863+0000] {logging_mixin.py:190} INFO - [2025-04-20T06:15:19.863+0000] {dagbag.py:588} INFO - Filling up the DagBag from /home/airflow/.local/lib/python3.12/site-packages/airflow/example_dags/example_task_group_decorator.py
[2025-04-20T06:15:19.869+0000] {processor.py:925} INFO - DAG(s) 'example_task_group_decorator' retrieved from /home/airflow/.local/lib/python3.12/site-packages/airflow/example_dags/example_task_group_decorator.py
[2025-04-20T06:15:19.881+0000] {logging_mixin.py:190} INFO - [2025-04-20T06:15:19.881+0000] {dag.py:3239} INFO - Sync 1 DAGs
[2025-04-20T06:15:19.888+0000] {logging_mixin.py:190} INFO - [2025-04-20T06:15:19.887+0000] {dag.py:4180} INFO - Setting next_dagrun for example_task_group_decorator to None, run_after=None
[2025-04-20T06:15:19.894+0000] {processor.py:208} INFO - Processing /home/airflow/.local/lib/python3.12/site-packages/airflow/example_dags/example_task_group_decorator.py took 0.036 seconds
[2025-04-20T06:15:50.294+0000] {processor.py:186} INFO - Started process (PID=10432) to work on /home/airflow/.local/lib/python3.12/site-packages/airflow/example_dags/example_task_group_decorator.py
[2025-04-20T06:15:50.294+0000] {processor.py:914} INFO - Processing file /home/airflow/.local/lib/python3.12/site-packages/airflow/example_dags/example_task_group_decorator.py for tasks to queue
[2025-04-20T06:15:50.295+0000] {logging_mixin.py:190} INFO - [2025-04-20T06:15:50.295+0000] {dagbag.py:588} INFO - Filling up the DagBag from /home/airflow/.local/lib/python3.12/site-packages/airflow/example_dags/example_task_group_decorator.py
[2025-04-20T06:15:50.302+0000] {processor.py:925} INFO - DAG(s) 'example_task_group_decorator' retrieved from /home/airflow/.local/lib/python3.12/site-packages/airflow/example_dags/example_task_group_decorator.py
[2025-04-20T06:15:50.314+0000] {logging_mixin.py:190} INFO - [2025-04-20T06:15:50.313+0000] {dag.py:3239} INFO - Sync 1 DAGs
[2025-04-20T06:15:50.321+0000] {logging_mixin.py:190} INFO - [2025-04-20T06:15:50.321+0000] {dag.py:4180} INFO - Setting next_dagrun for example_task_group_decorator to None, run_after=None
[2025-04-20T06:15:50.330+0000] {processor.py:208} INFO - Processing /home/airflow/.local/lib/python3.12/site-packages/airflow/example_dags/example_task_group_decorator.py took 0.039 seconds
[2025-04-20T06:16:20.667+0000] {processor.py:186} INFO - Started process (PID=10495) to work on /home/airflow/.local/lib/python3.12/site-packages/airflow/example_dags/example_task_group_decorator.py
[2025-04-20T06:16:20.667+0000] {processor.py:914} INFO - Processing file /home/airflow/.local/lib/python3.12/site-packages/airflow/example_dags/example_task_group_decorator.py for tasks to queue
[2025-04-20T06:16:20.668+0000] {logging_mixin.py:190} INFO - [2025-04-20T06:16:20.668+0000] {dagbag.py:588} INFO - Filling up the DagBag from /home/airflow/.local/lib/python3.12/site-packages/airflow/example_dags/example_task_group_decorator.py
[2025-04-20T06:16:20.674+0000] {processor.py:925} INFO - DAG(s) 'example_task_group_decorator' retrieved from /home/airflow/.local/lib/python3.12/site-packages/airflow/example_dags/example_task_group_decorator.py
[2025-04-20T06:16:20.686+0000] {logging_mixin.py:190} INFO - [2025-04-20T06:16:20.686+0000] {dag.py:3239} INFO - Sync 1 DAGs
[2025-04-20T06:16:20.693+0000] {logging_mixin.py:190} INFO - [2025-04-20T06:16:20.693+0000] {dag.py:4180} INFO - Setting next_dagrun for example_task_group_decorator to None, run_after=None
[2025-04-20T06:16:20.701+0000] {processor.py:208} INFO - Processing /home/airflow/.local/lib/python3.12/site-packages/airflow/example_dags/example_task_group_decorator.py took 0.038 seconds
[2025-04-20T06:16:50.808+0000] {processor.py:186} INFO - Started process (PID=10558) to work on /home/airflow/.local/lib/python3.12/site-packages/airflow/example_dags/example_task_group_decorator.py
[2025-04-20T06:16:50.809+0000] {processor.py:914} INFO - Processing file /home/airflow/.local/lib/python3.12/site-packages/airflow/example_dags/example_task_group_decorator.py for tasks to queue
[2025-04-20T06:16:50.810+0000] {logging_mixin.py:190} INFO - [2025-04-20T06:16:50.810+0000] {dagbag.py:588} INFO - Filling up the DagBag from /home/airflow/.local/lib/python3.12/site-packages/airflow/example_dags/example_task_group_decorator.py
[2025-04-20T06:16:50.817+0000] {processor.py:925} INFO - DAG(s) 'example_task_group_decorator' retrieved from /home/airflow/.local/lib/python3.12/site-packages/airflow/example_dags/example_task_group_decorator.py
[2025-04-20T06:16:50.829+0000] {logging_mixin.py:190} INFO - [2025-04-20T06:16:50.829+0000] {dag.py:3239} INFO - Sync 1 DAGs
[2025-04-20T06:16:50.835+0000] {logging_mixin.py:190} INFO - [2025-04-20T06:16:50.835+0000] {dag.py:4180} INFO - Setting next_dagrun for example_task_group_decorator to None, run_after=None
[2025-04-20T06:16:50.845+0000] {processor.py:208} INFO - Processing /home/airflow/.local/lib/python3.12/site-packages/airflow/example_dags/example_task_group_decorator.py took 0.039 seconds
[2025-04-20T06:17:21.435+0000] {processor.py:186} INFO - Started process (PID=10620) to work on /home/airflow/.local/lib/python3.12/site-packages/airflow/example_dags/example_task_group_decorator.py
[2025-04-20T06:17:21.436+0000] {processor.py:914} INFO - Processing file /home/airflow/.local/lib/python3.12/site-packages/airflow/example_dags/example_task_group_decorator.py for tasks to queue
[2025-04-20T06:17:21.436+0000] {logging_mixin.py:190} INFO - [2025-04-20T06:17:21.436+0000] {dagbag.py:588} INFO - Filling up the DagBag from /home/airflow/.local/lib/python3.12/site-packages/airflow/example_dags/example_task_group_decorator.py
[2025-04-20T06:17:21.442+0000] {processor.py:925} INFO - DAG(s) 'example_task_group_decorator' retrieved from /home/airflow/.local/lib/python3.12/site-packages/airflow/example_dags/example_task_group_decorator.py
[2025-04-20T06:17:21.454+0000] {logging_mixin.py:190} INFO - [2025-04-20T06:17:21.454+0000] {dag.py:3239} INFO - Sync 1 DAGs
[2025-04-20T06:17:21.460+0000] {logging_mixin.py:190} INFO - [2025-04-20T06:17:21.460+0000] {dag.py:4180} INFO - Setting next_dagrun for example_task_group_decorator to None, run_after=None
[2025-04-20T06:17:21.469+0000] {processor.py:208} INFO - Processing /home/airflow/.local/lib/python3.12/site-packages/airflow/example_dags/example_task_group_decorator.py took 0.037 seconds
[2025-04-20T06:17:51.951+0000] {processor.py:186} INFO - Started process (PID=10684) to work on /home/airflow/.local/lib/python3.12/site-packages/airflow/example_dags/example_task_group_decorator.py
[2025-04-20T06:17:51.952+0000] {processor.py:914} INFO - Processing file /home/airflow/.local/lib/python3.12/site-packages/airflow/example_dags/example_task_group_decorator.py for tasks to queue
[2025-04-20T06:17:51.952+0000] {logging_mixin.py:190} INFO - [2025-04-20T06:17:51.952+0000] {dagbag.py:588} INFO - Filling up the DagBag from /home/airflow/.local/lib/python3.12/site-packages/airflow/example_dags/example_task_group_decorator.py
[2025-04-20T06:17:51.958+0000] {processor.py:925} INFO - DAG(s) 'example_task_group_decorator' retrieved from /home/airflow/.local/lib/python3.12/site-packages/airflow/example_dags/example_task_group_decorator.py
[2025-04-20T06:17:51.969+0000] {logging_mixin.py:190} INFO - [2025-04-20T06:17:51.968+0000] {dag.py:3239} INFO - Sync 1 DAGs
[2025-04-20T06:17:51.975+0000] {logging_mixin.py:190} INFO - [2025-04-20T06:17:51.975+0000] {dag.py:4180} INFO - Setting next_dagrun for example_task_group_decorator to None, run_after=None
[2025-04-20T06:17:51.982+0000] {processor.py:208} INFO - Processing /home/airflow/.local/lib/python3.12/site-packages/airflow/example_dags/example_task_group_decorator.py took 0.034 seconds
[2025-04-20T06:18:22.657+0000] {processor.py:186} INFO - Started process (PID=10748) to work on /home/airflow/.local/lib/python3.12/site-packages/airflow/example_dags/example_task_group_decorator.py
[2025-04-20T06:18:22.657+0000] {processor.py:914} INFO - Processing file /home/airflow/.local/lib/python3.12/site-packages/airflow/example_dags/example_task_group_decorator.py for tasks to queue
[2025-04-20T06:18:22.658+0000] {logging_mixin.py:190} INFO - [2025-04-20T06:18:22.658+0000] {dagbag.py:588} INFO - Filling up the DagBag from /home/airflow/.local/lib/python3.12/site-packages/airflow/example_dags/example_task_group_decorator.py
[2025-04-20T06:18:22.666+0000] {processor.py:925} INFO - DAG(s) 'example_task_group_decorator' retrieved from /home/airflow/.local/lib/python3.12/site-packages/airflow/example_dags/example_task_group_decorator.py
[2025-04-20T06:18:22.678+0000] {logging_mixin.py:190} INFO - [2025-04-20T06:18:22.678+0000] {dag.py:3239} INFO - Sync 1 DAGs
[2025-04-20T06:18:22.684+0000] {logging_mixin.py:190} INFO - [2025-04-20T06:18:22.684+0000] {dag.py:4180} INFO - Setting next_dagrun for example_task_group_decorator to None, run_after=None
[2025-04-20T06:18:22.693+0000] {processor.py:208} INFO - Processing /home/airflow/.local/lib/python3.12/site-packages/airflow/example_dags/example_task_group_decorator.py took 0.039 seconds
[2025-04-20T06:18:53.145+0000] {processor.py:186} INFO - Started process (PID=10811) to work on /home/airflow/.local/lib/python3.12/site-packages/airflow/example_dags/example_task_group_decorator.py
[2025-04-20T06:18:53.146+0000] {processor.py:914} INFO - Processing file /home/airflow/.local/lib/python3.12/site-packages/airflow/example_dags/example_task_group_decorator.py for tasks to queue
[2025-04-20T06:18:53.147+0000] {logging_mixin.py:190} INFO - [2025-04-20T06:18:53.147+0000] {dagbag.py:588} INFO - Filling up the DagBag from /home/airflow/.local/lib/python3.12/site-packages/airflow/example_dags/example_task_group_decorator.py
[2025-04-20T06:18:53.154+0000] {processor.py:925} INFO - DAG(s) 'example_task_group_decorator' retrieved from /home/airflow/.local/lib/python3.12/site-packages/airflow/example_dags/example_task_group_decorator.py
[2025-04-20T06:18:53.165+0000] {logging_mixin.py:190} INFO - [2025-04-20T06:18:53.165+0000] {dag.py:3239} INFO - Sync 1 DAGs
[2025-04-20T06:18:53.171+0000] {logging_mixin.py:190} INFO - [2025-04-20T06:18:53.171+0000] {dag.py:4180} INFO - Setting next_dagrun for example_task_group_decorator to None, run_after=None
[2025-04-20T06:18:53.177+0000] {processor.py:208} INFO - Processing /home/airflow/.local/lib/python3.12/site-packages/airflow/example_dags/example_task_group_decorator.py took 0.036 seconds
[2025-04-20T06:19:23.587+0000] {processor.py:186} INFO - Started process (PID=10874) to work on /home/airflow/.local/lib/python3.12/site-packages/airflow/example_dags/example_task_group_decorator.py
[2025-04-20T06:19:23.591+0000] {processor.py:914} INFO - Processing file /home/airflow/.local/lib/python3.12/site-packages/airflow/example_dags/example_task_group_decorator.py for tasks to queue
[2025-04-20T06:19:23.592+0000] {logging_mixin.py:190} INFO - [2025-04-20T06:19:23.592+0000] {dagbag.py:588} INFO - Filling up the DagBag from /home/airflow/.local/lib/python3.12/site-packages/airflow/example_dags/example_task_group_decorator.py
[2025-04-20T06:19:23.598+0000] {processor.py:925} INFO - DAG(s) 'example_task_group_decorator' retrieved from /home/airflow/.local/lib/python3.12/site-packages/airflow/example_dags/example_task_group_decorator.py
[2025-04-20T06:19:23.608+0000] {logging_mixin.py:190} INFO - [2025-04-20T06:19:23.607+0000] {dag.py:3239} INFO - Sync 1 DAGs
[2025-04-20T06:19:23.614+0000] {logging_mixin.py:190} INFO - [2025-04-20T06:19:23.614+0000] {dag.py:4180} INFO - Setting next_dagrun for example_task_group_decorator to None, run_after=None
[2025-04-20T06:19:23.623+0000] {processor.py:208} INFO - Processing /home/airflow/.local/lib/python3.12/site-packages/airflow/example_dags/example_task_group_decorator.py took 0.038 seconds
