[2025-04-20T00:11:21.864+0000] {processor.py:186} INFO - Started process (PID=7622) to work on /home/airflow/.local/lib/python3.12/site-packages/airflow/example_dags/example_branch_python_dop_operator_3.py
[2025-04-20T00:11:21.865+0000] {processor.py:914} INFO - Processing file /home/airflow/.local/lib/python3.12/site-packages/airflow/example_dags/example_branch_python_dop_operator_3.py for tasks to queue
[2025-04-20T00:11:21.866+0000] {logging_mixin.py:190} INFO - [2025-04-20T00:11:21.866+0000] {dagbag.py:588} INFO - Filling up the DagBag from /home/airflow/.local/lib/python3.12/site-packages/airflow/example_dags/example_branch_python_dop_operator_3.py
[2025-04-20T00:11:21.871+0000] {processor.py:925} INFO - DAG(s) 'example_branch_dop_operator_v3' retrieved from /home/airflow/.local/lib/python3.12/site-packages/airflow/example_dags/example_branch_python_dop_operator_3.py
[2025-04-20T00:11:21.881+0000] {logging_mixin.py:190} INFO - [2025-04-20T00:11:21.881+0000] {dag.py:3239} INFO - Sync 1 DAGs
[2025-04-20T00:11:21.891+0000] {logging_mixin.py:190} INFO - [2025-04-20T00:11:21.891+0000] {dag.py:4180} INFO - Setting next_dagrun for example_branch_dop_operator_v3 to 2025-04-20 00:10:00+00:00, run_after=2025-04-20 00:11:00+00:00
[2025-04-20T00:11:21.898+0000] {processor.py:208} INFO - Processing /home/airflow/.local/lib/python3.12/site-packages/airflow/example_dags/example_branch_python_dop_operator_3.py took 0.036 seconds
[2025-04-20T01:21:25.338+0000] {processor.py:186} INFO - Started process (PID=7685) to work on /home/airflow/.local/lib/python3.12/site-packages/airflow/example_dags/example_branch_python_dop_operator_3.py
[2025-04-20T01:21:25.339+0000] {processor.py:914} INFO - Processing file /home/airflow/.local/lib/python3.12/site-packages/airflow/example_dags/example_branch_python_dop_operator_3.py for tasks to queue
[2025-04-20T01:21:25.340+0000] {logging_mixin.py:190} INFO - [2025-04-20T01:21:25.340+0000] {dagbag.py:588} INFO - Filling up the DagBag from /home/airflow/.local/lib/python3.12/site-packages/airflow/example_dags/example_branch_python_dop_operator_3.py
[2025-04-20T01:21:25.345+0000] {processor.py:925} INFO - DAG(s) 'example_branch_dop_operator_v3' retrieved from /home/airflow/.local/lib/python3.12/site-packages/airflow/example_dags/example_branch_python_dop_operator_3.py
[2025-04-20T01:21:25.353+0000] {logging_mixin.py:190} INFO - [2025-04-20T01:21:25.353+0000] {dag.py:3239} INFO - Sync 1 DAGs
[2025-04-20T01:21:25.362+0000] {logging_mixin.py:190} INFO - [2025-04-20T01:21:25.362+0000] {dag.py:4180} INFO - Setting next_dagrun for example_branch_dop_operator_v3 to 2025-04-20 01:20:00+00:00, run_after=2025-04-20 01:21:00+00:00
[2025-04-20T01:21:25.370+0000] {processor.py:208} INFO - Processing /home/airflow/.local/lib/python3.12/site-packages/airflow/example_dags/example_branch_python_dop_operator_3.py took 0.034 seconds
[2025-04-20T02:22:25.282+0000] {processor.py:186} INFO - Started process (PID=7749) to work on /home/airflow/.local/lib/python3.12/site-packages/airflow/example_dags/example_branch_python_dop_operator_3.py
[2025-04-20T02:22:25.283+0000] {processor.py:914} INFO - Processing file /home/airflow/.local/lib/python3.12/site-packages/airflow/example_dags/example_branch_python_dop_operator_3.py for tasks to queue
[2025-04-20T02:22:25.284+0000] {logging_mixin.py:190} INFO - [2025-04-20T02:22:25.283+0000] {dagbag.py:588} INFO - Filling up the DagBag from /home/airflow/.local/lib/python3.12/site-packages/airflow/example_dags/example_branch_python_dop_operator_3.py
[2025-04-20T02:22:25.289+0000] {processor.py:925} INFO - DAG(s) 'example_branch_dop_operator_v3' retrieved from /home/airflow/.local/lib/python3.12/site-packages/airflow/example_dags/example_branch_python_dop_operator_3.py
[2025-04-20T02:22:25.297+0000] {logging_mixin.py:190} INFO - [2025-04-20T02:22:25.297+0000] {dag.py:3239} INFO - Sync 1 DAGs
[2025-04-20T02:22:25.307+0000] {logging_mixin.py:190} INFO - [2025-04-20T02:22:25.307+0000] {dag.py:4180} INFO - Setting next_dagrun for example_branch_dop_operator_v3 to 2025-04-20 02:21:00+00:00, run_after=2025-04-20 02:22:00+00:00
[2025-04-20T02:22:25.314+0000] {processor.py:208} INFO - Processing /home/airflow/.local/lib/python3.12/site-packages/airflow/example_dags/example_branch_python_dop_operator_3.py took 0.035 seconds
[2025-04-20T03:23:31.937+0000] {processor.py:186} INFO - Started process (PID=7813) to work on /home/airflow/.local/lib/python3.12/site-packages/airflow/example_dags/example_branch_python_dop_operator_3.py
[2025-04-20T03:23:31.938+0000] {processor.py:914} INFO - Processing file /home/airflow/.local/lib/python3.12/site-packages/airflow/example_dags/example_branch_python_dop_operator_3.py for tasks to queue
[2025-04-20T03:23:31.939+0000] {logging_mixin.py:190} INFO - [2025-04-20T03:23:31.939+0000] {dagbag.py:588} INFO - Filling up the DagBag from /home/airflow/.local/lib/python3.12/site-packages/airflow/example_dags/example_branch_python_dop_operator_3.py
[2025-04-20T03:23:31.944+0000] {processor.py:925} INFO - DAG(s) 'example_branch_dop_operator_v3' retrieved from /home/airflow/.local/lib/python3.12/site-packages/airflow/example_dags/example_branch_python_dop_operator_3.py
[2025-04-20T03:23:31.954+0000] {logging_mixin.py:190} INFO - [2025-04-20T03:23:31.954+0000] {dag.py:3239} INFO - Sync 1 DAGs
[2025-04-20T03:23:31.965+0000] {logging_mixin.py:190} INFO - [2025-04-20T03:23:31.965+0000] {dag.py:4180} INFO - Setting next_dagrun for example_branch_dop_operator_v3 to 2025-04-20 03:22:00+00:00, run_after=2025-04-20 03:23:00+00:00
[2025-04-20T03:23:31.975+0000] {processor.py:208} INFO - Processing /home/airflow/.local/lib/python3.12/site-packages/airflow/example_dags/example_branch_python_dop_operator_3.py took 0.042 seconds
[2025-04-20T03:47:16.214+0000] {processor.py:186} INFO - Started process (PID=7877) to work on /home/airflow/.local/lib/python3.12/site-packages/airflow/example_dags/example_branch_python_dop_operator_3.py
[2025-04-20T03:47:16.216+0000] {processor.py:914} INFO - Processing file /home/airflow/.local/lib/python3.12/site-packages/airflow/example_dags/example_branch_python_dop_operator_3.py for tasks to queue
[2025-04-20T03:47:16.217+0000] {logging_mixin.py:190} INFO - [2025-04-20T03:47:16.217+0000] {dagbag.py:588} INFO - Filling up the DagBag from /home/airflow/.local/lib/python3.12/site-packages/airflow/example_dags/example_branch_python_dop_operator_3.py
[2025-04-20T03:47:16.222+0000] {processor.py:925} INFO - DAG(s) 'example_branch_dop_operator_v3' retrieved from /home/airflow/.local/lib/python3.12/site-packages/airflow/example_dags/example_branch_python_dop_operator_3.py
[2025-04-20T03:47:16.231+0000] {logging_mixin.py:190} INFO - [2025-04-20T03:47:16.231+0000] {dag.py:3239} INFO - Sync 1 DAGs
[2025-04-20T03:47:16.242+0000] {logging_mixin.py:190} INFO - [2025-04-20T03:47:16.241+0000] {dag.py:4180} INFO - Setting next_dagrun for example_branch_dop_operator_v3 to 2025-04-20 03:46:00+00:00, run_after=2025-04-20 03:47:00+00:00
[2025-04-20T03:47:16.249+0000] {processor.py:208} INFO - Processing /home/airflow/.local/lib/python3.12/site-packages/airflow/example_dags/example_branch_python_dop_operator_3.py took 0.038 seconds
[2025-04-20T04:59:01.009+0000] {processor.py:186} INFO - Started process (PID=7941) to work on /home/airflow/.local/lib/python3.12/site-packages/airflow/example_dags/example_branch_python_dop_operator_3.py
[2025-04-20T04:59:01.009+0000] {processor.py:914} INFO - Processing file /home/airflow/.local/lib/python3.12/site-packages/airflow/example_dags/example_branch_python_dop_operator_3.py for tasks to queue
[2025-04-20T04:59:01.011+0000] {logging_mixin.py:190} INFO - [2025-04-20T04:59:01.011+0000] {dagbag.py:588} INFO - Filling up the DagBag from /home/airflow/.local/lib/python3.12/site-packages/airflow/example_dags/example_branch_python_dop_operator_3.py
[2025-04-20T04:59:01.015+0000] {processor.py:925} INFO - DAG(s) 'example_branch_dop_operator_v3' retrieved from /home/airflow/.local/lib/python3.12/site-packages/airflow/example_dags/example_branch_python_dop_operator_3.py
[2025-04-20T04:59:01.024+0000] {logging_mixin.py:190} INFO - [2025-04-20T04:59:01.024+0000] {dag.py:3239} INFO - Sync 1 DAGs
[2025-04-20T04:59:01.034+0000] {logging_mixin.py:190} INFO - [2025-04-20T04:59:01.034+0000] {dag.py:4180} INFO - Setting next_dagrun for example_branch_dop_operator_v3 to 2025-04-20 04:58:00+00:00, run_after=2025-04-20 04:59:00+00:00
[2025-04-20T04:59:01.041+0000] {processor.py:208} INFO - Processing /home/airflow/.local/lib/python3.12/site-packages/airflow/example_dags/example_branch_python_dop_operator_3.py took 0.035 seconds
[2025-04-20T05:56:30.078+0000] {processor.py:186} INFO - Started process (PID=8005) to work on /home/airflow/.local/lib/python3.12/site-packages/airflow/example_dags/example_branch_python_dop_operator_3.py
[2025-04-20T05:56:30.079+0000] {processor.py:914} INFO - Processing file /home/airflow/.local/lib/python3.12/site-packages/airflow/example_dags/example_branch_python_dop_operator_3.py for tasks to queue
[2025-04-20T05:56:30.080+0000] {logging_mixin.py:190} INFO - [2025-04-20T05:56:30.080+0000] {dagbag.py:588} INFO - Filling up the DagBag from /home/airflow/.local/lib/python3.12/site-packages/airflow/example_dags/example_branch_python_dop_operator_3.py
[2025-04-20T05:56:30.085+0000] {processor.py:925} INFO - DAG(s) 'example_branch_dop_operator_v3' retrieved from /home/airflow/.local/lib/python3.12/site-packages/airflow/example_dags/example_branch_python_dop_operator_3.py
[2025-04-20T05:56:30.093+0000] {logging_mixin.py:190} INFO - [2025-04-20T05:56:30.093+0000] {dag.py:3239} INFO - Sync 1 DAGs
[2025-04-20T05:56:30.103+0000] {logging_mixin.py:190} INFO - [2025-04-20T05:56:30.103+0000] {dag.py:4180} INFO - Setting next_dagrun for example_branch_dop_operator_v3 to 2025-04-20 05:55:00+00:00, run_after=2025-04-20 05:56:00+00:00
[2025-04-20T05:56:30.110+0000] {processor.py:208} INFO - Processing /home/airflow/.local/lib/python3.12/site-packages/airflow/example_dags/example_branch_python_dop_operator_3.py took 0.035 seconds
[2025-04-20T05:57:00.788+0000] {processor.py:186} INFO - Started process (PID=8068) to work on /home/airflow/.local/lib/python3.12/site-packages/airflow/example_dags/example_branch_python_dop_operator_3.py
[2025-04-20T05:57:00.788+0000] {processor.py:914} INFO - Processing file /home/airflow/.local/lib/python3.12/site-packages/airflow/example_dags/example_branch_python_dop_operator_3.py for tasks to queue
[2025-04-20T05:57:00.789+0000] {logging_mixin.py:190} INFO - [2025-04-20T05:57:00.789+0000] {dagbag.py:588} INFO - Filling up the DagBag from /home/airflow/.local/lib/python3.12/site-packages/airflow/example_dags/example_branch_python_dop_operator_3.py
[2025-04-20T05:57:00.794+0000] {processor.py:925} INFO - DAG(s) 'example_branch_dop_operator_v3' retrieved from /home/airflow/.local/lib/python3.12/site-packages/airflow/example_dags/example_branch_python_dop_operator_3.py
[2025-04-20T05:57:00.803+0000] {logging_mixin.py:190} INFO - [2025-04-20T05:57:00.803+0000] {dag.py:3239} INFO - Sync 1 DAGs
[2025-04-20T05:57:00.814+0000] {logging_mixin.py:190} INFO - [2025-04-20T05:57:00.814+0000] {dag.py:4180} INFO - Setting next_dagrun for example_branch_dop_operator_v3 to 2025-04-20 05:56:00+00:00, run_after=2025-04-20 05:57:00+00:00
[2025-04-20T05:57:00.824+0000] {processor.py:208} INFO - Processing /home/airflow/.local/lib/python3.12/site-packages/airflow/example_dags/example_branch_python_dop_operator_3.py took 0.039 seconds
[2025-04-20T05:57:31.892+0000] {processor.py:186} INFO - Started process (PID=8132) to work on /home/airflow/.local/lib/python3.12/site-packages/airflow/example_dags/example_branch_python_dop_operator_3.py
[2025-04-20T05:57:31.893+0000] {processor.py:914} INFO - Processing file /home/airflow/.local/lib/python3.12/site-packages/airflow/example_dags/example_branch_python_dop_operator_3.py for tasks to queue
[2025-04-20T05:57:31.894+0000] {logging_mixin.py:190} INFO - [2025-04-20T05:57:31.894+0000] {dagbag.py:588} INFO - Filling up the DagBag from /home/airflow/.local/lib/python3.12/site-packages/airflow/example_dags/example_branch_python_dop_operator_3.py
[2025-04-20T05:57:31.898+0000] {processor.py:925} INFO - DAG(s) 'example_branch_dop_operator_v3' retrieved from /home/airflow/.local/lib/python3.12/site-packages/airflow/example_dags/example_branch_python_dop_operator_3.py
[2025-04-20T05:57:31.913+0000] {logging_mixin.py:190} INFO - [2025-04-20T05:57:31.913+0000] {dag.py:3239} INFO - Sync 1 DAGs
[2025-04-20T05:57:31.925+0000] {logging_mixin.py:190} INFO - [2025-04-20T05:57:31.925+0000] {dag.py:4180} INFO - Setting next_dagrun for example_branch_dop_operator_v3 to 2025-04-20 05:56:00+00:00, run_after=2025-04-20 05:57:00+00:00
[2025-04-20T05:57:31.935+0000] {processor.py:208} INFO - Processing /home/airflow/.local/lib/python3.12/site-packages/airflow/example_dags/example_branch_python_dop_operator_3.py took 0.046 seconds
[2025-04-20T05:58:02.622+0000] {processor.py:186} INFO - Started process (PID=8196) to work on /home/airflow/.local/lib/python3.12/site-packages/airflow/example_dags/example_branch_python_dop_operator_3.py
[2025-04-20T05:58:02.625+0000] {processor.py:914} INFO - Processing file /home/airflow/.local/lib/python3.12/site-packages/airflow/example_dags/example_branch_python_dop_operator_3.py for tasks to queue
[2025-04-20T05:58:02.627+0000] {logging_mixin.py:190} INFO - [2025-04-20T05:58:02.626+0000] {dagbag.py:588} INFO - Filling up the DagBag from /home/airflow/.local/lib/python3.12/site-packages/airflow/example_dags/example_branch_python_dop_operator_3.py
[2025-04-20T05:58:02.631+0000] {processor.py:925} INFO - DAG(s) 'example_branch_dop_operator_v3' retrieved from /home/airflow/.local/lib/python3.12/site-packages/airflow/example_dags/example_branch_python_dop_operator_3.py
[2025-04-20T05:58:02.639+0000] {logging_mixin.py:190} INFO - [2025-04-20T05:58:02.639+0000] {dag.py:3239} INFO - Sync 1 DAGs
[2025-04-20T05:58:02.650+0000] {logging_mixin.py:190} INFO - [2025-04-20T05:58:02.650+0000] {dag.py:4180} INFO - Setting next_dagrun for example_branch_dop_operator_v3 to 2025-04-20 05:57:00+00:00, run_after=2025-04-20 05:58:00+00:00
[2025-04-20T05:58:02.661+0000] {processor.py:208} INFO - Processing /home/airflow/.local/lib/python3.12/site-packages/airflow/example_dags/example_branch_python_dop_operator_3.py took 0.042 seconds
[2025-04-20T05:58:32.928+0000] {processor.py:186} INFO - Started process (PID=8260) to work on /home/airflow/.local/lib/python3.12/site-packages/airflow/example_dags/example_branch_python_dop_operator_3.py
[2025-04-20T05:58:32.928+0000] {processor.py:914} INFO - Processing file /home/airflow/.local/lib/python3.12/site-packages/airflow/example_dags/example_branch_python_dop_operator_3.py for tasks to queue
[2025-04-20T05:58:32.929+0000] {logging_mixin.py:190} INFO - [2025-04-20T05:58:32.929+0000] {dagbag.py:588} INFO - Filling up the DagBag from /home/airflow/.local/lib/python3.12/site-packages/airflow/example_dags/example_branch_python_dop_operator_3.py
[2025-04-20T05:58:32.934+0000] {processor.py:925} INFO - DAG(s) 'example_branch_dop_operator_v3' retrieved from /home/airflow/.local/lib/python3.12/site-packages/airflow/example_dags/example_branch_python_dop_operator_3.py
[2025-04-20T05:58:32.945+0000] {logging_mixin.py:190} INFO - [2025-04-20T05:58:32.945+0000] {dag.py:3239} INFO - Sync 1 DAGs
[2025-04-20T05:58:32.958+0000] {logging_mixin.py:190} INFO - [2025-04-20T05:58:32.958+0000] {dag.py:4180} INFO - Setting next_dagrun for example_branch_dop_operator_v3 to 2025-04-20 05:57:00+00:00, run_after=2025-04-20 05:58:00+00:00
[2025-04-20T05:58:32.968+0000] {processor.py:208} INFO - Processing /home/airflow/.local/lib/python3.12/site-packages/airflow/example_dags/example_branch_python_dop_operator_3.py took 0.043 seconds
[2025-04-20T05:59:03.256+0000] {processor.py:186} INFO - Started process (PID=8324) to work on /home/airflow/.local/lib/python3.12/site-packages/airflow/example_dags/example_branch_python_dop_operator_3.py
[2025-04-20T05:59:03.256+0000] {processor.py:914} INFO - Processing file /home/airflow/.local/lib/python3.12/site-packages/airflow/example_dags/example_branch_python_dop_operator_3.py for tasks to queue
[2025-04-20T05:59:03.258+0000] {logging_mixin.py:190} INFO - [2025-04-20T05:59:03.257+0000] {dagbag.py:588} INFO - Filling up the DagBag from /home/airflow/.local/lib/python3.12/site-packages/airflow/example_dags/example_branch_python_dop_operator_3.py
[2025-04-20T05:59:03.262+0000] {processor.py:925} INFO - DAG(s) 'example_branch_dop_operator_v3' retrieved from /home/airflow/.local/lib/python3.12/site-packages/airflow/example_dags/example_branch_python_dop_operator_3.py
[2025-04-20T05:59:03.272+0000] {logging_mixin.py:190} INFO - [2025-04-20T05:59:03.272+0000] {dag.py:3239} INFO - Sync 1 DAGs
[2025-04-20T05:59:03.282+0000] {logging_mixin.py:190} INFO - [2025-04-20T05:59:03.282+0000] {dag.py:4180} INFO - Setting next_dagrun for example_branch_dop_operator_v3 to 2025-04-20 05:58:00+00:00, run_after=2025-04-20 05:59:00+00:00
[2025-04-20T05:59:03.297+0000] {processor.py:208} INFO - Processing /home/airflow/.local/lib/python3.12/site-packages/airflow/example_dags/example_branch_python_dop_operator_3.py took 0.043 seconds
[2025-04-20T05:59:33.574+0000] {processor.py:186} INFO - Started process (PID=8388) to work on /home/airflow/.local/lib/python3.12/site-packages/airflow/example_dags/example_branch_python_dop_operator_3.py
[2025-04-20T05:59:33.578+0000] {processor.py:914} INFO - Processing file /home/airflow/.local/lib/python3.12/site-packages/airflow/example_dags/example_branch_python_dop_operator_3.py for tasks to queue
[2025-04-20T05:59:33.579+0000] {logging_mixin.py:190} INFO - [2025-04-20T05:59:33.579+0000] {dagbag.py:588} INFO - Filling up the DagBag from /home/airflow/.local/lib/python3.12/site-packages/airflow/example_dags/example_branch_python_dop_operator_3.py
[2025-04-20T05:59:33.584+0000] {processor.py:925} INFO - DAG(s) 'example_branch_dop_operator_v3' retrieved from /home/airflow/.local/lib/python3.12/site-packages/airflow/example_dags/example_branch_python_dop_operator_3.py
[2025-04-20T05:59:33.594+0000] {logging_mixin.py:190} INFO - [2025-04-20T05:59:33.594+0000] {dag.py:3239} INFO - Sync 1 DAGs
[2025-04-20T05:59:33.606+0000] {logging_mixin.py:190} INFO - [2025-04-20T05:59:33.606+0000] {dag.py:4180} INFO - Setting next_dagrun for example_branch_dop_operator_v3 to 2025-04-20 05:58:00+00:00, run_after=2025-04-20 05:59:00+00:00
[2025-04-20T05:59:33.614+0000] {processor.py:208} INFO - Processing /home/airflow/.local/lib/python3.12/site-packages/airflow/example_dags/example_branch_python_dop_operator_3.py took 0.044 seconds
[2025-04-20T06:00:04.124+0000] {processor.py:186} INFO - Started process (PID=8451) to work on /home/airflow/.local/lib/python3.12/site-packages/airflow/example_dags/example_branch_python_dop_operator_3.py
[2025-04-20T06:00:04.124+0000] {processor.py:914} INFO - Processing file /home/airflow/.local/lib/python3.12/site-packages/airflow/example_dags/example_branch_python_dop_operator_3.py for tasks to queue
[2025-04-20T06:00:04.125+0000] {logging_mixin.py:190} INFO - [2025-04-20T06:00:04.125+0000] {dagbag.py:588} INFO - Filling up the DagBag from /home/airflow/.local/lib/python3.12/site-packages/airflow/example_dags/example_branch_python_dop_operator_3.py
[2025-04-20T06:00:04.130+0000] {processor.py:925} INFO - DAG(s) 'example_branch_dop_operator_v3' retrieved from /home/airflow/.local/lib/python3.12/site-packages/airflow/example_dags/example_branch_python_dop_operator_3.py
[2025-04-20T06:00:04.143+0000] {logging_mixin.py:190} INFO - [2025-04-20T06:00:04.143+0000] {dag.py:3239} INFO - Sync 1 DAGs
[2025-04-20T06:00:04.155+0000] {logging_mixin.py:190} INFO - [2025-04-20T06:00:04.155+0000] {dag.py:4180} INFO - Setting next_dagrun for example_branch_dop_operator_v3 to 2025-04-20 05:59:00+00:00, run_after=2025-04-20 06:00:00+00:00
[2025-04-20T06:00:04.164+0000] {processor.py:208} INFO - Processing /home/airflow/.local/lib/python3.12/site-packages/airflow/example_dags/example_branch_python_dop_operator_3.py took 0.043 seconds
[2025-04-20T06:00:34.535+0000] {processor.py:186} INFO - Started process (PID=8514) to work on /home/airflow/.local/lib/python3.12/site-packages/airflow/example_dags/example_branch_python_dop_operator_3.py
[2025-04-20T06:00:34.536+0000] {processor.py:914} INFO - Processing file /home/airflow/.local/lib/python3.12/site-packages/airflow/example_dags/example_branch_python_dop_operator_3.py for tasks to queue
[2025-04-20T06:00:34.539+0000] {logging_mixin.py:190} INFO - [2025-04-20T06:00:34.539+0000] {dagbag.py:588} INFO - Filling up the DagBag from /home/airflow/.local/lib/python3.12/site-packages/airflow/example_dags/example_branch_python_dop_operator_3.py
[2025-04-20T06:00:34.545+0000] {processor.py:925} INFO - DAG(s) 'example_branch_dop_operator_v3' retrieved from /home/airflow/.local/lib/python3.12/site-packages/airflow/example_dags/example_branch_python_dop_operator_3.py
[2025-04-20T06:00:34.555+0000] {logging_mixin.py:190} INFO - [2025-04-20T06:00:34.555+0000] {dag.py:3239} INFO - Sync 1 DAGs
[2025-04-20T06:00:34.567+0000] {logging_mixin.py:190} INFO - [2025-04-20T06:00:34.567+0000] {dag.py:4180} INFO - Setting next_dagrun for example_branch_dop_operator_v3 to 2025-04-20 05:59:00+00:00, run_after=2025-04-20 06:00:00+00:00
[2025-04-20T06:00:34.575+0000] {processor.py:208} INFO - Processing /home/airflow/.local/lib/python3.12/site-packages/airflow/example_dags/example_branch_python_dop_operator_3.py took 0.043 seconds
[2025-04-20T06:01:04.875+0000] {processor.py:186} INFO - Started process (PID=8577) to work on /home/airflow/.local/lib/python3.12/site-packages/airflow/example_dags/example_branch_python_dop_operator_3.py
[2025-04-20T06:01:04.875+0000] {processor.py:914} INFO - Processing file /home/airflow/.local/lib/python3.12/site-packages/airflow/example_dags/example_branch_python_dop_operator_3.py for tasks to queue
[2025-04-20T06:01:04.876+0000] {logging_mixin.py:190} INFO - [2025-04-20T06:01:04.876+0000] {dagbag.py:588} INFO - Filling up the DagBag from /home/airflow/.local/lib/python3.12/site-packages/airflow/example_dags/example_branch_python_dop_operator_3.py
[2025-04-20T06:01:04.880+0000] {processor.py:925} INFO - DAG(s) 'example_branch_dop_operator_v3' retrieved from /home/airflow/.local/lib/python3.12/site-packages/airflow/example_dags/example_branch_python_dop_operator_3.py
[2025-04-20T06:01:04.889+0000] {logging_mixin.py:190} INFO - [2025-04-20T06:01:04.889+0000] {dag.py:3239} INFO - Sync 1 DAGs
[2025-04-20T06:01:04.898+0000] {logging_mixin.py:190} INFO - [2025-04-20T06:01:04.898+0000] {dag.py:4180} INFO - Setting next_dagrun for example_branch_dop_operator_v3 to 2025-04-20 06:00:00+00:00, run_after=2025-04-20 06:01:00+00:00
[2025-04-20T06:01:04.904+0000] {processor.py:208} INFO - Processing /home/airflow/.local/lib/python3.12/site-packages/airflow/example_dags/example_branch_python_dop_operator_3.py took 0.031 seconds
[2025-04-20T06:01:35.394+0000] {processor.py:186} INFO - Started process (PID=8640) to work on /home/airflow/.local/lib/python3.12/site-packages/airflow/example_dags/example_branch_python_dop_operator_3.py
[2025-04-20T06:01:35.395+0000] {processor.py:914} INFO - Processing file /home/airflow/.local/lib/python3.12/site-packages/airflow/example_dags/example_branch_python_dop_operator_3.py for tasks to queue
[2025-04-20T06:01:35.396+0000] {logging_mixin.py:190} INFO - [2025-04-20T06:01:35.396+0000] {dagbag.py:588} INFO - Filling up the DagBag from /home/airflow/.local/lib/python3.12/site-packages/airflow/example_dags/example_branch_python_dop_operator_3.py
[2025-04-20T06:01:35.401+0000] {processor.py:925} INFO - DAG(s) 'example_branch_dop_operator_v3' retrieved from /home/airflow/.local/lib/python3.12/site-packages/airflow/example_dags/example_branch_python_dop_operator_3.py
[2025-04-20T06:01:35.411+0000] {logging_mixin.py:190} INFO - [2025-04-20T06:01:35.411+0000] {dag.py:3239} INFO - Sync 1 DAGs
[2025-04-20T06:01:35.422+0000] {logging_mixin.py:190} INFO - [2025-04-20T06:01:35.422+0000] {dag.py:4180} INFO - Setting next_dagrun for example_branch_dop_operator_v3 to 2025-04-20 06:00:00+00:00, run_after=2025-04-20 06:01:00+00:00
[2025-04-20T06:01:35.432+0000] {processor.py:208} INFO - Processing /home/airflow/.local/lib/python3.12/site-packages/airflow/example_dags/example_branch_python_dop_operator_3.py took 0.041 seconds
[2025-04-20T06:02:05.893+0000] {processor.py:186} INFO - Started process (PID=8703) to work on /home/airflow/.local/lib/python3.12/site-packages/airflow/example_dags/example_branch_python_dop_operator_3.py
[2025-04-20T06:02:05.893+0000] {processor.py:914} INFO - Processing file /home/airflow/.local/lib/python3.12/site-packages/airflow/example_dags/example_branch_python_dop_operator_3.py for tasks to queue
[2025-04-20T06:02:05.894+0000] {logging_mixin.py:190} INFO - [2025-04-20T06:02:05.894+0000] {dagbag.py:588} INFO - Filling up the DagBag from /home/airflow/.local/lib/python3.12/site-packages/airflow/example_dags/example_branch_python_dop_operator_3.py
[2025-04-20T06:02:05.899+0000] {processor.py:925} INFO - DAG(s) 'example_branch_dop_operator_v3' retrieved from /home/airflow/.local/lib/python3.12/site-packages/airflow/example_dags/example_branch_python_dop_operator_3.py
[2025-04-20T06:02:05.913+0000] {logging_mixin.py:190} INFO - [2025-04-20T06:02:05.912+0000] {dag.py:3239} INFO - Sync 1 DAGs
[2025-04-20T06:02:05.923+0000] {logging_mixin.py:190} INFO - [2025-04-20T06:02:05.923+0000] {dag.py:4180} INFO - Setting next_dagrun for example_branch_dop_operator_v3 to 2025-04-20 06:01:00+00:00, run_after=2025-04-20 06:02:00+00:00
[2025-04-20T06:02:05.931+0000] {processor.py:208} INFO - Processing /home/airflow/.local/lib/python3.12/site-packages/airflow/example_dags/example_branch_python_dop_operator_3.py took 0.041 seconds
[2025-04-20T06:02:36.308+0000] {processor.py:186} INFO - Started process (PID=8765) to work on /home/airflow/.local/lib/python3.12/site-packages/airflow/example_dags/example_branch_python_dop_operator_3.py
[2025-04-20T06:02:36.309+0000] {processor.py:914} INFO - Processing file /home/airflow/.local/lib/python3.12/site-packages/airflow/example_dags/example_branch_python_dop_operator_3.py for tasks to queue
[2025-04-20T06:02:36.310+0000] {logging_mixin.py:190} INFO - [2025-04-20T06:02:36.310+0000] {dagbag.py:588} INFO - Filling up the DagBag from /home/airflow/.local/lib/python3.12/site-packages/airflow/example_dags/example_branch_python_dop_operator_3.py
[2025-04-20T06:02:36.315+0000] {processor.py:925} INFO - DAG(s) 'example_branch_dop_operator_v3' retrieved from /home/airflow/.local/lib/python3.12/site-packages/airflow/example_dags/example_branch_python_dop_operator_3.py
[2025-04-20T06:02:36.323+0000] {logging_mixin.py:190} INFO - [2025-04-20T06:02:36.323+0000] {dag.py:3239} INFO - Sync 1 DAGs
[2025-04-20T06:02:36.334+0000] {logging_mixin.py:190} INFO - [2025-04-20T06:02:36.334+0000] {dag.py:4180} INFO - Setting next_dagrun for example_branch_dop_operator_v3 to 2025-04-20 06:01:00+00:00, run_after=2025-04-20 06:02:00+00:00
[2025-04-20T06:02:36.341+0000] {processor.py:208} INFO - Processing /home/airflow/.local/lib/python3.12/site-packages/airflow/example_dags/example_branch_python_dop_operator_3.py took 0.036 seconds
[2025-04-20T06:03:06.642+0000] {processor.py:186} INFO - Started process (PID=8828) to work on /home/airflow/.local/lib/python3.12/site-packages/airflow/example_dags/example_branch_python_dop_operator_3.py
[2025-04-20T06:03:06.643+0000] {processor.py:914} INFO - Processing file /home/airflow/.local/lib/python3.12/site-packages/airflow/example_dags/example_branch_python_dop_operator_3.py for tasks to queue
[2025-04-20T06:03:06.644+0000] {logging_mixin.py:190} INFO - [2025-04-20T06:03:06.644+0000] {dagbag.py:588} INFO - Filling up the DagBag from /home/airflow/.local/lib/python3.12/site-packages/airflow/example_dags/example_branch_python_dop_operator_3.py
[2025-04-20T06:03:06.649+0000] {processor.py:925} INFO - DAG(s) 'example_branch_dop_operator_v3' retrieved from /home/airflow/.local/lib/python3.12/site-packages/airflow/example_dags/example_branch_python_dop_operator_3.py
[2025-04-20T06:03:06.661+0000] {logging_mixin.py:190} INFO - [2025-04-20T06:03:06.661+0000] {dag.py:3239} INFO - Sync 1 DAGs
[2025-04-20T06:03:06.676+0000] {logging_mixin.py:190} INFO - [2025-04-20T06:03:06.675+0000] {dag.py:4180} INFO - Setting next_dagrun for example_branch_dop_operator_v3 to 2025-04-20 06:02:00+00:00, run_after=2025-04-20 06:03:00+00:00
[2025-04-20T06:03:06.685+0000] {processor.py:208} INFO - Processing /home/airflow/.local/lib/python3.12/site-packages/airflow/example_dags/example_branch_python_dop_operator_3.py took 0.045 seconds
[2025-04-20T06:03:37.433+0000] {processor.py:186} INFO - Started process (PID=8891) to work on /home/airflow/.local/lib/python3.12/site-packages/airflow/example_dags/example_branch_python_dop_operator_3.py
[2025-04-20T06:03:37.434+0000] {processor.py:914} INFO - Processing file /home/airflow/.local/lib/python3.12/site-packages/airflow/example_dags/example_branch_python_dop_operator_3.py for tasks to queue
[2025-04-20T06:03:37.435+0000] {logging_mixin.py:190} INFO - [2025-04-20T06:03:37.435+0000] {dagbag.py:588} INFO - Filling up the DagBag from /home/airflow/.local/lib/python3.12/site-packages/airflow/example_dags/example_branch_python_dop_operator_3.py
[2025-04-20T06:03:37.441+0000] {processor.py:925} INFO - DAG(s) 'example_branch_dop_operator_v3' retrieved from /home/airflow/.local/lib/python3.12/site-packages/airflow/example_dags/example_branch_python_dop_operator_3.py
[2025-04-20T06:03:37.453+0000] {logging_mixin.py:190} INFO - [2025-04-20T06:03:37.453+0000] {dag.py:3239} INFO - Sync 1 DAGs
[2025-04-20T06:03:37.463+0000] {logging_mixin.py:190} INFO - [2025-04-20T06:03:37.463+0000] {dag.py:4180} INFO - Setting next_dagrun for example_branch_dop_operator_v3 to 2025-04-20 06:02:00+00:00, run_after=2025-04-20 06:03:00+00:00
[2025-04-20T06:03:37.470+0000] {processor.py:208} INFO - Processing /home/airflow/.local/lib/python3.12/site-packages/airflow/example_dags/example_branch_python_dop_operator_3.py took 0.040 seconds
[2025-04-20T06:04:08.009+0000] {processor.py:186} INFO - Started process (PID=8954) to work on /home/airflow/.local/lib/python3.12/site-packages/airflow/example_dags/example_branch_python_dop_operator_3.py
[2025-04-20T06:04:08.009+0000] {processor.py:914} INFO - Processing file /home/airflow/.local/lib/python3.12/site-packages/airflow/example_dags/example_branch_python_dop_operator_3.py for tasks to queue
[2025-04-20T06:04:08.010+0000] {logging_mixin.py:190} INFO - [2025-04-20T06:04:08.010+0000] {dagbag.py:588} INFO - Filling up the DagBag from /home/airflow/.local/lib/python3.12/site-packages/airflow/example_dags/example_branch_python_dop_operator_3.py
[2025-04-20T06:04:08.014+0000] {processor.py:925} INFO - DAG(s) 'example_branch_dop_operator_v3' retrieved from /home/airflow/.local/lib/python3.12/site-packages/airflow/example_dags/example_branch_python_dop_operator_3.py
[2025-04-20T06:04:08.024+0000] {logging_mixin.py:190} INFO - [2025-04-20T06:04:08.024+0000] {dag.py:3239} INFO - Sync 1 DAGs
[2025-04-20T06:04:08.035+0000] {logging_mixin.py:190} INFO - [2025-04-20T06:04:08.035+0000] {dag.py:4180} INFO - Setting next_dagrun for example_branch_dop_operator_v3 to 2025-04-20 06:03:00+00:00, run_after=2025-04-20 06:04:00+00:00
[2025-04-20T06:04:08.042+0000] {processor.py:208} INFO - Processing /home/airflow/.local/lib/python3.12/site-packages/airflow/example_dags/example_branch_python_dop_operator_3.py took 0.037 seconds
[2025-04-20T06:04:38.416+0000] {processor.py:186} INFO - Started process (PID=9017) to work on /home/airflow/.local/lib/python3.12/site-packages/airflow/example_dags/example_branch_python_dop_operator_3.py
[2025-04-20T06:04:38.418+0000] {processor.py:914} INFO - Processing file /home/airflow/.local/lib/python3.12/site-packages/airflow/example_dags/example_branch_python_dop_operator_3.py for tasks to queue
[2025-04-20T06:04:38.420+0000] {logging_mixin.py:190} INFO - [2025-04-20T06:04:38.420+0000] {dagbag.py:588} INFO - Filling up the DagBag from /home/airflow/.local/lib/python3.12/site-packages/airflow/example_dags/example_branch_python_dop_operator_3.py
[2025-04-20T06:04:38.425+0000] {processor.py:925} INFO - DAG(s) 'example_branch_dop_operator_v3' retrieved from /home/airflow/.local/lib/python3.12/site-packages/airflow/example_dags/example_branch_python_dop_operator_3.py
[2025-04-20T06:04:38.434+0000] {logging_mixin.py:190} INFO - [2025-04-20T06:04:38.434+0000] {dag.py:3239} INFO - Sync 1 DAGs
[2025-04-20T06:04:38.443+0000] {logging_mixin.py:190} INFO - [2025-04-20T06:04:38.443+0000] {dag.py:4180} INFO - Setting next_dagrun for example_branch_dop_operator_v3 to 2025-04-20 06:03:00+00:00, run_after=2025-04-20 06:04:00+00:00
[2025-04-20T06:04:38.451+0000] {processor.py:208} INFO - Processing /home/airflow/.local/lib/python3.12/site-packages/airflow/example_dags/example_branch_python_dop_operator_3.py took 0.038 seconds
[2025-04-20T06:05:09.027+0000] {processor.py:186} INFO - Started process (PID=9080) to work on /home/airflow/.local/lib/python3.12/site-packages/airflow/example_dags/example_branch_python_dop_operator_3.py
[2025-04-20T06:05:09.030+0000] {processor.py:914} INFO - Processing file /home/airflow/.local/lib/python3.12/site-packages/airflow/example_dags/example_branch_python_dop_operator_3.py for tasks to queue
[2025-04-20T06:05:09.031+0000] {logging_mixin.py:190} INFO - [2025-04-20T06:05:09.031+0000] {dagbag.py:588} INFO - Filling up the DagBag from /home/airflow/.local/lib/python3.12/site-packages/airflow/example_dags/example_branch_python_dop_operator_3.py
[2025-04-20T06:05:09.036+0000] {processor.py:925} INFO - DAG(s) 'example_branch_dop_operator_v3' retrieved from /home/airflow/.local/lib/python3.12/site-packages/airflow/example_dags/example_branch_python_dop_operator_3.py
[2025-04-20T06:05:09.045+0000] {logging_mixin.py:190} INFO - [2025-04-20T06:05:09.045+0000] {dag.py:3239} INFO - Sync 1 DAGs
[2025-04-20T06:05:09.055+0000] {logging_mixin.py:190} INFO - [2025-04-20T06:05:09.055+0000] {dag.py:4180} INFO - Setting next_dagrun for example_branch_dop_operator_v3 to 2025-04-20 06:04:00+00:00, run_after=2025-04-20 06:05:00+00:00
[2025-04-20T06:05:09.062+0000] {processor.py:208} INFO - Processing /home/airflow/.local/lib/python3.12/site-packages/airflow/example_dags/example_branch_python_dop_operator_3.py took 0.038 seconds
[2025-04-20T06:05:39.702+0000] {processor.py:186} INFO - Started process (PID=9143) to work on /home/airflow/.local/lib/python3.12/site-packages/airflow/example_dags/example_branch_python_dop_operator_3.py
[2025-04-20T06:05:39.706+0000] {processor.py:914} INFO - Processing file /home/airflow/.local/lib/python3.12/site-packages/airflow/example_dags/example_branch_python_dop_operator_3.py for tasks to queue
[2025-04-20T06:05:39.707+0000] {logging_mixin.py:190} INFO - [2025-04-20T06:05:39.707+0000] {dagbag.py:588} INFO - Filling up the DagBag from /home/airflow/.local/lib/python3.12/site-packages/airflow/example_dags/example_branch_python_dop_operator_3.py
[2025-04-20T06:05:39.713+0000] {processor.py:925} INFO - DAG(s) 'example_branch_dop_operator_v3' retrieved from /home/airflow/.local/lib/python3.12/site-packages/airflow/example_dags/example_branch_python_dop_operator_3.py
[2025-04-20T06:05:39.723+0000] {logging_mixin.py:190} INFO - [2025-04-20T06:05:39.722+0000] {dag.py:3239} INFO - Sync 1 DAGs
[2025-04-20T06:05:39.732+0000] {logging_mixin.py:190} INFO - [2025-04-20T06:05:39.732+0000] {dag.py:4180} INFO - Setting next_dagrun for example_branch_dop_operator_v3 to 2025-04-20 06:04:00+00:00, run_after=2025-04-20 06:05:00+00:00
[2025-04-20T06:05:39.739+0000] {processor.py:208} INFO - Processing /home/airflow/.local/lib/python3.12/site-packages/airflow/example_dags/example_branch_python_dop_operator_3.py took 0.040 seconds
[2025-04-20T06:06:10.069+0000] {processor.py:186} INFO - Started process (PID=9206) to work on /home/airflow/.local/lib/python3.12/site-packages/airflow/example_dags/example_branch_python_dop_operator_3.py
[2025-04-20T06:06:10.070+0000] {processor.py:914} INFO - Processing file /home/airflow/.local/lib/python3.12/site-packages/airflow/example_dags/example_branch_python_dop_operator_3.py for tasks to queue
[2025-04-20T06:06:10.070+0000] {logging_mixin.py:190} INFO - [2025-04-20T06:06:10.070+0000] {dagbag.py:588} INFO - Filling up the DagBag from /home/airflow/.local/lib/python3.12/site-packages/airflow/example_dags/example_branch_python_dop_operator_3.py
[2025-04-20T06:06:10.075+0000] {processor.py:925} INFO - DAG(s) 'example_branch_dop_operator_v3' retrieved from /home/airflow/.local/lib/python3.12/site-packages/airflow/example_dags/example_branch_python_dop_operator_3.py
[2025-04-20T06:06:10.085+0000] {logging_mixin.py:190} INFO - [2025-04-20T06:06:10.085+0000] {dag.py:3239} INFO - Sync 1 DAGs
[2025-04-20T06:06:10.097+0000] {logging_mixin.py:190} INFO - [2025-04-20T06:06:10.097+0000] {dag.py:4180} INFO - Setting next_dagrun for example_branch_dop_operator_v3 to 2025-04-20 06:05:00+00:00, run_after=2025-04-20 06:06:00+00:00
[2025-04-20T06:06:10.103+0000] {processor.py:208} INFO - Processing /home/airflow/.local/lib/python3.12/site-packages/airflow/example_dags/example_branch_python_dop_operator_3.py took 0.037 seconds
[2025-04-20T06:06:40.434+0000] {processor.py:186} INFO - Started process (PID=9269) to work on /home/airflow/.local/lib/python3.12/site-packages/airflow/example_dags/example_branch_python_dop_operator_3.py
[2025-04-20T06:06:40.437+0000] {processor.py:914} INFO - Processing file /home/airflow/.local/lib/python3.12/site-packages/airflow/example_dags/example_branch_python_dop_operator_3.py for tasks to queue
[2025-04-20T06:06:40.437+0000] {logging_mixin.py:190} INFO - [2025-04-20T06:06:40.437+0000] {dagbag.py:588} INFO - Filling up the DagBag from /home/airflow/.local/lib/python3.12/site-packages/airflow/example_dags/example_branch_python_dop_operator_3.py
[2025-04-20T06:06:40.442+0000] {processor.py:925} INFO - DAG(s) 'example_branch_dop_operator_v3' retrieved from /home/airflow/.local/lib/python3.12/site-packages/airflow/example_dags/example_branch_python_dop_operator_3.py
[2025-04-20T06:06:40.451+0000] {logging_mixin.py:190} INFO - [2025-04-20T06:06:40.451+0000] {dag.py:3239} INFO - Sync 1 DAGs
[2025-04-20T06:06:40.464+0000] {logging_mixin.py:190} INFO - [2025-04-20T06:06:40.464+0000] {dag.py:4180} INFO - Setting next_dagrun for example_branch_dop_operator_v3 to 2025-04-20 06:05:00+00:00, run_after=2025-04-20 06:06:00+00:00
[2025-04-20T06:06:40.472+0000] {processor.py:208} INFO - Processing /home/airflow/.local/lib/python3.12/site-packages/airflow/example_dags/example_branch_python_dop_operator_3.py took 0.040 seconds
[2025-04-20T06:07:11.124+0000] {processor.py:186} INFO - Started process (PID=9332) to work on /home/airflow/.local/lib/python3.12/site-packages/airflow/example_dags/example_branch_python_dop_operator_3.py
[2025-04-20T06:07:11.125+0000] {processor.py:914} INFO - Processing file /home/airflow/.local/lib/python3.12/site-packages/airflow/example_dags/example_branch_python_dop_operator_3.py for tasks to queue
[2025-04-20T06:07:11.125+0000] {logging_mixin.py:190} INFO - [2025-04-20T06:07:11.125+0000] {dagbag.py:588} INFO - Filling up the DagBag from /home/airflow/.local/lib/python3.12/site-packages/airflow/example_dags/example_branch_python_dop_operator_3.py
[2025-04-20T06:07:11.131+0000] {processor.py:925} INFO - DAG(s) 'example_branch_dop_operator_v3' retrieved from /home/airflow/.local/lib/python3.12/site-packages/airflow/example_dags/example_branch_python_dop_operator_3.py
[2025-04-20T06:07:11.141+0000] {logging_mixin.py:190} INFO - [2025-04-20T06:07:11.141+0000] {dag.py:3239} INFO - Sync 1 DAGs
[2025-04-20T06:07:11.152+0000] {logging_mixin.py:190} INFO - [2025-04-20T06:07:11.152+0000] {dag.py:4180} INFO - Setting next_dagrun for example_branch_dop_operator_v3 to 2025-04-20 06:06:00+00:00, run_after=2025-04-20 06:07:00+00:00
[2025-04-20T06:07:11.165+0000] {processor.py:208} INFO - Processing /home/airflow/.local/lib/python3.12/site-packages/airflow/example_dags/example_branch_python_dop_operator_3.py took 0.044 seconds
[2025-04-20T06:07:41.675+0000] {processor.py:186} INFO - Started process (PID=9394) to work on /home/airflow/.local/lib/python3.12/site-packages/airflow/example_dags/example_branch_python_dop_operator_3.py
[2025-04-20T06:07:41.678+0000] {processor.py:914} INFO - Processing file /home/airflow/.local/lib/python3.12/site-packages/airflow/example_dags/example_branch_python_dop_operator_3.py for tasks to queue
[2025-04-20T06:07:41.679+0000] {logging_mixin.py:190} INFO - [2025-04-20T06:07:41.679+0000] {dagbag.py:588} INFO - Filling up the DagBag from /home/airflow/.local/lib/python3.12/site-packages/airflow/example_dags/example_branch_python_dop_operator_3.py
[2025-04-20T06:07:41.685+0000] {processor.py:925} INFO - DAG(s) 'example_branch_dop_operator_v3' retrieved from /home/airflow/.local/lib/python3.12/site-packages/airflow/example_dags/example_branch_python_dop_operator_3.py
[2025-04-20T06:07:41.695+0000] {logging_mixin.py:190} INFO - [2025-04-20T06:07:41.695+0000] {dag.py:3239} INFO - Sync 1 DAGs
[2025-04-20T06:07:41.713+0000] {logging_mixin.py:190} INFO - [2025-04-20T06:07:41.713+0000] {dag.py:4180} INFO - Setting next_dagrun for example_branch_dop_operator_v3 to 2025-04-20 06:06:00+00:00, run_after=2025-04-20 06:07:00+00:00
[2025-04-20T06:07:41.719+0000] {processor.py:208} INFO - Processing /home/airflow/.local/lib/python3.12/site-packages/airflow/example_dags/example_branch_python_dop_operator_3.py took 0.047 seconds
[2025-04-20T06:08:12.464+0000] {processor.py:186} INFO - Started process (PID=9456) to work on /home/airflow/.local/lib/python3.12/site-packages/airflow/example_dags/example_branch_python_dop_operator_3.py
[2025-04-20T06:08:12.467+0000] {processor.py:914} INFO - Processing file /home/airflow/.local/lib/python3.12/site-packages/airflow/example_dags/example_branch_python_dop_operator_3.py for tasks to queue
[2025-04-20T06:08:12.468+0000] {logging_mixin.py:190} INFO - [2025-04-20T06:08:12.468+0000] {dagbag.py:588} INFO - Filling up the DagBag from /home/airflow/.local/lib/python3.12/site-packages/airflow/example_dags/example_branch_python_dop_operator_3.py
[2025-04-20T06:08:12.473+0000] {processor.py:925} INFO - DAG(s) 'example_branch_dop_operator_v3' retrieved from /home/airflow/.local/lib/python3.12/site-packages/airflow/example_dags/example_branch_python_dop_operator_3.py
[2025-04-20T06:08:12.482+0000] {logging_mixin.py:190} INFO - [2025-04-20T06:08:12.482+0000] {dag.py:3239} INFO - Sync 1 DAGs
[2025-04-20T06:08:12.499+0000] {logging_mixin.py:190} INFO - [2025-04-20T06:08:12.499+0000] {dag.py:4180} INFO - Setting next_dagrun for example_branch_dop_operator_v3 to 2025-04-20 06:07:00+00:00, run_after=2025-04-20 06:08:00+00:00
[2025-04-20T06:08:12.511+0000] {processor.py:208} INFO - Processing /home/airflow/.local/lib/python3.12/site-packages/airflow/example_dags/example_branch_python_dop_operator_3.py took 0.053 seconds
[2025-04-20T06:08:42.891+0000] {processor.py:186} INFO - Started process (PID=9519) to work on /home/airflow/.local/lib/python3.12/site-packages/airflow/example_dags/example_branch_python_dop_operator_3.py
[2025-04-20T06:08:42.892+0000] {processor.py:914} INFO - Processing file /home/airflow/.local/lib/python3.12/site-packages/airflow/example_dags/example_branch_python_dop_operator_3.py for tasks to queue
[2025-04-20T06:08:42.893+0000] {logging_mixin.py:190} INFO - [2025-04-20T06:08:42.892+0000] {dagbag.py:588} INFO - Filling up the DagBag from /home/airflow/.local/lib/python3.12/site-packages/airflow/example_dags/example_branch_python_dop_operator_3.py
[2025-04-20T06:08:42.898+0000] {processor.py:925} INFO - DAG(s) 'example_branch_dop_operator_v3' retrieved from /home/airflow/.local/lib/python3.12/site-packages/airflow/example_dags/example_branch_python_dop_operator_3.py
[2025-04-20T06:08:42.909+0000] {logging_mixin.py:190} INFO - [2025-04-20T06:08:42.909+0000] {dag.py:3239} INFO - Sync 1 DAGs
[2025-04-20T06:08:42.919+0000] {logging_mixin.py:190} INFO - [2025-04-20T06:08:42.919+0000] {dag.py:4180} INFO - Setting next_dagrun for example_branch_dop_operator_v3 to 2025-04-20 06:07:00+00:00, run_after=2025-04-20 06:08:00+00:00
[2025-04-20T06:08:42.925+0000] {processor.py:208} INFO - Processing /home/airflow/.local/lib/python3.12/site-packages/airflow/example_dags/example_branch_python_dop_operator_3.py took 0.037 seconds
[2025-04-20T06:09:13.234+0000] {processor.py:186} INFO - Started process (PID=9582) to work on /home/airflow/.local/lib/python3.12/site-packages/airflow/example_dags/example_branch_python_dop_operator_3.py
[2025-04-20T06:09:13.238+0000] {processor.py:914} INFO - Processing file /home/airflow/.local/lib/python3.12/site-packages/airflow/example_dags/example_branch_python_dop_operator_3.py for tasks to queue
[2025-04-20T06:09:13.239+0000] {logging_mixin.py:190} INFO - [2025-04-20T06:09:13.239+0000] {dagbag.py:588} INFO - Filling up the DagBag from /home/airflow/.local/lib/python3.12/site-packages/airflow/example_dags/example_branch_python_dop_operator_3.py
[2025-04-20T06:09:13.244+0000] {processor.py:925} INFO - DAG(s) 'example_branch_dop_operator_v3' retrieved from /home/airflow/.local/lib/python3.12/site-packages/airflow/example_dags/example_branch_python_dop_operator_3.py
[2025-04-20T06:09:13.257+0000] {logging_mixin.py:190} INFO - [2025-04-20T06:09:13.257+0000] {dag.py:3239} INFO - Sync 1 DAGs
[2025-04-20T06:09:13.269+0000] {logging_mixin.py:190} INFO - [2025-04-20T06:09:13.269+0000] {dag.py:4180} INFO - Setting next_dagrun for example_branch_dop_operator_v3 to 2025-04-20 06:08:00+00:00, run_after=2025-04-20 06:09:00+00:00
[2025-04-20T06:09:13.282+0000] {processor.py:208} INFO - Processing /home/airflow/.local/lib/python3.12/site-packages/airflow/example_dags/example_branch_python_dop_operator_3.py took 0.050 seconds
[2025-04-20T06:09:43.776+0000] {processor.py:186} INFO - Started process (PID=9645) to work on /home/airflow/.local/lib/python3.12/site-packages/airflow/example_dags/example_branch_python_dop_operator_3.py
[2025-04-20T06:09:43.777+0000] {processor.py:914} INFO - Processing file /home/airflow/.local/lib/python3.12/site-packages/airflow/example_dags/example_branch_python_dop_operator_3.py for tasks to queue
[2025-04-20T06:09:43.779+0000] {logging_mixin.py:190} INFO - [2025-04-20T06:09:43.779+0000] {dagbag.py:588} INFO - Filling up the DagBag from /home/airflow/.local/lib/python3.12/site-packages/airflow/example_dags/example_branch_python_dop_operator_3.py
[2025-04-20T06:09:43.784+0000] {processor.py:925} INFO - DAG(s) 'example_branch_dop_operator_v3' retrieved from /home/airflow/.local/lib/python3.12/site-packages/airflow/example_dags/example_branch_python_dop_operator_3.py
[2025-04-20T06:09:43.796+0000] {logging_mixin.py:190} INFO - [2025-04-20T06:09:43.795+0000] {dag.py:3239} INFO - Sync 1 DAGs
[2025-04-20T06:09:43.806+0000] {logging_mixin.py:190} INFO - [2025-04-20T06:09:43.806+0000] {dag.py:4180} INFO - Setting next_dagrun for example_branch_dop_operator_v3 to 2025-04-20 06:08:00+00:00, run_after=2025-04-20 06:09:00+00:00
[2025-04-20T06:09:43.816+0000] {processor.py:208} INFO - Processing /home/airflow/.local/lib/python3.12/site-packages/airflow/example_dags/example_branch_python_dop_operator_3.py took 0.042 seconds
[2025-04-20T06:10:14.128+0000] {processor.py:186} INFO - Started process (PID=9708) to work on /home/airflow/.local/lib/python3.12/site-packages/airflow/example_dags/example_branch_python_dop_operator_3.py
[2025-04-20T06:10:14.129+0000] {processor.py:914} INFO - Processing file /home/airflow/.local/lib/python3.12/site-packages/airflow/example_dags/example_branch_python_dop_operator_3.py for tasks to queue
[2025-04-20T06:10:14.131+0000] {logging_mixin.py:190} INFO - [2025-04-20T06:10:14.129+0000] {dagbag.py:588} INFO - Filling up the DagBag from /home/airflow/.local/lib/python3.12/site-packages/airflow/example_dags/example_branch_python_dop_operator_3.py
[2025-04-20T06:10:14.136+0000] {processor.py:925} INFO - DAG(s) 'example_branch_dop_operator_v3' retrieved from /home/airflow/.local/lib/python3.12/site-packages/airflow/example_dags/example_branch_python_dop_operator_3.py
[2025-04-20T06:10:14.148+0000] {logging_mixin.py:190} INFO - [2025-04-20T06:10:14.147+0000] {dag.py:3239} INFO - Sync 1 DAGs
[2025-04-20T06:10:14.159+0000] {logging_mixin.py:190} INFO - [2025-04-20T06:10:14.159+0000] {dag.py:4180} INFO - Setting next_dagrun for example_branch_dop_operator_v3 to 2025-04-20 06:09:00+00:00, run_after=2025-04-20 06:10:00+00:00
[2025-04-20T06:10:14.165+0000] {processor.py:208} INFO - Processing /home/airflow/.local/lib/python3.12/site-packages/airflow/example_dags/example_branch_python_dop_operator_3.py took 0.040 seconds
[2025-04-20T06:10:44.584+0000] {processor.py:186} INFO - Started process (PID=9771) to work on /home/airflow/.local/lib/python3.12/site-packages/airflow/example_dags/example_branch_python_dop_operator_3.py
[2025-04-20T06:10:44.584+0000] {processor.py:914} INFO - Processing file /home/airflow/.local/lib/python3.12/site-packages/airflow/example_dags/example_branch_python_dop_operator_3.py for tasks to queue
[2025-04-20T06:10:44.585+0000] {logging_mixin.py:190} INFO - [2025-04-20T06:10:44.584+0000] {dagbag.py:588} INFO - Filling up the DagBag from /home/airflow/.local/lib/python3.12/site-packages/airflow/example_dags/example_branch_python_dop_operator_3.py
[2025-04-20T06:10:44.589+0000] {processor.py:925} INFO - DAG(s) 'example_branch_dop_operator_v3' retrieved from /home/airflow/.local/lib/python3.12/site-packages/airflow/example_dags/example_branch_python_dop_operator_3.py
[2025-04-20T06:10:44.602+0000] {logging_mixin.py:190} INFO - [2025-04-20T06:10:44.602+0000] {dag.py:3239} INFO - Sync 1 DAGs
[2025-04-20T06:10:44.612+0000] {logging_mixin.py:190} INFO - [2025-04-20T06:10:44.612+0000] {dag.py:4180} INFO - Setting next_dagrun for example_branch_dop_operator_v3 to 2025-04-20 06:09:00+00:00, run_after=2025-04-20 06:10:00+00:00
[2025-04-20T06:10:44.623+0000] {processor.py:208} INFO - Processing /home/airflow/.local/lib/python3.12/site-packages/airflow/example_dags/example_branch_python_dop_operator_3.py took 0.043 seconds
[2025-04-20T06:11:15.062+0000] {processor.py:186} INFO - Started process (PID=9834) to work on /home/airflow/.local/lib/python3.12/site-packages/airflow/example_dags/example_branch_python_dop_operator_3.py
[2025-04-20T06:11:15.063+0000] {processor.py:914} INFO - Processing file /home/airflow/.local/lib/python3.12/site-packages/airflow/example_dags/example_branch_python_dop_operator_3.py for tasks to queue
[2025-04-20T06:11:15.063+0000] {logging_mixin.py:190} INFO - [2025-04-20T06:11:15.063+0000] {dagbag.py:588} INFO - Filling up the DagBag from /home/airflow/.local/lib/python3.12/site-packages/airflow/example_dags/example_branch_python_dop_operator_3.py
[2025-04-20T06:11:15.068+0000] {processor.py:925} INFO - DAG(s) 'example_branch_dop_operator_v3' retrieved from /home/airflow/.local/lib/python3.12/site-packages/airflow/example_dags/example_branch_python_dop_operator_3.py
[2025-04-20T06:11:15.082+0000] {logging_mixin.py:190} INFO - [2025-04-20T06:11:15.082+0000] {dag.py:3239} INFO - Sync 1 DAGs
[2025-04-20T06:11:15.092+0000] {logging_mixin.py:190} INFO - [2025-04-20T06:11:15.092+0000] {dag.py:4180} INFO - Setting next_dagrun for example_branch_dop_operator_v3 to 2025-04-20 06:10:00+00:00, run_after=2025-04-20 06:11:00+00:00
[2025-04-20T06:11:15.100+0000] {processor.py:208} INFO - Processing /home/airflow/.local/lib/python3.12/site-packages/airflow/example_dags/example_branch_python_dop_operator_3.py took 0.041 seconds
[2025-04-20T06:11:45.592+0000] {processor.py:186} INFO - Started process (PID=9897) to work on /home/airflow/.local/lib/python3.12/site-packages/airflow/example_dags/example_branch_python_dop_operator_3.py
[2025-04-20T06:11:45.592+0000] {processor.py:914} INFO - Processing file /home/airflow/.local/lib/python3.12/site-packages/airflow/example_dags/example_branch_python_dop_operator_3.py for tasks to queue
[2025-04-20T06:11:45.593+0000] {logging_mixin.py:190} INFO - [2025-04-20T06:11:45.593+0000] {dagbag.py:588} INFO - Filling up the DagBag from /home/airflow/.local/lib/python3.12/site-packages/airflow/example_dags/example_branch_python_dop_operator_3.py
[2025-04-20T06:11:45.597+0000] {processor.py:925} INFO - DAG(s) 'example_branch_dop_operator_v3' retrieved from /home/airflow/.local/lib/python3.12/site-packages/airflow/example_dags/example_branch_python_dop_operator_3.py
[2025-04-20T06:11:45.608+0000] {logging_mixin.py:190} INFO - [2025-04-20T06:11:45.608+0000] {dag.py:3239} INFO - Sync 1 DAGs
[2025-04-20T06:11:45.619+0000] {logging_mixin.py:190} INFO - [2025-04-20T06:11:45.619+0000] {dag.py:4180} INFO - Setting next_dagrun for example_branch_dop_operator_v3 to 2025-04-20 06:10:00+00:00, run_after=2025-04-20 06:11:00+00:00
[2025-04-20T06:11:45.630+0000] {processor.py:208} INFO - Processing /home/airflow/.local/lib/python3.12/site-packages/airflow/example_dags/example_branch_python_dop_operator_3.py took 0.040 seconds
[2025-04-20T06:12:16.017+0000] {processor.py:186} INFO - Started process (PID=9960) to work on /home/airflow/.local/lib/python3.12/site-packages/airflow/example_dags/example_branch_python_dop_operator_3.py
[2025-04-20T06:12:16.018+0000] {processor.py:914} INFO - Processing file /home/airflow/.local/lib/python3.12/site-packages/airflow/example_dags/example_branch_python_dop_operator_3.py for tasks to queue
[2025-04-20T06:12:16.019+0000] {logging_mixin.py:190} INFO - [2025-04-20T06:12:16.018+0000] {dagbag.py:588} INFO - Filling up the DagBag from /home/airflow/.local/lib/python3.12/site-packages/airflow/example_dags/example_branch_python_dop_operator_3.py
[2025-04-20T06:12:16.024+0000] {processor.py:925} INFO - DAG(s) 'example_branch_dop_operator_v3' retrieved from /home/airflow/.local/lib/python3.12/site-packages/airflow/example_dags/example_branch_python_dop_operator_3.py
[2025-04-20T06:12:16.035+0000] {logging_mixin.py:190} INFO - [2025-04-20T06:12:16.035+0000] {dag.py:3239} INFO - Sync 1 DAGs
[2025-04-20T06:12:16.048+0000] {logging_mixin.py:190} INFO - [2025-04-20T06:12:16.048+0000] {dag.py:4180} INFO - Setting next_dagrun for example_branch_dop_operator_v3 to 2025-04-20 06:11:00+00:00, run_after=2025-04-20 06:12:00+00:00
[2025-04-20T06:12:16.059+0000] {processor.py:208} INFO - Processing /home/airflow/.local/lib/python3.12/site-packages/airflow/example_dags/example_branch_python_dop_operator_3.py took 0.045 seconds
[2025-04-20T06:12:46.385+0000] {processor.py:186} INFO - Started process (PID=10023) to work on /home/airflow/.local/lib/python3.12/site-packages/airflow/example_dags/example_branch_python_dop_operator_3.py
[2025-04-20T06:12:46.386+0000] {processor.py:914} INFO - Processing file /home/airflow/.local/lib/python3.12/site-packages/airflow/example_dags/example_branch_python_dop_operator_3.py for tasks to queue
[2025-04-20T06:12:46.387+0000] {logging_mixin.py:190} INFO - [2025-04-20T06:12:46.387+0000] {dagbag.py:588} INFO - Filling up the DagBag from /home/airflow/.local/lib/python3.12/site-packages/airflow/example_dags/example_branch_python_dop_operator_3.py
[2025-04-20T06:12:46.392+0000] {processor.py:925} INFO - DAG(s) 'example_branch_dop_operator_v3' retrieved from /home/airflow/.local/lib/python3.12/site-packages/airflow/example_dags/example_branch_python_dop_operator_3.py
[2025-04-20T06:12:46.403+0000] {logging_mixin.py:190} INFO - [2025-04-20T06:12:46.403+0000] {dag.py:3239} INFO - Sync 1 DAGs
[2025-04-20T06:12:46.413+0000] {logging_mixin.py:190} INFO - [2025-04-20T06:12:46.413+0000] {dag.py:4180} INFO - Setting next_dagrun for example_branch_dop_operator_v3 to 2025-04-20 06:11:00+00:00, run_after=2025-04-20 06:12:00+00:00
[2025-04-20T06:12:46.422+0000] {processor.py:208} INFO - Processing /home/airflow/.local/lib/python3.12/site-packages/airflow/example_dags/example_branch_python_dop_operator_3.py took 0.039 seconds
[2025-04-20T06:13:16.851+0000] {processor.py:186} INFO - Started process (PID=10086) to work on /home/airflow/.local/lib/python3.12/site-packages/airflow/example_dags/example_branch_python_dop_operator_3.py
[2025-04-20T06:13:16.852+0000] {processor.py:914} INFO - Processing file /home/airflow/.local/lib/python3.12/site-packages/airflow/example_dags/example_branch_python_dop_operator_3.py for tasks to queue
[2025-04-20T06:13:16.852+0000] {logging_mixin.py:190} INFO - [2025-04-20T06:13:16.852+0000] {dagbag.py:588} INFO - Filling up the DagBag from /home/airflow/.local/lib/python3.12/site-packages/airflow/example_dags/example_branch_python_dop_operator_3.py
[2025-04-20T06:13:16.857+0000] {processor.py:925} INFO - DAG(s) 'example_branch_dop_operator_v3' retrieved from /home/airflow/.local/lib/python3.12/site-packages/airflow/example_dags/example_branch_python_dop_operator_3.py
[2025-04-20T06:13:16.868+0000] {logging_mixin.py:190} INFO - [2025-04-20T06:13:16.868+0000] {dag.py:3239} INFO - Sync 1 DAGs
[2025-04-20T06:13:16.881+0000] {logging_mixin.py:190} INFO - [2025-04-20T06:13:16.881+0000] {dag.py:4180} INFO - Setting next_dagrun for example_branch_dop_operator_v3 to 2025-04-20 06:12:00+00:00, run_after=2025-04-20 06:13:00+00:00
[2025-04-20T06:13:16.892+0000] {processor.py:208} INFO - Processing /home/airflow/.local/lib/python3.12/site-packages/airflow/example_dags/example_branch_python_dop_operator_3.py took 0.044 seconds
[2025-04-20T06:13:47.352+0000] {processor.py:186} INFO - Started process (PID=10148) to work on /home/airflow/.local/lib/python3.12/site-packages/airflow/example_dags/example_branch_python_dop_operator_3.py
[2025-04-20T06:13:47.354+0000] {processor.py:914} INFO - Processing file /home/airflow/.local/lib/python3.12/site-packages/airflow/example_dags/example_branch_python_dop_operator_3.py for tasks to queue
[2025-04-20T06:13:47.354+0000] {logging_mixin.py:190} INFO - [2025-04-20T06:13:47.354+0000] {dagbag.py:588} INFO - Filling up the DagBag from /home/airflow/.local/lib/python3.12/site-packages/airflow/example_dags/example_branch_python_dop_operator_3.py
[2025-04-20T06:13:47.360+0000] {processor.py:925} INFO - DAG(s) 'example_branch_dop_operator_v3' retrieved from /home/airflow/.local/lib/python3.12/site-packages/airflow/example_dags/example_branch_python_dop_operator_3.py
[2025-04-20T06:13:47.370+0000] {logging_mixin.py:190} INFO - [2025-04-20T06:13:47.370+0000] {dag.py:3239} INFO - Sync 1 DAGs
[2025-04-20T06:13:47.382+0000] {logging_mixin.py:190} INFO - [2025-04-20T06:13:47.382+0000] {dag.py:4180} INFO - Setting next_dagrun for example_branch_dop_operator_v3 to 2025-04-20 06:12:00+00:00, run_after=2025-04-20 06:13:00+00:00
[2025-04-20T06:13:47.396+0000] {processor.py:208} INFO - Processing /home/airflow/.local/lib/python3.12/site-packages/airflow/example_dags/example_branch_python_dop_operator_3.py took 0.048 seconds
[2025-04-20T06:14:17.869+0000] {processor.py:186} INFO - Started process (PID=10211) to work on /home/airflow/.local/lib/python3.12/site-packages/airflow/example_dags/example_branch_python_dop_operator_3.py
[2025-04-20T06:14:17.869+0000] {processor.py:914} INFO - Processing file /home/airflow/.local/lib/python3.12/site-packages/airflow/example_dags/example_branch_python_dop_operator_3.py for tasks to queue
[2025-04-20T06:14:17.870+0000] {logging_mixin.py:190} INFO - [2025-04-20T06:14:17.870+0000] {dagbag.py:588} INFO - Filling up the DagBag from /home/airflow/.local/lib/python3.12/site-packages/airflow/example_dags/example_branch_python_dop_operator_3.py
[2025-04-20T06:14:17.877+0000] {processor.py:925} INFO - DAG(s) 'example_branch_dop_operator_v3' retrieved from /home/airflow/.local/lib/python3.12/site-packages/airflow/example_dags/example_branch_python_dop_operator_3.py
[2025-04-20T06:14:17.889+0000] {logging_mixin.py:190} INFO - [2025-04-20T06:14:17.889+0000] {dag.py:3239} INFO - Sync 1 DAGs
[2025-04-20T06:14:17.902+0000] {logging_mixin.py:190} INFO - [2025-04-20T06:14:17.902+0000] {dag.py:4180} INFO - Setting next_dagrun for example_branch_dop_operator_v3 to 2025-04-20 06:13:00+00:00, run_after=2025-04-20 06:14:00+00:00
[2025-04-20T06:14:17.912+0000] {processor.py:208} INFO - Processing /home/airflow/.local/lib/python3.12/site-packages/airflow/example_dags/example_branch_python_dop_operator_3.py took 0.046 seconds
[2025-04-20T06:14:48.378+0000] {processor.py:186} INFO - Started process (PID=10274) to work on /home/airflow/.local/lib/python3.12/site-packages/airflow/example_dags/example_branch_python_dop_operator_3.py
[2025-04-20T06:14:48.379+0000] {processor.py:914} INFO - Processing file /home/airflow/.local/lib/python3.12/site-packages/airflow/example_dags/example_branch_python_dop_operator_3.py for tasks to queue
[2025-04-20T06:14:48.380+0000] {logging_mixin.py:190} INFO - [2025-04-20T06:14:48.380+0000] {dagbag.py:588} INFO - Filling up the DagBag from /home/airflow/.local/lib/python3.12/site-packages/airflow/example_dags/example_branch_python_dop_operator_3.py
[2025-04-20T06:14:48.384+0000] {processor.py:925} INFO - DAG(s) 'example_branch_dop_operator_v3' retrieved from /home/airflow/.local/lib/python3.12/site-packages/airflow/example_dags/example_branch_python_dop_operator_3.py
[2025-04-20T06:14:48.394+0000] {logging_mixin.py:190} INFO - [2025-04-20T06:14:48.394+0000] {dag.py:3239} INFO - Sync 1 DAGs
[2025-04-20T06:14:48.405+0000] {logging_mixin.py:190} INFO - [2025-04-20T06:14:48.405+0000] {dag.py:4180} INFO - Setting next_dagrun for example_branch_dop_operator_v3 to 2025-04-20 06:13:00+00:00, run_after=2025-04-20 06:14:00+00:00
[2025-04-20T06:14:48.411+0000] {processor.py:208} INFO - Processing /home/airflow/.local/lib/python3.12/site-packages/airflow/example_dags/example_branch_python_dop_operator_3.py took 0.035 seconds
[2025-04-20T06:15:18.680+0000] {processor.py:186} INFO - Started process (PID=10337) to work on /home/airflow/.local/lib/python3.12/site-packages/airflow/example_dags/example_branch_python_dop_operator_3.py
[2025-04-20T06:15:18.680+0000] {processor.py:914} INFO - Processing file /home/airflow/.local/lib/python3.12/site-packages/airflow/example_dags/example_branch_python_dop_operator_3.py for tasks to queue
[2025-04-20T06:15:18.681+0000] {logging_mixin.py:190} INFO - [2025-04-20T06:15:18.681+0000] {dagbag.py:588} INFO - Filling up the DagBag from /home/airflow/.local/lib/python3.12/site-packages/airflow/example_dags/example_branch_python_dop_operator_3.py
[2025-04-20T06:15:18.686+0000] {processor.py:925} INFO - DAG(s) 'example_branch_dop_operator_v3' retrieved from /home/airflow/.local/lib/python3.12/site-packages/airflow/example_dags/example_branch_python_dop_operator_3.py
[2025-04-20T06:15:18.695+0000] {logging_mixin.py:190} INFO - [2025-04-20T06:15:18.695+0000] {dag.py:3239} INFO - Sync 1 DAGs
[2025-04-20T06:15:18.707+0000] {logging_mixin.py:190} INFO - [2025-04-20T06:15:18.707+0000] {dag.py:4180} INFO - Setting next_dagrun for example_branch_dop_operator_v3 to 2025-04-20 06:14:00+00:00, run_after=2025-04-20 06:15:00+00:00
[2025-04-20T06:15:18.717+0000] {processor.py:208} INFO - Processing /home/airflow/.local/lib/python3.12/site-packages/airflow/example_dags/example_branch_python_dop_operator_3.py took 0.040 seconds
[2025-04-20T06:15:49.021+0000] {processor.py:186} INFO - Started process (PID=10400) to work on /home/airflow/.local/lib/python3.12/site-packages/airflow/example_dags/example_branch_python_dop_operator_3.py
[2025-04-20T06:15:49.022+0000] {processor.py:914} INFO - Processing file /home/airflow/.local/lib/python3.12/site-packages/airflow/example_dags/example_branch_python_dop_operator_3.py for tasks to queue
[2025-04-20T06:15:49.022+0000] {logging_mixin.py:190} INFO - [2025-04-20T06:15:49.022+0000] {dagbag.py:588} INFO - Filling up the DagBag from /home/airflow/.local/lib/python3.12/site-packages/airflow/example_dags/example_branch_python_dop_operator_3.py
[2025-04-20T06:15:49.027+0000] {processor.py:925} INFO - DAG(s) 'example_branch_dop_operator_v3' retrieved from /home/airflow/.local/lib/python3.12/site-packages/airflow/example_dags/example_branch_python_dop_operator_3.py
[2025-04-20T06:15:49.040+0000] {logging_mixin.py:190} INFO - [2025-04-20T06:15:49.040+0000] {dag.py:3239} INFO - Sync 1 DAGs
[2025-04-20T06:15:49.051+0000] {logging_mixin.py:190} INFO - [2025-04-20T06:15:49.051+0000] {dag.py:4180} INFO - Setting next_dagrun for example_branch_dop_operator_v3 to 2025-04-20 06:14:00+00:00, run_after=2025-04-20 06:15:00+00:00
[2025-04-20T06:15:49.060+0000] {processor.py:208} INFO - Processing /home/airflow/.local/lib/python3.12/site-packages/airflow/example_dags/example_branch_python_dop_operator_3.py took 0.042 seconds
[2025-04-20T06:16:19.478+0000] {processor.py:186} INFO - Started process (PID=10463) to work on /home/airflow/.local/lib/python3.12/site-packages/airflow/example_dags/example_branch_python_dop_operator_3.py
[2025-04-20T06:16:19.478+0000] {processor.py:914} INFO - Processing file /home/airflow/.local/lib/python3.12/site-packages/airflow/example_dags/example_branch_python_dop_operator_3.py for tasks to queue
[2025-04-20T06:16:19.479+0000] {logging_mixin.py:190} INFO - [2025-04-20T06:16:19.478+0000] {dagbag.py:588} INFO - Filling up the DagBag from /home/airflow/.local/lib/python3.12/site-packages/airflow/example_dags/example_branch_python_dop_operator_3.py
[2025-04-20T06:16:19.483+0000] {processor.py:925} INFO - DAG(s) 'example_branch_dop_operator_v3' retrieved from /home/airflow/.local/lib/python3.12/site-packages/airflow/example_dags/example_branch_python_dop_operator_3.py
[2025-04-20T06:16:19.492+0000] {logging_mixin.py:190} INFO - [2025-04-20T06:16:19.492+0000] {dag.py:3239} INFO - Sync 1 DAGs
[2025-04-20T06:16:19.503+0000] {logging_mixin.py:190} INFO - [2025-04-20T06:16:19.503+0000] {dag.py:4180} INFO - Setting next_dagrun for example_branch_dop_operator_v3 to 2025-04-20 06:15:00+00:00, run_after=2025-04-20 06:16:00+00:00
[2025-04-20T06:16:19.510+0000] {processor.py:208} INFO - Processing /home/airflow/.local/lib/python3.12/site-packages/airflow/example_dags/example_branch_python_dop_operator_3.py took 0.035 seconds
[2025-04-20T06:16:49.849+0000] {processor.py:186} INFO - Started process (PID=10526) to work on /home/airflow/.local/lib/python3.12/site-packages/airflow/example_dags/example_branch_python_dop_operator_3.py
[2025-04-20T06:16:49.850+0000] {processor.py:914} INFO - Processing file /home/airflow/.local/lib/python3.12/site-packages/airflow/example_dags/example_branch_python_dop_operator_3.py for tasks to queue
[2025-04-20T06:16:49.852+0000] {logging_mixin.py:190} INFO - [2025-04-20T06:16:49.852+0000] {dagbag.py:588} INFO - Filling up the DagBag from /home/airflow/.local/lib/python3.12/site-packages/airflow/example_dags/example_branch_python_dop_operator_3.py
[2025-04-20T06:16:49.857+0000] {processor.py:925} INFO - DAG(s) 'example_branch_dop_operator_v3' retrieved from /home/airflow/.local/lib/python3.12/site-packages/airflow/example_dags/example_branch_python_dop_operator_3.py
[2025-04-20T06:16:49.866+0000] {logging_mixin.py:190} INFO - [2025-04-20T06:16:49.866+0000] {dag.py:3239} INFO - Sync 1 DAGs
[2025-04-20T06:16:49.879+0000] {logging_mixin.py:190} INFO - [2025-04-20T06:16:49.879+0000] {dag.py:4180} INFO - Setting next_dagrun for example_branch_dop_operator_v3 to 2025-04-20 06:15:00+00:00, run_after=2025-04-20 06:16:00+00:00
[2025-04-20T06:16:49.887+0000] {processor.py:208} INFO - Processing /home/airflow/.local/lib/python3.12/site-packages/airflow/example_dags/example_branch_python_dop_operator_3.py took 0.041 seconds
[2025-04-20T06:17:20.382+0000] {processor.py:186} INFO - Started process (PID=10589) to work on /home/airflow/.local/lib/python3.12/site-packages/airflow/example_dags/example_branch_python_dop_operator_3.py
[2025-04-20T06:17:20.383+0000] {processor.py:914} INFO - Processing file /home/airflow/.local/lib/python3.12/site-packages/airflow/example_dags/example_branch_python_dop_operator_3.py for tasks to queue
[2025-04-20T06:17:20.384+0000] {logging_mixin.py:190} INFO - [2025-04-20T06:17:20.383+0000] {dagbag.py:588} INFO - Filling up the DagBag from /home/airflow/.local/lib/python3.12/site-packages/airflow/example_dags/example_branch_python_dop_operator_3.py
[2025-04-20T06:17:20.388+0000] {processor.py:925} INFO - DAG(s) 'example_branch_dop_operator_v3' retrieved from /home/airflow/.local/lib/python3.12/site-packages/airflow/example_dags/example_branch_python_dop_operator_3.py
[2025-04-20T06:17:20.398+0000] {logging_mixin.py:190} INFO - [2025-04-20T06:17:20.398+0000] {dag.py:3239} INFO - Sync 1 DAGs
[2025-04-20T06:17:20.413+0000] {logging_mixin.py:190} INFO - [2025-04-20T06:17:20.412+0000] {dag.py:4180} INFO - Setting next_dagrun for example_branch_dop_operator_v3 to 2025-04-20 06:16:00+00:00, run_after=2025-04-20 06:17:00+00:00
[2025-04-20T06:17:20.423+0000] {processor.py:208} INFO - Processing /home/airflow/.local/lib/python3.12/site-packages/airflow/example_dags/example_branch_python_dop_operator_3.py took 0.043 seconds
[2025-04-20T06:17:50.904+0000] {processor.py:186} INFO - Started process (PID=10652) to work on /home/airflow/.local/lib/python3.12/site-packages/airflow/example_dags/example_branch_python_dop_operator_3.py
[2025-04-20T06:17:50.907+0000] {processor.py:914} INFO - Processing file /home/airflow/.local/lib/python3.12/site-packages/airflow/example_dags/example_branch_python_dop_operator_3.py for tasks to queue
[2025-04-20T06:17:50.908+0000] {logging_mixin.py:190} INFO - [2025-04-20T06:17:50.908+0000] {dagbag.py:588} INFO - Filling up the DagBag from /home/airflow/.local/lib/python3.12/site-packages/airflow/example_dags/example_branch_python_dop_operator_3.py
[2025-04-20T06:17:50.912+0000] {processor.py:925} INFO - DAG(s) 'example_branch_dop_operator_v3' retrieved from /home/airflow/.local/lib/python3.12/site-packages/airflow/example_dags/example_branch_python_dop_operator_3.py
[2025-04-20T06:17:50.921+0000] {logging_mixin.py:190} INFO - [2025-04-20T06:17:50.921+0000] {dag.py:3239} INFO - Sync 1 DAGs
[2025-04-20T06:17:50.932+0000] {logging_mixin.py:190} INFO - [2025-04-20T06:17:50.932+0000] {dag.py:4180} INFO - Setting next_dagrun for example_branch_dop_operator_v3 to 2025-04-20 06:16:00+00:00, run_after=2025-04-20 06:17:00+00:00
[2025-04-20T06:17:50.939+0000] {processor.py:208} INFO - Processing /home/airflow/.local/lib/python3.12/site-packages/airflow/example_dags/example_branch_python_dop_operator_3.py took 0.037 seconds
[2025-04-20T06:18:21.369+0000] {processor.py:186} INFO - Started process (PID=10715) to work on /home/airflow/.local/lib/python3.12/site-packages/airflow/example_dags/example_branch_python_dop_operator_3.py
[2025-04-20T06:18:21.369+0000] {processor.py:914} INFO - Processing file /home/airflow/.local/lib/python3.12/site-packages/airflow/example_dags/example_branch_python_dop_operator_3.py for tasks to queue
[2025-04-20T06:18:21.370+0000] {logging_mixin.py:190} INFO - [2025-04-20T06:18:21.370+0000] {dagbag.py:588} INFO - Filling up the DagBag from /home/airflow/.local/lib/python3.12/site-packages/airflow/example_dags/example_branch_python_dop_operator_3.py
[2025-04-20T06:18:21.375+0000] {processor.py:925} INFO - DAG(s) 'example_branch_dop_operator_v3' retrieved from /home/airflow/.local/lib/python3.12/site-packages/airflow/example_dags/example_branch_python_dop_operator_3.py
[2025-04-20T06:18:21.386+0000] {logging_mixin.py:190} INFO - [2025-04-20T06:18:21.386+0000] {dag.py:3239} INFO - Sync 1 DAGs
[2025-04-20T06:18:21.396+0000] {logging_mixin.py:190} INFO - [2025-04-20T06:18:21.396+0000] {dag.py:4180} INFO - Setting next_dagrun for example_branch_dop_operator_v3 to 2025-04-20 06:17:00+00:00, run_after=2025-04-20 06:18:00+00:00
[2025-04-20T06:18:21.405+0000] {processor.py:208} INFO - Processing /home/airflow/.local/lib/python3.12/site-packages/airflow/example_dags/example_branch_python_dop_operator_3.py took 0.039 seconds
[2025-04-20T06:18:51.868+0000] {processor.py:186} INFO - Started process (PID=10778) to work on /home/airflow/.local/lib/python3.12/site-packages/airflow/example_dags/example_branch_python_dop_operator_3.py
[2025-04-20T06:18:51.868+0000] {processor.py:914} INFO - Processing file /home/airflow/.local/lib/python3.12/site-packages/airflow/example_dags/example_branch_python_dop_operator_3.py for tasks to queue
[2025-04-20T06:18:51.869+0000] {logging_mixin.py:190} INFO - [2025-04-20T06:18:51.869+0000] {dagbag.py:588} INFO - Filling up the DagBag from /home/airflow/.local/lib/python3.12/site-packages/airflow/example_dags/example_branch_python_dop_operator_3.py
[2025-04-20T06:18:51.874+0000] {processor.py:925} INFO - DAG(s) 'example_branch_dop_operator_v3' retrieved from /home/airflow/.local/lib/python3.12/site-packages/airflow/example_dags/example_branch_python_dop_operator_3.py
[2025-04-20T06:18:51.883+0000] {logging_mixin.py:190} INFO - [2025-04-20T06:18:51.883+0000] {dag.py:3239} INFO - Sync 1 DAGs
[2025-04-20T06:18:51.894+0000] {logging_mixin.py:190} INFO - [2025-04-20T06:18:51.894+0000] {dag.py:4180} INFO - Setting next_dagrun for example_branch_dop_operator_v3 to 2025-04-20 06:17:00+00:00, run_after=2025-04-20 06:18:00+00:00
[2025-04-20T06:18:51.905+0000] {processor.py:208} INFO - Processing /home/airflow/.local/lib/python3.12/site-packages/airflow/example_dags/example_branch_python_dop_operator_3.py took 0.041 seconds
[2025-04-20T06:19:22.277+0000] {processor.py:186} INFO - Started process (PID=10841) to work on /home/airflow/.local/lib/python3.12/site-packages/airflow/example_dags/example_branch_python_dop_operator_3.py
[2025-04-20T06:19:22.278+0000] {processor.py:914} INFO - Processing file /home/airflow/.local/lib/python3.12/site-packages/airflow/example_dags/example_branch_python_dop_operator_3.py for tasks to queue
[2025-04-20T06:19:22.280+0000] {logging_mixin.py:190} INFO - [2025-04-20T06:19:22.280+0000] {dagbag.py:588} INFO - Filling up the DagBag from /home/airflow/.local/lib/python3.12/site-packages/airflow/example_dags/example_branch_python_dop_operator_3.py
[2025-04-20T06:19:22.285+0000] {processor.py:925} INFO - DAG(s) 'example_branch_dop_operator_v3' retrieved from /home/airflow/.local/lib/python3.12/site-packages/airflow/example_dags/example_branch_python_dop_operator_3.py
[2025-04-20T06:19:22.294+0000] {logging_mixin.py:190} INFO - [2025-04-20T06:19:22.294+0000] {dag.py:3239} INFO - Sync 1 DAGs
[2025-04-20T06:19:22.304+0000] {logging_mixin.py:190} INFO - [2025-04-20T06:19:22.304+0000] {dag.py:4180} INFO - Setting next_dagrun for example_branch_dop_operator_v3 to 2025-04-20 06:18:00+00:00, run_after=2025-04-20 06:19:00+00:00
[2025-04-20T06:19:22.315+0000] {processor.py:208} INFO - Processing /home/airflow/.local/lib/python3.12/site-packages/airflow/example_dags/example_branch_python_dop_operator_3.py took 0.041 seconds
