[2025-04-20T00:11:21.912+0000] {processor.py:186} INFO - Started process (PID=7623) to work on /home/airflow/.local/lib/python3.12/site-packages/airflow/example_dags/example_setup_teardown.py
[2025-04-20T00:11:21.913+0000] {processor.py:914} INFO - Processing file /home/airflow/.local/lib/python3.12/site-packages/airflow/example_dags/example_setup_teardown.py for tasks to queue
[2025-04-20T00:11:21.914+0000] {logging_mixin.py:190} INFO - [2025-04-20T00:11:21.914+0000] {dagbag.py:588} INFO - Filling up the DagBag from /home/airflow/.local/lib/python3.12/site-packages/airflow/example_dags/example_setup_teardown.py
[2025-04-20T00:11:21.918+0000] {processor.py:925} INFO - DAG(s) 'example_setup_teardown' retrieved from /home/airflow/.local/lib/python3.12/site-packages/airflow/example_dags/example_setup_teardown.py
[2025-04-20T00:11:21.928+0000] {logging_mixin.py:190} INFO - [2025-04-20T00:11:21.928+0000] {dag.py:3239} INFO - Sync 1 DAGs
[2025-04-20T00:11:21.934+0000] {logging_mixin.py:190} INFO - [2025-04-20T00:11:21.934+0000] {dag.py:4180} INFO - Setting next_dagrun for example_setup_teardown to None, run_after=None
[2025-04-20T00:11:21.941+0000] {processor.py:208} INFO - Processing /home/airflow/.local/lib/python3.12/site-packages/airflow/example_dags/example_setup_teardown.py took 0.032 seconds
[2025-04-20T01:21:25.383+0000] {processor.py:186} INFO - Started process (PID=7686) to work on /home/airflow/.local/lib/python3.12/site-packages/airflow/example_dags/example_setup_teardown.py
[2025-04-20T01:21:25.384+0000] {processor.py:914} INFO - Processing file /home/airflow/.local/lib/python3.12/site-packages/airflow/example_dags/example_setup_teardown.py for tasks to queue
[2025-04-20T01:21:25.385+0000] {logging_mixin.py:190} INFO - [2025-04-20T01:21:25.385+0000] {dagbag.py:588} INFO - Filling up the DagBag from /home/airflow/.local/lib/python3.12/site-packages/airflow/example_dags/example_setup_teardown.py
[2025-04-20T01:21:25.389+0000] {processor.py:925} INFO - DAG(s) 'example_setup_teardown' retrieved from /home/airflow/.local/lib/python3.12/site-packages/airflow/example_dags/example_setup_teardown.py
[2025-04-20T01:21:25.398+0000] {logging_mixin.py:190} INFO - [2025-04-20T01:21:25.398+0000] {dag.py:3239} INFO - Sync 1 DAGs
[2025-04-20T01:21:25.404+0000] {logging_mixin.py:190} INFO - [2025-04-20T01:21:25.404+0000] {dag.py:4180} INFO - Setting next_dagrun for example_setup_teardown to None, run_after=None
[2025-04-20T01:21:25.411+0000] {processor.py:208} INFO - Processing /home/airflow/.local/lib/python3.12/site-packages/airflow/example_dags/example_setup_teardown.py took 0.030 seconds
[2025-04-20T02:22:25.326+0000] {processor.py:186} INFO - Started process (PID=7750) to work on /home/airflow/.local/lib/python3.12/site-packages/airflow/example_dags/example_setup_teardown.py
[2025-04-20T02:22:25.327+0000] {processor.py:914} INFO - Processing file /home/airflow/.local/lib/python3.12/site-packages/airflow/example_dags/example_setup_teardown.py for tasks to queue
[2025-04-20T02:22:25.328+0000] {logging_mixin.py:190} INFO - [2025-04-20T02:22:25.328+0000] {dagbag.py:588} INFO - Filling up the DagBag from /home/airflow/.local/lib/python3.12/site-packages/airflow/example_dags/example_setup_teardown.py
[2025-04-20T02:22:25.332+0000] {processor.py:925} INFO - DAG(s) 'example_setup_teardown' retrieved from /home/airflow/.local/lib/python3.12/site-packages/airflow/example_dags/example_setup_teardown.py
[2025-04-20T02:22:25.341+0000] {logging_mixin.py:190} INFO - [2025-04-20T02:22:25.341+0000] {dag.py:3239} INFO - Sync 1 DAGs
[2025-04-20T02:22:25.346+0000] {logging_mixin.py:190} INFO - [2025-04-20T02:22:25.346+0000] {dag.py:4180} INFO - Setting next_dagrun for example_setup_teardown to None, run_after=None
[2025-04-20T02:22:25.352+0000] {processor.py:208} INFO - Processing /home/airflow/.local/lib/python3.12/site-packages/airflow/example_dags/example_setup_teardown.py took 0.028 seconds
[2025-04-20T03:23:32.004+0000] {processor.py:186} INFO - Started process (PID=7814) to work on /home/airflow/.local/lib/python3.12/site-packages/airflow/example_dags/example_setup_teardown.py
[2025-04-20T03:23:32.005+0000] {processor.py:914} INFO - Processing file /home/airflow/.local/lib/python3.12/site-packages/airflow/example_dags/example_setup_teardown.py for tasks to queue
[2025-04-20T03:23:32.006+0000] {logging_mixin.py:190} INFO - [2025-04-20T03:23:32.006+0000] {dagbag.py:588} INFO - Filling up the DagBag from /home/airflow/.local/lib/python3.12/site-packages/airflow/example_dags/example_setup_teardown.py
[2025-04-20T03:23:32.010+0000] {processor.py:925} INFO - DAG(s) 'example_setup_teardown' retrieved from /home/airflow/.local/lib/python3.12/site-packages/airflow/example_dags/example_setup_teardown.py
[2025-04-20T03:23:32.020+0000] {logging_mixin.py:190} INFO - [2025-04-20T03:23:32.020+0000] {dag.py:3239} INFO - Sync 1 DAGs
[2025-04-20T03:23:32.027+0000] {logging_mixin.py:190} INFO - [2025-04-20T03:23:32.026+0000] {dag.py:4180} INFO - Setting next_dagrun for example_setup_teardown to None, run_after=None
[2025-04-20T03:23:32.034+0000] {processor.py:208} INFO - Processing /home/airflow/.local/lib/python3.12/site-packages/airflow/example_dags/example_setup_teardown.py took 0.032 seconds
[2025-04-20T03:47:16.262+0000] {processor.py:186} INFO - Started process (PID=7878) to work on /home/airflow/.local/lib/python3.12/site-packages/airflow/example_dags/example_setup_teardown.py
[2025-04-20T03:47:16.263+0000] {processor.py:914} INFO - Processing file /home/airflow/.local/lib/python3.12/site-packages/airflow/example_dags/example_setup_teardown.py for tasks to queue
[2025-04-20T03:47:16.264+0000] {logging_mixin.py:190} INFO - [2025-04-20T03:47:16.264+0000] {dagbag.py:588} INFO - Filling up the DagBag from /home/airflow/.local/lib/python3.12/site-packages/airflow/example_dags/example_setup_teardown.py
[2025-04-20T03:47:16.268+0000] {processor.py:925} INFO - DAG(s) 'example_setup_teardown' retrieved from /home/airflow/.local/lib/python3.12/site-packages/airflow/example_dags/example_setup_teardown.py
[2025-04-20T03:47:16.278+0000] {logging_mixin.py:190} INFO - [2025-04-20T03:47:16.278+0000] {dag.py:3239} INFO - Sync 1 DAGs
[2025-04-20T03:47:16.283+0000] {logging_mixin.py:190} INFO - [2025-04-20T03:47:16.283+0000] {dag.py:4180} INFO - Setting next_dagrun for example_setup_teardown to None, run_after=None
[2025-04-20T03:47:16.290+0000] {processor.py:208} INFO - Processing /home/airflow/.local/lib/python3.12/site-packages/airflow/example_dags/example_setup_teardown.py took 0.031 seconds
[2025-04-20T04:59:01.054+0000] {processor.py:186} INFO - Started process (PID=7942) to work on /home/airflow/.local/lib/python3.12/site-packages/airflow/example_dags/example_setup_teardown.py
[2025-04-20T04:59:01.054+0000] {processor.py:914} INFO - Processing file /home/airflow/.local/lib/python3.12/site-packages/airflow/example_dags/example_setup_teardown.py for tasks to queue
[2025-04-20T04:59:01.055+0000] {logging_mixin.py:190} INFO - [2025-04-20T04:59:01.055+0000] {dagbag.py:588} INFO - Filling up the DagBag from /home/airflow/.local/lib/python3.12/site-packages/airflow/example_dags/example_setup_teardown.py
[2025-04-20T04:59:01.060+0000] {processor.py:925} INFO - DAG(s) 'example_setup_teardown' retrieved from /home/airflow/.local/lib/python3.12/site-packages/airflow/example_dags/example_setup_teardown.py
[2025-04-20T04:59:01.068+0000] {logging_mixin.py:190} INFO - [2025-04-20T04:59:01.068+0000] {dag.py:3239} INFO - Sync 1 DAGs
[2025-04-20T04:59:01.074+0000] {logging_mixin.py:190} INFO - [2025-04-20T04:59:01.074+0000] {dag.py:4180} INFO - Setting next_dagrun for example_setup_teardown to None, run_after=None
[2025-04-20T04:59:01.080+0000] {processor.py:208} INFO - Processing /home/airflow/.local/lib/python3.12/site-packages/airflow/example_dags/example_setup_teardown.py took 0.029 seconds
[2025-04-20T05:56:30.129+0000] {processor.py:186} INFO - Started process (PID=8006) to work on /home/airflow/.local/lib/python3.12/site-packages/airflow/example_dags/example_setup_teardown.py
[2025-04-20T05:56:30.129+0000] {processor.py:914} INFO - Processing file /home/airflow/.local/lib/python3.12/site-packages/airflow/example_dags/example_setup_teardown.py for tasks to queue
[2025-04-20T05:56:30.131+0000] {logging_mixin.py:190} INFO - [2025-04-20T05:56:30.130+0000] {dagbag.py:588} INFO - Filling up the DagBag from /home/airflow/.local/lib/python3.12/site-packages/airflow/example_dags/example_setup_teardown.py
[2025-04-20T05:56:30.135+0000] {processor.py:925} INFO - DAG(s) 'example_setup_teardown' retrieved from /home/airflow/.local/lib/python3.12/site-packages/airflow/example_dags/example_setup_teardown.py
[2025-04-20T05:56:30.144+0000] {logging_mixin.py:190} INFO - [2025-04-20T05:56:30.144+0000] {dag.py:3239} INFO - Sync 1 DAGs
[2025-04-20T05:56:30.150+0000] {logging_mixin.py:190} INFO - [2025-04-20T05:56:30.150+0000] {dag.py:4180} INFO - Setting next_dagrun for example_setup_teardown to None, run_after=None
[2025-04-20T05:56:30.157+0000] {processor.py:208} INFO - Processing /home/airflow/.local/lib/python3.12/site-packages/airflow/example_dags/example_setup_teardown.py took 0.031 seconds
[2025-04-20T05:57:00.792+0000] {processor.py:186} INFO - Started process (PID=8069) to work on /home/airflow/.local/lib/python3.12/site-packages/airflow/example_dags/example_setup_teardown.py
[2025-04-20T05:57:00.793+0000] {processor.py:914} INFO - Processing file /home/airflow/.local/lib/python3.12/site-packages/airflow/example_dags/example_setup_teardown.py for tasks to queue
[2025-04-20T05:57:00.795+0000] {logging_mixin.py:190} INFO - [2025-04-20T05:57:00.795+0000] {dagbag.py:588} INFO - Filling up the DagBag from /home/airflow/.local/lib/python3.12/site-packages/airflow/example_dags/example_setup_teardown.py
[2025-04-20T05:57:00.799+0000] {processor.py:925} INFO - DAG(s) 'example_setup_teardown' retrieved from /home/airflow/.local/lib/python3.12/site-packages/airflow/example_dags/example_setup_teardown.py
[2025-04-20T05:57:00.810+0000] {logging_mixin.py:190} INFO - [2025-04-20T05:57:00.810+0000] {dag.py:3239} INFO - Sync 1 DAGs
[2025-04-20T05:57:00.816+0000] {logging_mixin.py:190} INFO - [2025-04-20T05:57:00.816+0000] {dag.py:4180} INFO - Setting next_dagrun for example_setup_teardown to None, run_after=None
[2025-04-20T05:57:00.827+0000] {processor.py:208} INFO - Processing /home/airflow/.local/lib/python3.12/site-packages/airflow/example_dags/example_setup_teardown.py took 0.038 seconds
[2025-04-20T05:57:31.907+0000] {processor.py:186} INFO - Started process (PID=8133) to work on /home/airflow/.local/lib/python3.12/site-packages/airflow/example_dags/example_setup_teardown.py
[2025-04-20T05:57:31.908+0000] {processor.py:914} INFO - Processing file /home/airflow/.local/lib/python3.12/site-packages/airflow/example_dags/example_setup_teardown.py for tasks to queue
[2025-04-20T05:57:31.909+0000] {logging_mixin.py:190} INFO - [2025-04-20T05:57:31.909+0000] {dagbag.py:588} INFO - Filling up the DagBag from /home/airflow/.local/lib/python3.12/site-packages/airflow/example_dags/example_setup_teardown.py
[2025-04-20T05:57:31.916+0000] {processor.py:925} INFO - DAG(s) 'example_setup_teardown' retrieved from /home/airflow/.local/lib/python3.12/site-packages/airflow/example_dags/example_setup_teardown.py
[2025-04-20T05:57:31.929+0000] {logging_mixin.py:190} INFO - [2025-04-20T05:57:31.928+0000] {dag.py:3239} INFO - Sync 1 DAGs
[2025-04-20T05:57:31.934+0000] {logging_mixin.py:190} INFO - [2025-04-20T05:57:31.934+0000] {dag.py:4180} INFO - Setting next_dagrun for example_setup_teardown to None, run_after=None
[2025-04-20T05:57:31.942+0000] {processor.py:208} INFO - Processing /home/airflow/.local/lib/python3.12/site-packages/airflow/example_dags/example_setup_teardown.py took 0.038 seconds
[2025-04-20T05:58:02.635+0000] {processor.py:186} INFO - Started process (PID=8197) to work on /home/airflow/.local/lib/python3.12/site-packages/airflow/example_dags/example_setup_teardown.py
[2025-04-20T05:58:02.636+0000] {processor.py:914} INFO - Processing file /home/airflow/.local/lib/python3.12/site-packages/airflow/example_dags/example_setup_teardown.py for tasks to queue
[2025-04-20T05:58:02.637+0000] {logging_mixin.py:190} INFO - [2025-04-20T05:58:02.637+0000] {dagbag.py:588} INFO - Filling up the DagBag from /home/airflow/.local/lib/python3.12/site-packages/airflow/example_dags/example_setup_teardown.py
[2025-04-20T05:58:02.641+0000] {processor.py:925} INFO - DAG(s) 'example_setup_teardown' retrieved from /home/airflow/.local/lib/python3.12/site-packages/airflow/example_dags/example_setup_teardown.py
[2025-04-20T05:58:02.649+0000] {logging_mixin.py:190} INFO - [2025-04-20T05:58:02.649+0000] {dag.py:3239} INFO - Sync 1 DAGs
[2025-04-20T05:58:02.654+0000] {logging_mixin.py:190} INFO - [2025-04-20T05:58:02.654+0000] {dag.py:4180} INFO - Setting next_dagrun for example_setup_teardown to None, run_after=None
[2025-04-20T05:58:02.663+0000] {processor.py:208} INFO - Processing /home/airflow/.local/lib/python3.12/site-packages/airflow/example_dags/example_setup_teardown.py took 0.030 seconds
[2025-04-20T05:58:32.937+0000] {processor.py:186} INFO - Started process (PID=8261) to work on /home/airflow/.local/lib/python3.12/site-packages/airflow/example_dags/example_setup_teardown.py
[2025-04-20T05:58:32.937+0000] {processor.py:914} INFO - Processing file /home/airflow/.local/lib/python3.12/site-packages/airflow/example_dags/example_setup_teardown.py for tasks to queue
[2025-04-20T05:58:32.938+0000] {logging_mixin.py:190} INFO - [2025-04-20T05:58:32.938+0000] {dagbag.py:588} INFO - Filling up the DagBag from /home/airflow/.local/lib/python3.12/site-packages/airflow/example_dags/example_setup_teardown.py
[2025-04-20T05:58:32.943+0000] {processor.py:925} INFO - DAG(s) 'example_setup_teardown' retrieved from /home/airflow/.local/lib/python3.12/site-packages/airflow/example_dags/example_setup_teardown.py
[2025-04-20T05:58:32.954+0000] {logging_mixin.py:190} INFO - [2025-04-20T05:58:32.954+0000] {dag.py:3239} INFO - Sync 1 DAGs
[2025-04-20T05:58:32.961+0000] {logging_mixin.py:190} INFO - [2025-04-20T05:58:32.961+0000] {dag.py:4180} INFO - Setting next_dagrun for example_setup_teardown to None, run_after=None
[2025-04-20T05:58:32.972+0000] {processor.py:208} INFO - Processing /home/airflow/.local/lib/python3.12/site-packages/airflow/example_dags/example_setup_teardown.py took 0.038 seconds
[2025-04-20T05:59:03.266+0000] {processor.py:186} INFO - Started process (PID=8325) to work on /home/airflow/.local/lib/python3.12/site-packages/airflow/example_dags/example_setup_teardown.py
[2025-04-20T05:59:03.266+0000] {processor.py:914} INFO - Processing file /home/airflow/.local/lib/python3.12/site-packages/airflow/example_dags/example_setup_teardown.py for tasks to queue
[2025-04-20T05:59:03.268+0000] {logging_mixin.py:190} INFO - [2025-04-20T05:59:03.268+0000] {dagbag.py:588} INFO - Filling up the DagBag from /home/airflow/.local/lib/python3.12/site-packages/airflow/example_dags/example_setup_teardown.py
[2025-04-20T05:59:03.272+0000] {processor.py:925} INFO - DAG(s) 'example_setup_teardown' retrieved from /home/airflow/.local/lib/python3.12/site-packages/airflow/example_dags/example_setup_teardown.py
[2025-04-20T05:59:03.281+0000] {logging_mixin.py:190} INFO - [2025-04-20T05:59:03.281+0000] {dag.py:3239} INFO - Sync 1 DAGs
[2025-04-20T05:59:03.286+0000] {logging_mixin.py:190} INFO - [2025-04-20T05:59:03.286+0000] {dag.py:4180} INFO - Setting next_dagrun for example_setup_teardown to None, run_after=None
[2025-04-20T05:59:03.298+0000] {processor.py:208} INFO - Processing /home/airflow/.local/lib/python3.12/site-packages/airflow/example_dags/example_setup_teardown.py took 0.035 seconds
[2025-04-20T05:59:33.622+0000] {processor.py:186} INFO - Started process (PID=8389) to work on /home/airflow/.local/lib/python3.12/site-packages/airflow/example_dags/example_setup_teardown.py
[2025-04-20T05:59:33.622+0000] {processor.py:914} INFO - Processing file /home/airflow/.local/lib/python3.12/site-packages/airflow/example_dags/example_setup_teardown.py for tasks to queue
[2025-04-20T05:59:33.624+0000] {logging_mixin.py:190} INFO - [2025-04-20T05:59:33.623+0000] {dagbag.py:588} INFO - Filling up the DagBag from /home/airflow/.local/lib/python3.12/site-packages/airflow/example_dags/example_setup_teardown.py
[2025-04-20T05:59:33.629+0000] {processor.py:925} INFO - DAG(s) 'example_setup_teardown' retrieved from /home/airflow/.local/lib/python3.12/site-packages/airflow/example_dags/example_setup_teardown.py
[2025-04-20T05:59:33.641+0000] {logging_mixin.py:190} INFO - [2025-04-20T05:59:33.640+0000] {dag.py:3239} INFO - Sync 1 DAGs
[2025-04-20T05:59:33.647+0000] {logging_mixin.py:190} INFO - [2025-04-20T05:59:33.647+0000] {dag.py:4180} INFO - Setting next_dagrun for example_setup_teardown to None, run_after=None
[2025-04-20T05:59:33.656+0000] {processor.py:208} INFO - Processing /home/airflow/.local/lib/python3.12/site-packages/airflow/example_dags/example_setup_teardown.py took 0.037 seconds
[2025-04-20T06:00:04.133+0000] {processor.py:186} INFO - Started process (PID=8452) to work on /home/airflow/.local/lib/python3.12/site-packages/airflow/example_dags/example_setup_teardown.py
[2025-04-20T06:00:04.133+0000] {processor.py:914} INFO - Processing file /home/airflow/.local/lib/python3.12/site-packages/airflow/example_dags/example_setup_teardown.py for tasks to queue
[2025-04-20T06:00:04.134+0000] {logging_mixin.py:190} INFO - [2025-04-20T06:00:04.133+0000] {dagbag.py:588} INFO - Filling up the DagBag from /home/airflow/.local/lib/python3.12/site-packages/airflow/example_dags/example_setup_teardown.py
[2025-04-20T06:00:04.138+0000] {processor.py:925} INFO - DAG(s) 'example_setup_teardown' retrieved from /home/airflow/.local/lib/python3.12/site-packages/airflow/example_dags/example_setup_teardown.py
[2025-04-20T06:00:04.150+0000] {logging_mixin.py:190} INFO - [2025-04-20T06:00:04.150+0000] {dag.py:3239} INFO - Sync 1 DAGs
[2025-04-20T06:00:04.156+0000] {logging_mixin.py:190} INFO - [2025-04-20T06:00:04.156+0000] {dag.py:4180} INFO - Setting next_dagrun for example_setup_teardown to None, run_after=None
[2025-04-20T06:00:04.165+0000] {processor.py:208} INFO - Processing /home/airflow/.local/lib/python3.12/site-packages/airflow/example_dags/example_setup_teardown.py took 0.035 seconds
[2025-04-20T06:00:34.558+0000] {processor.py:186} INFO - Started process (PID=8515) to work on /home/airflow/.local/lib/python3.12/site-packages/airflow/example_dags/example_setup_teardown.py
[2025-04-20T06:00:34.559+0000] {processor.py:914} INFO - Processing file /home/airflow/.local/lib/python3.12/site-packages/airflow/example_dags/example_setup_teardown.py for tasks to queue
[2025-04-20T06:00:34.560+0000] {logging_mixin.py:190} INFO - [2025-04-20T06:00:34.560+0000] {dagbag.py:588} INFO - Filling up the DagBag from /home/airflow/.local/lib/python3.12/site-packages/airflow/example_dags/example_setup_teardown.py
[2025-04-20T06:00:34.564+0000] {processor.py:925} INFO - DAG(s) 'example_setup_teardown' retrieved from /home/airflow/.local/lib/python3.12/site-packages/airflow/example_dags/example_setup_teardown.py
[2025-04-20T06:00:34.575+0000] {logging_mixin.py:190} INFO - [2025-04-20T06:00:34.574+0000] {dag.py:3239} INFO - Sync 1 DAGs
[2025-04-20T06:00:34.581+0000] {logging_mixin.py:190} INFO - [2025-04-20T06:00:34.581+0000] {dag.py:4180} INFO - Setting next_dagrun for example_setup_teardown to None, run_after=None
[2025-04-20T06:00:34.589+0000] {processor.py:208} INFO - Processing /home/airflow/.local/lib/python3.12/site-packages/airflow/example_dags/example_setup_teardown.py took 0.034 seconds
[2025-04-20T06:01:04.916+0000] {processor.py:186} INFO - Started process (PID=8578) to work on /home/airflow/.local/lib/python3.12/site-packages/airflow/example_dags/example_setup_teardown.py
[2025-04-20T06:01:04.916+0000] {processor.py:914} INFO - Processing file /home/airflow/.local/lib/python3.12/site-packages/airflow/example_dags/example_setup_teardown.py for tasks to queue
[2025-04-20T06:01:04.917+0000] {logging_mixin.py:190} INFO - [2025-04-20T06:01:04.916+0000] {dagbag.py:588} INFO - Filling up the DagBag from /home/airflow/.local/lib/python3.12/site-packages/airflow/example_dags/example_setup_teardown.py
[2025-04-20T06:01:04.921+0000] {processor.py:925} INFO - DAG(s) 'example_setup_teardown' retrieved from /home/airflow/.local/lib/python3.12/site-packages/airflow/example_dags/example_setup_teardown.py
[2025-04-20T06:01:04.932+0000] {logging_mixin.py:190} INFO - [2025-04-20T06:01:04.931+0000] {dag.py:3239} INFO - Sync 1 DAGs
[2025-04-20T06:01:04.938+0000] {logging_mixin.py:190} INFO - [2025-04-20T06:01:04.938+0000] {dag.py:4180} INFO - Setting next_dagrun for example_setup_teardown to None, run_after=None
[2025-04-20T06:01:04.946+0000] {processor.py:208} INFO - Processing /home/airflow/.local/lib/python3.12/site-packages/airflow/example_dags/example_setup_teardown.py took 0.033 seconds
[2025-04-20T06:01:35.439+0000] {processor.py:186} INFO - Started process (PID=8641) to work on /home/airflow/.local/lib/python3.12/site-packages/airflow/example_dags/example_setup_teardown.py
[2025-04-20T06:01:35.440+0000] {processor.py:914} INFO - Processing file /home/airflow/.local/lib/python3.12/site-packages/airflow/example_dags/example_setup_teardown.py for tasks to queue
[2025-04-20T06:01:35.441+0000] {logging_mixin.py:190} INFO - [2025-04-20T06:01:35.441+0000] {dagbag.py:588} INFO - Filling up the DagBag from /home/airflow/.local/lib/python3.12/site-packages/airflow/example_dags/example_setup_teardown.py
[2025-04-20T06:01:35.445+0000] {processor.py:925} INFO - DAG(s) 'example_setup_teardown' retrieved from /home/airflow/.local/lib/python3.12/site-packages/airflow/example_dags/example_setup_teardown.py
[2025-04-20T06:01:35.455+0000] {logging_mixin.py:190} INFO - [2025-04-20T06:01:35.455+0000] {dag.py:3239} INFO - Sync 1 DAGs
[2025-04-20T06:01:35.462+0000] {logging_mixin.py:190} INFO - [2025-04-20T06:01:35.462+0000] {dag.py:4180} INFO - Setting next_dagrun for example_setup_teardown to None, run_after=None
[2025-04-20T06:01:35.471+0000] {processor.py:208} INFO - Processing /home/airflow/.local/lib/python3.12/site-packages/airflow/example_dags/example_setup_teardown.py took 0.034 seconds
[2025-04-20T06:02:05.944+0000] {processor.py:186} INFO - Started process (PID=8704) to work on /home/airflow/.local/lib/python3.12/site-packages/airflow/example_dags/example_setup_teardown.py
[2025-04-20T06:02:05.945+0000] {processor.py:914} INFO - Processing file /home/airflow/.local/lib/python3.12/site-packages/airflow/example_dags/example_setup_teardown.py for tasks to queue
[2025-04-20T06:02:05.945+0000] {logging_mixin.py:190} INFO - [2025-04-20T06:02:05.945+0000] {dagbag.py:588} INFO - Filling up the DagBag from /home/airflow/.local/lib/python3.12/site-packages/airflow/example_dags/example_setup_teardown.py
[2025-04-20T06:02:05.949+0000] {processor.py:925} INFO - DAG(s) 'example_setup_teardown' retrieved from /home/airflow/.local/lib/python3.12/site-packages/airflow/example_dags/example_setup_teardown.py
[2025-04-20T06:02:05.961+0000] {logging_mixin.py:190} INFO - [2025-04-20T06:02:05.961+0000] {dag.py:3239} INFO - Sync 1 DAGs
[2025-04-20T06:02:05.969+0000] {logging_mixin.py:190} INFO - [2025-04-20T06:02:05.969+0000] {dag.py:4180} INFO - Setting next_dagrun for example_setup_teardown to None, run_after=None
[2025-04-20T06:02:05.978+0000] {processor.py:208} INFO - Processing /home/airflow/.local/lib/python3.12/site-packages/airflow/example_dags/example_setup_teardown.py took 0.037 seconds
[2025-04-20T06:02:36.357+0000] {processor.py:186} INFO - Started process (PID=8766) to work on /home/airflow/.local/lib/python3.12/site-packages/airflow/example_dags/example_setup_teardown.py
[2025-04-20T06:02:36.357+0000] {processor.py:914} INFO - Processing file /home/airflow/.local/lib/python3.12/site-packages/airflow/example_dags/example_setup_teardown.py for tasks to queue
[2025-04-20T06:02:36.357+0000] {logging_mixin.py:190} INFO - [2025-04-20T06:02:36.357+0000] {dagbag.py:588} INFO - Filling up the DagBag from /home/airflow/.local/lib/python3.12/site-packages/airflow/example_dags/example_setup_teardown.py
[2025-04-20T06:02:36.361+0000] {processor.py:925} INFO - DAG(s) 'example_setup_teardown' retrieved from /home/airflow/.local/lib/python3.12/site-packages/airflow/example_dags/example_setup_teardown.py
[2025-04-20T06:02:36.369+0000] {logging_mixin.py:190} INFO - [2025-04-20T06:02:36.369+0000] {dag.py:3239} INFO - Sync 1 DAGs
[2025-04-20T06:02:36.375+0000] {logging_mixin.py:190} INFO - [2025-04-20T06:02:36.375+0000] {dag.py:4180} INFO - Setting next_dagrun for example_setup_teardown to None, run_after=None
[2025-04-20T06:02:36.380+0000] {processor.py:208} INFO - Processing /home/airflow/.local/lib/python3.12/site-packages/airflow/example_dags/example_setup_teardown.py took 0.026 seconds
[2025-04-20T06:03:06.692+0000] {processor.py:186} INFO - Started process (PID=8829) to work on /home/airflow/.local/lib/python3.12/site-packages/airflow/example_dags/example_setup_teardown.py
[2025-04-20T06:03:06.692+0000] {processor.py:914} INFO - Processing file /home/airflow/.local/lib/python3.12/site-packages/airflow/example_dags/example_setup_teardown.py for tasks to queue
[2025-04-20T06:03:06.693+0000] {logging_mixin.py:190} INFO - [2025-04-20T06:03:06.693+0000] {dagbag.py:588} INFO - Filling up the DagBag from /home/airflow/.local/lib/python3.12/site-packages/airflow/example_dags/example_setup_teardown.py
[2025-04-20T06:03:06.697+0000] {processor.py:925} INFO - DAG(s) 'example_setup_teardown' retrieved from /home/airflow/.local/lib/python3.12/site-packages/airflow/example_dags/example_setup_teardown.py
[2025-04-20T06:03:06.707+0000] {logging_mixin.py:190} INFO - [2025-04-20T06:03:06.707+0000] {dag.py:3239} INFO - Sync 1 DAGs
[2025-04-20T06:03:06.714+0000] {logging_mixin.py:190} INFO - [2025-04-20T06:03:06.714+0000] {dag.py:4180} INFO - Setting next_dagrun for example_setup_teardown to None, run_after=None
[2025-04-20T06:03:06.722+0000] {processor.py:208} INFO - Processing /home/airflow/.local/lib/python3.12/site-packages/airflow/example_dags/example_setup_teardown.py took 0.033 seconds
[2025-04-20T06:03:37.479+0000] {processor.py:186} INFO - Started process (PID=8892) to work on /home/airflow/.local/lib/python3.12/site-packages/airflow/example_dags/example_setup_teardown.py
[2025-04-20T06:03:37.479+0000] {processor.py:914} INFO - Processing file /home/airflow/.local/lib/python3.12/site-packages/airflow/example_dags/example_setup_teardown.py for tasks to queue
[2025-04-20T06:03:37.479+0000] {logging_mixin.py:190} INFO - [2025-04-20T06:03:37.479+0000] {dagbag.py:588} INFO - Filling up the DagBag from /home/airflow/.local/lib/python3.12/site-packages/airflow/example_dags/example_setup_teardown.py
[2025-04-20T06:03:37.484+0000] {processor.py:925} INFO - DAG(s) 'example_setup_teardown' retrieved from /home/airflow/.local/lib/python3.12/site-packages/airflow/example_dags/example_setup_teardown.py
[2025-04-20T06:03:37.493+0000] {logging_mixin.py:190} INFO - [2025-04-20T06:03:37.493+0000] {dag.py:3239} INFO - Sync 1 DAGs
[2025-04-20T06:03:37.499+0000] {logging_mixin.py:190} INFO - [2025-04-20T06:03:37.499+0000] {dag.py:4180} INFO - Setting next_dagrun for example_setup_teardown to None, run_after=None
[2025-04-20T06:03:37.506+0000] {processor.py:208} INFO - Processing /home/airflow/.local/lib/python3.12/site-packages/airflow/example_dags/example_setup_teardown.py took 0.030 seconds
[2025-04-20T06:04:08.019+0000] {processor.py:186} INFO - Started process (PID=8955) to work on /home/airflow/.local/lib/python3.12/site-packages/airflow/example_dags/example_setup_teardown.py
[2025-04-20T06:04:08.020+0000] {processor.py:914} INFO - Processing file /home/airflow/.local/lib/python3.12/site-packages/airflow/example_dags/example_setup_teardown.py for tasks to queue
[2025-04-20T06:04:08.020+0000] {logging_mixin.py:190} INFO - [2025-04-20T06:04:08.020+0000] {dagbag.py:588} INFO - Filling up the DagBag from /home/airflow/.local/lib/python3.12/site-packages/airflow/example_dags/example_setup_teardown.py
[2025-04-20T06:04:08.026+0000] {processor.py:925} INFO - DAG(s) 'example_setup_teardown' retrieved from /home/airflow/.local/lib/python3.12/site-packages/airflow/example_dags/example_setup_teardown.py
[2025-04-20T06:04:08.038+0000] {logging_mixin.py:190} INFO - [2025-04-20T06:04:08.038+0000] {dag.py:3239} INFO - Sync 1 DAGs
[2025-04-20T06:04:08.044+0000] {logging_mixin.py:190} INFO - [2025-04-20T06:04:08.044+0000] {dag.py:4180} INFO - Setting next_dagrun for example_setup_teardown to None, run_after=None
[2025-04-20T06:04:08.052+0000] {processor.py:208} INFO - Processing /home/airflow/.local/lib/python3.12/site-packages/airflow/example_dags/example_setup_teardown.py took 0.036 seconds
[2025-04-20T06:04:38.459+0000] {processor.py:186} INFO - Started process (PID=9018) to work on /home/airflow/.local/lib/python3.12/site-packages/airflow/example_dags/example_setup_teardown.py
[2025-04-20T06:04:38.460+0000] {processor.py:914} INFO - Processing file /home/airflow/.local/lib/python3.12/site-packages/airflow/example_dags/example_setup_teardown.py for tasks to queue
[2025-04-20T06:04:38.461+0000] {logging_mixin.py:190} INFO - [2025-04-20T06:04:38.460+0000] {dagbag.py:588} INFO - Filling up the DagBag from /home/airflow/.local/lib/python3.12/site-packages/airflow/example_dags/example_setup_teardown.py
[2025-04-20T06:04:38.464+0000] {processor.py:925} INFO - DAG(s) 'example_setup_teardown' retrieved from /home/airflow/.local/lib/python3.12/site-packages/airflow/example_dags/example_setup_teardown.py
[2025-04-20T06:04:38.474+0000] {logging_mixin.py:190} INFO - [2025-04-20T06:04:38.473+0000] {dag.py:3239} INFO - Sync 1 DAGs
[2025-04-20T06:04:38.479+0000] {logging_mixin.py:190} INFO - [2025-04-20T06:04:38.479+0000] {dag.py:4180} INFO - Setting next_dagrun for example_setup_teardown to None, run_after=None
[2025-04-20T06:04:38.488+0000] {processor.py:208} INFO - Processing /home/airflow/.local/lib/python3.12/site-packages/airflow/example_dags/example_setup_teardown.py took 0.031 seconds
[2025-04-20T06:05:09.069+0000] {processor.py:186} INFO - Started process (PID=9081) to work on /home/airflow/.local/lib/python3.12/site-packages/airflow/example_dags/example_setup_teardown.py
[2025-04-20T06:05:09.070+0000] {processor.py:914} INFO - Processing file /home/airflow/.local/lib/python3.12/site-packages/airflow/example_dags/example_setup_teardown.py for tasks to queue
[2025-04-20T06:05:09.070+0000] {logging_mixin.py:190} INFO - [2025-04-20T06:05:09.070+0000] {dagbag.py:588} INFO - Filling up the DagBag from /home/airflow/.local/lib/python3.12/site-packages/airflow/example_dags/example_setup_teardown.py
[2025-04-20T06:05:09.074+0000] {processor.py:925} INFO - DAG(s) 'example_setup_teardown' retrieved from /home/airflow/.local/lib/python3.12/site-packages/airflow/example_dags/example_setup_teardown.py
[2025-04-20T06:05:09.084+0000] {logging_mixin.py:190} INFO - [2025-04-20T06:05:09.084+0000] {dag.py:3239} INFO - Sync 1 DAGs
[2025-04-20T06:05:09.090+0000] {logging_mixin.py:190} INFO - [2025-04-20T06:05:09.090+0000] {dag.py:4180} INFO - Setting next_dagrun for example_setup_teardown to None, run_after=None
[2025-04-20T06:05:09.100+0000] {processor.py:208} INFO - Processing /home/airflow/.local/lib/python3.12/site-packages/airflow/example_dags/example_setup_teardown.py took 0.033 seconds
[2025-04-20T06:05:39.747+0000] {processor.py:186} INFO - Started process (PID=9144) to work on /home/airflow/.local/lib/python3.12/site-packages/airflow/example_dags/example_setup_teardown.py
[2025-04-20T06:05:39.748+0000] {processor.py:914} INFO - Processing file /home/airflow/.local/lib/python3.12/site-packages/airflow/example_dags/example_setup_teardown.py for tasks to queue
[2025-04-20T06:05:39.748+0000] {logging_mixin.py:190} INFO - [2025-04-20T06:05:39.748+0000] {dagbag.py:588} INFO - Filling up the DagBag from /home/airflow/.local/lib/python3.12/site-packages/airflow/example_dags/example_setup_teardown.py
[2025-04-20T06:05:39.753+0000] {processor.py:925} INFO - DAG(s) 'example_setup_teardown' retrieved from /home/airflow/.local/lib/python3.12/site-packages/airflow/example_dags/example_setup_teardown.py
[2025-04-20T06:05:39.764+0000] {logging_mixin.py:190} INFO - [2025-04-20T06:05:39.764+0000] {dag.py:3239} INFO - Sync 1 DAGs
[2025-04-20T06:05:39.770+0000] {logging_mixin.py:190} INFO - [2025-04-20T06:05:39.770+0000] {dag.py:4180} INFO - Setting next_dagrun for example_setup_teardown to None, run_after=None
[2025-04-20T06:05:39.777+0000] {processor.py:208} INFO - Processing /home/airflow/.local/lib/python3.12/site-packages/airflow/example_dags/example_setup_teardown.py took 0.032 seconds
[2025-04-20T06:06:10.075+0000] {processor.py:186} INFO - Started process (PID=9207) to work on /home/airflow/.local/lib/python3.12/site-packages/airflow/example_dags/example_setup_teardown.py
[2025-04-20T06:06:10.076+0000] {processor.py:914} INFO - Processing file /home/airflow/.local/lib/python3.12/site-packages/airflow/example_dags/example_setup_teardown.py for tasks to queue
[2025-04-20T06:06:10.077+0000] {logging_mixin.py:190} INFO - [2025-04-20T06:06:10.077+0000] {dagbag.py:588} INFO - Filling up the DagBag from /home/airflow/.local/lib/python3.12/site-packages/airflow/example_dags/example_setup_teardown.py
[2025-04-20T06:06:10.081+0000] {processor.py:925} INFO - DAG(s) 'example_setup_teardown' retrieved from /home/airflow/.local/lib/python3.12/site-packages/airflow/example_dags/example_setup_teardown.py
[2025-04-20T06:06:10.095+0000] {logging_mixin.py:190} INFO - [2025-04-20T06:06:10.095+0000] {dag.py:3239} INFO - Sync 1 DAGs
[2025-04-20T06:06:10.102+0000] {logging_mixin.py:190} INFO - [2025-04-20T06:06:10.102+0000] {dag.py:4180} INFO - Setting next_dagrun for example_setup_teardown to None, run_after=None
[2025-04-20T06:06:10.110+0000] {processor.py:208} INFO - Processing /home/airflow/.local/lib/python3.12/site-packages/airflow/example_dags/example_setup_teardown.py took 0.037 seconds
[2025-04-20T06:06:40.479+0000] {processor.py:186} INFO - Started process (PID=9270) to work on /home/airflow/.local/lib/python3.12/site-packages/airflow/example_dags/example_setup_teardown.py
[2025-04-20T06:06:40.479+0000] {processor.py:914} INFO - Processing file /home/airflow/.local/lib/python3.12/site-packages/airflow/example_dags/example_setup_teardown.py for tasks to queue
[2025-04-20T06:06:40.480+0000] {logging_mixin.py:190} INFO - [2025-04-20T06:06:40.480+0000] {dagbag.py:588} INFO - Filling up the DagBag from /home/airflow/.local/lib/python3.12/site-packages/airflow/example_dags/example_setup_teardown.py
[2025-04-20T06:06:40.484+0000] {processor.py:925} INFO - DAG(s) 'example_setup_teardown' retrieved from /home/airflow/.local/lib/python3.12/site-packages/airflow/example_dags/example_setup_teardown.py
[2025-04-20T06:06:40.494+0000] {logging_mixin.py:190} INFO - [2025-04-20T06:06:40.494+0000] {dag.py:3239} INFO - Sync 1 DAGs
[2025-04-20T06:06:40.499+0000] {logging_mixin.py:190} INFO - [2025-04-20T06:06:40.499+0000] {dag.py:4180} INFO - Setting next_dagrun for example_setup_teardown to None, run_after=None
[2025-04-20T06:06:40.507+0000] {processor.py:208} INFO - Processing /home/airflow/.local/lib/python3.12/site-packages/airflow/example_dags/example_setup_teardown.py took 0.031 seconds
[2025-04-20T06:07:11.135+0000] {processor.py:186} INFO - Started process (PID=9333) to work on /home/airflow/.local/lib/python3.12/site-packages/airflow/example_dags/example_setup_teardown.py
[2025-04-20T06:07:11.136+0000] {processor.py:914} INFO - Processing file /home/airflow/.local/lib/python3.12/site-packages/airflow/example_dags/example_setup_teardown.py for tasks to queue
[2025-04-20T06:07:11.137+0000] {logging_mixin.py:190} INFO - [2025-04-20T06:07:11.137+0000] {dagbag.py:588} INFO - Filling up the DagBag from /home/airflow/.local/lib/python3.12/site-packages/airflow/example_dags/example_setup_teardown.py
[2025-04-20T06:07:11.143+0000] {processor.py:925} INFO - DAG(s) 'example_setup_teardown' retrieved from /home/airflow/.local/lib/python3.12/site-packages/airflow/example_dags/example_setup_teardown.py
[2025-04-20T06:07:11.155+0000] {logging_mixin.py:190} INFO - [2025-04-20T06:07:11.155+0000] {dag.py:3239} INFO - Sync 1 DAGs
[2025-04-20T06:07:11.164+0000] {logging_mixin.py:190} INFO - [2025-04-20T06:07:11.163+0000] {dag.py:4180} INFO - Setting next_dagrun for example_setup_teardown to None, run_after=None
[2025-04-20T06:07:11.174+0000] {processor.py:208} INFO - Processing /home/airflow/.local/lib/python3.12/site-packages/airflow/example_dags/example_setup_teardown.py took 0.041 seconds
[2025-04-20T06:07:41.726+0000] {processor.py:186} INFO - Started process (PID=9395) to work on /home/airflow/.local/lib/python3.12/site-packages/airflow/example_dags/example_setup_teardown.py
[2025-04-20T06:07:41.728+0000] {processor.py:914} INFO - Processing file /home/airflow/.local/lib/python3.12/site-packages/airflow/example_dags/example_setup_teardown.py for tasks to queue
[2025-04-20T06:07:41.729+0000] {logging_mixin.py:190} INFO - [2025-04-20T06:07:41.729+0000] {dagbag.py:588} INFO - Filling up the DagBag from /home/airflow/.local/lib/python3.12/site-packages/airflow/example_dags/example_setup_teardown.py
[2025-04-20T06:07:41.733+0000] {processor.py:925} INFO - DAG(s) 'example_setup_teardown' retrieved from /home/airflow/.local/lib/python3.12/site-packages/airflow/example_dags/example_setup_teardown.py
[2025-04-20T06:07:41.745+0000] {logging_mixin.py:190} INFO - [2025-04-20T06:07:41.745+0000] {dag.py:3239} INFO - Sync 1 DAGs
[2025-04-20T06:07:41.753+0000] {logging_mixin.py:190} INFO - [2025-04-20T06:07:41.752+0000] {dag.py:4180} INFO - Setting next_dagrun for example_setup_teardown to None, run_after=None
[2025-04-20T06:07:41.764+0000] {processor.py:208} INFO - Processing /home/airflow/.local/lib/python3.12/site-packages/airflow/example_dags/example_setup_teardown.py took 0.041 seconds
[2025-04-20T06:08:12.479+0000] {processor.py:186} INFO - Started process (PID=9457) to work on /home/airflow/.local/lib/python3.12/site-packages/airflow/example_dags/example_setup_teardown.py
[2025-04-20T06:08:12.482+0000] {processor.py:914} INFO - Processing file /home/airflow/.local/lib/python3.12/site-packages/airflow/example_dags/example_setup_teardown.py for tasks to queue
[2025-04-20T06:08:12.482+0000] {logging_mixin.py:190} INFO - [2025-04-20T06:08:12.482+0000] {dagbag.py:588} INFO - Filling up the DagBag from /home/airflow/.local/lib/python3.12/site-packages/airflow/example_dags/example_setup_teardown.py
[2025-04-20T06:08:12.487+0000] {processor.py:925} INFO - DAG(s) 'example_setup_teardown' retrieved from /home/airflow/.local/lib/python3.12/site-packages/airflow/example_dags/example_setup_teardown.py
[2025-04-20T06:08:12.499+0000] {logging_mixin.py:190} INFO - [2025-04-20T06:08:12.499+0000] {dag.py:3239} INFO - Sync 1 DAGs
[2025-04-20T06:08:12.507+0000] {logging_mixin.py:190} INFO - [2025-04-20T06:08:12.507+0000] {dag.py:4180} INFO - Setting next_dagrun for example_setup_teardown to None, run_after=None
[2025-04-20T06:08:12.517+0000] {processor.py:208} INFO - Processing /home/airflow/.local/lib/python3.12/site-packages/airflow/example_dags/example_setup_teardown.py took 0.041 seconds
[2025-04-20T06:08:42.919+0000] {processor.py:186} INFO - Started process (PID=9520) to work on /home/airflow/.local/lib/python3.12/site-packages/airflow/example_dags/example_setup_teardown.py
[2025-04-20T06:08:42.920+0000] {processor.py:914} INFO - Processing file /home/airflow/.local/lib/python3.12/site-packages/airflow/example_dags/example_setup_teardown.py for tasks to queue
[2025-04-20T06:08:42.920+0000] {logging_mixin.py:190} INFO - [2025-04-20T06:08:42.920+0000] {dagbag.py:588} INFO - Filling up the DagBag from /home/airflow/.local/lib/python3.12/site-packages/airflow/example_dags/example_setup_teardown.py
[2025-04-20T06:08:42.924+0000] {processor.py:925} INFO - DAG(s) 'example_setup_teardown' retrieved from /home/airflow/.local/lib/python3.12/site-packages/airflow/example_dags/example_setup_teardown.py
[2025-04-20T06:08:42.933+0000] {logging_mixin.py:190} INFO - [2025-04-20T06:08:42.933+0000] {dag.py:3239} INFO - Sync 1 DAGs
[2025-04-20T06:08:42.939+0000] {logging_mixin.py:190} INFO - [2025-04-20T06:08:42.939+0000] {dag.py:4180} INFO - Setting next_dagrun for example_setup_teardown to None, run_after=None
[2025-04-20T06:08:42.950+0000] {processor.py:208} INFO - Processing /home/airflow/.local/lib/python3.12/site-packages/airflow/example_dags/example_setup_teardown.py took 0.034 seconds
[2025-04-20T06:09:13.290+0000] {processor.py:186} INFO - Started process (PID=9583) to work on /home/airflow/.local/lib/python3.12/site-packages/airflow/example_dags/example_setup_teardown.py
[2025-04-20T06:09:13.290+0000] {processor.py:914} INFO - Processing file /home/airflow/.local/lib/python3.12/site-packages/airflow/example_dags/example_setup_teardown.py for tasks to queue
[2025-04-20T06:09:13.291+0000] {logging_mixin.py:190} INFO - [2025-04-20T06:09:13.291+0000] {dagbag.py:588} INFO - Filling up the DagBag from /home/airflow/.local/lib/python3.12/site-packages/airflow/example_dags/example_setup_teardown.py
[2025-04-20T06:09:13.295+0000] {processor.py:925} INFO - DAG(s) 'example_setup_teardown' retrieved from /home/airflow/.local/lib/python3.12/site-packages/airflow/example_dags/example_setup_teardown.py
[2025-04-20T06:09:13.305+0000] {logging_mixin.py:190} INFO - [2025-04-20T06:09:13.305+0000] {dag.py:3239} INFO - Sync 1 DAGs
[2025-04-20T06:09:13.312+0000] {logging_mixin.py:190} INFO - [2025-04-20T06:09:13.312+0000] {dag.py:4180} INFO - Setting next_dagrun for example_setup_teardown to None, run_after=None
[2025-04-20T06:09:13.325+0000] {processor.py:208} INFO - Processing /home/airflow/.local/lib/python3.12/site-packages/airflow/example_dags/example_setup_teardown.py took 0.038 seconds
[2025-04-20T06:09:43.824+0000] {processor.py:186} INFO - Started process (PID=9646) to work on /home/airflow/.local/lib/python3.12/site-packages/airflow/example_dags/example_setup_teardown.py
[2025-04-20T06:09:43.824+0000] {processor.py:914} INFO - Processing file /home/airflow/.local/lib/python3.12/site-packages/airflow/example_dags/example_setup_teardown.py for tasks to queue
[2025-04-20T06:09:43.825+0000] {logging_mixin.py:190} INFO - [2025-04-20T06:09:43.825+0000] {dagbag.py:588} INFO - Filling up the DagBag from /home/airflow/.local/lib/python3.12/site-packages/airflow/example_dags/example_setup_teardown.py
[2025-04-20T06:09:43.829+0000] {processor.py:925} INFO - DAG(s) 'example_setup_teardown' retrieved from /home/airflow/.local/lib/python3.12/site-packages/airflow/example_dags/example_setup_teardown.py
[2025-04-20T06:09:43.840+0000] {logging_mixin.py:190} INFO - [2025-04-20T06:09:43.840+0000] {dag.py:3239} INFO - Sync 1 DAGs
[2025-04-20T06:09:43.846+0000] {logging_mixin.py:190} INFO - [2025-04-20T06:09:43.846+0000] {dag.py:4180} INFO - Setting next_dagrun for example_setup_teardown to None, run_after=None
[2025-04-20T06:09:43.855+0000] {processor.py:208} INFO - Processing /home/airflow/.local/lib/python3.12/site-packages/airflow/example_dags/example_setup_teardown.py took 0.034 seconds
[2025-04-20T06:10:14.162+0000] {processor.py:186} INFO - Started process (PID=9709) to work on /home/airflow/.local/lib/python3.12/site-packages/airflow/example_dags/example_setup_teardown.py
[2025-04-20T06:10:14.162+0000] {processor.py:914} INFO - Processing file /home/airflow/.local/lib/python3.12/site-packages/airflow/example_dags/example_setup_teardown.py for tasks to queue
[2025-04-20T06:10:14.163+0000] {logging_mixin.py:190} INFO - [2025-04-20T06:10:14.163+0000] {dagbag.py:588} INFO - Filling up the DagBag from /home/airflow/.local/lib/python3.12/site-packages/airflow/example_dags/example_setup_teardown.py
[2025-04-20T06:10:14.167+0000] {processor.py:925} INFO - DAG(s) 'example_setup_teardown' retrieved from /home/airflow/.local/lib/python3.12/site-packages/airflow/example_dags/example_setup_teardown.py
[2025-04-20T06:10:14.175+0000] {logging_mixin.py:190} INFO - [2025-04-20T06:10:14.175+0000] {dag.py:3239} INFO - Sync 1 DAGs
[2025-04-20T06:10:14.181+0000] {logging_mixin.py:190} INFO - [2025-04-20T06:10:14.181+0000] {dag.py:4180} INFO - Setting next_dagrun for example_setup_teardown to None, run_after=None
[2025-04-20T06:10:14.197+0000] {processor.py:208} INFO - Processing /home/airflow/.local/lib/python3.12/site-packages/airflow/example_dags/example_setup_teardown.py took 0.038 seconds
[2025-04-20T06:10:44.593+0000] {processor.py:186} INFO - Started process (PID=9772) to work on /home/airflow/.local/lib/python3.12/site-packages/airflow/example_dags/example_setup_teardown.py
[2025-04-20T06:10:44.593+0000] {processor.py:914} INFO - Processing file /home/airflow/.local/lib/python3.12/site-packages/airflow/example_dags/example_setup_teardown.py for tasks to queue
[2025-04-20T06:10:44.594+0000] {logging_mixin.py:190} INFO - [2025-04-20T06:10:44.594+0000] {dagbag.py:588} INFO - Filling up the DagBag from /home/airflow/.local/lib/python3.12/site-packages/airflow/example_dags/example_setup_teardown.py
[2025-04-20T06:10:44.598+0000] {processor.py:925} INFO - DAG(s) 'example_setup_teardown' retrieved from /home/airflow/.local/lib/python3.12/site-packages/airflow/example_dags/example_setup_teardown.py
[2025-04-20T06:10:44.612+0000] {logging_mixin.py:190} INFO - [2025-04-20T06:10:44.612+0000] {dag.py:3239} INFO - Sync 1 DAGs
[2025-04-20T06:10:44.617+0000] {logging_mixin.py:190} INFO - [2025-04-20T06:10:44.617+0000] {dag.py:4180} INFO - Setting next_dagrun for example_setup_teardown to None, run_after=None
[2025-04-20T06:10:44.627+0000] {processor.py:208} INFO - Processing /home/airflow/.local/lib/python3.12/site-packages/airflow/example_dags/example_setup_teardown.py took 0.037 seconds
[2025-04-20T06:11:15.092+0000] {processor.py:186} INFO - Started process (PID=9835) to work on /home/airflow/.local/lib/python3.12/site-packages/airflow/example_dags/example_setup_teardown.py
[2025-04-20T06:11:15.092+0000] {processor.py:914} INFO - Processing file /home/airflow/.local/lib/python3.12/site-packages/airflow/example_dags/example_setup_teardown.py for tasks to queue
[2025-04-20T06:11:15.093+0000] {logging_mixin.py:190} INFO - [2025-04-20T06:11:15.093+0000] {dagbag.py:588} INFO - Filling up the DagBag from /home/airflow/.local/lib/python3.12/site-packages/airflow/example_dags/example_setup_teardown.py
[2025-04-20T06:11:15.097+0000] {processor.py:925} INFO - DAG(s) 'example_setup_teardown' retrieved from /home/airflow/.local/lib/python3.12/site-packages/airflow/example_dags/example_setup_teardown.py
[2025-04-20T06:11:15.109+0000] {logging_mixin.py:190} INFO - [2025-04-20T06:11:15.109+0000] {dag.py:3239} INFO - Sync 1 DAGs
[2025-04-20T06:11:15.115+0000] {logging_mixin.py:190} INFO - [2025-04-20T06:11:15.115+0000] {dag.py:4180} INFO - Setting next_dagrun for example_setup_teardown to None, run_after=None
[2025-04-20T06:11:15.122+0000] {processor.py:208} INFO - Processing /home/airflow/.local/lib/python3.12/site-packages/airflow/example_dags/example_setup_teardown.py took 0.033 seconds
[2025-04-20T06:11:45.601+0000] {processor.py:186} INFO - Started process (PID=9898) to work on /home/airflow/.local/lib/python3.12/site-packages/airflow/example_dags/example_setup_teardown.py
[2025-04-20T06:11:45.601+0000] {processor.py:914} INFO - Processing file /home/airflow/.local/lib/python3.12/site-packages/airflow/example_dags/example_setup_teardown.py for tasks to queue
[2025-04-20T06:11:45.602+0000] {logging_mixin.py:190} INFO - [2025-04-20T06:11:45.601+0000] {dagbag.py:588} INFO - Filling up the DagBag from /home/airflow/.local/lib/python3.12/site-packages/airflow/example_dags/example_setup_teardown.py
[2025-04-20T06:11:45.606+0000] {processor.py:925} INFO - DAG(s) 'example_setup_teardown' retrieved from /home/airflow/.local/lib/python3.12/site-packages/airflow/example_dags/example_setup_teardown.py
[2025-04-20T06:11:45.617+0000] {logging_mixin.py:190} INFO - [2025-04-20T06:11:45.617+0000] {dag.py:3239} INFO - Sync 1 DAGs
[2025-04-20T06:11:45.622+0000] {logging_mixin.py:190} INFO - [2025-04-20T06:11:45.622+0000] {dag.py:4180} INFO - Setting next_dagrun for example_setup_teardown to None, run_after=None
[2025-04-20T06:11:45.632+0000] {processor.py:208} INFO - Processing /home/airflow/.local/lib/python3.12/site-packages/airflow/example_dags/example_setup_teardown.py took 0.034 seconds
[2025-04-20T06:12:16.029+0000] {processor.py:186} INFO - Started process (PID=9961) to work on /home/airflow/.local/lib/python3.12/site-packages/airflow/example_dags/example_setup_teardown.py
[2025-04-20T06:12:16.030+0000] {processor.py:914} INFO - Processing file /home/airflow/.local/lib/python3.12/site-packages/airflow/example_dags/example_setup_teardown.py for tasks to queue
[2025-04-20T06:12:16.031+0000] {logging_mixin.py:190} INFO - [2025-04-20T06:12:16.031+0000] {dagbag.py:588} INFO - Filling up the DagBag from /home/airflow/.local/lib/python3.12/site-packages/airflow/example_dags/example_setup_teardown.py
[2025-04-20T06:12:16.039+0000] {processor.py:925} INFO - DAG(s) 'example_setup_teardown' retrieved from /home/airflow/.local/lib/python3.12/site-packages/airflow/example_dags/example_setup_teardown.py
[2025-04-20T06:12:16.052+0000] {logging_mixin.py:190} INFO - [2025-04-20T06:12:16.051+0000] {dag.py:3239} INFO - Sync 1 DAGs
[2025-04-20T06:12:16.059+0000] {logging_mixin.py:190} INFO - [2025-04-20T06:12:16.059+0000] {dag.py:4180} INFO - Setting next_dagrun for example_setup_teardown to None, run_after=None
[2025-04-20T06:12:16.068+0000] {processor.py:208} INFO - Processing /home/airflow/.local/lib/python3.12/site-packages/airflow/example_dags/example_setup_teardown.py took 0.043 seconds
[2025-04-20T06:12:46.417+0000] {processor.py:186} INFO - Started process (PID=10024) to work on /home/airflow/.local/lib/python3.12/site-packages/airflow/example_dags/example_setup_teardown.py
[2025-04-20T06:12:46.417+0000] {processor.py:914} INFO - Processing file /home/airflow/.local/lib/python3.12/site-packages/airflow/example_dags/example_setup_teardown.py for tasks to queue
[2025-04-20T06:12:46.419+0000] {logging_mixin.py:190} INFO - [2025-04-20T06:12:46.418+0000] {dagbag.py:588} INFO - Filling up the DagBag from /home/airflow/.local/lib/python3.12/site-packages/airflow/example_dags/example_setup_teardown.py
[2025-04-20T06:12:46.423+0000] {processor.py:925} INFO - DAG(s) 'example_setup_teardown' retrieved from /home/airflow/.local/lib/python3.12/site-packages/airflow/example_dags/example_setup_teardown.py
[2025-04-20T06:12:46.432+0000] {logging_mixin.py:190} INFO - [2025-04-20T06:12:46.432+0000] {dag.py:3239} INFO - Sync 1 DAGs
[2025-04-20T06:12:46.440+0000] {logging_mixin.py:190} INFO - [2025-04-20T06:12:46.440+0000] {dag.py:4180} INFO - Setting next_dagrun for example_setup_teardown to None, run_after=None
[2025-04-20T06:12:46.447+0000] {processor.py:208} INFO - Processing /home/airflow/.local/lib/python3.12/site-packages/airflow/example_dags/example_setup_teardown.py took 0.033 seconds
[2025-04-20T06:13:16.862+0000] {processor.py:186} INFO - Started process (PID=10087) to work on /home/airflow/.local/lib/python3.12/site-packages/airflow/example_dags/example_setup_teardown.py
[2025-04-20T06:13:16.862+0000] {processor.py:914} INFO - Processing file /home/airflow/.local/lib/python3.12/site-packages/airflow/example_dags/example_setup_teardown.py for tasks to queue
[2025-04-20T06:13:16.864+0000] {logging_mixin.py:190} INFO - [2025-04-20T06:13:16.863+0000] {dagbag.py:588} INFO - Filling up the DagBag from /home/airflow/.local/lib/python3.12/site-packages/airflow/example_dags/example_setup_teardown.py
[2025-04-20T06:13:16.868+0000] {processor.py:925} INFO - DAG(s) 'example_setup_teardown' retrieved from /home/airflow/.local/lib/python3.12/site-packages/airflow/example_dags/example_setup_teardown.py
[2025-04-20T06:13:16.879+0000] {logging_mixin.py:190} INFO - [2025-04-20T06:13:16.879+0000] {dag.py:3239} INFO - Sync 1 DAGs
[2025-04-20T06:13:16.885+0000] {logging_mixin.py:190} INFO - [2025-04-20T06:13:16.885+0000] {dag.py:4180} INFO - Setting next_dagrun for example_setup_teardown to None, run_after=None
[2025-04-20T06:13:16.894+0000] {processor.py:208} INFO - Processing /home/airflow/.local/lib/python3.12/site-packages/airflow/example_dags/example_setup_teardown.py took 0.036 seconds
[2025-04-20T06:13:47.369+0000] {processor.py:186} INFO - Started process (PID=10149) to work on /home/airflow/.local/lib/python3.12/site-packages/airflow/example_dags/example_setup_teardown.py
[2025-04-20T06:13:47.369+0000] {processor.py:914} INFO - Processing file /home/airflow/.local/lib/python3.12/site-packages/airflow/example_dags/example_setup_teardown.py for tasks to queue
[2025-04-20T06:13:47.370+0000] {logging_mixin.py:190} INFO - [2025-04-20T06:13:47.370+0000] {dagbag.py:588} INFO - Filling up the DagBag from /home/airflow/.local/lib/python3.12/site-packages/airflow/example_dags/example_setup_teardown.py
[2025-04-20T06:13:47.375+0000] {processor.py:925} INFO - DAG(s) 'example_setup_teardown' retrieved from /home/airflow/.local/lib/python3.12/site-packages/airflow/example_dags/example_setup_teardown.py
[2025-04-20T06:13:47.386+0000] {logging_mixin.py:190} INFO - [2025-04-20T06:13:47.386+0000] {dag.py:3239} INFO - Sync 1 DAGs
[2025-04-20T06:13:47.392+0000] {logging_mixin.py:190} INFO - [2025-04-20T06:13:47.392+0000] {dag.py:4180} INFO - Setting next_dagrun for example_setup_teardown to None, run_after=None
[2025-04-20T06:13:47.401+0000] {processor.py:208} INFO - Processing /home/airflow/.local/lib/python3.12/site-packages/airflow/example_dags/example_setup_teardown.py took 0.036 seconds
[2025-04-20T06:14:17.927+0000] {processor.py:186} INFO - Started process (PID=10212) to work on /home/airflow/.local/lib/python3.12/site-packages/airflow/example_dags/example_setup_teardown.py
[2025-04-20T06:14:17.928+0000] {processor.py:914} INFO - Processing file /home/airflow/.local/lib/python3.12/site-packages/airflow/example_dags/example_setup_teardown.py for tasks to queue
[2025-04-20T06:14:17.928+0000] {logging_mixin.py:190} INFO - [2025-04-20T06:14:17.928+0000] {dagbag.py:588} INFO - Filling up the DagBag from /home/airflow/.local/lib/python3.12/site-packages/airflow/example_dags/example_setup_teardown.py
[2025-04-20T06:14:17.932+0000] {processor.py:925} INFO - DAG(s) 'example_setup_teardown' retrieved from /home/airflow/.local/lib/python3.12/site-packages/airflow/example_dags/example_setup_teardown.py
[2025-04-20T06:14:17.952+0000] {logging_mixin.py:190} INFO - [2025-04-20T06:14:17.952+0000] {dag.py:3239} INFO - Sync 1 DAGs
[2025-04-20T06:14:17.959+0000] {logging_mixin.py:190} INFO - [2025-04-20T06:14:17.959+0000] {dag.py:4180} INFO - Setting next_dagrun for example_setup_teardown to None, run_after=None
[2025-04-20T06:14:17.969+0000] {processor.py:208} INFO - Processing /home/airflow/.local/lib/python3.12/site-packages/airflow/example_dags/example_setup_teardown.py took 0.045 seconds
[2025-04-20T06:14:48.415+0000] {processor.py:186} INFO - Started process (PID=10275) to work on /home/airflow/.local/lib/python3.12/site-packages/airflow/example_dags/example_setup_teardown.py
[2025-04-20T06:14:48.415+0000] {processor.py:914} INFO - Processing file /home/airflow/.local/lib/python3.12/site-packages/airflow/example_dags/example_setup_teardown.py for tasks to queue
[2025-04-20T06:14:48.416+0000] {logging_mixin.py:190} INFO - [2025-04-20T06:14:48.416+0000] {dagbag.py:588} INFO - Filling up the DagBag from /home/airflow/.local/lib/python3.12/site-packages/airflow/example_dags/example_setup_teardown.py
[2025-04-20T06:14:48.420+0000] {processor.py:925} INFO - DAG(s) 'example_setup_teardown' retrieved from /home/airflow/.local/lib/python3.12/site-packages/airflow/example_dags/example_setup_teardown.py
[2025-04-20T06:14:48.429+0000] {logging_mixin.py:190} INFO - [2025-04-20T06:14:48.429+0000] {dag.py:3239} INFO - Sync 1 DAGs
[2025-04-20T06:14:48.436+0000] {logging_mixin.py:190} INFO - [2025-04-20T06:14:48.436+0000] {dag.py:4180} INFO - Setting next_dagrun for example_setup_teardown to None, run_after=None
[2025-04-20T06:14:48.446+0000] {processor.py:208} INFO - Processing /home/airflow/.local/lib/python3.12/site-packages/airflow/example_dags/example_setup_teardown.py took 0.035 seconds
[2025-04-20T06:15:18.689+0000] {processor.py:186} INFO - Started process (PID=10338) to work on /home/airflow/.local/lib/python3.12/site-packages/airflow/example_dags/example_setup_teardown.py
[2025-04-20T06:15:18.689+0000] {processor.py:914} INFO - Processing file /home/airflow/.local/lib/python3.12/site-packages/airflow/example_dags/example_setup_teardown.py for tasks to queue
[2025-04-20T06:15:18.690+0000] {logging_mixin.py:190} INFO - [2025-04-20T06:15:18.690+0000] {dagbag.py:588} INFO - Filling up the DagBag from /home/airflow/.local/lib/python3.12/site-packages/airflow/example_dags/example_setup_teardown.py
[2025-04-20T06:15:18.695+0000] {processor.py:925} INFO - DAG(s) 'example_setup_teardown' retrieved from /home/airflow/.local/lib/python3.12/site-packages/airflow/example_dags/example_setup_teardown.py
[2025-04-20T06:15:18.704+0000] {logging_mixin.py:190} INFO - [2025-04-20T06:15:18.703+0000] {dag.py:3239} INFO - Sync 1 DAGs
[2025-04-20T06:15:18.710+0000] {logging_mixin.py:190} INFO - [2025-04-20T06:15:18.710+0000] {dag.py:4180} INFO - Setting next_dagrun for example_setup_teardown to None, run_after=None
[2025-04-20T06:15:18.719+0000] {processor.py:208} INFO - Processing /home/airflow/.local/lib/python3.12/site-packages/airflow/example_dags/example_setup_teardown.py took 0.033 seconds
[2025-04-20T06:15:49.030+0000] {processor.py:186} INFO - Started process (PID=10401) to work on /home/airflow/.local/lib/python3.12/site-packages/airflow/example_dags/example_setup_teardown.py
[2025-04-20T06:15:49.031+0000] {processor.py:914} INFO - Processing file /home/airflow/.local/lib/python3.12/site-packages/airflow/example_dags/example_setup_teardown.py for tasks to queue
[2025-04-20T06:15:49.032+0000] {logging_mixin.py:190} INFO - [2025-04-20T06:15:49.031+0000] {dagbag.py:588} INFO - Filling up the DagBag from /home/airflow/.local/lib/python3.12/site-packages/airflow/example_dags/example_setup_teardown.py
[2025-04-20T06:15:49.036+0000] {processor.py:925} INFO - DAG(s) 'example_setup_teardown' retrieved from /home/airflow/.local/lib/python3.12/site-packages/airflow/example_dags/example_setup_teardown.py
[2025-04-20T06:15:49.047+0000] {logging_mixin.py:190} INFO - [2025-04-20T06:15:49.047+0000] {dag.py:3239} INFO - Sync 1 DAGs
[2025-04-20T06:15:49.053+0000] {logging_mixin.py:190} INFO - [2025-04-20T06:15:49.053+0000] {dag.py:4180} INFO - Setting next_dagrun for example_setup_teardown to None, run_after=None
[2025-04-20T06:15:49.064+0000] {processor.py:208} INFO - Processing /home/airflow/.local/lib/python3.12/site-packages/airflow/example_dags/example_setup_teardown.py took 0.037 seconds
[2025-04-20T06:16:19.489+0000] {processor.py:186} INFO - Started process (PID=10464) to work on /home/airflow/.local/lib/python3.12/site-packages/airflow/example_dags/example_setup_teardown.py
[2025-04-20T06:16:19.492+0000] {processor.py:914} INFO - Processing file /home/airflow/.local/lib/python3.12/site-packages/airflow/example_dags/example_setup_teardown.py for tasks to queue
[2025-04-20T06:16:19.492+0000] {logging_mixin.py:190} INFO - [2025-04-20T06:16:19.492+0000] {dagbag.py:588} INFO - Filling up the DagBag from /home/airflow/.local/lib/python3.12/site-packages/airflow/example_dags/example_setup_teardown.py
[2025-04-20T06:16:19.497+0000] {processor.py:925} INFO - DAG(s) 'example_setup_teardown' retrieved from /home/airflow/.local/lib/python3.12/site-packages/airflow/example_dags/example_setup_teardown.py
[2025-04-20T06:16:19.510+0000] {logging_mixin.py:190} INFO - [2025-04-20T06:16:19.510+0000] {dag.py:3239} INFO - Sync 1 DAGs
[2025-04-20T06:16:19.516+0000] {logging_mixin.py:190} INFO - [2025-04-20T06:16:19.516+0000] {dag.py:4180} INFO - Setting next_dagrun for example_setup_teardown to None, run_after=None
[2025-04-20T06:16:19.523+0000] {processor.py:208} INFO - Processing /home/airflow/.local/lib/python3.12/site-packages/airflow/example_dags/example_setup_teardown.py took 0.037 seconds
[2025-04-20T06:16:49.864+0000] {processor.py:186} INFO - Started process (PID=10527) to work on /home/airflow/.local/lib/python3.12/site-packages/airflow/example_dags/example_setup_teardown.py
[2025-04-20T06:16:49.864+0000] {processor.py:914} INFO - Processing file /home/airflow/.local/lib/python3.12/site-packages/airflow/example_dags/example_setup_teardown.py for tasks to queue
[2025-04-20T06:16:49.866+0000] {logging_mixin.py:190} INFO - [2025-04-20T06:16:49.866+0000] {dagbag.py:588} INFO - Filling up the DagBag from /home/airflow/.local/lib/python3.12/site-packages/airflow/example_dags/example_setup_teardown.py
[2025-04-20T06:16:49.870+0000] {processor.py:925} INFO - DAG(s) 'example_setup_teardown' retrieved from /home/airflow/.local/lib/python3.12/site-packages/airflow/example_dags/example_setup_teardown.py
[2025-04-20T06:16:49.879+0000] {logging_mixin.py:190} INFO - [2025-04-20T06:16:49.879+0000] {dag.py:3239} INFO - Sync 1 DAGs
[2025-04-20T06:16:49.885+0000] {logging_mixin.py:190} INFO - [2025-04-20T06:16:49.885+0000] {dag.py:4180} INFO - Setting next_dagrun for example_setup_teardown to None, run_after=None
[2025-04-20T06:16:49.894+0000] {processor.py:208} INFO - Processing /home/airflow/.local/lib/python3.12/site-packages/airflow/example_dags/example_setup_teardown.py took 0.033 seconds
[2025-04-20T06:17:20.392+0000] {processor.py:186} INFO - Started process (PID=10590) to work on /home/airflow/.local/lib/python3.12/site-packages/airflow/example_dags/example_setup_teardown.py
[2025-04-20T06:17:20.392+0000] {processor.py:914} INFO - Processing file /home/airflow/.local/lib/python3.12/site-packages/airflow/example_dags/example_setup_teardown.py for tasks to queue
[2025-04-20T06:17:20.393+0000] {logging_mixin.py:190} INFO - [2025-04-20T06:17:20.393+0000] {dagbag.py:588} INFO - Filling up the DagBag from /home/airflow/.local/lib/python3.12/site-packages/airflow/example_dags/example_setup_teardown.py
[2025-04-20T06:17:20.398+0000] {processor.py:925} INFO - DAG(s) 'example_setup_teardown' retrieved from /home/airflow/.local/lib/python3.12/site-packages/airflow/example_dags/example_setup_teardown.py
[2025-04-20T06:17:20.408+0000] {logging_mixin.py:190} INFO - [2025-04-20T06:17:20.408+0000] {dag.py:3239} INFO - Sync 1 DAGs
[2025-04-20T06:17:20.414+0000] {logging_mixin.py:190} INFO - [2025-04-20T06:17:20.414+0000] {dag.py:4180} INFO - Setting next_dagrun for example_setup_teardown to None, run_after=None
[2025-04-20T06:17:20.424+0000] {processor.py:208} INFO - Processing /home/airflow/.local/lib/python3.12/site-packages/airflow/example_dags/example_setup_teardown.py took 0.036 seconds
[2025-04-20T06:17:50.918+0000] {processor.py:186} INFO - Started process (PID=10653) to work on /home/airflow/.local/lib/python3.12/site-packages/airflow/example_dags/example_setup_teardown.py
[2025-04-20T06:17:50.921+0000] {processor.py:914} INFO - Processing file /home/airflow/.local/lib/python3.12/site-packages/airflow/example_dags/example_setup_teardown.py for tasks to queue
[2025-04-20T06:17:50.921+0000] {logging_mixin.py:190} INFO - [2025-04-20T06:17:50.921+0000] {dagbag.py:588} INFO - Filling up the DagBag from /home/airflow/.local/lib/python3.12/site-packages/airflow/example_dags/example_setup_teardown.py
[2025-04-20T06:17:50.926+0000] {processor.py:925} INFO - DAG(s) 'example_setup_teardown' retrieved from /home/airflow/.local/lib/python3.12/site-packages/airflow/example_dags/example_setup_teardown.py
[2025-04-20T06:17:50.937+0000] {logging_mixin.py:190} INFO - [2025-04-20T06:17:50.936+0000] {dag.py:3239} INFO - Sync 1 DAGs
[2025-04-20T06:17:50.943+0000] {logging_mixin.py:190} INFO - [2025-04-20T06:17:50.942+0000] {dag.py:4180} INFO - Setting next_dagrun for example_setup_teardown to None, run_after=None
[2025-04-20T06:17:50.949+0000] {processor.py:208} INFO - Processing /home/airflow/.local/lib/python3.12/site-packages/airflow/example_dags/example_setup_teardown.py took 0.034 seconds
[2025-04-20T06:18:21.373+0000] {processor.py:186} INFO - Started process (PID=10716) to work on /home/airflow/.local/lib/python3.12/site-packages/airflow/example_dags/example_setup_teardown.py
[2025-04-20T06:18:21.374+0000] {processor.py:914} INFO - Processing file /home/airflow/.local/lib/python3.12/site-packages/airflow/example_dags/example_setup_teardown.py for tasks to queue
[2025-04-20T06:18:21.375+0000] {logging_mixin.py:190} INFO - [2025-04-20T06:18:21.375+0000] {dagbag.py:588} INFO - Filling up the DagBag from /home/airflow/.local/lib/python3.12/site-packages/airflow/example_dags/example_setup_teardown.py
[2025-04-20T06:18:21.379+0000] {processor.py:925} INFO - DAG(s) 'example_setup_teardown' retrieved from /home/airflow/.local/lib/python3.12/site-packages/airflow/example_dags/example_setup_teardown.py
[2025-04-20T06:18:21.388+0000] {logging_mixin.py:190} INFO - [2025-04-20T06:18:21.388+0000] {dag.py:3239} INFO - Sync 1 DAGs
[2025-04-20T06:18:21.395+0000] {logging_mixin.py:190} INFO - [2025-04-20T06:18:21.395+0000] {dag.py:4180} INFO - Setting next_dagrun for example_setup_teardown to None, run_after=None
[2025-04-20T06:18:21.403+0000] {processor.py:208} INFO - Processing /home/airflow/.local/lib/python3.12/site-packages/airflow/example_dags/example_setup_teardown.py took 0.032 seconds
[2025-04-20T06:18:51.878+0000] {processor.py:186} INFO - Started process (PID=10779) to work on /home/airflow/.local/lib/python3.12/site-packages/airflow/example_dags/example_setup_teardown.py
[2025-04-20T06:18:51.879+0000] {processor.py:914} INFO - Processing file /home/airflow/.local/lib/python3.12/site-packages/airflow/example_dags/example_setup_teardown.py for tasks to queue
[2025-04-20T06:18:51.880+0000] {logging_mixin.py:190} INFO - [2025-04-20T06:18:51.880+0000] {dagbag.py:588} INFO - Filling up the DagBag from /home/airflow/.local/lib/python3.12/site-packages/airflow/example_dags/example_setup_teardown.py
[2025-04-20T06:18:51.884+0000] {processor.py:925} INFO - DAG(s) 'example_setup_teardown' retrieved from /home/airflow/.local/lib/python3.12/site-packages/airflow/example_dags/example_setup_teardown.py
[2025-04-20T06:18:51.893+0000] {logging_mixin.py:190} INFO - [2025-04-20T06:18:51.893+0000] {dag.py:3239} INFO - Sync 1 DAGs
[2025-04-20T06:18:51.899+0000] {logging_mixin.py:190} INFO - [2025-04-20T06:18:51.899+0000] {dag.py:4180} INFO - Setting next_dagrun for example_setup_teardown to None, run_after=None
[2025-04-20T06:18:51.908+0000] {processor.py:208} INFO - Processing /home/airflow/.local/lib/python3.12/site-packages/airflow/example_dags/example_setup_teardown.py took 0.033 seconds
[2025-04-20T06:19:22.330+0000] {processor.py:186} INFO - Started process (PID=10842) to work on /home/airflow/.local/lib/python3.12/site-packages/airflow/example_dags/example_setup_teardown.py
[2025-04-20T06:19:22.331+0000] {processor.py:914} INFO - Processing file /home/airflow/.local/lib/python3.12/site-packages/airflow/example_dags/example_setup_teardown.py for tasks to queue
[2025-04-20T06:19:22.333+0000] {logging_mixin.py:190} INFO - [2025-04-20T06:19:22.333+0000] {dagbag.py:588} INFO - Filling up the DagBag from /home/airflow/.local/lib/python3.12/site-packages/airflow/example_dags/example_setup_teardown.py
[2025-04-20T06:19:22.338+0000] {processor.py:925} INFO - DAG(s) 'example_setup_teardown' retrieved from /home/airflow/.local/lib/python3.12/site-packages/airflow/example_dags/example_setup_teardown.py
[2025-04-20T06:19:22.347+0000] {logging_mixin.py:190} INFO - [2025-04-20T06:19:22.347+0000] {dag.py:3239} INFO - Sync 1 DAGs
[2025-04-20T06:19:22.353+0000] {logging_mixin.py:190} INFO - [2025-04-20T06:19:22.353+0000] {dag.py:4180} INFO - Setting next_dagrun for example_setup_teardown to None, run_after=None
[2025-04-20T06:19:22.360+0000] {processor.py:208} INFO - Processing /home/airflow/.local/lib/python3.12/site-packages/airflow/example_dags/example_setup_teardown.py took 0.033 seconds
