[2025-03-14T18:32:53.836+0000] {local_task_job_runner.py:123} INFO - ::group::Pre task execution logs
[2025-03-14T18:32:53.844+0000] {taskinstance.py:2614} INFO - Dependencies all met for dep_context=non-requeueable deps ti=<TaskInstance: kindle_store_etl_taskflow.transform_data manual__2025-03-14T18:31:33.594288+00:00 [queued]>
[2025-03-14T18:32:53.847+0000] {taskinstance.py:2614} INFO - Dependencies all met for dep_context=requeueable deps ti=<TaskInstance: kindle_store_etl_taskflow.transform_data manual__2025-03-14T18:31:33.594288+00:00 [queued]>
[2025-03-14T18:32:53.847+0000] {taskinstance.py:2867} INFO - Starting attempt 1 of 1
[2025-03-14T18:32:53.852+0000] {taskinstance.py:2890} INFO - Executing <Task(_PythonDecoratedOperator): transform_data> on 2025-03-14 18:31:33.594288+00:00
[2025-03-14T18:32:53.855+0000] {warnings.py:112} WARNING - /home/***/.local/lib/python3.12/site-packages/***/task/task_runner/standard_task_runner.py:70: DeprecationWarning: This process (pid=142) is multi-threaded, use of fork() may lead to deadlocks in the child.
  pid = os.fork()

[2025-03-14T18:32:53.856+0000] {standard_task_runner.py:72} INFO - Started process 143 to run task
[2025-03-14T18:32:53.856+0000] {standard_task_runner.py:104} INFO - Running: ['***', 'tasks', 'run', 'kindle_store_etl_taskflow', 'transform_data', 'manual__2025-03-14T18:31:33.594288+00:00', '--job-id', '18', '--raw', '--subdir', 'DAGS_FOLDER/etl.py', '--cfg-path', '/tmp/tmpb89tdvwr']
[2025-03-14T18:32:53.857+0000] {standard_task_runner.py:105} INFO - Job 18: Subtask transform_data
[2025-03-14T18:32:53.881+0000] {task_command.py:467} INFO - Running <TaskInstance: kindle_store_etl_taskflow.transform_data manual__2025-03-14T18:31:33.594288+00:00 [running]> on host 76178626723b
[2025-03-14T18:32:53.910+0000] {taskinstance.py:3134} INFO - Exporting env vars: AIRFLOW_CTX_DAG_OWNER='***' AIRFLOW_CTX_DAG_ID='kindle_store_etl_taskflow' AIRFLOW_CTX_TASK_ID='transform_data' AIRFLOW_CTX_EXECUTION_DATE='2025-03-14T18:31:33.594288+00:00' AIRFLOW_CTX_TRY_NUMBER='1' AIRFLOW_CTX_DAG_RUN_ID='manual__2025-03-14T18:31:33.594288+00:00'
[2025-03-14T18:32:53.911+0000] {logging_mixin.py:190} INFO - Task instance is in running state
[2025-03-14T18:32:53.911+0000] {logging_mixin.py:190} INFO -  Previous state of the Task instance: queued
[2025-03-14T18:32:53.911+0000] {logging_mixin.py:190} INFO - Current task name:transform_data state:running start_date:2025-03-14 18:32:53.844477+00:00
[2025-03-14T18:32:53.911+0000] {logging_mixin.py:190} INFO - Dag name:kindle_store_etl_taskflow and current dag run status:running
[2025-03-14T18:32:53.911+0000] {taskinstance.py:732} INFO - ::endgroup::
[2025-03-14T18:32:58.814+0000] {local_task_job_runner.py:266} INFO - Task exited with return code -9. For more information, see https://***.apache.org/docs/apache-***/stable/troubleshooting.html#LocalTaskJob-killed
[2025-03-14T18:32:58.825+0000] {taskinstance.py:3901} INFO - 0 downstream tasks scheduled from follow-on schedule check
[2025-03-14T18:32:58.826+0000] {local_task_job_runner.py:245} INFO - ::endgroup::
