[2025-03-14T11:07:48.931+0000] {local_task_job_runner.py:123} INFO - ::group::Pre task execution logs
[2025-03-14T11:07:48.938+0000] {taskinstance.py:2614} INFO - Dependencies all met for dep_context=non-requeueable deps ti=<TaskInstance: ecommerce_etl_taskflow.transform manual__2025-03-14T11:07:46.028917+00:00 [queued]>
[2025-03-14T11:07:48.941+0000] {taskinstance.py:2614} INFO - Dependencies all met for dep_context=requeueable deps ti=<TaskInstance: ecommerce_etl_taskflow.transform manual__2025-03-14T11:07:46.028917+00:00 [queued]>
[2025-03-14T11:07:48.941+0000] {taskinstance.py:2867} INFO - Starting attempt 1 of 4
[2025-03-14T11:07:48.945+0000] {taskinstance.py:2890} INFO - Executing <Task(_PythonDecoratedOperator): transform> on 2025-03-14 11:07:46.028917+00:00
[2025-03-14T11:07:48.948+0000] {warnings.py:112} WARNING - /home/***/.local/lib/python3.12/site-packages/***/task/task_runner/standard_task_runner.py:70: DeprecationWarning: This process (pid=149) is multi-threaded, use of fork() may lead to deadlocks in the child.
  pid = os.fork()

[2025-03-14T11:07:48.948+0000] {standard_task_runner.py:72} INFO - Started process 150 to run task
[2025-03-14T11:07:48.949+0000] {standard_task_runner.py:104} INFO - Running: ['***', 'tasks', 'run', 'ecommerce_etl_taskflow', 'transform', 'manual__2025-03-14T11:07:46.028917+00:00', '--job-id', '43', '--raw', '--subdir', 'DAGS_FOLDER/IS3107 Data Engineering DAG Demo Taskflow.py', '--cfg-path', '/tmp/tmp0zzf5ozo']
[2025-03-14T11:07:48.949+0000] {standard_task_runner.py:105} INFO - Job 43: Subtask transform
[2025-03-14T11:07:48.976+0000] {task_command.py:467} INFO - Running <TaskInstance: ecommerce_etl_taskflow.transform manual__2025-03-14T11:07:46.028917+00:00 [running]> on host c9040eb62b77
[2025-03-14T11:07:49.094+0000] {taskinstance.py:3134} INFO - Exporting env vars: AIRFLOW_CTX_DAG_EMAIL='***@example.com' AIRFLOW_CTX_DAG_OWNER='***' AIRFLOW_CTX_DAG_ID='ecommerce_etl_taskflow' AIRFLOW_CTX_TASK_ID='transform' AIRFLOW_CTX_EXECUTION_DATE='2025-03-14T11:07:46.028917+00:00' AIRFLOW_CTX_TRY_NUMBER='1' AIRFLOW_CTX_DAG_RUN_ID='manual__2025-03-14T11:07:46.028917+00:00'
[2025-03-14T11:07:49.094+0000] {logging_mixin.py:190} INFO - Task instance is in running state
[2025-03-14T11:07:49.095+0000] {logging_mixin.py:190} INFO -  Previous state of the Task instance: queued
[2025-03-14T11:07:49.095+0000] {logging_mixin.py:190} INFO - Current task name:transform state:running start_date:2025-03-14 11:07:48.938926+00:00
[2025-03-14T11:07:49.095+0000] {logging_mixin.py:190} INFO - Dag name:ecommerce_etl_taskflow and current dag run status:running
[2025-03-14T11:07:49.095+0000] {taskinstance.py:732} INFO - ::endgroup::
[2025-03-14T11:07:49.095+0000] {python.py:240} INFO - Done. Returned value was: {'order_id': 0, 'customer_id': 123, 'amount': 110.00000000000001, 'status': 'completed'}
[2025-03-14T11:07:49.102+0000] {taskinstance.py:341} INFO - ::group::Post task execution logs
[2025-03-14T11:07:49.103+0000] {taskinstance.py:353} INFO - Marking task as SUCCESS. dag_id=ecommerce_etl_taskflow, task_id=transform, run_id=manual__2025-03-14T11:07:46.028917+00:00, execution_date=20250314T110746, start_date=20250314T110748, end_date=20250314T110749
[2025-03-14T11:07:49.109+0000] {logging_mixin.py:190} INFO - Task instance in success state
[2025-03-14T11:07:49.110+0000] {logging_mixin.py:190} INFO -  Previous state of the Task instance: running
[2025-03-14T11:07:49.110+0000] {logging_mixin.py:190} INFO - Dag name:ecommerce_etl_taskflow queued_at:2025-03-14 11:07:46.038527+00:00
[2025-03-14T11:07:49.110+0000] {logging_mixin.py:190} INFO - Task hostname:c9040eb62b77 operator:_PythonDecoratedOperator
[2025-03-14T11:07:49.136+0000] {local_task_job_runner.py:266} INFO - Task exited with return code 0
[2025-03-14T11:07:49.145+0000] {taskinstance.py:3901} INFO - 1 downstream tasks scheduled from follow-on schedule check
[2025-03-14T11:07:49.146+0000] {local_task_job_runner.py:245} INFO - ::endgroup::
