[2025-03-14T13:42:25.195+0000] {local_task_job_runner.py:123} INFO - ::group::Pre task execution logs
[2025-03-14T13:42:25.205+0000] {taskinstance.py:2614} INFO - Dependencies all met for dep_context=non-requeueable deps ti=<TaskInstance: assignment3.get_city_list manual__2025-03-14T13:42:19.629362+00:00 [queued]>
[2025-03-14T13:42:25.209+0000] {taskinstance.py:2614} INFO - Dependencies all met for dep_context=requeueable deps ti=<TaskInstance: assignment3.get_city_list manual__2025-03-14T13:42:19.629362+00:00 [queued]>
[2025-03-14T13:42:25.209+0000] {taskinstance.py:2867} INFO - Starting attempt 1 of 2
[2025-03-14T13:42:25.214+0000] {taskinstance.py:2890} INFO - Executing <Task(_PythonDecoratedOperator): get_city_list> on 2025-03-14 13:42:19.629362+00:00
[2025-03-14T13:42:25.217+0000] {warnings.py:112} WARNING - /home/***/.local/lib/python3.12/site-packages/***/task/task_runner/standard_task_runner.py:70: DeprecationWarning: This process (pid=111) is multi-threaded, use of fork() may lead to deadlocks in the child.
  pid = os.fork()

[2025-03-14T13:42:25.218+0000] {standard_task_runner.py:72} INFO - Started process 114 to run task
[2025-03-14T13:42:25.219+0000] {standard_task_runner.py:104} INFO - Running: ['***', 'tasks', 'run', 'assignment3', 'get_city_list', 'manual__2025-03-14T13:42:19.629362+00:00', '--job-id', '74', '--raw', '--subdir', 'DAGS_FOLDER/A0265907U.py', '--cfg-path', '/tmp/tmpx016kuzh']
[2025-03-14T13:42:25.219+0000] {standard_task_runner.py:105} INFO - Job 74: Subtask get_city_list
[2025-03-14T13:42:25.243+0000] {task_command.py:467} INFO - Running <TaskInstance: assignment3.get_city_list manual__2025-03-14T13:42:19.629362+00:00 [running]> on host 645248e5c122
[2025-03-14T13:42:25.279+0000] {taskinstance.py:3134} INFO - Exporting env vars: AIRFLOW_CTX_DAG_OWNER='***' AIRFLOW_CTX_DAG_ID='assignment3' AIRFLOW_CTX_TASK_ID='get_city_list' AIRFLOW_CTX_EXECUTION_DATE='2025-03-14T13:42:19.629362+00:00' AIRFLOW_CTX_TRY_NUMBER='1' AIRFLOW_CTX_DAG_RUN_ID='manual__2025-03-14T13:42:19.629362+00:00'
[2025-03-14T13:42:25.279+0000] {logging_mixin.py:190} INFO - Task instance is in running state
[2025-03-14T13:42:25.280+0000] {logging_mixin.py:190} INFO -  Previous state of the Task instance: queued
[2025-03-14T13:42:25.280+0000] {logging_mixin.py:190} INFO - Current task name:get_city_list state:running start_date:2025-03-14 13:42:25.205448+00:00
[2025-03-14T13:42:25.280+0000] {logging_mixin.py:190} INFO - Dag name:assignment3 and current dag run status:running
[2025-03-14T13:42:25.280+0000] {taskinstance.py:732} INFO - ::endgroup::
[2025-03-14T13:42:25.281+0000] {python.py:240} INFO - Done. Returned value was: ['Yangon', 'Naypyitaw', 'Mandalay']
[2025-03-14T13:42:25.322+0000] {taskinstance.py:341} INFO - ::group::Post task execution logs
[2025-03-14T13:42:25.324+0000] {taskinstance.py:353} INFO - Marking task as SUCCESS. dag_id=assignment3, task_id=get_city_list, run_id=manual__2025-03-14T13:42:19.629362+00:00, execution_date=20250314T134219, start_date=20250314T134225, end_date=20250314T134225
[2025-03-14T13:42:25.366+0000] {logging_mixin.py:190} INFO - Task instance in success state
[2025-03-14T13:42:25.372+0000] {logging_mixin.py:190} INFO -  Previous state of the Task instance: running
[2025-03-14T13:42:25.375+0000] {logging_mixin.py:190} INFO - Dag name:assignment3 queued_at:2025-03-14 13:42:19.634662+00:00
[2025-03-14T13:42:25.375+0000] {logging_mixin.py:190} INFO - Task hostname:645248e5c122 operator:_PythonDecoratedOperator
[2025-03-14T13:42:25.399+0000] {local_task_job_runner.py:266} INFO - Task exited with return code 0
[2025-03-14T13:42:25.406+0000] {local_task_job_runner.py:245} INFO - ::endgroup::
