[2025-03-14T13:42:25.183+0000] {local_task_job_runner.py:123} INFO - ::group::Pre task execution logs
[2025-03-14T13:42:25.191+0000] {taskinstance.py:2614} INFO - Dependencies all met for dep_context=non-requeueable deps ti=<TaskInstance: assignment3.generate_sales_report manual__2025-03-14T13:42:19.629362+00:00 [queued]>
[2025-03-14T13:42:25.195+0000] {taskinstance.py:2614} INFO - Dependencies all met for dep_context=requeueable deps ti=<TaskInstance: assignment3.generate_sales_report manual__2025-03-14T13:42:19.629362+00:00 [queued]>
[2025-03-14T13:42:25.195+0000] {taskinstance.py:2867} INFO - Starting attempt 1 of 2
[2025-03-14T13:42:25.201+0000] {taskinstance.py:2890} INFO - Executing <Task(_PythonDecoratedOperator): generate_sales_report> on 2025-03-14 13:42:19.629362+00:00
[2025-03-14T13:42:25.204+0000] {warnings.py:112} WARNING - /home/***/.local/lib/python3.12/site-packages/***/task/task_runner/standard_task_runner.py:70: DeprecationWarning: This process (pid=110) is multi-threaded, use of fork() may lead to deadlocks in the child.
  pid = os.fork()

[2025-03-14T13:42:25.205+0000] {standard_task_runner.py:72} INFO - Started process 112 to run task
[2025-03-14T13:42:25.206+0000] {standard_task_runner.py:104} INFO - Running: ['***', 'tasks', 'run', 'assignment3', 'generate_sales_report', 'manual__2025-03-14T13:42:19.629362+00:00', '--job-id', '73', '--raw', '--subdir', 'DAGS_FOLDER/A0265907U.py', '--cfg-path', '/tmp/tmpouzk0mw2']
[2025-03-14T13:42:25.206+0000] {standard_task_runner.py:105} INFO - Job 73: Subtask generate_sales_report
[2025-03-14T13:42:25.233+0000] {task_command.py:467} INFO - Running <TaskInstance: assignment3.generate_sales_report manual__2025-03-14T13:42:19.629362+00:00 [running]> on host 645248e5c122
[2025-03-14T13:42:25.270+0000] {taskinstance.py:3134} INFO - Exporting env vars: AIRFLOW_CTX_DAG_OWNER='***' AIRFLOW_CTX_DAG_ID='assignment3' AIRFLOW_CTX_TASK_ID='generate_sales_report' AIRFLOW_CTX_EXECUTION_DATE='2025-03-14T13:42:19.629362+00:00' AIRFLOW_CTX_TRY_NUMBER='1' AIRFLOW_CTX_DAG_RUN_ID='manual__2025-03-14T13:42:19.629362+00:00'
[2025-03-14T13:42:25.271+0000] {logging_mixin.py:190} INFO - Task instance is in running state
[2025-03-14T13:42:25.271+0000] {logging_mixin.py:190} INFO -  Previous state of the Task instance: queued
[2025-03-14T13:42:25.271+0000] {logging_mixin.py:190} INFO - Current task name:generate_sales_report state:running start_date:2025-03-14 13:42:25.191887+00:00
[2025-03-14T13:42:25.271+0000] {logging_mixin.py:190} INFO - Dag name:assignment3 and current dag run status:running
[2025-03-14T13:42:25.271+0000] {taskinstance.py:732} INFO - ::endgroup::
[2025-03-14T13:42:25.581+0000] {python.py:240} INFO - Done. Returned value was: None
[2025-03-14T13:42:25.586+0000] {taskinstance.py:341} INFO - ::group::Post task execution logs
[2025-03-14T13:42:25.586+0000] {taskinstance.py:353} INFO - Marking task as SUCCESS. dag_id=assignment3, task_id=generate_sales_report, run_id=manual__2025-03-14T13:42:19.629362+00:00, execution_date=20250314T134219, start_date=20250314T134225, end_date=20250314T134225
[2025-03-14T13:42:25.597+0000] {logging_mixin.py:190} INFO - Task instance in success state
[2025-03-14T13:42:25.598+0000] {logging_mixin.py:190} INFO -  Previous state of the Task instance: running
[2025-03-14T13:42:25.598+0000] {logging_mixin.py:190} INFO - Dag name:assignment3 queued_at:2025-03-14 13:42:19.634662+00:00
[2025-03-14T13:42:25.598+0000] {logging_mixin.py:190} INFO - Task hostname:645248e5c122 operator:_PythonDecoratedOperator
[2025-03-14T13:42:25.633+0000] {local_task_job_runner.py:266} INFO - Task exited with return code 0
[2025-03-14T13:42:25.641+0000] {taskinstance.py:3901} INFO - 0 downstream tasks scheduled from follow-on schedule check
[2025-03-14T13:42:25.642+0000] {local_task_job_runner.py:245} INFO - ::endgroup::
