[2025-03-14T13:15:30.940+0000] {local_task_job_runner.py:123} INFO - ::group::Pre task execution logs
[2025-03-14T13:15:30.950+0000] {taskinstance.py:2614} INFO - Dependencies all met for dep_context=non-requeueable deps ti=<TaskInstance: assignment3.get_city_list manual__2025-03-14T13:15:25.217478+00:00 [queued]>
[2025-03-14T13:15:30.956+0000] {taskinstance.py:2614} INFO - Dependencies all met for dep_context=requeueable deps ti=<TaskInstance: assignment3.get_city_list manual__2025-03-14T13:15:25.217478+00:00 [queued]>
[2025-03-14T13:15:30.957+0000] {taskinstance.py:2867} INFO - Starting attempt 1 of 2
[2025-03-14T13:15:30.961+0000] {taskinstance.py:2890} INFO - Executing <Task(_PythonDecoratedOperator): get_city_list> on 2025-03-14 13:15:25.217478+00:00
[2025-03-14T13:15:30.964+0000] {warnings.py:112} WARNING - /home/***/.local/lib/python3.12/site-packages/***/task/task_runner/standard_task_runner.py:70: DeprecationWarning: This process (pid=118) is multi-threaded, use of fork() may lead to deadlocks in the child.
  pid = os.fork()

[2025-03-14T13:15:30.965+0000] {standard_task_runner.py:72} INFO - Started process 121 to run task
[2025-03-14T13:15:30.966+0000] {standard_task_runner.py:104} INFO - Running: ['***', 'tasks', 'run', 'assignment3', 'get_city_list', 'manual__2025-03-14T13:15:25.217478+00:00', '--job-id', '65', '--raw', '--subdir', 'DAGS_FOLDER/A0265907U.py', '--cfg-path', '/tmp/tmpak83zezm']
[2025-03-14T13:15:30.966+0000] {standard_task_runner.py:105} INFO - Job 65: Subtask get_city_list
[2025-03-14T13:15:30.993+0000] {task_command.py:467} INFO - Running <TaskInstance: assignment3.get_city_list manual__2025-03-14T13:15:25.217478+00:00 [running]> on host e7971c9ba189
[2025-03-14T13:15:31.024+0000] {taskinstance.py:3134} INFO - Exporting env vars: AIRFLOW_CTX_DAG_OWNER='***' AIRFLOW_CTX_DAG_ID='assignment3' AIRFLOW_CTX_TASK_ID='get_city_list' AIRFLOW_CTX_EXECUTION_DATE='2025-03-14T13:15:25.217478+00:00' AIRFLOW_CTX_TRY_NUMBER='1' AIRFLOW_CTX_DAG_RUN_ID='manual__2025-03-14T13:15:25.217478+00:00'
[2025-03-14T13:15:31.025+0000] {logging_mixin.py:190} INFO - Task instance is in running state
[2025-03-14T13:15:31.025+0000] {logging_mixin.py:190} INFO -  Previous state of the Task instance: queued
[2025-03-14T13:15:31.025+0000] {logging_mixin.py:190} INFO - Current task name:get_city_list state:running start_date:2025-03-14 13:15:30.953193+00:00
[2025-03-14T13:15:31.026+0000] {logging_mixin.py:190} INFO - Dag name:assignment3 and current dag run status:running
[2025-03-14T13:15:31.026+0000] {taskinstance.py:732} INFO - ::endgroup::
[2025-03-14T13:15:31.026+0000] {python.py:240} INFO - Done. Returned value was: ['Yangon', 'Naypyitaw', 'Mandalay']
[2025-03-14T13:15:31.036+0000] {taskinstance.py:341} INFO - ::group::Post task execution logs
[2025-03-14T13:15:31.041+0000] {taskinstance.py:353} INFO - Marking task as SUCCESS. dag_id=assignment3, task_id=get_city_list, run_id=manual__2025-03-14T13:15:25.217478+00:00, execution_date=20250314T131525, start_date=20250314T131530, end_date=20250314T131531
[2025-03-14T13:15:31.111+0000] {logging_mixin.py:190} INFO - Task instance in success state
[2025-03-14T13:15:31.111+0000] {logging_mixin.py:190} INFO -  Previous state of the Task instance: running
[2025-03-14T13:15:31.111+0000] {logging_mixin.py:190} INFO - Dag name:assignment3 queued_at:2025-03-14 13:15:25.222544+00:00
[2025-03-14T13:15:31.111+0000] {logging_mixin.py:190} INFO - Task hostname:e7971c9ba189 operator:_PythonDecoratedOperator
[2025-03-14T13:15:31.150+0000] {local_task_job_runner.py:266} INFO - Task exited with return code 0
[2025-03-14T13:15:31.185+0000] {taskinstance.py:3901} INFO - 3 downstream tasks scheduled from follow-on schedule check
[2025-03-14T13:15:31.186+0000] {local_task_job_runner.py:245} INFO - ::endgroup::
