[2025-03-16T01:29:05.453+0000] {processor.py:186} INFO - Started process (PID=8714) to work on /home/airflow/.local/lib/python3.12/site-packages/airflow/example_dags/example_sla_dag.py
[2025-03-16T01:29:05.454+0000] {processor.py:914} INFO - Processing file /home/airflow/.local/lib/python3.12/site-packages/airflow/example_dags/example_sla_dag.py for tasks to queue
[2025-03-16T01:29:05.455+0000] {logging_mixin.py:190} INFO - [2025-03-16T01:29:05.455+0000] {dagbag.py:588} INFO - Filling up the DagBag from /home/airflow/.local/lib/python3.12/site-packages/airflow/example_dags/example_sla_dag.py
[2025-03-16T01:29:05.461+0000] {processor.py:925} INFO - DAG(s) 'example_sla_dag' retrieved from /home/airflow/.local/lib/python3.12/site-packages/airflow/example_dags/example_sla_dag.py
[2025-03-16T01:29:05.476+0000] {logging_mixin.py:190} INFO - [2025-03-16T01:29:05.476+0000] {dag.py:3239} INFO - Sync 1 DAGs
[2025-03-16T01:29:05.490+0000] {logging_mixin.py:190} INFO - [2025-03-16T01:29:05.489+0000] {dag.py:4180} INFO - Setting next_dagrun for example_sla_dag to 2025-03-16 01:26:00+00:00, run_after=2025-03-16 01:28:00+00:00
[2025-03-16T01:29:05.499+0000] {processor.py:208} INFO - Processing /home/airflow/.local/lib/python3.12/site-packages/airflow/example_dags/example_sla_dag.py took 0.049 seconds
[2025-03-16T02:50:15.869+0000] {processor.py:186} INFO - Started process (PID=8781) to work on /home/airflow/.local/lib/python3.12/site-packages/airflow/example_dags/example_sla_dag.py
[2025-03-16T02:50:15.870+0000] {processor.py:914} INFO - Processing file /home/airflow/.local/lib/python3.12/site-packages/airflow/example_dags/example_sla_dag.py for tasks to queue
[2025-03-16T02:50:15.871+0000] {logging_mixin.py:190} INFO - [2025-03-16T02:50:15.871+0000] {dagbag.py:588} INFO - Filling up the DagBag from /home/airflow/.local/lib/python3.12/site-packages/airflow/example_dags/example_sla_dag.py
[2025-03-16T02:50:15.877+0000] {processor.py:925} INFO - DAG(s) 'example_sla_dag' retrieved from /home/airflow/.local/lib/python3.12/site-packages/airflow/example_dags/example_sla_dag.py
[2025-03-16T02:50:15.889+0000] {logging_mixin.py:190} INFO - [2025-03-16T02:50:15.889+0000] {dag.py:3239} INFO - Sync 1 DAGs
[2025-03-16T02:50:15.902+0000] {logging_mixin.py:190} INFO - [2025-03-16T02:50:15.902+0000] {dag.py:4180} INFO - Setting next_dagrun for example_sla_dag to 2025-03-16 02:48:00+00:00, run_after=2025-03-16 02:50:00+00:00
[2025-03-16T02:50:15.916+0000] {processor.py:208} INFO - Processing /home/airflow/.local/lib/python3.12/site-packages/airflow/example_dags/example_sla_dag.py took 0.051 seconds
[2025-03-16T04:04:23.206+0000] {processor.py:186} INFO - Started process (PID=8852) to work on /home/airflow/.local/lib/python3.12/site-packages/airflow/example_dags/example_sla_dag.py
[2025-03-16T04:04:23.206+0000] {processor.py:914} INFO - Processing file /home/airflow/.local/lib/python3.12/site-packages/airflow/example_dags/example_sla_dag.py for tasks to queue
[2025-03-16T04:04:23.208+0000] {logging_mixin.py:190} INFO - [2025-03-16T04:04:23.208+0000] {dagbag.py:588} INFO - Filling up the DagBag from /home/airflow/.local/lib/python3.12/site-packages/airflow/example_dags/example_sla_dag.py
[2025-03-16T04:04:23.215+0000] {processor.py:925} INFO - DAG(s) 'example_sla_dag' retrieved from /home/airflow/.local/lib/python3.12/site-packages/airflow/example_dags/example_sla_dag.py
[2025-03-16T04:04:23.227+0000] {logging_mixin.py:190} INFO - [2025-03-16T04:04:23.227+0000] {dag.py:3239} INFO - Sync 1 DAGs
[2025-03-16T04:04:23.241+0000] {logging_mixin.py:190} INFO - [2025-03-16T04:04:23.241+0000] {dag.py:4180} INFO - Setting next_dagrun for example_sla_dag to 2025-03-16 04:02:00+00:00, run_after=2025-03-16 04:04:00+00:00
[2025-03-16T04:04:23.257+0000] {processor.py:208} INFO - Processing /home/airflow/.local/lib/python3.12/site-packages/airflow/example_dags/example_sla_dag.py took 0.055 seconds
[2025-03-16T05:14:54.690+0000] {processor.py:186} INFO - Started process (PID=8912) to work on /home/airflow/.local/lib/python3.12/site-packages/airflow/example_dags/example_sla_dag.py
[2025-03-16T05:14:54.691+0000] {processor.py:914} INFO - Processing file /home/airflow/.local/lib/python3.12/site-packages/airflow/example_dags/example_sla_dag.py for tasks to queue
[2025-03-16T05:14:54.693+0000] {logging_mixin.py:190} INFO - [2025-03-16T05:14:54.693+0000] {dagbag.py:588} INFO - Filling up the DagBag from /home/airflow/.local/lib/python3.12/site-packages/airflow/example_dags/example_sla_dag.py
[2025-03-16T05:14:54.701+0000] {processor.py:925} INFO - DAG(s) 'example_sla_dag' retrieved from /home/airflow/.local/lib/python3.12/site-packages/airflow/example_dags/example_sla_dag.py
[2025-03-16T05:14:54.717+0000] {logging_mixin.py:190} INFO - [2025-03-16T05:14:54.717+0000] {dag.py:3239} INFO - Sync 1 DAGs
[2025-03-16T05:14:54.733+0000] {logging_mixin.py:190} INFO - [2025-03-16T05:14:54.733+0000] {dag.py:4180} INFO - Setting next_dagrun for example_sla_dag to 2025-03-16 05:12:00+00:00, run_after=2025-03-16 05:14:00+00:00
[2025-03-16T05:14:54.746+0000] {processor.py:208} INFO - Processing /home/airflow/.local/lib/python3.12/site-packages/airflow/example_dags/example_sla_dag.py took 0.061 seconds
[2025-03-16T06:06:46.912+0000] {processor.py:186} INFO - Started process (PID=8978) to work on /home/airflow/.local/lib/python3.12/site-packages/airflow/example_dags/example_sla_dag.py
[2025-03-16T06:06:46.912+0000] {processor.py:914} INFO - Processing file /home/airflow/.local/lib/python3.12/site-packages/airflow/example_dags/example_sla_dag.py for tasks to queue
[2025-03-16T06:06:46.914+0000] {logging_mixin.py:190} INFO - [2025-03-16T06:06:46.914+0000] {dagbag.py:588} INFO - Filling up the DagBag from /home/airflow/.local/lib/python3.12/site-packages/airflow/example_dags/example_sla_dag.py
[2025-03-16T06:06:46.919+0000] {processor.py:925} INFO - DAG(s) 'example_sla_dag' retrieved from /home/airflow/.local/lib/python3.12/site-packages/airflow/example_dags/example_sla_dag.py
[2025-03-16T06:06:46.934+0000] {logging_mixin.py:190} INFO - [2025-03-16T06:06:46.934+0000] {dag.py:3239} INFO - Sync 1 DAGs
[2025-03-16T06:06:46.945+0000] {logging_mixin.py:190} INFO - [2025-03-16T06:06:46.945+0000] {dag.py:4180} INFO - Setting next_dagrun for example_sla_dag to 2025-03-16 06:04:00+00:00, run_after=2025-03-16 06:06:00+00:00
[2025-03-16T06:06:46.967+0000] {processor.py:208} INFO - Processing /home/airflow/.local/lib/python3.12/site-packages/airflow/example_dags/example_sla_dag.py took 0.059 seconds
[2025-03-16T07:16:49.838+0000] {processor.py:186} INFO - Started process (PID=9044) to work on /home/airflow/.local/lib/python3.12/site-packages/airflow/example_dags/example_sla_dag.py
[2025-03-16T07:16:49.839+0000] {processor.py:914} INFO - Processing file /home/airflow/.local/lib/python3.12/site-packages/airflow/example_dags/example_sla_dag.py for tasks to queue
[2025-03-16T07:16:49.841+0000] {logging_mixin.py:190} INFO - [2025-03-16T07:16:49.841+0000] {dagbag.py:588} INFO - Filling up the DagBag from /home/airflow/.local/lib/python3.12/site-packages/airflow/example_dags/example_sla_dag.py
[2025-03-16T07:16:49.847+0000] {processor.py:925} INFO - DAG(s) 'example_sla_dag' retrieved from /home/airflow/.local/lib/python3.12/site-packages/airflow/example_dags/example_sla_dag.py
[2025-03-16T07:16:49.859+0000] {logging_mixin.py:190} INFO - [2025-03-16T07:16:49.859+0000] {dag.py:3239} INFO - Sync 1 DAGs
[2025-03-16T07:16:49.873+0000] {logging_mixin.py:190} INFO - [2025-03-16T07:16:49.872+0000] {dag.py:4180} INFO - Setting next_dagrun for example_sla_dag to 2025-03-16 07:14:00+00:00, run_after=2025-03-16 07:16:00+00:00
[2025-03-16T07:16:49.885+0000] {processor.py:208} INFO - Processing /home/airflow/.local/lib/python3.12/site-packages/airflow/example_dags/example_sla_dag.py took 0.050 seconds
[2025-03-16T08:08:42.132+0000] {processor.py:186} INFO - Started process (PID=9109) to work on /home/airflow/.local/lib/python3.12/site-packages/airflow/example_dags/example_sla_dag.py
[2025-03-16T08:08:42.133+0000] {processor.py:914} INFO - Processing file /home/airflow/.local/lib/python3.12/site-packages/airflow/example_dags/example_sla_dag.py for tasks to queue
[2025-03-16T08:08:42.134+0000] {logging_mixin.py:190} INFO - [2025-03-16T08:08:42.134+0000] {dagbag.py:588} INFO - Filling up the DagBag from /home/airflow/.local/lib/python3.12/site-packages/airflow/example_dags/example_sla_dag.py
[2025-03-16T08:08:42.141+0000] {processor.py:925} INFO - DAG(s) 'example_sla_dag' retrieved from /home/airflow/.local/lib/python3.12/site-packages/airflow/example_dags/example_sla_dag.py
[2025-03-16T08:08:42.152+0000] {logging_mixin.py:190} INFO - [2025-03-16T08:08:42.152+0000] {dag.py:3239} INFO - Sync 1 DAGs
[2025-03-16T08:08:42.163+0000] {logging_mixin.py:190} INFO - [2025-03-16T08:08:42.163+0000] {dag.py:4180} INFO - Setting next_dagrun for example_sla_dag to 2025-03-16 08:06:00+00:00, run_after=2025-03-16 08:08:00+00:00
[2025-03-16T08:08:42.177+0000] {processor.py:208} INFO - Processing /home/airflow/.local/lib/python3.12/site-packages/airflow/example_dags/example_sla_dag.py took 0.048 seconds
[2025-03-16T09:18:52.247+0000] {processor.py:186} INFO - Started process (PID=9174) to work on /home/airflow/.local/lib/python3.12/site-packages/airflow/example_dags/example_sla_dag.py
[2025-03-16T09:18:52.247+0000] {processor.py:914} INFO - Processing file /home/airflow/.local/lib/python3.12/site-packages/airflow/example_dags/example_sla_dag.py for tasks to queue
[2025-03-16T09:18:52.248+0000] {logging_mixin.py:190} INFO - [2025-03-16T09:18:52.248+0000] {dagbag.py:588} INFO - Filling up the DagBag from /home/airflow/.local/lib/python3.12/site-packages/airflow/example_dags/example_sla_dag.py
[2025-03-16T09:18:52.253+0000] {processor.py:925} INFO - DAG(s) 'example_sla_dag' retrieved from /home/airflow/.local/lib/python3.12/site-packages/airflow/example_dags/example_sla_dag.py
[2025-03-16T09:18:52.263+0000] {logging_mixin.py:190} INFO - [2025-03-16T09:18:52.263+0000] {dag.py:3239} INFO - Sync 1 DAGs
[2025-03-16T09:18:52.273+0000] {logging_mixin.py:190} INFO - [2025-03-16T09:18:52.273+0000] {dag.py:4180} INFO - Setting next_dagrun for example_sla_dag to 2025-03-16 09:16:00+00:00, run_after=2025-03-16 09:18:00+00:00
[2025-03-16T09:18:52.281+0000] {processor.py:208} INFO - Processing /home/airflow/.local/lib/python3.12/site-packages/airflow/example_dags/example_sla_dag.py took 0.037 seconds
[2025-03-16T10:37:11.241+0000] {processor.py:186} INFO - Started process (PID=9240) to work on /home/airflow/.local/lib/python3.12/site-packages/airflow/example_dags/example_sla_dag.py
[2025-03-16T10:37:11.241+0000] {processor.py:914} INFO - Processing file /home/airflow/.local/lib/python3.12/site-packages/airflow/example_dags/example_sla_dag.py for tasks to queue
[2025-03-16T10:37:11.243+0000] {logging_mixin.py:190} INFO - [2025-03-16T10:37:11.242+0000] {dagbag.py:588} INFO - Filling up the DagBag from /home/airflow/.local/lib/python3.12/site-packages/airflow/example_dags/example_sla_dag.py
[2025-03-16T10:37:11.251+0000] {processor.py:925} INFO - DAG(s) 'example_sla_dag' retrieved from /home/airflow/.local/lib/python3.12/site-packages/airflow/example_dags/example_sla_dag.py
[2025-03-16T10:37:11.260+0000] {logging_mixin.py:190} INFO - [2025-03-16T10:37:11.260+0000] {dag.py:3239} INFO - Sync 1 DAGs
[2025-03-16T10:37:11.271+0000] {logging_mixin.py:190} INFO - [2025-03-16T10:37:11.271+0000] {dag.py:4180} INFO - Setting next_dagrun for example_sla_dag to 2025-03-16 10:34:00+00:00, run_after=2025-03-16 10:36:00+00:00
[2025-03-16T10:37:11.278+0000] {processor.py:208} INFO - Processing /home/airflow/.local/lib/python3.12/site-packages/airflow/example_dags/example_sla_dag.py took 0.048 seconds
[2025-03-16T11:55:37.488+0000] {processor.py:186} INFO - Started process (PID=9306) to work on /home/airflow/.local/lib/python3.12/site-packages/airflow/example_dags/example_sla_dag.py
[2025-03-16T11:55:37.489+0000] {processor.py:914} INFO - Processing file /home/airflow/.local/lib/python3.12/site-packages/airflow/example_dags/example_sla_dag.py for tasks to queue
[2025-03-16T11:55:37.490+0000] {logging_mixin.py:190} INFO - [2025-03-16T11:55:37.490+0000] {dagbag.py:588} INFO - Filling up the DagBag from /home/airflow/.local/lib/python3.12/site-packages/airflow/example_dags/example_sla_dag.py
[2025-03-16T11:55:37.497+0000] {processor.py:925} INFO - DAG(s) 'example_sla_dag' retrieved from /home/airflow/.local/lib/python3.12/site-packages/airflow/example_dags/example_sla_dag.py
[2025-03-16T11:55:37.508+0000] {logging_mixin.py:190} INFO - [2025-03-16T11:55:37.508+0000] {dag.py:3239} INFO - Sync 1 DAGs
[2025-03-16T11:55:37.520+0000] {logging_mixin.py:190} INFO - [2025-03-16T11:55:37.520+0000] {dag.py:4180} INFO - Setting next_dagrun for example_sla_dag to 2025-03-16 11:52:00+00:00, run_after=2025-03-16 11:54:00+00:00
[2025-03-16T11:55:37.531+0000] {processor.py:208} INFO - Processing /home/airflow/.local/lib/python3.12/site-packages/airflow/example_dags/example_sla_dag.py took 0.046 seconds
[2025-03-16T13:22:49.060+0000] {processor.py:186} INFO - Started process (PID=9378) to work on /home/airflow/.local/lib/python3.12/site-packages/airflow/example_dags/example_sla_dag.py
[2025-03-16T13:22:49.061+0000] {processor.py:914} INFO - Processing file /home/airflow/.local/lib/python3.12/site-packages/airflow/example_dags/example_sla_dag.py for tasks to queue
[2025-03-16T13:22:49.062+0000] {logging_mixin.py:190} INFO - [2025-03-16T13:22:49.062+0000] {dagbag.py:588} INFO - Filling up the DagBag from /home/airflow/.local/lib/python3.12/site-packages/airflow/example_dags/example_sla_dag.py
[2025-03-16T13:22:49.067+0000] {processor.py:925} INFO - DAG(s) 'example_sla_dag' retrieved from /home/airflow/.local/lib/python3.12/site-packages/airflow/example_dags/example_sla_dag.py
[2025-03-16T13:22:49.077+0000] {logging_mixin.py:190} INFO - [2025-03-16T13:22:49.077+0000] {dag.py:3239} INFO - Sync 1 DAGs
[2025-03-16T13:22:49.088+0000] {logging_mixin.py:190} INFO - [2025-03-16T13:22:49.088+0000] {dag.py:4180} INFO - Setting next_dagrun for example_sla_dag to 2025-03-16 13:20:00+00:00, run_after=2025-03-16 13:22:00+00:00
[2025-03-16T13:22:49.095+0000] {processor.py:208} INFO - Processing /home/airflow/.local/lib/python3.12/site-packages/airflow/example_dags/example_sla_dag.py took 0.038 seconds
[2025-03-16T14:21:36.494+0000] {processor.py:186} INFO - Started process (PID=9444) to work on /home/airflow/.local/lib/python3.12/site-packages/airflow/example_dags/example_sla_dag.py
[2025-03-16T14:21:36.495+0000] {processor.py:914} INFO - Processing file /home/airflow/.local/lib/python3.12/site-packages/airflow/example_dags/example_sla_dag.py for tasks to queue
[2025-03-16T14:21:36.496+0000] {logging_mixin.py:190} INFO - [2025-03-16T14:21:36.496+0000] {dagbag.py:588} INFO - Filling up the DagBag from /home/airflow/.local/lib/python3.12/site-packages/airflow/example_dags/example_sla_dag.py
[2025-03-16T14:21:36.502+0000] {processor.py:925} INFO - DAG(s) 'example_sla_dag' retrieved from /home/airflow/.local/lib/python3.12/site-packages/airflow/example_dags/example_sla_dag.py
[2025-03-16T14:21:36.512+0000] {logging_mixin.py:190} INFO - [2025-03-16T14:21:36.512+0000] {dag.py:3239} INFO - Sync 1 DAGs
[2025-03-16T14:21:36.524+0000] {logging_mixin.py:190} INFO - [2025-03-16T14:21:36.524+0000] {dag.py:4180} INFO - Setting next_dagrun for example_sla_dag to 2025-03-16 14:18:00+00:00, run_after=2025-03-16 14:20:00+00:00
[2025-03-16T14:21:36.536+0000] {processor.py:208} INFO - Processing /home/airflow/.local/lib/python3.12/site-packages/airflow/example_dags/example_sla_dag.py took 0.045 seconds
[2025-03-16T15:24:56.506+0000] {processor.py:186} INFO - Started process (PID=9509) to work on /home/airflow/.local/lib/python3.12/site-packages/airflow/example_dags/example_sla_dag.py
[2025-03-16T15:24:56.506+0000] {processor.py:914} INFO - Processing file /home/airflow/.local/lib/python3.12/site-packages/airflow/example_dags/example_sla_dag.py for tasks to queue
[2025-03-16T15:24:56.509+0000] {logging_mixin.py:190} INFO - [2025-03-16T15:24:56.508+0000] {dagbag.py:588} INFO - Filling up the DagBag from /home/airflow/.local/lib/python3.12/site-packages/airflow/example_dags/example_sla_dag.py
[2025-03-16T15:24:56.513+0000] {processor.py:925} INFO - DAG(s) 'example_sla_dag' retrieved from /home/airflow/.local/lib/python3.12/site-packages/airflow/example_dags/example_sla_dag.py
[2025-03-16T15:24:56.529+0000] {logging_mixin.py:190} INFO - [2025-03-16T15:24:56.528+0000] {dag.py:3239} INFO - Sync 1 DAGs
[2025-03-16T15:24:56.542+0000] {logging_mixin.py:190} INFO - [2025-03-16T15:24:56.542+0000] {dag.py:4180} INFO - Setting next_dagrun for example_sla_dag to 2025-03-16 15:22:00+00:00, run_after=2025-03-16 15:24:00+00:00
[2025-03-16T15:24:56.549+0000] {processor.py:208} INFO - Processing /home/airflow/.local/lib/python3.12/site-packages/airflow/example_dags/example_sla_dag.py took 0.046 seconds
[2025-03-16T15:28:43.471+0000] {processor.py:186} INFO - Started process (PID=9569) to work on /home/airflow/.local/lib/python3.12/site-packages/airflow/example_dags/example_sla_dag.py
[2025-03-16T15:28:43.472+0000] {processor.py:914} INFO - Processing file /home/airflow/.local/lib/python3.12/site-packages/airflow/example_dags/example_sla_dag.py for tasks to queue
[2025-03-16T15:28:43.473+0000] {logging_mixin.py:190} INFO - [2025-03-16T15:28:43.473+0000] {dagbag.py:588} INFO - Filling up the DagBag from /home/airflow/.local/lib/python3.12/site-packages/airflow/example_dags/example_sla_dag.py
[2025-03-16T15:28:43.479+0000] {processor.py:925} INFO - DAG(s) 'example_sla_dag' retrieved from /home/airflow/.local/lib/python3.12/site-packages/airflow/example_dags/example_sla_dag.py
[2025-03-16T15:28:43.493+0000] {logging_mixin.py:190} INFO - [2025-03-16T15:28:43.493+0000] {dag.py:3239} INFO - Sync 1 DAGs
[2025-03-16T15:28:43.505+0000] {logging_mixin.py:190} INFO - [2025-03-16T15:28:43.505+0000] {dag.py:4180} INFO - Setting next_dagrun for example_sla_dag to 2025-03-16 15:26:00+00:00, run_after=2025-03-16 15:28:00+00:00
[2025-03-16T15:28:43.520+0000] {processor.py:208} INFO - Processing /home/airflow/.local/lib/python3.12/site-packages/airflow/example_dags/example_sla_dag.py took 0.051 seconds
[2025-03-16T15:47:20.256+0000] {processor.py:186} INFO - Started process (PID=9635) to work on /home/airflow/.local/lib/python3.12/site-packages/airflow/example_dags/example_sla_dag.py
[2025-03-16T15:47:20.259+0000] {processor.py:914} INFO - Processing file /home/airflow/.local/lib/python3.12/site-packages/airflow/example_dags/example_sla_dag.py for tasks to queue
[2025-03-16T15:47:20.260+0000] {logging_mixin.py:190} INFO - [2025-03-16T15:47:20.260+0000] {dagbag.py:588} INFO - Filling up the DagBag from /home/airflow/.local/lib/python3.12/site-packages/airflow/example_dags/example_sla_dag.py
[2025-03-16T15:47:20.267+0000] {processor.py:925} INFO - DAG(s) 'example_sla_dag' retrieved from /home/airflow/.local/lib/python3.12/site-packages/airflow/example_dags/example_sla_dag.py
[2025-03-16T15:47:20.280+0000] {logging_mixin.py:190} INFO - [2025-03-16T15:47:20.279+0000] {dag.py:3239} INFO - Sync 1 DAGs
[2025-03-16T15:47:20.296+0000] {logging_mixin.py:190} INFO - [2025-03-16T15:47:20.296+0000] {dag.py:4180} INFO - Setting next_dagrun for example_sla_dag to 2025-03-16 15:44:00+00:00, run_after=2025-03-16 15:46:00+00:00
[2025-03-16T15:47:20.314+0000] {processor.py:208} INFO - Processing /home/airflow/.local/lib/python3.12/site-packages/airflow/example_dags/example_sla_dag.py took 0.061 seconds
[2025-03-16T16:34:23.488+0000] {processor.py:186} INFO - Started process (PID=9701) to work on /home/airflow/.local/lib/python3.12/site-packages/airflow/example_dags/example_sla_dag.py
[2025-03-16T16:34:23.491+0000] {processor.py:914} INFO - Processing file /home/airflow/.local/lib/python3.12/site-packages/airflow/example_dags/example_sla_dag.py for tasks to queue
[2025-03-16T16:34:23.493+0000] {logging_mixin.py:190} INFO - [2025-03-16T16:34:23.493+0000] {dagbag.py:588} INFO - Filling up the DagBag from /home/airflow/.local/lib/python3.12/site-packages/airflow/example_dags/example_sla_dag.py
[2025-03-16T16:34:23.498+0000] {processor.py:925} INFO - DAG(s) 'example_sla_dag' retrieved from /home/airflow/.local/lib/python3.12/site-packages/airflow/example_dags/example_sla_dag.py
[2025-03-16T16:34:23.513+0000] {logging_mixin.py:190} INFO - [2025-03-16T16:34:23.512+0000] {dag.py:3239} INFO - Sync 1 DAGs
[2025-03-16T16:34:23.526+0000] {logging_mixin.py:190} INFO - [2025-03-16T16:34:23.526+0000] {dag.py:4180} INFO - Setting next_dagrun for example_sla_dag to 2025-03-16 16:32:00+00:00, run_after=2025-03-16 16:34:00+00:00
[2025-03-16T16:34:23.534+0000] {processor.py:208} INFO - Processing /home/airflow/.local/lib/python3.12/site-packages/airflow/example_dags/example_sla_dag.py took 0.049 seconds
[2025-03-16T17:31:57.238+0000] {processor.py:186} INFO - Started process (PID=9766) to work on /home/airflow/.local/lib/python3.12/site-packages/airflow/example_dags/example_sla_dag.py
[2025-03-16T17:31:57.241+0000] {processor.py:914} INFO - Processing file /home/airflow/.local/lib/python3.12/site-packages/airflow/example_dags/example_sla_dag.py for tasks to queue
[2025-03-16T17:31:57.244+0000] {logging_mixin.py:190} INFO - [2025-03-16T17:31:57.243+0000] {dagbag.py:588} INFO - Filling up the DagBag from /home/airflow/.local/lib/python3.12/site-packages/airflow/example_dags/example_sla_dag.py
[2025-03-16T17:31:57.249+0000] {processor.py:925} INFO - DAG(s) 'example_sla_dag' retrieved from /home/airflow/.local/lib/python3.12/site-packages/airflow/example_dags/example_sla_dag.py
[2025-03-16T17:31:57.263+0000] {logging_mixin.py:190} INFO - [2025-03-16T17:31:57.263+0000] {dag.py:3239} INFO - Sync 1 DAGs
[2025-03-16T17:31:57.275+0000] {logging_mixin.py:190} INFO - [2025-03-16T17:31:57.275+0000] {dag.py:4180} INFO - Setting next_dagrun for example_sla_dag to 2025-03-16 17:28:00+00:00, run_after=2025-03-16 17:30:00+00:00
[2025-03-16T17:31:57.289+0000] {processor.py:208} INFO - Processing /home/airflow/.local/lib/python3.12/site-packages/airflow/example_dags/example_sla_dag.py took 0.054 seconds
[2025-03-16T19:10:49.276+0000] {processor.py:186} INFO - Started process (PID=9832) to work on /home/airflow/.local/lib/python3.12/site-packages/airflow/example_dags/example_sla_dag.py
[2025-03-16T19:10:49.277+0000] {processor.py:914} INFO - Processing file /home/airflow/.local/lib/python3.12/site-packages/airflow/example_dags/example_sla_dag.py for tasks to queue
[2025-03-16T19:10:49.278+0000] {logging_mixin.py:190} INFO - [2025-03-16T19:10:49.278+0000] {dagbag.py:588} INFO - Filling up the DagBag from /home/airflow/.local/lib/python3.12/site-packages/airflow/example_dags/example_sla_dag.py
[2025-03-16T19:10:49.284+0000] {processor.py:925} INFO - DAG(s) 'example_sla_dag' retrieved from /home/airflow/.local/lib/python3.12/site-packages/airflow/example_dags/example_sla_dag.py
[2025-03-16T19:10:49.298+0000] {logging_mixin.py:190} INFO - [2025-03-16T19:10:49.298+0000] {dag.py:3239} INFO - Sync 1 DAGs
[2025-03-16T19:10:49.310+0000] {logging_mixin.py:190} INFO - [2025-03-16T19:10:49.310+0000] {dag.py:4180} INFO - Setting next_dagrun for example_sla_dag to 2025-03-16 19:08:00+00:00, run_after=2025-03-16 19:10:00+00:00
[2025-03-16T19:10:49.318+0000] {processor.py:208} INFO - Processing /home/airflow/.local/lib/python3.12/site-packages/airflow/example_dags/example_sla_dag.py took 0.045 seconds
[2025-03-16T20:34:17.742+0000] {processor.py:186} INFO - Started process (PID=9898) to work on /home/airflow/.local/lib/python3.12/site-packages/airflow/example_dags/example_sla_dag.py
[2025-03-16T20:34:17.743+0000] {processor.py:914} INFO - Processing file /home/airflow/.local/lib/python3.12/site-packages/airflow/example_dags/example_sla_dag.py for tasks to queue
[2025-03-16T20:34:17.744+0000] {logging_mixin.py:190} INFO - [2025-03-16T20:34:17.744+0000] {dagbag.py:588} INFO - Filling up the DagBag from /home/airflow/.local/lib/python3.12/site-packages/airflow/example_dags/example_sla_dag.py
[2025-03-16T20:34:17.750+0000] {processor.py:925} INFO - DAG(s) 'example_sla_dag' retrieved from /home/airflow/.local/lib/python3.12/site-packages/airflow/example_dags/example_sla_dag.py
[2025-03-16T20:34:17.762+0000] {logging_mixin.py:190} INFO - [2025-03-16T20:34:17.762+0000] {dag.py:3239} INFO - Sync 1 DAGs
[2025-03-16T20:34:17.777+0000] {logging_mixin.py:190} INFO - [2025-03-16T20:34:17.777+0000] {dag.py:4180} INFO - Setting next_dagrun for example_sla_dag to 2025-03-16 20:32:00+00:00, run_after=2025-03-16 20:34:00+00:00
[2025-03-16T20:34:17.792+0000] {processor.py:208} INFO - Processing /home/airflow/.local/lib/python3.12/site-packages/airflow/example_dags/example_sla_dag.py took 0.054 seconds
[2025-03-16T22:12:57.685+0000] {processor.py:186} INFO - Started process (PID=9963) to work on /home/airflow/.local/lib/python3.12/site-packages/airflow/example_dags/example_sla_dag.py
[2025-03-16T22:12:57.687+0000] {processor.py:914} INFO - Processing file /home/airflow/.local/lib/python3.12/site-packages/airflow/example_dags/example_sla_dag.py for tasks to queue
[2025-03-16T22:12:57.688+0000] {logging_mixin.py:190} INFO - [2025-03-16T22:12:57.688+0000] {dagbag.py:588} INFO - Filling up the DagBag from /home/airflow/.local/lib/python3.12/site-packages/airflow/example_dags/example_sla_dag.py
[2025-03-16T22:12:57.693+0000] {processor.py:925} INFO - DAG(s) 'example_sla_dag' retrieved from /home/airflow/.local/lib/python3.12/site-packages/airflow/example_dags/example_sla_dag.py
[2025-03-16T22:12:57.702+0000] {logging_mixin.py:190} INFO - [2025-03-16T22:12:57.702+0000] {dag.py:3239} INFO - Sync 1 DAGs
[2025-03-16T22:12:57.714+0000] {logging_mixin.py:190} INFO - [2025-03-16T22:12:57.714+0000] {dag.py:4180} INFO - Setting next_dagrun for example_sla_dag to 2025-03-16 22:10:00+00:00, run_after=2025-03-16 22:12:00+00:00
[2025-03-16T22:12:57.724+0000] {processor.py:208} INFO - Processing /home/airflow/.local/lib/python3.12/site-packages/airflow/example_dags/example_sla_dag.py took 0.042 seconds
[2025-03-16T23:22:37.921+0000] {processor.py:186} INFO - Started process (PID=10028) to work on /home/airflow/.local/lib/python3.12/site-packages/airflow/example_dags/example_sla_dag.py
[2025-03-16T23:22:37.921+0000] {processor.py:914} INFO - Processing file /home/airflow/.local/lib/python3.12/site-packages/airflow/example_dags/example_sla_dag.py for tasks to queue
[2025-03-16T23:22:37.923+0000] {logging_mixin.py:190} INFO - [2025-03-16T23:22:37.922+0000] {dagbag.py:588} INFO - Filling up the DagBag from /home/airflow/.local/lib/python3.12/site-packages/airflow/example_dags/example_sla_dag.py
[2025-03-16T23:22:37.928+0000] {processor.py:925} INFO - DAG(s) 'example_sla_dag' retrieved from /home/airflow/.local/lib/python3.12/site-packages/airflow/example_dags/example_sla_dag.py
[2025-03-16T23:22:37.938+0000] {logging_mixin.py:190} INFO - [2025-03-16T23:22:37.938+0000] {dag.py:3239} INFO - Sync 1 DAGs
[2025-03-16T23:22:37.949+0000] {logging_mixin.py:190} INFO - [2025-03-16T23:22:37.949+0000] {dag.py:4180} INFO - Setting next_dagrun for example_sla_dag to 2025-03-16 23:20:00+00:00, run_after=2025-03-16 23:22:00+00:00
[2025-03-16T23:22:37.959+0000] {processor.py:208} INFO - Processing /home/airflow/.local/lib/python3.12/site-packages/airflow/example_dags/example_sla_dag.py took 0.041 seconds
