[2025-03-16T01:29:03.504+0000] {processor.py:186} INFO - Started process (PID=8671) to work on /home/airflow/.local/lib/python3.12/site-packages/airflow/example_dags/example_xcom.py
[2025-03-16T01:29:03.504+0000] {processor.py:914} INFO - Processing file /home/airflow/.local/lib/python3.12/site-packages/airflow/example_dags/example_xcom.py for tasks to queue
[2025-03-16T01:29:03.508+0000] {logging_mixin.py:190} INFO - [2025-03-16T01:29:03.508+0000] {dagbag.py:588} INFO - Filling up the DagBag from /home/airflow/.local/lib/python3.12/site-packages/airflow/example_dags/example_xcom.py
[2025-03-16T01:29:03.514+0000] {processor.py:925} INFO - DAG(s) 'example_xcom' retrieved from /home/airflow/.local/lib/python3.12/site-packages/airflow/example_dags/example_xcom.py
[2025-03-16T01:29:03.525+0000] {logging_mixin.py:190} INFO - [2025-03-16T01:29:03.525+0000] {dag.py:3239} INFO - Sync 1 DAGs
[2025-03-16T01:29:03.536+0000] {logging_mixin.py:190} INFO - [2025-03-16T01:29:03.536+0000] {dag.py:4180} INFO - Setting next_dagrun for example_xcom to 2021-01-01 00:00:00+00:00, run_after=2021-01-01 00:00:00+00:00
[2025-03-16T01:29:03.548+0000] {processor.py:208} INFO - Processing /home/airflow/.local/lib/python3.12/site-packages/airflow/example_dags/example_xcom.py took 0.047 seconds
[2025-03-16T02:50:13.670+0000] {processor.py:186} INFO - Started process (PID=8738) to work on /home/airflow/.local/lib/python3.12/site-packages/airflow/example_dags/example_xcom.py
[2025-03-16T02:50:13.670+0000] {processor.py:914} INFO - Processing file /home/airflow/.local/lib/python3.12/site-packages/airflow/example_dags/example_xcom.py for tasks to queue
[2025-03-16T02:50:13.671+0000] {logging_mixin.py:190} INFO - [2025-03-16T02:50:13.671+0000] {dagbag.py:588} INFO - Filling up the DagBag from /home/airflow/.local/lib/python3.12/site-packages/airflow/example_dags/example_xcom.py
[2025-03-16T02:50:13.675+0000] {processor.py:925} INFO - DAG(s) 'example_xcom' retrieved from /home/airflow/.local/lib/python3.12/site-packages/airflow/example_dags/example_xcom.py
[2025-03-16T02:50:13.690+0000] {logging_mixin.py:190} INFO - [2025-03-16T02:50:13.690+0000] {dag.py:3239} INFO - Sync 1 DAGs
[2025-03-16T02:50:13.704+0000] {logging_mixin.py:190} INFO - [2025-03-16T02:50:13.704+0000] {dag.py:4180} INFO - Setting next_dagrun for example_xcom to 2021-01-01 00:00:00+00:00, run_after=2021-01-01 00:00:00+00:00
[2025-03-16T02:50:13.711+0000] {processor.py:208} INFO - Processing /home/airflow/.local/lib/python3.12/site-packages/airflow/example_dags/example_xcom.py took 0.044 seconds
[2025-03-16T04:04:20.700+0000] {processor.py:186} INFO - Started process (PID=8804) to work on /home/airflow/.local/lib/python3.12/site-packages/airflow/example_dags/example_xcom.py
[2025-03-16T04:04:20.701+0000] {processor.py:914} INFO - Processing file /home/airflow/.local/lib/python3.12/site-packages/airflow/example_dags/example_xcom.py for tasks to queue
[2025-03-16T04:04:20.702+0000] {logging_mixin.py:190} INFO - [2025-03-16T04:04:20.702+0000] {dagbag.py:588} INFO - Filling up the DagBag from /home/airflow/.local/lib/python3.12/site-packages/airflow/example_dags/example_xcom.py
[2025-03-16T04:04:20.710+0000] {processor.py:925} INFO - DAG(s) 'example_xcom' retrieved from /home/airflow/.local/lib/python3.12/site-packages/airflow/example_dags/example_xcom.py
[2025-03-16T04:04:20.726+0000] {logging_mixin.py:190} INFO - [2025-03-16T04:04:20.726+0000] {dag.py:3239} INFO - Sync 1 DAGs
[2025-03-16T04:04:20.740+0000] {logging_mixin.py:190} INFO - [2025-03-16T04:04:20.739+0000] {dag.py:4180} INFO - Setting next_dagrun for example_xcom to 2021-01-01 00:00:00+00:00, run_after=2021-01-01 00:00:00+00:00
[2025-03-16T04:04:20.754+0000] {processor.py:208} INFO - Processing /home/airflow/.local/lib/python3.12/site-packages/airflow/example_dags/example_xcom.py took 0.058 seconds
[2025-03-16T05:14:52.462+0000] {processor.py:186} INFO - Started process (PID=8869) to work on /home/airflow/.local/lib/python3.12/site-packages/airflow/example_dags/example_xcom.py
[2025-03-16T05:14:52.466+0000] {processor.py:914} INFO - Processing file /home/airflow/.local/lib/python3.12/site-packages/airflow/example_dags/example_xcom.py for tasks to queue
[2025-03-16T05:14:52.467+0000] {logging_mixin.py:190} INFO - [2025-03-16T05:14:52.467+0000] {dagbag.py:588} INFO - Filling up the DagBag from /home/airflow/.local/lib/python3.12/site-packages/airflow/example_dags/example_xcom.py
[2025-03-16T05:14:52.472+0000] {processor.py:925} INFO - DAG(s) 'example_xcom' retrieved from /home/airflow/.local/lib/python3.12/site-packages/airflow/example_dags/example_xcom.py
[2025-03-16T05:14:52.482+0000] {logging_mixin.py:190} INFO - [2025-03-16T05:14:52.482+0000] {dag.py:3239} INFO - Sync 1 DAGs
[2025-03-16T05:14:52.491+0000] {logging_mixin.py:190} INFO - [2025-03-16T05:14:52.491+0000] {dag.py:4180} INFO - Setting next_dagrun for example_xcom to 2021-01-01 00:00:00+00:00, run_after=2021-01-01 00:00:00+00:00
[2025-03-16T05:14:52.500+0000] {processor.py:208} INFO - Processing /home/airflow/.local/lib/python3.12/site-packages/airflow/example_dags/example_xcom.py took 0.041 seconds
[2025-03-16T06:06:44.916+0000] {processor.py:186} INFO - Started process (PID=8935) to work on /home/airflow/.local/lib/python3.12/site-packages/airflow/example_dags/example_xcom.py
[2025-03-16T06:06:44.917+0000] {processor.py:914} INFO - Processing file /home/airflow/.local/lib/python3.12/site-packages/airflow/example_dags/example_xcom.py for tasks to queue
[2025-03-16T06:06:44.918+0000] {logging_mixin.py:190} INFO - [2025-03-16T06:06:44.918+0000] {dagbag.py:588} INFO - Filling up the DagBag from /home/airflow/.local/lib/python3.12/site-packages/airflow/example_dags/example_xcom.py
[2025-03-16T06:06:44.923+0000] {processor.py:925} INFO - DAG(s) 'example_xcom' retrieved from /home/airflow/.local/lib/python3.12/site-packages/airflow/example_dags/example_xcom.py
[2025-03-16T06:06:44.934+0000] {logging_mixin.py:190} INFO - [2025-03-16T06:06:44.934+0000] {dag.py:3239} INFO - Sync 1 DAGs
[2025-03-16T06:06:44.945+0000] {logging_mixin.py:190} INFO - [2025-03-16T06:06:44.945+0000] {dag.py:4180} INFO - Setting next_dagrun for example_xcom to 2021-01-01 00:00:00+00:00, run_after=2021-01-01 00:00:00+00:00
[2025-03-16T06:06:44.955+0000] {processor.py:208} INFO - Processing /home/airflow/.local/lib/python3.12/site-packages/airflow/example_dags/example_xcom.py took 0.042 seconds
[2025-03-16T07:16:48.025+0000] {processor.py:186} INFO - Started process (PID=9001) to work on /home/airflow/.local/lib/python3.12/site-packages/airflow/example_dags/example_xcom.py
[2025-03-16T07:16:48.026+0000] {processor.py:914} INFO - Processing file /home/airflow/.local/lib/python3.12/site-packages/airflow/example_dags/example_xcom.py for tasks to queue
[2025-03-16T07:16:48.027+0000] {logging_mixin.py:190} INFO - [2025-03-16T07:16:48.027+0000] {dagbag.py:588} INFO - Filling up the DagBag from /home/airflow/.local/lib/python3.12/site-packages/airflow/example_dags/example_xcom.py
[2025-03-16T07:16:48.032+0000] {processor.py:925} INFO - DAG(s) 'example_xcom' retrieved from /home/airflow/.local/lib/python3.12/site-packages/airflow/example_dags/example_xcom.py
[2025-03-16T07:16:48.044+0000] {logging_mixin.py:190} INFO - [2025-03-16T07:16:48.044+0000] {dag.py:3239} INFO - Sync 1 DAGs
[2025-03-16T07:16:48.052+0000] {logging_mixin.py:190} INFO - [2025-03-16T07:16:48.052+0000] {dag.py:4180} INFO - Setting next_dagrun for example_xcom to 2021-01-01 00:00:00+00:00, run_after=2021-01-01 00:00:00+00:00
[2025-03-16T07:16:48.059+0000] {processor.py:208} INFO - Processing /home/airflow/.local/lib/python3.12/site-packages/airflow/example_dags/example_xcom.py took 0.037 seconds
[2025-03-16T08:08:40.325+0000] {processor.py:186} INFO - Started process (PID=9066) to work on /home/airflow/.local/lib/python3.12/site-packages/airflow/example_dags/example_xcom.py
[2025-03-16T08:08:40.325+0000] {processor.py:914} INFO - Processing file /home/airflow/.local/lib/python3.12/site-packages/airflow/example_dags/example_xcom.py for tasks to queue
[2025-03-16T08:08:40.326+0000] {logging_mixin.py:190} INFO - [2025-03-16T08:08:40.326+0000] {dagbag.py:588} INFO - Filling up the DagBag from /home/airflow/.local/lib/python3.12/site-packages/airflow/example_dags/example_xcom.py
[2025-03-16T08:08:40.331+0000] {processor.py:925} INFO - DAG(s) 'example_xcom' retrieved from /home/airflow/.local/lib/python3.12/site-packages/airflow/example_dags/example_xcom.py
[2025-03-16T08:08:40.341+0000] {logging_mixin.py:190} INFO - [2025-03-16T08:08:40.341+0000] {dag.py:3239} INFO - Sync 1 DAGs
[2025-03-16T08:08:40.352+0000] {logging_mixin.py:190} INFO - [2025-03-16T08:08:40.352+0000] {dag.py:4180} INFO - Setting next_dagrun for example_xcom to 2021-01-01 00:00:00+00:00, run_after=2021-01-01 00:00:00+00:00
[2025-03-16T08:08:40.363+0000] {processor.py:208} INFO - Processing /home/airflow/.local/lib/python3.12/site-packages/airflow/example_dags/example_xcom.py took 0.041 seconds
[2025-03-16T09:18:50.350+0000] {processor.py:186} INFO - Started process (PID=9131) to work on /home/airflow/.local/lib/python3.12/site-packages/airflow/example_dags/example_xcom.py
[2025-03-16T09:18:50.350+0000] {processor.py:914} INFO - Processing file /home/airflow/.local/lib/python3.12/site-packages/airflow/example_dags/example_xcom.py for tasks to queue
[2025-03-16T09:18:50.351+0000] {logging_mixin.py:190} INFO - [2025-03-16T09:18:50.351+0000] {dagbag.py:588} INFO - Filling up the DagBag from /home/airflow/.local/lib/python3.12/site-packages/airflow/example_dags/example_xcom.py
[2025-03-16T09:18:50.356+0000] {processor.py:925} INFO - DAG(s) 'example_xcom' retrieved from /home/airflow/.local/lib/python3.12/site-packages/airflow/example_dags/example_xcom.py
[2025-03-16T09:18:50.365+0000] {logging_mixin.py:190} INFO - [2025-03-16T09:18:50.365+0000] {dag.py:3239} INFO - Sync 1 DAGs
[2025-03-16T09:18:50.375+0000] {logging_mixin.py:190} INFO - [2025-03-16T09:18:50.375+0000] {dag.py:4180} INFO - Setting next_dagrun for example_xcom to 2021-01-01 00:00:00+00:00, run_after=2021-01-01 00:00:00+00:00
[2025-03-16T09:18:50.383+0000] {processor.py:208} INFO - Processing /home/airflow/.local/lib/python3.12/site-packages/airflow/example_dags/example_xcom.py took 0.035 seconds
[2025-03-16T10:37:09.350+0000] {processor.py:186} INFO - Started process (PID=9197) to work on /home/airflow/.local/lib/python3.12/site-packages/airflow/example_dags/example_xcom.py
[2025-03-16T10:37:09.351+0000] {processor.py:914} INFO - Processing file /home/airflow/.local/lib/python3.12/site-packages/airflow/example_dags/example_xcom.py for tasks to queue
[2025-03-16T10:37:09.352+0000] {logging_mixin.py:190} INFO - [2025-03-16T10:37:09.352+0000] {dagbag.py:588} INFO - Filling up the DagBag from /home/airflow/.local/lib/python3.12/site-packages/airflow/example_dags/example_xcom.py
[2025-03-16T10:37:09.357+0000] {processor.py:925} INFO - DAG(s) 'example_xcom' retrieved from /home/airflow/.local/lib/python3.12/site-packages/airflow/example_dags/example_xcom.py
[2025-03-16T10:37:09.365+0000] {logging_mixin.py:190} INFO - [2025-03-16T10:37:09.365+0000] {dag.py:3239} INFO - Sync 1 DAGs
[2025-03-16T10:37:09.374+0000] {logging_mixin.py:190} INFO - [2025-03-16T10:37:09.374+0000] {dag.py:4180} INFO - Setting next_dagrun for example_xcom to 2021-01-01 00:00:00+00:00, run_after=2021-01-01 00:00:00+00:00
[2025-03-16T10:37:09.382+0000] {processor.py:208} INFO - Processing /home/airflow/.local/lib/python3.12/site-packages/airflow/example_dags/example_xcom.py took 0.034 seconds
[2025-03-16T11:55:35.442+0000] {processor.py:186} INFO - Started process (PID=9263) to work on /home/airflow/.local/lib/python3.12/site-packages/airflow/example_dags/example_xcom.py
[2025-03-16T11:55:35.443+0000] {processor.py:914} INFO - Processing file /home/airflow/.local/lib/python3.12/site-packages/airflow/example_dags/example_xcom.py for tasks to queue
[2025-03-16T11:55:35.445+0000] {logging_mixin.py:190} INFO - [2025-03-16T11:55:35.445+0000] {dagbag.py:588} INFO - Filling up the DagBag from /home/airflow/.local/lib/python3.12/site-packages/airflow/example_dags/example_xcom.py
[2025-03-16T11:55:35.449+0000] {processor.py:925} INFO - DAG(s) 'example_xcom' retrieved from /home/airflow/.local/lib/python3.12/site-packages/airflow/example_dags/example_xcom.py
[2025-03-16T11:55:35.460+0000] {logging_mixin.py:190} INFO - [2025-03-16T11:55:35.460+0000] {dag.py:3239} INFO - Sync 1 DAGs
[2025-03-16T11:55:35.468+0000] {logging_mixin.py:190} INFO - [2025-03-16T11:55:35.468+0000] {dag.py:4180} INFO - Setting next_dagrun for example_xcom to 2021-01-01 00:00:00+00:00, run_after=2021-01-01 00:00:00+00:00
[2025-03-16T11:55:35.476+0000] {processor.py:208} INFO - Processing /home/airflow/.local/lib/python3.12/site-packages/airflow/example_dags/example_xcom.py took 0.037 seconds
[2025-03-16T13:22:47.151+0000] {processor.py:186} INFO - Started process (PID=9329) to work on /home/airflow/.local/lib/python3.12/site-packages/airflow/example_dags/example_xcom.py
[2025-03-16T13:22:47.152+0000] {processor.py:914} INFO - Processing file /home/airflow/.local/lib/python3.12/site-packages/airflow/example_dags/example_xcom.py for tasks to queue
[2025-03-16T13:22:47.153+0000] {logging_mixin.py:190} INFO - [2025-03-16T13:22:47.153+0000] {dagbag.py:588} INFO - Filling up the DagBag from /home/airflow/.local/lib/python3.12/site-packages/airflow/example_dags/example_xcom.py
[2025-03-16T13:22:47.157+0000] {processor.py:925} INFO - DAG(s) 'example_xcom' retrieved from /home/airflow/.local/lib/python3.12/site-packages/airflow/example_dags/example_xcom.py
[2025-03-16T13:22:47.167+0000] {logging_mixin.py:190} INFO - [2025-03-16T13:22:47.167+0000] {dag.py:3239} INFO - Sync 1 DAGs
[2025-03-16T13:22:47.180+0000] {logging_mixin.py:190} INFO - [2025-03-16T13:22:47.180+0000] {dag.py:4180} INFO - Setting next_dagrun for example_xcom to 2021-01-01 00:00:00+00:00, run_after=2021-01-01 00:00:00+00:00
[2025-03-16T13:22:47.188+0000] {processor.py:208} INFO - Processing /home/airflow/.local/lib/python3.12/site-packages/airflow/example_dags/example_xcom.py took 0.040 seconds
[2025-03-16T14:21:34.614+0000] {processor.py:186} INFO - Started process (PID=9395) to work on /home/airflow/.local/lib/python3.12/site-packages/airflow/example_dags/example_xcom.py
[2025-03-16T14:21:34.615+0000] {processor.py:914} INFO - Processing file /home/airflow/.local/lib/python3.12/site-packages/airflow/example_dags/example_xcom.py for tasks to queue
[2025-03-16T14:21:34.616+0000] {logging_mixin.py:190} INFO - [2025-03-16T14:21:34.616+0000] {dagbag.py:588} INFO - Filling up the DagBag from /home/airflow/.local/lib/python3.12/site-packages/airflow/example_dags/example_xcom.py
[2025-03-16T14:21:34.621+0000] {processor.py:925} INFO - DAG(s) 'example_xcom' retrieved from /home/airflow/.local/lib/python3.12/site-packages/airflow/example_dags/example_xcom.py
[2025-03-16T14:21:34.633+0000] {logging_mixin.py:190} INFO - [2025-03-16T14:21:34.633+0000] {dag.py:3239} INFO - Sync 1 DAGs
[2025-03-16T14:21:34.643+0000] {logging_mixin.py:190} INFO - [2025-03-16T14:21:34.643+0000] {dag.py:4180} INFO - Setting next_dagrun for example_xcom to 2021-01-01 00:00:00+00:00, run_after=2021-01-01 00:00:00+00:00
[2025-03-16T14:21:34.651+0000] {processor.py:208} INFO - Processing /home/airflow/.local/lib/python3.12/site-packages/airflow/example_dags/example_xcom.py took 0.040 seconds
[2025-03-16T15:24:54.521+0000] {processor.py:186} INFO - Started process (PID=9461) to work on /home/airflow/.local/lib/python3.12/site-packages/airflow/example_dags/example_xcom.py
[2025-03-16T15:24:54.522+0000] {processor.py:914} INFO - Processing file /home/airflow/.local/lib/python3.12/site-packages/airflow/example_dags/example_xcom.py for tasks to queue
[2025-03-16T15:24:54.523+0000] {logging_mixin.py:190} INFO - [2025-03-16T15:24:54.523+0000] {dagbag.py:588} INFO - Filling up the DagBag from /home/airflow/.local/lib/python3.12/site-packages/airflow/example_dags/example_xcom.py
[2025-03-16T15:24:54.527+0000] {processor.py:925} INFO - DAG(s) 'example_xcom' retrieved from /home/airflow/.local/lib/python3.12/site-packages/airflow/example_dags/example_xcom.py
[2025-03-16T15:24:54.536+0000] {logging_mixin.py:190} INFO - [2025-03-16T15:24:54.536+0000] {dag.py:3239} INFO - Sync 1 DAGs
[2025-03-16T15:24:54.546+0000] {logging_mixin.py:190} INFO - [2025-03-16T15:24:54.546+0000] {dag.py:4180} INFO - Setting next_dagrun for example_xcom to 2021-01-01 00:00:00+00:00, run_after=2021-01-01 00:00:00+00:00
[2025-03-16T15:24:54.555+0000] {processor.py:208} INFO - Processing /home/airflow/.local/lib/python3.12/site-packages/airflow/example_dags/example_xcom.py took 0.037 seconds
[2025-03-16T15:28:41.404+0000] {processor.py:186} INFO - Started process (PID=9526) to work on /home/airflow/.local/lib/python3.12/site-packages/airflow/example_dags/example_xcom.py
[2025-03-16T15:28:41.406+0000] {processor.py:914} INFO - Processing file /home/airflow/.local/lib/python3.12/site-packages/airflow/example_dags/example_xcom.py for tasks to queue
[2025-03-16T15:28:41.408+0000] {logging_mixin.py:190} INFO - [2025-03-16T15:28:41.408+0000] {dagbag.py:588} INFO - Filling up the DagBag from /home/airflow/.local/lib/python3.12/site-packages/airflow/example_dags/example_xcom.py
[2025-03-16T15:28:41.412+0000] {processor.py:925} INFO - DAG(s) 'example_xcom' retrieved from /home/airflow/.local/lib/python3.12/site-packages/airflow/example_dags/example_xcom.py
[2025-03-16T15:28:41.421+0000] {logging_mixin.py:190} INFO - [2025-03-16T15:28:41.421+0000] {dag.py:3239} INFO - Sync 1 DAGs
[2025-03-16T15:28:41.432+0000] {logging_mixin.py:190} INFO - [2025-03-16T15:28:41.432+0000] {dag.py:4180} INFO - Setting next_dagrun for example_xcom to 2021-01-01 00:00:00+00:00, run_after=2021-01-01 00:00:00+00:00
[2025-03-16T15:28:41.443+0000] {processor.py:208} INFO - Processing /home/airflow/.local/lib/python3.12/site-packages/airflow/example_dags/example_xcom.py took 0.042 seconds
[2025-03-16T15:47:18.247+0000] {processor.py:186} INFO - Started process (PID=9592) to work on /home/airflow/.local/lib/python3.12/site-packages/airflow/example_dags/example_xcom.py
[2025-03-16T15:47:18.248+0000] {processor.py:914} INFO - Processing file /home/airflow/.local/lib/python3.12/site-packages/airflow/example_dags/example_xcom.py for tasks to queue
[2025-03-16T15:47:18.249+0000] {logging_mixin.py:190} INFO - [2025-03-16T15:47:18.249+0000] {dagbag.py:588} INFO - Filling up the DagBag from /home/airflow/.local/lib/python3.12/site-packages/airflow/example_dags/example_xcom.py
[2025-03-16T15:47:18.255+0000] {processor.py:925} INFO - DAG(s) 'example_xcom' retrieved from /home/airflow/.local/lib/python3.12/site-packages/airflow/example_dags/example_xcom.py
[2025-03-16T15:47:18.265+0000] {logging_mixin.py:190} INFO - [2025-03-16T15:47:18.265+0000] {dag.py:3239} INFO - Sync 1 DAGs
[2025-03-16T15:47:18.275+0000] {logging_mixin.py:190} INFO - [2025-03-16T15:47:18.275+0000] {dag.py:4180} INFO - Setting next_dagrun for example_xcom to 2021-01-01 00:00:00+00:00, run_after=2021-01-01 00:00:00+00:00
[2025-03-16T15:47:18.285+0000] {processor.py:208} INFO - Processing /home/airflow/.local/lib/python3.12/site-packages/airflow/example_dags/example_xcom.py took 0.041 seconds
[2025-03-16T16:34:21.337+0000] {processor.py:186} INFO - Started process (PID=9658) to work on /home/airflow/.local/lib/python3.12/site-packages/airflow/example_dags/example_xcom.py
[2025-03-16T16:34:21.337+0000] {processor.py:914} INFO - Processing file /home/airflow/.local/lib/python3.12/site-packages/airflow/example_dags/example_xcom.py for tasks to queue
[2025-03-16T16:34:21.338+0000] {logging_mixin.py:190} INFO - [2025-03-16T16:34:21.338+0000] {dagbag.py:588} INFO - Filling up the DagBag from /home/airflow/.local/lib/python3.12/site-packages/airflow/example_dags/example_xcom.py
[2025-03-16T16:34:21.342+0000] {processor.py:925} INFO - DAG(s) 'example_xcom' retrieved from /home/airflow/.local/lib/python3.12/site-packages/airflow/example_dags/example_xcom.py
[2025-03-16T16:34:21.353+0000] {logging_mixin.py:190} INFO - [2025-03-16T16:34:21.353+0000] {dag.py:3239} INFO - Sync 1 DAGs
[2025-03-16T16:34:21.363+0000] {logging_mixin.py:190} INFO - [2025-03-16T16:34:21.363+0000] {dag.py:4180} INFO - Setting next_dagrun for example_xcom to 2021-01-01 00:00:00+00:00, run_after=2021-01-01 00:00:00+00:00
[2025-03-16T16:34:21.377+0000] {processor.py:208} INFO - Processing /home/airflow/.local/lib/python3.12/site-packages/airflow/example_dags/example_xcom.py took 0.043 seconds
[2025-03-16T17:31:54.820+0000] {processor.py:186} INFO - Started process (PID=9723) to work on /home/airflow/.local/lib/python3.12/site-packages/airflow/example_dags/example_xcom.py
[2025-03-16T17:31:54.820+0000] {processor.py:914} INFO - Processing file /home/airflow/.local/lib/python3.12/site-packages/airflow/example_dags/example_xcom.py for tasks to queue
[2025-03-16T17:31:54.822+0000] {logging_mixin.py:190} INFO - [2025-03-16T17:31:54.821+0000] {dagbag.py:588} INFO - Filling up the DagBag from /home/airflow/.local/lib/python3.12/site-packages/airflow/example_dags/example_xcom.py
[2025-03-16T17:31:54.827+0000] {processor.py:925} INFO - DAG(s) 'example_xcom' retrieved from /home/airflow/.local/lib/python3.12/site-packages/airflow/example_dags/example_xcom.py
[2025-03-16T17:31:54.837+0000] {logging_mixin.py:190} INFO - [2025-03-16T17:31:54.837+0000] {dag.py:3239} INFO - Sync 1 DAGs
[2025-03-16T17:31:54.847+0000] {logging_mixin.py:190} INFO - [2025-03-16T17:31:54.847+0000] {dag.py:4180} INFO - Setting next_dagrun for example_xcom to 2021-01-01 00:00:00+00:00, run_after=2021-01-01 00:00:00+00:00
[2025-03-16T17:31:54.856+0000] {processor.py:208} INFO - Processing /home/airflow/.local/lib/python3.12/site-packages/airflow/example_dags/example_xcom.py took 0.039 seconds
[2025-03-16T19:10:47.312+0000] {processor.py:186} INFO - Started process (PID=9789) to work on /home/airflow/.local/lib/python3.12/site-packages/airflow/example_dags/example_xcom.py
[2025-03-16T19:10:47.314+0000] {processor.py:914} INFO - Processing file /home/airflow/.local/lib/python3.12/site-packages/airflow/example_dags/example_xcom.py for tasks to queue
[2025-03-16T19:10:47.319+0000] {logging_mixin.py:190} INFO - [2025-03-16T19:10:47.319+0000] {dagbag.py:588} INFO - Filling up the DagBag from /home/airflow/.local/lib/python3.12/site-packages/airflow/example_dags/example_xcom.py
[2025-03-16T19:10:47.323+0000] {processor.py:925} INFO - DAG(s) 'example_xcom' retrieved from /home/airflow/.local/lib/python3.12/site-packages/airflow/example_dags/example_xcom.py
[2025-03-16T19:10:47.340+0000] {logging_mixin.py:190} INFO - [2025-03-16T19:10:47.340+0000] {dag.py:3239} INFO - Sync 1 DAGs
[2025-03-16T19:10:47.351+0000] {logging_mixin.py:190} INFO - [2025-03-16T19:10:47.350+0000] {dag.py:4180} INFO - Setting next_dagrun for example_xcom to 2021-01-01 00:00:00+00:00, run_after=2021-01-01 00:00:00+00:00
[2025-03-16T19:10:47.360+0000] {processor.py:208} INFO - Processing /home/airflow/.local/lib/python3.12/site-packages/airflow/example_dags/example_xcom.py took 0.052 seconds
[2025-03-16T20:34:15.627+0000] {processor.py:186} INFO - Started process (PID=9855) to work on /home/airflow/.local/lib/python3.12/site-packages/airflow/example_dags/example_xcom.py
[2025-03-16T20:34:15.629+0000] {processor.py:914} INFO - Processing file /home/airflow/.local/lib/python3.12/site-packages/airflow/example_dags/example_xcom.py for tasks to queue
[2025-03-16T20:34:15.631+0000] {logging_mixin.py:190} INFO - [2025-03-16T20:34:15.631+0000] {dagbag.py:588} INFO - Filling up the DagBag from /home/airflow/.local/lib/python3.12/site-packages/airflow/example_dags/example_xcom.py
[2025-03-16T20:34:15.639+0000] {processor.py:925} INFO - DAG(s) 'example_xcom' retrieved from /home/airflow/.local/lib/python3.12/site-packages/airflow/example_dags/example_xcom.py
[2025-03-16T20:34:15.653+0000] {logging_mixin.py:190} INFO - [2025-03-16T20:34:15.653+0000] {dag.py:3239} INFO - Sync 1 DAGs
[2025-03-16T20:34:15.663+0000] {logging_mixin.py:190} INFO - [2025-03-16T20:34:15.663+0000] {dag.py:4180} INFO - Setting next_dagrun for example_xcom to 2021-01-01 00:00:00+00:00, run_after=2021-01-01 00:00:00+00:00
[2025-03-16T20:34:15.676+0000] {processor.py:208} INFO - Processing /home/airflow/.local/lib/python3.12/site-packages/airflow/example_dags/example_xcom.py took 0.051 seconds
[2025-03-16T22:12:55.599+0000] {processor.py:186} INFO - Started process (PID=9920) to work on /home/airflow/.local/lib/python3.12/site-packages/airflow/example_dags/example_xcom.py
[2025-03-16T22:12:55.599+0000] {processor.py:914} INFO - Processing file /home/airflow/.local/lib/python3.12/site-packages/airflow/example_dags/example_xcom.py for tasks to queue
[2025-03-16T22:12:55.601+0000] {logging_mixin.py:190} INFO - [2025-03-16T22:12:55.600+0000] {dagbag.py:588} INFO - Filling up the DagBag from /home/airflow/.local/lib/python3.12/site-packages/airflow/example_dags/example_xcom.py
[2025-03-16T22:12:55.605+0000] {processor.py:925} INFO - DAG(s) 'example_xcom' retrieved from /home/airflow/.local/lib/python3.12/site-packages/airflow/example_dags/example_xcom.py
[2025-03-16T22:12:55.614+0000] {logging_mixin.py:190} INFO - [2025-03-16T22:12:55.614+0000] {dag.py:3239} INFO - Sync 1 DAGs
[2025-03-16T22:12:55.622+0000] {logging_mixin.py:190} INFO - [2025-03-16T22:12:55.622+0000] {dag.py:4180} INFO - Setting next_dagrun for example_xcom to 2021-01-01 00:00:00+00:00, run_after=2021-01-01 00:00:00+00:00
[2025-03-16T22:12:55.629+0000] {processor.py:208} INFO - Processing /home/airflow/.local/lib/python3.12/site-packages/airflow/example_dags/example_xcom.py took 0.032 seconds
[2025-03-16T23:22:35.715+0000] {processor.py:186} INFO - Started process (PID=9985) to work on /home/airflow/.local/lib/python3.12/site-packages/airflow/example_dags/example_xcom.py
[2025-03-16T23:22:35.716+0000] {processor.py:914} INFO - Processing file /home/airflow/.local/lib/python3.12/site-packages/airflow/example_dags/example_xcom.py for tasks to queue
[2025-03-16T23:22:35.718+0000] {logging_mixin.py:190} INFO - [2025-03-16T23:22:35.718+0000] {dagbag.py:588} INFO - Filling up the DagBag from /home/airflow/.local/lib/python3.12/site-packages/airflow/example_dags/example_xcom.py
[2025-03-16T23:22:35.723+0000] {processor.py:925} INFO - DAG(s) 'example_xcom' retrieved from /home/airflow/.local/lib/python3.12/site-packages/airflow/example_dags/example_xcom.py
[2025-03-16T23:22:35.735+0000] {logging_mixin.py:190} INFO - [2025-03-16T23:22:35.734+0000] {dag.py:3239} INFO - Sync 1 DAGs
[2025-03-16T23:22:35.743+0000] {logging_mixin.py:190} INFO - [2025-03-16T23:22:35.743+0000] {dag.py:4180} INFO - Setting next_dagrun for example_xcom to 2021-01-01 00:00:00+00:00, run_after=2021-01-01 00:00:00+00:00
[2025-03-16T23:22:35.750+0000] {processor.py:208} INFO - Processing /home/airflow/.local/lib/python3.12/site-packages/airflow/example_dags/example_xcom.py took 0.038 seconds
