[2025-03-16T01:29:04.482+0000] {processor.py:186} INFO - Started process (PID=8699) to work on /home/airflow/.local/lib/python3.12/site-packages/airflow/example_dags/example_inlet_event_extra.py
[2025-03-16T01:29:04.483+0000] {processor.py:914} INFO - Processing file /home/airflow/.local/lib/python3.12/site-packages/airflow/example_dags/example_inlet_event_extra.py for tasks to queue
[2025-03-16T01:29:04.484+0000] {logging_mixin.py:190} INFO - [2025-03-16T01:29:04.484+0000] {dagbag.py:588} INFO - Filling up the DagBag from /home/airflow/.local/lib/python3.12/site-packages/airflow/example_dags/example_inlet_event_extra.py
[2025-03-16T01:29:04.769+0000] {processor.py:925} INFO - DAG(s) 'read_dataset_event', 'read_dataset_event_from_classic' retrieved from /home/airflow/.local/lib/python3.12/site-packages/airflow/example_dags/example_inlet_event_extra.py
[2025-03-16T01:29:04.782+0000] {logging_mixin.py:190} INFO - [2025-03-16T01:29:04.781+0000] {dag.py:3239} INFO - Sync 2 DAGs
[2025-03-16T01:29:04.794+0000] {logging_mixin.py:190} INFO - [2025-03-16T01:29:04.794+0000] {dag.py:4180} INFO - Setting next_dagrun for read_dataset_event to 2025-03-15 00:00:00+00:00, run_after=2025-03-16 00:00:00+00:00
[2025-03-16T01:29:04.799+0000] {logging_mixin.py:190} INFO - [2025-03-16T01:29:04.798+0000] {dag.py:4180} INFO - Setting next_dagrun for read_dataset_event_from_classic to 2025-03-15 00:00:00+00:00, run_after=2025-03-16 00:00:00+00:00
[2025-03-16T01:29:04.808+0000] {processor.py:208} INFO - Processing /home/airflow/.local/lib/python3.12/site-packages/airflow/example_dags/example_inlet_event_extra.py took 0.328 seconds
[2025-03-16T02:50:14.933+0000] {processor.py:186} INFO - Started process (PID=8766) to work on /home/airflow/.local/lib/python3.12/site-packages/airflow/example_dags/example_inlet_event_extra.py
[2025-03-16T02:50:14.933+0000] {processor.py:914} INFO - Processing file /home/airflow/.local/lib/python3.12/site-packages/airflow/example_dags/example_inlet_event_extra.py for tasks to queue
[2025-03-16T02:50:14.935+0000] {logging_mixin.py:190} INFO - [2025-03-16T02:50:14.935+0000] {dagbag.py:588} INFO - Filling up the DagBag from /home/airflow/.local/lib/python3.12/site-packages/airflow/example_dags/example_inlet_event_extra.py
[2025-03-16T02:50:15.196+0000] {processor.py:925} INFO - DAG(s) 'read_dataset_event', 'read_dataset_event_from_classic' retrieved from /home/airflow/.local/lib/python3.12/site-packages/airflow/example_dags/example_inlet_event_extra.py
[2025-03-16T02:50:15.211+0000] {logging_mixin.py:190} INFO - [2025-03-16T02:50:15.211+0000] {dag.py:3239} INFO - Sync 2 DAGs
[2025-03-16T02:50:15.222+0000] {logging_mixin.py:190} INFO - [2025-03-16T02:50:15.222+0000] {dag.py:4180} INFO - Setting next_dagrun for read_dataset_event to 2025-03-15 00:00:00+00:00, run_after=2025-03-16 00:00:00+00:00
[2025-03-16T02:50:15.225+0000] {logging_mixin.py:190} INFO - [2025-03-16T02:50:15.225+0000] {dag.py:4180} INFO - Setting next_dagrun for read_dataset_event_from_classic to 2025-03-15 00:00:00+00:00, run_after=2025-03-16 00:00:00+00:00
[2025-03-16T02:50:15.234+0000] {processor.py:208} INFO - Processing /home/airflow/.local/lib/python3.12/site-packages/airflow/example_dags/example_inlet_event_extra.py took 0.304 seconds
[2025-03-16T04:04:22.141+0000] {processor.py:186} INFO - Started process (PID=8832) to work on /home/airflow/.local/lib/python3.12/site-packages/airflow/example_dags/example_inlet_event_extra.py
[2025-03-16T04:04:22.142+0000] {processor.py:914} INFO - Processing file /home/airflow/.local/lib/python3.12/site-packages/airflow/example_dags/example_inlet_event_extra.py for tasks to queue
[2025-03-16T04:04:22.143+0000] {logging_mixin.py:190} INFO - [2025-03-16T04:04:22.143+0000] {dagbag.py:588} INFO - Filling up the DagBag from /home/airflow/.local/lib/python3.12/site-packages/airflow/example_dags/example_inlet_event_extra.py
[2025-03-16T04:04:22.469+0000] {processor.py:925} INFO - DAG(s) 'read_dataset_event', 'read_dataset_event_from_classic' retrieved from /home/airflow/.local/lib/python3.12/site-packages/airflow/example_dags/example_inlet_event_extra.py
[2025-03-16T04:04:22.483+0000] {logging_mixin.py:190} INFO - [2025-03-16T04:04:22.482+0000] {dag.py:3239} INFO - Sync 2 DAGs
[2025-03-16T04:04:22.499+0000] {logging_mixin.py:190} INFO - [2025-03-16T04:04:22.499+0000] {dag.py:4180} INFO - Setting next_dagrun for read_dataset_event to 2025-03-15 00:00:00+00:00, run_after=2025-03-16 00:00:00+00:00
[2025-03-16T04:04:22.503+0000] {logging_mixin.py:190} INFO - [2025-03-16T04:04:22.503+0000] {dag.py:4180} INFO - Setting next_dagrun for read_dataset_event_from_classic to 2025-03-15 00:00:00+00:00, run_after=2025-03-16 00:00:00+00:00
[2025-03-16T04:04:22.512+0000] {processor.py:208} INFO - Processing /home/airflow/.local/lib/python3.12/site-packages/airflow/example_dags/example_inlet_event_extra.py took 0.374 seconds
[2025-03-16T05:14:53.673+0000] {processor.py:186} INFO - Started process (PID=8897) to work on /home/airflow/.local/lib/python3.12/site-packages/airflow/example_dags/example_inlet_event_extra.py
[2025-03-16T05:14:53.675+0000] {processor.py:914} INFO - Processing file /home/airflow/.local/lib/python3.12/site-packages/airflow/example_dags/example_inlet_event_extra.py for tasks to queue
[2025-03-16T05:14:53.676+0000] {logging_mixin.py:190} INFO - [2025-03-16T05:14:53.676+0000] {dagbag.py:588} INFO - Filling up the DagBag from /home/airflow/.local/lib/python3.12/site-packages/airflow/example_dags/example_inlet_event_extra.py
[2025-03-16T05:14:54.000+0000] {processor.py:925} INFO - DAG(s) 'read_dataset_event', 'read_dataset_event_from_classic' retrieved from /home/airflow/.local/lib/python3.12/site-packages/airflow/example_dags/example_inlet_event_extra.py
[2025-03-16T05:14:54.013+0000] {logging_mixin.py:190} INFO - [2025-03-16T05:14:54.013+0000] {dag.py:3239} INFO - Sync 2 DAGs
[2025-03-16T05:14:54.025+0000] {logging_mixin.py:190} INFO - [2025-03-16T05:14:54.025+0000] {dag.py:4180} INFO - Setting next_dagrun for read_dataset_event to 2025-03-15 00:00:00+00:00, run_after=2025-03-16 00:00:00+00:00
[2025-03-16T05:14:54.028+0000] {logging_mixin.py:190} INFO - [2025-03-16T05:14:54.028+0000] {dag.py:4180} INFO - Setting next_dagrun for read_dataset_event_from_classic to 2025-03-15 00:00:00+00:00, run_after=2025-03-16 00:00:00+00:00
[2025-03-16T05:14:54.039+0000] {processor.py:208} INFO - Processing /home/airflow/.local/lib/python3.12/site-packages/airflow/example_dags/example_inlet_event_extra.py took 0.369 seconds
[2025-03-16T06:06:45.906+0000] {processor.py:186} INFO - Started process (PID=8963) to work on /home/airflow/.local/lib/python3.12/site-packages/airflow/example_dags/example_inlet_event_extra.py
[2025-03-16T06:06:45.907+0000] {processor.py:914} INFO - Processing file /home/airflow/.local/lib/python3.12/site-packages/airflow/example_dags/example_inlet_event_extra.py for tasks to queue
[2025-03-16T06:06:45.909+0000] {logging_mixin.py:190} INFO - [2025-03-16T06:06:45.909+0000] {dagbag.py:588} INFO - Filling up the DagBag from /home/airflow/.local/lib/python3.12/site-packages/airflow/example_dags/example_inlet_event_extra.py
[2025-03-16T06:06:46.185+0000] {processor.py:925} INFO - DAG(s) 'read_dataset_event_from_classic', 'read_dataset_event' retrieved from /home/airflow/.local/lib/python3.12/site-packages/airflow/example_dags/example_inlet_event_extra.py
[2025-03-16T06:06:46.196+0000] {logging_mixin.py:190} INFO - [2025-03-16T06:06:46.195+0000] {dag.py:3239} INFO - Sync 2 DAGs
[2025-03-16T06:06:46.208+0000] {logging_mixin.py:190} INFO - [2025-03-16T06:06:46.208+0000] {dag.py:4180} INFO - Setting next_dagrun for read_dataset_event to 2025-03-15 00:00:00+00:00, run_after=2025-03-16 00:00:00+00:00
[2025-03-16T06:06:46.211+0000] {logging_mixin.py:190} INFO - [2025-03-16T06:06:46.211+0000] {dag.py:4180} INFO - Setting next_dagrun for read_dataset_event_from_classic to 2025-03-15 00:00:00+00:00, run_after=2025-03-16 00:00:00+00:00
[2025-03-16T06:06:46.220+0000] {processor.py:208} INFO - Processing /home/airflow/.local/lib/python3.12/site-packages/airflow/example_dags/example_inlet_event_extra.py took 0.317 seconds
[2025-03-16T07:16:48.926+0000] {processor.py:186} INFO - Started process (PID=9029) to work on /home/airflow/.local/lib/python3.12/site-packages/airflow/example_dags/example_inlet_event_extra.py
[2025-03-16T07:16:48.926+0000] {processor.py:914} INFO - Processing file /home/airflow/.local/lib/python3.12/site-packages/airflow/example_dags/example_inlet_event_extra.py for tasks to queue
[2025-03-16T07:16:48.928+0000] {logging_mixin.py:190} INFO - [2025-03-16T07:16:48.927+0000] {dagbag.py:588} INFO - Filling up the DagBag from /home/airflow/.local/lib/python3.12/site-packages/airflow/example_dags/example_inlet_event_extra.py
[2025-03-16T07:16:49.180+0000] {processor.py:925} INFO - DAG(s) 'read_dataset_event', 'read_dataset_event_from_classic' retrieved from /home/airflow/.local/lib/python3.12/site-packages/airflow/example_dags/example_inlet_event_extra.py
[2025-03-16T07:16:49.189+0000] {logging_mixin.py:190} INFO - [2025-03-16T07:16:49.188+0000] {dag.py:3239} INFO - Sync 2 DAGs
[2025-03-16T07:16:49.202+0000] {logging_mixin.py:190} INFO - [2025-03-16T07:16:49.202+0000] {dag.py:4180} INFO - Setting next_dagrun for read_dataset_event to 2025-03-15 00:00:00+00:00, run_after=2025-03-16 00:00:00+00:00
[2025-03-16T07:16:49.206+0000] {logging_mixin.py:190} INFO - [2025-03-16T07:16:49.206+0000] {dag.py:4180} INFO - Setting next_dagrun for read_dataset_event_from_classic to 2025-03-15 00:00:00+00:00, run_after=2025-03-16 00:00:00+00:00
[2025-03-16T07:16:49.216+0000] {processor.py:208} INFO - Processing /home/airflow/.local/lib/python3.12/site-packages/airflow/example_dags/example_inlet_event_extra.py took 0.294 seconds
[2025-03-16T08:08:41.358+0000] {processor.py:186} INFO - Started process (PID=9094) to work on /home/airflow/.local/lib/python3.12/site-packages/airflow/example_dags/example_inlet_event_extra.py
[2025-03-16T08:08:41.359+0000] {processor.py:914} INFO - Processing file /home/airflow/.local/lib/python3.12/site-packages/airflow/example_dags/example_inlet_event_extra.py for tasks to queue
[2025-03-16T08:08:41.361+0000] {logging_mixin.py:190} INFO - [2025-03-16T08:08:41.361+0000] {dagbag.py:588} INFO - Filling up the DagBag from /home/airflow/.local/lib/python3.12/site-packages/airflow/example_dags/example_inlet_event_extra.py
[2025-03-16T08:08:41.611+0000] {processor.py:925} INFO - DAG(s) 'read_dataset_event_from_classic', 'read_dataset_event' retrieved from /home/airflow/.local/lib/python3.12/site-packages/airflow/example_dags/example_inlet_event_extra.py
[2025-03-16T08:08:41.619+0000] {logging_mixin.py:190} INFO - [2025-03-16T08:08:41.619+0000] {dag.py:3239} INFO - Sync 2 DAGs
[2025-03-16T08:08:41.629+0000] {logging_mixin.py:190} INFO - [2025-03-16T08:08:41.629+0000] {dag.py:4180} INFO - Setting next_dagrun for read_dataset_event to 2025-03-15 00:00:00+00:00, run_after=2025-03-16 00:00:00+00:00
[2025-03-16T08:08:41.631+0000] {logging_mixin.py:190} INFO - [2025-03-16T08:08:41.631+0000] {dag.py:4180} INFO - Setting next_dagrun for read_dataset_event_from_classic to 2025-03-15 00:00:00+00:00, run_after=2025-03-16 00:00:00+00:00
[2025-03-16T08:08:41.638+0000] {processor.py:208} INFO - Processing /home/airflow/.local/lib/python3.12/site-packages/airflow/example_dags/example_inlet_event_extra.py took 0.283 seconds
[2025-03-16T09:18:51.403+0000] {processor.py:186} INFO - Started process (PID=9159) to work on /home/airflow/.local/lib/python3.12/site-packages/airflow/example_dags/example_inlet_event_extra.py
[2025-03-16T09:18:51.404+0000] {processor.py:914} INFO - Processing file /home/airflow/.local/lib/python3.12/site-packages/airflow/example_dags/example_inlet_event_extra.py for tasks to queue
[2025-03-16T09:18:51.405+0000] {logging_mixin.py:190} INFO - [2025-03-16T09:18:51.405+0000] {dagbag.py:588} INFO - Filling up the DagBag from /home/airflow/.local/lib/python3.12/site-packages/airflow/example_dags/example_inlet_event_extra.py
[2025-03-16T09:18:51.648+0000] {processor.py:925} INFO - DAG(s) 'read_dataset_event', 'read_dataset_event_from_classic' retrieved from /home/airflow/.local/lib/python3.12/site-packages/airflow/example_dags/example_inlet_event_extra.py
[2025-03-16T09:18:51.660+0000] {logging_mixin.py:190} INFO - [2025-03-16T09:18:51.660+0000] {dag.py:3239} INFO - Sync 2 DAGs
[2025-03-16T09:18:51.669+0000] {logging_mixin.py:190} INFO - [2025-03-16T09:18:51.669+0000] {dag.py:4180} INFO - Setting next_dagrun for read_dataset_event to 2025-03-15 00:00:00+00:00, run_after=2025-03-16 00:00:00+00:00
[2025-03-16T09:18:51.671+0000] {logging_mixin.py:190} INFO - [2025-03-16T09:18:51.671+0000] {dag.py:4180} INFO - Setting next_dagrun for read_dataset_event_from_classic to 2025-03-15 00:00:00+00:00, run_after=2025-03-16 00:00:00+00:00
[2025-03-16T09:18:51.680+0000] {processor.py:208} INFO - Processing /home/airflow/.local/lib/python3.12/site-packages/airflow/example_dags/example_inlet_event_extra.py took 0.280 seconds
[2025-03-16T10:37:10.322+0000] {processor.py:186} INFO - Started process (PID=9225) to work on /home/airflow/.local/lib/python3.12/site-packages/airflow/example_dags/example_inlet_event_extra.py
[2025-03-16T10:37:10.322+0000] {processor.py:914} INFO - Processing file /home/airflow/.local/lib/python3.12/site-packages/airflow/example_dags/example_inlet_event_extra.py for tasks to queue
[2025-03-16T10:37:10.323+0000] {logging_mixin.py:190} INFO - [2025-03-16T10:37:10.323+0000] {dagbag.py:588} INFO - Filling up the DagBag from /home/airflow/.local/lib/python3.12/site-packages/airflow/example_dags/example_inlet_event_extra.py
[2025-03-16T10:37:10.575+0000] {processor.py:925} INFO - DAG(s) 'read_dataset_event', 'read_dataset_event_from_classic' retrieved from /home/airflow/.local/lib/python3.12/site-packages/airflow/example_dags/example_inlet_event_extra.py
[2025-03-16T10:37:10.583+0000] {logging_mixin.py:190} INFO - [2025-03-16T10:37:10.583+0000] {dag.py:3239} INFO - Sync 2 DAGs
[2025-03-16T10:37:10.591+0000] {logging_mixin.py:190} INFO - [2025-03-16T10:37:10.591+0000] {dag.py:4180} INFO - Setting next_dagrun for read_dataset_event to 2025-03-15 00:00:00+00:00, run_after=2025-03-16 00:00:00+00:00
[2025-03-16T10:37:10.595+0000] {logging_mixin.py:190} INFO - [2025-03-16T10:37:10.595+0000] {dag.py:4180} INFO - Setting next_dagrun for read_dataset_event_from_classic to 2025-03-15 00:00:00+00:00, run_after=2025-03-16 00:00:00+00:00
[2025-03-16T10:37:10.604+0000] {processor.py:208} INFO - Processing /home/airflow/.local/lib/python3.12/site-packages/airflow/example_dags/example_inlet_event_extra.py took 0.286 seconds
[2025-03-16T11:55:36.585+0000] {processor.py:186} INFO - Started process (PID=9291) to work on /home/airflow/.local/lib/python3.12/site-packages/airflow/example_dags/example_inlet_event_extra.py
[2025-03-16T11:55:36.586+0000] {processor.py:914} INFO - Processing file /home/airflow/.local/lib/python3.12/site-packages/airflow/example_dags/example_inlet_event_extra.py for tasks to queue
[2025-03-16T11:55:36.587+0000] {logging_mixin.py:190} INFO - [2025-03-16T11:55:36.587+0000] {dagbag.py:588} INFO - Filling up the DagBag from /home/airflow/.local/lib/python3.12/site-packages/airflow/example_dags/example_inlet_event_extra.py
[2025-03-16T11:55:36.854+0000] {processor.py:925} INFO - DAG(s) 'read_dataset_event_from_classic', 'read_dataset_event' retrieved from /home/airflow/.local/lib/python3.12/site-packages/airflow/example_dags/example_inlet_event_extra.py
[2025-03-16T11:55:36.867+0000] {logging_mixin.py:190} INFO - [2025-03-16T11:55:36.867+0000] {dag.py:3239} INFO - Sync 2 DAGs
[2025-03-16T11:55:36.881+0000] {logging_mixin.py:190} INFO - [2025-03-16T11:55:36.881+0000] {dag.py:4180} INFO - Setting next_dagrun for read_dataset_event to 2025-03-15 00:00:00+00:00, run_after=2025-03-16 00:00:00+00:00
[2025-03-16T11:55:36.886+0000] {logging_mixin.py:190} INFO - [2025-03-16T11:55:36.886+0000] {dag.py:4180} INFO - Setting next_dagrun for read_dataset_event_from_classic to 2025-03-15 00:00:00+00:00, run_after=2025-03-16 00:00:00+00:00
[2025-03-16T11:55:36.894+0000] {processor.py:208} INFO - Processing /home/airflow/.local/lib/python3.12/site-packages/airflow/example_dags/example_inlet_event_extra.py took 0.312 seconds
[2025-03-16T13:22:48.057+0000] {processor.py:186} INFO - Started process (PID=9357) to work on /home/airflow/.local/lib/python3.12/site-packages/airflow/example_dags/example_inlet_event_extra.py
[2025-03-16T13:22:48.057+0000] {processor.py:914} INFO - Processing file /home/airflow/.local/lib/python3.12/site-packages/airflow/example_dags/example_inlet_event_extra.py for tasks to queue
[2025-03-16T13:22:48.059+0000] {logging_mixin.py:190} INFO - [2025-03-16T13:22:48.059+0000] {dagbag.py:588} INFO - Filling up the DagBag from /home/airflow/.local/lib/python3.12/site-packages/airflow/example_dags/example_inlet_event_extra.py
[2025-03-16T13:22:48.345+0000] {processor.py:925} INFO - DAG(s) 'read_dataset_event_from_classic', 'read_dataset_event' retrieved from /home/airflow/.local/lib/python3.12/site-packages/airflow/example_dags/example_inlet_event_extra.py
[2025-03-16T13:22:48.358+0000] {logging_mixin.py:190} INFO - [2025-03-16T13:22:48.358+0000] {dag.py:3239} INFO - Sync 2 DAGs
[2025-03-16T13:22:48.370+0000] {logging_mixin.py:190} INFO - [2025-03-16T13:22:48.370+0000] {dag.py:4180} INFO - Setting next_dagrun for read_dataset_event to 2025-03-15 00:00:00+00:00, run_after=2025-03-16 00:00:00+00:00
[2025-03-16T13:22:48.372+0000] {logging_mixin.py:190} INFO - [2025-03-16T13:22:48.372+0000] {dag.py:4180} INFO - Setting next_dagrun for read_dataset_event_from_classic to 2025-03-15 00:00:00+00:00, run_after=2025-03-16 00:00:00+00:00
[2025-03-16T13:22:48.379+0000] {processor.py:208} INFO - Processing /home/airflow/.local/lib/python3.12/site-packages/airflow/example_dags/example_inlet_event_extra.py took 0.326 seconds
[2025-03-16T14:21:35.571+0000] {processor.py:186} INFO - Started process (PID=9423) to work on /home/airflow/.local/lib/python3.12/site-packages/airflow/example_dags/example_inlet_event_extra.py
[2025-03-16T14:21:35.571+0000] {processor.py:914} INFO - Processing file /home/airflow/.local/lib/python3.12/site-packages/airflow/example_dags/example_inlet_event_extra.py for tasks to queue
[2025-03-16T14:21:35.573+0000] {logging_mixin.py:190} INFO - [2025-03-16T14:21:35.573+0000] {dagbag.py:588} INFO - Filling up the DagBag from /home/airflow/.local/lib/python3.12/site-packages/airflow/example_dags/example_inlet_event_extra.py
[2025-03-16T14:21:35.822+0000] {processor.py:925} INFO - DAG(s) 'read_dataset_event_from_classic', 'read_dataset_event' retrieved from /home/airflow/.local/lib/python3.12/site-packages/airflow/example_dags/example_inlet_event_extra.py
[2025-03-16T14:21:35.834+0000] {logging_mixin.py:190} INFO - [2025-03-16T14:21:35.834+0000] {dag.py:3239} INFO - Sync 2 DAGs
[2025-03-16T14:21:35.844+0000] {logging_mixin.py:190} INFO - [2025-03-16T14:21:35.844+0000] {dag.py:4180} INFO - Setting next_dagrun for read_dataset_event to 2025-03-15 00:00:00+00:00, run_after=2025-03-16 00:00:00+00:00
[2025-03-16T14:21:35.847+0000] {logging_mixin.py:190} INFO - [2025-03-16T14:21:35.847+0000] {dag.py:4180} INFO - Setting next_dagrun for read_dataset_event_from_classic to 2025-03-15 00:00:00+00:00, run_after=2025-03-16 00:00:00+00:00
[2025-03-16T14:21:35.857+0000] {processor.py:208} INFO - Processing /home/airflow/.local/lib/python3.12/site-packages/airflow/example_dags/example_inlet_event_extra.py took 0.289 seconds
[2025-03-16T15:24:55.669+0000] {processor.py:186} INFO - Started process (PID=9489) to work on /home/airflow/.local/lib/python3.12/site-packages/airflow/example_dags/example_inlet_event_extra.py
[2025-03-16T15:24:55.669+0000] {processor.py:914} INFO - Processing file /home/airflow/.local/lib/python3.12/site-packages/airflow/example_dags/example_inlet_event_extra.py for tasks to queue
[2025-03-16T15:24:55.671+0000] {logging_mixin.py:190} INFO - [2025-03-16T15:24:55.670+0000] {dagbag.py:588} INFO - Filling up the DagBag from /home/airflow/.local/lib/python3.12/site-packages/airflow/example_dags/example_inlet_event_extra.py
[2025-03-16T15:24:55.951+0000] {processor.py:925} INFO - DAG(s) 'read_dataset_event_from_classic', 'read_dataset_event' retrieved from /home/airflow/.local/lib/python3.12/site-packages/airflow/example_dags/example_inlet_event_extra.py
[2025-03-16T15:24:55.964+0000] {logging_mixin.py:190} INFO - [2025-03-16T15:24:55.964+0000] {dag.py:3239} INFO - Sync 2 DAGs
[2025-03-16T15:24:55.975+0000] {logging_mixin.py:190} INFO - [2025-03-16T15:24:55.975+0000] {dag.py:4180} INFO - Setting next_dagrun for read_dataset_event to 2025-03-15 00:00:00+00:00, run_after=2025-03-16 00:00:00+00:00
[2025-03-16T15:24:55.977+0000] {logging_mixin.py:190} INFO - [2025-03-16T15:24:55.977+0000] {dag.py:4180} INFO - Setting next_dagrun for read_dataset_event_from_classic to 2025-03-15 00:00:00+00:00, run_after=2025-03-16 00:00:00+00:00
[2025-03-16T15:24:55.986+0000] {processor.py:208} INFO - Processing /home/airflow/.local/lib/python3.12/site-packages/airflow/example_dags/example_inlet_event_extra.py took 0.320 seconds
[2025-03-16T15:28:42.557+0000] {processor.py:186} INFO - Started process (PID=9554) to work on /home/airflow/.local/lib/python3.12/site-packages/airflow/example_dags/example_inlet_event_extra.py
[2025-03-16T15:28:42.558+0000] {processor.py:914} INFO - Processing file /home/airflow/.local/lib/python3.12/site-packages/airflow/example_dags/example_inlet_event_extra.py for tasks to queue
[2025-03-16T15:28:42.560+0000] {logging_mixin.py:190} INFO - [2025-03-16T15:28:42.560+0000] {dagbag.py:588} INFO - Filling up the DagBag from /home/airflow/.local/lib/python3.12/site-packages/airflow/example_dags/example_inlet_event_extra.py
[2025-03-16T15:28:42.833+0000] {processor.py:925} INFO - DAG(s) 'read_dataset_event_from_classic', 'read_dataset_event' retrieved from /home/airflow/.local/lib/python3.12/site-packages/airflow/example_dags/example_inlet_event_extra.py
[2025-03-16T15:28:42.848+0000] {logging_mixin.py:190} INFO - [2025-03-16T15:28:42.848+0000] {dag.py:3239} INFO - Sync 2 DAGs
[2025-03-16T15:28:42.862+0000] {logging_mixin.py:190} INFO - [2025-03-16T15:28:42.862+0000] {dag.py:4180} INFO - Setting next_dagrun for read_dataset_event to 2025-03-15 00:00:00+00:00, run_after=2025-03-16 00:00:00+00:00
[2025-03-16T15:28:42.864+0000] {logging_mixin.py:190} INFO - [2025-03-16T15:28:42.864+0000] {dag.py:4180} INFO - Setting next_dagrun for read_dataset_event_from_classic to 2025-03-15 00:00:00+00:00, run_after=2025-03-16 00:00:00+00:00
[2025-03-16T15:28:42.871+0000] {processor.py:208} INFO - Processing /home/airflow/.local/lib/python3.12/site-packages/airflow/example_dags/example_inlet_event_extra.py took 0.316 seconds
[2025-03-16T15:47:19.159+0000] {processor.py:186} INFO - Started process (PID=9620) to work on /home/airflow/.local/lib/python3.12/site-packages/airflow/example_dags/example_inlet_event_extra.py
[2025-03-16T15:47:19.159+0000] {processor.py:914} INFO - Processing file /home/airflow/.local/lib/python3.12/site-packages/airflow/example_dags/example_inlet_event_extra.py for tasks to queue
[2025-03-16T15:47:19.161+0000] {logging_mixin.py:190} INFO - [2025-03-16T15:47:19.161+0000] {dagbag.py:588} INFO - Filling up the DagBag from /home/airflow/.local/lib/python3.12/site-packages/airflow/example_dags/example_inlet_event_extra.py
[2025-03-16T15:47:19.458+0000] {processor.py:925} INFO - DAG(s) 'read_dataset_event', 'read_dataset_event_from_classic' retrieved from /home/airflow/.local/lib/python3.12/site-packages/airflow/example_dags/example_inlet_event_extra.py
[2025-03-16T15:47:19.477+0000] {logging_mixin.py:190} INFO - [2025-03-16T15:47:19.477+0000] {dag.py:3239} INFO - Sync 2 DAGs
[2025-03-16T15:47:19.491+0000] {logging_mixin.py:190} INFO - [2025-03-16T15:47:19.491+0000] {dag.py:4180} INFO - Setting next_dagrun for read_dataset_event to 2025-03-15 00:00:00+00:00, run_after=2025-03-16 00:00:00+00:00
[2025-03-16T15:47:19.493+0000] {logging_mixin.py:190} INFO - [2025-03-16T15:47:19.493+0000] {dag.py:4180} INFO - Setting next_dagrun for read_dataset_event_from_classic to 2025-03-15 00:00:00+00:00, run_after=2025-03-16 00:00:00+00:00
[2025-03-16T15:47:19.500+0000] {processor.py:208} INFO - Processing /home/airflow/.local/lib/python3.12/site-packages/airflow/example_dags/example_inlet_event_extra.py took 0.345 seconds
[2025-03-16T16:34:22.692+0000] {processor.py:186} INFO - Started process (PID=9686) to work on /home/airflow/.local/lib/python3.12/site-packages/airflow/example_dags/example_inlet_event_extra.py
[2025-03-16T16:34:22.693+0000] {processor.py:914} INFO - Processing file /home/airflow/.local/lib/python3.12/site-packages/airflow/example_dags/example_inlet_event_extra.py for tasks to queue
[2025-03-16T16:34:22.695+0000] {logging_mixin.py:190} INFO - [2025-03-16T16:34:22.695+0000] {dagbag.py:588} INFO - Filling up the DagBag from /home/airflow/.local/lib/python3.12/site-packages/airflow/example_dags/example_inlet_event_extra.py
[2025-03-16T16:34:22.949+0000] {processor.py:925} INFO - DAG(s) 'read_dataset_event_from_classic', 'read_dataset_event' retrieved from /home/airflow/.local/lib/python3.12/site-packages/airflow/example_dags/example_inlet_event_extra.py
[2025-03-16T16:34:22.961+0000] {logging_mixin.py:190} INFO - [2025-03-16T16:34:22.961+0000] {dag.py:3239} INFO - Sync 2 DAGs
[2025-03-16T16:34:22.972+0000] {logging_mixin.py:190} INFO - [2025-03-16T16:34:22.972+0000] {dag.py:4180} INFO - Setting next_dagrun for read_dataset_event to 2025-03-15 00:00:00+00:00, run_after=2025-03-16 00:00:00+00:00
[2025-03-16T16:34:22.974+0000] {logging_mixin.py:190} INFO - [2025-03-16T16:34:22.974+0000] {dag.py:4180} INFO - Setting next_dagrun for read_dataset_event_from_classic to 2025-03-15 00:00:00+00:00, run_after=2025-03-16 00:00:00+00:00
[2025-03-16T16:34:22.980+0000] {processor.py:208} INFO - Processing /home/airflow/.local/lib/python3.12/site-packages/airflow/example_dags/example_inlet_event_extra.py took 0.291 seconds
[2025-03-16T17:31:55.964+0000] {processor.py:186} INFO - Started process (PID=9751) to work on /home/airflow/.local/lib/python3.12/site-packages/airflow/example_dags/example_inlet_event_extra.py
[2025-03-16T17:31:55.965+0000] {processor.py:914} INFO - Processing file /home/airflow/.local/lib/python3.12/site-packages/airflow/example_dags/example_inlet_event_extra.py for tasks to queue
[2025-03-16T17:31:55.966+0000] {logging_mixin.py:190} INFO - [2025-03-16T17:31:55.966+0000] {dagbag.py:588} INFO - Filling up the DagBag from /home/airflow/.local/lib/python3.12/site-packages/airflow/example_dags/example_inlet_event_extra.py
[2025-03-16T17:31:56.415+0000] {processor.py:925} INFO - DAG(s) 'read_dataset_event_from_classic', 'read_dataset_event' retrieved from /home/airflow/.local/lib/python3.12/site-packages/airflow/example_dags/example_inlet_event_extra.py
[2025-03-16T17:31:56.430+0000] {logging_mixin.py:190} INFO - [2025-03-16T17:31:56.430+0000] {dag.py:3239} INFO - Sync 2 DAGs
[2025-03-16T17:31:56.443+0000] {logging_mixin.py:190} INFO - [2025-03-16T17:31:56.443+0000] {dag.py:4180} INFO - Setting next_dagrun for read_dataset_event to 2025-03-15 00:00:00+00:00, run_after=2025-03-16 00:00:00+00:00
[2025-03-16T17:31:56.445+0000] {logging_mixin.py:190} INFO - [2025-03-16T17:31:56.445+0000] {dag.py:4180} INFO - Setting next_dagrun for read_dataset_event_from_classic to 2025-03-15 00:00:00+00:00, run_after=2025-03-16 00:00:00+00:00
[2025-03-16T17:31:56.489+0000] {processor.py:208} INFO - Processing /home/airflow/.local/lib/python3.12/site-packages/airflow/example_dags/example_inlet_event_extra.py took 0.529 seconds
[2025-03-16T19:10:48.361+0000] {processor.py:186} INFO - Started process (PID=9817) to work on /home/airflow/.local/lib/python3.12/site-packages/airflow/example_dags/example_inlet_event_extra.py
[2025-03-16T19:10:48.362+0000] {processor.py:914} INFO - Processing file /home/airflow/.local/lib/python3.12/site-packages/airflow/example_dags/example_inlet_event_extra.py for tasks to queue
[2025-03-16T19:10:48.363+0000] {logging_mixin.py:190} INFO - [2025-03-16T19:10:48.363+0000] {dagbag.py:588} INFO - Filling up the DagBag from /home/airflow/.local/lib/python3.12/site-packages/airflow/example_dags/example_inlet_event_extra.py
[2025-03-16T19:10:48.613+0000] {processor.py:925} INFO - DAG(s) 'read_dataset_event', 'read_dataset_event_from_classic' retrieved from /home/airflow/.local/lib/python3.12/site-packages/airflow/example_dags/example_inlet_event_extra.py
[2025-03-16T19:10:48.629+0000] {logging_mixin.py:190} INFO - [2025-03-16T19:10:48.629+0000] {dag.py:3239} INFO - Sync 2 DAGs
[2025-03-16T19:10:48.639+0000] {logging_mixin.py:190} INFO - [2025-03-16T19:10:48.639+0000] {dag.py:4180} INFO - Setting next_dagrun for read_dataset_event to 2025-03-15 00:00:00+00:00, run_after=2025-03-16 00:00:00+00:00
[2025-03-16T19:10:48.642+0000] {logging_mixin.py:190} INFO - [2025-03-16T19:10:48.642+0000] {dag.py:4180} INFO - Setting next_dagrun for read_dataset_event_from_classic to 2025-03-15 00:00:00+00:00, run_after=2025-03-16 00:00:00+00:00
[2025-03-16T19:10:48.649+0000] {processor.py:208} INFO - Processing /home/airflow/.local/lib/python3.12/site-packages/airflow/example_dags/example_inlet_event_extra.py took 0.290 seconds
[2025-03-16T20:34:16.746+0000] {processor.py:186} INFO - Started process (PID=9883) to work on /home/airflow/.local/lib/python3.12/site-packages/airflow/example_dags/example_inlet_event_extra.py
[2025-03-16T20:34:16.747+0000] {processor.py:914} INFO - Processing file /home/airflow/.local/lib/python3.12/site-packages/airflow/example_dags/example_inlet_event_extra.py for tasks to queue
[2025-03-16T20:34:16.749+0000] {logging_mixin.py:190} INFO - [2025-03-16T20:34:16.749+0000] {dagbag.py:588} INFO - Filling up the DagBag from /home/airflow/.local/lib/python3.12/site-packages/airflow/example_dags/example_inlet_event_extra.py
[2025-03-16T20:34:17.030+0000] {processor.py:925} INFO - DAG(s) 'read_dataset_event', 'read_dataset_event_from_classic' retrieved from /home/airflow/.local/lib/python3.12/site-packages/airflow/example_dags/example_inlet_event_extra.py
[2025-03-16T20:34:17.047+0000] {logging_mixin.py:190} INFO - [2025-03-16T20:34:17.046+0000] {dag.py:3239} INFO - Sync 2 DAGs
[2025-03-16T20:34:17.060+0000] {logging_mixin.py:190} INFO - [2025-03-16T20:34:17.060+0000] {dag.py:4180} INFO - Setting next_dagrun for read_dataset_event to 2025-03-15 00:00:00+00:00, run_after=2025-03-16 00:00:00+00:00
[2025-03-16T20:34:17.062+0000] {logging_mixin.py:190} INFO - [2025-03-16T20:34:17.062+0000] {dag.py:4180} INFO - Setting next_dagrun for read_dataset_event_from_classic to 2025-03-15 00:00:00+00:00, run_after=2025-03-16 00:00:00+00:00
[2025-03-16T20:34:17.068+0000] {processor.py:208} INFO - Processing /home/airflow/.local/lib/python3.12/site-packages/airflow/example_dags/example_inlet_event_extra.py took 0.325 seconds
[2025-03-16T22:12:56.578+0000] {processor.py:186} INFO - Started process (PID=9948) to work on /home/airflow/.local/lib/python3.12/site-packages/airflow/example_dags/example_inlet_event_extra.py
[2025-03-16T22:12:56.579+0000] {processor.py:914} INFO - Processing file /home/airflow/.local/lib/python3.12/site-packages/airflow/example_dags/example_inlet_event_extra.py for tasks to queue
[2025-03-16T22:12:56.580+0000] {logging_mixin.py:190} INFO - [2025-03-16T22:12:56.580+0000] {dagbag.py:588} INFO - Filling up the DagBag from /home/airflow/.local/lib/python3.12/site-packages/airflow/example_dags/example_inlet_event_extra.py
[2025-03-16T22:12:56.831+0000] {processor.py:925} INFO - DAG(s) 'read_dataset_event', 'read_dataset_event_from_classic' retrieved from /home/airflow/.local/lib/python3.12/site-packages/airflow/example_dags/example_inlet_event_extra.py
[2025-03-16T22:12:56.847+0000] {logging_mixin.py:190} INFO - [2025-03-16T22:12:56.847+0000] {dag.py:3239} INFO - Sync 2 DAGs
[2025-03-16T22:12:56.856+0000] {logging_mixin.py:190} INFO - [2025-03-16T22:12:56.856+0000] {dag.py:4180} INFO - Setting next_dagrun for read_dataset_event to 2025-03-15 00:00:00+00:00, run_after=2025-03-16 00:00:00+00:00
[2025-03-16T22:12:56.859+0000] {logging_mixin.py:190} INFO - [2025-03-16T22:12:56.859+0000] {dag.py:4180} INFO - Setting next_dagrun for read_dataset_event_from_classic to 2025-03-15 00:00:00+00:00, run_after=2025-03-16 00:00:00+00:00
[2025-03-16T22:12:56.868+0000] {processor.py:208} INFO - Processing /home/airflow/.local/lib/python3.12/site-packages/airflow/example_dags/example_inlet_event_extra.py took 0.292 seconds
[2025-03-16T23:22:37.065+0000] {processor.py:186} INFO - Started process (PID=10013) to work on /home/airflow/.local/lib/python3.12/site-packages/airflow/example_dags/example_inlet_event_extra.py
[2025-03-16T23:22:37.065+0000] {processor.py:914} INFO - Processing file /home/airflow/.local/lib/python3.12/site-packages/airflow/example_dags/example_inlet_event_extra.py for tasks to queue
[2025-03-16T23:22:37.066+0000] {logging_mixin.py:190} INFO - [2025-03-16T23:22:37.066+0000] {dagbag.py:588} INFO - Filling up the DagBag from /home/airflow/.local/lib/python3.12/site-packages/airflow/example_dags/example_inlet_event_extra.py
[2025-03-16T23:22:37.317+0000] {processor.py:925} INFO - DAG(s) 'read_dataset_event', 'read_dataset_event_from_classic' retrieved from /home/airflow/.local/lib/python3.12/site-packages/airflow/example_dags/example_inlet_event_extra.py
[2025-03-16T23:22:37.325+0000] {logging_mixin.py:190} INFO - [2025-03-16T23:22:37.325+0000] {dag.py:3239} INFO - Sync 2 DAGs
[2025-03-16T23:22:37.337+0000] {logging_mixin.py:190} INFO - [2025-03-16T23:22:37.337+0000] {dag.py:4180} INFO - Setting next_dagrun for read_dataset_event to 2025-03-15 00:00:00+00:00, run_after=2025-03-16 00:00:00+00:00
[2025-03-16T23:22:37.343+0000] {logging_mixin.py:190} INFO - [2025-03-16T23:22:37.343+0000] {dag.py:4180} INFO - Setting next_dagrun for read_dataset_event_from_classic to 2025-03-15 00:00:00+00:00, run_after=2025-03-16 00:00:00+00:00
[2025-03-16T23:22:37.350+0000] {processor.py:208} INFO - Processing /home/airflow/.local/lib/python3.12/site-packages/airflow/example_dags/example_inlet_event_extra.py took 0.288 seconds
