[2025-03-16T01:29:05.574+0000] {processor.py:186} INFO - Started process (PID=8718) to work on /home/airflow/.local/lib/python3.12/site-packages/airflow/example_dags/example_task_group_decorator.py
[2025-03-16T01:29:05.578+0000] {processor.py:914} INFO - Processing file /home/airflow/.local/lib/python3.12/site-packages/airflow/example_dags/example_task_group_decorator.py for tasks to queue
[2025-03-16T01:29:05.579+0000] {logging_mixin.py:190} INFO - [2025-03-16T01:29:05.579+0000] {dagbag.py:588} INFO - Filling up the DagBag from /home/airflow/.local/lib/python3.12/site-packages/airflow/example_dags/example_task_group_decorator.py
[2025-03-16T01:29:05.588+0000] {processor.py:925} INFO - DAG(s) 'example_task_group_decorator' retrieved from /home/airflow/.local/lib/python3.12/site-packages/airflow/example_dags/example_task_group_decorator.py
[2025-03-16T01:29:05.601+0000] {logging_mixin.py:190} INFO - [2025-03-16T01:29:05.600+0000] {dag.py:3239} INFO - Sync 1 DAGs
[2025-03-16T01:29:05.607+0000] {logging_mixin.py:190} INFO - [2025-03-16T01:29:05.607+0000] {dag.py:4180} INFO - Setting next_dagrun for example_task_group_decorator to None, run_after=None
[2025-03-16T01:29:05.619+0000] {processor.py:208} INFO - Processing /home/airflow/.local/lib/python3.12/site-packages/airflow/example_dags/example_task_group_decorator.py took 0.048 seconds
[2025-03-16T02:50:15.998+0000] {processor.py:186} INFO - Started process (PID=8785) to work on /home/airflow/.local/lib/python3.12/site-packages/airflow/example_dags/example_task_group_decorator.py
[2025-03-16T02:50:15.999+0000] {processor.py:914} INFO - Processing file /home/airflow/.local/lib/python3.12/site-packages/airflow/example_dags/example_task_group_decorator.py for tasks to queue
[2025-03-16T02:50:16.000+0000] {logging_mixin.py:190} INFO - [2025-03-16T02:50:16.000+0000] {dagbag.py:588} INFO - Filling up the DagBag from /home/airflow/.local/lib/python3.12/site-packages/airflow/example_dags/example_task_group_decorator.py
[2025-03-16T02:50:16.009+0000] {processor.py:925} INFO - DAG(s) 'example_task_group_decorator' retrieved from /home/airflow/.local/lib/python3.12/site-packages/airflow/example_dags/example_task_group_decorator.py
[2025-03-16T02:50:16.022+0000] {logging_mixin.py:190} INFO - [2025-03-16T02:50:16.022+0000] {dag.py:3239} INFO - Sync 1 DAGs
[2025-03-16T02:50:16.029+0000] {logging_mixin.py:190} INFO - [2025-03-16T02:50:16.028+0000] {dag.py:4180} INFO - Setting next_dagrun for example_task_group_decorator to None, run_after=None
[2025-03-16T02:50:16.040+0000] {processor.py:208} INFO - Processing /home/airflow/.local/lib/python3.12/site-packages/airflow/example_dags/example_task_group_decorator.py took 0.045 seconds
[2025-03-16T04:04:23.331+0000] {processor.py:186} INFO - Started process (PID=8856) to work on /home/airflow/.local/lib/python3.12/site-packages/airflow/example_dags/example_task_group_decorator.py
[2025-03-16T04:04:23.332+0000] {processor.py:914} INFO - Processing file /home/airflow/.local/lib/python3.12/site-packages/airflow/example_dags/example_task_group_decorator.py for tasks to queue
[2025-03-16T04:04:23.333+0000] {logging_mixin.py:190} INFO - [2025-03-16T04:04:23.333+0000] {dagbag.py:588} INFO - Filling up the DagBag from /home/airflow/.local/lib/python3.12/site-packages/airflow/example_dags/example_task_group_decorator.py
[2025-03-16T04:04:23.342+0000] {processor.py:925} INFO - DAG(s) 'example_task_group_decorator' retrieved from /home/airflow/.local/lib/python3.12/site-packages/airflow/example_dags/example_task_group_decorator.py
[2025-03-16T04:04:23.357+0000] {logging_mixin.py:190} INFO - [2025-03-16T04:04:23.357+0000] {dag.py:3239} INFO - Sync 1 DAGs
[2025-03-16T04:04:23.368+0000] {logging_mixin.py:190} INFO - [2025-03-16T04:04:23.368+0000] {dag.py:4180} INFO - Setting next_dagrun for example_task_group_decorator to None, run_after=None
[2025-03-16T04:04:23.382+0000] {processor.py:208} INFO - Processing /home/airflow/.local/lib/python3.12/site-packages/airflow/example_dags/example_task_group_decorator.py took 0.054 seconds
[2025-03-16T05:14:54.840+0000] {processor.py:186} INFO - Started process (PID=8916) to work on /home/airflow/.local/lib/python3.12/site-packages/airflow/example_dags/example_task_group_decorator.py
[2025-03-16T05:14:54.841+0000] {processor.py:914} INFO - Processing file /home/airflow/.local/lib/python3.12/site-packages/airflow/example_dags/example_task_group_decorator.py for tasks to queue
[2025-03-16T05:14:54.844+0000] {logging_mixin.py:190} INFO - [2025-03-16T05:14:54.844+0000] {dagbag.py:588} INFO - Filling up the DagBag from /home/airflow/.local/lib/python3.12/site-packages/airflow/example_dags/example_task_group_decorator.py
[2025-03-16T05:14:54.854+0000] {processor.py:925} INFO - DAG(s) 'example_task_group_decorator' retrieved from /home/airflow/.local/lib/python3.12/site-packages/airflow/example_dags/example_task_group_decorator.py
[2025-03-16T05:14:54.870+0000] {logging_mixin.py:190} INFO - [2025-03-16T05:14:54.870+0000] {dag.py:3239} INFO - Sync 1 DAGs
[2025-03-16T05:14:54.879+0000] {logging_mixin.py:190} INFO - [2025-03-16T05:14:54.879+0000] {dag.py:4180} INFO - Setting next_dagrun for example_task_group_decorator to None, run_after=None
[2025-03-16T05:14:54.893+0000] {processor.py:208} INFO - Processing /home/airflow/.local/lib/python3.12/site-packages/airflow/example_dags/example_task_group_decorator.py took 0.057 seconds
[2025-03-16T06:06:47.043+0000] {processor.py:186} INFO - Started process (PID=8982) to work on /home/airflow/.local/lib/python3.12/site-packages/airflow/example_dags/example_task_group_decorator.py
[2025-03-16T06:06:47.044+0000] {processor.py:914} INFO - Processing file /home/airflow/.local/lib/python3.12/site-packages/airflow/example_dags/example_task_group_decorator.py for tasks to queue
[2025-03-16T06:06:47.045+0000] {logging_mixin.py:190} INFO - [2025-03-16T06:06:47.045+0000] {dagbag.py:588} INFO - Filling up the DagBag from /home/airflow/.local/lib/python3.12/site-packages/airflow/example_dags/example_task_group_decorator.py
[2025-03-16T06:06:47.053+0000] {processor.py:925} INFO - DAG(s) 'example_task_group_decorator' retrieved from /home/airflow/.local/lib/python3.12/site-packages/airflow/example_dags/example_task_group_decorator.py
[2025-03-16T06:06:47.065+0000] {logging_mixin.py:190} INFO - [2025-03-16T06:06:47.065+0000] {dag.py:3239} INFO - Sync 1 DAGs
[2025-03-16T06:06:47.071+0000] {logging_mixin.py:190} INFO - [2025-03-16T06:06:47.071+0000] {dag.py:4180} INFO - Setting next_dagrun for example_task_group_decorator to None, run_after=None
[2025-03-16T06:06:47.079+0000] {processor.py:208} INFO - Processing /home/airflow/.local/lib/python3.12/site-packages/airflow/example_dags/example_task_group_decorator.py took 0.040 seconds
[2025-03-16T07:16:49.958+0000] {processor.py:186} INFO - Started process (PID=9048) to work on /home/airflow/.local/lib/python3.12/site-packages/airflow/example_dags/example_task_group_decorator.py
[2025-03-16T07:16:49.962+0000] {processor.py:914} INFO - Processing file /home/airflow/.local/lib/python3.12/site-packages/airflow/example_dags/example_task_group_decorator.py for tasks to queue
[2025-03-16T07:16:49.963+0000] {logging_mixin.py:190} INFO - [2025-03-16T07:16:49.963+0000] {dagbag.py:588} INFO - Filling up the DagBag from /home/airflow/.local/lib/python3.12/site-packages/airflow/example_dags/example_task_group_decorator.py
[2025-03-16T07:16:49.974+0000] {processor.py:925} INFO - DAG(s) 'example_task_group_decorator' retrieved from /home/airflow/.local/lib/python3.12/site-packages/airflow/example_dags/example_task_group_decorator.py
[2025-03-16T07:16:49.988+0000] {logging_mixin.py:190} INFO - [2025-03-16T07:16:49.988+0000] {dag.py:3239} INFO - Sync 1 DAGs
[2025-03-16T07:16:49.995+0000] {logging_mixin.py:190} INFO - [2025-03-16T07:16:49.995+0000] {dag.py:4180} INFO - Setting next_dagrun for example_task_group_decorator to None, run_after=None
[2025-03-16T07:16:50.005+0000] {processor.py:208} INFO - Processing /home/airflow/.local/lib/python3.12/site-packages/airflow/example_dags/example_task_group_decorator.py took 0.050 seconds
[2025-03-16T08:08:42.248+0000] {processor.py:186} INFO - Started process (PID=9113) to work on /home/airflow/.local/lib/python3.12/site-packages/airflow/example_dags/example_task_group_decorator.py
[2025-03-16T08:08:42.249+0000] {processor.py:914} INFO - Processing file /home/airflow/.local/lib/python3.12/site-packages/airflow/example_dags/example_task_group_decorator.py for tasks to queue
[2025-03-16T08:08:42.251+0000] {logging_mixin.py:190} INFO - [2025-03-16T08:08:42.251+0000] {dagbag.py:588} INFO - Filling up the DagBag from /home/airflow/.local/lib/python3.12/site-packages/airflow/example_dags/example_task_group_decorator.py
[2025-03-16T08:08:42.260+0000] {processor.py:925} INFO - DAG(s) 'example_task_group_decorator' retrieved from /home/airflow/.local/lib/python3.12/site-packages/airflow/example_dags/example_task_group_decorator.py
[2025-03-16T08:08:42.274+0000] {logging_mixin.py:190} INFO - [2025-03-16T08:08:42.273+0000] {dag.py:3239} INFO - Sync 1 DAGs
[2025-03-16T08:08:42.279+0000] {logging_mixin.py:190} INFO - [2025-03-16T08:08:42.279+0000] {dag.py:4180} INFO - Setting next_dagrun for example_task_group_decorator to None, run_after=None
[2025-03-16T08:08:42.290+0000] {processor.py:208} INFO - Processing /home/airflow/.local/lib/python3.12/site-packages/airflow/example_dags/example_task_group_decorator.py took 0.044 seconds
[2025-03-16T09:18:52.429+0000] {processor.py:186} INFO - Started process (PID=9178) to work on /home/airflow/.local/lib/python3.12/site-packages/airflow/example_dags/example_task_group_decorator.py
[2025-03-16T09:18:52.430+0000] {processor.py:914} INFO - Processing file /home/airflow/.local/lib/python3.12/site-packages/airflow/example_dags/example_task_group_decorator.py for tasks to queue
[2025-03-16T09:18:52.431+0000] {logging_mixin.py:190} INFO - [2025-03-16T09:18:52.431+0000] {dagbag.py:588} INFO - Filling up the DagBag from /home/airflow/.local/lib/python3.12/site-packages/airflow/example_dags/example_task_group_decorator.py
[2025-03-16T09:18:52.438+0000] {processor.py:925} INFO - DAG(s) 'example_task_group_decorator' retrieved from /home/airflow/.local/lib/python3.12/site-packages/airflow/example_dags/example_task_group_decorator.py
[2025-03-16T09:18:52.450+0000] {logging_mixin.py:190} INFO - [2025-03-16T09:18:52.450+0000] {dag.py:3239} INFO - Sync 1 DAGs
[2025-03-16T09:18:52.456+0000] {logging_mixin.py:190} INFO - [2025-03-16T09:18:52.456+0000] {dag.py:4180} INFO - Setting next_dagrun for example_task_group_decorator to None, run_after=None
[2025-03-16T09:18:52.466+0000] {processor.py:208} INFO - Processing /home/airflow/.local/lib/python3.12/site-packages/airflow/example_dags/example_task_group_decorator.py took 0.039 seconds
[2025-03-16T10:37:11.562+0000] {processor.py:186} INFO - Started process (PID=9244) to work on /home/airflow/.local/lib/python3.12/site-packages/airflow/example_dags/example_task_group_decorator.py
[2025-03-16T10:37:11.564+0000] {processor.py:914} INFO - Processing file /home/airflow/.local/lib/python3.12/site-packages/airflow/example_dags/example_task_group_decorator.py for tasks to queue
[2025-03-16T10:37:11.565+0000] {logging_mixin.py:190} INFO - [2025-03-16T10:37:11.565+0000] {dagbag.py:588} INFO - Filling up the DagBag from /home/airflow/.local/lib/python3.12/site-packages/airflow/example_dags/example_task_group_decorator.py
[2025-03-16T10:37:11.576+0000] {processor.py:925} INFO - DAG(s) 'example_task_group_decorator' retrieved from /home/airflow/.local/lib/python3.12/site-packages/airflow/example_dags/example_task_group_decorator.py
[2025-03-16T10:37:11.597+0000] {logging_mixin.py:190} INFO - [2025-03-16T10:37:11.597+0000] {dag.py:3239} INFO - Sync 1 DAGs
[2025-03-16T10:37:11.606+0000] {logging_mixin.py:190} INFO - [2025-03-16T10:37:11.606+0000] {dag.py:4180} INFO - Setting next_dagrun for example_task_group_decorator to None, run_after=None
[2025-03-16T10:37:11.633+0000] {processor.py:208} INFO - Processing /home/airflow/.local/lib/python3.12/site-packages/airflow/example_dags/example_task_group_decorator.py took 0.075 seconds
[2025-03-16T11:55:37.607+0000] {processor.py:186} INFO - Started process (PID=9310) to work on /home/airflow/.local/lib/python3.12/site-packages/airflow/example_dags/example_task_group_decorator.py
[2025-03-16T11:55:37.608+0000] {processor.py:914} INFO - Processing file /home/airflow/.local/lib/python3.12/site-packages/airflow/example_dags/example_task_group_decorator.py for tasks to queue
[2025-03-16T11:55:37.609+0000] {logging_mixin.py:190} INFO - [2025-03-16T11:55:37.609+0000] {dagbag.py:588} INFO - Filling up the DagBag from /home/airflow/.local/lib/python3.12/site-packages/airflow/example_dags/example_task_group_decorator.py
[2025-03-16T11:55:37.617+0000] {processor.py:925} INFO - DAG(s) 'example_task_group_decorator' retrieved from /home/airflow/.local/lib/python3.12/site-packages/airflow/example_dags/example_task_group_decorator.py
[2025-03-16T11:55:37.630+0000] {logging_mixin.py:190} INFO - [2025-03-16T11:55:37.630+0000] {dag.py:3239} INFO - Sync 1 DAGs
[2025-03-16T11:55:37.637+0000] {logging_mixin.py:190} INFO - [2025-03-16T11:55:37.637+0000] {dag.py:4180} INFO - Setting next_dagrun for example_task_group_decorator to None, run_after=None
[2025-03-16T11:55:37.651+0000] {processor.py:208} INFO - Processing /home/airflow/.local/lib/python3.12/site-packages/airflow/example_dags/example_task_group_decorator.py took 0.048 seconds
[2025-03-16T13:22:49.225+0000] {processor.py:186} INFO - Started process (PID=9382) to work on /home/airflow/.local/lib/python3.12/site-packages/airflow/example_dags/example_task_group_decorator.py
[2025-03-16T13:22:49.226+0000] {processor.py:914} INFO - Processing file /home/airflow/.local/lib/python3.12/site-packages/airflow/example_dags/example_task_group_decorator.py for tasks to queue
[2025-03-16T13:22:49.227+0000] {logging_mixin.py:190} INFO - [2025-03-16T13:22:49.227+0000] {dagbag.py:588} INFO - Filling up the DagBag from /home/airflow/.local/lib/python3.12/site-packages/airflow/example_dags/example_task_group_decorator.py
[2025-03-16T13:22:49.234+0000] {processor.py:925} INFO - DAG(s) 'example_task_group_decorator' retrieved from /home/airflow/.local/lib/python3.12/site-packages/airflow/example_dags/example_task_group_decorator.py
[2025-03-16T13:22:49.248+0000] {logging_mixin.py:190} INFO - [2025-03-16T13:22:49.248+0000] {dag.py:3239} INFO - Sync 1 DAGs
[2025-03-16T13:22:49.254+0000] {logging_mixin.py:190} INFO - [2025-03-16T13:22:49.254+0000] {dag.py:4180} INFO - Setting next_dagrun for example_task_group_decorator to None, run_after=None
[2025-03-16T13:22:49.266+0000] {processor.py:208} INFO - Processing /home/airflow/.local/lib/python3.12/site-packages/airflow/example_dags/example_task_group_decorator.py took 0.044 seconds
[2025-03-16T14:21:36.615+0000] {processor.py:186} INFO - Started process (PID=9448) to work on /home/airflow/.local/lib/python3.12/site-packages/airflow/example_dags/example_task_group_decorator.py
[2025-03-16T14:21:36.616+0000] {processor.py:914} INFO - Processing file /home/airflow/.local/lib/python3.12/site-packages/airflow/example_dags/example_task_group_decorator.py for tasks to queue
[2025-03-16T14:21:36.617+0000] {logging_mixin.py:190} INFO - [2025-03-16T14:21:36.617+0000] {dagbag.py:588} INFO - Filling up the DagBag from /home/airflow/.local/lib/python3.12/site-packages/airflow/example_dags/example_task_group_decorator.py
[2025-03-16T14:21:36.624+0000] {processor.py:925} INFO - DAG(s) 'example_task_group_decorator' retrieved from /home/airflow/.local/lib/python3.12/site-packages/airflow/example_dags/example_task_group_decorator.py
[2025-03-16T14:21:36.639+0000] {logging_mixin.py:190} INFO - [2025-03-16T14:21:36.638+0000] {dag.py:3239} INFO - Sync 1 DAGs
[2025-03-16T14:21:36.646+0000] {logging_mixin.py:190} INFO - [2025-03-16T14:21:36.646+0000] {dag.py:4180} INFO - Setting next_dagrun for example_task_group_decorator to None, run_after=None
[2025-03-16T14:21:36.656+0000] {processor.py:208} INFO - Processing /home/airflow/.local/lib/python3.12/site-packages/airflow/example_dags/example_task_group_decorator.py took 0.044 seconds
[2025-03-16T15:24:56.625+0000] {processor.py:186} INFO - Started process (PID=9513) to work on /home/airflow/.local/lib/python3.12/site-packages/airflow/example_dags/example_task_group_decorator.py
[2025-03-16T15:24:56.627+0000] {processor.py:914} INFO - Processing file /home/airflow/.local/lib/python3.12/site-packages/airflow/example_dags/example_task_group_decorator.py for tasks to queue
[2025-03-16T15:24:56.629+0000] {logging_mixin.py:190} INFO - [2025-03-16T15:24:56.628+0000] {dagbag.py:588} INFO - Filling up the DagBag from /home/airflow/.local/lib/python3.12/site-packages/airflow/example_dags/example_task_group_decorator.py
[2025-03-16T15:24:56.636+0000] {processor.py:925} INFO - DAG(s) 'example_task_group_decorator' retrieved from /home/airflow/.local/lib/python3.12/site-packages/airflow/example_dags/example_task_group_decorator.py
[2025-03-16T15:24:56.651+0000] {logging_mixin.py:190} INFO - [2025-03-16T15:24:56.651+0000] {dag.py:3239} INFO - Sync 1 DAGs
[2025-03-16T15:24:56.659+0000] {logging_mixin.py:190} INFO - [2025-03-16T15:24:56.659+0000] {dag.py:4180} INFO - Setting next_dagrun for example_task_group_decorator to None, run_after=None
[2025-03-16T15:24:56.670+0000] {processor.py:208} INFO - Processing /home/airflow/.local/lib/python3.12/site-packages/airflow/example_dags/example_task_group_decorator.py took 0.047 seconds
[2025-03-16T15:28:43.601+0000] {processor.py:186} INFO - Started process (PID=9579) to work on /home/airflow/.local/lib/python3.12/site-packages/airflow/example_dags/example_task_group_decorator.py
[2025-03-16T15:28:43.601+0000] {processor.py:914} INFO - Processing file /home/airflow/.local/lib/python3.12/site-packages/airflow/example_dags/example_task_group_decorator.py for tasks to queue
[2025-03-16T15:28:43.602+0000] {logging_mixin.py:190} INFO - [2025-03-16T15:28:43.602+0000] {dagbag.py:588} INFO - Filling up the DagBag from /home/airflow/.local/lib/python3.12/site-packages/airflow/example_dags/example_task_group_decorator.py
[2025-03-16T15:28:43.610+0000] {processor.py:925} INFO - DAG(s) 'example_task_group_decorator' retrieved from /home/airflow/.local/lib/python3.12/site-packages/airflow/example_dags/example_task_group_decorator.py
[2025-03-16T15:28:43.625+0000] {logging_mixin.py:190} INFO - [2025-03-16T15:28:43.625+0000] {dag.py:3239} INFO - Sync 1 DAGs
[2025-03-16T15:28:43.631+0000] {logging_mixin.py:190} INFO - [2025-03-16T15:28:43.631+0000] {dag.py:4180} INFO - Setting next_dagrun for example_task_group_decorator to None, run_after=None
[2025-03-16T15:28:43.646+0000] {processor.py:208} INFO - Processing /home/airflow/.local/lib/python3.12/site-packages/airflow/example_dags/example_task_group_decorator.py took 0.048 seconds
[2025-03-16T15:47:20.402+0000] {processor.py:186} INFO - Started process (PID=9639) to work on /home/airflow/.local/lib/python3.12/site-packages/airflow/example_dags/example_task_group_decorator.py
[2025-03-16T15:47:20.404+0000] {processor.py:914} INFO - Processing file /home/airflow/.local/lib/python3.12/site-packages/airflow/example_dags/example_task_group_decorator.py for tasks to queue
[2025-03-16T15:47:20.406+0000] {logging_mixin.py:190} INFO - [2025-03-16T15:47:20.406+0000] {dagbag.py:588} INFO - Filling up the DagBag from /home/airflow/.local/lib/python3.12/site-packages/airflow/example_dags/example_task_group_decorator.py
[2025-03-16T15:47:20.420+0000] {processor.py:925} INFO - DAG(s) 'example_task_group_decorator' retrieved from /home/airflow/.local/lib/python3.12/site-packages/airflow/example_dags/example_task_group_decorator.py
[2025-03-16T15:47:20.438+0000] {logging_mixin.py:190} INFO - [2025-03-16T15:47:20.438+0000] {dag.py:3239} INFO - Sync 1 DAGs
[2025-03-16T15:47:20.448+0000] {logging_mixin.py:190} INFO - [2025-03-16T15:47:20.448+0000] {dag.py:4180} INFO - Setting next_dagrun for example_task_group_decorator to None, run_after=None
[2025-03-16T15:47:20.466+0000] {processor.py:208} INFO - Processing /home/airflow/.local/lib/python3.12/site-packages/airflow/example_dags/example_task_group_decorator.py took 0.068 seconds
[2025-03-16T16:34:23.603+0000] {processor.py:186} INFO - Started process (PID=9705) to work on /home/airflow/.local/lib/python3.12/site-packages/airflow/example_dags/example_task_group_decorator.py
[2025-03-16T16:34:23.604+0000] {processor.py:914} INFO - Processing file /home/airflow/.local/lib/python3.12/site-packages/airflow/example_dags/example_task_group_decorator.py for tasks to queue
[2025-03-16T16:34:23.606+0000] {logging_mixin.py:190} INFO - [2025-03-16T16:34:23.606+0000] {dagbag.py:588} INFO - Filling up the DagBag from /home/airflow/.local/lib/python3.12/site-packages/airflow/example_dags/example_task_group_decorator.py
[2025-03-16T16:34:23.613+0000] {processor.py:925} INFO - DAG(s) 'example_task_group_decorator' retrieved from /home/airflow/.local/lib/python3.12/site-packages/airflow/example_dags/example_task_group_decorator.py
[2025-03-16T16:34:23.628+0000] {logging_mixin.py:190} INFO - [2025-03-16T16:34:23.628+0000] {dag.py:3239} INFO - Sync 1 DAGs
[2025-03-16T16:34:23.634+0000] {logging_mixin.py:190} INFO - [2025-03-16T16:34:23.634+0000] {dag.py:4180} INFO - Setting next_dagrun for example_task_group_decorator to None, run_after=None
[2025-03-16T16:34:23.642+0000] {processor.py:208} INFO - Processing /home/airflow/.local/lib/python3.12/site-packages/airflow/example_dags/example_task_group_decorator.py took 0.042 seconds
[2025-03-16T17:31:57.371+0000] {processor.py:186} INFO - Started process (PID=9776) to work on /home/airflow/.local/lib/python3.12/site-packages/airflow/example_dags/example_task_group_decorator.py
[2025-03-16T17:31:57.371+0000] {processor.py:914} INFO - Processing file /home/airflow/.local/lib/python3.12/site-packages/airflow/example_dags/example_task_group_decorator.py for tasks to queue
[2025-03-16T17:31:57.373+0000] {logging_mixin.py:190} INFO - [2025-03-16T17:31:57.372+0000] {dagbag.py:588} INFO - Filling up the DagBag from /home/airflow/.local/lib/python3.12/site-packages/airflow/example_dags/example_task_group_decorator.py
[2025-03-16T17:31:57.380+0000] {processor.py:925} INFO - DAG(s) 'example_task_group_decorator' retrieved from /home/airflow/.local/lib/python3.12/site-packages/airflow/example_dags/example_task_group_decorator.py
[2025-03-16T17:31:57.393+0000] {logging_mixin.py:190} INFO - [2025-03-16T17:31:57.393+0000] {dag.py:3239} INFO - Sync 1 DAGs
[2025-03-16T17:31:57.400+0000] {logging_mixin.py:190} INFO - [2025-03-16T17:31:57.400+0000] {dag.py:4180} INFO - Setting next_dagrun for example_task_group_decorator to None, run_after=None
[2025-03-16T17:31:57.414+0000] {processor.py:208} INFO - Processing /home/airflow/.local/lib/python3.12/site-packages/airflow/example_dags/example_task_group_decorator.py took 0.047 seconds
[2025-03-16T19:10:49.399+0000] {processor.py:186} INFO - Started process (PID=9836) to work on /home/airflow/.local/lib/python3.12/site-packages/airflow/example_dags/example_task_group_decorator.py
[2025-03-16T19:10:49.399+0000] {processor.py:914} INFO - Processing file /home/airflow/.local/lib/python3.12/site-packages/airflow/example_dags/example_task_group_decorator.py for tasks to queue
[2025-03-16T19:10:49.401+0000] {logging_mixin.py:190} INFO - [2025-03-16T19:10:49.400+0000] {dagbag.py:588} INFO - Filling up the DagBag from /home/airflow/.local/lib/python3.12/site-packages/airflow/example_dags/example_task_group_decorator.py
[2025-03-16T19:10:49.408+0000] {processor.py:925} INFO - DAG(s) 'example_task_group_decorator' retrieved from /home/airflow/.local/lib/python3.12/site-packages/airflow/example_dags/example_task_group_decorator.py
[2025-03-16T19:10:49.421+0000] {logging_mixin.py:190} INFO - [2025-03-16T19:10:49.421+0000] {dag.py:3239} INFO - Sync 1 DAGs
[2025-03-16T19:10:49.428+0000] {logging_mixin.py:190} INFO - [2025-03-16T19:10:49.428+0000] {dag.py:4180} INFO - Setting next_dagrun for example_task_group_decorator to None, run_after=None
[2025-03-16T19:10:49.438+0000] {processor.py:208} INFO - Processing /home/airflow/.local/lib/python3.12/site-packages/airflow/example_dags/example_task_group_decorator.py took 0.042 seconds
[2025-03-16T20:34:17.872+0000] {processor.py:186} INFO - Started process (PID=9902) to work on /home/airflow/.local/lib/python3.12/site-packages/airflow/example_dags/example_task_group_decorator.py
[2025-03-16T20:34:17.874+0000] {processor.py:914} INFO - Processing file /home/airflow/.local/lib/python3.12/site-packages/airflow/example_dags/example_task_group_decorator.py for tasks to queue
[2025-03-16T20:34:17.876+0000] {logging_mixin.py:190} INFO - [2025-03-16T20:34:17.875+0000] {dagbag.py:588} INFO - Filling up the DagBag from /home/airflow/.local/lib/python3.12/site-packages/airflow/example_dags/example_task_group_decorator.py
[2025-03-16T20:34:17.884+0000] {processor.py:925} INFO - DAG(s) 'example_task_group_decorator' retrieved from /home/airflow/.local/lib/python3.12/site-packages/airflow/example_dags/example_task_group_decorator.py
[2025-03-16T20:34:17.898+0000] {logging_mixin.py:190} INFO - [2025-03-16T20:34:17.897+0000] {dag.py:3239} INFO - Sync 1 DAGs
[2025-03-16T20:34:17.905+0000] {logging_mixin.py:190} INFO - [2025-03-16T20:34:17.905+0000] {dag.py:4180} INFO - Setting next_dagrun for example_task_group_decorator to None, run_after=None
[2025-03-16T20:34:17.919+0000] {processor.py:208} INFO - Processing /home/airflow/.local/lib/python3.12/site-packages/airflow/example_dags/example_task_group_decorator.py took 0.051 seconds
[2025-03-16T22:12:57.800+0000] {processor.py:186} INFO - Started process (PID=9967) to work on /home/airflow/.local/lib/python3.12/site-packages/airflow/example_dags/example_task_group_decorator.py
[2025-03-16T22:12:57.801+0000] {processor.py:914} INFO - Processing file /home/airflow/.local/lib/python3.12/site-packages/airflow/example_dags/example_task_group_decorator.py for tasks to queue
[2025-03-16T22:12:57.803+0000] {logging_mixin.py:190} INFO - [2025-03-16T22:12:57.803+0000] {dagbag.py:588} INFO - Filling up the DagBag from /home/airflow/.local/lib/python3.12/site-packages/airflow/example_dags/example_task_group_decorator.py
[2025-03-16T22:12:57.814+0000] {processor.py:925} INFO - DAG(s) 'example_task_group_decorator' retrieved from /home/airflow/.local/lib/python3.12/site-packages/airflow/example_dags/example_task_group_decorator.py
[2025-03-16T22:12:57.832+0000] {logging_mixin.py:190} INFO - [2025-03-16T22:12:57.832+0000] {dag.py:3239} INFO - Sync 1 DAGs
[2025-03-16T22:12:57.839+0000] {logging_mixin.py:190} INFO - [2025-03-16T22:12:57.839+0000] {dag.py:4180} INFO - Setting next_dagrun for example_task_group_decorator to None, run_after=None
[2025-03-16T22:12:57.858+0000] {processor.py:208} INFO - Processing /home/airflow/.local/lib/python3.12/site-packages/airflow/example_dags/example_task_group_decorator.py took 0.061 seconds
[2025-03-16T23:22:38.040+0000] {processor.py:186} INFO - Started process (PID=10038) to work on /home/airflow/.local/lib/python3.12/site-packages/airflow/example_dags/example_task_group_decorator.py
[2025-03-16T23:22:38.041+0000] {processor.py:914} INFO - Processing file /home/airflow/.local/lib/python3.12/site-packages/airflow/example_dags/example_task_group_decorator.py for tasks to queue
[2025-03-16T23:22:38.043+0000] {logging_mixin.py:190} INFO - [2025-03-16T23:22:38.043+0000] {dagbag.py:588} INFO - Filling up the DagBag from /home/airflow/.local/lib/python3.12/site-packages/airflow/example_dags/example_task_group_decorator.py
[2025-03-16T23:22:38.050+0000] {processor.py:925} INFO - DAG(s) 'example_task_group_decorator' retrieved from /home/airflow/.local/lib/python3.12/site-packages/airflow/example_dags/example_task_group_decorator.py
[2025-03-16T23:22:38.062+0000] {logging_mixin.py:190} INFO - [2025-03-16T23:22:38.062+0000] {dag.py:3239} INFO - Sync 1 DAGs
[2025-03-16T23:22:38.070+0000] {logging_mixin.py:190} INFO - [2025-03-16T23:22:38.070+0000] {dag.py:4180} INFO - Setting next_dagrun for example_task_group_decorator to None, run_after=None
[2025-03-16T23:22:38.081+0000] {processor.py:208} INFO - Processing /home/airflow/.local/lib/python3.12/site-packages/airflow/example_dags/example_task_group_decorator.py took 0.044 seconds
