[2025-03-16T01:29:04.948+0000] {processor.py:186} INFO - Started process (PID=8707) to work on /home/airflow/.local/lib/python3.12/site-packages/airflow/example_dags/example_branch_labels.py
[2025-03-16T01:29:04.948+0000] {processor.py:914} INFO - Processing file /home/airflow/.local/lib/python3.12/site-packages/airflow/example_dags/example_branch_labels.py for tasks to queue
[2025-03-16T01:29:04.950+0000] {logging_mixin.py:190} INFO - [2025-03-16T01:29:04.950+0000] {dagbag.py:588} INFO - Filling up the DagBag from /home/airflow/.local/lib/python3.12/site-packages/airflow/example_dags/example_branch_labels.py
[2025-03-16T01:29:04.955+0000] {processor.py:925} INFO - DAG(s) 'example_branch_labels' retrieved from /home/airflow/.local/lib/python3.12/site-packages/airflow/example_dags/example_branch_labels.py
[2025-03-16T01:29:04.967+0000] {logging_mixin.py:190} INFO - [2025-03-16T01:29:04.967+0000] {dag.py:3239} INFO - Sync 1 DAGs
[2025-03-16T01:29:04.981+0000] {logging_mixin.py:190} INFO - [2025-03-16T01:29:04.981+0000] {dag.py:4180} INFO - Setting next_dagrun for example_branch_labels to 2025-03-15 00:00:00+00:00, run_after=2025-03-16 00:00:00+00:00
[2025-03-16T01:29:04.998+0000] {processor.py:208} INFO - Processing /home/airflow/.local/lib/python3.12/site-packages/airflow/example_dags/example_branch_labels.py took 0.054 seconds
[2025-03-16T02:50:15.347+0000] {processor.py:186} INFO - Started process (PID=8774) to work on /home/airflow/.local/lib/python3.12/site-packages/airflow/example_dags/example_branch_labels.py
[2025-03-16T02:50:15.351+0000] {processor.py:914} INFO - Processing file /home/airflow/.local/lib/python3.12/site-packages/airflow/example_dags/example_branch_labels.py for tasks to queue
[2025-03-16T02:50:15.352+0000] {logging_mixin.py:190} INFO - [2025-03-16T02:50:15.352+0000] {dagbag.py:588} INFO - Filling up the DagBag from /home/airflow/.local/lib/python3.12/site-packages/airflow/example_dags/example_branch_labels.py
[2025-03-16T02:50:15.358+0000] {processor.py:925} INFO - DAG(s) 'example_branch_labels' retrieved from /home/airflow/.local/lib/python3.12/site-packages/airflow/example_dags/example_branch_labels.py
[2025-03-16T02:50:15.373+0000] {logging_mixin.py:190} INFO - [2025-03-16T02:50:15.373+0000] {dag.py:3239} INFO - Sync 1 DAGs
[2025-03-16T02:50:15.384+0000] {logging_mixin.py:190} INFO - [2025-03-16T02:50:15.384+0000] {dag.py:4180} INFO - Setting next_dagrun for example_branch_labels to 2025-03-15 00:00:00+00:00, run_after=2025-03-16 00:00:00+00:00
[2025-03-16T02:50:15.392+0000] {processor.py:208} INFO - Processing /home/airflow/.local/lib/python3.12/site-packages/airflow/example_dags/example_branch_labels.py took 0.048 seconds
[2025-03-16T04:04:22.575+0000] {processor.py:186} INFO - Started process (PID=8840) to work on /home/airflow/.local/lib/python3.12/site-packages/airflow/example_dags/example_branch_labels.py
[2025-03-16T04:04:22.576+0000] {processor.py:914} INFO - Processing file /home/airflow/.local/lib/python3.12/site-packages/airflow/example_dags/example_branch_labels.py for tasks to queue
[2025-03-16T04:04:22.578+0000] {logging_mixin.py:190} INFO - [2025-03-16T04:04:22.578+0000] {dagbag.py:588} INFO - Filling up the DagBag from /home/airflow/.local/lib/python3.12/site-packages/airflow/example_dags/example_branch_labels.py
[2025-03-16T04:04:22.585+0000] {processor.py:925} INFO - DAG(s) 'example_branch_labels' retrieved from /home/airflow/.local/lib/python3.12/site-packages/airflow/example_dags/example_branch_labels.py
[2025-03-16T04:04:22.604+0000] {logging_mixin.py:190} INFO - [2025-03-16T04:04:22.604+0000] {dag.py:3239} INFO - Sync 1 DAGs
[2025-03-16T04:04:22.619+0000] {logging_mixin.py:190} INFO - [2025-03-16T04:04:22.619+0000] {dag.py:4180} INFO - Setting next_dagrun for example_branch_labels to 2025-03-15 00:00:00+00:00, run_after=2025-03-16 00:00:00+00:00
[2025-03-16T04:04:22.636+0000] {processor.py:208} INFO - Processing /home/airflow/.local/lib/python3.12/site-packages/airflow/example_dags/example_branch_labels.py took 0.065 seconds
[2025-03-16T05:14:54.116+0000] {processor.py:186} INFO - Started process (PID=8905) to work on /home/airflow/.local/lib/python3.12/site-packages/airflow/example_dags/example_branch_labels.py
[2025-03-16T05:14:54.116+0000] {processor.py:914} INFO - Processing file /home/airflow/.local/lib/python3.12/site-packages/airflow/example_dags/example_branch_labels.py for tasks to queue
[2025-03-16T05:14:54.118+0000] {logging_mixin.py:190} INFO - [2025-03-16T05:14:54.118+0000] {dagbag.py:588} INFO - Filling up the DagBag from /home/airflow/.local/lib/python3.12/site-packages/airflow/example_dags/example_branch_labels.py
[2025-03-16T05:14:54.125+0000] {processor.py:925} INFO - DAG(s) 'example_branch_labels' retrieved from /home/airflow/.local/lib/python3.12/site-packages/airflow/example_dags/example_branch_labels.py
[2025-03-16T05:14:54.139+0000] {logging_mixin.py:190} INFO - [2025-03-16T05:14:54.139+0000] {dag.py:3239} INFO - Sync 1 DAGs
[2025-03-16T05:14:54.155+0000] {logging_mixin.py:190} INFO - [2025-03-16T05:14:54.155+0000] {dag.py:4180} INFO - Setting next_dagrun for example_branch_labels to 2025-03-15 00:00:00+00:00, run_after=2025-03-16 00:00:00+00:00
[2025-03-16T05:14:54.167+0000] {processor.py:208} INFO - Processing /home/airflow/.local/lib/python3.12/site-packages/airflow/example_dags/example_branch_labels.py took 0.055 seconds
[2025-03-16T06:06:46.400+0000] {processor.py:186} INFO - Started process (PID=8971) to work on /home/airflow/.local/lib/python3.12/site-packages/airflow/example_dags/example_branch_labels.py
[2025-03-16T06:06:46.401+0000] {processor.py:914} INFO - Processing file /home/airflow/.local/lib/python3.12/site-packages/airflow/example_dags/example_branch_labels.py for tasks to queue
[2025-03-16T06:06:46.405+0000] {logging_mixin.py:190} INFO - [2025-03-16T06:06:46.405+0000] {dagbag.py:588} INFO - Filling up the DagBag from /home/airflow/.local/lib/python3.12/site-packages/airflow/example_dags/example_branch_labels.py
[2025-03-16T06:06:46.412+0000] {processor.py:925} INFO - DAG(s) 'example_branch_labels' retrieved from /home/airflow/.local/lib/python3.12/site-packages/airflow/example_dags/example_branch_labels.py
[2025-03-16T06:06:46.425+0000] {logging_mixin.py:190} INFO - [2025-03-16T06:06:46.425+0000] {dag.py:3239} INFO - Sync 1 DAGs
[2025-03-16T06:06:46.437+0000] {logging_mixin.py:190} INFO - [2025-03-16T06:06:46.437+0000] {dag.py:4180} INFO - Setting next_dagrun for example_branch_labels to 2025-03-15 00:00:00+00:00, run_after=2025-03-16 00:00:00+00:00
[2025-03-16T06:06:46.445+0000] {processor.py:208} INFO - Processing /home/airflow/.local/lib/python3.12/site-packages/airflow/example_dags/example_branch_labels.py took 0.048 seconds
[2025-03-16T07:16:49.348+0000] {processor.py:186} INFO - Started process (PID=9037) to work on /home/airflow/.local/lib/python3.12/site-packages/airflow/example_dags/example_branch_labels.py
[2025-03-16T07:16:49.349+0000] {processor.py:914} INFO - Processing file /home/airflow/.local/lib/python3.12/site-packages/airflow/example_dags/example_branch_labels.py for tasks to queue
[2025-03-16T07:16:49.350+0000] {logging_mixin.py:190} INFO - [2025-03-16T07:16:49.350+0000] {dagbag.py:588} INFO - Filling up the DagBag from /home/airflow/.local/lib/python3.12/site-packages/airflow/example_dags/example_branch_labels.py
[2025-03-16T07:16:49.355+0000] {processor.py:925} INFO - DAG(s) 'example_branch_labels' retrieved from /home/airflow/.local/lib/python3.12/site-packages/airflow/example_dags/example_branch_labels.py
[2025-03-16T07:16:49.365+0000] {logging_mixin.py:190} INFO - [2025-03-16T07:16:49.365+0000] {dag.py:3239} INFO - Sync 1 DAGs
[2025-03-16T07:16:49.376+0000] {logging_mixin.py:190} INFO - [2025-03-16T07:16:49.376+0000] {dag.py:4180} INFO - Setting next_dagrun for example_branch_labels to 2025-03-15 00:00:00+00:00, run_after=2025-03-16 00:00:00+00:00
[2025-03-16T07:16:49.385+0000] {processor.py:208} INFO - Processing /home/airflow/.local/lib/python3.12/site-packages/airflow/example_dags/example_branch_labels.py took 0.040 seconds
[2025-03-16T08:08:41.678+0000] {processor.py:186} INFO - Started process (PID=9102) to work on /home/airflow/.local/lib/python3.12/site-packages/airflow/example_dags/example_branch_labels.py
[2025-03-16T08:08:41.680+0000] {processor.py:914} INFO - Processing file /home/airflow/.local/lib/python3.12/site-packages/airflow/example_dags/example_branch_labels.py for tasks to queue
[2025-03-16T08:08:41.681+0000] {logging_mixin.py:190} INFO - [2025-03-16T08:08:41.681+0000] {dagbag.py:588} INFO - Filling up the DagBag from /home/airflow/.local/lib/python3.12/site-packages/airflow/example_dags/example_branch_labels.py
[2025-03-16T08:08:41.686+0000] {processor.py:925} INFO - DAG(s) 'example_branch_labels' retrieved from /home/airflow/.local/lib/python3.12/site-packages/airflow/example_dags/example_branch_labels.py
[2025-03-16T08:08:41.697+0000] {logging_mixin.py:190} INFO - [2025-03-16T08:08:41.697+0000] {dag.py:3239} INFO - Sync 1 DAGs
[2025-03-16T08:08:41.707+0000] {logging_mixin.py:190} INFO - [2025-03-16T08:08:41.707+0000] {dag.py:4180} INFO - Setting next_dagrun for example_branch_labels to 2025-03-15 00:00:00+00:00, run_after=2025-03-16 00:00:00+00:00
[2025-03-16T08:08:41.717+0000] {processor.py:208} INFO - Processing /home/airflow/.local/lib/python3.12/site-packages/airflow/example_dags/example_branch_labels.py took 0.042 seconds
[2025-03-16T09:18:51.739+0000] {processor.py:186} INFO - Started process (PID=9167) to work on /home/airflow/.local/lib/python3.12/site-packages/airflow/example_dags/example_branch_labels.py
[2025-03-16T09:18:51.740+0000] {processor.py:914} INFO - Processing file /home/airflow/.local/lib/python3.12/site-packages/airflow/example_dags/example_branch_labels.py for tasks to queue
[2025-03-16T09:18:51.741+0000] {logging_mixin.py:190} INFO - [2025-03-16T09:18:51.741+0000] {dagbag.py:588} INFO - Filling up the DagBag from /home/airflow/.local/lib/python3.12/site-packages/airflow/example_dags/example_branch_labels.py
[2025-03-16T09:18:51.747+0000] {processor.py:925} INFO - DAG(s) 'example_branch_labels' retrieved from /home/airflow/.local/lib/python3.12/site-packages/airflow/example_dags/example_branch_labels.py
[2025-03-16T09:18:51.759+0000] {logging_mixin.py:190} INFO - [2025-03-16T09:18:51.759+0000] {dag.py:3239} INFO - Sync 1 DAGs
[2025-03-16T09:18:51.769+0000] {logging_mixin.py:190} INFO - [2025-03-16T09:18:51.769+0000] {dag.py:4180} INFO - Setting next_dagrun for example_branch_labels to 2025-03-15 00:00:00+00:00, run_after=2025-03-16 00:00:00+00:00
[2025-03-16T09:18:51.781+0000] {processor.py:208} INFO - Processing /home/airflow/.local/lib/python3.12/site-packages/airflow/example_dags/example_branch_labels.py took 0.045 seconds
[2025-03-16T10:37:10.708+0000] {processor.py:186} INFO - Started process (PID=9233) to work on /home/airflow/.local/lib/python3.12/site-packages/airflow/example_dags/example_branch_labels.py
[2025-03-16T10:37:10.709+0000] {processor.py:914} INFO - Processing file /home/airflow/.local/lib/python3.12/site-packages/airflow/example_dags/example_branch_labels.py for tasks to queue
[2025-03-16T10:37:10.713+0000] {logging_mixin.py:190} INFO - [2025-03-16T10:37:10.712+0000] {dagbag.py:588} INFO - Filling up the DagBag from /home/airflow/.local/lib/python3.12/site-packages/airflow/example_dags/example_branch_labels.py
[2025-03-16T10:37:10.718+0000] {processor.py:925} INFO - DAG(s) 'example_branch_labels' retrieved from /home/airflow/.local/lib/python3.12/site-packages/airflow/example_dags/example_branch_labels.py
[2025-03-16T10:37:10.729+0000] {logging_mixin.py:190} INFO - [2025-03-16T10:37:10.729+0000] {dag.py:3239} INFO - Sync 1 DAGs
[2025-03-16T10:37:10.742+0000] {logging_mixin.py:190} INFO - [2025-03-16T10:37:10.742+0000] {dag.py:4180} INFO - Setting next_dagrun for example_branch_labels to 2025-03-15 00:00:00+00:00, run_after=2025-03-16 00:00:00+00:00
[2025-03-16T10:37:10.749+0000] {processor.py:208} INFO - Processing /home/airflow/.local/lib/python3.12/site-packages/airflow/example_dags/example_branch_labels.py took 0.044 seconds
[2025-03-16T11:55:36.986+0000] {processor.py:186} INFO - Started process (PID=9299) to work on /home/airflow/.local/lib/python3.12/site-packages/airflow/example_dags/example_branch_labels.py
[2025-03-16T11:55:36.991+0000] {processor.py:914} INFO - Processing file /home/airflow/.local/lib/python3.12/site-packages/airflow/example_dags/example_branch_labels.py for tasks to queue
[2025-03-16T11:55:36.992+0000] {logging_mixin.py:190} INFO - [2025-03-16T11:55:36.992+0000] {dagbag.py:588} INFO - Filling up the DagBag from /home/airflow/.local/lib/python3.12/site-packages/airflow/example_dags/example_branch_labels.py
[2025-03-16T11:55:36.997+0000] {processor.py:925} INFO - DAG(s) 'example_branch_labels' retrieved from /home/airflow/.local/lib/python3.12/site-packages/airflow/example_dags/example_branch_labels.py
[2025-03-16T11:55:37.010+0000] {logging_mixin.py:190} INFO - [2025-03-16T11:55:37.010+0000] {dag.py:3239} INFO - Sync 1 DAGs
[2025-03-16T11:55:37.020+0000] {logging_mixin.py:190} INFO - [2025-03-16T11:55:37.020+0000] {dag.py:4180} INFO - Setting next_dagrun for example_branch_labels to 2025-03-15 00:00:00+00:00, run_after=2025-03-16 00:00:00+00:00
[2025-03-16T11:55:37.029+0000] {processor.py:208} INFO - Processing /home/airflow/.local/lib/python3.12/site-packages/airflow/example_dags/example_branch_labels.py took 0.046 seconds
[2025-03-16T13:22:48.513+0000] {processor.py:186} INFO - Started process (PID=9365) to work on /home/airflow/.local/lib/python3.12/site-packages/airflow/example_dags/example_branch_labels.py
[2025-03-16T13:22:48.514+0000] {processor.py:914} INFO - Processing file /home/airflow/.local/lib/python3.12/site-packages/airflow/example_dags/example_branch_labels.py for tasks to queue
[2025-03-16T13:22:48.515+0000] {logging_mixin.py:190} INFO - [2025-03-16T13:22:48.515+0000] {dagbag.py:588} INFO - Filling up the DagBag from /home/airflow/.local/lib/python3.12/site-packages/airflow/example_dags/example_branch_labels.py
[2025-03-16T13:22:48.521+0000] {processor.py:925} INFO - DAG(s) 'example_branch_labels' retrieved from /home/airflow/.local/lib/python3.12/site-packages/airflow/example_dags/example_branch_labels.py
[2025-03-16T13:22:48.532+0000] {logging_mixin.py:190} INFO - [2025-03-16T13:22:48.532+0000] {dag.py:3239} INFO - Sync 1 DAGs
[2025-03-16T13:22:48.544+0000] {logging_mixin.py:190} INFO - [2025-03-16T13:22:48.544+0000] {dag.py:4180} INFO - Setting next_dagrun for example_branch_labels to 2025-03-15 00:00:00+00:00, run_after=2025-03-16 00:00:00+00:00
[2025-03-16T13:22:48.555+0000] {processor.py:208} INFO - Processing /home/airflow/.local/lib/python3.12/site-packages/airflow/example_dags/example_branch_labels.py took 0.045 seconds
[2025-03-16T14:21:35.992+0000] {processor.py:186} INFO - Started process (PID=9431) to work on /home/airflow/.local/lib/python3.12/site-packages/airflow/example_dags/example_branch_labels.py
[2025-03-16T14:21:35.993+0000] {processor.py:914} INFO - Processing file /home/airflow/.local/lib/python3.12/site-packages/airflow/example_dags/example_branch_labels.py for tasks to queue
[2025-03-16T14:21:35.995+0000] {logging_mixin.py:190} INFO - [2025-03-16T14:21:35.994+0000] {dagbag.py:588} INFO - Filling up the DagBag from /home/airflow/.local/lib/python3.12/site-packages/airflow/example_dags/example_branch_labels.py
[2025-03-16T14:21:35.999+0000] {processor.py:925} INFO - DAG(s) 'example_branch_labels' retrieved from /home/airflow/.local/lib/python3.12/site-packages/airflow/example_dags/example_branch_labels.py
[2025-03-16T14:21:36.010+0000] {logging_mixin.py:190} INFO - [2025-03-16T14:21:36.010+0000] {dag.py:3239} INFO - Sync 1 DAGs
[2025-03-16T14:21:36.022+0000] {logging_mixin.py:190} INFO - [2025-03-16T14:21:36.022+0000] {dag.py:4180} INFO - Setting next_dagrun for example_branch_labels to 2025-03-15 00:00:00+00:00, run_after=2025-03-16 00:00:00+00:00
[2025-03-16T14:21:36.030+0000] {processor.py:208} INFO - Processing /home/airflow/.local/lib/python3.12/site-packages/airflow/example_dags/example_branch_labels.py took 0.041 seconds
[2025-03-16T15:24:56.049+0000] {processor.py:186} INFO - Started process (PID=9497) to work on /home/airflow/.local/lib/python3.12/site-packages/airflow/example_dags/example_branch_labels.py
[2025-03-16T15:24:56.050+0000] {processor.py:914} INFO - Processing file /home/airflow/.local/lib/python3.12/site-packages/airflow/example_dags/example_branch_labels.py for tasks to queue
[2025-03-16T15:24:56.051+0000] {logging_mixin.py:190} INFO - [2025-03-16T15:24:56.050+0000] {dagbag.py:588} INFO - Filling up the DagBag from /home/airflow/.local/lib/python3.12/site-packages/airflow/example_dags/example_branch_labels.py
[2025-03-16T15:24:56.056+0000] {processor.py:925} INFO - DAG(s) 'example_branch_labels' retrieved from /home/airflow/.local/lib/python3.12/site-packages/airflow/example_dags/example_branch_labels.py
[2025-03-16T15:24:56.071+0000] {logging_mixin.py:190} INFO - [2025-03-16T15:24:56.071+0000] {dag.py:3239} INFO - Sync 1 DAGs
[2025-03-16T15:24:56.086+0000] {logging_mixin.py:190} INFO - [2025-03-16T15:24:56.086+0000] {dag.py:4180} INFO - Setting next_dagrun for example_branch_labels to 2025-03-15 00:00:00+00:00, run_after=2025-03-16 00:00:00+00:00
[2025-03-16T15:24:56.098+0000] {processor.py:208} INFO - Processing /home/airflow/.local/lib/python3.12/site-packages/airflow/example_dags/example_branch_labels.py took 0.052 seconds
[2025-03-16T15:28:42.940+0000] {processor.py:186} INFO - Started process (PID=9562) to work on /home/airflow/.local/lib/python3.12/site-packages/airflow/example_dags/example_branch_labels.py
[2025-03-16T15:28:42.944+0000] {processor.py:914} INFO - Processing file /home/airflow/.local/lib/python3.12/site-packages/airflow/example_dags/example_branch_labels.py for tasks to queue
[2025-03-16T15:28:42.945+0000] {logging_mixin.py:190} INFO - [2025-03-16T15:28:42.945+0000] {dagbag.py:588} INFO - Filling up the DagBag from /home/airflow/.local/lib/python3.12/site-packages/airflow/example_dags/example_branch_labels.py
[2025-03-16T15:28:42.951+0000] {processor.py:925} INFO - DAG(s) 'example_branch_labels' retrieved from /home/airflow/.local/lib/python3.12/site-packages/airflow/example_dags/example_branch_labels.py
[2025-03-16T15:28:42.961+0000] {logging_mixin.py:190} INFO - [2025-03-16T15:28:42.961+0000] {dag.py:3239} INFO - Sync 1 DAGs
[2025-03-16T15:28:42.973+0000] {logging_mixin.py:190} INFO - [2025-03-16T15:28:42.973+0000] {dag.py:4180} INFO - Setting next_dagrun for example_branch_labels to 2025-03-15 00:00:00+00:00, run_after=2025-03-16 00:00:00+00:00
[2025-03-16T15:28:42.988+0000] {processor.py:208} INFO - Processing /home/airflow/.local/lib/python3.12/site-packages/airflow/example_dags/example_branch_labels.py took 0.051 seconds
[2025-03-16T15:47:19.641+0000] {processor.py:186} INFO - Started process (PID=9628) to work on /home/airflow/.local/lib/python3.12/site-packages/airflow/example_dags/example_branch_labels.py
[2025-03-16T15:47:19.646+0000] {processor.py:914} INFO - Processing file /home/airflow/.local/lib/python3.12/site-packages/airflow/example_dags/example_branch_labels.py for tasks to queue
[2025-03-16T15:47:19.651+0000] {logging_mixin.py:190} INFO - [2025-03-16T15:47:19.651+0000] {dagbag.py:588} INFO - Filling up the DagBag from /home/airflow/.local/lib/python3.12/site-packages/airflow/example_dags/example_branch_labels.py
[2025-03-16T15:47:19.658+0000] {processor.py:925} INFO - DAG(s) 'example_branch_labels' retrieved from /home/airflow/.local/lib/python3.12/site-packages/airflow/example_dags/example_branch_labels.py
[2025-03-16T15:47:19.676+0000] {logging_mixin.py:190} INFO - [2025-03-16T15:47:19.676+0000] {dag.py:3239} INFO - Sync 1 DAGs
[2025-03-16T15:47:19.691+0000] {logging_mixin.py:190} INFO - [2025-03-16T15:47:19.691+0000] {dag.py:4180} INFO - Setting next_dagrun for example_branch_labels to 2025-03-15 00:00:00+00:00, run_after=2025-03-16 00:00:00+00:00
[2025-03-16T15:47:19.701+0000] {processor.py:208} INFO - Processing /home/airflow/.local/lib/python3.12/site-packages/airflow/example_dags/example_branch_labels.py took 0.065 seconds
[2025-03-16T16:34:23.035+0000] {processor.py:186} INFO - Started process (PID=9694) to work on /home/airflow/.local/lib/python3.12/site-packages/airflow/example_dags/example_branch_labels.py
[2025-03-16T16:34:23.036+0000] {processor.py:914} INFO - Processing file /home/airflow/.local/lib/python3.12/site-packages/airflow/example_dags/example_branch_labels.py for tasks to queue
[2025-03-16T16:34:23.037+0000] {logging_mixin.py:190} INFO - [2025-03-16T16:34:23.037+0000] {dagbag.py:588} INFO - Filling up the DagBag from /home/airflow/.local/lib/python3.12/site-packages/airflow/example_dags/example_branch_labels.py
[2025-03-16T16:34:23.043+0000] {processor.py:925} INFO - DAG(s) 'example_branch_labels' retrieved from /home/airflow/.local/lib/python3.12/site-packages/airflow/example_dags/example_branch_labels.py
[2025-03-16T16:34:23.052+0000] {logging_mixin.py:190} INFO - [2025-03-16T16:34:23.052+0000] {dag.py:3239} INFO - Sync 1 DAGs
[2025-03-16T16:34:23.065+0000] {logging_mixin.py:190} INFO - [2025-03-16T16:34:23.065+0000] {dag.py:4180} INFO - Setting next_dagrun for example_branch_labels to 2025-03-15 00:00:00+00:00, run_after=2025-03-16 00:00:00+00:00
[2025-03-16T16:34:23.075+0000] {processor.py:208} INFO - Processing /home/airflow/.local/lib/python3.12/site-packages/airflow/example_dags/example_branch_labels.py took 0.042 seconds
[2025-03-16T17:31:56.691+0000] {processor.py:186} INFO - Started process (PID=9759) to work on /home/airflow/.local/lib/python3.12/site-packages/airflow/example_dags/example_branch_labels.py
[2025-03-16T17:31:56.694+0000] {processor.py:914} INFO - Processing file /home/airflow/.local/lib/python3.12/site-packages/airflow/example_dags/example_branch_labels.py for tasks to queue
[2025-03-16T17:31:56.695+0000] {logging_mixin.py:190} INFO - [2025-03-16T17:31:56.695+0000] {dagbag.py:588} INFO - Filling up the DagBag from /home/airflow/.local/lib/python3.12/site-packages/airflow/example_dags/example_branch_labels.py
[2025-03-16T17:31:56.701+0000] {processor.py:925} INFO - DAG(s) 'example_branch_labels' retrieved from /home/airflow/.local/lib/python3.12/site-packages/airflow/example_dags/example_branch_labels.py
[2025-03-16T17:31:56.712+0000] {logging_mixin.py:190} INFO - [2025-03-16T17:31:56.711+0000] {dag.py:3239} INFO - Sync 1 DAGs
[2025-03-16T17:31:56.728+0000] {logging_mixin.py:190} INFO - [2025-03-16T17:31:56.728+0000] {dag.py:4180} INFO - Setting next_dagrun for example_branch_labels to 2025-03-15 00:00:00+00:00, run_after=2025-03-16 00:00:00+00:00
[2025-03-16T17:31:56.742+0000] {processor.py:208} INFO - Processing /home/airflow/.local/lib/python3.12/site-packages/airflow/example_dags/example_branch_labels.py took 0.054 seconds
[2025-03-16T19:10:48.783+0000] {processor.py:186} INFO - Started process (PID=9825) to work on /home/airflow/.local/lib/python3.12/site-packages/airflow/example_dags/example_branch_labels.py
[2025-03-16T19:10:48.784+0000] {processor.py:914} INFO - Processing file /home/airflow/.local/lib/python3.12/site-packages/airflow/example_dags/example_branch_labels.py for tasks to queue
[2025-03-16T19:10:48.787+0000] {logging_mixin.py:190} INFO - [2025-03-16T19:10:48.787+0000] {dagbag.py:588} INFO - Filling up the DagBag from /home/airflow/.local/lib/python3.12/site-packages/airflow/example_dags/example_branch_labels.py
[2025-03-16T19:10:48.792+0000] {processor.py:925} INFO - DAG(s) 'example_branch_labels' retrieved from /home/airflow/.local/lib/python3.12/site-packages/airflow/example_dags/example_branch_labels.py
[2025-03-16T19:10:48.805+0000] {logging_mixin.py:190} INFO - [2025-03-16T19:10:48.805+0000] {dag.py:3239} INFO - Sync 1 DAGs
[2025-03-16T19:10:48.815+0000] {logging_mixin.py:190} INFO - [2025-03-16T19:10:48.815+0000] {dag.py:4180} INFO - Setting next_dagrun for example_branch_labels to 2025-03-15 00:00:00+00:00, run_after=2025-03-16 00:00:00+00:00
[2025-03-16T19:10:48.828+0000] {processor.py:208} INFO - Processing /home/airflow/.local/lib/python3.12/site-packages/airflow/example_dags/example_branch_labels.py took 0.048 seconds
[2025-03-16T20:34:17.209+0000] {processor.py:186} INFO - Started process (PID=9891) to work on /home/airflow/.local/lib/python3.12/site-packages/airflow/example_dags/example_branch_labels.py
[2025-03-16T20:34:17.210+0000] {processor.py:914} INFO - Processing file /home/airflow/.local/lib/python3.12/site-packages/airflow/example_dags/example_branch_labels.py for tasks to queue
[2025-03-16T20:34:17.211+0000] {logging_mixin.py:190} INFO - [2025-03-16T20:34:17.211+0000] {dagbag.py:588} INFO - Filling up the DagBag from /home/airflow/.local/lib/python3.12/site-packages/airflow/example_dags/example_branch_labels.py
[2025-03-16T20:34:17.217+0000] {processor.py:925} INFO - DAG(s) 'example_branch_labels' retrieved from /home/airflow/.local/lib/python3.12/site-packages/airflow/example_dags/example_branch_labels.py
[2025-03-16T20:34:17.228+0000] {logging_mixin.py:190} INFO - [2025-03-16T20:34:17.228+0000] {dag.py:3239} INFO - Sync 1 DAGs
[2025-03-16T20:34:17.243+0000] {logging_mixin.py:190} INFO - [2025-03-16T20:34:17.243+0000] {dag.py:4180} INFO - Setting next_dagrun for example_branch_labels to 2025-03-15 00:00:00+00:00, run_after=2025-03-16 00:00:00+00:00
[2025-03-16T20:34:17.254+0000] {processor.py:208} INFO - Processing /home/airflow/.local/lib/python3.12/site-packages/airflow/example_dags/example_branch_labels.py took 0.049 seconds
[2025-03-16T22:12:56.999+0000] {processor.py:186} INFO - Started process (PID=9956) to work on /home/airflow/.local/lib/python3.12/site-packages/airflow/example_dags/example_branch_labels.py
[2025-03-16T22:12:57.000+0000] {processor.py:914} INFO - Processing file /home/airflow/.local/lib/python3.12/site-packages/airflow/example_dags/example_branch_labels.py for tasks to queue
[2025-03-16T22:12:57.001+0000] {logging_mixin.py:190} INFO - [2025-03-16T22:12:57.001+0000] {dagbag.py:588} INFO - Filling up the DagBag from /home/airflow/.local/lib/python3.12/site-packages/airflow/example_dags/example_branch_labels.py
[2025-03-16T22:12:57.006+0000] {processor.py:925} INFO - DAG(s) 'example_branch_labels' retrieved from /home/airflow/.local/lib/python3.12/site-packages/airflow/example_dags/example_branch_labels.py
[2025-03-16T22:12:57.019+0000] {logging_mixin.py:190} INFO - [2025-03-16T22:12:57.019+0000] {dag.py:3239} INFO - Sync 1 DAGs
[2025-03-16T22:12:57.030+0000] {logging_mixin.py:190} INFO - [2025-03-16T22:12:57.030+0000] {dag.py:4180} INFO - Setting next_dagrun for example_branch_labels to 2025-03-15 00:00:00+00:00, run_after=2025-03-16 00:00:00+00:00
[2025-03-16T22:12:57.044+0000] {processor.py:208} INFO - Processing /home/airflow/.local/lib/python3.12/site-packages/airflow/example_dags/example_branch_labels.py took 0.048 seconds
[2025-03-16T23:22:37.443+0000] {processor.py:186} INFO - Started process (PID=10021) to work on /home/airflow/.local/lib/python3.12/site-packages/airflow/example_dags/example_branch_labels.py
[2025-03-16T23:22:37.443+0000] {processor.py:914} INFO - Processing file /home/airflow/.local/lib/python3.12/site-packages/airflow/example_dags/example_branch_labels.py for tasks to queue
[2025-03-16T23:22:37.444+0000] {logging_mixin.py:190} INFO - [2025-03-16T23:22:37.444+0000] {dagbag.py:588} INFO - Filling up the DagBag from /home/airflow/.local/lib/python3.12/site-packages/airflow/example_dags/example_branch_labels.py
[2025-03-16T23:22:37.449+0000] {processor.py:925} INFO - DAG(s) 'example_branch_labels' retrieved from /home/airflow/.local/lib/python3.12/site-packages/airflow/example_dags/example_branch_labels.py
[2025-03-16T23:22:37.458+0000] {logging_mixin.py:190} INFO - [2025-03-16T23:22:37.458+0000] {dag.py:3239} INFO - Sync 1 DAGs
[2025-03-16T23:22:37.475+0000] {logging_mixin.py:190} INFO - [2025-03-16T23:22:37.475+0000] {dag.py:4180} INFO - Setting next_dagrun for example_branch_labels to 2025-03-15 00:00:00+00:00, run_after=2025-03-16 00:00:00+00:00
[2025-03-16T23:22:37.486+0000] {processor.py:208} INFO - Processing /home/airflow/.local/lib/python3.12/site-packages/airflow/example_dags/example_branch_labels.py took 0.047 seconds
