[2025-03-16T01:29:03.759+0000] {processor.py:186} INFO - Started process (PID=8680) to work on /home/airflow/.local/lib/python3.12/site-packages/airflow/example_dags/example_display_name.py
[2025-03-16T01:29:03.762+0000] {processor.py:914} INFO - Processing file /home/airflow/.local/lib/python3.12/site-packages/airflow/example_dags/example_display_name.py for tasks to queue
[2025-03-16T01:29:03.763+0000] {logging_mixin.py:190} INFO - [2025-03-16T01:29:03.763+0000] {dagbag.py:588} INFO - Filling up the DagBag from /home/airflow/.local/lib/python3.12/site-packages/airflow/example_dags/example_display_name.py
[2025-03-16T01:29:03.767+0000] {processor.py:925} INFO - DAG(s) 'example_display_name' retrieved from /home/airflow/.local/lib/python3.12/site-packages/airflow/example_dags/example_display_name.py
[2025-03-16T01:29:03.777+0000] {logging_mixin.py:190} INFO - [2025-03-16T01:29:03.777+0000] {dag.py:3239} INFO - Sync 1 DAGs
[2025-03-16T01:29:03.784+0000] {logging_mixin.py:190} INFO - [2025-03-16T01:29:03.783+0000] {dag.py:4180} INFO - Setting next_dagrun for example_display_name to None, run_after=None
[2025-03-16T01:29:03.792+0000] {processor.py:208} INFO - Processing /home/airflow/.local/lib/python3.12/site-packages/airflow/example_dags/example_display_name.py took 0.036 seconds
[2025-03-16T02:50:13.955+0000] {processor.py:186} INFO - Started process (PID=8747) to work on /home/airflow/.local/lib/python3.12/site-packages/airflow/example_dags/example_display_name.py
[2025-03-16T02:50:13.957+0000] {processor.py:914} INFO - Processing file /home/airflow/.local/lib/python3.12/site-packages/airflow/example_dags/example_display_name.py for tasks to queue
[2025-03-16T02:50:13.959+0000] {logging_mixin.py:190} INFO - [2025-03-16T02:50:13.959+0000] {dagbag.py:588} INFO - Filling up the DagBag from /home/airflow/.local/lib/python3.12/site-packages/airflow/example_dags/example_display_name.py
[2025-03-16T02:50:13.963+0000] {processor.py:925} INFO - DAG(s) 'example_display_name' retrieved from /home/airflow/.local/lib/python3.12/site-packages/airflow/example_dags/example_display_name.py
[2025-03-16T02:50:13.972+0000] {logging_mixin.py:190} INFO - [2025-03-16T02:50:13.972+0000] {dag.py:3239} INFO - Sync 1 DAGs
[2025-03-16T02:50:13.978+0000] {logging_mixin.py:190} INFO - [2025-03-16T02:50:13.978+0000] {dag.py:4180} INFO - Setting next_dagrun for example_display_name to None, run_after=None
[2025-03-16T02:50:13.986+0000] {processor.py:208} INFO - Processing /home/airflow/.local/lib/python3.12/site-packages/airflow/example_dags/example_display_name.py took 0.033 seconds
[2025-03-16T04:04:21.013+0000] {processor.py:186} INFO - Started process (PID=8813) to work on /home/airflow/.local/lib/python3.12/site-packages/airflow/example_dags/example_display_name.py
[2025-03-16T04:04:21.014+0000] {processor.py:914} INFO - Processing file /home/airflow/.local/lib/python3.12/site-packages/airflow/example_dags/example_display_name.py for tasks to queue
[2025-03-16T04:04:21.015+0000] {logging_mixin.py:190} INFO - [2025-03-16T04:04:21.015+0000] {dagbag.py:588} INFO - Filling up the DagBag from /home/airflow/.local/lib/python3.12/site-packages/airflow/example_dags/example_display_name.py
[2025-03-16T04:04:21.021+0000] {processor.py:925} INFO - DAG(s) 'example_display_name' retrieved from /home/airflow/.local/lib/python3.12/site-packages/airflow/example_dags/example_display_name.py
[2025-03-16T04:04:21.033+0000] {logging_mixin.py:190} INFO - [2025-03-16T04:04:21.033+0000] {dag.py:3239} INFO - Sync 1 DAGs
[2025-03-16T04:04:21.042+0000] {logging_mixin.py:190} INFO - [2025-03-16T04:04:21.042+0000] {dag.py:4180} INFO - Setting next_dagrun for example_display_name to None, run_after=None
[2025-03-16T04:04:21.054+0000] {processor.py:208} INFO - Processing /home/airflow/.local/lib/python3.12/site-packages/airflow/example_dags/example_display_name.py took 0.045 seconds
[2025-03-16T05:14:52.716+0000] {processor.py:186} INFO - Started process (PID=8878) to work on /home/airflow/.local/lib/python3.12/site-packages/airflow/example_dags/example_display_name.py
[2025-03-16T05:14:52.716+0000] {processor.py:914} INFO - Processing file /home/airflow/.local/lib/python3.12/site-packages/airflow/example_dags/example_display_name.py for tasks to queue
[2025-03-16T05:14:52.717+0000] {logging_mixin.py:190} INFO - [2025-03-16T05:14:52.717+0000] {dagbag.py:588} INFO - Filling up the DagBag from /home/airflow/.local/lib/python3.12/site-packages/airflow/example_dags/example_display_name.py
[2025-03-16T05:14:52.721+0000] {processor.py:925} INFO - DAG(s) 'example_display_name' retrieved from /home/airflow/.local/lib/python3.12/site-packages/airflow/example_dags/example_display_name.py
[2025-03-16T05:14:52.732+0000] {logging_mixin.py:190} INFO - [2025-03-16T05:14:52.732+0000] {dag.py:3239} INFO - Sync 1 DAGs
[2025-03-16T05:14:52.739+0000] {logging_mixin.py:190} INFO - [2025-03-16T05:14:52.739+0000] {dag.py:4180} INFO - Setting next_dagrun for example_display_name to None, run_after=None
[2025-03-16T05:14:52.746+0000] {processor.py:208} INFO - Processing /home/airflow/.local/lib/python3.12/site-packages/airflow/example_dags/example_display_name.py took 0.033 seconds
[2025-03-16T06:06:45.218+0000] {processor.py:186} INFO - Started process (PID=8944) to work on /home/airflow/.local/lib/python3.12/site-packages/airflow/example_dags/example_display_name.py
[2025-03-16T06:06:45.221+0000] {processor.py:914} INFO - Processing file /home/airflow/.local/lib/python3.12/site-packages/airflow/example_dags/example_display_name.py for tasks to queue
[2025-03-16T06:06:45.223+0000] {logging_mixin.py:190} INFO - [2025-03-16T06:06:45.223+0000] {dagbag.py:588} INFO - Filling up the DagBag from /home/airflow/.local/lib/python3.12/site-packages/airflow/example_dags/example_display_name.py
[2025-03-16T06:06:45.227+0000] {processor.py:925} INFO - DAG(s) 'example_display_name' retrieved from /home/airflow/.local/lib/python3.12/site-packages/airflow/example_dags/example_display_name.py
[2025-03-16T06:06:45.237+0000] {logging_mixin.py:190} INFO - [2025-03-16T06:06:45.237+0000] {dag.py:3239} INFO - Sync 1 DAGs
[2025-03-16T06:06:45.244+0000] {logging_mixin.py:190} INFO - [2025-03-16T06:06:45.244+0000] {dag.py:4180} INFO - Setting next_dagrun for example_display_name to None, run_after=None
[2025-03-16T06:06:45.253+0000] {processor.py:208} INFO - Processing /home/airflow/.local/lib/python3.12/site-packages/airflow/example_dags/example_display_name.py took 0.038 seconds
[2025-03-16T07:16:48.274+0000] {processor.py:186} INFO - Started process (PID=9010) to work on /home/airflow/.local/lib/python3.12/site-packages/airflow/example_dags/example_display_name.py
[2025-03-16T07:16:48.274+0000] {processor.py:914} INFO - Processing file /home/airflow/.local/lib/python3.12/site-packages/airflow/example_dags/example_display_name.py for tasks to queue
[2025-03-16T07:16:48.275+0000] {logging_mixin.py:190} INFO - [2025-03-16T07:16:48.275+0000] {dagbag.py:588} INFO - Filling up the DagBag from /home/airflow/.local/lib/python3.12/site-packages/airflow/example_dags/example_display_name.py
[2025-03-16T07:16:48.279+0000] {processor.py:925} INFO - DAG(s) 'example_display_name' retrieved from /home/airflow/.local/lib/python3.12/site-packages/airflow/example_dags/example_display_name.py
[2025-03-16T07:16:48.288+0000] {logging_mixin.py:190} INFO - [2025-03-16T07:16:48.288+0000] {dag.py:3239} INFO - Sync 1 DAGs
[2025-03-16T07:16:48.294+0000] {logging_mixin.py:190} INFO - [2025-03-16T07:16:48.294+0000] {dag.py:4180} INFO - Setting next_dagrun for example_display_name to None, run_after=None
[2025-03-16T07:16:48.306+0000] {processor.py:208} INFO - Processing /home/airflow/.local/lib/python3.12/site-packages/airflow/example_dags/example_display_name.py took 0.035 seconds
[2025-03-16T08:08:40.568+0000] {processor.py:186} INFO - Started process (PID=9075) to work on /home/airflow/.local/lib/python3.12/site-packages/airflow/example_dags/example_display_name.py
[2025-03-16T08:08:40.568+0000] {processor.py:914} INFO - Processing file /home/airflow/.local/lib/python3.12/site-packages/airflow/example_dags/example_display_name.py for tasks to queue
[2025-03-16T08:08:40.569+0000] {logging_mixin.py:190} INFO - [2025-03-16T08:08:40.569+0000] {dagbag.py:588} INFO - Filling up the DagBag from /home/airflow/.local/lib/python3.12/site-packages/airflow/example_dags/example_display_name.py
[2025-03-16T08:08:40.573+0000] {processor.py:925} INFO - DAG(s) 'example_display_name' retrieved from /home/airflow/.local/lib/python3.12/site-packages/airflow/example_dags/example_display_name.py
[2025-03-16T08:08:40.582+0000] {logging_mixin.py:190} INFO - [2025-03-16T08:08:40.582+0000] {dag.py:3239} INFO - Sync 1 DAGs
[2025-03-16T08:08:40.588+0000] {logging_mixin.py:190} INFO - [2025-03-16T08:08:40.588+0000] {dag.py:4180} INFO - Setting next_dagrun for example_display_name to None, run_after=None
[2025-03-16T08:08:40.595+0000] {processor.py:208} INFO - Processing /home/airflow/.local/lib/python3.12/site-packages/airflow/example_dags/example_display_name.py took 0.029 seconds
[2025-03-16T09:18:50.599+0000] {processor.py:186} INFO - Started process (PID=9140) to work on /home/airflow/.local/lib/python3.12/site-packages/airflow/example_dags/example_display_name.py
[2025-03-16T09:18:50.599+0000] {processor.py:914} INFO - Processing file /home/airflow/.local/lib/python3.12/site-packages/airflow/example_dags/example_display_name.py for tasks to queue
[2025-03-16T09:18:50.600+0000] {logging_mixin.py:190} INFO - [2025-03-16T09:18:50.600+0000] {dagbag.py:588} INFO - Filling up the DagBag from /home/airflow/.local/lib/python3.12/site-packages/airflow/example_dags/example_display_name.py
[2025-03-16T09:18:50.604+0000] {processor.py:925} INFO - DAG(s) 'example_display_name' retrieved from /home/airflow/.local/lib/python3.12/site-packages/airflow/example_dags/example_display_name.py
[2025-03-16T09:18:50.612+0000] {logging_mixin.py:190} INFO - [2025-03-16T09:18:50.612+0000] {dag.py:3239} INFO - Sync 1 DAGs
[2025-03-16T09:18:50.617+0000] {logging_mixin.py:190} INFO - [2025-03-16T09:18:50.617+0000] {dag.py:4180} INFO - Setting next_dagrun for example_display_name to None, run_after=None
[2025-03-16T09:18:50.623+0000] {processor.py:208} INFO - Processing /home/airflow/.local/lib/python3.12/site-packages/airflow/example_dags/example_display_name.py took 0.027 seconds
[2025-03-16T10:37:09.590+0000] {processor.py:186} INFO - Started process (PID=9206) to work on /home/airflow/.local/lib/python3.12/site-packages/airflow/example_dags/example_display_name.py
[2025-03-16T10:37:09.592+0000] {processor.py:914} INFO - Processing file /home/airflow/.local/lib/python3.12/site-packages/airflow/example_dags/example_display_name.py for tasks to queue
[2025-03-16T10:37:09.594+0000] {logging_mixin.py:190} INFO - [2025-03-16T10:37:09.594+0000] {dagbag.py:588} INFO - Filling up the DagBag from /home/airflow/.local/lib/python3.12/site-packages/airflow/example_dags/example_display_name.py
[2025-03-16T10:37:09.598+0000] {processor.py:925} INFO - DAG(s) 'example_display_name' retrieved from /home/airflow/.local/lib/python3.12/site-packages/airflow/example_dags/example_display_name.py
[2025-03-16T10:37:09.607+0000] {logging_mixin.py:190} INFO - [2025-03-16T10:37:09.607+0000] {dag.py:3239} INFO - Sync 1 DAGs
[2025-03-16T10:37:09.614+0000] {logging_mixin.py:190} INFO - [2025-03-16T10:37:09.614+0000] {dag.py:4180} INFO - Setting next_dagrun for example_display_name to None, run_after=None
[2025-03-16T10:37:09.625+0000] {processor.py:208} INFO - Processing /home/airflow/.local/lib/python3.12/site-packages/airflow/example_dags/example_display_name.py took 0.038 seconds
[2025-03-16T11:55:35.691+0000] {processor.py:186} INFO - Started process (PID=9272) to work on /home/airflow/.local/lib/python3.12/site-packages/airflow/example_dags/example_display_name.py
[2025-03-16T11:55:35.692+0000] {processor.py:914} INFO - Processing file /home/airflow/.local/lib/python3.12/site-packages/airflow/example_dags/example_display_name.py for tasks to queue
[2025-03-16T11:55:35.693+0000] {logging_mixin.py:190} INFO - [2025-03-16T11:55:35.693+0000] {dagbag.py:588} INFO - Filling up the DagBag from /home/airflow/.local/lib/python3.12/site-packages/airflow/example_dags/example_display_name.py
[2025-03-16T11:55:35.698+0000] {processor.py:925} INFO - DAG(s) 'example_display_name' retrieved from /home/airflow/.local/lib/python3.12/site-packages/airflow/example_dags/example_display_name.py
[2025-03-16T11:55:35.707+0000] {logging_mixin.py:190} INFO - [2025-03-16T11:55:35.707+0000] {dag.py:3239} INFO - Sync 1 DAGs
[2025-03-16T11:55:35.713+0000] {logging_mixin.py:190} INFO - [2025-03-16T11:55:35.713+0000] {dag.py:4180} INFO - Setting next_dagrun for example_display_name to None, run_after=None
[2025-03-16T11:55:35.723+0000] {processor.py:208} INFO - Processing /home/airflow/.local/lib/python3.12/site-packages/airflow/example_dags/example_display_name.py took 0.035 seconds
[2025-03-16T13:22:47.396+0000] {processor.py:186} INFO - Started process (PID=9338) to work on /home/airflow/.local/lib/python3.12/site-packages/airflow/example_dags/example_display_name.py
[2025-03-16T13:22:47.397+0000] {processor.py:914} INFO - Processing file /home/airflow/.local/lib/python3.12/site-packages/airflow/example_dags/example_display_name.py for tasks to queue
[2025-03-16T13:22:47.399+0000] {logging_mixin.py:190} INFO - [2025-03-16T13:22:47.399+0000] {dagbag.py:588} INFO - Filling up the DagBag from /home/airflow/.local/lib/python3.12/site-packages/airflow/example_dags/example_display_name.py
[2025-03-16T13:22:47.403+0000] {processor.py:925} INFO - DAG(s) 'example_display_name' retrieved from /home/airflow/.local/lib/python3.12/site-packages/airflow/example_dags/example_display_name.py
[2025-03-16T13:22:47.414+0000] {logging_mixin.py:190} INFO - [2025-03-16T13:22:47.413+0000] {dag.py:3239} INFO - Sync 1 DAGs
[2025-03-16T13:22:47.421+0000] {logging_mixin.py:190} INFO - [2025-03-16T13:22:47.421+0000] {dag.py:4180} INFO - Setting next_dagrun for example_display_name to None, run_after=None
[2025-03-16T13:22:47.431+0000] {processor.py:208} INFO - Processing /home/airflow/.local/lib/python3.12/site-packages/airflow/example_dags/example_display_name.py took 0.038 seconds
[2025-03-16T14:21:34.848+0000] {processor.py:186} INFO - Started process (PID=9404) to work on /home/airflow/.local/lib/python3.12/site-packages/airflow/example_dags/example_display_name.py
[2025-03-16T14:21:34.849+0000] {processor.py:914} INFO - Processing file /home/airflow/.local/lib/python3.12/site-packages/airflow/example_dags/example_display_name.py for tasks to queue
[2025-03-16T14:21:34.851+0000] {logging_mixin.py:190} INFO - [2025-03-16T14:21:34.851+0000] {dagbag.py:588} INFO - Filling up the DagBag from /home/airflow/.local/lib/python3.12/site-packages/airflow/example_dags/example_display_name.py
[2025-03-16T14:21:34.855+0000] {processor.py:925} INFO - DAG(s) 'example_display_name' retrieved from /home/airflow/.local/lib/python3.12/site-packages/airflow/example_dags/example_display_name.py
[2025-03-16T14:21:34.864+0000] {logging_mixin.py:190} INFO - [2025-03-16T14:21:34.864+0000] {dag.py:3239} INFO - Sync 1 DAGs
[2025-03-16T14:21:34.869+0000] {logging_mixin.py:190} INFO - [2025-03-16T14:21:34.869+0000] {dag.py:4180} INFO - Setting next_dagrun for example_display_name to None, run_after=None
[2025-03-16T14:21:34.877+0000] {processor.py:208} INFO - Processing /home/airflow/.local/lib/python3.12/site-packages/airflow/example_dags/example_display_name.py took 0.031 seconds
[2025-03-16T15:24:54.805+0000] {processor.py:186} INFO - Started process (PID=9470) to work on /home/airflow/.local/lib/python3.12/site-packages/airflow/example_dags/example_display_name.py
[2025-03-16T15:24:54.805+0000] {processor.py:914} INFO - Processing file /home/airflow/.local/lib/python3.12/site-packages/airflow/example_dags/example_display_name.py for tasks to queue
[2025-03-16T15:24:54.807+0000] {logging_mixin.py:190} INFO - [2025-03-16T15:24:54.806+0000] {dagbag.py:588} INFO - Filling up the DagBag from /home/airflow/.local/lib/python3.12/site-packages/airflow/example_dags/example_display_name.py
[2025-03-16T15:24:54.811+0000] {processor.py:925} INFO - DAG(s) 'example_display_name' retrieved from /home/airflow/.local/lib/python3.12/site-packages/airflow/example_dags/example_display_name.py
[2025-03-16T15:24:54.824+0000] {logging_mixin.py:190} INFO - [2025-03-16T15:24:54.823+0000] {dag.py:3239} INFO - Sync 1 DAGs
[2025-03-16T15:24:54.830+0000] {logging_mixin.py:190} INFO - [2025-03-16T15:24:54.830+0000] {dag.py:4180} INFO - Setting next_dagrun for example_display_name to None, run_after=None
[2025-03-16T15:24:54.842+0000] {processor.py:208} INFO - Processing /home/airflow/.local/lib/python3.12/site-packages/airflow/example_dags/example_display_name.py took 0.039 seconds
[2025-03-16T15:28:41.645+0000] {processor.py:186} INFO - Started process (PID=9535) to work on /home/airflow/.local/lib/python3.12/site-packages/airflow/example_dags/example_display_name.py
[2025-03-16T15:28:41.645+0000] {processor.py:914} INFO - Processing file /home/airflow/.local/lib/python3.12/site-packages/airflow/example_dags/example_display_name.py for tasks to queue
[2025-03-16T15:28:41.646+0000] {logging_mixin.py:190} INFO - [2025-03-16T15:28:41.646+0000] {dagbag.py:588} INFO - Filling up the DagBag from /home/airflow/.local/lib/python3.12/site-packages/airflow/example_dags/example_display_name.py
[2025-03-16T15:28:41.650+0000] {processor.py:925} INFO - DAG(s) 'example_display_name' retrieved from /home/airflow/.local/lib/python3.12/site-packages/airflow/example_dags/example_display_name.py
[2025-03-16T15:28:41.659+0000] {logging_mixin.py:190} INFO - [2025-03-16T15:28:41.659+0000] {dag.py:3239} INFO - Sync 1 DAGs
[2025-03-16T15:28:41.664+0000] {logging_mixin.py:190} INFO - [2025-03-16T15:28:41.664+0000] {dag.py:4180} INFO - Setting next_dagrun for example_display_name to None, run_after=None
[2025-03-16T15:28:41.672+0000] {processor.py:208} INFO - Processing /home/airflow/.local/lib/python3.12/site-packages/airflow/example_dags/example_display_name.py took 0.030 seconds
[2025-03-16T15:47:18.493+0000] {processor.py:186} INFO - Started process (PID=9601) to work on /home/airflow/.local/lib/python3.12/site-packages/airflow/example_dags/example_display_name.py
[2025-03-16T15:47:18.495+0000] {processor.py:914} INFO - Processing file /home/airflow/.local/lib/python3.12/site-packages/airflow/example_dags/example_display_name.py for tasks to queue
[2025-03-16T15:47:18.496+0000] {logging_mixin.py:190} INFO - [2025-03-16T15:47:18.496+0000] {dagbag.py:588} INFO - Filling up the DagBag from /home/airflow/.local/lib/python3.12/site-packages/airflow/example_dags/example_display_name.py
[2025-03-16T15:47:18.501+0000] {processor.py:925} INFO - DAG(s) 'example_display_name' retrieved from /home/airflow/.local/lib/python3.12/site-packages/airflow/example_dags/example_display_name.py
[2025-03-16T15:47:18.509+0000] {logging_mixin.py:190} INFO - [2025-03-16T15:47:18.509+0000] {dag.py:3239} INFO - Sync 1 DAGs
[2025-03-16T15:47:18.515+0000] {logging_mixin.py:190} INFO - [2025-03-16T15:47:18.515+0000] {dag.py:4180} INFO - Setting next_dagrun for example_display_name to None, run_after=None
[2025-03-16T15:47:18.522+0000] {processor.py:208} INFO - Processing /home/airflow/.local/lib/python3.12/site-packages/airflow/example_dags/example_display_name.py took 0.031 seconds
[2025-03-16T16:34:21.568+0000] {processor.py:186} INFO - Started process (PID=9667) to work on /home/airflow/.local/lib/python3.12/site-packages/airflow/example_dags/example_display_name.py
[2025-03-16T16:34:21.571+0000] {processor.py:914} INFO - Processing file /home/airflow/.local/lib/python3.12/site-packages/airflow/example_dags/example_display_name.py for tasks to queue
[2025-03-16T16:34:21.572+0000] {logging_mixin.py:190} INFO - [2025-03-16T16:34:21.572+0000] {dagbag.py:588} INFO - Filling up the DagBag from /home/airflow/.local/lib/python3.12/site-packages/airflow/example_dags/example_display_name.py
[2025-03-16T16:34:21.576+0000] {processor.py:925} INFO - DAG(s) 'example_display_name' retrieved from /home/airflow/.local/lib/python3.12/site-packages/airflow/example_dags/example_display_name.py
[2025-03-16T16:34:21.584+0000] {logging_mixin.py:190} INFO - [2025-03-16T16:34:21.584+0000] {dag.py:3239} INFO - Sync 1 DAGs
[2025-03-16T16:34:21.589+0000] {logging_mixin.py:190} INFO - [2025-03-16T16:34:21.589+0000] {dag.py:4180} INFO - Setting next_dagrun for example_display_name to None, run_after=None
[2025-03-16T16:34:21.596+0000] {processor.py:208} INFO - Processing /home/airflow/.local/lib/python3.12/site-packages/airflow/example_dags/example_display_name.py took 0.030 seconds
[2025-03-16T17:31:55.251+0000] {processor.py:186} INFO - Started process (PID=9732) to work on /home/airflow/.local/lib/python3.12/site-packages/airflow/example_dags/example_display_name.py
[2025-03-16T17:31:55.252+0000] {processor.py:914} INFO - Processing file /home/airflow/.local/lib/python3.12/site-packages/airflow/example_dags/example_display_name.py for tasks to queue
[2025-03-16T17:31:55.253+0000] {logging_mixin.py:190} INFO - [2025-03-16T17:31:55.253+0000] {dagbag.py:588} INFO - Filling up the DagBag from /home/airflow/.local/lib/python3.12/site-packages/airflow/example_dags/example_display_name.py
[2025-03-16T17:31:55.258+0000] {processor.py:925} INFO - DAG(s) 'example_display_name' retrieved from /home/airflow/.local/lib/python3.12/site-packages/airflow/example_dags/example_display_name.py
[2025-03-16T17:31:55.271+0000] {logging_mixin.py:190} INFO - [2025-03-16T17:31:55.271+0000] {dag.py:3239} INFO - Sync 1 DAGs
[2025-03-16T17:31:55.279+0000] {logging_mixin.py:190} INFO - [2025-03-16T17:31:55.279+0000] {dag.py:4180} INFO - Setting next_dagrun for example_display_name to None, run_after=None
[2025-03-16T17:31:55.293+0000] {processor.py:208} INFO - Processing /home/airflow/.local/lib/python3.12/site-packages/airflow/example_dags/example_display_name.py took 0.045 seconds
[2025-03-16T19:10:47.600+0000] {processor.py:186} INFO - Started process (PID=9798) to work on /home/airflow/.local/lib/python3.12/site-packages/airflow/example_dags/example_display_name.py
[2025-03-16T19:10:47.601+0000] {processor.py:914} INFO - Processing file /home/airflow/.local/lib/python3.12/site-packages/airflow/example_dags/example_display_name.py for tasks to queue
[2025-03-16T19:10:47.603+0000] {logging_mixin.py:190} INFO - [2025-03-16T19:10:47.603+0000] {dagbag.py:588} INFO - Filling up the DagBag from /home/airflow/.local/lib/python3.12/site-packages/airflow/example_dags/example_display_name.py
[2025-03-16T19:10:47.608+0000] {processor.py:925} INFO - DAG(s) 'example_display_name' retrieved from /home/airflow/.local/lib/python3.12/site-packages/airflow/example_dags/example_display_name.py
[2025-03-16T19:10:47.622+0000] {logging_mixin.py:190} INFO - [2025-03-16T19:10:47.622+0000] {dag.py:3239} INFO - Sync 1 DAGs
[2025-03-16T19:10:47.627+0000] {logging_mixin.py:190} INFO - [2025-03-16T19:10:47.627+0000] {dag.py:4180} INFO - Setting next_dagrun for example_display_name to None, run_after=None
[2025-03-16T19:10:47.634+0000] {processor.py:208} INFO - Processing /home/airflow/.local/lib/python3.12/site-packages/airflow/example_dags/example_display_name.py took 0.037 seconds
[2025-03-16T20:34:16.053+0000] {processor.py:186} INFO - Started process (PID=9864) to work on /home/airflow/.local/lib/python3.12/site-packages/airflow/example_dags/example_display_name.py
[2025-03-16T20:34:16.053+0000] {processor.py:914} INFO - Processing file /home/airflow/.local/lib/python3.12/site-packages/airflow/example_dags/example_display_name.py for tasks to queue
[2025-03-16T20:34:16.055+0000] {logging_mixin.py:190} INFO - [2025-03-16T20:34:16.055+0000] {dagbag.py:588} INFO - Filling up the DagBag from /home/airflow/.local/lib/python3.12/site-packages/airflow/example_dags/example_display_name.py
[2025-03-16T20:34:16.062+0000] {processor.py:925} INFO - DAG(s) 'example_display_name' retrieved from /home/airflow/.local/lib/python3.12/site-packages/airflow/example_dags/example_display_name.py
[2025-03-16T20:34:16.074+0000] {logging_mixin.py:190} INFO - [2025-03-16T20:34:16.074+0000] {dag.py:3239} INFO - Sync 1 DAGs
[2025-03-16T20:34:16.081+0000] {logging_mixin.py:190} INFO - [2025-03-16T20:34:16.081+0000] {dag.py:4180} INFO - Setting next_dagrun for example_display_name to None, run_after=None
[2025-03-16T20:34:16.093+0000] {processor.py:208} INFO - Processing /home/airflow/.local/lib/python3.12/site-packages/airflow/example_dags/example_display_name.py took 0.043 seconds
[2025-03-16T22:12:55.892+0000] {processor.py:186} INFO - Started process (PID=9929) to work on /home/airflow/.local/lib/python3.12/site-packages/airflow/example_dags/example_display_name.py
[2025-03-16T22:12:55.893+0000] {processor.py:914} INFO - Processing file /home/airflow/.local/lib/python3.12/site-packages/airflow/example_dags/example_display_name.py for tasks to queue
[2025-03-16T22:12:55.895+0000] {logging_mixin.py:190} INFO - [2025-03-16T22:12:55.895+0000] {dagbag.py:588} INFO - Filling up the DagBag from /home/airflow/.local/lib/python3.12/site-packages/airflow/example_dags/example_display_name.py
[2025-03-16T22:12:55.900+0000] {processor.py:925} INFO - DAG(s) 'example_display_name' retrieved from /home/airflow/.local/lib/python3.12/site-packages/airflow/example_dags/example_display_name.py
[2025-03-16T22:12:55.911+0000] {logging_mixin.py:190} INFO - [2025-03-16T22:12:55.911+0000] {dag.py:3239} INFO - Sync 1 DAGs
[2025-03-16T22:12:55.917+0000] {logging_mixin.py:190} INFO - [2025-03-16T22:12:55.917+0000] {dag.py:4180} INFO - Setting next_dagrun for example_display_name to None, run_after=None
[2025-03-16T22:12:55.928+0000] {processor.py:208} INFO - Processing /home/airflow/.local/lib/python3.12/site-packages/airflow/example_dags/example_display_name.py took 0.039 seconds
[2025-03-16T23:22:35.994+0000] {processor.py:186} INFO - Started process (PID=9994) to work on /home/airflow/.local/lib/python3.12/site-packages/airflow/example_dags/example_display_name.py
[2025-03-16T23:22:35.996+0000] {processor.py:914} INFO - Processing file /home/airflow/.local/lib/python3.12/site-packages/airflow/example_dags/example_display_name.py for tasks to queue
[2025-03-16T23:22:35.998+0000] {logging_mixin.py:190} INFO - [2025-03-16T23:22:35.998+0000] {dagbag.py:588} INFO - Filling up the DagBag from /home/airflow/.local/lib/python3.12/site-packages/airflow/example_dags/example_display_name.py
[2025-03-16T23:22:36.003+0000] {processor.py:925} INFO - DAG(s) 'example_display_name' retrieved from /home/airflow/.local/lib/python3.12/site-packages/airflow/example_dags/example_display_name.py
[2025-03-16T23:22:36.012+0000] {logging_mixin.py:190} INFO - [2025-03-16T23:22:36.012+0000] {dag.py:3239} INFO - Sync 1 DAGs
[2025-03-16T23:22:36.017+0000] {logging_mixin.py:190} INFO - [2025-03-16T23:22:36.017+0000] {dag.py:4180} INFO - Setting next_dagrun for example_display_name to None, run_after=None
[2025-03-16T23:22:36.025+0000] {processor.py:208} INFO - Processing /home/airflow/.local/lib/python3.12/site-packages/airflow/example_dags/example_display_name.py took 0.033 seconds
