[2025-03-17T00:45:34.391+0000] {processor.py:186} INFO - Started process (PID=10093) to work on /home/airflow/.local/lib/python3.12/site-packages/airflow/example_dags/example_task_group.py
[2025-03-17T00:45:34.391+0000] {processor.py:914} INFO - Processing file /home/airflow/.local/lib/python3.12/site-packages/airflow/example_dags/example_task_group.py for tasks to queue
[2025-03-17T00:45:34.393+0000] {logging_mixin.py:190} INFO - [2025-03-17T00:45:34.393+0000] {dagbag.py:588} INFO - Filling up the DagBag from /home/airflow/.local/lib/python3.12/site-packages/airflow/example_dags/example_task_group.py
[2025-03-17T00:45:34.398+0000] {processor.py:925} INFO - DAG(s) 'example_task_group' retrieved from /home/airflow/.local/lib/python3.12/site-packages/airflow/example_dags/example_task_group.py
[2025-03-17T00:45:34.407+0000] {logging_mixin.py:190} INFO - [2025-03-17T00:45:34.407+0000] {dag.py:3239} INFO - Sync 1 DAGs
[2025-03-17T00:45:34.413+0000] {logging_mixin.py:190} INFO - [2025-03-17T00:45:34.413+0000] {dag.py:4180} INFO - Setting next_dagrun for example_task_group to None, run_after=None
[2025-03-17T00:45:34.423+0000] {processor.py:208} INFO - Processing /home/airflow/.local/lib/python3.12/site-packages/airflow/example_dags/example_task_group.py took 0.036 seconds
[2025-03-17T02:11:10.336+0000] {processor.py:186} INFO - Started process (PID=10159) to work on /home/airflow/.local/lib/python3.12/site-packages/airflow/example_dags/example_task_group.py
[2025-03-17T02:11:10.337+0000] {processor.py:914} INFO - Processing file /home/airflow/.local/lib/python3.12/site-packages/airflow/example_dags/example_task_group.py for tasks to queue
[2025-03-17T02:11:10.338+0000] {logging_mixin.py:190} INFO - [2025-03-17T02:11:10.338+0000] {dagbag.py:588} INFO - Filling up the DagBag from /home/airflow/.local/lib/python3.12/site-packages/airflow/example_dags/example_task_group.py
[2025-03-17T02:11:10.342+0000] {processor.py:925} INFO - DAG(s) 'example_task_group' retrieved from /home/airflow/.local/lib/python3.12/site-packages/airflow/example_dags/example_task_group.py
[2025-03-17T02:11:10.352+0000] {logging_mixin.py:190} INFO - [2025-03-17T02:11:10.351+0000] {dag.py:3239} INFO - Sync 1 DAGs
[2025-03-17T02:11:10.363+0000] {logging_mixin.py:190} INFO - [2025-03-17T02:11:10.363+0000] {dag.py:4180} INFO - Setting next_dagrun for example_task_group to None, run_after=None
[2025-03-17T02:11:10.372+0000] {processor.py:208} INFO - Processing /home/airflow/.local/lib/python3.12/site-packages/airflow/example_dags/example_task_group.py took 0.038 seconds
[2025-03-17T02:30:14.758+0000] {processor.py:186} INFO - Started process (PID=10225) to work on /home/airflow/.local/lib/python3.12/site-packages/airflow/example_dags/example_task_group.py
[2025-03-17T02:30:14.758+0000] {processor.py:914} INFO - Processing file /home/airflow/.local/lib/python3.12/site-packages/airflow/example_dags/example_task_group.py for tasks to queue
[2025-03-17T02:30:14.759+0000] {logging_mixin.py:190} INFO - [2025-03-17T02:30:14.759+0000] {dagbag.py:588} INFO - Filling up the DagBag from /home/airflow/.local/lib/python3.12/site-packages/airflow/example_dags/example_task_group.py
[2025-03-17T02:30:14.763+0000] {processor.py:925} INFO - DAG(s) 'example_task_group' retrieved from /home/airflow/.local/lib/python3.12/site-packages/airflow/example_dags/example_task_group.py
[2025-03-17T02:30:14.775+0000] {logging_mixin.py:190} INFO - [2025-03-17T02:30:14.775+0000] {dag.py:3239} INFO - Sync 1 DAGs
[2025-03-17T02:30:14.781+0000] {logging_mixin.py:190} INFO - [2025-03-17T02:30:14.781+0000] {dag.py:4180} INFO - Setting next_dagrun for example_task_group to None, run_after=None
[2025-03-17T02:30:14.792+0000] {processor.py:208} INFO - Processing /home/airflow/.local/lib/python3.12/site-packages/airflow/example_dags/example_task_group.py took 0.037 seconds
[2025-03-17T02:30:45.321+0000] {processor.py:186} INFO - Started process (PID=10291) to work on /home/airflow/.local/lib/python3.12/site-packages/airflow/example_dags/example_task_group.py
[2025-03-17T02:30:45.322+0000] {processor.py:914} INFO - Processing file /home/airflow/.local/lib/python3.12/site-packages/airflow/example_dags/example_task_group.py for tasks to queue
[2025-03-17T02:30:45.323+0000] {logging_mixin.py:190} INFO - [2025-03-17T02:30:45.323+0000] {dagbag.py:588} INFO - Filling up the DagBag from /home/airflow/.local/lib/python3.12/site-packages/airflow/example_dags/example_task_group.py
[2025-03-17T02:30:45.327+0000] {processor.py:925} INFO - DAG(s) 'example_task_group' retrieved from /home/airflow/.local/lib/python3.12/site-packages/airflow/example_dags/example_task_group.py
[2025-03-17T02:30:45.338+0000] {logging_mixin.py:190} INFO - [2025-03-17T02:30:45.338+0000] {dag.py:3239} INFO - Sync 1 DAGs
[2025-03-17T02:30:45.343+0000] {logging_mixin.py:190} INFO - [2025-03-17T02:30:45.343+0000] {dag.py:4180} INFO - Setting next_dagrun for example_task_group to None, run_after=None
[2025-03-17T02:30:45.352+0000] {processor.py:208} INFO - Processing /home/airflow/.local/lib/python3.12/site-packages/airflow/example_dags/example_task_group.py took 0.034 seconds
[2025-03-17T02:31:15.820+0000] {processor.py:186} INFO - Started process (PID=10357) to work on /home/airflow/.local/lib/python3.12/site-packages/airflow/example_dags/example_task_group.py
[2025-03-17T02:31:15.821+0000] {processor.py:914} INFO - Processing file /home/airflow/.local/lib/python3.12/site-packages/airflow/example_dags/example_task_group.py for tasks to queue
[2025-03-17T02:31:15.822+0000] {logging_mixin.py:190} INFO - [2025-03-17T02:31:15.822+0000] {dagbag.py:588} INFO - Filling up the DagBag from /home/airflow/.local/lib/python3.12/site-packages/airflow/example_dags/example_task_group.py
[2025-03-17T02:31:15.828+0000] {processor.py:925} INFO - DAG(s) 'example_task_group' retrieved from /home/airflow/.local/lib/python3.12/site-packages/airflow/example_dags/example_task_group.py
[2025-03-17T02:31:15.839+0000] {logging_mixin.py:190} INFO - [2025-03-17T02:31:15.839+0000] {dag.py:3239} INFO - Sync 1 DAGs
[2025-03-17T02:31:15.844+0000] {logging_mixin.py:190} INFO - [2025-03-17T02:31:15.844+0000] {dag.py:4180} INFO - Setting next_dagrun for example_task_group to None, run_after=None
[2025-03-17T02:31:15.851+0000] {processor.py:208} INFO - Processing /home/airflow/.local/lib/python3.12/site-packages/airflow/example_dags/example_task_group.py took 0.034 seconds
[2025-03-17T02:31:46.304+0000] {processor.py:186} INFO - Started process (PID=10423) to work on /home/airflow/.local/lib/python3.12/site-packages/airflow/example_dags/example_task_group.py
[2025-03-17T02:31:46.305+0000] {processor.py:914} INFO - Processing file /home/airflow/.local/lib/python3.12/site-packages/airflow/example_dags/example_task_group.py for tasks to queue
[2025-03-17T02:31:46.306+0000] {logging_mixin.py:190} INFO - [2025-03-17T02:31:46.306+0000] {dagbag.py:588} INFO - Filling up the DagBag from /home/airflow/.local/lib/python3.12/site-packages/airflow/example_dags/example_task_group.py
[2025-03-17T02:31:46.310+0000] {processor.py:925} INFO - DAG(s) 'example_task_group' retrieved from /home/airflow/.local/lib/python3.12/site-packages/airflow/example_dags/example_task_group.py
[2025-03-17T02:31:46.319+0000] {logging_mixin.py:190} INFO - [2025-03-17T02:31:46.319+0000] {dag.py:3239} INFO - Sync 1 DAGs
[2025-03-17T02:31:46.329+0000] {logging_mixin.py:190} INFO - [2025-03-17T02:31:46.329+0000] {dag.py:4180} INFO - Setting next_dagrun for example_task_group to None, run_after=None
[2025-03-17T02:31:46.340+0000] {processor.py:208} INFO - Processing /home/airflow/.local/lib/python3.12/site-packages/airflow/example_dags/example_task_group.py took 0.039 seconds
[2025-03-17T02:32:16.766+0000] {processor.py:186} INFO - Started process (PID=10495) to work on /home/airflow/.local/lib/python3.12/site-packages/airflow/example_dags/example_task_group.py
[2025-03-17T02:32:16.766+0000] {processor.py:914} INFO - Processing file /home/airflow/.local/lib/python3.12/site-packages/airflow/example_dags/example_task_group.py for tasks to queue
[2025-03-17T02:32:16.767+0000] {logging_mixin.py:190} INFO - [2025-03-17T02:32:16.767+0000] {dagbag.py:588} INFO - Filling up the DagBag from /home/airflow/.local/lib/python3.12/site-packages/airflow/example_dags/example_task_group.py
[2025-03-17T02:32:16.771+0000] {processor.py:925} INFO - DAG(s) 'example_task_group' retrieved from /home/airflow/.local/lib/python3.12/site-packages/airflow/example_dags/example_task_group.py
[2025-03-17T02:32:16.781+0000] {logging_mixin.py:190} INFO - [2025-03-17T02:32:16.781+0000] {dag.py:3239} INFO - Sync 1 DAGs
[2025-03-17T02:32:16.787+0000] {logging_mixin.py:190} INFO - [2025-03-17T02:32:16.787+0000] {dag.py:4180} INFO - Setting next_dagrun for example_task_group to None, run_after=None
[2025-03-17T02:32:16.794+0000] {processor.py:208} INFO - Processing /home/airflow/.local/lib/python3.12/site-packages/airflow/example_dags/example_task_group.py took 0.030 seconds
[2025-03-17T02:32:47.132+0000] {processor.py:186} INFO - Started process (PID=10561) to work on /home/airflow/.local/lib/python3.12/site-packages/airflow/example_dags/example_task_group.py
[2025-03-17T02:32:47.133+0000] {processor.py:914} INFO - Processing file /home/airflow/.local/lib/python3.12/site-packages/airflow/example_dags/example_task_group.py for tasks to queue
[2025-03-17T02:32:47.134+0000] {logging_mixin.py:190} INFO - [2025-03-17T02:32:47.134+0000] {dagbag.py:588} INFO - Filling up the DagBag from /home/airflow/.local/lib/python3.12/site-packages/airflow/example_dags/example_task_group.py
[2025-03-17T02:32:47.138+0000] {processor.py:925} INFO - DAG(s) 'example_task_group' retrieved from /home/airflow/.local/lib/python3.12/site-packages/airflow/example_dags/example_task_group.py
[2025-03-17T02:32:47.151+0000] {logging_mixin.py:190} INFO - [2025-03-17T02:32:47.151+0000] {dag.py:3239} INFO - Sync 1 DAGs
[2025-03-17T02:32:47.157+0000] {logging_mixin.py:190} INFO - [2025-03-17T02:32:47.157+0000] {dag.py:4180} INFO - Setting next_dagrun for example_task_group to None, run_after=None
[2025-03-17T02:32:47.166+0000] {processor.py:208} INFO - Processing /home/airflow/.local/lib/python3.12/site-packages/airflow/example_dags/example_task_group.py took 0.037 seconds
[2025-03-17T02:33:17.671+0000] {processor.py:186} INFO - Started process (PID=10627) to work on /home/airflow/.local/lib/python3.12/site-packages/airflow/example_dags/example_task_group.py
[2025-03-17T02:33:17.672+0000] {processor.py:914} INFO - Processing file /home/airflow/.local/lib/python3.12/site-packages/airflow/example_dags/example_task_group.py for tasks to queue
[2025-03-17T02:33:17.673+0000] {logging_mixin.py:190} INFO - [2025-03-17T02:33:17.673+0000] {dagbag.py:588} INFO - Filling up the DagBag from /home/airflow/.local/lib/python3.12/site-packages/airflow/example_dags/example_task_group.py
[2025-03-17T02:33:17.677+0000] {processor.py:925} INFO - DAG(s) 'example_task_group' retrieved from /home/airflow/.local/lib/python3.12/site-packages/airflow/example_dags/example_task_group.py
[2025-03-17T02:33:17.686+0000] {logging_mixin.py:190} INFO - [2025-03-17T02:33:17.686+0000] {dag.py:3239} INFO - Sync 1 DAGs
[2025-03-17T02:33:17.694+0000] {logging_mixin.py:190} INFO - [2025-03-17T02:33:17.694+0000] {dag.py:4180} INFO - Setting next_dagrun for example_task_group to None, run_after=None
[2025-03-17T02:33:17.705+0000] {processor.py:208} INFO - Processing /home/airflow/.local/lib/python3.12/site-packages/airflow/example_dags/example_task_group.py took 0.037 seconds
[2025-03-17T02:33:48.431+0000] {processor.py:186} INFO - Started process (PID=10693) to work on /home/airflow/.local/lib/python3.12/site-packages/airflow/example_dags/example_task_group.py
[2025-03-17T02:33:48.433+0000] {processor.py:914} INFO - Processing file /home/airflow/.local/lib/python3.12/site-packages/airflow/example_dags/example_task_group.py for tasks to queue
[2025-03-17T02:33:48.434+0000] {logging_mixin.py:190} INFO - [2025-03-17T02:33:48.434+0000] {dagbag.py:588} INFO - Filling up the DagBag from /home/airflow/.local/lib/python3.12/site-packages/airflow/example_dags/example_task_group.py
[2025-03-17T02:33:48.439+0000] {processor.py:925} INFO - DAG(s) 'example_task_group' retrieved from /home/airflow/.local/lib/python3.12/site-packages/airflow/example_dags/example_task_group.py
[2025-03-17T02:33:48.450+0000] {logging_mixin.py:190} INFO - [2025-03-17T02:33:48.450+0000] {dag.py:3239} INFO - Sync 1 DAGs
[2025-03-17T02:33:48.456+0000] {logging_mixin.py:190} INFO - [2025-03-17T02:33:48.456+0000] {dag.py:4180} INFO - Setting next_dagrun for example_task_group to None, run_after=None
[2025-03-17T02:33:48.464+0000] {processor.py:208} INFO - Processing /home/airflow/.local/lib/python3.12/site-packages/airflow/example_dags/example_task_group.py took 0.036 seconds
[2025-03-17T02:34:18.840+0000] {processor.py:186} INFO - Started process (PID=10759) to work on /home/airflow/.local/lib/python3.12/site-packages/airflow/example_dags/example_task_group.py
[2025-03-17T02:34:18.840+0000] {processor.py:914} INFO - Processing file /home/airflow/.local/lib/python3.12/site-packages/airflow/example_dags/example_task_group.py for tasks to queue
[2025-03-17T02:34:18.841+0000] {logging_mixin.py:190} INFO - [2025-03-17T02:34:18.841+0000] {dagbag.py:588} INFO - Filling up the DagBag from /home/airflow/.local/lib/python3.12/site-packages/airflow/example_dags/example_task_group.py
[2025-03-17T02:34:18.845+0000] {processor.py:925} INFO - DAG(s) 'example_task_group' retrieved from /home/airflow/.local/lib/python3.12/site-packages/airflow/example_dags/example_task_group.py
[2025-03-17T02:34:18.855+0000] {logging_mixin.py:190} INFO - [2025-03-17T02:34:18.855+0000] {dag.py:3239} INFO - Sync 1 DAGs
[2025-03-17T02:34:18.861+0000] {logging_mixin.py:190} INFO - [2025-03-17T02:34:18.861+0000] {dag.py:4180} INFO - Setting next_dagrun for example_task_group to None, run_after=None
[2025-03-17T02:34:18.869+0000] {processor.py:208} INFO - Processing /home/airflow/.local/lib/python3.12/site-packages/airflow/example_dags/example_task_group.py took 0.031 seconds
[2025-03-17T02:34:49.213+0000] {processor.py:186} INFO - Started process (PID=10825) to work on /home/airflow/.local/lib/python3.12/site-packages/airflow/example_dags/example_task_group.py
[2025-03-17T02:34:49.213+0000] {processor.py:914} INFO - Processing file /home/airflow/.local/lib/python3.12/site-packages/airflow/example_dags/example_task_group.py for tasks to queue
[2025-03-17T02:34:49.214+0000] {logging_mixin.py:190} INFO - [2025-03-17T02:34:49.214+0000] {dagbag.py:588} INFO - Filling up the DagBag from /home/airflow/.local/lib/python3.12/site-packages/airflow/example_dags/example_task_group.py
[2025-03-17T02:34:49.219+0000] {processor.py:925} INFO - DAG(s) 'example_task_group' retrieved from /home/airflow/.local/lib/python3.12/site-packages/airflow/example_dags/example_task_group.py
[2025-03-17T02:34:49.228+0000] {logging_mixin.py:190} INFO - [2025-03-17T02:34:49.228+0000] {dag.py:3239} INFO - Sync 1 DAGs
[2025-03-17T02:34:49.234+0000] {logging_mixin.py:190} INFO - [2025-03-17T02:34:49.233+0000] {dag.py:4180} INFO - Setting next_dagrun for example_task_group to None, run_after=None
[2025-03-17T02:34:49.244+0000] {processor.py:208} INFO - Processing /home/airflow/.local/lib/python3.12/site-packages/airflow/example_dags/example_task_group.py took 0.034 seconds
[2025-03-17T02:35:19.562+0000] {processor.py:186} INFO - Started process (PID=10891) to work on /home/airflow/.local/lib/python3.12/site-packages/airflow/example_dags/example_task_group.py
[2025-03-17T02:35:19.562+0000] {processor.py:914} INFO - Processing file /home/airflow/.local/lib/python3.12/site-packages/airflow/example_dags/example_task_group.py for tasks to queue
[2025-03-17T02:35:19.563+0000] {logging_mixin.py:190} INFO - [2025-03-17T02:35:19.563+0000] {dagbag.py:588} INFO - Filling up the DagBag from /home/airflow/.local/lib/python3.12/site-packages/airflow/example_dags/example_task_group.py
[2025-03-17T02:35:19.567+0000] {processor.py:925} INFO - DAG(s) 'example_task_group' retrieved from /home/airflow/.local/lib/python3.12/site-packages/airflow/example_dags/example_task_group.py
[2025-03-17T02:35:19.578+0000] {logging_mixin.py:190} INFO - [2025-03-17T02:35:19.578+0000] {dag.py:3239} INFO - Sync 1 DAGs
[2025-03-17T02:35:19.583+0000] {logging_mixin.py:190} INFO - [2025-03-17T02:35:19.583+0000] {dag.py:4180} INFO - Setting next_dagrun for example_task_group to None, run_after=None
[2025-03-17T02:35:19.592+0000] {processor.py:208} INFO - Processing /home/airflow/.local/lib/python3.12/site-packages/airflow/example_dags/example_task_group.py took 0.033 seconds
[2025-03-17T02:35:49.923+0000] {processor.py:186} INFO - Started process (PID=10957) to work on /home/airflow/.local/lib/python3.12/site-packages/airflow/example_dags/example_task_group.py
[2025-03-17T02:35:49.924+0000] {processor.py:914} INFO - Processing file /home/airflow/.local/lib/python3.12/site-packages/airflow/example_dags/example_task_group.py for tasks to queue
[2025-03-17T02:35:49.925+0000] {logging_mixin.py:190} INFO - [2025-03-17T02:35:49.925+0000] {dagbag.py:588} INFO - Filling up the DagBag from /home/airflow/.local/lib/python3.12/site-packages/airflow/example_dags/example_task_group.py
[2025-03-17T02:35:49.929+0000] {processor.py:925} INFO - DAG(s) 'example_task_group' retrieved from /home/airflow/.local/lib/python3.12/site-packages/airflow/example_dags/example_task_group.py
[2025-03-17T02:35:49.938+0000] {logging_mixin.py:190} INFO - [2025-03-17T02:35:49.938+0000] {dag.py:3239} INFO - Sync 1 DAGs
[2025-03-17T02:35:49.944+0000] {logging_mixin.py:190} INFO - [2025-03-17T02:35:49.944+0000] {dag.py:4180} INFO - Setting next_dagrun for example_task_group to None, run_after=None
[2025-03-17T02:35:49.955+0000] {processor.py:208} INFO - Processing /home/airflow/.local/lib/python3.12/site-packages/airflow/example_dags/example_task_group.py took 0.035 seconds
[2025-03-17T02:36:20.283+0000] {processor.py:186} INFO - Started process (PID=11023) to work on /home/airflow/.local/lib/python3.12/site-packages/airflow/example_dags/example_task_group.py
[2025-03-17T02:36:20.283+0000] {processor.py:914} INFO - Processing file /home/airflow/.local/lib/python3.12/site-packages/airflow/example_dags/example_task_group.py for tasks to queue
[2025-03-17T02:36:20.286+0000] {logging_mixin.py:190} INFO - [2025-03-17T02:36:20.286+0000] {dagbag.py:588} INFO - Filling up the DagBag from /home/airflow/.local/lib/python3.12/site-packages/airflow/example_dags/example_task_group.py
[2025-03-17T02:36:20.290+0000] {processor.py:925} INFO - DAG(s) 'example_task_group' retrieved from /home/airflow/.local/lib/python3.12/site-packages/airflow/example_dags/example_task_group.py
[2025-03-17T02:36:20.299+0000] {logging_mixin.py:190} INFO - [2025-03-17T02:36:20.299+0000] {dag.py:3239} INFO - Sync 1 DAGs
[2025-03-17T02:36:20.305+0000] {logging_mixin.py:190} INFO - [2025-03-17T02:36:20.305+0000] {dag.py:4180} INFO - Setting next_dagrun for example_task_group to None, run_after=None
[2025-03-17T02:36:20.313+0000] {processor.py:208} INFO - Processing /home/airflow/.local/lib/python3.12/site-packages/airflow/example_dags/example_task_group.py took 0.033 seconds
[2025-03-17T02:36:50.625+0000] {processor.py:186} INFO - Started process (PID=11089) to work on /home/airflow/.local/lib/python3.12/site-packages/airflow/example_dags/example_task_group.py
[2025-03-17T02:36:50.626+0000] {processor.py:914} INFO - Processing file /home/airflow/.local/lib/python3.12/site-packages/airflow/example_dags/example_task_group.py for tasks to queue
[2025-03-17T02:36:50.627+0000] {logging_mixin.py:190} INFO - [2025-03-17T02:36:50.627+0000] {dagbag.py:588} INFO - Filling up the DagBag from /home/airflow/.local/lib/python3.12/site-packages/airflow/example_dags/example_task_group.py
[2025-03-17T02:36:50.632+0000] {processor.py:925} INFO - DAG(s) 'example_task_group' retrieved from /home/airflow/.local/lib/python3.12/site-packages/airflow/example_dags/example_task_group.py
[2025-03-17T02:36:50.643+0000] {logging_mixin.py:190} INFO - [2025-03-17T02:36:50.643+0000] {dag.py:3239} INFO - Sync 1 DAGs
[2025-03-17T02:36:50.649+0000] {logging_mixin.py:190} INFO - [2025-03-17T02:36:50.649+0000] {dag.py:4180} INFO - Setting next_dagrun for example_task_group to None, run_after=None
[2025-03-17T02:36:50.658+0000] {processor.py:208} INFO - Processing /home/airflow/.local/lib/python3.12/site-packages/airflow/example_dags/example_task_group.py took 0.036 seconds
[2025-03-17T02:37:21.177+0000] {processor.py:186} INFO - Started process (PID=11154) to work on /home/airflow/.local/lib/python3.12/site-packages/airflow/example_dags/example_task_group.py
[2025-03-17T02:37:21.178+0000] {processor.py:914} INFO - Processing file /home/airflow/.local/lib/python3.12/site-packages/airflow/example_dags/example_task_group.py for tasks to queue
[2025-03-17T02:37:21.179+0000] {logging_mixin.py:190} INFO - [2025-03-17T02:37:21.178+0000] {dagbag.py:588} INFO - Filling up the DagBag from /home/airflow/.local/lib/python3.12/site-packages/airflow/example_dags/example_task_group.py
[2025-03-17T02:37:21.183+0000] {processor.py:925} INFO - DAG(s) 'example_task_group' retrieved from /home/airflow/.local/lib/python3.12/site-packages/airflow/example_dags/example_task_group.py
[2025-03-17T02:37:21.192+0000] {logging_mixin.py:190} INFO - [2025-03-17T02:37:21.192+0000] {dag.py:3239} INFO - Sync 1 DAGs
[2025-03-17T02:37:21.198+0000] {logging_mixin.py:190} INFO - [2025-03-17T02:37:21.198+0000] {dag.py:4180} INFO - Setting next_dagrun for example_task_group to None, run_after=None
[2025-03-17T02:37:21.205+0000] {processor.py:208} INFO - Processing /home/airflow/.local/lib/python3.12/site-packages/airflow/example_dags/example_task_group.py took 0.030 seconds
[2025-03-17T02:37:52.090+0000] {processor.py:186} INFO - Started process (PID=11221) to work on /home/airflow/.local/lib/python3.12/site-packages/airflow/example_dags/example_task_group.py
[2025-03-17T02:37:52.091+0000] {processor.py:914} INFO - Processing file /home/airflow/.local/lib/python3.12/site-packages/airflow/example_dags/example_task_group.py for tasks to queue
[2025-03-17T02:37:52.092+0000] {logging_mixin.py:190} INFO - [2025-03-17T02:37:52.092+0000] {dagbag.py:588} INFO - Filling up the DagBag from /home/airflow/.local/lib/python3.12/site-packages/airflow/example_dags/example_task_group.py
[2025-03-17T02:37:52.096+0000] {processor.py:925} INFO - DAG(s) 'example_task_group' retrieved from /home/airflow/.local/lib/python3.12/site-packages/airflow/example_dags/example_task_group.py
[2025-03-17T02:37:52.105+0000] {logging_mixin.py:190} INFO - [2025-03-17T02:37:52.105+0000] {dag.py:3239} INFO - Sync 1 DAGs
[2025-03-17T02:37:52.111+0000] {logging_mixin.py:190} INFO - [2025-03-17T02:37:52.111+0000] {dag.py:4180} INFO - Setting next_dagrun for example_task_group to None, run_after=None
[2025-03-17T02:37:52.213+0000] {processor.py:208} INFO - Processing /home/airflow/.local/lib/python3.12/site-packages/airflow/example_dags/example_task_group.py took 0.125 seconds
[2025-03-17T02:38:22.619+0000] {processor.py:186} INFO - Started process (PID=11287) to work on /home/airflow/.local/lib/python3.12/site-packages/airflow/example_dags/example_task_group.py
[2025-03-17T02:38:22.620+0000] {processor.py:914} INFO - Processing file /home/airflow/.local/lib/python3.12/site-packages/airflow/example_dags/example_task_group.py for tasks to queue
[2025-03-17T02:38:22.622+0000] {logging_mixin.py:190} INFO - [2025-03-17T02:38:22.621+0000] {dagbag.py:588} INFO - Filling up the DagBag from /home/airflow/.local/lib/python3.12/site-packages/airflow/example_dags/example_task_group.py
[2025-03-17T02:38:22.625+0000] {processor.py:925} INFO - DAG(s) 'example_task_group' retrieved from /home/airflow/.local/lib/python3.12/site-packages/airflow/example_dags/example_task_group.py
[2025-03-17T02:38:22.636+0000] {logging_mixin.py:190} INFO - [2025-03-17T02:38:22.636+0000] {dag.py:3239} INFO - Sync 1 DAGs
[2025-03-17T02:38:22.734+0000] {logging_mixin.py:190} INFO - [2025-03-17T02:38:22.734+0000] {dag.py:4180} INFO - Setting next_dagrun for example_task_group to None, run_after=None
[2025-03-17T02:38:22.742+0000] {processor.py:208} INFO - Processing /home/airflow/.local/lib/python3.12/site-packages/airflow/example_dags/example_task_group.py took 0.126 seconds
[2025-03-17T02:38:53.198+0000] {processor.py:186} INFO - Started process (PID=11353) to work on /home/airflow/.local/lib/python3.12/site-packages/airflow/example_dags/example_task_group.py
[2025-03-17T02:38:53.200+0000] {processor.py:914} INFO - Processing file /home/airflow/.local/lib/python3.12/site-packages/airflow/example_dags/example_task_group.py for tasks to queue
[2025-03-17T02:38:53.201+0000] {logging_mixin.py:190} INFO - [2025-03-17T02:38:53.200+0000] {dagbag.py:588} INFO - Filling up the DagBag from /home/airflow/.local/lib/python3.12/site-packages/airflow/example_dags/example_task_group.py
[2025-03-17T02:38:53.204+0000] {processor.py:925} INFO - DAG(s) 'example_task_group' retrieved from /home/airflow/.local/lib/python3.12/site-packages/airflow/example_dags/example_task_group.py
[2025-03-17T02:38:53.213+0000] {logging_mixin.py:190} INFO - [2025-03-17T02:38:53.213+0000] {dag.py:3239} INFO - Sync 1 DAGs
[2025-03-17T02:38:53.219+0000] {logging_mixin.py:190} INFO - [2025-03-17T02:38:53.219+0000] {dag.py:4180} INFO - Setting next_dagrun for example_task_group to None, run_after=None
[2025-03-17T02:38:53.232+0000] {processor.py:208} INFO - Processing /home/airflow/.local/lib/python3.12/site-packages/airflow/example_dags/example_task_group.py took 0.036 seconds
[2025-03-17T02:39:24.263+0000] {processor.py:186} INFO - Started process (PID=11419) to work on /home/airflow/.local/lib/python3.12/site-packages/airflow/example_dags/example_task_group.py
[2025-03-17T02:39:24.267+0000] {processor.py:914} INFO - Processing file /home/airflow/.local/lib/python3.12/site-packages/airflow/example_dags/example_task_group.py for tasks to queue
[2025-03-17T02:39:24.268+0000] {logging_mixin.py:190} INFO - [2025-03-17T02:39:24.268+0000] {dagbag.py:588} INFO - Filling up the DagBag from /home/airflow/.local/lib/python3.12/site-packages/airflow/example_dags/example_task_group.py
[2025-03-17T02:39:24.273+0000] {processor.py:925} INFO - DAG(s) 'example_task_group' retrieved from /home/airflow/.local/lib/python3.12/site-packages/airflow/example_dags/example_task_group.py
[2025-03-17T02:39:24.284+0000] {logging_mixin.py:190} INFO - [2025-03-17T02:39:24.284+0000] {dag.py:3239} INFO - Sync 1 DAGs
[2025-03-17T02:39:24.290+0000] {logging_mixin.py:190} INFO - [2025-03-17T02:39:24.290+0000] {dag.py:4180} INFO - Setting next_dagrun for example_task_group to None, run_after=None
[2025-03-17T02:39:24.298+0000] {processor.py:208} INFO - Processing /home/airflow/.local/lib/python3.12/site-packages/airflow/example_dags/example_task_group.py took 0.037 seconds
[2025-03-17T02:39:54.489+0000] {processor.py:186} INFO - Started process (PID=11484) to work on /home/airflow/.local/lib/python3.12/site-packages/airflow/example_dags/example_task_group.py
[2025-03-17T02:39:54.489+0000] {processor.py:914} INFO - Processing file /home/airflow/.local/lib/python3.12/site-packages/airflow/example_dags/example_task_group.py for tasks to queue
[2025-03-17T02:39:54.490+0000] {logging_mixin.py:190} INFO - [2025-03-17T02:39:54.490+0000] {dagbag.py:588} INFO - Filling up the DagBag from /home/airflow/.local/lib/python3.12/site-packages/airflow/example_dags/example_task_group.py
[2025-03-17T02:39:54.494+0000] {processor.py:925} INFO - DAG(s) 'example_task_group' retrieved from /home/airflow/.local/lib/python3.12/site-packages/airflow/example_dags/example_task_group.py
[2025-03-17T02:39:54.505+0000] {logging_mixin.py:190} INFO - [2025-03-17T02:39:54.505+0000] {dag.py:3239} INFO - Sync 1 DAGs
[2025-03-17T02:39:54.512+0000] {logging_mixin.py:190} INFO - [2025-03-17T02:39:54.512+0000] {dag.py:4180} INFO - Setting next_dagrun for example_task_group to None, run_after=None
[2025-03-17T02:39:54.522+0000] {processor.py:208} INFO - Processing /home/airflow/.local/lib/python3.12/site-packages/airflow/example_dags/example_task_group.py took 0.036 seconds
[2025-03-17T02:40:25.578+0000] {processor.py:186} INFO - Started process (PID=11550) to work on /home/airflow/.local/lib/python3.12/site-packages/airflow/example_dags/example_task_group.py
[2025-03-17T02:40:25.579+0000] {processor.py:914} INFO - Processing file /home/airflow/.local/lib/python3.12/site-packages/airflow/example_dags/example_task_group.py for tasks to queue
[2025-03-17T02:40:25.580+0000] {logging_mixin.py:190} INFO - [2025-03-17T02:40:25.580+0000] {dagbag.py:588} INFO - Filling up the DagBag from /home/airflow/.local/lib/python3.12/site-packages/airflow/example_dags/example_task_group.py
[2025-03-17T02:40:25.584+0000] {processor.py:925} INFO - DAG(s) 'example_task_group' retrieved from /home/airflow/.local/lib/python3.12/site-packages/airflow/example_dags/example_task_group.py
[2025-03-17T02:40:25.594+0000] {logging_mixin.py:190} INFO - [2025-03-17T02:40:25.594+0000] {dag.py:3239} INFO - Sync 1 DAGs
[2025-03-17T02:40:25.599+0000] {logging_mixin.py:190} INFO - [2025-03-17T02:40:25.599+0000] {dag.py:4180} INFO - Setting next_dagrun for example_task_group to None, run_after=None
[2025-03-17T02:40:25.614+0000] {processor.py:208} INFO - Processing /home/airflow/.local/lib/python3.12/site-packages/airflow/example_dags/example_task_group.py took 0.038 seconds
[2025-03-17T02:40:55.859+0000] {processor.py:186} INFO - Started process (PID=11616) to work on /home/airflow/.local/lib/python3.12/site-packages/airflow/example_dags/example_task_group.py
[2025-03-17T02:40:55.863+0000] {processor.py:914} INFO - Processing file /home/airflow/.local/lib/python3.12/site-packages/airflow/example_dags/example_task_group.py for tasks to queue
[2025-03-17T02:40:55.869+0000] {logging_mixin.py:190} INFO - [2025-03-17T02:40:55.869+0000] {dagbag.py:588} INFO - Filling up the DagBag from /home/airflow/.local/lib/python3.12/site-packages/airflow/example_dags/example_task_group.py
[2025-03-17T02:40:55.888+0000] {processor.py:925} INFO - DAG(s) 'example_task_group' retrieved from /home/airflow/.local/lib/python3.12/site-packages/airflow/example_dags/example_task_group.py
[2025-03-17T02:40:55.909+0000] {logging_mixin.py:190} INFO - [2025-03-17T02:40:55.909+0000] {dag.py:3239} INFO - Sync 1 DAGs
[2025-03-17T02:40:55.918+0000] {logging_mixin.py:190} INFO - [2025-03-17T02:40:55.918+0000] {dag.py:4180} INFO - Setting next_dagrun for example_task_group to None, run_after=None
[2025-03-17T02:40:55.933+0000] {processor.py:208} INFO - Processing /home/airflow/.local/lib/python3.12/site-packages/airflow/example_dags/example_task_group.py took 0.077 seconds
[2025-03-17T02:41:26.942+0000] {processor.py:186} INFO - Started process (PID=11682) to work on /home/airflow/.local/lib/python3.12/site-packages/airflow/example_dags/example_task_group.py
[2025-03-17T02:41:26.943+0000] {processor.py:914} INFO - Processing file /home/airflow/.local/lib/python3.12/site-packages/airflow/example_dags/example_task_group.py for tasks to queue
[2025-03-17T02:41:26.944+0000] {logging_mixin.py:190} INFO - [2025-03-17T02:41:26.944+0000] {dagbag.py:588} INFO - Filling up the DagBag from /home/airflow/.local/lib/python3.12/site-packages/airflow/example_dags/example_task_group.py
[2025-03-17T02:41:26.948+0000] {processor.py:925} INFO - DAG(s) 'example_task_group' retrieved from /home/airflow/.local/lib/python3.12/site-packages/airflow/example_dags/example_task_group.py
[2025-03-17T02:41:26.957+0000] {logging_mixin.py:190} INFO - [2025-03-17T02:41:26.957+0000] {dag.py:3239} INFO - Sync 1 DAGs
[2025-03-17T02:41:26.963+0000] {logging_mixin.py:190} INFO - [2025-03-17T02:41:26.963+0000] {dag.py:4180} INFO - Setting next_dagrun for example_task_group to None, run_after=None
[2025-03-17T02:41:26.971+0000] {processor.py:208} INFO - Processing /home/airflow/.local/lib/python3.12/site-packages/airflow/example_dags/example_task_group.py took 0.032 seconds
[2025-03-17T02:41:57.188+0000] {processor.py:186} INFO - Started process (PID=11748) to work on /home/airflow/.local/lib/python3.12/site-packages/airflow/example_dags/example_task_group.py
[2025-03-17T02:41:57.188+0000] {processor.py:914} INFO - Processing file /home/airflow/.local/lib/python3.12/site-packages/airflow/example_dags/example_task_group.py for tasks to queue
[2025-03-17T02:41:57.190+0000] {logging_mixin.py:190} INFO - [2025-03-17T02:41:57.190+0000] {dagbag.py:588} INFO - Filling up the DagBag from /home/airflow/.local/lib/python3.12/site-packages/airflow/example_dags/example_task_group.py
[2025-03-17T02:41:57.193+0000] {processor.py:925} INFO - DAG(s) 'example_task_group' retrieved from /home/airflow/.local/lib/python3.12/site-packages/airflow/example_dags/example_task_group.py
[2025-03-17T02:41:57.202+0000] {logging_mixin.py:190} INFO - [2025-03-17T02:41:57.202+0000] {dag.py:3239} INFO - Sync 1 DAGs
[2025-03-17T02:41:57.208+0000] {logging_mixin.py:190} INFO - [2025-03-17T02:41:57.208+0000] {dag.py:4180} INFO - Setting next_dagrun for example_task_group to None, run_after=None
[2025-03-17T02:41:57.214+0000] {processor.py:208} INFO - Processing /home/airflow/.local/lib/python3.12/site-packages/airflow/example_dags/example_task_group.py took 0.029 seconds
[2025-03-17T02:42:28.231+0000] {processor.py:186} INFO - Started process (PID=11814) to work on /home/airflow/.local/lib/python3.12/site-packages/airflow/example_dags/example_task_group.py
[2025-03-17T02:42:28.232+0000] {processor.py:914} INFO - Processing file /home/airflow/.local/lib/python3.12/site-packages/airflow/example_dags/example_task_group.py for tasks to queue
[2025-03-17T02:42:28.235+0000] {logging_mixin.py:190} INFO - [2025-03-17T02:42:28.234+0000] {dagbag.py:588} INFO - Filling up the DagBag from /home/airflow/.local/lib/python3.12/site-packages/airflow/example_dags/example_task_group.py
[2025-03-17T02:42:28.238+0000] {processor.py:925} INFO - DAG(s) 'example_task_group' retrieved from /home/airflow/.local/lib/python3.12/site-packages/airflow/example_dags/example_task_group.py
[2025-03-17T02:42:28.248+0000] {logging_mixin.py:190} INFO - [2025-03-17T02:42:28.248+0000] {dag.py:3239} INFO - Sync 1 DAGs
[2025-03-17T02:42:28.254+0000] {logging_mixin.py:190} INFO - [2025-03-17T02:42:28.253+0000] {dag.py:4180} INFO - Setting next_dagrun for example_task_group to None, run_after=None
[2025-03-17T02:42:28.261+0000] {processor.py:208} INFO - Processing /home/airflow/.local/lib/python3.12/site-packages/airflow/example_dags/example_task_group.py took 0.033 seconds
[2025-03-17T02:58:32.124+0000] {processor.py:186} INFO - Started process (PID=11874) to work on /home/airflow/.local/lib/python3.12/site-packages/airflow/example_dags/example_task_group.py
[2025-03-17T02:58:32.124+0000] {processor.py:914} INFO - Processing file /home/airflow/.local/lib/python3.12/site-packages/airflow/example_dags/example_task_group.py for tasks to queue
[2025-03-17T02:58:32.125+0000] {logging_mixin.py:190} INFO - [2025-03-17T02:58:32.125+0000] {dagbag.py:588} INFO - Filling up the DagBag from /home/airflow/.local/lib/python3.12/site-packages/airflow/example_dags/example_task_group.py
[2025-03-17T02:58:32.130+0000] {processor.py:925} INFO - DAG(s) 'example_task_group' retrieved from /home/airflow/.local/lib/python3.12/site-packages/airflow/example_dags/example_task_group.py
[2025-03-17T02:58:32.140+0000] {logging_mixin.py:190} INFO - [2025-03-17T02:58:32.140+0000] {dag.py:3239} INFO - Sync 1 DAGs
[2025-03-17T02:58:32.148+0000] {logging_mixin.py:190} INFO - [2025-03-17T02:58:32.148+0000] {dag.py:4180} INFO - Setting next_dagrun for example_task_group to None, run_after=None
[2025-03-17T02:58:32.156+0000] {processor.py:208} INFO - Processing /home/airflow/.local/lib/python3.12/site-packages/airflow/example_dags/example_task_group.py took 0.035 seconds
[2025-03-17T04:07:33.479+0000] {processor.py:186} INFO - Started process (PID=11940) to work on /home/airflow/.local/lib/python3.12/site-packages/airflow/example_dags/example_task_group.py
[2025-03-17T04:07:33.480+0000] {processor.py:914} INFO - Processing file /home/airflow/.local/lib/python3.12/site-packages/airflow/example_dags/example_task_group.py for tasks to queue
[2025-03-17T04:07:33.482+0000] {logging_mixin.py:190} INFO - [2025-03-17T04:07:33.482+0000] {dagbag.py:588} INFO - Filling up the DagBag from /home/airflow/.local/lib/python3.12/site-packages/airflow/example_dags/example_task_group.py
[2025-03-17T04:07:33.488+0000] {processor.py:925} INFO - DAG(s) 'example_task_group' retrieved from /home/airflow/.local/lib/python3.12/site-packages/airflow/example_dags/example_task_group.py
[2025-03-17T04:07:33.503+0000] {logging_mixin.py:190} INFO - [2025-03-17T04:07:33.503+0000] {dag.py:3239} INFO - Sync 1 DAGs
[2025-03-17T04:07:33.513+0000] {logging_mixin.py:190} INFO - [2025-03-17T04:07:33.513+0000] {dag.py:4180} INFO - Setting next_dagrun for example_task_group to None, run_after=None
[2025-03-17T04:07:33.525+0000] {processor.py:208} INFO - Processing /home/airflow/.local/lib/python3.12/site-packages/airflow/example_dags/example_task_group.py took 0.050 seconds
[2025-03-17T05:18:10.466+0000] {processor.py:186} INFO - Started process (PID=12006) to work on /home/airflow/.local/lib/python3.12/site-packages/airflow/example_dags/example_task_group.py
[2025-03-17T05:18:10.467+0000] {processor.py:914} INFO - Processing file /home/airflow/.local/lib/python3.12/site-packages/airflow/example_dags/example_task_group.py for tasks to queue
[2025-03-17T05:18:10.469+0000] {logging_mixin.py:190} INFO - [2025-03-17T05:18:10.469+0000] {dagbag.py:588} INFO - Filling up the DagBag from /home/airflow/.local/lib/python3.12/site-packages/airflow/example_dags/example_task_group.py
[2025-03-17T05:18:10.476+0000] {processor.py:925} INFO - DAG(s) 'example_task_group' retrieved from /home/airflow/.local/lib/python3.12/site-packages/airflow/example_dags/example_task_group.py
[2025-03-17T05:18:10.490+0000] {logging_mixin.py:190} INFO - [2025-03-17T05:18:10.489+0000] {dag.py:3239} INFO - Sync 1 DAGs
[2025-03-17T05:18:10.498+0000] {logging_mixin.py:190} INFO - [2025-03-17T05:18:10.498+0000] {dag.py:4180} INFO - Setting next_dagrun for example_task_group to None, run_after=None
[2025-03-17T05:18:10.513+0000] {processor.py:208} INFO - Processing /home/airflow/.local/lib/python3.12/site-packages/airflow/example_dags/example_task_group.py took 0.051 seconds
[2025-03-17T05:57:33.366+0000] {processor.py:186} INFO - Started process (PID=12072) to work on /home/airflow/.local/lib/python3.12/site-packages/airflow/example_dags/example_task_group.py
[2025-03-17T05:57:33.367+0000] {processor.py:914} INFO - Processing file /home/airflow/.local/lib/python3.12/site-packages/airflow/example_dags/example_task_group.py for tasks to queue
[2025-03-17T05:57:33.369+0000] {logging_mixin.py:190} INFO - [2025-03-17T05:57:33.369+0000] {dagbag.py:588} INFO - Filling up the DagBag from /home/airflow/.local/lib/python3.12/site-packages/airflow/example_dags/example_task_group.py
[2025-03-17T05:57:33.374+0000] {processor.py:925} INFO - DAG(s) 'example_task_group' retrieved from /home/airflow/.local/lib/python3.12/site-packages/airflow/example_dags/example_task_group.py
[2025-03-17T05:57:33.387+0000] {logging_mixin.py:190} INFO - [2025-03-17T05:57:33.387+0000] {dag.py:3239} INFO - Sync 1 DAGs
[2025-03-17T05:57:33.395+0000] {logging_mixin.py:190} INFO - [2025-03-17T05:57:33.394+0000] {dag.py:4180} INFO - Setting next_dagrun for example_task_group to None, run_after=None
[2025-03-17T05:57:33.409+0000] {processor.py:208} INFO - Processing /home/airflow/.local/lib/python3.12/site-packages/airflow/example_dags/example_task_group.py took 0.046 seconds
[2025-03-17T05:59:15.744+0000] {processor.py:186} INFO - Started process (PID=12138) to work on /home/airflow/.local/lib/python3.12/site-packages/airflow/example_dags/example_task_group.py
[2025-03-17T05:59:15.744+0000] {processor.py:914} INFO - Processing file /home/airflow/.local/lib/python3.12/site-packages/airflow/example_dags/example_task_group.py for tasks to queue
[2025-03-17T05:59:15.746+0000] {logging_mixin.py:190} INFO - [2025-03-17T05:59:15.745+0000] {dagbag.py:588} INFO - Filling up the DagBag from /home/airflow/.local/lib/python3.12/site-packages/airflow/example_dags/example_task_group.py
[2025-03-17T05:59:15.750+0000] {processor.py:925} INFO - DAG(s) 'example_task_group' retrieved from /home/airflow/.local/lib/python3.12/site-packages/airflow/example_dags/example_task_group.py
[2025-03-17T05:59:15.762+0000] {logging_mixin.py:190} INFO - [2025-03-17T05:59:15.762+0000] {dag.py:3239} INFO - Sync 1 DAGs
[2025-03-17T05:59:15.769+0000] {logging_mixin.py:190} INFO - [2025-03-17T05:59:15.769+0000] {dag.py:4180} INFO - Setting next_dagrun for example_task_group to None, run_after=None
[2025-03-17T05:59:15.776+0000] {processor.py:208} INFO - Processing /home/airflow/.local/lib/python3.12/site-packages/airflow/example_dags/example_task_group.py took 0.035 seconds
[2025-03-17T06:00:04.183+0000] {processor.py:186} INFO - Started process (PID=12204) to work on /home/airflow/.local/lib/python3.12/site-packages/airflow/example_dags/example_task_group.py
[2025-03-17T06:00:04.185+0000] {processor.py:914} INFO - Processing file /home/airflow/.local/lib/python3.12/site-packages/airflow/example_dags/example_task_group.py for tasks to queue
[2025-03-17T06:00:04.187+0000] {logging_mixin.py:190} INFO - [2025-03-17T06:00:04.187+0000] {dagbag.py:588} INFO - Filling up the DagBag from /home/airflow/.local/lib/python3.12/site-packages/airflow/example_dags/example_task_group.py
[2025-03-17T06:00:04.192+0000] {processor.py:925} INFO - DAG(s) 'example_task_group' retrieved from /home/airflow/.local/lib/python3.12/site-packages/airflow/example_dags/example_task_group.py
[2025-03-17T06:00:04.203+0000] {logging_mixin.py:190} INFO - [2025-03-17T06:00:04.203+0000] {dag.py:3239} INFO - Sync 1 DAGs
[2025-03-17T06:00:04.210+0000] {logging_mixin.py:190} INFO - [2025-03-17T06:00:04.210+0000] {dag.py:4180} INFO - Setting next_dagrun for example_task_group to None, run_after=None
[2025-03-17T06:00:04.222+0000] {processor.py:208} INFO - Processing /home/airflow/.local/lib/python3.12/site-packages/airflow/example_dags/example_task_group.py took 0.042 seconds
[2025-03-17T06:02:14.741+0000] {processor.py:186} INFO - Started process (PID=12270) to work on /home/airflow/.local/lib/python3.12/site-packages/airflow/example_dags/example_task_group.py
[2025-03-17T06:02:14.744+0000] {processor.py:914} INFO - Processing file /home/airflow/.local/lib/python3.12/site-packages/airflow/example_dags/example_task_group.py for tasks to queue
[2025-03-17T06:02:14.746+0000] {logging_mixin.py:190} INFO - [2025-03-17T06:02:14.746+0000] {dagbag.py:588} INFO - Filling up the DagBag from /home/airflow/.local/lib/python3.12/site-packages/airflow/example_dags/example_task_group.py
[2025-03-17T06:02:14.750+0000] {processor.py:925} INFO - DAG(s) 'example_task_group' retrieved from /home/airflow/.local/lib/python3.12/site-packages/airflow/example_dags/example_task_group.py
[2025-03-17T06:02:14.764+0000] {logging_mixin.py:190} INFO - [2025-03-17T06:02:14.764+0000] {dag.py:3239} INFO - Sync 1 DAGs
[2025-03-17T06:02:14.772+0000] {logging_mixin.py:190} INFO - [2025-03-17T06:02:14.772+0000] {dag.py:4180} INFO - Setting next_dagrun for example_task_group to None, run_after=None
[2025-03-17T06:02:14.780+0000] {processor.py:208} INFO - Processing /home/airflow/.local/lib/python3.12/site-packages/airflow/example_dags/example_task_group.py took 0.041 seconds
[2025-03-17T06:04:01.569+0000] {processor.py:186} INFO - Started process (PID=12336) to work on /home/airflow/.local/lib/python3.12/site-packages/airflow/example_dags/example_task_group.py
[2025-03-17T06:04:01.570+0000] {processor.py:914} INFO - Processing file /home/airflow/.local/lib/python3.12/site-packages/airflow/example_dags/example_task_group.py for tasks to queue
[2025-03-17T06:04:01.571+0000] {logging_mixin.py:190} INFO - [2025-03-17T06:04:01.571+0000] {dagbag.py:588} INFO - Filling up the DagBag from /home/airflow/.local/lib/python3.12/site-packages/airflow/example_dags/example_task_group.py
[2025-03-17T06:04:01.576+0000] {processor.py:925} INFO - DAG(s) 'example_task_group' retrieved from /home/airflow/.local/lib/python3.12/site-packages/airflow/example_dags/example_task_group.py
[2025-03-17T06:04:01.588+0000] {logging_mixin.py:190} INFO - [2025-03-17T06:04:01.588+0000] {dag.py:3239} INFO - Sync 1 DAGs
[2025-03-17T06:04:01.595+0000] {logging_mixin.py:190} INFO - [2025-03-17T06:04:01.595+0000] {dag.py:4180} INFO - Setting next_dagrun for example_task_group to None, run_after=None
[2025-03-17T06:04:01.604+0000] {processor.py:208} INFO - Processing /home/airflow/.local/lib/python3.12/site-packages/airflow/example_dags/example_task_group.py took 0.038 seconds
[2025-03-17T06:09:17.576+0000] {processor.py:186} INFO - Started process (PID=12402) to work on /home/airflow/.local/lib/python3.12/site-packages/airflow/example_dags/example_task_group.py
[2025-03-17T06:09:17.577+0000] {processor.py:914} INFO - Processing file /home/airflow/.local/lib/python3.12/site-packages/airflow/example_dags/example_task_group.py for tasks to queue
[2025-03-17T06:09:17.578+0000] {logging_mixin.py:190} INFO - [2025-03-17T06:09:17.577+0000] {dagbag.py:588} INFO - Filling up the DagBag from /home/airflow/.local/lib/python3.12/site-packages/airflow/example_dags/example_task_group.py
[2025-03-17T06:09:17.582+0000] {processor.py:925} INFO - DAG(s) 'example_task_group' retrieved from /home/airflow/.local/lib/python3.12/site-packages/airflow/example_dags/example_task_group.py
[2025-03-17T06:09:17.592+0000] {logging_mixin.py:190} INFO - [2025-03-17T06:09:17.592+0000] {dag.py:3239} INFO - Sync 1 DAGs
[2025-03-17T06:09:17.598+0000] {logging_mixin.py:190} INFO - [2025-03-17T06:09:17.598+0000] {dag.py:4180} INFO - Setting next_dagrun for example_task_group to None, run_after=None
[2025-03-17T06:09:17.607+0000] {processor.py:208} INFO - Processing /home/airflow/.local/lib/python3.12/site-packages/airflow/example_dags/example_task_group.py took 0.033 seconds
[2025-03-17T06:23:37.522+0000] {processor.py:186} INFO - Started process (PID=12468) to work on /home/airflow/.local/lib/python3.12/site-packages/airflow/example_dags/example_task_group.py
[2025-03-17T06:23:37.525+0000] {processor.py:914} INFO - Processing file /home/airflow/.local/lib/python3.12/site-packages/airflow/example_dags/example_task_group.py for tasks to queue
[2025-03-17T06:23:37.526+0000] {logging_mixin.py:190} INFO - [2025-03-17T06:23:37.526+0000] {dagbag.py:588} INFO - Filling up the DagBag from /home/airflow/.local/lib/python3.12/site-packages/airflow/example_dags/example_task_group.py
[2025-03-17T06:23:37.530+0000] {processor.py:925} INFO - DAG(s) 'example_task_group' retrieved from /home/airflow/.local/lib/python3.12/site-packages/airflow/example_dags/example_task_group.py
[2025-03-17T06:23:37.542+0000] {logging_mixin.py:190} INFO - [2025-03-17T06:23:37.542+0000] {dag.py:3239} INFO - Sync 1 DAGs
[2025-03-17T06:23:37.550+0000] {logging_mixin.py:190} INFO - [2025-03-17T06:23:37.550+0000] {dag.py:4180} INFO - Setting next_dagrun for example_task_group to None, run_after=None
[2025-03-17T06:23:37.558+0000] {processor.py:208} INFO - Processing /home/airflow/.local/lib/python3.12/site-packages/airflow/example_dags/example_task_group.py took 0.039 seconds
[2025-03-17T06:24:08.088+0000] {processor.py:186} INFO - Started process (PID=12534) to work on /home/airflow/.local/lib/python3.12/site-packages/airflow/example_dags/example_task_group.py
[2025-03-17T06:24:08.089+0000] {processor.py:914} INFO - Processing file /home/airflow/.local/lib/python3.12/site-packages/airflow/example_dags/example_task_group.py for tasks to queue
[2025-03-17T06:24:08.090+0000] {logging_mixin.py:190} INFO - [2025-03-17T06:24:08.090+0000] {dagbag.py:588} INFO - Filling up the DagBag from /home/airflow/.local/lib/python3.12/site-packages/airflow/example_dags/example_task_group.py
[2025-03-17T06:24:08.094+0000] {processor.py:925} INFO - DAG(s) 'example_task_group' retrieved from /home/airflow/.local/lib/python3.12/site-packages/airflow/example_dags/example_task_group.py
[2025-03-17T06:24:08.105+0000] {logging_mixin.py:190} INFO - [2025-03-17T06:24:08.104+0000] {dag.py:3239} INFO - Sync 1 DAGs
[2025-03-17T06:24:08.110+0000] {logging_mixin.py:190} INFO - [2025-03-17T06:24:08.110+0000] {dag.py:4180} INFO - Setting next_dagrun for example_task_group to None, run_after=None
[2025-03-17T06:24:08.117+0000] {processor.py:208} INFO - Processing /home/airflow/.local/lib/python3.12/site-packages/airflow/example_dags/example_task_group.py took 0.031 seconds
[2025-03-17T06:24:38.577+0000] {processor.py:186} INFO - Started process (PID=12600) to work on /home/airflow/.local/lib/python3.12/site-packages/airflow/example_dags/example_task_group.py
[2025-03-17T06:24:38.578+0000] {processor.py:914} INFO - Processing file /home/airflow/.local/lib/python3.12/site-packages/airflow/example_dags/example_task_group.py for tasks to queue
[2025-03-17T06:24:38.579+0000] {logging_mixin.py:190} INFO - [2025-03-17T06:24:38.579+0000] {dagbag.py:588} INFO - Filling up the DagBag from /home/airflow/.local/lib/python3.12/site-packages/airflow/example_dags/example_task_group.py
[2025-03-17T06:24:38.583+0000] {processor.py:925} INFO - DAG(s) 'example_task_group' retrieved from /home/airflow/.local/lib/python3.12/site-packages/airflow/example_dags/example_task_group.py
[2025-03-17T06:24:38.591+0000] {logging_mixin.py:190} INFO - [2025-03-17T06:24:38.591+0000] {dag.py:3239} INFO - Sync 1 DAGs
[2025-03-17T06:24:38.597+0000] {logging_mixin.py:190} INFO - [2025-03-17T06:24:38.597+0000] {dag.py:4180} INFO - Setting next_dagrun for example_task_group to None, run_after=None
[2025-03-17T06:24:38.606+0000] {processor.py:208} INFO - Processing /home/airflow/.local/lib/python3.12/site-packages/airflow/example_dags/example_task_group.py took 0.032 seconds
[2025-03-17T06:25:09.293+0000] {processor.py:186} INFO - Started process (PID=12666) to work on /home/airflow/.local/lib/python3.12/site-packages/airflow/example_dags/example_task_group.py
[2025-03-17T06:25:09.294+0000] {processor.py:914} INFO - Processing file /home/airflow/.local/lib/python3.12/site-packages/airflow/example_dags/example_task_group.py for tasks to queue
[2025-03-17T06:25:09.295+0000] {logging_mixin.py:190} INFO - [2025-03-17T06:25:09.295+0000] {dagbag.py:588} INFO - Filling up the DagBag from /home/airflow/.local/lib/python3.12/site-packages/airflow/example_dags/example_task_group.py
[2025-03-17T06:25:09.302+0000] {processor.py:925} INFO - DAG(s) 'example_task_group' retrieved from /home/airflow/.local/lib/python3.12/site-packages/airflow/example_dags/example_task_group.py
[2025-03-17T06:25:09.313+0000] {logging_mixin.py:190} INFO - [2025-03-17T06:25:09.313+0000] {dag.py:3239} INFO - Sync 1 DAGs
[2025-03-17T06:25:09.320+0000] {logging_mixin.py:190} INFO - [2025-03-17T06:25:09.320+0000] {dag.py:4180} INFO - Setting next_dagrun for example_task_group to None, run_after=None
[2025-03-17T06:25:09.333+0000] {processor.py:208} INFO - Processing /home/airflow/.local/lib/python3.12/site-packages/airflow/example_dags/example_task_group.py took 0.042 seconds
[2025-03-17T06:25:39.724+0000] {processor.py:186} INFO - Started process (PID=12732) to work on /home/airflow/.local/lib/python3.12/site-packages/airflow/example_dags/example_task_group.py
[2025-03-17T06:25:39.724+0000] {processor.py:914} INFO - Processing file /home/airflow/.local/lib/python3.12/site-packages/airflow/example_dags/example_task_group.py for tasks to queue
[2025-03-17T06:25:39.726+0000] {logging_mixin.py:190} INFO - [2025-03-17T06:25:39.726+0000] {dagbag.py:588} INFO - Filling up the DagBag from /home/airflow/.local/lib/python3.12/site-packages/airflow/example_dags/example_task_group.py
[2025-03-17T06:25:39.731+0000] {processor.py:925} INFO - DAG(s) 'example_task_group' retrieved from /home/airflow/.local/lib/python3.12/site-packages/airflow/example_dags/example_task_group.py
[2025-03-17T06:25:39.743+0000] {logging_mixin.py:190} INFO - [2025-03-17T06:25:39.743+0000] {dag.py:3239} INFO - Sync 1 DAGs
[2025-03-17T06:25:39.748+0000] {logging_mixin.py:190} INFO - [2025-03-17T06:25:39.748+0000] {dag.py:4180} INFO - Setting next_dagrun for example_task_group to None, run_after=None
[2025-03-17T06:25:39.755+0000] {processor.py:208} INFO - Processing /home/airflow/.local/lib/python3.12/site-packages/airflow/example_dags/example_task_group.py took 0.034 seconds
[2025-03-17T06:26:10.040+0000] {processor.py:186} INFO - Started process (PID=12798) to work on /home/airflow/.local/lib/python3.12/site-packages/airflow/example_dags/example_task_group.py
[2025-03-17T06:26:10.040+0000] {processor.py:914} INFO - Processing file /home/airflow/.local/lib/python3.12/site-packages/airflow/example_dags/example_task_group.py for tasks to queue
[2025-03-17T06:26:10.042+0000] {logging_mixin.py:190} INFO - [2025-03-17T06:26:10.041+0000] {dagbag.py:588} INFO - Filling up the DagBag from /home/airflow/.local/lib/python3.12/site-packages/airflow/example_dags/example_task_group.py
[2025-03-17T06:26:10.046+0000] {processor.py:925} INFO - DAG(s) 'example_task_group' retrieved from /home/airflow/.local/lib/python3.12/site-packages/airflow/example_dags/example_task_group.py
[2025-03-17T06:26:10.056+0000] {logging_mixin.py:190} INFO - [2025-03-17T06:26:10.056+0000] {dag.py:3239} INFO - Sync 1 DAGs
[2025-03-17T06:26:10.060+0000] {logging_mixin.py:190} INFO - [2025-03-17T06:26:10.060+0000] {dag.py:4180} INFO - Setting next_dagrun for example_task_group to None, run_after=None
[2025-03-17T06:26:10.069+0000] {processor.py:208} INFO - Processing /home/airflow/.local/lib/python3.12/site-packages/airflow/example_dags/example_task_group.py took 0.032 seconds
[2025-03-17T06:26:40.563+0000] {processor.py:186} INFO - Started process (PID=12870) to work on /home/airflow/.local/lib/python3.12/site-packages/airflow/example_dags/example_task_group.py
[2025-03-17T06:26:40.564+0000] {processor.py:914} INFO - Processing file /home/airflow/.local/lib/python3.12/site-packages/airflow/example_dags/example_task_group.py for tasks to queue
[2025-03-17T06:26:40.565+0000] {logging_mixin.py:190} INFO - [2025-03-17T06:26:40.565+0000] {dagbag.py:588} INFO - Filling up the DagBag from /home/airflow/.local/lib/python3.12/site-packages/airflow/example_dags/example_task_group.py
[2025-03-17T06:26:40.569+0000] {processor.py:925} INFO - DAG(s) 'example_task_group' retrieved from /home/airflow/.local/lib/python3.12/site-packages/airflow/example_dags/example_task_group.py
[2025-03-17T06:26:40.577+0000] {logging_mixin.py:190} INFO - [2025-03-17T06:26:40.577+0000] {dag.py:3239} INFO - Sync 1 DAGs
[2025-03-17T06:26:40.585+0000] {logging_mixin.py:190} INFO - [2025-03-17T06:26:40.585+0000] {dag.py:4180} INFO - Setting next_dagrun for example_task_group to None, run_after=None
[2025-03-17T06:26:40.593+0000] {processor.py:208} INFO - Processing /home/airflow/.local/lib/python3.12/site-packages/airflow/example_dags/example_task_group.py took 0.033 seconds
[2025-03-17T06:27:11.004+0000] {processor.py:186} INFO - Started process (PID=12936) to work on /home/airflow/.local/lib/python3.12/site-packages/airflow/example_dags/example_task_group.py
[2025-03-17T06:27:11.006+0000] {processor.py:914} INFO - Processing file /home/airflow/.local/lib/python3.12/site-packages/airflow/example_dags/example_task_group.py for tasks to queue
[2025-03-17T06:27:11.007+0000] {logging_mixin.py:190} INFO - [2025-03-17T06:27:11.007+0000] {dagbag.py:588} INFO - Filling up the DagBag from /home/airflow/.local/lib/python3.12/site-packages/airflow/example_dags/example_task_group.py
[2025-03-17T06:27:11.011+0000] {processor.py:925} INFO - DAG(s) 'example_task_group' retrieved from /home/airflow/.local/lib/python3.12/site-packages/airflow/example_dags/example_task_group.py
[2025-03-17T06:27:11.019+0000] {logging_mixin.py:190} INFO - [2025-03-17T06:27:11.019+0000] {dag.py:3239} INFO - Sync 1 DAGs
[2025-03-17T06:27:11.025+0000] {logging_mixin.py:190} INFO - [2025-03-17T06:27:11.025+0000] {dag.py:4180} INFO - Setting next_dagrun for example_task_group to None, run_after=None
[2025-03-17T06:27:11.035+0000] {processor.py:208} INFO - Processing /home/airflow/.local/lib/python3.12/site-packages/airflow/example_dags/example_task_group.py took 0.033 seconds
[2025-03-17T06:27:41.577+0000] {processor.py:186} INFO - Started process (PID=13002) to work on /home/airflow/.local/lib/python3.12/site-packages/airflow/example_dags/example_task_group.py
[2025-03-17T06:27:41.578+0000] {processor.py:914} INFO - Processing file /home/airflow/.local/lib/python3.12/site-packages/airflow/example_dags/example_task_group.py for tasks to queue
[2025-03-17T06:27:41.579+0000] {logging_mixin.py:190} INFO - [2025-03-17T06:27:41.579+0000] {dagbag.py:588} INFO - Filling up the DagBag from /home/airflow/.local/lib/python3.12/site-packages/airflow/example_dags/example_task_group.py
[2025-03-17T06:27:41.583+0000] {processor.py:925} INFO - DAG(s) 'example_task_group' retrieved from /home/airflow/.local/lib/python3.12/site-packages/airflow/example_dags/example_task_group.py
[2025-03-17T06:27:41.592+0000] {logging_mixin.py:190} INFO - [2025-03-17T06:27:41.592+0000] {dag.py:3239} INFO - Sync 1 DAGs
[2025-03-17T06:27:41.597+0000] {logging_mixin.py:190} INFO - [2025-03-17T06:27:41.597+0000] {dag.py:4180} INFO - Setting next_dagrun for example_task_group to None, run_after=None
[2025-03-17T06:27:41.607+0000] {processor.py:208} INFO - Processing /home/airflow/.local/lib/python3.12/site-packages/airflow/example_dags/example_task_group.py took 0.033 seconds
[2025-03-17T06:28:11.956+0000] {processor.py:186} INFO - Started process (PID=13068) to work on /home/airflow/.local/lib/python3.12/site-packages/airflow/example_dags/example_task_group.py
[2025-03-17T06:28:11.957+0000] {processor.py:914} INFO - Processing file /home/airflow/.local/lib/python3.12/site-packages/airflow/example_dags/example_task_group.py for tasks to queue
[2025-03-17T06:28:11.958+0000] {logging_mixin.py:190} INFO - [2025-03-17T06:28:11.958+0000] {dagbag.py:588} INFO - Filling up the DagBag from /home/airflow/.local/lib/python3.12/site-packages/airflow/example_dags/example_task_group.py
[2025-03-17T06:28:11.962+0000] {processor.py:925} INFO - DAG(s) 'example_task_group' retrieved from /home/airflow/.local/lib/python3.12/site-packages/airflow/example_dags/example_task_group.py
[2025-03-17T06:28:11.975+0000] {logging_mixin.py:190} INFO - [2025-03-17T06:28:11.975+0000] {dag.py:3239} INFO - Sync 1 DAGs
[2025-03-17T06:28:11.982+0000] {logging_mixin.py:190} INFO - [2025-03-17T06:28:11.982+0000] {dag.py:4180} INFO - Setting next_dagrun for example_task_group to None, run_after=None
[2025-03-17T06:28:11.992+0000] {processor.py:208} INFO - Processing /home/airflow/.local/lib/python3.12/site-packages/airflow/example_dags/example_task_group.py took 0.038 seconds
