[2025-03-17T00:45:33.858+0000] {processor.py:186} INFO - Started process (PID=10083) to work on /home/airflow/.local/lib/python3.12/site-packages/airflow/example_dags/example_complex.py
[2025-03-17T00:45:33.860+0000] {processor.py:914} INFO - Processing file /home/airflow/.local/lib/python3.12/site-packages/airflow/example_dags/example_complex.py for tasks to queue
[2025-03-17T00:45:33.862+0000] {logging_mixin.py:190} INFO - [2025-03-17T00:45:33.862+0000] {dagbag.py:588} INFO - Filling up the DagBag from /home/airflow/.local/lib/python3.12/site-packages/airflow/example_dags/example_complex.py
[2025-03-17T00:45:33.867+0000] {processor.py:925} INFO - DAG(s) 'example_complex' retrieved from /home/airflow/.local/lib/python3.12/site-packages/airflow/example_dags/example_complex.py
[2025-03-17T00:45:33.880+0000] {logging_mixin.py:190} INFO - [2025-03-17T00:45:33.880+0000] {dag.py:3239} INFO - Sync 1 DAGs
[2025-03-17T00:45:33.886+0000] {logging_mixin.py:190} INFO - [2025-03-17T00:45:33.886+0000] {dag.py:4180} INFO - Setting next_dagrun for example_complex to None, run_after=None
[2025-03-17T00:45:33.897+0000] {processor.py:208} INFO - Processing /home/airflow/.local/lib/python3.12/site-packages/airflow/example_dags/example_complex.py took 0.042 seconds
[2025-03-17T02:11:09.731+0000] {processor.py:186} INFO - Started process (PID=10149) to work on /home/airflow/.local/lib/python3.12/site-packages/airflow/example_dags/example_complex.py
[2025-03-17T02:11:09.731+0000] {processor.py:914} INFO - Processing file /home/airflow/.local/lib/python3.12/site-packages/airflow/example_dags/example_complex.py for tasks to queue
[2025-03-17T02:11:09.733+0000] {logging_mixin.py:190} INFO - [2025-03-17T02:11:09.732+0000] {dagbag.py:588} INFO - Filling up the DagBag from /home/airflow/.local/lib/python3.12/site-packages/airflow/example_dags/example_complex.py
[2025-03-17T02:11:09.738+0000] {processor.py:925} INFO - DAG(s) 'example_complex' retrieved from /home/airflow/.local/lib/python3.12/site-packages/airflow/example_dags/example_complex.py
[2025-03-17T02:11:09.751+0000] {logging_mixin.py:190} INFO - [2025-03-17T02:11:09.751+0000] {dag.py:3239} INFO - Sync 1 DAGs
[2025-03-17T02:11:09.760+0000] {logging_mixin.py:190} INFO - [2025-03-17T02:11:09.760+0000] {dag.py:4180} INFO - Setting next_dagrun for example_complex to None, run_after=None
[2025-03-17T02:11:09.768+0000] {processor.py:208} INFO - Processing /home/airflow/.local/lib/python3.12/site-packages/airflow/example_dags/example_complex.py took 0.040 seconds
[2025-03-17T02:30:14.218+0000] {processor.py:186} INFO - Started process (PID=10215) to work on /home/airflow/.local/lib/python3.12/site-packages/airflow/example_dags/example_complex.py
[2025-03-17T02:30:14.219+0000] {processor.py:914} INFO - Processing file /home/airflow/.local/lib/python3.12/site-packages/airflow/example_dags/example_complex.py for tasks to queue
[2025-03-17T02:30:14.220+0000] {logging_mixin.py:190} INFO - [2025-03-17T02:30:14.220+0000] {dagbag.py:588} INFO - Filling up the DagBag from /home/airflow/.local/lib/python3.12/site-packages/airflow/example_dags/example_complex.py
[2025-03-17T02:30:14.227+0000] {processor.py:925} INFO - DAG(s) 'example_complex' retrieved from /home/airflow/.local/lib/python3.12/site-packages/airflow/example_dags/example_complex.py
[2025-03-17T02:30:14.241+0000] {logging_mixin.py:190} INFO - [2025-03-17T02:30:14.241+0000] {dag.py:3239} INFO - Sync 1 DAGs
[2025-03-17T02:30:14.247+0000] {logging_mixin.py:190} INFO - [2025-03-17T02:30:14.247+0000] {dag.py:4180} INFO - Setting next_dagrun for example_complex to None, run_after=None
[2025-03-17T02:30:14.254+0000] {processor.py:208} INFO - Processing /home/airflow/.local/lib/python3.12/site-packages/airflow/example_dags/example_complex.py took 0.039 seconds
[2025-03-17T02:30:44.753+0000] {processor.py:186} INFO - Started process (PID=10281) to work on /home/airflow/.local/lib/python3.12/site-packages/airflow/example_dags/example_complex.py
[2025-03-17T02:30:44.754+0000] {processor.py:914} INFO - Processing file /home/airflow/.local/lib/python3.12/site-packages/airflow/example_dags/example_complex.py for tasks to queue
[2025-03-17T02:30:44.755+0000] {logging_mixin.py:190} INFO - [2025-03-17T02:30:44.755+0000] {dagbag.py:588} INFO - Filling up the DagBag from /home/airflow/.local/lib/python3.12/site-packages/airflow/example_dags/example_complex.py
[2025-03-17T02:30:44.761+0000] {processor.py:925} INFO - DAG(s) 'example_complex' retrieved from /home/airflow/.local/lib/python3.12/site-packages/airflow/example_dags/example_complex.py
[2025-03-17T02:30:44.773+0000] {logging_mixin.py:190} INFO - [2025-03-17T02:30:44.772+0000] {dag.py:3239} INFO - Sync 1 DAGs
[2025-03-17T02:30:44.778+0000] {logging_mixin.py:190} INFO - [2025-03-17T02:30:44.778+0000] {dag.py:4180} INFO - Setting next_dagrun for example_complex to None, run_after=None
[2025-03-17T02:30:44.785+0000] {processor.py:208} INFO - Processing /home/airflow/.local/lib/python3.12/site-packages/airflow/example_dags/example_complex.py took 0.035 seconds
[2025-03-17T02:31:15.340+0000] {processor.py:186} INFO - Started process (PID=10347) to work on /home/airflow/.local/lib/python3.12/site-packages/airflow/example_dags/example_complex.py
[2025-03-17T02:31:15.340+0000] {processor.py:914} INFO - Processing file /home/airflow/.local/lib/python3.12/site-packages/airflow/example_dags/example_complex.py for tasks to queue
[2025-03-17T02:31:15.341+0000] {logging_mixin.py:190} INFO - [2025-03-17T02:31:15.341+0000] {dagbag.py:588} INFO - Filling up the DagBag from /home/airflow/.local/lib/python3.12/site-packages/airflow/example_dags/example_complex.py
[2025-03-17T02:31:15.346+0000] {processor.py:925} INFO - DAG(s) 'example_complex' retrieved from /home/airflow/.local/lib/python3.12/site-packages/airflow/example_dags/example_complex.py
[2025-03-17T02:31:15.360+0000] {logging_mixin.py:190} INFO - [2025-03-17T02:31:15.360+0000] {dag.py:3239} INFO - Sync 1 DAGs
[2025-03-17T02:31:15.365+0000] {logging_mixin.py:190} INFO - [2025-03-17T02:31:15.365+0000] {dag.py:4180} INFO - Setting next_dagrun for example_complex to None, run_after=None
[2025-03-17T02:31:15.374+0000] {processor.py:208} INFO - Processing /home/airflow/.local/lib/python3.12/site-packages/airflow/example_dags/example_complex.py took 0.037 seconds
[2025-03-17T02:31:45.790+0000] {processor.py:186} INFO - Started process (PID=10413) to work on /home/airflow/.local/lib/python3.12/site-packages/airflow/example_dags/example_complex.py
[2025-03-17T02:31:45.791+0000] {processor.py:914} INFO - Processing file /home/airflow/.local/lib/python3.12/site-packages/airflow/example_dags/example_complex.py for tasks to queue
[2025-03-17T02:31:45.793+0000] {logging_mixin.py:190} INFO - [2025-03-17T02:31:45.793+0000] {dagbag.py:588} INFO - Filling up the DagBag from /home/airflow/.local/lib/python3.12/site-packages/airflow/example_dags/example_complex.py
[2025-03-17T02:31:45.798+0000] {processor.py:925} INFO - DAG(s) 'example_complex' retrieved from /home/airflow/.local/lib/python3.12/site-packages/airflow/example_dags/example_complex.py
[2025-03-17T02:31:45.813+0000] {logging_mixin.py:190} INFO - [2025-03-17T02:31:45.813+0000] {dag.py:3239} INFO - Sync 1 DAGs
[2025-03-17T02:31:45.818+0000] {logging_mixin.py:190} INFO - [2025-03-17T02:31:45.818+0000] {dag.py:4180} INFO - Setting next_dagrun for example_complex to None, run_after=None
[2025-03-17T02:31:45.829+0000] {processor.py:208} INFO - Processing /home/airflow/.local/lib/python3.12/site-packages/airflow/example_dags/example_complex.py took 0.042 seconds
[2025-03-17T02:32:16.246+0000] {processor.py:186} INFO - Started process (PID=10479) to work on /home/airflow/.local/lib/python3.12/site-packages/airflow/example_dags/example_complex.py
[2025-03-17T02:32:16.247+0000] {processor.py:914} INFO - Processing file /home/airflow/.local/lib/python3.12/site-packages/airflow/example_dags/example_complex.py for tasks to queue
[2025-03-17T02:32:16.248+0000] {logging_mixin.py:190} INFO - [2025-03-17T02:32:16.248+0000] {dagbag.py:588} INFO - Filling up the DagBag from /home/airflow/.local/lib/python3.12/site-packages/airflow/example_dags/example_complex.py
[2025-03-17T02:32:16.253+0000] {processor.py:925} INFO - DAG(s) 'example_complex' retrieved from /home/airflow/.local/lib/python3.12/site-packages/airflow/example_dags/example_complex.py
[2025-03-17T02:32:16.269+0000] {logging_mixin.py:190} INFO - [2025-03-17T02:32:16.269+0000] {dag.py:3239} INFO - Sync 1 DAGs
[2025-03-17T02:32:16.275+0000] {logging_mixin.py:190} INFO - [2025-03-17T02:32:16.275+0000] {dag.py:4180} INFO - Setting next_dagrun for example_complex to None, run_after=None
[2025-03-17T02:32:16.286+0000] {processor.py:208} INFO - Processing /home/airflow/.local/lib/python3.12/site-packages/airflow/example_dags/example_complex.py took 0.042 seconds
[2025-03-17T02:32:46.650+0000] {processor.py:186} INFO - Started process (PID=10551) to work on /home/airflow/.local/lib/python3.12/site-packages/airflow/example_dags/example_complex.py
[2025-03-17T02:32:46.651+0000] {processor.py:914} INFO - Processing file /home/airflow/.local/lib/python3.12/site-packages/airflow/example_dags/example_complex.py for tasks to queue
[2025-03-17T02:32:46.653+0000] {logging_mixin.py:190} INFO - [2025-03-17T02:32:46.653+0000] {dagbag.py:588} INFO - Filling up the DagBag from /home/airflow/.local/lib/python3.12/site-packages/airflow/example_dags/example_complex.py
[2025-03-17T02:32:46.658+0000] {processor.py:925} INFO - DAG(s) 'example_complex' retrieved from /home/airflow/.local/lib/python3.12/site-packages/airflow/example_dags/example_complex.py
[2025-03-17T02:32:46.677+0000] {logging_mixin.py:190} INFO - [2025-03-17T02:32:46.677+0000] {dag.py:3239} INFO - Sync 1 DAGs
[2025-03-17T02:32:46.683+0000] {logging_mixin.py:190} INFO - [2025-03-17T02:32:46.683+0000] {dag.py:4180} INFO - Setting next_dagrun for example_complex to None, run_after=None
[2025-03-17T02:32:46.695+0000] {processor.py:208} INFO - Processing /home/airflow/.local/lib/python3.12/site-packages/airflow/example_dags/example_complex.py took 0.047 seconds
[2025-03-17T02:33:17.157+0000] {processor.py:186} INFO - Started process (PID=10617) to work on /home/airflow/.local/lib/python3.12/site-packages/airflow/example_dags/example_complex.py
[2025-03-17T02:33:17.157+0000] {processor.py:914} INFO - Processing file /home/airflow/.local/lib/python3.12/site-packages/airflow/example_dags/example_complex.py for tasks to queue
[2025-03-17T02:33:17.159+0000] {logging_mixin.py:190} INFO - [2025-03-17T02:33:17.158+0000] {dagbag.py:588} INFO - Filling up the DagBag from /home/airflow/.local/lib/python3.12/site-packages/airflow/example_dags/example_complex.py
[2025-03-17T02:33:17.164+0000] {processor.py:925} INFO - DAG(s) 'example_complex' retrieved from /home/airflow/.local/lib/python3.12/site-packages/airflow/example_dags/example_complex.py
[2025-03-17T02:33:17.176+0000] {logging_mixin.py:190} INFO - [2025-03-17T02:33:17.176+0000] {dag.py:3239} INFO - Sync 1 DAGs
[2025-03-17T02:33:17.182+0000] {logging_mixin.py:190} INFO - [2025-03-17T02:33:17.182+0000] {dag.py:4180} INFO - Setting next_dagrun for example_complex to None, run_after=None
[2025-03-17T02:33:17.189+0000] {processor.py:208} INFO - Processing /home/airflow/.local/lib/python3.12/site-packages/airflow/example_dags/example_complex.py took 0.035 seconds
[2025-03-17T02:33:47.918+0000] {processor.py:186} INFO - Started process (PID=10683) to work on /home/airflow/.local/lib/python3.12/site-packages/airflow/example_dags/example_complex.py
[2025-03-17T02:33:47.919+0000] {processor.py:914} INFO - Processing file /home/airflow/.local/lib/python3.12/site-packages/airflow/example_dags/example_complex.py for tasks to queue
[2025-03-17T02:33:47.920+0000] {logging_mixin.py:190} INFO - [2025-03-17T02:33:47.920+0000] {dagbag.py:588} INFO - Filling up the DagBag from /home/airflow/.local/lib/python3.12/site-packages/airflow/example_dags/example_complex.py
[2025-03-17T02:33:47.925+0000] {processor.py:925} INFO - DAG(s) 'example_complex' retrieved from /home/airflow/.local/lib/python3.12/site-packages/airflow/example_dags/example_complex.py
[2025-03-17T02:33:47.938+0000] {logging_mixin.py:190} INFO - [2025-03-17T02:33:47.938+0000] {dag.py:3239} INFO - Sync 1 DAGs
[2025-03-17T02:33:47.943+0000] {logging_mixin.py:190} INFO - [2025-03-17T02:33:47.943+0000] {dag.py:4180} INFO - Setting next_dagrun for example_complex to None, run_after=None
[2025-03-17T02:33:47.951+0000] {processor.py:208} INFO - Processing /home/airflow/.local/lib/python3.12/site-packages/airflow/example_dags/example_complex.py took 0.036 seconds
[2025-03-17T02:34:18.342+0000] {processor.py:186} INFO - Started process (PID=10749) to work on /home/airflow/.local/lib/python3.12/site-packages/airflow/example_dags/example_complex.py
[2025-03-17T02:34:18.344+0000] {processor.py:914} INFO - Processing file /home/airflow/.local/lib/python3.12/site-packages/airflow/example_dags/example_complex.py for tasks to queue
[2025-03-17T02:34:18.345+0000] {logging_mixin.py:190} INFO - [2025-03-17T02:34:18.345+0000] {dagbag.py:588} INFO - Filling up the DagBag from /home/airflow/.local/lib/python3.12/site-packages/airflow/example_dags/example_complex.py
[2025-03-17T02:34:18.350+0000] {processor.py:925} INFO - DAG(s) 'example_complex' retrieved from /home/airflow/.local/lib/python3.12/site-packages/airflow/example_dags/example_complex.py
[2025-03-17T02:34:18.362+0000] {logging_mixin.py:190} INFO - [2025-03-17T02:34:18.362+0000] {dag.py:3239} INFO - Sync 1 DAGs
[2025-03-17T02:34:18.367+0000] {logging_mixin.py:190} INFO - [2025-03-17T02:34:18.367+0000] {dag.py:4180} INFO - Setting next_dagrun for example_complex to None, run_after=None
[2025-03-17T02:34:18.376+0000] {processor.py:208} INFO - Processing /home/airflow/.local/lib/python3.12/site-packages/airflow/example_dags/example_complex.py took 0.037 seconds
[2025-03-17T02:34:48.717+0000] {processor.py:186} INFO - Started process (PID=10815) to work on /home/airflow/.local/lib/python3.12/site-packages/airflow/example_dags/example_complex.py
[2025-03-17T02:34:48.717+0000] {processor.py:914} INFO - Processing file /home/airflow/.local/lib/python3.12/site-packages/airflow/example_dags/example_complex.py for tasks to queue
[2025-03-17T02:34:48.718+0000] {logging_mixin.py:190} INFO - [2025-03-17T02:34:48.718+0000] {dagbag.py:588} INFO - Filling up the DagBag from /home/airflow/.local/lib/python3.12/site-packages/airflow/example_dags/example_complex.py
[2025-03-17T02:34:48.723+0000] {processor.py:925} INFO - DAG(s) 'example_complex' retrieved from /home/airflow/.local/lib/python3.12/site-packages/airflow/example_dags/example_complex.py
[2025-03-17T02:34:48.737+0000] {logging_mixin.py:190} INFO - [2025-03-17T02:34:48.737+0000] {dag.py:3239} INFO - Sync 1 DAGs
[2025-03-17T02:34:48.742+0000] {logging_mixin.py:190} INFO - [2025-03-17T02:34:48.742+0000] {dag.py:4180} INFO - Setting next_dagrun for example_complex to None, run_after=None
[2025-03-17T02:34:48.751+0000] {processor.py:208} INFO - Processing /home/airflow/.local/lib/python3.12/site-packages/airflow/example_dags/example_complex.py took 0.037 seconds
[2025-03-17T02:35:19.050+0000] {processor.py:186} INFO - Started process (PID=10881) to work on /home/airflow/.local/lib/python3.12/site-packages/airflow/example_dags/example_complex.py
[2025-03-17T02:35:19.054+0000] {processor.py:914} INFO - Processing file /home/airflow/.local/lib/python3.12/site-packages/airflow/example_dags/example_complex.py for tasks to queue
[2025-03-17T02:35:19.056+0000] {logging_mixin.py:190} INFO - [2025-03-17T02:35:19.056+0000] {dagbag.py:588} INFO - Filling up the DagBag from /home/airflow/.local/lib/python3.12/site-packages/airflow/example_dags/example_complex.py
[2025-03-17T02:35:19.062+0000] {processor.py:925} INFO - DAG(s) 'example_complex' retrieved from /home/airflow/.local/lib/python3.12/site-packages/airflow/example_dags/example_complex.py
[2025-03-17T02:35:19.076+0000] {logging_mixin.py:190} INFO - [2025-03-17T02:35:19.076+0000] {dag.py:3239} INFO - Sync 1 DAGs
[2025-03-17T02:35:19.081+0000] {logging_mixin.py:190} INFO - [2025-03-17T02:35:19.081+0000] {dag.py:4180} INFO - Setting next_dagrun for example_complex to None, run_after=None
[2025-03-17T02:35:19.088+0000] {processor.py:208} INFO - Processing /home/airflow/.local/lib/python3.12/site-packages/airflow/example_dags/example_complex.py took 0.040 seconds
[2025-03-17T02:35:49.402+0000] {processor.py:186} INFO - Started process (PID=10947) to work on /home/airflow/.local/lib/python3.12/site-packages/airflow/example_dags/example_complex.py
[2025-03-17T02:35:49.403+0000] {processor.py:914} INFO - Processing file /home/airflow/.local/lib/python3.12/site-packages/airflow/example_dags/example_complex.py for tasks to queue
[2025-03-17T02:35:49.404+0000] {logging_mixin.py:190} INFO - [2025-03-17T02:35:49.404+0000] {dagbag.py:588} INFO - Filling up the DagBag from /home/airflow/.local/lib/python3.12/site-packages/airflow/example_dags/example_complex.py
[2025-03-17T02:35:49.409+0000] {processor.py:925} INFO - DAG(s) 'example_complex' retrieved from /home/airflow/.local/lib/python3.12/site-packages/airflow/example_dags/example_complex.py
[2025-03-17T02:35:49.423+0000] {logging_mixin.py:190} INFO - [2025-03-17T02:35:49.423+0000] {dag.py:3239} INFO - Sync 1 DAGs
[2025-03-17T02:35:49.429+0000] {logging_mixin.py:190} INFO - [2025-03-17T02:35:49.429+0000] {dag.py:4180} INFO - Setting next_dagrun for example_complex to None, run_after=None
[2025-03-17T02:35:49.439+0000] {processor.py:208} INFO - Processing /home/airflow/.local/lib/python3.12/site-packages/airflow/example_dags/example_complex.py took 0.040 seconds
[2025-03-17T02:36:19.710+0000] {processor.py:186} INFO - Started process (PID=11013) to work on /home/airflow/.local/lib/python3.12/site-packages/airflow/example_dags/example_complex.py
[2025-03-17T02:36:19.710+0000] {processor.py:914} INFO - Processing file /home/airflow/.local/lib/python3.12/site-packages/airflow/example_dags/example_complex.py for tasks to queue
[2025-03-17T02:36:19.712+0000] {logging_mixin.py:190} INFO - [2025-03-17T02:36:19.711+0000] {dagbag.py:588} INFO - Filling up the DagBag from /home/airflow/.local/lib/python3.12/site-packages/airflow/example_dags/example_complex.py
[2025-03-17T02:36:19.717+0000] {processor.py:925} INFO - DAG(s) 'example_complex' retrieved from /home/airflow/.local/lib/python3.12/site-packages/airflow/example_dags/example_complex.py
[2025-03-17T02:36:19.729+0000] {logging_mixin.py:190} INFO - [2025-03-17T02:36:19.728+0000] {dag.py:3239} INFO - Sync 1 DAGs
[2025-03-17T02:36:19.734+0000] {logging_mixin.py:190} INFO - [2025-03-17T02:36:19.734+0000] {dag.py:4180} INFO - Setting next_dagrun for example_complex to None, run_after=None
[2025-03-17T02:36:19.741+0000] {processor.py:208} INFO - Processing /home/airflow/.local/lib/python3.12/site-packages/airflow/example_dags/example_complex.py took 0.034 seconds
[2025-03-17T02:36:49.849+0000] {processor.py:186} INFO - Started process (PID=11078) to work on /home/airflow/.local/lib/python3.12/site-packages/airflow/example_dags/example_complex.py
[2025-03-17T02:36:49.849+0000] {processor.py:914} INFO - Processing file /home/airflow/.local/lib/python3.12/site-packages/airflow/example_dags/example_complex.py for tasks to queue
[2025-03-17T02:36:49.851+0000] {logging_mixin.py:190} INFO - [2025-03-17T02:36:49.850+0000] {dagbag.py:588} INFO - Filling up the DagBag from /home/airflow/.local/lib/python3.12/site-packages/airflow/example_dags/example_complex.py
[2025-03-17T02:36:49.856+0000] {processor.py:925} INFO - DAG(s) 'example_complex' retrieved from /home/airflow/.local/lib/python3.12/site-packages/airflow/example_dags/example_complex.py
[2025-03-17T02:36:49.869+0000] {logging_mixin.py:190} INFO - [2025-03-17T02:36:49.869+0000] {dag.py:3239} INFO - Sync 1 DAGs
[2025-03-17T02:36:49.874+0000] {logging_mixin.py:190} INFO - [2025-03-17T02:36:49.874+0000] {dag.py:4180} INFO - Setting next_dagrun for example_complex to None, run_after=None
[2025-03-17T02:36:49.881+0000] {processor.py:208} INFO - Processing /home/airflow/.local/lib/python3.12/site-packages/airflow/example_dags/example_complex.py took 0.035 seconds
[2025-03-17T02:37:20.601+0000] {processor.py:186} INFO - Started process (PID=11144) to work on /home/airflow/.local/lib/python3.12/site-packages/airflow/example_dags/example_complex.py
[2025-03-17T02:37:20.601+0000] {processor.py:914} INFO - Processing file /home/airflow/.local/lib/python3.12/site-packages/airflow/example_dags/example_complex.py for tasks to queue
[2025-03-17T02:37:20.602+0000] {logging_mixin.py:190} INFO - [2025-03-17T02:37:20.602+0000] {dagbag.py:588} INFO - Filling up the DagBag from /home/airflow/.local/lib/python3.12/site-packages/airflow/example_dags/example_complex.py
[2025-03-17T02:37:20.608+0000] {processor.py:925} INFO - DAG(s) 'example_complex' retrieved from /home/airflow/.local/lib/python3.12/site-packages/airflow/example_dags/example_complex.py
[2025-03-17T02:37:20.619+0000] {logging_mixin.py:190} INFO - [2025-03-17T02:37:20.619+0000] {dag.py:3239} INFO - Sync 1 DAGs
[2025-03-17T02:37:20.625+0000] {logging_mixin.py:190} INFO - [2025-03-17T02:37:20.625+0000] {dag.py:4180} INFO - Setting next_dagrun for example_complex to None, run_after=None
[2025-03-17T02:37:20.632+0000] {processor.py:208} INFO - Processing /home/airflow/.local/lib/python3.12/site-packages/airflow/example_dags/example_complex.py took 0.033 seconds
[2025-03-17T02:37:51.084+0000] {processor.py:186} INFO - Started process (PID=11210) to work on /home/airflow/.local/lib/python3.12/site-packages/airflow/example_dags/example_complex.py
[2025-03-17T02:37:51.084+0000] {processor.py:914} INFO - Processing file /home/airflow/.local/lib/python3.12/site-packages/airflow/example_dags/example_complex.py for tasks to queue
[2025-03-17T02:37:51.087+0000] {logging_mixin.py:190} INFO - [2025-03-17T02:37:51.087+0000] {dagbag.py:588} INFO - Filling up the DagBag from /home/airflow/.local/lib/python3.12/site-packages/airflow/example_dags/example_complex.py
[2025-03-17T02:37:51.092+0000] {processor.py:925} INFO - DAG(s) 'example_complex' retrieved from /home/airflow/.local/lib/python3.12/site-packages/airflow/example_dags/example_complex.py
[2025-03-17T02:37:51.106+0000] {logging_mixin.py:190} INFO - [2025-03-17T02:37:51.106+0000] {dag.py:3239} INFO - Sync 1 DAGs
[2025-03-17T02:37:51.112+0000] {logging_mixin.py:190} INFO - [2025-03-17T02:37:51.112+0000] {dag.py:4180} INFO - Setting next_dagrun for example_complex to None, run_after=None
[2025-03-17T02:37:51.212+0000] {processor.py:208} INFO - Processing /home/airflow/.local/lib/python3.12/site-packages/airflow/example_dags/example_complex.py took 0.131 seconds
[2025-03-17T02:38:21.626+0000] {processor.py:186} INFO - Started process (PID=11276) to work on /home/airflow/.local/lib/python3.12/site-packages/airflow/example_dags/example_complex.py
[2025-03-17T02:38:21.628+0000] {processor.py:914} INFO - Processing file /home/airflow/.local/lib/python3.12/site-packages/airflow/example_dags/example_complex.py for tasks to queue
[2025-03-17T02:38:21.629+0000] {logging_mixin.py:190} INFO - [2025-03-17T02:38:21.629+0000] {dagbag.py:588} INFO - Filling up the DagBag from /home/airflow/.local/lib/python3.12/site-packages/airflow/example_dags/example_complex.py
[2025-03-17T02:38:21.634+0000] {processor.py:925} INFO - DAG(s) 'example_complex' retrieved from /home/airflow/.local/lib/python3.12/site-packages/airflow/example_dags/example_complex.py
[2025-03-17T02:38:21.647+0000] {logging_mixin.py:190} INFO - [2025-03-17T02:38:21.646+0000] {dag.py:3239} INFO - Sync 1 DAGs
[2025-03-17T02:38:21.742+0000] {logging_mixin.py:190} INFO - [2025-03-17T02:38:21.742+0000] {dag.py:4180} INFO - Setting next_dagrun for example_complex to None, run_after=None
[2025-03-17T02:38:21.748+0000] {processor.py:208} INFO - Processing /home/airflow/.local/lib/python3.12/site-packages/airflow/example_dags/example_complex.py took 0.125 seconds
[2025-03-17T02:38:52.705+0000] {processor.py:186} INFO - Started process (PID=11343) to work on /home/airflow/.local/lib/python3.12/site-packages/airflow/example_dags/example_complex.py
[2025-03-17T02:38:52.705+0000] {processor.py:914} INFO - Processing file /home/airflow/.local/lib/python3.12/site-packages/airflow/example_dags/example_complex.py for tasks to queue
[2025-03-17T02:38:52.706+0000] {logging_mixin.py:190} INFO - [2025-03-17T02:38:52.706+0000] {dagbag.py:588} INFO - Filling up the DagBag from /home/airflow/.local/lib/python3.12/site-packages/airflow/example_dags/example_complex.py
[2025-03-17T02:38:52.712+0000] {processor.py:925} INFO - DAG(s) 'example_complex' retrieved from /home/airflow/.local/lib/python3.12/site-packages/airflow/example_dags/example_complex.py
[2025-03-17T02:38:52.724+0000] {logging_mixin.py:190} INFO - [2025-03-17T02:38:52.724+0000] {dag.py:3239} INFO - Sync 1 DAGs
[2025-03-17T02:38:52.730+0000] {logging_mixin.py:190} INFO - [2025-03-17T02:38:52.730+0000] {dag.py:4180} INFO - Setting next_dagrun for example_complex to None, run_after=None
[2025-03-17T02:38:52.738+0000] {processor.py:208} INFO - Processing /home/airflow/.local/lib/python3.12/site-packages/airflow/example_dags/example_complex.py took 0.035 seconds
[2025-03-17T02:39:23.270+0000] {processor.py:186} INFO - Started process (PID=11409) to work on /home/airflow/.local/lib/python3.12/site-packages/airflow/example_dags/example_complex.py
[2025-03-17T02:39:23.271+0000] {processor.py:914} INFO - Processing file /home/airflow/.local/lib/python3.12/site-packages/airflow/example_dags/example_complex.py for tasks to queue
[2025-03-17T02:39:23.272+0000] {logging_mixin.py:190} INFO - [2025-03-17T02:39:23.272+0000] {dagbag.py:588} INFO - Filling up the DagBag from /home/airflow/.local/lib/python3.12/site-packages/airflow/example_dags/example_complex.py
[2025-03-17T02:39:23.368+0000] {processor.py:925} INFO - DAG(s) 'example_complex' retrieved from /home/airflow/.local/lib/python3.12/site-packages/airflow/example_dags/example_complex.py
[2025-03-17T02:39:23.379+0000] {logging_mixin.py:190} INFO - [2025-03-17T02:39:23.379+0000] {dag.py:3239} INFO - Sync 1 DAGs
[2025-03-17T02:39:23.383+0000] {logging_mixin.py:190} INFO - [2025-03-17T02:39:23.383+0000] {dag.py:4180} INFO - Setting next_dagrun for example_complex to None, run_after=None
[2025-03-17T02:39:23.391+0000] {processor.py:208} INFO - Processing /home/airflow/.local/lib/python3.12/site-packages/airflow/example_dags/example_complex.py took 0.123 seconds
[2025-03-17T02:39:54.079+0000] {processor.py:186} INFO - Started process (PID=11474) to work on /home/airflow/.local/lib/python3.12/site-packages/airflow/example_dags/example_complex.py
[2025-03-17T02:39:54.080+0000] {processor.py:914} INFO - Processing file /home/airflow/.local/lib/python3.12/site-packages/airflow/example_dags/example_complex.py for tasks to queue
[2025-03-17T02:39:54.081+0000] {logging_mixin.py:190} INFO - [2025-03-17T02:39:54.081+0000] {dagbag.py:588} INFO - Filling up the DagBag from /home/airflow/.local/lib/python3.12/site-packages/airflow/example_dags/example_complex.py
[2025-03-17T02:39:54.086+0000] {processor.py:925} INFO - DAG(s) 'example_complex' retrieved from /home/airflow/.local/lib/python3.12/site-packages/airflow/example_dags/example_complex.py
[2025-03-17T02:39:54.100+0000] {logging_mixin.py:190} INFO - [2025-03-17T02:39:54.100+0000] {dag.py:3239} INFO - Sync 1 DAGs
[2025-03-17T02:39:54.106+0000] {logging_mixin.py:190} INFO - [2025-03-17T02:39:54.106+0000] {dag.py:4180} INFO - Setting next_dagrun for example_complex to None, run_after=None
[2025-03-17T02:39:54.114+0000] {processor.py:208} INFO - Processing /home/airflow/.local/lib/python3.12/site-packages/airflow/example_dags/example_complex.py took 0.037 seconds
[2025-03-17T02:40:25.168+0000] {processor.py:186} INFO - Started process (PID=11540) to work on /home/airflow/.local/lib/python3.12/site-packages/airflow/example_dags/example_complex.py
[2025-03-17T02:40:25.170+0000] {processor.py:914} INFO - Processing file /home/airflow/.local/lib/python3.12/site-packages/airflow/example_dags/example_complex.py for tasks to queue
[2025-03-17T02:40:25.171+0000] {logging_mixin.py:190} INFO - [2025-03-17T02:40:25.171+0000] {dagbag.py:588} INFO - Filling up the DagBag from /home/airflow/.local/lib/python3.12/site-packages/airflow/example_dags/example_complex.py
[2025-03-17T02:40:25.176+0000] {processor.py:925} INFO - DAG(s) 'example_complex' retrieved from /home/airflow/.local/lib/python3.12/site-packages/airflow/example_dags/example_complex.py
[2025-03-17T02:40:25.187+0000] {logging_mixin.py:190} INFO - [2025-03-17T02:40:25.187+0000] {dag.py:3239} INFO - Sync 1 DAGs
[2025-03-17T02:40:25.193+0000] {logging_mixin.py:190} INFO - [2025-03-17T02:40:25.193+0000] {dag.py:4180} INFO - Setting next_dagrun for example_complex to None, run_after=None
[2025-03-17T02:40:25.203+0000] {processor.py:208} INFO - Processing /home/airflow/.local/lib/python3.12/site-packages/airflow/example_dags/example_complex.py took 0.037 seconds
[2025-03-17T02:40:55.444+0000] {processor.py:186} INFO - Started process (PID=11606) to work on /home/airflow/.local/lib/python3.12/site-packages/airflow/example_dags/example_complex.py
[2025-03-17T02:40:55.445+0000] {processor.py:914} INFO - Processing file /home/airflow/.local/lib/python3.12/site-packages/airflow/example_dags/example_complex.py for tasks to queue
[2025-03-17T02:40:55.446+0000] {logging_mixin.py:190} INFO - [2025-03-17T02:40:55.446+0000] {dagbag.py:588} INFO - Filling up the DagBag from /home/airflow/.local/lib/python3.12/site-packages/airflow/example_dags/example_complex.py
[2025-03-17T02:40:55.452+0000] {processor.py:925} INFO - DAG(s) 'example_complex' retrieved from /home/airflow/.local/lib/python3.12/site-packages/airflow/example_dags/example_complex.py
[2025-03-17T02:40:55.466+0000] {logging_mixin.py:190} INFO - [2025-03-17T02:40:55.466+0000] {dag.py:3239} INFO - Sync 1 DAGs
[2025-03-17T02:40:55.472+0000] {logging_mixin.py:190} INFO - [2025-03-17T02:40:55.472+0000] {dag.py:4180} INFO - Setting next_dagrun for example_complex to None, run_after=None
[2025-03-17T02:40:55.483+0000] {processor.py:208} INFO - Processing /home/airflow/.local/lib/python3.12/site-packages/airflow/example_dags/example_complex.py took 0.042 seconds
[2025-03-17T02:41:26.530+0000] {processor.py:186} INFO - Started process (PID=11672) to work on /home/airflow/.local/lib/python3.12/site-packages/airflow/example_dags/example_complex.py
[2025-03-17T02:41:26.531+0000] {processor.py:914} INFO - Processing file /home/airflow/.local/lib/python3.12/site-packages/airflow/example_dags/example_complex.py for tasks to queue
[2025-03-17T02:41:26.533+0000] {logging_mixin.py:190} INFO - [2025-03-17T02:41:26.533+0000] {dagbag.py:588} INFO - Filling up the DagBag from /home/airflow/.local/lib/python3.12/site-packages/airflow/example_dags/example_complex.py
[2025-03-17T02:41:26.539+0000] {processor.py:925} INFO - DAG(s) 'example_complex' retrieved from /home/airflow/.local/lib/python3.12/site-packages/airflow/example_dags/example_complex.py
[2025-03-17T02:41:26.552+0000] {logging_mixin.py:190} INFO - [2025-03-17T02:41:26.552+0000] {dag.py:3239} INFO - Sync 1 DAGs
[2025-03-17T02:41:26.557+0000] {logging_mixin.py:190} INFO - [2025-03-17T02:41:26.557+0000] {dag.py:4180} INFO - Setting next_dagrun for example_complex to None, run_after=None
[2025-03-17T02:41:26.570+0000] {processor.py:208} INFO - Processing /home/airflow/.local/lib/python3.12/site-packages/airflow/example_dags/example_complex.py took 0.043 seconds
[2025-03-17T02:41:56.747+0000] {processor.py:186} INFO - Started process (PID=11738) to work on /home/airflow/.local/lib/python3.12/site-packages/airflow/example_dags/example_complex.py
[2025-03-17T02:41:56.748+0000] {processor.py:914} INFO - Processing file /home/airflow/.local/lib/python3.12/site-packages/airflow/example_dags/example_complex.py for tasks to queue
[2025-03-17T02:41:56.749+0000] {logging_mixin.py:190} INFO - [2025-03-17T02:41:56.749+0000] {dagbag.py:588} INFO - Filling up the DagBag from /home/airflow/.local/lib/python3.12/site-packages/airflow/example_dags/example_complex.py
[2025-03-17T02:41:56.755+0000] {processor.py:925} INFO - DAG(s) 'example_complex' retrieved from /home/airflow/.local/lib/python3.12/site-packages/airflow/example_dags/example_complex.py
[2025-03-17T02:41:56.767+0000] {logging_mixin.py:190} INFO - [2025-03-17T02:41:56.767+0000] {dag.py:3239} INFO - Sync 1 DAGs
[2025-03-17T02:41:56.773+0000] {logging_mixin.py:190} INFO - [2025-03-17T02:41:56.773+0000] {dag.py:4180} INFO - Setting next_dagrun for example_complex to None, run_after=None
[2025-03-17T02:41:56.781+0000] {processor.py:208} INFO - Processing /home/airflow/.local/lib/python3.12/site-packages/airflow/example_dags/example_complex.py took 0.036 seconds
[2025-03-17T02:42:27.833+0000] {processor.py:186} INFO - Started process (PID=11804) to work on /home/airflow/.local/lib/python3.12/site-packages/airflow/example_dags/example_complex.py
[2025-03-17T02:42:27.833+0000] {processor.py:914} INFO - Processing file /home/airflow/.local/lib/python3.12/site-packages/airflow/example_dags/example_complex.py for tasks to queue
[2025-03-17T02:42:27.834+0000] {logging_mixin.py:190} INFO - [2025-03-17T02:42:27.834+0000] {dagbag.py:588} INFO - Filling up the DagBag from /home/airflow/.local/lib/python3.12/site-packages/airflow/example_dags/example_complex.py
[2025-03-17T02:42:27.839+0000] {processor.py:925} INFO - DAG(s) 'example_complex' retrieved from /home/airflow/.local/lib/python3.12/site-packages/airflow/example_dags/example_complex.py
[2025-03-17T02:42:27.851+0000] {logging_mixin.py:190} INFO - [2025-03-17T02:42:27.851+0000] {dag.py:3239} INFO - Sync 1 DAGs
[2025-03-17T02:42:27.857+0000] {logging_mixin.py:190} INFO - [2025-03-17T02:42:27.857+0000] {dag.py:4180} INFO - Setting next_dagrun for example_complex to None, run_after=None
[2025-03-17T02:42:27.870+0000] {processor.py:208} INFO - Processing /home/airflow/.local/lib/python3.12/site-packages/airflow/example_dags/example_complex.py took 0.040 seconds
[2025-03-17T02:58:31.653+0000] {processor.py:186} INFO - Started process (PID=11864) to work on /home/airflow/.local/lib/python3.12/site-packages/airflow/example_dags/example_complex.py
[2025-03-17T02:58:31.654+0000] {processor.py:914} INFO - Processing file /home/airflow/.local/lib/python3.12/site-packages/airflow/example_dags/example_complex.py for tasks to queue
[2025-03-17T02:58:31.655+0000] {logging_mixin.py:190} INFO - [2025-03-17T02:58:31.654+0000] {dagbag.py:588} INFO - Filling up the DagBag from /home/airflow/.local/lib/python3.12/site-packages/airflow/example_dags/example_complex.py
[2025-03-17T02:58:31.660+0000] {processor.py:925} INFO - DAG(s) 'example_complex' retrieved from /home/airflow/.local/lib/python3.12/site-packages/airflow/example_dags/example_complex.py
[2025-03-17T02:58:31.673+0000] {logging_mixin.py:190} INFO - [2025-03-17T02:58:31.673+0000] {dag.py:3239} INFO - Sync 1 DAGs
[2025-03-17T02:58:31.679+0000] {logging_mixin.py:190} INFO - [2025-03-17T02:58:31.679+0000] {dag.py:4180} INFO - Setting next_dagrun for example_complex to None, run_after=None
[2025-03-17T02:58:31.686+0000] {processor.py:208} INFO - Processing /home/airflow/.local/lib/python3.12/site-packages/airflow/example_dags/example_complex.py took 0.035 seconds
[2025-03-17T04:07:32.596+0000] {processor.py:186} INFO - Started process (PID=11930) to work on /home/airflow/.local/lib/python3.12/site-packages/airflow/example_dags/example_complex.py
[2025-03-17T04:07:32.597+0000] {processor.py:914} INFO - Processing file /home/airflow/.local/lib/python3.12/site-packages/airflow/example_dags/example_complex.py for tasks to queue
[2025-03-17T04:07:32.599+0000] {logging_mixin.py:190} INFO - [2025-03-17T04:07:32.599+0000] {dagbag.py:588} INFO - Filling up the DagBag from /home/airflow/.local/lib/python3.12/site-packages/airflow/example_dags/example_complex.py
[2025-03-17T04:07:32.606+0000] {processor.py:925} INFO - DAG(s) 'example_complex' retrieved from /home/airflow/.local/lib/python3.12/site-packages/airflow/example_dags/example_complex.py
[2025-03-17T04:07:32.625+0000] {logging_mixin.py:190} INFO - [2025-03-17T04:07:32.625+0000] {dag.py:3239} INFO - Sync 1 DAGs
[2025-03-17T04:07:32.635+0000] {logging_mixin.py:190} INFO - [2025-03-17T04:07:32.635+0000] {dag.py:4180} INFO - Setting next_dagrun for example_complex to None, run_after=None
[2025-03-17T04:07:32.648+0000] {processor.py:208} INFO - Processing /home/airflow/.local/lib/python3.12/site-packages/airflow/example_dags/example_complex.py took 0.055 seconds
[2025-03-17T05:18:09.757+0000] {processor.py:186} INFO - Started process (PID=11996) to work on /home/airflow/.local/lib/python3.12/site-packages/airflow/example_dags/example_complex.py
[2025-03-17T05:18:09.758+0000] {processor.py:914} INFO - Processing file /home/airflow/.local/lib/python3.12/site-packages/airflow/example_dags/example_complex.py for tasks to queue
[2025-03-17T05:18:09.760+0000] {logging_mixin.py:190} INFO - [2025-03-17T05:18:09.760+0000] {dagbag.py:588} INFO - Filling up the DagBag from /home/airflow/.local/lib/python3.12/site-packages/airflow/example_dags/example_complex.py
[2025-03-17T05:18:09.766+0000] {processor.py:925} INFO - DAG(s) 'example_complex' retrieved from /home/airflow/.local/lib/python3.12/site-packages/airflow/example_dags/example_complex.py
[2025-03-17T05:18:09.780+0000] {logging_mixin.py:190} INFO - [2025-03-17T05:18:09.779+0000] {dag.py:3239} INFO - Sync 1 DAGs
[2025-03-17T05:18:09.786+0000] {logging_mixin.py:190} INFO - [2025-03-17T05:18:09.786+0000] {dag.py:4180} INFO - Setting next_dagrun for example_complex to None, run_after=None
[2025-03-17T05:18:09.796+0000] {processor.py:208} INFO - Processing /home/airflow/.local/lib/python3.12/site-packages/airflow/example_dags/example_complex.py took 0.041 seconds
[2025-03-17T05:57:32.810+0000] {processor.py:186} INFO - Started process (PID=12062) to work on /home/airflow/.local/lib/python3.12/site-packages/airflow/example_dags/example_complex.py
[2025-03-17T05:57:32.810+0000] {processor.py:914} INFO - Processing file /home/airflow/.local/lib/python3.12/site-packages/airflow/example_dags/example_complex.py for tasks to queue
[2025-03-17T05:57:32.812+0000] {logging_mixin.py:190} INFO - [2025-03-17T05:57:32.812+0000] {dagbag.py:588} INFO - Filling up the DagBag from /home/airflow/.local/lib/python3.12/site-packages/airflow/example_dags/example_complex.py
[2025-03-17T05:57:32.818+0000] {processor.py:925} INFO - DAG(s) 'example_complex' retrieved from /home/airflow/.local/lib/python3.12/site-packages/airflow/example_dags/example_complex.py
[2025-03-17T05:57:32.835+0000] {logging_mixin.py:190} INFO - [2025-03-17T05:57:32.835+0000] {dag.py:3239} INFO - Sync 1 DAGs
[2025-03-17T05:57:32.843+0000] {logging_mixin.py:190} INFO - [2025-03-17T05:57:32.842+0000] {dag.py:4180} INFO - Setting next_dagrun for example_complex to None, run_after=None
[2025-03-17T05:57:32.853+0000] {processor.py:208} INFO - Processing /home/airflow/.local/lib/python3.12/site-packages/airflow/example_dags/example_complex.py took 0.046 seconds
[2025-03-17T05:59:15.207+0000] {processor.py:186} INFO - Started process (PID=12128) to work on /home/airflow/.local/lib/python3.12/site-packages/airflow/example_dags/example_complex.py
[2025-03-17T05:59:15.208+0000] {processor.py:914} INFO - Processing file /home/airflow/.local/lib/python3.12/site-packages/airflow/example_dags/example_complex.py for tasks to queue
[2025-03-17T05:59:15.209+0000] {logging_mixin.py:190} INFO - [2025-03-17T05:59:15.209+0000] {dagbag.py:588} INFO - Filling up the DagBag from /home/airflow/.local/lib/python3.12/site-packages/airflow/example_dags/example_complex.py
[2025-03-17T05:59:15.214+0000] {processor.py:925} INFO - DAG(s) 'example_complex' retrieved from /home/airflow/.local/lib/python3.12/site-packages/airflow/example_dags/example_complex.py
[2025-03-17T05:59:15.228+0000] {logging_mixin.py:190} INFO - [2025-03-17T05:59:15.227+0000] {dag.py:3239} INFO - Sync 1 DAGs
[2025-03-17T05:59:15.234+0000] {logging_mixin.py:190} INFO - [2025-03-17T05:59:15.234+0000] {dag.py:4180} INFO - Setting next_dagrun for example_complex to None, run_after=None
[2025-03-17T05:59:15.243+0000] {processor.py:208} INFO - Processing /home/airflow/.local/lib/python3.12/site-packages/airflow/example_dags/example_complex.py took 0.038 seconds
[2025-03-17T06:00:03.648+0000] {processor.py:186} INFO - Started process (PID=12194) to work on /home/airflow/.local/lib/python3.12/site-packages/airflow/example_dags/example_complex.py
[2025-03-17T06:00:03.649+0000] {processor.py:914} INFO - Processing file /home/airflow/.local/lib/python3.12/site-packages/airflow/example_dags/example_complex.py for tasks to queue
[2025-03-17T06:00:03.650+0000] {logging_mixin.py:190} INFO - [2025-03-17T06:00:03.650+0000] {dagbag.py:588} INFO - Filling up the DagBag from /home/airflow/.local/lib/python3.12/site-packages/airflow/example_dags/example_complex.py
[2025-03-17T06:00:03.655+0000] {processor.py:925} INFO - DAG(s) 'example_complex' retrieved from /home/airflow/.local/lib/python3.12/site-packages/airflow/example_dags/example_complex.py
[2025-03-17T06:00:03.668+0000] {logging_mixin.py:190} INFO - [2025-03-17T06:00:03.668+0000] {dag.py:3239} INFO - Sync 1 DAGs
[2025-03-17T06:00:03.675+0000] {logging_mixin.py:190} INFO - [2025-03-17T06:00:03.674+0000] {dag.py:4180} INFO - Setting next_dagrun for example_complex to None, run_after=None
[2025-03-17T06:00:03.681+0000] {processor.py:208} INFO - Processing /home/airflow/.local/lib/python3.12/site-packages/airflow/example_dags/example_complex.py took 0.036 seconds
[2025-03-17T06:02:14.245+0000] {processor.py:186} INFO - Started process (PID=12260) to work on /home/airflow/.local/lib/python3.12/site-packages/airflow/example_dags/example_complex.py
[2025-03-17T06:02:14.245+0000] {processor.py:914} INFO - Processing file /home/airflow/.local/lib/python3.12/site-packages/airflow/example_dags/example_complex.py for tasks to queue
[2025-03-17T06:02:14.246+0000] {logging_mixin.py:190} INFO - [2025-03-17T06:02:14.246+0000] {dagbag.py:588} INFO - Filling up the DagBag from /home/airflow/.local/lib/python3.12/site-packages/airflow/example_dags/example_complex.py
[2025-03-17T06:02:14.252+0000] {processor.py:925} INFO - DAG(s) 'example_complex' retrieved from /home/airflow/.local/lib/python3.12/site-packages/airflow/example_dags/example_complex.py
[2025-03-17T06:02:14.267+0000] {logging_mixin.py:190} INFO - [2025-03-17T06:02:14.267+0000] {dag.py:3239} INFO - Sync 1 DAGs
[2025-03-17T06:02:14.273+0000] {logging_mixin.py:190} INFO - [2025-03-17T06:02:14.273+0000] {dag.py:4180} INFO - Setting next_dagrun for example_complex to None, run_after=None
[2025-03-17T06:02:14.280+0000] {processor.py:208} INFO - Processing /home/airflow/.local/lib/python3.12/site-packages/airflow/example_dags/example_complex.py took 0.038 seconds
[2025-03-17T06:04:00.910+0000] {processor.py:186} INFO - Started process (PID=12326) to work on /home/airflow/.local/lib/python3.12/site-packages/airflow/example_dags/example_complex.py
[2025-03-17T06:04:00.911+0000] {processor.py:914} INFO - Processing file /home/airflow/.local/lib/python3.12/site-packages/airflow/example_dags/example_complex.py for tasks to queue
[2025-03-17T06:04:00.912+0000] {logging_mixin.py:190} INFO - [2025-03-17T06:04:00.912+0000] {dagbag.py:588} INFO - Filling up the DagBag from /home/airflow/.local/lib/python3.12/site-packages/airflow/example_dags/example_complex.py
[2025-03-17T06:04:00.917+0000] {processor.py:925} INFO - DAG(s) 'example_complex' retrieved from /home/airflow/.local/lib/python3.12/site-packages/airflow/example_dags/example_complex.py
[2025-03-17T06:04:00.931+0000] {logging_mixin.py:190} INFO - [2025-03-17T06:04:00.931+0000] {dag.py:3239} INFO - Sync 1 DAGs
[2025-03-17T06:04:00.937+0000] {logging_mixin.py:190} INFO - [2025-03-17T06:04:00.937+0000] {dag.py:4180} INFO - Setting next_dagrun for example_complex to None, run_after=None
[2025-03-17T06:04:00.944+0000] {processor.py:208} INFO - Processing /home/airflow/.local/lib/python3.12/site-packages/airflow/example_dags/example_complex.py took 0.037 seconds
[2025-03-17T06:09:17.129+0000] {processor.py:186} INFO - Started process (PID=12392) to work on /home/airflow/.local/lib/python3.12/site-packages/airflow/example_dags/example_complex.py
[2025-03-17T06:09:17.130+0000] {processor.py:914} INFO - Processing file /home/airflow/.local/lib/python3.12/site-packages/airflow/example_dags/example_complex.py for tasks to queue
[2025-03-17T06:09:17.131+0000] {logging_mixin.py:190} INFO - [2025-03-17T06:09:17.131+0000] {dagbag.py:588} INFO - Filling up the DagBag from /home/airflow/.local/lib/python3.12/site-packages/airflow/example_dags/example_complex.py
[2025-03-17T06:09:17.136+0000] {processor.py:925} INFO - DAG(s) 'example_complex' retrieved from /home/airflow/.local/lib/python3.12/site-packages/airflow/example_dags/example_complex.py
[2025-03-17T06:09:17.152+0000] {logging_mixin.py:190} INFO - [2025-03-17T06:09:17.152+0000] {dag.py:3239} INFO - Sync 1 DAGs
[2025-03-17T06:09:17.158+0000] {logging_mixin.py:190} INFO - [2025-03-17T06:09:17.158+0000] {dag.py:4180} INFO - Setting next_dagrun for example_complex to None, run_after=None
[2025-03-17T06:09:17.165+0000] {processor.py:208} INFO - Processing /home/airflow/.local/lib/python3.12/site-packages/airflow/example_dags/example_complex.py took 0.039 seconds
[2025-03-17T06:23:37.003+0000] {processor.py:186} INFO - Started process (PID=12458) to work on /home/airflow/.local/lib/python3.12/site-packages/airflow/example_dags/example_complex.py
[2025-03-17T06:23:37.003+0000] {processor.py:914} INFO - Processing file /home/airflow/.local/lib/python3.12/site-packages/airflow/example_dags/example_complex.py for tasks to queue
[2025-03-17T06:23:37.004+0000] {logging_mixin.py:190} INFO - [2025-03-17T06:23:37.004+0000] {dagbag.py:588} INFO - Filling up the DagBag from /home/airflow/.local/lib/python3.12/site-packages/airflow/example_dags/example_complex.py
[2025-03-17T06:23:37.009+0000] {processor.py:925} INFO - DAG(s) 'example_complex' retrieved from /home/airflow/.local/lib/python3.12/site-packages/airflow/example_dags/example_complex.py
[2025-03-17T06:23:37.022+0000] {logging_mixin.py:190} INFO - [2025-03-17T06:23:37.021+0000] {dag.py:3239} INFO - Sync 1 DAGs
[2025-03-17T06:23:37.027+0000] {logging_mixin.py:190} INFO - [2025-03-17T06:23:37.027+0000] {dag.py:4180} INFO - Setting next_dagrun for example_complex to None, run_after=None
[2025-03-17T06:23:37.034+0000] {processor.py:208} INFO - Processing /home/airflow/.local/lib/python3.12/site-packages/airflow/example_dags/example_complex.py took 0.034 seconds
[2025-03-17T06:24:07.299+0000] {processor.py:186} INFO - Started process (PID=12524) to work on /home/airflow/.local/lib/python3.12/site-packages/airflow/example_dags/example_complex.py
[2025-03-17T06:24:07.300+0000] {processor.py:914} INFO - Processing file /home/airflow/.local/lib/python3.12/site-packages/airflow/example_dags/example_complex.py for tasks to queue
[2025-03-17T06:24:07.301+0000] {logging_mixin.py:190} INFO - [2025-03-17T06:24:07.301+0000] {dagbag.py:588} INFO - Filling up the DagBag from /home/airflow/.local/lib/python3.12/site-packages/airflow/example_dags/example_complex.py
[2025-03-17T06:24:07.307+0000] {processor.py:925} INFO - DAG(s) 'example_complex' retrieved from /home/airflow/.local/lib/python3.12/site-packages/airflow/example_dags/example_complex.py
[2025-03-17T06:24:07.319+0000] {logging_mixin.py:190} INFO - [2025-03-17T06:24:07.319+0000] {dag.py:3239} INFO - Sync 1 DAGs
[2025-03-17T06:24:07.325+0000] {logging_mixin.py:190} INFO - [2025-03-17T06:24:07.325+0000] {dag.py:4180} INFO - Setting next_dagrun for example_complex to None, run_after=None
[2025-03-17T06:24:07.332+0000] {processor.py:208} INFO - Processing /home/airflow/.local/lib/python3.12/site-packages/airflow/example_dags/example_complex.py took 0.035 seconds
[2025-03-17T06:24:37.993+0000] {processor.py:186} INFO - Started process (PID=12590) to work on /home/airflow/.local/lib/python3.12/site-packages/airflow/example_dags/example_complex.py
[2025-03-17T06:24:37.994+0000] {processor.py:914} INFO - Processing file /home/airflow/.local/lib/python3.12/site-packages/airflow/example_dags/example_complex.py for tasks to queue
[2025-03-17T06:24:37.995+0000] {logging_mixin.py:190} INFO - [2025-03-17T06:24:37.995+0000] {dagbag.py:588} INFO - Filling up the DagBag from /home/airflow/.local/lib/python3.12/site-packages/airflow/example_dags/example_complex.py
[2025-03-17T06:24:38.000+0000] {processor.py:925} INFO - DAG(s) 'example_complex' retrieved from /home/airflow/.local/lib/python3.12/site-packages/airflow/example_dags/example_complex.py
[2025-03-17T06:24:38.013+0000] {logging_mixin.py:190} INFO - [2025-03-17T06:24:38.013+0000] {dag.py:3239} INFO - Sync 1 DAGs
[2025-03-17T06:24:38.018+0000] {logging_mixin.py:190} INFO - [2025-03-17T06:24:38.018+0000] {dag.py:4180} INFO - Setting next_dagrun for example_complex to None, run_after=None
[2025-03-17T06:24:38.025+0000] {processor.py:208} INFO - Processing /home/airflow/.local/lib/python3.12/site-packages/airflow/example_dags/example_complex.py took 0.034 seconds
[2025-03-17T06:25:08.644+0000] {processor.py:186} INFO - Started process (PID=12656) to work on /home/airflow/.local/lib/python3.12/site-packages/airflow/example_dags/example_complex.py
[2025-03-17T06:25:08.644+0000] {processor.py:914} INFO - Processing file /home/airflow/.local/lib/python3.12/site-packages/airflow/example_dags/example_complex.py for tasks to queue
[2025-03-17T06:25:08.645+0000] {logging_mixin.py:190} INFO - [2025-03-17T06:25:08.645+0000] {dagbag.py:588} INFO - Filling up the DagBag from /home/airflow/.local/lib/python3.12/site-packages/airflow/example_dags/example_complex.py
[2025-03-17T06:25:08.651+0000] {processor.py:925} INFO - DAG(s) 'example_complex' retrieved from /home/airflow/.local/lib/python3.12/site-packages/airflow/example_dags/example_complex.py
[2025-03-17T06:25:08.664+0000] {logging_mixin.py:190} INFO - [2025-03-17T06:25:08.664+0000] {dag.py:3239} INFO - Sync 1 DAGs
[2025-03-17T06:25:08.670+0000] {logging_mixin.py:190} INFO - [2025-03-17T06:25:08.670+0000] {dag.py:4180} INFO - Setting next_dagrun for example_complex to None, run_after=None
[2025-03-17T06:25:08.678+0000] {processor.py:208} INFO - Processing /home/airflow/.local/lib/python3.12/site-packages/airflow/example_dags/example_complex.py took 0.037 seconds
[2025-03-17T06:25:39.249+0000] {processor.py:186} INFO - Started process (PID=12722) to work on /home/airflow/.local/lib/python3.12/site-packages/airflow/example_dags/example_complex.py
[2025-03-17T06:25:39.249+0000] {processor.py:914} INFO - Processing file /home/airflow/.local/lib/python3.12/site-packages/airflow/example_dags/example_complex.py for tasks to queue
[2025-03-17T06:25:39.250+0000] {logging_mixin.py:190} INFO - [2025-03-17T06:25:39.250+0000] {dagbag.py:588} INFO - Filling up the DagBag from /home/airflow/.local/lib/python3.12/site-packages/airflow/example_dags/example_complex.py
[2025-03-17T06:25:39.255+0000] {processor.py:925} INFO - DAG(s) 'example_complex' retrieved from /home/airflow/.local/lib/python3.12/site-packages/airflow/example_dags/example_complex.py
[2025-03-17T06:25:39.268+0000] {logging_mixin.py:190} INFO - [2025-03-17T06:25:39.268+0000] {dag.py:3239} INFO - Sync 1 DAGs
[2025-03-17T06:25:39.273+0000] {logging_mixin.py:190} INFO - [2025-03-17T06:25:39.273+0000] {dag.py:4180} INFO - Setting next_dagrun for example_complex to None, run_after=None
[2025-03-17T06:25:39.282+0000] {processor.py:208} INFO - Processing /home/airflow/.local/lib/python3.12/site-packages/airflow/example_dags/example_complex.py took 0.036 seconds
[2025-03-17T06:26:09.533+0000] {processor.py:186} INFO - Started process (PID=12788) to work on /home/airflow/.local/lib/python3.12/site-packages/airflow/example_dags/example_complex.py
[2025-03-17T06:26:09.534+0000] {processor.py:914} INFO - Processing file /home/airflow/.local/lib/python3.12/site-packages/airflow/example_dags/example_complex.py for tasks to queue
[2025-03-17T06:26:09.536+0000] {logging_mixin.py:190} INFO - [2025-03-17T06:26:09.536+0000] {dagbag.py:588} INFO - Filling up the DagBag from /home/airflow/.local/lib/python3.12/site-packages/airflow/example_dags/example_complex.py
[2025-03-17T06:26:09.540+0000] {processor.py:925} INFO - DAG(s) 'example_complex' retrieved from /home/airflow/.local/lib/python3.12/site-packages/airflow/example_dags/example_complex.py
[2025-03-17T06:26:09.554+0000] {logging_mixin.py:190} INFO - [2025-03-17T06:26:09.554+0000] {dag.py:3239} INFO - Sync 1 DAGs
[2025-03-17T06:26:09.559+0000] {logging_mixin.py:190} INFO - [2025-03-17T06:26:09.559+0000] {dag.py:4180} INFO - Setting next_dagrun for example_complex to None, run_after=None
[2025-03-17T06:26:09.566+0000] {processor.py:208} INFO - Processing /home/airflow/.local/lib/python3.12/site-packages/airflow/example_dags/example_complex.py took 0.035 seconds
[2025-03-17T06:26:40.026+0000] {processor.py:186} INFO - Started process (PID=12854) to work on /home/airflow/.local/lib/python3.12/site-packages/airflow/example_dags/example_complex.py
[2025-03-17T06:26:40.027+0000] {processor.py:914} INFO - Processing file /home/airflow/.local/lib/python3.12/site-packages/airflow/example_dags/example_complex.py for tasks to queue
[2025-03-17T06:26:40.028+0000] {logging_mixin.py:190} INFO - [2025-03-17T06:26:40.028+0000] {dagbag.py:588} INFO - Filling up the DagBag from /home/airflow/.local/lib/python3.12/site-packages/airflow/example_dags/example_complex.py
[2025-03-17T06:26:40.033+0000] {processor.py:925} INFO - DAG(s) 'example_complex' retrieved from /home/airflow/.local/lib/python3.12/site-packages/airflow/example_dags/example_complex.py
[2025-03-17T06:26:40.045+0000] {logging_mixin.py:190} INFO - [2025-03-17T06:26:40.045+0000] {dag.py:3239} INFO - Sync 1 DAGs
[2025-03-17T06:26:40.050+0000] {logging_mixin.py:190} INFO - [2025-03-17T06:26:40.050+0000] {dag.py:4180} INFO - Setting next_dagrun for example_complex to None, run_after=None
[2025-03-17T06:26:40.056+0000] {processor.py:208} INFO - Processing /home/airflow/.local/lib/python3.12/site-packages/airflow/example_dags/example_complex.py took 0.033 seconds
[2025-03-17T06:27:10.484+0000] {processor.py:186} INFO - Started process (PID=12926) to work on /home/airflow/.local/lib/python3.12/site-packages/airflow/example_dags/example_complex.py
[2025-03-17T06:27:10.487+0000] {processor.py:914} INFO - Processing file /home/airflow/.local/lib/python3.12/site-packages/airflow/example_dags/example_complex.py for tasks to queue
[2025-03-17T06:27:10.488+0000] {logging_mixin.py:190} INFO - [2025-03-17T06:27:10.488+0000] {dagbag.py:588} INFO - Filling up the DagBag from /home/airflow/.local/lib/python3.12/site-packages/airflow/example_dags/example_complex.py
[2025-03-17T06:27:10.495+0000] {processor.py:925} INFO - DAG(s) 'example_complex' retrieved from /home/airflow/.local/lib/python3.12/site-packages/airflow/example_dags/example_complex.py
[2025-03-17T06:27:10.510+0000] {logging_mixin.py:190} INFO - [2025-03-17T06:27:10.510+0000] {dag.py:3239} INFO - Sync 1 DAGs
[2025-03-17T06:27:10.515+0000] {logging_mixin.py:190} INFO - [2025-03-17T06:27:10.515+0000] {dag.py:4180} INFO - Setting next_dagrun for example_complex to None, run_after=None
[2025-03-17T06:27:10.527+0000] {processor.py:208} INFO - Processing /home/airflow/.local/lib/python3.12/site-packages/airflow/example_dags/example_complex.py took 0.045 seconds
[2025-03-17T06:27:41.051+0000] {processor.py:186} INFO - Started process (PID=12992) to work on /home/airflow/.local/lib/python3.12/site-packages/airflow/example_dags/example_complex.py
[2025-03-17T06:27:41.051+0000] {processor.py:914} INFO - Processing file /home/airflow/.local/lib/python3.12/site-packages/airflow/example_dags/example_complex.py for tasks to queue
[2025-03-17T06:27:41.053+0000] {logging_mixin.py:190} INFO - [2025-03-17T06:27:41.053+0000] {dagbag.py:588} INFO - Filling up the DagBag from /home/airflow/.local/lib/python3.12/site-packages/airflow/example_dags/example_complex.py
[2025-03-17T06:27:41.059+0000] {processor.py:925} INFO - DAG(s) 'example_complex' retrieved from /home/airflow/.local/lib/python3.12/site-packages/airflow/example_dags/example_complex.py
[2025-03-17T06:27:41.073+0000] {logging_mixin.py:190} INFO - [2025-03-17T06:27:41.073+0000] {dag.py:3239} INFO - Sync 1 DAGs
[2025-03-17T06:27:41.078+0000] {logging_mixin.py:190} INFO - [2025-03-17T06:27:41.078+0000] {dag.py:4180} INFO - Setting next_dagrun for example_complex to None, run_after=None
[2025-03-17T06:27:41.087+0000] {processor.py:208} INFO - Processing /home/airflow/.local/lib/python3.12/site-packages/airflow/example_dags/example_complex.py took 0.039 seconds
[2025-03-17T06:28:11.452+0000] {processor.py:186} INFO - Started process (PID=13058) to work on /home/airflow/.local/lib/python3.12/site-packages/airflow/example_dags/example_complex.py
[2025-03-17T06:28:11.453+0000] {processor.py:914} INFO - Processing file /home/airflow/.local/lib/python3.12/site-packages/airflow/example_dags/example_complex.py for tasks to queue
[2025-03-17T06:28:11.454+0000] {logging_mixin.py:190} INFO - [2025-03-17T06:28:11.454+0000] {dagbag.py:588} INFO - Filling up the DagBag from /home/airflow/.local/lib/python3.12/site-packages/airflow/example_dags/example_complex.py
[2025-03-17T06:28:11.459+0000] {processor.py:925} INFO - DAG(s) 'example_complex' retrieved from /home/airflow/.local/lib/python3.12/site-packages/airflow/example_dags/example_complex.py
[2025-03-17T06:28:11.473+0000] {logging_mixin.py:190} INFO - [2025-03-17T06:28:11.473+0000] {dag.py:3239} INFO - Sync 1 DAGs
[2025-03-17T06:28:11.479+0000] {logging_mixin.py:190} INFO - [2025-03-17T06:28:11.479+0000] {dag.py:4180} INFO - Setting next_dagrun for example_complex to None, run_after=None
[2025-03-17T06:28:11.487+0000] {processor.py:208} INFO - Processing /home/airflow/.local/lib/python3.12/site-packages/airflow/example_dags/example_complex.py took 0.038 seconds
