[2025-03-17T00:45:32.918+0000] {processor.py:186} INFO - Started process (PID=10058) to work on /home/airflow/.local/lib/python3.12/site-packages/airflow/example_dags/example_time_delta_sensor_async.py
[2025-03-17T00:45:32.918+0000] {processor.py:914} INFO - Processing file /home/airflow/.local/lib/python3.12/site-packages/airflow/example_dags/example_time_delta_sensor_async.py for tasks to queue
[2025-03-17T00:45:32.919+0000] {logging_mixin.py:190} INFO - [2025-03-17T00:45:32.919+0000] {dagbag.py:588} INFO - Filling up the DagBag from /home/airflow/.local/lib/python3.12/site-packages/airflow/example_dags/example_time_delta_sensor_async.py
[2025-03-17T00:45:32.922+0000] {processor.py:925} INFO - DAG(s) 'example_time_delta_sensor_async' retrieved from /home/airflow/.local/lib/python3.12/site-packages/airflow/example_dags/example_time_delta_sensor_async.py
[2025-03-17T00:45:32.934+0000] {logging_mixin.py:190} INFO - [2025-03-17T00:45:32.934+0000] {dag.py:3239} INFO - Sync 1 DAGs
[2025-03-17T00:45:32.940+0000] {logging_mixin.py:190} INFO - [2025-03-17T00:45:32.940+0000] {dag.py:4180} INFO - Setting next_dagrun for example_time_delta_sensor_async to None, run_after=None
[2025-03-17T00:45:32.949+0000] {processor.py:208} INFO - Processing /home/airflow/.local/lib/python3.12/site-packages/airflow/example_dags/example_time_delta_sensor_async.py took 0.034 seconds
[2025-03-17T02:11:08.491+0000] {processor.py:186} INFO - Started process (PID=10124) to work on /home/airflow/.local/lib/python3.12/site-packages/airflow/example_dags/example_time_delta_sensor_async.py
[2025-03-17T02:11:08.492+0000] {processor.py:914} INFO - Processing file /home/airflow/.local/lib/python3.12/site-packages/airflow/example_dags/example_time_delta_sensor_async.py for tasks to queue
[2025-03-17T02:11:08.493+0000] {logging_mixin.py:190} INFO - [2025-03-17T02:11:08.493+0000] {dagbag.py:588} INFO - Filling up the DagBag from /home/airflow/.local/lib/python3.12/site-packages/airflow/example_dags/example_time_delta_sensor_async.py
[2025-03-17T02:11:08.499+0000] {processor.py:925} INFO - DAG(s) 'example_time_delta_sensor_async' retrieved from /home/airflow/.local/lib/python3.12/site-packages/airflow/example_dags/example_time_delta_sensor_async.py
[2025-03-17T02:11:08.508+0000] {logging_mixin.py:190} INFO - [2025-03-17T02:11:08.508+0000] {dag.py:3239} INFO - Sync 1 DAGs
[2025-03-17T02:11:08.514+0000] {logging_mixin.py:190} INFO - [2025-03-17T02:11:08.514+0000] {dag.py:4180} INFO - Setting next_dagrun for example_time_delta_sensor_async to None, run_after=None
[2025-03-17T02:11:08.521+0000] {processor.py:208} INFO - Processing /home/airflow/.local/lib/python3.12/site-packages/airflow/example_dags/example_time_delta_sensor_async.py took 0.033 seconds
[2025-03-17T02:30:13.344+0000] {processor.py:186} INFO - Started process (PID=10190) to work on /home/airflow/.local/lib/python3.12/site-packages/airflow/example_dags/example_time_delta_sensor_async.py
[2025-03-17T02:30:13.344+0000] {processor.py:914} INFO - Processing file /home/airflow/.local/lib/python3.12/site-packages/airflow/example_dags/example_time_delta_sensor_async.py for tasks to queue
[2025-03-17T02:30:13.346+0000] {logging_mixin.py:190} INFO - [2025-03-17T02:30:13.345+0000] {dagbag.py:588} INFO - Filling up the DagBag from /home/airflow/.local/lib/python3.12/site-packages/airflow/example_dags/example_time_delta_sensor_async.py
[2025-03-17T02:30:13.349+0000] {processor.py:925} INFO - DAG(s) 'example_time_delta_sensor_async' retrieved from /home/airflow/.local/lib/python3.12/site-packages/airflow/example_dags/example_time_delta_sensor_async.py
[2025-03-17T02:30:13.360+0000] {logging_mixin.py:190} INFO - [2025-03-17T02:30:13.360+0000] {dag.py:3239} INFO - Sync 1 DAGs
[2025-03-17T02:30:13.366+0000] {logging_mixin.py:190} INFO - [2025-03-17T02:30:13.366+0000] {dag.py:4180} INFO - Setting next_dagrun for example_time_delta_sensor_async to None, run_after=None
[2025-03-17T02:30:13.374+0000] {processor.py:208} INFO - Processing /home/airflow/.local/lib/python3.12/site-packages/airflow/example_dags/example_time_delta_sensor_async.py took 0.033 seconds
[2025-03-17T02:30:43.730+0000] {processor.py:186} INFO - Started process (PID=10256) to work on /home/airflow/.local/lib/python3.12/site-packages/airflow/example_dags/example_time_delta_sensor_async.py
[2025-03-17T02:30:43.730+0000] {processor.py:914} INFO - Processing file /home/airflow/.local/lib/python3.12/site-packages/airflow/example_dags/example_time_delta_sensor_async.py for tasks to queue
[2025-03-17T02:30:43.731+0000] {logging_mixin.py:190} INFO - [2025-03-17T02:30:43.731+0000] {dagbag.py:588} INFO - Filling up the DagBag from /home/airflow/.local/lib/python3.12/site-packages/airflow/example_dags/example_time_delta_sensor_async.py
[2025-03-17T02:30:43.735+0000] {processor.py:925} INFO - DAG(s) 'example_time_delta_sensor_async' retrieved from /home/airflow/.local/lib/python3.12/site-packages/airflow/example_dags/example_time_delta_sensor_async.py
[2025-03-17T02:30:43.744+0000] {logging_mixin.py:190} INFO - [2025-03-17T02:30:43.744+0000] {dag.py:3239} INFO - Sync 1 DAGs
[2025-03-17T02:30:43.750+0000] {logging_mixin.py:190} INFO - [2025-03-17T02:30:43.749+0000] {dag.py:4180} INFO - Setting next_dagrun for example_time_delta_sensor_async to None, run_after=None
[2025-03-17T02:30:43.761+0000] {processor.py:208} INFO - Processing /home/airflow/.local/lib/python3.12/site-packages/airflow/example_dags/example_time_delta_sensor_async.py took 0.034 seconds
[2025-03-17T02:31:14.280+0000] {processor.py:186} INFO - Started process (PID=10322) to work on /home/airflow/.local/lib/python3.12/site-packages/airflow/example_dags/example_time_delta_sensor_async.py
[2025-03-17T02:31:14.281+0000] {processor.py:914} INFO - Processing file /home/airflow/.local/lib/python3.12/site-packages/airflow/example_dags/example_time_delta_sensor_async.py for tasks to queue
[2025-03-17T02:31:14.282+0000] {logging_mixin.py:190} INFO - [2025-03-17T02:31:14.281+0000] {dagbag.py:588} INFO - Filling up the DagBag from /home/airflow/.local/lib/python3.12/site-packages/airflow/example_dags/example_time_delta_sensor_async.py
[2025-03-17T02:31:14.285+0000] {processor.py:925} INFO - DAG(s) 'example_time_delta_sensor_async' retrieved from /home/airflow/.local/lib/python3.12/site-packages/airflow/example_dags/example_time_delta_sensor_async.py
[2025-03-17T02:31:14.296+0000] {logging_mixin.py:190} INFO - [2025-03-17T02:31:14.296+0000] {dag.py:3239} INFO - Sync 1 DAGs
[2025-03-17T02:31:14.302+0000] {logging_mixin.py:190} INFO - [2025-03-17T02:31:14.302+0000] {dag.py:4180} INFO - Setting next_dagrun for example_time_delta_sensor_async to None, run_after=None
[2025-03-17T02:31:14.312+0000] {processor.py:208} INFO - Processing /home/airflow/.local/lib/python3.12/site-packages/airflow/example_dags/example_time_delta_sensor_async.py took 0.035 seconds
[2025-03-17T02:31:44.772+0000] {processor.py:186} INFO - Started process (PID=10388) to work on /home/airflow/.local/lib/python3.12/site-packages/airflow/example_dags/example_time_delta_sensor_async.py
[2025-03-17T02:31:44.773+0000] {processor.py:914} INFO - Processing file /home/airflow/.local/lib/python3.12/site-packages/airflow/example_dags/example_time_delta_sensor_async.py for tasks to queue
[2025-03-17T02:31:44.774+0000] {logging_mixin.py:190} INFO - [2025-03-17T02:31:44.774+0000] {dagbag.py:588} INFO - Filling up the DagBag from /home/airflow/.local/lib/python3.12/site-packages/airflow/example_dags/example_time_delta_sensor_async.py
[2025-03-17T02:31:44.777+0000] {processor.py:925} INFO - DAG(s) 'example_time_delta_sensor_async' retrieved from /home/airflow/.local/lib/python3.12/site-packages/airflow/example_dags/example_time_delta_sensor_async.py
[2025-03-17T02:31:44.789+0000] {logging_mixin.py:190} INFO - [2025-03-17T02:31:44.789+0000] {dag.py:3239} INFO - Sync 1 DAGs
[2025-03-17T02:31:44.795+0000] {logging_mixin.py:190} INFO - [2025-03-17T02:31:44.795+0000] {dag.py:4180} INFO - Setting next_dagrun for example_time_delta_sensor_async to None, run_after=None
[2025-03-17T02:31:44.803+0000] {processor.py:208} INFO - Processing /home/airflow/.local/lib/python3.12/site-packages/airflow/example_dags/example_time_delta_sensor_async.py took 0.033 seconds
[2025-03-17T02:32:15.250+0000] {processor.py:186} INFO - Started process (PID=10454) to work on /home/airflow/.local/lib/python3.12/site-packages/airflow/example_dags/example_time_delta_sensor_async.py
[2025-03-17T02:32:15.251+0000] {processor.py:914} INFO - Processing file /home/airflow/.local/lib/python3.12/site-packages/airflow/example_dags/example_time_delta_sensor_async.py for tasks to queue
[2025-03-17T02:32:15.252+0000] {logging_mixin.py:190} INFO - [2025-03-17T02:32:15.252+0000] {dagbag.py:588} INFO - Filling up the DagBag from /home/airflow/.local/lib/python3.12/site-packages/airflow/example_dags/example_time_delta_sensor_async.py
[2025-03-17T02:32:15.256+0000] {processor.py:925} INFO - DAG(s) 'example_time_delta_sensor_async' retrieved from /home/airflow/.local/lib/python3.12/site-packages/airflow/example_dags/example_time_delta_sensor_async.py
[2025-03-17T02:32:15.266+0000] {logging_mixin.py:190} INFO - [2025-03-17T02:32:15.266+0000] {dag.py:3239} INFO - Sync 1 DAGs
[2025-03-17T02:32:15.273+0000] {logging_mixin.py:190} INFO - [2025-03-17T02:32:15.273+0000] {dag.py:4180} INFO - Setting next_dagrun for example_time_delta_sensor_async to None, run_after=None
[2025-03-17T02:32:15.284+0000] {processor.py:208} INFO - Processing /home/airflow/.local/lib/python3.12/site-packages/airflow/example_dags/example_time_delta_sensor_async.py took 0.036 seconds
[2025-03-17T02:32:45.709+0000] {processor.py:186} INFO - Started process (PID=10520) to work on /home/airflow/.local/lib/python3.12/site-packages/airflow/example_dags/example_time_delta_sensor_async.py
[2025-03-17T02:32:45.710+0000] {processor.py:914} INFO - Processing file /home/airflow/.local/lib/python3.12/site-packages/airflow/example_dags/example_time_delta_sensor_async.py for tasks to queue
[2025-03-17T02:32:45.712+0000] {logging_mixin.py:190} INFO - [2025-03-17T02:32:45.712+0000] {dagbag.py:588} INFO - Filling up the DagBag from /home/airflow/.local/lib/python3.12/site-packages/airflow/example_dags/example_time_delta_sensor_async.py
[2025-03-17T02:32:45.716+0000] {processor.py:925} INFO - DAG(s) 'example_time_delta_sensor_async' retrieved from /home/airflow/.local/lib/python3.12/site-packages/airflow/example_dags/example_time_delta_sensor_async.py
[2025-03-17T02:32:45.726+0000] {logging_mixin.py:190} INFO - [2025-03-17T02:32:45.726+0000] {dag.py:3239} INFO - Sync 1 DAGs
[2025-03-17T02:32:45.732+0000] {logging_mixin.py:190} INFO - [2025-03-17T02:32:45.732+0000] {dag.py:4180} INFO - Setting next_dagrun for example_time_delta_sensor_async to None, run_after=None
[2025-03-17T02:32:45.739+0000] {processor.py:208} INFO - Processing /home/airflow/.local/lib/python3.12/site-packages/airflow/example_dags/example_time_delta_sensor_async.py took 0.033 seconds
[2025-03-17T02:33:16.066+0000] {processor.py:186} INFO - Started process (PID=10586) to work on /home/airflow/.local/lib/python3.12/site-packages/airflow/example_dags/example_time_delta_sensor_async.py
[2025-03-17T02:33:16.067+0000] {processor.py:914} INFO - Processing file /home/airflow/.local/lib/python3.12/site-packages/airflow/example_dags/example_time_delta_sensor_async.py for tasks to queue
[2025-03-17T02:33:16.068+0000] {logging_mixin.py:190} INFO - [2025-03-17T02:33:16.068+0000] {dagbag.py:588} INFO - Filling up the DagBag from /home/airflow/.local/lib/python3.12/site-packages/airflow/example_dags/example_time_delta_sensor_async.py
[2025-03-17T02:33:16.072+0000] {processor.py:925} INFO - DAG(s) 'example_time_delta_sensor_async' retrieved from /home/airflow/.local/lib/python3.12/site-packages/airflow/example_dags/example_time_delta_sensor_async.py
[2025-03-17T02:33:16.081+0000] {logging_mixin.py:190} INFO - [2025-03-17T02:33:16.081+0000] {dag.py:3239} INFO - Sync 1 DAGs
[2025-03-17T02:33:16.087+0000] {logging_mixin.py:190} INFO - [2025-03-17T02:33:16.087+0000] {dag.py:4180} INFO - Setting next_dagrun for example_time_delta_sensor_async to None, run_after=None
[2025-03-17T02:33:16.096+0000] {processor.py:208} INFO - Processing /home/airflow/.local/lib/python3.12/site-packages/airflow/example_dags/example_time_delta_sensor_async.py took 0.033 seconds
[2025-03-17T02:33:46.864+0000] {processor.py:186} INFO - Started process (PID=10658) to work on /home/airflow/.local/lib/python3.12/site-packages/airflow/example_dags/example_time_delta_sensor_async.py
[2025-03-17T02:33:46.864+0000] {processor.py:914} INFO - Processing file /home/airflow/.local/lib/python3.12/site-packages/airflow/example_dags/example_time_delta_sensor_async.py for tasks to queue
[2025-03-17T02:33:46.865+0000] {logging_mixin.py:190} INFO - [2025-03-17T02:33:46.865+0000] {dagbag.py:588} INFO - Filling up the DagBag from /home/airflow/.local/lib/python3.12/site-packages/airflow/example_dags/example_time_delta_sensor_async.py
[2025-03-17T02:33:46.869+0000] {processor.py:925} INFO - DAG(s) 'example_time_delta_sensor_async' retrieved from /home/airflow/.local/lib/python3.12/site-packages/airflow/example_dags/example_time_delta_sensor_async.py
[2025-03-17T02:33:46.879+0000] {logging_mixin.py:190} INFO - [2025-03-17T02:33:46.879+0000] {dag.py:3239} INFO - Sync 1 DAGs
[2025-03-17T02:33:46.883+0000] {logging_mixin.py:190} INFO - [2025-03-17T02:33:46.883+0000] {dag.py:4180} INFO - Setting next_dagrun for example_time_delta_sensor_async to None, run_after=None
[2025-03-17T02:33:46.893+0000] {processor.py:208} INFO - Processing /home/airflow/.local/lib/python3.12/site-packages/airflow/example_dags/example_time_delta_sensor_async.py took 0.033 seconds
[2025-03-17T02:34:17.339+0000] {processor.py:186} INFO - Started process (PID=10724) to work on /home/airflow/.local/lib/python3.12/site-packages/airflow/example_dags/example_time_delta_sensor_async.py
[2025-03-17T02:34:17.340+0000] {processor.py:914} INFO - Processing file /home/airflow/.local/lib/python3.12/site-packages/airflow/example_dags/example_time_delta_sensor_async.py for tasks to queue
[2025-03-17T02:34:17.341+0000] {logging_mixin.py:190} INFO - [2025-03-17T02:34:17.341+0000] {dagbag.py:588} INFO - Filling up the DagBag from /home/airflow/.local/lib/python3.12/site-packages/airflow/example_dags/example_time_delta_sensor_async.py
[2025-03-17T02:34:17.344+0000] {processor.py:925} INFO - DAG(s) 'example_time_delta_sensor_async' retrieved from /home/airflow/.local/lib/python3.12/site-packages/airflow/example_dags/example_time_delta_sensor_async.py
[2025-03-17T02:34:17.353+0000] {logging_mixin.py:190} INFO - [2025-03-17T02:34:17.353+0000] {dag.py:3239} INFO - Sync 1 DAGs
[2025-03-17T02:34:17.359+0000] {logging_mixin.py:190} INFO - [2025-03-17T02:34:17.359+0000] {dag.py:4180} INFO - Setting next_dagrun for example_time_delta_sensor_async to None, run_after=None
[2025-03-17T02:34:17.365+0000] {processor.py:208} INFO - Processing /home/airflow/.local/lib/python3.12/site-packages/airflow/example_dags/example_time_delta_sensor_async.py took 0.028 seconds
[2025-03-17T02:34:47.720+0000] {processor.py:186} INFO - Started process (PID=10790) to work on /home/airflow/.local/lib/python3.12/site-packages/airflow/example_dags/example_time_delta_sensor_async.py
[2025-03-17T02:34:47.721+0000] {processor.py:914} INFO - Processing file /home/airflow/.local/lib/python3.12/site-packages/airflow/example_dags/example_time_delta_sensor_async.py for tasks to queue
[2025-03-17T02:34:47.722+0000] {logging_mixin.py:190} INFO - [2025-03-17T02:34:47.722+0000] {dagbag.py:588} INFO - Filling up the DagBag from /home/airflow/.local/lib/python3.12/site-packages/airflow/example_dags/example_time_delta_sensor_async.py
[2025-03-17T02:34:47.725+0000] {processor.py:925} INFO - DAG(s) 'example_time_delta_sensor_async' retrieved from /home/airflow/.local/lib/python3.12/site-packages/airflow/example_dags/example_time_delta_sensor_async.py
[2025-03-17T02:34:47.737+0000] {logging_mixin.py:190} INFO - [2025-03-17T02:34:47.736+0000] {dag.py:3239} INFO - Sync 1 DAGs
[2025-03-17T02:34:47.743+0000] {logging_mixin.py:190} INFO - [2025-03-17T02:34:47.743+0000] {dag.py:4180} INFO - Setting next_dagrun for example_time_delta_sensor_async to None, run_after=None
[2025-03-17T02:34:47.751+0000] {processor.py:208} INFO - Processing /home/airflow/.local/lib/python3.12/site-packages/airflow/example_dags/example_time_delta_sensor_async.py took 0.034 seconds
[2025-03-17T02:35:18.048+0000] {processor.py:186} INFO - Started process (PID=10856) to work on /home/airflow/.local/lib/python3.12/site-packages/airflow/example_dags/example_time_delta_sensor_async.py
[2025-03-17T02:35:18.049+0000] {processor.py:914} INFO - Processing file /home/airflow/.local/lib/python3.12/site-packages/airflow/example_dags/example_time_delta_sensor_async.py for tasks to queue
[2025-03-17T02:35:18.050+0000] {logging_mixin.py:190} INFO - [2025-03-17T02:35:18.050+0000] {dagbag.py:588} INFO - Filling up the DagBag from /home/airflow/.local/lib/python3.12/site-packages/airflow/example_dags/example_time_delta_sensor_async.py
[2025-03-17T02:35:18.054+0000] {processor.py:925} INFO - DAG(s) 'example_time_delta_sensor_async' retrieved from /home/airflow/.local/lib/python3.12/site-packages/airflow/example_dags/example_time_delta_sensor_async.py
[2025-03-17T02:35:18.065+0000] {logging_mixin.py:190} INFO - [2025-03-17T02:35:18.065+0000] {dag.py:3239} INFO - Sync 1 DAGs
[2025-03-17T02:35:18.071+0000] {logging_mixin.py:190} INFO - [2025-03-17T02:35:18.071+0000] {dag.py:4180} INFO - Setting next_dagrun for example_time_delta_sensor_async to None, run_after=None
[2025-03-17T02:35:18.077+0000] {processor.py:208} INFO - Processing /home/airflow/.local/lib/python3.12/site-packages/airflow/example_dags/example_time_delta_sensor_async.py took 0.032 seconds
[2025-03-17T02:35:48.381+0000] {processor.py:186} INFO - Started process (PID=10922) to work on /home/airflow/.local/lib/python3.12/site-packages/airflow/example_dags/example_time_delta_sensor_async.py
[2025-03-17T02:35:48.384+0000] {processor.py:914} INFO - Processing file /home/airflow/.local/lib/python3.12/site-packages/airflow/example_dags/example_time_delta_sensor_async.py for tasks to queue
[2025-03-17T02:35:48.386+0000] {logging_mixin.py:190} INFO - [2025-03-17T02:35:48.386+0000] {dagbag.py:588} INFO - Filling up the DagBag from /home/airflow/.local/lib/python3.12/site-packages/airflow/example_dags/example_time_delta_sensor_async.py
[2025-03-17T02:35:48.390+0000] {processor.py:925} INFO - DAG(s) 'example_time_delta_sensor_async' retrieved from /home/airflow/.local/lib/python3.12/site-packages/airflow/example_dags/example_time_delta_sensor_async.py
[2025-03-17T02:35:48.400+0000] {logging_mixin.py:190} INFO - [2025-03-17T02:35:48.400+0000] {dag.py:3239} INFO - Sync 1 DAGs
[2025-03-17T02:35:48.405+0000] {logging_mixin.py:190} INFO - [2025-03-17T02:35:48.405+0000] {dag.py:4180} INFO - Setting next_dagrun for example_time_delta_sensor_async to None, run_after=None
[2025-03-17T02:35:48.414+0000] {processor.py:208} INFO - Processing /home/airflow/.local/lib/python3.12/site-packages/airflow/example_dags/example_time_delta_sensor_async.py took 0.035 seconds
[2025-03-17T02:36:18.772+0000] {processor.py:186} INFO - Started process (PID=10988) to work on /home/airflow/.local/lib/python3.12/site-packages/airflow/example_dags/example_time_delta_sensor_async.py
[2025-03-17T02:36:18.773+0000] {processor.py:914} INFO - Processing file /home/airflow/.local/lib/python3.12/site-packages/airflow/example_dags/example_time_delta_sensor_async.py for tasks to queue
[2025-03-17T02:36:18.775+0000] {logging_mixin.py:190} INFO - [2025-03-17T02:36:18.774+0000] {dagbag.py:588} INFO - Filling up the DagBag from /home/airflow/.local/lib/python3.12/site-packages/airflow/example_dags/example_time_delta_sensor_async.py
[2025-03-17T02:36:18.778+0000] {processor.py:925} INFO - DAG(s) 'example_time_delta_sensor_async' retrieved from /home/airflow/.local/lib/python3.12/site-packages/airflow/example_dags/example_time_delta_sensor_async.py
[2025-03-17T02:36:18.789+0000] {logging_mixin.py:190} INFO - [2025-03-17T02:36:18.789+0000] {dag.py:3239} INFO - Sync 1 DAGs
[2025-03-17T02:36:18.794+0000] {logging_mixin.py:190} INFO - [2025-03-17T02:36:18.794+0000] {dag.py:4180} INFO - Setting next_dagrun for example_time_delta_sensor_async to None, run_after=None
[2025-03-17T02:36:18.801+0000] {processor.py:208} INFO - Processing /home/airflow/.local/lib/python3.12/site-packages/airflow/example_dags/example_time_delta_sensor_async.py took 0.032 seconds
[2025-03-17T02:36:49.145+0000] {processor.py:186} INFO - Started process (PID=11054) to work on /home/airflow/.local/lib/python3.12/site-packages/airflow/example_dags/example_time_delta_sensor_async.py
[2025-03-17T02:36:49.146+0000] {processor.py:914} INFO - Processing file /home/airflow/.local/lib/python3.12/site-packages/airflow/example_dags/example_time_delta_sensor_async.py for tasks to queue
[2025-03-17T02:36:49.147+0000] {logging_mixin.py:190} INFO - [2025-03-17T02:36:49.147+0000] {dagbag.py:588} INFO - Filling up the DagBag from /home/airflow/.local/lib/python3.12/site-packages/airflow/example_dags/example_time_delta_sensor_async.py
[2025-03-17T02:36:49.150+0000] {processor.py:925} INFO - DAG(s) 'example_time_delta_sensor_async' retrieved from /home/airflow/.local/lib/python3.12/site-packages/airflow/example_dags/example_time_delta_sensor_async.py
[2025-03-17T02:36:49.163+0000] {logging_mixin.py:190} INFO - [2025-03-17T02:36:49.163+0000] {dag.py:3239} INFO - Sync 1 DAGs
[2025-03-17T02:36:49.168+0000] {logging_mixin.py:190} INFO - [2025-03-17T02:36:49.168+0000] {dag.py:4180} INFO - Setting next_dagrun for example_time_delta_sensor_async to None, run_after=None
[2025-03-17T02:36:49.177+0000] {processor.py:208} INFO - Processing /home/airflow/.local/lib/python3.12/site-packages/airflow/example_dags/example_time_delta_sensor_async.py took 0.035 seconds
[2025-03-17T02:37:19.810+0000] {processor.py:186} INFO - Started process (PID=11120) to work on /home/airflow/.local/lib/python3.12/site-packages/airflow/example_dags/example_time_delta_sensor_async.py
[2025-03-17T02:37:19.811+0000] {processor.py:914} INFO - Processing file /home/airflow/.local/lib/python3.12/site-packages/airflow/example_dags/example_time_delta_sensor_async.py for tasks to queue
[2025-03-17T02:37:19.812+0000] {logging_mixin.py:190} INFO - [2025-03-17T02:37:19.812+0000] {dagbag.py:588} INFO - Filling up the DagBag from /home/airflow/.local/lib/python3.12/site-packages/airflow/example_dags/example_time_delta_sensor_async.py
[2025-03-17T02:37:19.816+0000] {processor.py:925} INFO - DAG(s) 'example_time_delta_sensor_async' retrieved from /home/airflow/.local/lib/python3.12/site-packages/airflow/example_dags/example_time_delta_sensor_async.py
[2025-03-17T02:37:19.826+0000] {logging_mixin.py:190} INFO - [2025-03-17T02:37:19.826+0000] {dag.py:3239} INFO - Sync 1 DAGs
[2025-03-17T02:37:19.831+0000] {logging_mixin.py:190} INFO - [2025-03-17T02:37:19.831+0000] {dag.py:4180} INFO - Setting next_dagrun for example_time_delta_sensor_async to None, run_after=None
[2025-03-17T02:37:19.839+0000] {processor.py:208} INFO - Processing /home/airflow/.local/lib/python3.12/site-packages/airflow/example_dags/example_time_delta_sensor_async.py took 0.032 seconds
[2025-03-17T02:37:50.239+0000] {processor.py:186} INFO - Started process (PID=11186) to work on /home/airflow/.local/lib/python3.12/site-packages/airflow/example_dags/example_time_delta_sensor_async.py
[2025-03-17T02:37:50.240+0000] {processor.py:914} INFO - Processing file /home/airflow/.local/lib/python3.12/site-packages/airflow/example_dags/example_time_delta_sensor_async.py for tasks to queue
[2025-03-17T02:37:50.242+0000] {logging_mixin.py:190} INFO - [2025-03-17T02:37:50.241+0000] {dagbag.py:588} INFO - Filling up the DagBag from /home/airflow/.local/lib/python3.12/site-packages/airflow/example_dags/example_time_delta_sensor_async.py
[2025-03-17T02:37:50.245+0000] {processor.py:925} INFO - DAG(s) 'example_time_delta_sensor_async' retrieved from /home/airflow/.local/lib/python3.12/site-packages/airflow/example_dags/example_time_delta_sensor_async.py
[2025-03-17T02:37:50.255+0000] {logging_mixin.py:190} INFO - [2025-03-17T02:37:50.255+0000] {dag.py:3239} INFO - Sync 1 DAGs
[2025-03-17T02:37:50.260+0000] {logging_mixin.py:190} INFO - [2025-03-17T02:37:50.260+0000] {dag.py:4180} INFO - Setting next_dagrun for example_time_delta_sensor_async to None, run_after=None
[2025-03-17T02:37:50.269+0000] {processor.py:208} INFO - Processing /home/airflow/.local/lib/python3.12/site-packages/airflow/example_dags/example_time_delta_sensor_async.py took 0.032 seconds
[2025-03-17T02:38:20.516+0000] {processor.py:186} INFO - Started process (PID=11252) to work on /home/airflow/.local/lib/python3.12/site-packages/airflow/example_dags/example_time_delta_sensor_async.py
[2025-03-17T02:38:20.518+0000] {processor.py:914} INFO - Processing file /home/airflow/.local/lib/python3.12/site-packages/airflow/example_dags/example_time_delta_sensor_async.py for tasks to queue
[2025-03-17T02:38:20.519+0000] {logging_mixin.py:190} INFO - [2025-03-17T02:38:20.519+0000] {dagbag.py:588} INFO - Filling up the DagBag from /home/airflow/.local/lib/python3.12/site-packages/airflow/example_dags/example_time_delta_sensor_async.py
[2025-03-17T02:38:20.522+0000] {processor.py:925} INFO - DAG(s) 'example_time_delta_sensor_async' retrieved from /home/airflow/.local/lib/python3.12/site-packages/airflow/example_dags/example_time_delta_sensor_async.py
[2025-03-17T02:38:20.532+0000] {logging_mixin.py:190} INFO - [2025-03-17T02:38:20.532+0000] {dag.py:3239} INFO - Sync 1 DAGs
[2025-03-17T02:38:20.537+0000] {logging_mixin.py:190} INFO - [2025-03-17T02:38:20.537+0000] {dag.py:4180} INFO - Setting next_dagrun for example_time_delta_sensor_async to None, run_after=None
[2025-03-17T02:38:20.545+0000] {processor.py:208} INFO - Processing /home/airflow/.local/lib/python3.12/site-packages/airflow/example_dags/example_time_delta_sensor_async.py took 0.031 seconds
[2025-03-17T02:38:50.828+0000] {processor.py:186} INFO - Started process (PID=11318) to work on /home/airflow/.local/lib/python3.12/site-packages/airflow/example_dags/example_time_delta_sensor_async.py
[2025-03-17T02:38:50.828+0000] {processor.py:914} INFO - Processing file /home/airflow/.local/lib/python3.12/site-packages/airflow/example_dags/example_time_delta_sensor_async.py for tasks to queue
[2025-03-17T02:38:50.829+0000] {logging_mixin.py:190} INFO - [2025-03-17T02:38:50.829+0000] {dagbag.py:588} INFO - Filling up the DagBag from /home/airflow/.local/lib/python3.12/site-packages/airflow/example_dags/example_time_delta_sensor_async.py
[2025-03-17T02:38:50.833+0000] {processor.py:925} INFO - DAG(s) 'example_time_delta_sensor_async' retrieved from /home/airflow/.local/lib/python3.12/site-packages/airflow/example_dags/example_time_delta_sensor_async.py
[2025-03-17T02:38:50.841+0000] {logging_mixin.py:190} INFO - [2025-03-17T02:38:50.841+0000] {dag.py:3239} INFO - Sync 1 DAGs
[2025-03-17T02:38:50.847+0000] {logging_mixin.py:190} INFO - [2025-03-17T02:38:50.847+0000] {dag.py:4180} INFO - Setting next_dagrun for example_time_delta_sensor_async to None, run_after=None
[2025-03-17T02:38:50.855+0000] {processor.py:208} INFO - Processing /home/airflow/.local/lib/python3.12/site-packages/airflow/example_dags/example_time_delta_sensor_async.py took 0.030 seconds
[2025-03-17T02:39:21.416+0000] {processor.py:186} INFO - Started process (PID=11384) to work on /home/airflow/.local/lib/python3.12/site-packages/airflow/example_dags/example_time_delta_sensor_async.py
[2025-03-17T02:39:21.417+0000] {processor.py:914} INFO - Processing file /home/airflow/.local/lib/python3.12/site-packages/airflow/example_dags/example_time_delta_sensor_async.py for tasks to queue
[2025-03-17T02:39:21.418+0000] {logging_mixin.py:190} INFO - [2025-03-17T02:39:21.418+0000] {dagbag.py:588} INFO - Filling up the DagBag from /home/airflow/.local/lib/python3.12/site-packages/airflow/example_dags/example_time_delta_sensor_async.py
[2025-03-17T02:39:21.422+0000] {processor.py:925} INFO - DAG(s) 'example_time_delta_sensor_async' retrieved from /home/airflow/.local/lib/python3.12/site-packages/airflow/example_dags/example_time_delta_sensor_async.py
[2025-03-17T02:39:21.430+0000] {logging_mixin.py:190} INFO - [2025-03-17T02:39:21.430+0000] {dag.py:3239} INFO - Sync 1 DAGs
[2025-03-17T02:39:21.435+0000] {logging_mixin.py:190} INFO - [2025-03-17T02:39:21.435+0000] {dag.py:4180} INFO - Setting next_dagrun for example_time_delta_sensor_async to None, run_after=None
[2025-03-17T02:39:21.443+0000] {processor.py:208} INFO - Processing /home/airflow/.local/lib/python3.12/site-packages/airflow/example_dags/example_time_delta_sensor_async.py took 0.029 seconds
[2025-03-17T02:39:52.236+0000] {processor.py:186} INFO - Started process (PID=11449) to work on /home/airflow/.local/lib/python3.12/site-packages/airflow/example_dags/example_time_delta_sensor_async.py
[2025-03-17T02:39:52.237+0000] {processor.py:914} INFO - Processing file /home/airflow/.local/lib/python3.12/site-packages/airflow/example_dags/example_time_delta_sensor_async.py for tasks to queue
[2025-03-17T02:39:52.238+0000] {logging_mixin.py:190} INFO - [2025-03-17T02:39:52.238+0000] {dagbag.py:588} INFO - Filling up the DagBag from /home/airflow/.local/lib/python3.12/site-packages/airflow/example_dags/example_time_delta_sensor_async.py
[2025-03-17T02:39:52.241+0000] {processor.py:925} INFO - DAG(s) 'example_time_delta_sensor_async' retrieved from /home/airflow/.local/lib/python3.12/site-packages/airflow/example_dags/example_time_delta_sensor_async.py
[2025-03-17T02:39:52.251+0000] {logging_mixin.py:190} INFO - [2025-03-17T02:39:52.251+0000] {dag.py:3239} INFO - Sync 1 DAGs
[2025-03-17T02:39:52.256+0000] {logging_mixin.py:190} INFO - [2025-03-17T02:39:52.256+0000] {dag.py:4180} INFO - Setting next_dagrun for example_time_delta_sensor_async to None, run_after=None
[2025-03-17T02:39:52.263+0000] {processor.py:208} INFO - Processing /home/airflow/.local/lib/python3.12/site-packages/airflow/example_dags/example_time_delta_sensor_async.py took 0.030 seconds
[2025-03-17T02:40:22.312+0000] {processor.py:186} INFO - Started process (PID=11515) to work on /home/airflow/.local/lib/python3.12/site-packages/airflow/example_dags/example_time_delta_sensor_async.py
[2025-03-17T02:40:22.315+0000] {processor.py:914} INFO - Processing file /home/airflow/.local/lib/python3.12/site-packages/airflow/example_dags/example_time_delta_sensor_async.py for tasks to queue
[2025-03-17T02:40:22.316+0000] {logging_mixin.py:190} INFO - [2025-03-17T02:40:22.316+0000] {dagbag.py:588} INFO - Filling up the DagBag from /home/airflow/.local/lib/python3.12/site-packages/airflow/example_dags/example_time_delta_sensor_async.py
[2025-03-17T02:40:22.320+0000] {processor.py:925} INFO - DAG(s) 'example_time_delta_sensor_async' retrieved from /home/airflow/.local/lib/python3.12/site-packages/airflow/example_dags/example_time_delta_sensor_async.py
[2025-03-17T02:40:22.329+0000] {logging_mixin.py:190} INFO - [2025-03-17T02:40:22.329+0000] {dag.py:3239} INFO - Sync 1 DAGs
[2025-03-17T02:40:22.335+0000] {logging_mixin.py:190} INFO - [2025-03-17T02:40:22.335+0000] {dag.py:4180} INFO - Setting next_dagrun for example_time_delta_sensor_async to None, run_after=None
[2025-03-17T02:40:22.344+0000] {processor.py:208} INFO - Processing /home/airflow/.local/lib/python3.12/site-packages/airflow/example_dags/example_time_delta_sensor_async.py took 0.035 seconds
[2025-03-17T02:40:52.573+0000] {processor.py:186} INFO - Started process (PID=11581) to work on /home/airflow/.local/lib/python3.12/site-packages/airflow/example_dags/example_time_delta_sensor_async.py
[2025-03-17T02:40:52.574+0000] {processor.py:914} INFO - Processing file /home/airflow/.local/lib/python3.12/site-packages/airflow/example_dags/example_time_delta_sensor_async.py for tasks to queue
[2025-03-17T02:40:52.575+0000] {logging_mixin.py:190} INFO - [2025-03-17T02:40:52.575+0000] {dagbag.py:588} INFO - Filling up the DagBag from /home/airflow/.local/lib/python3.12/site-packages/airflow/example_dags/example_time_delta_sensor_async.py
[2025-03-17T02:40:52.579+0000] {processor.py:925} INFO - DAG(s) 'example_time_delta_sensor_async' retrieved from /home/airflow/.local/lib/python3.12/site-packages/airflow/example_dags/example_time_delta_sensor_async.py
[2025-03-17T02:40:52.590+0000] {logging_mixin.py:190} INFO - [2025-03-17T02:40:52.590+0000] {dag.py:3239} INFO - Sync 1 DAGs
[2025-03-17T02:40:52.596+0000] {logging_mixin.py:190} INFO - [2025-03-17T02:40:52.595+0000] {dag.py:4180} INFO - Setting next_dagrun for example_time_delta_sensor_async to None, run_after=None
[2025-03-17T02:40:52.603+0000] {processor.py:208} INFO - Processing /home/airflow/.local/lib/python3.12/site-packages/airflow/example_dags/example_time_delta_sensor_async.py took 0.033 seconds
[2025-03-17T02:41:22.683+0000] {processor.py:186} INFO - Started process (PID=11647) to work on /home/airflow/.local/lib/python3.12/site-packages/airflow/example_dags/example_time_delta_sensor_async.py
[2025-03-17T02:41:22.683+0000] {processor.py:914} INFO - Processing file /home/airflow/.local/lib/python3.12/site-packages/airflow/example_dags/example_time_delta_sensor_async.py for tasks to queue
[2025-03-17T02:41:22.685+0000] {logging_mixin.py:190} INFO - [2025-03-17T02:41:22.685+0000] {dagbag.py:588} INFO - Filling up the DagBag from /home/airflow/.local/lib/python3.12/site-packages/airflow/example_dags/example_time_delta_sensor_async.py
[2025-03-17T02:41:22.690+0000] {processor.py:925} INFO - DAG(s) 'example_time_delta_sensor_async' retrieved from /home/airflow/.local/lib/python3.12/site-packages/airflow/example_dags/example_time_delta_sensor_async.py
[2025-03-17T02:41:22.702+0000] {logging_mixin.py:190} INFO - [2025-03-17T02:41:22.702+0000] {dag.py:3239} INFO - Sync 1 DAGs
[2025-03-17T02:41:22.708+0000] {logging_mixin.py:190} INFO - [2025-03-17T02:41:22.708+0000] {dag.py:4180} INFO - Setting next_dagrun for example_time_delta_sensor_async to None, run_after=None
[2025-03-17T02:41:22.715+0000] {processor.py:208} INFO - Processing /home/airflow/.local/lib/python3.12/site-packages/airflow/example_dags/example_time_delta_sensor_async.py took 0.036 seconds
[2025-03-17T02:41:52.862+0000] {processor.py:186} INFO - Started process (PID=11713) to work on /home/airflow/.local/lib/python3.12/site-packages/airflow/example_dags/example_time_delta_sensor_async.py
[2025-03-17T02:41:52.862+0000] {processor.py:914} INFO - Processing file /home/airflow/.local/lib/python3.12/site-packages/airflow/example_dags/example_time_delta_sensor_async.py for tasks to queue
[2025-03-17T02:41:52.863+0000] {logging_mixin.py:190} INFO - [2025-03-17T02:41:52.863+0000] {dagbag.py:588} INFO - Filling up the DagBag from /home/airflow/.local/lib/python3.12/site-packages/airflow/example_dags/example_time_delta_sensor_async.py
[2025-03-17T02:41:52.866+0000] {processor.py:925} INFO - DAG(s) 'example_time_delta_sensor_async' retrieved from /home/airflow/.local/lib/python3.12/site-packages/airflow/example_dags/example_time_delta_sensor_async.py
[2025-03-17T02:41:52.875+0000] {logging_mixin.py:190} INFO - [2025-03-17T02:41:52.875+0000] {dag.py:3239} INFO - Sync 1 DAGs
[2025-03-17T02:41:52.880+0000] {logging_mixin.py:190} INFO - [2025-03-17T02:41:52.880+0000] {dag.py:4180} INFO - Setting next_dagrun for example_time_delta_sensor_async to None, run_after=None
[2025-03-17T02:41:52.886+0000] {processor.py:208} INFO - Processing /home/airflow/.local/lib/python3.12/site-packages/airflow/example_dags/example_time_delta_sensor_async.py took 0.027 seconds
[2025-03-17T02:42:23.021+0000] {processor.py:186} INFO - Started process (PID=11779) to work on /home/airflow/.local/lib/python3.12/site-packages/airflow/example_dags/example_time_delta_sensor_async.py
[2025-03-17T02:42:23.022+0000] {processor.py:914} INFO - Processing file /home/airflow/.local/lib/python3.12/site-packages/airflow/example_dags/example_time_delta_sensor_async.py for tasks to queue
[2025-03-17T02:42:23.023+0000] {logging_mixin.py:190} INFO - [2025-03-17T02:42:23.023+0000] {dagbag.py:588} INFO - Filling up the DagBag from /home/airflow/.local/lib/python3.12/site-packages/airflow/example_dags/example_time_delta_sensor_async.py
[2025-03-17T02:42:23.026+0000] {processor.py:925} INFO - DAG(s) 'example_time_delta_sensor_async' retrieved from /home/airflow/.local/lib/python3.12/site-packages/airflow/example_dags/example_time_delta_sensor_async.py
[2025-03-17T02:42:23.034+0000] {logging_mixin.py:190} INFO - [2025-03-17T02:42:23.034+0000] {dag.py:3239} INFO - Sync 1 DAGs
[2025-03-17T02:42:23.040+0000] {logging_mixin.py:190} INFO - [2025-03-17T02:42:23.040+0000] {dag.py:4180} INFO - Setting next_dagrun for example_time_delta_sensor_async to None, run_after=None
[2025-03-17T02:42:23.047+0000] {processor.py:208} INFO - Processing /home/airflow/.local/lib/python3.12/site-packages/airflow/example_dags/example_time_delta_sensor_async.py took 0.029 seconds
[2025-03-17T02:58:30.791+0000] {processor.py:186} INFO - Started process (PID=11839) to work on /home/airflow/.local/lib/python3.12/site-packages/airflow/example_dags/example_time_delta_sensor_async.py
[2025-03-17T02:58:30.792+0000] {processor.py:914} INFO - Processing file /home/airflow/.local/lib/python3.12/site-packages/airflow/example_dags/example_time_delta_sensor_async.py for tasks to queue
[2025-03-17T02:58:30.794+0000] {logging_mixin.py:190} INFO - [2025-03-17T02:58:30.793+0000] {dagbag.py:588} INFO - Filling up the DagBag from /home/airflow/.local/lib/python3.12/site-packages/airflow/example_dags/example_time_delta_sensor_async.py
[2025-03-17T02:58:30.797+0000] {processor.py:925} INFO - DAG(s) 'example_time_delta_sensor_async' retrieved from /home/airflow/.local/lib/python3.12/site-packages/airflow/example_dags/example_time_delta_sensor_async.py
[2025-03-17T02:58:30.806+0000] {logging_mixin.py:190} INFO - [2025-03-17T02:58:30.806+0000] {dag.py:3239} INFO - Sync 1 DAGs
[2025-03-17T02:58:30.812+0000] {logging_mixin.py:190} INFO - [2025-03-17T02:58:30.812+0000] {dag.py:4180} INFO - Setting next_dagrun for example_time_delta_sensor_async to None, run_after=None
[2025-03-17T02:58:30.818+0000] {processor.py:208} INFO - Processing /home/airflow/.local/lib/python3.12/site-packages/airflow/example_dags/example_time_delta_sensor_async.py took 0.029 seconds
[2025-03-17T04:07:31.271+0000] {processor.py:186} INFO - Started process (PID=11905) to work on /home/airflow/.local/lib/python3.12/site-packages/airflow/example_dags/example_time_delta_sensor_async.py
[2025-03-17T04:07:31.274+0000] {processor.py:914} INFO - Processing file /home/airflow/.local/lib/python3.12/site-packages/airflow/example_dags/example_time_delta_sensor_async.py for tasks to queue
[2025-03-17T04:07:31.275+0000] {logging_mixin.py:190} INFO - [2025-03-17T04:07:31.275+0000] {dagbag.py:588} INFO - Filling up the DagBag from /home/airflow/.local/lib/python3.12/site-packages/airflow/example_dags/example_time_delta_sensor_async.py
[2025-03-17T04:07:31.280+0000] {processor.py:925} INFO - DAG(s) 'example_time_delta_sensor_async' retrieved from /home/airflow/.local/lib/python3.12/site-packages/airflow/example_dags/example_time_delta_sensor_async.py
[2025-03-17T04:07:31.291+0000] {logging_mixin.py:190} INFO - [2025-03-17T04:07:31.291+0000] {dag.py:3239} INFO - Sync 1 DAGs
[2025-03-17T04:07:31.299+0000] {logging_mixin.py:190} INFO - [2025-03-17T04:07:31.299+0000] {dag.py:4180} INFO - Setting next_dagrun for example_time_delta_sensor_async to None, run_after=None
[2025-03-17T04:07:31.311+0000] {processor.py:208} INFO - Processing /home/airflow/.local/lib/python3.12/site-packages/airflow/example_dags/example_time_delta_sensor_async.py took 0.044 seconds
[2025-03-17T05:18:08.873+0000] {processor.py:186} INFO - Started process (PID=11971) to work on /home/airflow/.local/lib/python3.12/site-packages/airflow/example_dags/example_time_delta_sensor_async.py
[2025-03-17T05:18:08.874+0000] {processor.py:914} INFO - Processing file /home/airflow/.local/lib/python3.12/site-packages/airflow/example_dags/example_time_delta_sensor_async.py for tasks to queue
[2025-03-17T05:18:08.875+0000] {logging_mixin.py:190} INFO - [2025-03-17T05:18:08.875+0000] {dagbag.py:588} INFO - Filling up the DagBag from /home/airflow/.local/lib/python3.12/site-packages/airflow/example_dags/example_time_delta_sensor_async.py
[2025-03-17T05:18:08.878+0000] {processor.py:925} INFO - DAG(s) 'example_time_delta_sensor_async' retrieved from /home/airflow/.local/lib/python3.12/site-packages/airflow/example_dags/example_time_delta_sensor_async.py
[2025-03-17T05:18:08.888+0000] {logging_mixin.py:190} INFO - [2025-03-17T05:18:08.887+0000] {dag.py:3239} INFO - Sync 1 DAGs
[2025-03-17T05:18:08.895+0000] {logging_mixin.py:190} INFO - [2025-03-17T05:18:08.895+0000] {dag.py:4180} INFO - Setting next_dagrun for example_time_delta_sensor_async to None, run_after=None
[2025-03-17T05:18:08.903+0000] {processor.py:208} INFO - Processing /home/airflow/.local/lib/python3.12/site-packages/airflow/example_dags/example_time_delta_sensor_async.py took 0.033 seconds
[2025-03-17T05:57:31.697+0000] {processor.py:186} INFO - Started process (PID=12037) to work on /home/airflow/.local/lib/python3.12/site-packages/airflow/example_dags/example_time_delta_sensor_async.py
[2025-03-17T05:57:31.697+0000] {processor.py:914} INFO - Processing file /home/airflow/.local/lib/python3.12/site-packages/airflow/example_dags/example_time_delta_sensor_async.py for tasks to queue
[2025-03-17T05:57:31.699+0000] {logging_mixin.py:190} INFO - [2025-03-17T05:57:31.699+0000] {dagbag.py:588} INFO - Filling up the DagBag from /home/airflow/.local/lib/python3.12/site-packages/airflow/example_dags/example_time_delta_sensor_async.py
[2025-03-17T05:57:31.703+0000] {processor.py:925} INFO - DAG(s) 'example_time_delta_sensor_async' retrieved from /home/airflow/.local/lib/python3.12/site-packages/airflow/example_dags/example_time_delta_sensor_async.py
[2025-03-17T05:57:31.714+0000] {logging_mixin.py:190} INFO - [2025-03-17T05:57:31.713+0000] {dag.py:3239} INFO - Sync 1 DAGs
[2025-03-17T05:57:31.719+0000] {logging_mixin.py:190} INFO - [2025-03-17T05:57:31.719+0000] {dag.py:4180} INFO - Setting next_dagrun for example_time_delta_sensor_async to None, run_after=None
[2025-03-17T05:57:31.729+0000] {processor.py:208} INFO - Processing /home/airflow/.local/lib/python3.12/site-packages/airflow/example_dags/example_time_delta_sensor_async.py took 0.035 seconds
[2025-03-17T05:59:14.098+0000] {processor.py:186} INFO - Started process (PID=12103) to work on /home/airflow/.local/lib/python3.12/site-packages/airflow/example_dags/example_time_delta_sensor_async.py
[2025-03-17T05:59:14.099+0000] {processor.py:914} INFO - Processing file /home/airflow/.local/lib/python3.12/site-packages/airflow/example_dags/example_time_delta_sensor_async.py for tasks to queue
[2025-03-17T05:59:14.100+0000] {logging_mixin.py:190} INFO - [2025-03-17T05:59:14.099+0000] {dagbag.py:588} INFO - Filling up the DagBag from /home/airflow/.local/lib/python3.12/site-packages/airflow/example_dags/example_time_delta_sensor_async.py
[2025-03-17T05:59:14.103+0000] {processor.py:925} INFO - DAG(s) 'example_time_delta_sensor_async' retrieved from /home/airflow/.local/lib/python3.12/site-packages/airflow/example_dags/example_time_delta_sensor_async.py
[2025-03-17T05:59:14.112+0000] {logging_mixin.py:190} INFO - [2025-03-17T05:59:14.112+0000] {dag.py:3239} INFO - Sync 1 DAGs
[2025-03-17T05:59:14.118+0000] {logging_mixin.py:190} INFO - [2025-03-17T05:59:14.118+0000] {dag.py:4180} INFO - Setting next_dagrun for example_time_delta_sensor_async to None, run_after=None
[2025-03-17T05:59:14.128+0000] {processor.py:208} INFO - Processing /home/airflow/.local/lib/python3.12/site-packages/airflow/example_dags/example_time_delta_sensor_async.py took 0.032 seconds
[2025-03-17T06:00:02.665+0000] {processor.py:186} INFO - Started process (PID=12169) to work on /home/airflow/.local/lib/python3.12/site-packages/airflow/example_dags/example_time_delta_sensor_async.py
[2025-03-17T06:00:02.667+0000] {processor.py:914} INFO - Processing file /home/airflow/.local/lib/python3.12/site-packages/airflow/example_dags/example_time_delta_sensor_async.py for tasks to queue
[2025-03-17T06:00:02.668+0000] {logging_mixin.py:190} INFO - [2025-03-17T06:00:02.667+0000] {dagbag.py:588} INFO - Filling up the DagBag from /home/airflow/.local/lib/python3.12/site-packages/airflow/example_dags/example_time_delta_sensor_async.py
[2025-03-17T06:00:02.671+0000] {processor.py:925} INFO - DAG(s) 'example_time_delta_sensor_async' retrieved from /home/airflow/.local/lib/python3.12/site-packages/airflow/example_dags/example_time_delta_sensor_async.py
[2025-03-17T06:00:02.682+0000] {logging_mixin.py:190} INFO - [2025-03-17T06:00:02.682+0000] {dag.py:3239} INFO - Sync 1 DAGs
[2025-03-17T06:00:02.688+0000] {logging_mixin.py:190} INFO - [2025-03-17T06:00:02.688+0000] {dag.py:4180} INFO - Setting next_dagrun for example_time_delta_sensor_async to None, run_after=None
[2025-03-17T06:00:02.694+0000] {processor.py:208} INFO - Processing /home/airflow/.local/lib/python3.12/site-packages/airflow/example_dags/example_time_delta_sensor_async.py took 0.031 seconds
[2025-03-17T06:02:13.357+0000] {processor.py:186} INFO - Started process (PID=12235) to work on /home/airflow/.local/lib/python3.12/site-packages/airflow/example_dags/example_time_delta_sensor_async.py
[2025-03-17T06:02:13.358+0000] {processor.py:914} INFO - Processing file /home/airflow/.local/lib/python3.12/site-packages/airflow/example_dags/example_time_delta_sensor_async.py for tasks to queue
[2025-03-17T06:02:13.360+0000] {logging_mixin.py:190} INFO - [2025-03-17T06:02:13.360+0000] {dagbag.py:588} INFO - Filling up the DagBag from /home/airflow/.local/lib/python3.12/site-packages/airflow/example_dags/example_time_delta_sensor_async.py
[2025-03-17T06:02:13.364+0000] {processor.py:925} INFO - DAG(s) 'example_time_delta_sensor_async' retrieved from /home/airflow/.local/lib/python3.12/site-packages/airflow/example_dags/example_time_delta_sensor_async.py
[2025-03-17T06:02:13.373+0000] {logging_mixin.py:190} INFO - [2025-03-17T06:02:13.372+0000] {dag.py:3239} INFO - Sync 1 DAGs
[2025-03-17T06:02:13.378+0000] {logging_mixin.py:190} INFO - [2025-03-17T06:02:13.378+0000] {dag.py:4180} INFO - Setting next_dagrun for example_time_delta_sensor_async to None, run_after=None
[2025-03-17T06:02:13.385+0000] {processor.py:208} INFO - Processing /home/airflow/.local/lib/python3.12/site-packages/airflow/example_dags/example_time_delta_sensor_async.py took 0.030 seconds
[2025-03-17T06:03:59.898+0000] {processor.py:186} INFO - Started process (PID=12301) to work on /home/airflow/.local/lib/python3.12/site-packages/airflow/example_dags/example_time_delta_sensor_async.py
[2025-03-17T06:03:59.898+0000] {processor.py:914} INFO - Processing file /home/airflow/.local/lib/python3.12/site-packages/airflow/example_dags/example_time_delta_sensor_async.py for tasks to queue
[2025-03-17T06:03:59.899+0000] {logging_mixin.py:190} INFO - [2025-03-17T06:03:59.899+0000] {dagbag.py:588} INFO - Filling up the DagBag from /home/airflow/.local/lib/python3.12/site-packages/airflow/example_dags/example_time_delta_sensor_async.py
[2025-03-17T06:03:59.903+0000] {processor.py:925} INFO - DAG(s) 'example_time_delta_sensor_async' retrieved from /home/airflow/.local/lib/python3.12/site-packages/airflow/example_dags/example_time_delta_sensor_async.py
[2025-03-17T06:03:59.912+0000] {logging_mixin.py:190} INFO - [2025-03-17T06:03:59.912+0000] {dag.py:3239} INFO - Sync 1 DAGs
[2025-03-17T06:03:59.919+0000] {logging_mixin.py:190} INFO - [2025-03-17T06:03:59.919+0000] {dag.py:4180} INFO - Setting next_dagrun for example_time_delta_sensor_async to None, run_after=None
[2025-03-17T06:03:59.931+0000] {processor.py:208} INFO - Processing /home/airflow/.local/lib/python3.12/site-packages/airflow/example_dags/example_time_delta_sensor_async.py took 0.035 seconds
[2025-03-17T06:09:16.266+0000] {processor.py:186} INFO - Started process (PID=12367) to work on /home/airflow/.local/lib/python3.12/site-packages/airflow/example_dags/example_time_delta_sensor_async.py
[2025-03-17T06:09:16.267+0000] {processor.py:914} INFO - Processing file /home/airflow/.local/lib/python3.12/site-packages/airflow/example_dags/example_time_delta_sensor_async.py for tasks to queue
[2025-03-17T06:09:16.268+0000] {logging_mixin.py:190} INFO - [2025-03-17T06:09:16.268+0000] {dagbag.py:588} INFO - Filling up the DagBag from /home/airflow/.local/lib/python3.12/site-packages/airflow/example_dags/example_time_delta_sensor_async.py
[2025-03-17T06:09:16.275+0000] {processor.py:925} INFO - DAG(s) 'example_time_delta_sensor_async' retrieved from /home/airflow/.local/lib/python3.12/site-packages/airflow/example_dags/example_time_delta_sensor_async.py
[2025-03-17T06:09:16.284+0000] {logging_mixin.py:190} INFO - [2025-03-17T06:09:16.284+0000] {dag.py:3239} INFO - Sync 1 DAGs
[2025-03-17T06:09:16.290+0000] {logging_mixin.py:190} INFO - [2025-03-17T06:09:16.290+0000] {dag.py:4180} INFO - Setting next_dagrun for example_time_delta_sensor_async to None, run_after=None
[2025-03-17T06:09:16.297+0000] {processor.py:208} INFO - Processing /home/airflow/.local/lib/python3.12/site-packages/airflow/example_dags/example_time_delta_sensor_async.py took 0.033 seconds
[2025-03-17T06:23:35.951+0000] {processor.py:186} INFO - Started process (PID=12433) to work on /home/airflow/.local/lib/python3.12/site-packages/airflow/example_dags/example_time_delta_sensor_async.py
[2025-03-17T06:23:35.952+0000] {processor.py:914} INFO - Processing file /home/airflow/.local/lib/python3.12/site-packages/airflow/example_dags/example_time_delta_sensor_async.py for tasks to queue
[2025-03-17T06:23:35.954+0000] {logging_mixin.py:190} INFO - [2025-03-17T06:23:35.954+0000] {dagbag.py:588} INFO - Filling up the DagBag from /home/airflow/.local/lib/python3.12/site-packages/airflow/example_dags/example_time_delta_sensor_async.py
[2025-03-17T06:23:35.957+0000] {processor.py:925} INFO - DAG(s) 'example_time_delta_sensor_async' retrieved from /home/airflow/.local/lib/python3.12/site-packages/airflow/example_dags/example_time_delta_sensor_async.py
[2025-03-17T06:23:35.964+0000] {logging_mixin.py:190} INFO - [2025-03-17T06:23:35.964+0000] {dag.py:3239} INFO - Sync 1 DAGs
[2025-03-17T06:23:35.970+0000] {logging_mixin.py:190} INFO - [2025-03-17T06:23:35.969+0000] {dag.py:4180} INFO - Setting next_dagrun for example_time_delta_sensor_async to None, run_after=None
[2025-03-17T06:23:35.979+0000] {processor.py:208} INFO - Processing /home/airflow/.local/lib/python3.12/site-packages/airflow/example_dags/example_time_delta_sensor_async.py took 0.031 seconds
[2025-03-17T06:24:06.427+0000] {processor.py:186} INFO - Started process (PID=12499) to work on /home/airflow/.local/lib/python3.12/site-packages/airflow/example_dags/example_time_delta_sensor_async.py
[2025-03-17T06:24:06.427+0000] {processor.py:914} INFO - Processing file /home/airflow/.local/lib/python3.12/site-packages/airflow/example_dags/example_time_delta_sensor_async.py for tasks to queue
[2025-03-17T06:24:06.428+0000] {logging_mixin.py:190} INFO - [2025-03-17T06:24:06.428+0000] {dagbag.py:588} INFO - Filling up the DagBag from /home/airflow/.local/lib/python3.12/site-packages/airflow/example_dags/example_time_delta_sensor_async.py
[2025-03-17T06:24:06.432+0000] {processor.py:925} INFO - DAG(s) 'example_time_delta_sensor_async' retrieved from /home/airflow/.local/lib/python3.12/site-packages/airflow/example_dags/example_time_delta_sensor_async.py
[2025-03-17T06:24:06.440+0000] {logging_mixin.py:190} INFO - [2025-03-17T06:24:06.440+0000] {dag.py:3239} INFO - Sync 1 DAGs
[2025-03-17T06:24:06.445+0000] {logging_mixin.py:190} INFO - [2025-03-17T06:24:06.445+0000] {dag.py:4180} INFO - Setting next_dagrun for example_time_delta_sensor_async to None, run_after=None
[2025-03-17T06:24:06.452+0000] {processor.py:208} INFO - Processing /home/airflow/.local/lib/python3.12/site-packages/airflow/example_dags/example_time_delta_sensor_async.py took 0.028 seconds
[2025-03-17T06:24:36.969+0000] {processor.py:186} INFO - Started process (PID=12565) to work on /home/airflow/.local/lib/python3.12/site-packages/airflow/example_dags/example_time_delta_sensor_async.py
[2025-03-17T06:24:36.970+0000] {processor.py:914} INFO - Processing file /home/airflow/.local/lib/python3.12/site-packages/airflow/example_dags/example_time_delta_sensor_async.py for tasks to queue
[2025-03-17T06:24:36.971+0000] {logging_mixin.py:190} INFO - [2025-03-17T06:24:36.971+0000] {dagbag.py:588} INFO - Filling up the DagBag from /home/airflow/.local/lib/python3.12/site-packages/airflow/example_dags/example_time_delta_sensor_async.py
[2025-03-17T06:24:36.974+0000] {processor.py:925} INFO - DAG(s) 'example_time_delta_sensor_async' retrieved from /home/airflow/.local/lib/python3.12/site-packages/airflow/example_dags/example_time_delta_sensor_async.py
[2025-03-17T06:24:36.985+0000] {logging_mixin.py:190} INFO - [2025-03-17T06:24:36.985+0000] {dag.py:3239} INFO - Sync 1 DAGs
[2025-03-17T06:24:36.991+0000] {logging_mixin.py:190} INFO - [2025-03-17T06:24:36.991+0000] {dag.py:4180} INFO - Setting next_dagrun for example_time_delta_sensor_async to None, run_after=None
[2025-03-17T06:24:37.000+0000] {processor.py:208} INFO - Processing /home/airflow/.local/lib/python3.12/site-packages/airflow/example_dags/example_time_delta_sensor_async.py took 0.034 seconds
[2025-03-17T06:25:07.663+0000] {processor.py:186} INFO - Started process (PID=12631) to work on /home/airflow/.local/lib/python3.12/site-packages/airflow/example_dags/example_time_delta_sensor_async.py
[2025-03-17T06:25:07.664+0000] {processor.py:914} INFO - Processing file /home/airflow/.local/lib/python3.12/site-packages/airflow/example_dags/example_time_delta_sensor_async.py for tasks to queue
[2025-03-17T06:25:07.666+0000] {logging_mixin.py:190} INFO - [2025-03-17T06:25:07.666+0000] {dagbag.py:588} INFO - Filling up the DagBag from /home/airflow/.local/lib/python3.12/site-packages/airflow/example_dags/example_time_delta_sensor_async.py
[2025-03-17T06:25:07.669+0000] {processor.py:925} INFO - DAG(s) 'example_time_delta_sensor_async' retrieved from /home/airflow/.local/lib/python3.12/site-packages/airflow/example_dags/example_time_delta_sensor_async.py
[2025-03-17T06:25:07.680+0000] {logging_mixin.py:190} INFO - [2025-03-17T06:25:07.680+0000] {dag.py:3239} INFO - Sync 1 DAGs
[2025-03-17T06:25:07.685+0000] {logging_mixin.py:190} INFO - [2025-03-17T06:25:07.685+0000] {dag.py:4180} INFO - Setting next_dagrun for example_time_delta_sensor_async to None, run_after=None
[2025-03-17T06:25:07.692+0000] {processor.py:208} INFO - Processing /home/airflow/.local/lib/python3.12/site-packages/airflow/example_dags/example_time_delta_sensor_async.py took 0.032 seconds
[2025-03-17T06:25:38.160+0000] {processor.py:186} INFO - Started process (PID=12697) to work on /home/airflow/.local/lib/python3.12/site-packages/airflow/example_dags/example_time_delta_sensor_async.py
[2025-03-17T06:25:38.161+0000] {processor.py:914} INFO - Processing file /home/airflow/.local/lib/python3.12/site-packages/airflow/example_dags/example_time_delta_sensor_async.py for tasks to queue
[2025-03-17T06:25:38.162+0000] {logging_mixin.py:190} INFO - [2025-03-17T06:25:38.162+0000] {dagbag.py:588} INFO - Filling up the DagBag from /home/airflow/.local/lib/python3.12/site-packages/airflow/example_dags/example_time_delta_sensor_async.py
[2025-03-17T06:25:38.169+0000] {processor.py:925} INFO - DAG(s) 'example_time_delta_sensor_async' retrieved from /home/airflow/.local/lib/python3.12/site-packages/airflow/example_dags/example_time_delta_sensor_async.py
[2025-03-17T06:25:38.177+0000] {logging_mixin.py:190} INFO - [2025-03-17T06:25:38.176+0000] {dag.py:3239} INFO - Sync 1 DAGs
[2025-03-17T06:25:38.183+0000] {logging_mixin.py:190} INFO - [2025-03-17T06:25:38.183+0000] {dag.py:4180} INFO - Setting next_dagrun for example_time_delta_sensor_async to None, run_after=None
[2025-03-17T06:25:38.192+0000] {processor.py:208} INFO - Processing /home/airflow/.local/lib/python3.12/site-packages/airflow/example_dags/example_time_delta_sensor_async.py took 0.034 seconds
[2025-03-17T06:26:08.570+0000] {processor.py:186} INFO - Started process (PID=12763) to work on /home/airflow/.local/lib/python3.12/site-packages/airflow/example_dags/example_time_delta_sensor_async.py
[2025-03-17T06:26:08.571+0000] {processor.py:914} INFO - Processing file /home/airflow/.local/lib/python3.12/site-packages/airflow/example_dags/example_time_delta_sensor_async.py for tasks to queue
[2025-03-17T06:26:08.572+0000] {logging_mixin.py:190} INFO - [2025-03-17T06:26:08.572+0000] {dagbag.py:588} INFO - Filling up the DagBag from /home/airflow/.local/lib/python3.12/site-packages/airflow/example_dags/example_time_delta_sensor_async.py
[2025-03-17T06:26:08.575+0000] {processor.py:925} INFO - DAG(s) 'example_time_delta_sensor_async' retrieved from /home/airflow/.local/lib/python3.12/site-packages/airflow/example_dags/example_time_delta_sensor_async.py
[2025-03-17T06:26:08.583+0000] {logging_mixin.py:190} INFO - [2025-03-17T06:26:08.582+0000] {dag.py:3239} INFO - Sync 1 DAGs
[2025-03-17T06:26:08.588+0000] {logging_mixin.py:190} INFO - [2025-03-17T06:26:08.588+0000] {dag.py:4180} INFO - Setting next_dagrun for example_time_delta_sensor_async to None, run_after=None
[2025-03-17T06:26:08.598+0000] {processor.py:208} INFO - Processing /home/airflow/.local/lib/python3.12/site-packages/airflow/example_dags/example_time_delta_sensor_async.py took 0.030 seconds
[2025-03-17T06:26:39.155+0000] {processor.py:186} INFO - Started process (PID=12829) to work on /home/airflow/.local/lib/python3.12/site-packages/airflow/example_dags/example_time_delta_sensor_async.py
[2025-03-17T06:26:39.156+0000] {processor.py:914} INFO - Processing file /home/airflow/.local/lib/python3.12/site-packages/airflow/example_dags/example_time_delta_sensor_async.py for tasks to queue
[2025-03-17T06:26:39.158+0000] {logging_mixin.py:190} INFO - [2025-03-17T06:26:39.158+0000] {dagbag.py:588} INFO - Filling up the DagBag from /home/airflow/.local/lib/python3.12/site-packages/airflow/example_dags/example_time_delta_sensor_async.py
[2025-03-17T06:26:39.163+0000] {processor.py:925} INFO - DAG(s) 'example_time_delta_sensor_async' retrieved from /home/airflow/.local/lib/python3.12/site-packages/airflow/example_dags/example_time_delta_sensor_async.py
[2025-03-17T06:26:39.172+0000] {logging_mixin.py:190} INFO - [2025-03-17T06:26:39.172+0000] {dag.py:3239} INFO - Sync 1 DAGs
[2025-03-17T06:26:39.179+0000] {logging_mixin.py:190} INFO - [2025-03-17T06:26:39.179+0000] {dag.py:4180} INFO - Setting next_dagrun for example_time_delta_sensor_async to None, run_after=None
[2025-03-17T06:26:39.189+0000] {processor.py:208} INFO - Processing /home/airflow/.local/lib/python3.12/site-packages/airflow/example_dags/example_time_delta_sensor_async.py took 0.036 seconds
[2025-03-17T06:27:09.474+0000] {processor.py:186} INFO - Started process (PID=12895) to work on /home/airflow/.local/lib/python3.12/site-packages/airflow/example_dags/example_time_delta_sensor_async.py
[2025-03-17T06:27:09.474+0000] {processor.py:914} INFO - Processing file /home/airflow/.local/lib/python3.12/site-packages/airflow/example_dags/example_time_delta_sensor_async.py for tasks to queue
[2025-03-17T06:27:09.476+0000] {logging_mixin.py:190} INFO - [2025-03-17T06:27:09.476+0000] {dagbag.py:588} INFO - Filling up the DagBag from /home/airflow/.local/lib/python3.12/site-packages/airflow/example_dags/example_time_delta_sensor_async.py
[2025-03-17T06:27:09.479+0000] {processor.py:925} INFO - DAG(s) 'example_time_delta_sensor_async' retrieved from /home/airflow/.local/lib/python3.12/site-packages/airflow/example_dags/example_time_delta_sensor_async.py
[2025-03-17T06:27:09.487+0000] {logging_mixin.py:190} INFO - [2025-03-17T06:27:09.487+0000] {dag.py:3239} INFO - Sync 1 DAGs
[2025-03-17T06:27:09.492+0000] {logging_mixin.py:190} INFO - [2025-03-17T06:27:09.492+0000] {dag.py:4180} INFO - Setting next_dagrun for example_time_delta_sensor_async to None, run_after=None
[2025-03-17T06:27:09.499+0000] {processor.py:208} INFO - Processing /home/airflow/.local/lib/python3.12/site-packages/airflow/example_dags/example_time_delta_sensor_async.py took 0.028 seconds
[2025-03-17T06:27:39.850+0000] {processor.py:186} INFO - Started process (PID=12961) to work on /home/airflow/.local/lib/python3.12/site-packages/airflow/example_dags/example_time_delta_sensor_async.py
[2025-03-17T06:27:39.850+0000] {processor.py:914} INFO - Processing file /home/airflow/.local/lib/python3.12/site-packages/airflow/example_dags/example_time_delta_sensor_async.py for tasks to queue
[2025-03-17T06:27:39.851+0000] {logging_mixin.py:190} INFO - [2025-03-17T06:27:39.851+0000] {dagbag.py:588} INFO - Filling up the DagBag from /home/airflow/.local/lib/python3.12/site-packages/airflow/example_dags/example_time_delta_sensor_async.py
[2025-03-17T06:27:39.854+0000] {processor.py:925} INFO - DAG(s) 'example_time_delta_sensor_async' retrieved from /home/airflow/.local/lib/python3.12/site-packages/airflow/example_dags/example_time_delta_sensor_async.py
[2025-03-17T06:27:39.865+0000] {logging_mixin.py:190} INFO - [2025-03-17T06:27:39.864+0000] {dag.py:3239} INFO - Sync 1 DAGs
[2025-03-17T06:27:39.871+0000] {logging_mixin.py:190} INFO - [2025-03-17T06:27:39.871+0000] {dag.py:4180} INFO - Setting next_dagrun for example_time_delta_sensor_async to None, run_after=None
[2025-03-17T06:27:39.878+0000] {processor.py:208} INFO - Processing /home/airflow/.local/lib/python3.12/site-packages/airflow/example_dags/example_time_delta_sensor_async.py took 0.031 seconds
[2025-03-17T06:28:10.512+0000] {processor.py:186} INFO - Started process (PID=13033) to work on /home/airflow/.local/lib/python3.12/site-packages/airflow/example_dags/example_time_delta_sensor_async.py
[2025-03-17T06:28:10.512+0000] {processor.py:914} INFO - Processing file /home/airflow/.local/lib/python3.12/site-packages/airflow/example_dags/example_time_delta_sensor_async.py for tasks to queue
[2025-03-17T06:28:10.514+0000] {logging_mixin.py:190} INFO - [2025-03-17T06:28:10.514+0000] {dagbag.py:588} INFO - Filling up the DagBag from /home/airflow/.local/lib/python3.12/site-packages/airflow/example_dags/example_time_delta_sensor_async.py
[2025-03-17T06:28:10.517+0000] {processor.py:925} INFO - DAG(s) 'example_time_delta_sensor_async' retrieved from /home/airflow/.local/lib/python3.12/site-packages/airflow/example_dags/example_time_delta_sensor_async.py
[2025-03-17T06:28:10.525+0000] {logging_mixin.py:190} INFO - [2025-03-17T06:28:10.525+0000] {dag.py:3239} INFO - Sync 1 DAGs
[2025-03-17T06:28:10.530+0000] {logging_mixin.py:190} INFO - [2025-03-17T06:28:10.530+0000] {dag.py:4180} INFO - Setting next_dagrun for example_time_delta_sensor_async to None, run_after=None
[2025-03-17T06:28:10.537+0000] {processor.py:208} INFO - Processing /home/airflow/.local/lib/python3.12/site-packages/airflow/example_dags/example_time_delta_sensor_async.py took 0.028 seconds
