[2025-03-17T00:45:33.935+0000] {processor.py:186} INFO - Started process (PID=10086) to work on /home/airflow/.local/lib/python3.12/site-packages/airflow/example_dags/example_python_decorator.py
[2025-03-17T00:45:33.936+0000] {processor.py:914} INFO - Processing file /home/airflow/.local/lib/python3.12/site-packages/airflow/example_dags/example_python_decorator.py for tasks to queue
[2025-03-17T00:45:33.937+0000] {logging_mixin.py:190} INFO - [2025-03-17T00:45:33.936+0000] {dagbag.py:588} INFO - Filling up the DagBag from /home/airflow/.local/lib/python3.12/site-packages/airflow/example_dags/example_python_decorator.py
[2025-03-17T00:45:33.945+0000] {processor.py:925} INFO - DAG(s) 'example_python_decorator' retrieved from /home/airflow/.local/lib/python3.12/site-packages/airflow/example_dags/example_python_decorator.py
[2025-03-17T00:45:33.956+0000] {logging_mixin.py:190} INFO - [2025-03-17T00:45:33.956+0000] {dag.py:3239} INFO - Sync 1 DAGs
[2025-03-17T00:45:33.962+0000] {logging_mixin.py:190} INFO - [2025-03-17T00:45:33.962+0000] {dag.py:4180} INFO - Setting next_dagrun for example_python_decorator to None, run_after=None
[2025-03-17T00:45:33.974+0000] {processor.py:208} INFO - Processing /home/airflow/.local/lib/python3.12/site-packages/airflow/example_dags/example_python_decorator.py took 0.041 seconds
[2025-03-17T02:11:09.840+0000] {processor.py:186} INFO - Started process (PID=10152) to work on /home/airflow/.local/lib/python3.12/site-packages/airflow/example_dags/example_python_decorator.py
[2025-03-17T02:11:09.841+0000] {processor.py:914} INFO - Processing file /home/airflow/.local/lib/python3.12/site-packages/airflow/example_dags/example_python_decorator.py for tasks to queue
[2025-03-17T02:11:09.842+0000] {logging_mixin.py:190} INFO - [2025-03-17T02:11:09.842+0000] {dagbag.py:588} INFO - Filling up the DagBag from /home/airflow/.local/lib/python3.12/site-packages/airflow/example_dags/example_python_decorator.py
[2025-03-17T02:11:09.849+0000] {processor.py:925} INFO - DAG(s) 'example_python_decorator' retrieved from /home/airflow/.local/lib/python3.12/site-packages/airflow/example_dags/example_python_decorator.py
[2025-03-17T02:11:09.870+0000] {logging_mixin.py:190} INFO - [2025-03-17T02:11:09.870+0000] {dag.py:3239} INFO - Sync 1 DAGs
[2025-03-17T02:11:09.876+0000] {logging_mixin.py:190} INFO - [2025-03-17T02:11:09.876+0000] {dag.py:4180} INFO - Setting next_dagrun for example_python_decorator to None, run_after=None
[2025-03-17T02:11:09.887+0000] {processor.py:208} INFO - Processing /home/airflow/.local/lib/python3.12/site-packages/airflow/example_dags/example_python_decorator.py took 0.049 seconds
[2025-03-17T02:30:14.318+0000] {processor.py:186} INFO - Started process (PID=10218) to work on /home/airflow/.local/lib/python3.12/site-packages/airflow/example_dags/example_python_decorator.py
[2025-03-17T02:30:14.319+0000] {processor.py:914} INFO - Processing file /home/airflow/.local/lib/python3.12/site-packages/airflow/example_dags/example_python_decorator.py for tasks to queue
[2025-03-17T02:30:14.320+0000] {logging_mixin.py:190} INFO - [2025-03-17T02:30:14.320+0000] {dagbag.py:588} INFO - Filling up the DagBag from /home/airflow/.local/lib/python3.12/site-packages/airflow/example_dags/example_python_decorator.py
[2025-03-17T02:30:14.327+0000] {processor.py:925} INFO - DAG(s) 'example_python_decorator' retrieved from /home/airflow/.local/lib/python3.12/site-packages/airflow/example_dags/example_python_decorator.py
[2025-03-17T02:30:14.337+0000] {logging_mixin.py:190} INFO - [2025-03-17T02:30:14.337+0000] {dag.py:3239} INFO - Sync 1 DAGs
[2025-03-17T02:30:14.344+0000] {logging_mixin.py:190} INFO - [2025-03-17T02:30:14.344+0000] {dag.py:4180} INFO - Setting next_dagrun for example_python_decorator to None, run_after=None
[2025-03-17T02:30:14.352+0000] {processor.py:208} INFO - Processing /home/airflow/.local/lib/python3.12/site-packages/airflow/example_dags/example_python_decorator.py took 0.036 seconds
[2025-03-17T02:30:44.896+0000] {processor.py:186} INFO - Started process (PID=10284) to work on /home/airflow/.local/lib/python3.12/site-packages/airflow/example_dags/example_python_decorator.py
[2025-03-17T02:30:44.899+0000] {processor.py:914} INFO - Processing file /home/airflow/.local/lib/python3.12/site-packages/airflow/example_dags/example_python_decorator.py for tasks to queue
[2025-03-17T02:30:44.900+0000] {logging_mixin.py:190} INFO - [2025-03-17T02:30:44.900+0000] {dagbag.py:588} INFO - Filling up the DagBag from /home/airflow/.local/lib/python3.12/site-packages/airflow/example_dags/example_python_decorator.py
[2025-03-17T02:30:44.907+0000] {processor.py:925} INFO - DAG(s) 'example_python_decorator' retrieved from /home/airflow/.local/lib/python3.12/site-packages/airflow/example_dags/example_python_decorator.py
[2025-03-17T02:30:44.916+0000] {logging_mixin.py:190} INFO - [2025-03-17T02:30:44.916+0000] {dag.py:3239} INFO - Sync 1 DAGs
[2025-03-17T02:30:44.923+0000] {logging_mixin.py:190} INFO - [2025-03-17T02:30:44.923+0000] {dag.py:4180} INFO - Setting next_dagrun for example_python_decorator to None, run_after=None
[2025-03-17T02:30:44.933+0000] {processor.py:208} INFO - Processing /home/airflow/.local/lib/python3.12/site-packages/airflow/example_dags/example_python_decorator.py took 0.040 seconds
[2025-03-17T02:31:15.400+0000] {processor.py:186} INFO - Started process (PID=10350) to work on /home/airflow/.local/lib/python3.12/site-packages/airflow/example_dags/example_python_decorator.py
[2025-03-17T02:31:15.401+0000] {processor.py:914} INFO - Processing file /home/airflow/.local/lib/python3.12/site-packages/airflow/example_dags/example_python_decorator.py for tasks to queue
[2025-03-17T02:31:15.405+0000] {logging_mixin.py:190} INFO - [2025-03-17T02:31:15.405+0000] {dagbag.py:588} INFO - Filling up the DagBag from /home/airflow/.local/lib/python3.12/site-packages/airflow/example_dags/example_python_decorator.py
[2025-03-17T02:31:15.411+0000] {processor.py:925} INFO - DAG(s) 'example_python_decorator' retrieved from /home/airflow/.local/lib/python3.12/site-packages/airflow/example_dags/example_python_decorator.py
[2025-03-17T02:31:15.423+0000] {logging_mixin.py:190} INFO - [2025-03-17T02:31:15.422+0000] {dag.py:3239} INFO - Sync 1 DAGs
[2025-03-17T02:31:15.429+0000] {logging_mixin.py:190} INFO - [2025-03-17T02:31:15.428+0000] {dag.py:4180} INFO - Setting next_dagrun for example_python_decorator to None, run_after=None
[2025-03-17T02:31:15.435+0000] {processor.py:208} INFO - Processing /home/airflow/.local/lib/python3.12/site-packages/airflow/example_dags/example_python_decorator.py took 0.037 seconds
[2025-03-17T02:31:45.880+0000] {processor.py:186} INFO - Started process (PID=10416) to work on /home/airflow/.local/lib/python3.12/site-packages/airflow/example_dags/example_python_decorator.py
[2025-03-17T02:31:45.881+0000] {processor.py:914} INFO - Processing file /home/airflow/.local/lib/python3.12/site-packages/airflow/example_dags/example_python_decorator.py for tasks to queue
[2025-03-17T02:31:45.882+0000] {logging_mixin.py:190} INFO - [2025-03-17T02:31:45.882+0000] {dagbag.py:588} INFO - Filling up the DagBag from /home/airflow/.local/lib/python3.12/site-packages/airflow/example_dags/example_python_decorator.py
[2025-03-17T02:31:45.889+0000] {processor.py:925} INFO - DAG(s) 'example_python_decorator' retrieved from /home/airflow/.local/lib/python3.12/site-packages/airflow/example_dags/example_python_decorator.py
[2025-03-17T02:31:45.900+0000] {logging_mixin.py:190} INFO - [2025-03-17T02:31:45.899+0000] {dag.py:3239} INFO - Sync 1 DAGs
[2025-03-17T02:31:45.905+0000] {logging_mixin.py:190} INFO - [2025-03-17T02:31:45.905+0000] {dag.py:4180} INFO - Setting next_dagrun for example_python_decorator to None, run_after=None
[2025-03-17T02:31:45.914+0000] {processor.py:208} INFO - Processing /home/airflow/.local/lib/python3.12/site-packages/airflow/example_dags/example_python_decorator.py took 0.036 seconds
[2025-03-17T02:32:16.314+0000] {processor.py:186} INFO - Started process (PID=10482) to work on /home/airflow/.local/lib/python3.12/site-packages/airflow/example_dags/example_python_decorator.py
[2025-03-17T02:32:16.317+0000] {processor.py:914} INFO - Processing file /home/airflow/.local/lib/python3.12/site-packages/airflow/example_dags/example_python_decorator.py for tasks to queue
[2025-03-17T02:32:16.318+0000] {logging_mixin.py:190} INFO - [2025-03-17T02:32:16.318+0000] {dagbag.py:588} INFO - Filling up the DagBag from /home/airflow/.local/lib/python3.12/site-packages/airflow/example_dags/example_python_decorator.py
[2025-03-17T02:32:16.325+0000] {processor.py:925} INFO - DAG(s) 'example_python_decorator' retrieved from /home/airflow/.local/lib/python3.12/site-packages/airflow/example_dags/example_python_decorator.py
[2025-03-17T02:32:16.339+0000] {logging_mixin.py:190} INFO - [2025-03-17T02:32:16.338+0000] {dag.py:3239} INFO - Sync 1 DAGs
[2025-03-17T02:32:16.345+0000] {logging_mixin.py:190} INFO - [2025-03-17T02:32:16.345+0000] {dag.py:4180} INFO - Setting next_dagrun for example_python_decorator to None, run_after=None
[2025-03-17T02:32:16.352+0000] {processor.py:208} INFO - Processing /home/airflow/.local/lib/python3.12/site-packages/airflow/example_dags/example_python_decorator.py took 0.040 seconds
[2025-03-17T02:32:46.719+0000] {processor.py:186} INFO - Started process (PID=10554) to work on /home/airflow/.local/lib/python3.12/site-packages/airflow/example_dags/example_python_decorator.py
[2025-03-17T02:32:46.719+0000] {processor.py:914} INFO - Processing file /home/airflow/.local/lib/python3.12/site-packages/airflow/example_dags/example_python_decorator.py for tasks to queue
[2025-03-17T02:32:46.721+0000] {logging_mixin.py:190} INFO - [2025-03-17T02:32:46.721+0000] {dagbag.py:588} INFO - Filling up the DagBag from /home/airflow/.local/lib/python3.12/site-packages/airflow/example_dags/example_python_decorator.py
[2025-03-17T02:32:46.728+0000] {processor.py:925} INFO - DAG(s) 'example_python_decorator' retrieved from /home/airflow/.local/lib/python3.12/site-packages/airflow/example_dags/example_python_decorator.py
[2025-03-17T02:32:46.741+0000] {logging_mixin.py:190} INFO - [2025-03-17T02:32:46.741+0000] {dag.py:3239} INFO - Sync 1 DAGs
[2025-03-17T02:32:46.748+0000] {logging_mixin.py:190} INFO - [2025-03-17T02:32:46.748+0000] {dag.py:4180} INFO - Setting next_dagrun for example_python_decorator to None, run_after=None
[2025-03-17T02:32:46.755+0000] {processor.py:208} INFO - Processing /home/airflow/.local/lib/python3.12/site-packages/airflow/example_dags/example_python_decorator.py took 0.039 seconds
[2025-03-17T02:33:17.249+0000] {processor.py:186} INFO - Started process (PID=10620) to work on /home/airflow/.local/lib/python3.12/site-packages/airflow/example_dags/example_python_decorator.py
[2025-03-17T02:33:17.250+0000] {processor.py:914} INFO - Processing file /home/airflow/.local/lib/python3.12/site-packages/airflow/example_dags/example_python_decorator.py for tasks to queue
[2025-03-17T02:33:17.251+0000] {logging_mixin.py:190} INFO - [2025-03-17T02:33:17.251+0000] {dagbag.py:588} INFO - Filling up the DagBag from /home/airflow/.local/lib/python3.12/site-packages/airflow/example_dags/example_python_decorator.py
[2025-03-17T02:33:17.258+0000] {processor.py:925} INFO - DAG(s) 'example_python_decorator' retrieved from /home/airflow/.local/lib/python3.12/site-packages/airflow/example_dags/example_python_decorator.py
[2025-03-17T02:33:17.273+0000] {logging_mixin.py:190} INFO - [2025-03-17T02:33:17.273+0000] {dag.py:3239} INFO - Sync 1 DAGs
[2025-03-17T02:33:17.280+0000] {logging_mixin.py:190} INFO - [2025-03-17T02:33:17.279+0000] {dag.py:4180} INFO - Setting next_dagrun for example_python_decorator to None, run_after=None
[2025-03-17T02:33:17.291+0000] {processor.py:208} INFO - Processing /home/airflow/.local/lib/python3.12/site-packages/airflow/example_dags/example_python_decorator.py took 0.045 seconds
[2025-03-17T02:33:48.003+0000] {processor.py:186} INFO - Started process (PID=10686) to work on /home/airflow/.local/lib/python3.12/site-packages/airflow/example_dags/example_python_decorator.py
[2025-03-17T02:33:48.006+0000] {processor.py:914} INFO - Processing file /home/airflow/.local/lib/python3.12/site-packages/airflow/example_dags/example_python_decorator.py for tasks to queue
[2025-03-17T02:33:48.007+0000] {logging_mixin.py:190} INFO - [2025-03-17T02:33:48.007+0000] {dagbag.py:588} INFO - Filling up the DagBag from /home/airflow/.local/lib/python3.12/site-packages/airflow/example_dags/example_python_decorator.py
[2025-03-17T02:33:48.014+0000] {processor.py:925} INFO - DAG(s) 'example_python_decorator' retrieved from /home/airflow/.local/lib/python3.12/site-packages/airflow/example_dags/example_python_decorator.py
[2025-03-17T02:33:48.027+0000] {logging_mixin.py:190} INFO - [2025-03-17T02:33:48.026+0000] {dag.py:3239} INFO - Sync 1 DAGs
[2025-03-17T02:33:48.032+0000] {logging_mixin.py:190} INFO - [2025-03-17T02:33:48.032+0000] {dag.py:4180} INFO - Setting next_dagrun for example_python_decorator to None, run_after=None
[2025-03-17T02:33:48.045+0000] {processor.py:208} INFO - Processing /home/airflow/.local/lib/python3.12/site-packages/airflow/example_dags/example_python_decorator.py took 0.044 seconds
[2025-03-17T02:34:18.415+0000] {processor.py:186} INFO - Started process (PID=10752) to work on /home/airflow/.local/lib/python3.12/site-packages/airflow/example_dags/example_python_decorator.py
[2025-03-17T02:34:18.416+0000] {processor.py:914} INFO - Processing file /home/airflow/.local/lib/python3.12/site-packages/airflow/example_dags/example_python_decorator.py for tasks to queue
[2025-03-17T02:34:18.417+0000] {logging_mixin.py:190} INFO - [2025-03-17T02:34:18.417+0000] {dagbag.py:588} INFO - Filling up the DagBag from /home/airflow/.local/lib/python3.12/site-packages/airflow/example_dags/example_python_decorator.py
[2025-03-17T02:34:18.423+0000] {processor.py:925} INFO - DAG(s) 'example_python_decorator' retrieved from /home/airflow/.local/lib/python3.12/site-packages/airflow/example_dags/example_python_decorator.py
[2025-03-17T02:34:18.436+0000] {logging_mixin.py:190} INFO - [2025-03-17T02:34:18.435+0000] {dag.py:3239} INFO - Sync 1 DAGs
[2025-03-17T02:34:18.441+0000] {logging_mixin.py:190} INFO - [2025-03-17T02:34:18.441+0000] {dag.py:4180} INFO - Setting next_dagrun for example_python_decorator to None, run_after=None
[2025-03-17T02:34:18.449+0000] {processor.py:208} INFO - Processing /home/airflow/.local/lib/python3.12/site-packages/airflow/example_dags/example_python_decorator.py took 0.036 seconds
[2025-03-17T02:34:48.784+0000] {processor.py:186} INFO - Started process (PID=10818) to work on /home/airflow/.local/lib/python3.12/site-packages/airflow/example_dags/example_python_decorator.py
[2025-03-17T02:34:48.785+0000] {processor.py:914} INFO - Processing file /home/airflow/.local/lib/python3.12/site-packages/airflow/example_dags/example_python_decorator.py for tasks to queue
[2025-03-17T02:34:48.787+0000] {logging_mixin.py:190} INFO - [2025-03-17T02:34:48.786+0000] {dagbag.py:588} INFO - Filling up the DagBag from /home/airflow/.local/lib/python3.12/site-packages/airflow/example_dags/example_python_decorator.py
[2025-03-17T02:34:48.793+0000] {processor.py:925} INFO - DAG(s) 'example_python_decorator' retrieved from /home/airflow/.local/lib/python3.12/site-packages/airflow/example_dags/example_python_decorator.py
[2025-03-17T02:34:48.805+0000] {logging_mixin.py:190} INFO - [2025-03-17T02:34:48.805+0000] {dag.py:3239} INFO - Sync 1 DAGs
[2025-03-17T02:34:48.811+0000] {logging_mixin.py:190} INFO - [2025-03-17T02:34:48.811+0000] {dag.py:4180} INFO - Setting next_dagrun for example_python_decorator to None, run_after=None
[2025-03-17T02:34:48.818+0000] {processor.py:208} INFO - Processing /home/airflow/.local/lib/python3.12/site-packages/airflow/example_dags/example_python_decorator.py took 0.037 seconds
[2025-03-17T02:35:19.137+0000] {processor.py:186} INFO - Started process (PID=10884) to work on /home/airflow/.local/lib/python3.12/site-packages/airflow/example_dags/example_python_decorator.py
[2025-03-17T02:35:19.137+0000] {processor.py:914} INFO - Processing file /home/airflow/.local/lib/python3.12/site-packages/airflow/example_dags/example_python_decorator.py for tasks to queue
[2025-03-17T02:35:19.138+0000] {logging_mixin.py:190} INFO - [2025-03-17T02:35:19.138+0000] {dagbag.py:588} INFO - Filling up the DagBag from /home/airflow/.local/lib/python3.12/site-packages/airflow/example_dags/example_python_decorator.py
[2025-03-17T02:35:19.145+0000] {processor.py:925} INFO - DAG(s) 'example_python_decorator' retrieved from /home/airflow/.local/lib/python3.12/site-packages/airflow/example_dags/example_python_decorator.py
[2025-03-17T02:35:19.154+0000] {logging_mixin.py:190} INFO - [2025-03-17T02:35:19.154+0000] {dag.py:3239} INFO - Sync 1 DAGs
[2025-03-17T02:35:19.160+0000] {logging_mixin.py:190} INFO - [2025-03-17T02:35:19.160+0000] {dag.py:4180} INFO - Setting next_dagrun for example_python_decorator to None, run_after=None
[2025-03-17T02:35:19.167+0000] {processor.py:208} INFO - Processing /home/airflow/.local/lib/python3.12/site-packages/airflow/example_dags/example_python_decorator.py took 0.033 seconds
[2025-03-17T02:35:49.505+0000] {processor.py:186} INFO - Started process (PID=10950) to work on /home/airflow/.local/lib/python3.12/site-packages/airflow/example_dags/example_python_decorator.py
[2025-03-17T02:35:49.506+0000] {processor.py:914} INFO - Processing file /home/airflow/.local/lib/python3.12/site-packages/airflow/example_dags/example_python_decorator.py for tasks to queue
[2025-03-17T02:35:49.507+0000] {logging_mixin.py:190} INFO - [2025-03-17T02:35:49.507+0000] {dagbag.py:588} INFO - Filling up the DagBag from /home/airflow/.local/lib/python3.12/site-packages/airflow/example_dags/example_python_decorator.py
[2025-03-17T02:35:49.513+0000] {processor.py:925} INFO - DAG(s) 'example_python_decorator' retrieved from /home/airflow/.local/lib/python3.12/site-packages/airflow/example_dags/example_python_decorator.py
[2025-03-17T02:35:49.522+0000] {logging_mixin.py:190} INFO - [2025-03-17T02:35:49.522+0000] {dag.py:3239} INFO - Sync 1 DAGs
[2025-03-17T02:35:49.528+0000] {logging_mixin.py:190} INFO - [2025-03-17T02:35:49.527+0000] {dag.py:4180} INFO - Setting next_dagrun for example_python_decorator to None, run_after=None
[2025-03-17T02:35:49.535+0000] {processor.py:208} INFO - Processing /home/airflow/.local/lib/python3.12/site-packages/airflow/example_dags/example_python_decorator.py took 0.032 seconds
[2025-03-17T02:36:19.854+0000] {processor.py:186} INFO - Started process (PID=11016) to work on /home/airflow/.local/lib/python3.12/site-packages/airflow/example_dags/example_python_decorator.py
[2025-03-17T02:36:19.855+0000] {processor.py:914} INFO - Processing file /home/airflow/.local/lib/python3.12/site-packages/airflow/example_dags/example_python_decorator.py for tasks to queue
[2025-03-17T02:36:19.857+0000] {logging_mixin.py:190} INFO - [2025-03-17T02:36:19.857+0000] {dagbag.py:588} INFO - Filling up the DagBag from /home/airflow/.local/lib/python3.12/site-packages/airflow/example_dags/example_python_decorator.py
[2025-03-17T02:36:19.862+0000] {processor.py:925} INFO - DAG(s) 'example_python_decorator' retrieved from /home/airflow/.local/lib/python3.12/site-packages/airflow/example_dags/example_python_decorator.py
[2025-03-17T02:36:19.872+0000] {logging_mixin.py:190} INFO - [2025-03-17T02:36:19.872+0000] {dag.py:3239} INFO - Sync 1 DAGs
[2025-03-17T02:36:19.877+0000] {logging_mixin.py:190} INFO - [2025-03-17T02:36:19.877+0000] {dag.py:4180} INFO - Setting next_dagrun for example_python_decorator to None, run_after=None
[2025-03-17T02:36:19.885+0000] {processor.py:208} INFO - Processing /home/airflow/.local/lib/python3.12/site-packages/airflow/example_dags/example_python_decorator.py took 0.034 seconds
[2025-03-17T02:36:50.102+0000] {processor.py:186} INFO - Started process (PID=11082) to work on /home/airflow/.local/lib/python3.12/site-packages/airflow/example_dags/example_python_decorator.py
[2025-03-17T02:36:50.102+0000] {processor.py:914} INFO - Processing file /home/airflow/.local/lib/python3.12/site-packages/airflow/example_dags/example_python_decorator.py for tasks to queue
[2025-03-17T02:36:50.103+0000] {logging_mixin.py:190} INFO - [2025-03-17T02:36:50.103+0000] {dagbag.py:588} INFO - Filling up the DagBag from /home/airflow/.local/lib/python3.12/site-packages/airflow/example_dags/example_python_decorator.py
[2025-03-17T02:36:50.110+0000] {processor.py:925} INFO - DAG(s) 'example_python_decorator' retrieved from /home/airflow/.local/lib/python3.12/site-packages/airflow/example_dags/example_python_decorator.py
[2025-03-17T02:36:50.120+0000] {logging_mixin.py:190} INFO - [2025-03-17T02:36:50.120+0000] {dag.py:3239} INFO - Sync 1 DAGs
[2025-03-17T02:36:50.125+0000] {logging_mixin.py:190} INFO - [2025-03-17T02:36:50.125+0000] {dag.py:4180} INFO - Setting next_dagrun for example_python_decorator to None, run_after=None
[2025-03-17T02:36:50.132+0000] {processor.py:208} INFO - Processing /home/airflow/.local/lib/python3.12/site-packages/airflow/example_dags/example_python_decorator.py took 0.033 seconds
[2025-03-17T02:37:20.747+0000] {processor.py:186} INFO - Started process (PID=11148) to work on /home/airflow/.local/lib/python3.12/site-packages/airflow/example_dags/example_python_decorator.py
[2025-03-17T02:37:20.747+0000] {processor.py:914} INFO - Processing file /home/airflow/.local/lib/python3.12/site-packages/airflow/example_dags/example_python_decorator.py for tasks to queue
[2025-03-17T02:37:20.748+0000] {logging_mixin.py:190} INFO - [2025-03-17T02:37:20.748+0000] {dagbag.py:588} INFO - Filling up the DagBag from /home/airflow/.local/lib/python3.12/site-packages/airflow/example_dags/example_python_decorator.py
[2025-03-17T02:37:20.755+0000] {processor.py:925} INFO - DAG(s) 'example_python_decorator' retrieved from /home/airflow/.local/lib/python3.12/site-packages/airflow/example_dags/example_python_decorator.py
[2025-03-17T02:37:20.764+0000] {logging_mixin.py:190} INFO - [2025-03-17T02:37:20.764+0000] {dag.py:3239} INFO - Sync 1 DAGs
[2025-03-17T02:37:20.770+0000] {logging_mixin.py:190} INFO - [2025-03-17T02:37:20.770+0000] {dag.py:4180} INFO - Setting next_dagrun for example_python_decorator to None, run_after=None
[2025-03-17T02:37:20.776+0000] {processor.py:208} INFO - Processing /home/airflow/.local/lib/python3.12/site-packages/airflow/example_dags/example_python_decorator.py took 0.032 seconds
[2025-03-17T02:37:51.408+0000] {processor.py:186} INFO - Started process (PID=11214) to work on /home/airflow/.local/lib/python3.12/site-packages/airflow/example_dags/example_python_decorator.py
[2025-03-17T02:37:51.410+0000] {processor.py:914} INFO - Processing file /home/airflow/.local/lib/python3.12/site-packages/airflow/example_dags/example_python_decorator.py for tasks to queue
[2025-03-17T02:37:51.412+0000] {logging_mixin.py:190} INFO - [2025-03-17T02:37:51.412+0000] {dagbag.py:588} INFO - Filling up the DagBag from /home/airflow/.local/lib/python3.12/site-packages/airflow/example_dags/example_python_decorator.py
[2025-03-17T02:37:51.419+0000] {processor.py:925} INFO - DAG(s) 'example_python_decorator' retrieved from /home/airflow/.local/lib/python3.12/site-packages/airflow/example_dags/example_python_decorator.py
[2025-03-17T02:37:51.430+0000] {logging_mixin.py:190} INFO - [2025-03-17T02:37:51.430+0000] {dag.py:3239} INFO - Sync 1 DAGs
[2025-03-17T02:37:51.437+0000] {logging_mixin.py:190} INFO - [2025-03-17T02:37:51.436+0000] {dag.py:4180} INFO - Setting next_dagrun for example_python_decorator to None, run_after=None
[2025-03-17T02:37:51.535+0000] {processor.py:208} INFO - Processing /home/airflow/.local/lib/python3.12/site-packages/airflow/example_dags/example_python_decorator.py took 0.130 seconds
[2025-03-17T02:38:21.925+0000] {processor.py:186} INFO - Started process (PID=11280) to work on /home/airflow/.local/lib/python3.12/site-packages/airflow/example_dags/example_python_decorator.py
[2025-03-17T02:38:21.925+0000] {processor.py:914} INFO - Processing file /home/airflow/.local/lib/python3.12/site-packages/airflow/example_dags/example_python_decorator.py for tasks to queue
[2025-03-17T02:38:21.927+0000] {logging_mixin.py:190} INFO - [2025-03-17T02:38:21.926+0000] {dagbag.py:588} INFO - Filling up the DagBag from /home/airflow/.local/lib/python3.12/site-packages/airflow/example_dags/example_python_decorator.py
[2025-03-17T02:38:21.934+0000] {processor.py:925} INFO - DAG(s) 'example_python_decorator' retrieved from /home/airflow/.local/lib/python3.12/site-packages/airflow/example_dags/example_python_decorator.py
[2025-03-17T02:38:21.947+0000] {logging_mixin.py:190} INFO - [2025-03-17T02:38:21.947+0000] {dag.py:3239} INFO - Sync 1 DAGs
[2025-03-17T02:38:22.043+0000] {logging_mixin.py:190} INFO - [2025-03-17T02:38:22.042+0000] {dag.py:4180} INFO - Setting next_dagrun for example_python_decorator to None, run_after=None
[2025-03-17T02:38:22.053+0000] {processor.py:208} INFO - Processing /home/airflow/.local/lib/python3.12/site-packages/airflow/example_dags/example_python_decorator.py took 0.131 seconds
[2025-03-17T02:38:52.764+0000] {processor.py:186} INFO - Started process (PID=11346) to work on /home/airflow/.local/lib/python3.12/site-packages/airflow/example_dags/example_python_decorator.py
[2025-03-17T02:38:52.767+0000] {processor.py:914} INFO - Processing file /home/airflow/.local/lib/python3.12/site-packages/airflow/example_dags/example_python_decorator.py for tasks to queue
[2025-03-17T02:38:52.769+0000] {logging_mixin.py:190} INFO - [2025-03-17T02:38:52.769+0000] {dagbag.py:588} INFO - Filling up the DagBag from /home/airflow/.local/lib/python3.12/site-packages/airflow/example_dags/example_python_decorator.py
[2025-03-17T02:38:52.774+0000] {processor.py:925} INFO - DAG(s) 'example_python_decorator' retrieved from /home/airflow/.local/lib/python3.12/site-packages/airflow/example_dags/example_python_decorator.py
[2025-03-17T02:38:52.786+0000] {logging_mixin.py:190} INFO - [2025-03-17T02:38:52.786+0000] {dag.py:3239} INFO - Sync 1 DAGs
[2025-03-17T02:38:52.792+0000] {logging_mixin.py:190} INFO - [2025-03-17T02:38:52.792+0000] {dag.py:4180} INFO - Setting next_dagrun for example_python_decorator to None, run_after=None
[2025-03-17T02:38:52.799+0000] {processor.py:208} INFO - Processing /home/airflow/.local/lib/python3.12/site-packages/airflow/example_dags/example_python_decorator.py took 0.037 seconds
[2025-03-17T02:39:23.415+0000] {processor.py:186} INFO - Started process (PID=11412) to work on /home/airflow/.local/lib/python3.12/site-packages/airflow/example_dags/example_python_decorator.py
[2025-03-17T02:39:23.415+0000] {processor.py:914} INFO - Processing file /home/airflow/.local/lib/python3.12/site-packages/airflow/example_dags/example_python_decorator.py for tasks to queue
[2025-03-17T02:39:23.416+0000] {logging_mixin.py:190} INFO - [2025-03-17T02:39:23.416+0000] {dagbag.py:588} INFO - Filling up the DagBag from /home/airflow/.local/lib/python3.12/site-packages/airflow/example_dags/example_python_decorator.py
[2025-03-17T02:39:23.505+0000] {processor.py:925} INFO - DAG(s) 'example_python_decorator' retrieved from /home/airflow/.local/lib/python3.12/site-packages/airflow/example_dags/example_python_decorator.py
[2025-03-17T02:39:23.515+0000] {logging_mixin.py:190} INFO - [2025-03-17T02:39:23.515+0000] {dag.py:3239} INFO - Sync 1 DAGs
[2025-03-17T02:39:23.521+0000] {logging_mixin.py:190} INFO - [2025-03-17T02:39:23.521+0000] {dag.py:4180} INFO - Setting next_dagrun for example_python_decorator to None, run_after=None
[2025-03-17T02:39:23.528+0000] {processor.py:208} INFO - Processing /home/airflow/.local/lib/python3.12/site-packages/airflow/example_dags/example_python_decorator.py took 0.115 seconds
[2025-03-17T02:39:54.141+0000] {processor.py:186} INFO - Started process (PID=11477) to work on /home/airflow/.local/lib/python3.12/site-packages/airflow/example_dags/example_python_decorator.py
[2025-03-17T02:39:54.141+0000] {processor.py:914} INFO - Processing file /home/airflow/.local/lib/python3.12/site-packages/airflow/example_dags/example_python_decorator.py for tasks to queue
[2025-03-17T02:39:54.142+0000] {logging_mixin.py:190} INFO - [2025-03-17T02:39:54.142+0000] {dagbag.py:588} INFO - Filling up the DagBag from /home/airflow/.local/lib/python3.12/site-packages/airflow/example_dags/example_python_decorator.py
[2025-03-17T02:39:54.152+0000] {processor.py:925} INFO - DAG(s) 'example_python_decorator' retrieved from /home/airflow/.local/lib/python3.12/site-packages/airflow/example_dags/example_python_decorator.py
[2025-03-17T02:39:54.164+0000] {logging_mixin.py:190} INFO - [2025-03-17T02:39:54.164+0000] {dag.py:3239} INFO - Sync 1 DAGs
[2025-03-17T02:39:54.169+0000] {logging_mixin.py:190} INFO - [2025-03-17T02:39:54.169+0000] {dag.py:4180} INFO - Setting next_dagrun for example_python_decorator to None, run_after=None
[2025-03-17T02:39:54.176+0000] {processor.py:208} INFO - Processing /home/airflow/.local/lib/python3.12/site-packages/airflow/example_dags/example_python_decorator.py took 0.038 seconds
[2025-03-17T02:40:25.244+0000] {processor.py:186} INFO - Started process (PID=11543) to work on /home/airflow/.local/lib/python3.12/site-packages/airflow/example_dags/example_python_decorator.py
[2025-03-17T02:40:25.245+0000] {processor.py:914} INFO - Processing file /home/airflow/.local/lib/python3.12/site-packages/airflow/example_dags/example_python_decorator.py for tasks to queue
[2025-03-17T02:40:25.246+0000] {logging_mixin.py:190} INFO - [2025-03-17T02:40:25.246+0000] {dagbag.py:588} INFO - Filling up the DagBag from /home/airflow/.local/lib/python3.12/site-packages/airflow/example_dags/example_python_decorator.py
[2025-03-17T02:40:25.252+0000] {processor.py:925} INFO - DAG(s) 'example_python_decorator' retrieved from /home/airflow/.local/lib/python3.12/site-packages/airflow/example_dags/example_python_decorator.py
[2025-03-17T02:40:25.262+0000] {logging_mixin.py:190} INFO - [2025-03-17T02:40:25.262+0000] {dag.py:3239} INFO - Sync 1 DAGs
[2025-03-17T02:40:25.268+0000] {logging_mixin.py:190} INFO - [2025-03-17T02:40:25.268+0000] {dag.py:4180} INFO - Setting next_dagrun for example_python_decorator to None, run_after=None
[2025-03-17T02:40:25.275+0000] {processor.py:208} INFO - Processing /home/airflow/.local/lib/python3.12/site-packages/airflow/example_dags/example_python_decorator.py took 0.033 seconds
[2025-03-17T02:40:55.521+0000] {processor.py:186} INFO - Started process (PID=11609) to work on /home/airflow/.local/lib/python3.12/site-packages/airflow/example_dags/example_python_decorator.py
[2025-03-17T02:40:55.521+0000] {processor.py:914} INFO - Processing file /home/airflow/.local/lib/python3.12/site-packages/airflow/example_dags/example_python_decorator.py for tasks to queue
[2025-03-17T02:40:55.523+0000] {logging_mixin.py:190} INFO - [2025-03-17T02:40:55.522+0000] {dagbag.py:588} INFO - Filling up the DagBag from /home/airflow/.local/lib/python3.12/site-packages/airflow/example_dags/example_python_decorator.py
[2025-03-17T02:40:55.529+0000] {processor.py:925} INFO - DAG(s) 'example_python_decorator' retrieved from /home/airflow/.local/lib/python3.12/site-packages/airflow/example_dags/example_python_decorator.py
[2025-03-17T02:40:55.540+0000] {logging_mixin.py:190} INFO - [2025-03-17T02:40:55.540+0000] {dag.py:3239} INFO - Sync 1 DAGs
[2025-03-17T02:40:55.546+0000] {logging_mixin.py:190} INFO - [2025-03-17T02:40:55.546+0000] {dag.py:4180} INFO - Setting next_dagrun for example_python_decorator to None, run_after=None
[2025-03-17T02:40:55.558+0000] {processor.py:208} INFO - Processing /home/airflow/.local/lib/python3.12/site-packages/airflow/example_dags/example_python_decorator.py took 0.039 seconds
[2025-03-17T02:41:26.609+0000] {processor.py:186} INFO - Started process (PID=11675) to work on /home/airflow/.local/lib/python3.12/site-packages/airflow/example_dags/example_python_decorator.py
[2025-03-17T02:41:26.610+0000] {processor.py:914} INFO - Processing file /home/airflow/.local/lib/python3.12/site-packages/airflow/example_dags/example_python_decorator.py for tasks to queue
[2025-03-17T02:41:26.611+0000] {logging_mixin.py:190} INFO - [2025-03-17T02:41:26.611+0000] {dagbag.py:588} INFO - Filling up the DagBag from /home/airflow/.local/lib/python3.12/site-packages/airflow/example_dags/example_python_decorator.py
[2025-03-17T02:41:26.618+0000] {processor.py:925} INFO - DAG(s) 'example_python_decorator' retrieved from /home/airflow/.local/lib/python3.12/site-packages/airflow/example_dags/example_python_decorator.py
[2025-03-17T02:41:26.628+0000] {logging_mixin.py:190} INFO - [2025-03-17T02:41:26.628+0000] {dag.py:3239} INFO - Sync 1 DAGs
[2025-03-17T02:41:26.634+0000] {logging_mixin.py:190} INFO - [2025-03-17T02:41:26.633+0000] {dag.py:4180} INFO - Setting next_dagrun for example_python_decorator to None, run_after=None
[2025-03-17T02:41:26.645+0000] {processor.py:208} INFO - Processing /home/airflow/.local/lib/python3.12/site-packages/airflow/example_dags/example_python_decorator.py took 0.038 seconds
[2025-03-17T02:41:56.819+0000] {processor.py:186} INFO - Started process (PID=11741) to work on /home/airflow/.local/lib/python3.12/site-packages/airflow/example_dags/example_python_decorator.py
[2025-03-17T02:41:56.820+0000] {processor.py:914} INFO - Processing file /home/airflow/.local/lib/python3.12/site-packages/airflow/example_dags/example_python_decorator.py for tasks to queue
[2025-03-17T02:41:56.822+0000] {logging_mixin.py:190} INFO - [2025-03-17T02:41:56.822+0000] {dagbag.py:588} INFO - Filling up the DagBag from /home/airflow/.local/lib/python3.12/site-packages/airflow/example_dags/example_python_decorator.py
[2025-03-17T02:41:56.828+0000] {processor.py:925} INFO - DAG(s) 'example_python_decorator' retrieved from /home/airflow/.local/lib/python3.12/site-packages/airflow/example_dags/example_python_decorator.py
[2025-03-17T02:41:56.838+0000] {logging_mixin.py:190} INFO - [2025-03-17T02:41:56.838+0000] {dag.py:3239} INFO - Sync 1 DAGs
[2025-03-17T02:41:56.844+0000] {logging_mixin.py:190} INFO - [2025-03-17T02:41:56.844+0000] {dag.py:4180} INFO - Setting next_dagrun for example_python_decorator to None, run_after=None
[2025-03-17T02:41:56.850+0000] {processor.py:208} INFO - Processing /home/airflow/.local/lib/python3.12/site-packages/airflow/example_dags/example_python_decorator.py took 0.034 seconds
[2025-03-17T02:42:27.908+0000] {processor.py:186} INFO - Started process (PID=11807) to work on /home/airflow/.local/lib/python3.12/site-packages/airflow/example_dags/example_python_decorator.py
[2025-03-17T02:42:27.908+0000] {processor.py:914} INFO - Processing file /home/airflow/.local/lib/python3.12/site-packages/airflow/example_dags/example_python_decorator.py for tasks to queue
[2025-03-17T02:42:27.910+0000] {logging_mixin.py:190} INFO - [2025-03-17T02:42:27.910+0000] {dagbag.py:588} INFO - Filling up the DagBag from /home/airflow/.local/lib/python3.12/site-packages/airflow/example_dags/example_python_decorator.py
[2025-03-17T02:42:27.917+0000] {processor.py:925} INFO - DAG(s) 'example_python_decorator' retrieved from /home/airflow/.local/lib/python3.12/site-packages/airflow/example_dags/example_python_decorator.py
[2025-03-17T02:42:27.926+0000] {logging_mixin.py:190} INFO - [2025-03-17T02:42:27.926+0000] {dag.py:3239} INFO - Sync 1 DAGs
[2025-03-17T02:42:27.932+0000] {logging_mixin.py:190} INFO - [2025-03-17T02:42:27.932+0000] {dag.py:4180} INFO - Setting next_dagrun for example_python_decorator to None, run_after=None
[2025-03-17T02:42:27.944+0000] {processor.py:208} INFO - Processing /home/airflow/.local/lib/python3.12/site-packages/airflow/example_dags/example_python_decorator.py took 0.039 seconds
[2025-03-17T02:58:31.753+0000] {processor.py:186} INFO - Started process (PID=11867) to work on /home/airflow/.local/lib/python3.12/site-packages/airflow/example_dags/example_python_decorator.py
[2025-03-17T02:58:31.753+0000] {processor.py:914} INFO - Processing file /home/airflow/.local/lib/python3.12/site-packages/airflow/example_dags/example_python_decorator.py for tasks to queue
[2025-03-17T02:58:31.754+0000] {logging_mixin.py:190} INFO - [2025-03-17T02:58:31.754+0000] {dagbag.py:588} INFO - Filling up the DagBag from /home/airflow/.local/lib/python3.12/site-packages/airflow/example_dags/example_python_decorator.py
[2025-03-17T02:58:31.761+0000] {processor.py:925} INFO - DAG(s) 'example_python_decorator' retrieved from /home/airflow/.local/lib/python3.12/site-packages/airflow/example_dags/example_python_decorator.py
[2025-03-17T02:58:31.771+0000] {logging_mixin.py:190} INFO - [2025-03-17T02:58:31.771+0000] {dag.py:3239} INFO - Sync 1 DAGs
[2025-03-17T02:58:31.777+0000] {logging_mixin.py:190} INFO - [2025-03-17T02:58:31.777+0000] {dag.py:4180} INFO - Setting next_dagrun for example_python_decorator to None, run_after=None
[2025-03-17T02:58:31.784+0000] {processor.py:208} INFO - Processing /home/airflow/.local/lib/python3.12/site-packages/airflow/example_dags/example_python_decorator.py took 0.034 seconds
[2025-03-17T04:07:32.723+0000] {processor.py:186} INFO - Started process (PID=11933) to work on /home/airflow/.local/lib/python3.12/site-packages/airflow/example_dags/example_python_decorator.py
[2025-03-17T04:07:32.724+0000] {processor.py:914} INFO - Processing file /home/airflow/.local/lib/python3.12/site-packages/airflow/example_dags/example_python_decorator.py for tasks to queue
[2025-03-17T04:07:32.725+0000] {logging_mixin.py:190} INFO - [2025-03-17T04:07:32.725+0000] {dagbag.py:588} INFO - Filling up the DagBag from /home/airflow/.local/lib/python3.12/site-packages/airflow/example_dags/example_python_decorator.py
[2025-03-17T04:07:32.734+0000] {processor.py:925} INFO - DAG(s) 'example_python_decorator' retrieved from /home/airflow/.local/lib/python3.12/site-packages/airflow/example_dags/example_python_decorator.py
[2025-03-17T04:07:32.749+0000] {logging_mixin.py:190} INFO - [2025-03-17T04:07:32.749+0000] {dag.py:3239} INFO - Sync 1 DAGs
[2025-03-17T04:07:32.757+0000] {logging_mixin.py:190} INFO - [2025-03-17T04:07:32.757+0000] {dag.py:4180} INFO - Setting next_dagrun for example_python_decorator to None, run_after=None
[2025-03-17T04:07:32.768+0000] {processor.py:208} INFO - Processing /home/airflow/.local/lib/python3.12/site-packages/airflow/example_dags/example_python_decorator.py took 0.049 seconds
[2025-03-17T05:18:09.849+0000] {processor.py:186} INFO - Started process (PID=11999) to work on /home/airflow/.local/lib/python3.12/site-packages/airflow/example_dags/example_python_decorator.py
[2025-03-17T05:18:09.849+0000] {processor.py:914} INFO - Processing file /home/airflow/.local/lib/python3.12/site-packages/airflow/example_dags/example_python_decorator.py for tasks to queue
[2025-03-17T05:18:09.850+0000] {logging_mixin.py:190} INFO - [2025-03-17T05:18:09.850+0000] {dagbag.py:588} INFO - Filling up the DagBag from /home/airflow/.local/lib/python3.12/site-packages/airflow/example_dags/example_python_decorator.py
[2025-03-17T05:18:09.857+0000] {processor.py:925} INFO - DAG(s) 'example_python_decorator' retrieved from /home/airflow/.local/lib/python3.12/site-packages/airflow/example_dags/example_python_decorator.py
[2025-03-17T05:18:09.868+0000] {logging_mixin.py:190} INFO - [2025-03-17T05:18:09.867+0000] {dag.py:3239} INFO - Sync 1 DAGs
[2025-03-17T05:18:09.874+0000] {logging_mixin.py:190} INFO - [2025-03-17T05:18:09.874+0000] {dag.py:4180} INFO - Setting next_dagrun for example_python_decorator to None, run_after=None
[2025-03-17T05:18:09.882+0000] {processor.py:208} INFO - Processing /home/airflow/.local/lib/python3.12/site-packages/airflow/example_dags/example_python_decorator.py took 0.037 seconds
[2025-03-17T05:57:32.884+0000] {processor.py:186} INFO - Started process (PID=12065) to work on /home/airflow/.local/lib/python3.12/site-packages/airflow/example_dags/example_python_decorator.py
[2025-03-17T05:57:32.887+0000] {processor.py:914} INFO - Processing file /home/airflow/.local/lib/python3.12/site-packages/airflow/example_dags/example_python_decorator.py for tasks to queue
[2025-03-17T05:57:32.889+0000] {logging_mixin.py:190} INFO - [2025-03-17T05:57:32.888+0000] {dagbag.py:588} INFO - Filling up the DagBag from /home/airflow/.local/lib/python3.12/site-packages/airflow/example_dags/example_python_decorator.py
[2025-03-17T05:57:32.896+0000] {processor.py:925} INFO - DAG(s) 'example_python_decorator' retrieved from /home/airflow/.local/lib/python3.12/site-packages/airflow/example_dags/example_python_decorator.py
[2025-03-17T05:57:32.909+0000] {logging_mixin.py:190} INFO - [2025-03-17T05:57:32.909+0000] {dag.py:3239} INFO - Sync 1 DAGs
[2025-03-17T05:57:32.918+0000] {logging_mixin.py:190} INFO - [2025-03-17T05:57:32.918+0000] {dag.py:4180} INFO - Setting next_dagrun for example_python_decorator to None, run_after=None
[2025-03-17T05:57:32.927+0000] {processor.py:208} INFO - Processing /home/airflow/.local/lib/python3.12/site-packages/airflow/example_dags/example_python_decorator.py took 0.045 seconds
[2025-03-17T05:59:15.318+0000] {processor.py:186} INFO - Started process (PID=12131) to work on /home/airflow/.local/lib/python3.12/site-packages/airflow/example_dags/example_python_decorator.py
[2025-03-17T05:59:15.319+0000] {processor.py:914} INFO - Processing file /home/airflow/.local/lib/python3.12/site-packages/airflow/example_dags/example_python_decorator.py for tasks to queue
[2025-03-17T05:59:15.320+0000] {logging_mixin.py:190} INFO - [2025-03-17T05:59:15.320+0000] {dagbag.py:588} INFO - Filling up the DagBag from /home/airflow/.local/lib/python3.12/site-packages/airflow/example_dags/example_python_decorator.py
[2025-03-17T05:59:15.327+0000] {processor.py:925} INFO - DAG(s) 'example_python_decorator' retrieved from /home/airflow/.local/lib/python3.12/site-packages/airflow/example_dags/example_python_decorator.py
[2025-03-17T05:59:15.337+0000] {logging_mixin.py:190} INFO - [2025-03-17T05:59:15.337+0000] {dag.py:3239} INFO - Sync 1 DAGs
[2025-03-17T05:59:15.343+0000] {logging_mixin.py:190} INFO - [2025-03-17T05:59:15.342+0000] {dag.py:4180} INFO - Setting next_dagrun for example_python_decorator to None, run_after=None
[2025-03-17T05:59:15.350+0000] {processor.py:208} INFO - Processing /home/airflow/.local/lib/python3.12/site-packages/airflow/example_dags/example_python_decorator.py took 0.035 seconds
[2025-03-17T06:00:03.708+0000] {processor.py:186} INFO - Started process (PID=12197) to work on /home/airflow/.local/lib/python3.12/site-packages/airflow/example_dags/example_python_decorator.py
[2025-03-17T06:00:03.711+0000] {processor.py:914} INFO - Processing file /home/airflow/.local/lib/python3.12/site-packages/airflow/example_dags/example_python_decorator.py for tasks to queue
[2025-03-17T06:00:03.712+0000] {logging_mixin.py:190} INFO - [2025-03-17T06:00:03.712+0000] {dagbag.py:588} INFO - Filling up the DagBag from /home/airflow/.local/lib/python3.12/site-packages/airflow/example_dags/example_python_decorator.py
[2025-03-17T06:00:03.719+0000] {processor.py:925} INFO - DAG(s) 'example_python_decorator' retrieved from /home/airflow/.local/lib/python3.12/site-packages/airflow/example_dags/example_python_decorator.py
[2025-03-17T06:00:03.731+0000] {logging_mixin.py:190} INFO - [2025-03-17T06:00:03.731+0000] {dag.py:3239} INFO - Sync 1 DAGs
[2025-03-17T06:00:03.737+0000] {logging_mixin.py:190} INFO - [2025-03-17T06:00:03.737+0000] {dag.py:4180} INFO - Setting next_dagrun for example_python_decorator to None, run_after=None
[2025-03-17T06:00:03.745+0000] {processor.py:208} INFO - Processing /home/airflow/.local/lib/python3.12/site-packages/airflow/example_dags/example_python_decorator.py took 0.039 seconds
[2025-03-17T06:02:14.345+0000] {processor.py:186} INFO - Started process (PID=12263) to work on /home/airflow/.local/lib/python3.12/site-packages/airflow/example_dags/example_python_decorator.py
[2025-03-17T06:02:14.345+0000] {processor.py:914} INFO - Processing file /home/airflow/.local/lib/python3.12/site-packages/airflow/example_dags/example_python_decorator.py for tasks to queue
[2025-03-17T06:02:14.347+0000] {logging_mixin.py:190} INFO - [2025-03-17T06:02:14.346+0000] {dagbag.py:588} INFO - Filling up the DagBag from /home/airflow/.local/lib/python3.12/site-packages/airflow/example_dags/example_python_decorator.py
[2025-03-17T06:02:14.353+0000] {processor.py:925} INFO - DAG(s) 'example_python_decorator' retrieved from /home/airflow/.local/lib/python3.12/site-packages/airflow/example_dags/example_python_decorator.py
[2025-03-17T06:02:14.364+0000] {logging_mixin.py:190} INFO - [2025-03-17T06:02:14.363+0000] {dag.py:3239} INFO - Sync 1 DAGs
[2025-03-17T06:02:14.369+0000] {logging_mixin.py:190} INFO - [2025-03-17T06:02:14.369+0000] {dag.py:4180} INFO - Setting next_dagrun for example_python_decorator to None, run_after=None
[2025-03-17T06:02:14.376+0000] {processor.py:208} INFO - Processing /home/airflow/.local/lib/python3.12/site-packages/airflow/example_dags/example_python_decorator.py took 0.034 seconds
[2025-03-17T06:04:01.021+0000] {processor.py:186} INFO - Started process (PID=12329) to work on /home/airflow/.local/lib/python3.12/site-packages/airflow/example_dags/example_python_decorator.py
[2025-03-17T06:04:01.021+0000] {processor.py:914} INFO - Processing file /home/airflow/.local/lib/python3.12/site-packages/airflow/example_dags/example_python_decorator.py for tasks to queue
[2025-03-17T06:04:01.022+0000] {logging_mixin.py:190} INFO - [2025-03-17T06:04:01.022+0000] {dagbag.py:588} INFO - Filling up the DagBag from /home/airflow/.local/lib/python3.12/site-packages/airflow/example_dags/example_python_decorator.py
[2025-03-17T06:04:01.030+0000] {processor.py:925} INFO - DAG(s) 'example_python_decorator' retrieved from /home/airflow/.local/lib/python3.12/site-packages/airflow/example_dags/example_python_decorator.py
[2025-03-17T06:04:01.040+0000] {logging_mixin.py:190} INFO - [2025-03-17T06:04:01.040+0000] {dag.py:3239} INFO - Sync 1 DAGs
[2025-03-17T06:04:01.046+0000] {logging_mixin.py:190} INFO - [2025-03-17T06:04:01.046+0000] {dag.py:4180} INFO - Setting next_dagrun for example_python_decorator to None, run_after=None
[2025-03-17T06:04:01.053+0000] {processor.py:208} INFO - Processing /home/airflow/.local/lib/python3.12/site-packages/airflow/example_dags/example_python_decorator.py took 0.035 seconds
[2025-03-17T06:09:17.219+0000] {processor.py:186} INFO - Started process (PID=12395) to work on /home/airflow/.local/lib/python3.12/site-packages/airflow/example_dags/example_python_decorator.py
[2025-03-17T06:09:17.220+0000] {processor.py:914} INFO - Processing file /home/airflow/.local/lib/python3.12/site-packages/airflow/example_dags/example_python_decorator.py for tasks to queue
[2025-03-17T06:09:17.221+0000] {logging_mixin.py:190} INFO - [2025-03-17T06:09:17.221+0000] {dagbag.py:588} INFO - Filling up the DagBag from /home/airflow/.local/lib/python3.12/site-packages/airflow/example_dags/example_python_decorator.py
[2025-03-17T06:09:17.228+0000] {processor.py:925} INFO - DAG(s) 'example_python_decorator' retrieved from /home/airflow/.local/lib/python3.12/site-packages/airflow/example_dags/example_python_decorator.py
[2025-03-17T06:09:17.241+0000] {logging_mixin.py:190} INFO - [2025-03-17T06:09:17.241+0000] {dag.py:3239} INFO - Sync 1 DAGs
[2025-03-17T06:09:17.247+0000] {logging_mixin.py:190} INFO - [2025-03-17T06:09:17.247+0000] {dag.py:4180} INFO - Setting next_dagrun for example_python_decorator to None, run_after=None
[2025-03-17T06:09:17.254+0000] {processor.py:208} INFO - Processing /home/airflow/.local/lib/python3.12/site-packages/airflow/example_dags/example_python_decorator.py took 0.037 seconds
[2025-03-17T06:23:37.099+0000] {processor.py:186} INFO - Started process (PID=12461) to work on /home/airflow/.local/lib/python3.12/site-packages/airflow/example_dags/example_python_decorator.py
[2025-03-17T06:23:37.100+0000] {processor.py:914} INFO - Processing file /home/airflow/.local/lib/python3.12/site-packages/airflow/example_dags/example_python_decorator.py for tasks to queue
[2025-03-17T06:23:37.101+0000] {logging_mixin.py:190} INFO - [2025-03-17T06:23:37.101+0000] {dagbag.py:588} INFO - Filling up the DagBag from /home/airflow/.local/lib/python3.12/site-packages/airflow/example_dags/example_python_decorator.py
[2025-03-17T06:23:37.107+0000] {processor.py:925} INFO - DAG(s) 'example_python_decorator' retrieved from /home/airflow/.local/lib/python3.12/site-packages/airflow/example_dags/example_python_decorator.py
[2025-03-17T06:23:37.118+0000] {logging_mixin.py:190} INFO - [2025-03-17T06:23:37.118+0000] {dag.py:3239} INFO - Sync 1 DAGs
[2025-03-17T06:23:37.124+0000] {logging_mixin.py:190} INFO - [2025-03-17T06:23:37.124+0000] {dag.py:4180} INFO - Setting next_dagrun for example_python_decorator to None, run_after=None
[2025-03-17T06:23:37.133+0000] {processor.py:208} INFO - Processing /home/airflow/.local/lib/python3.12/site-packages/airflow/example_dags/example_python_decorator.py took 0.037 seconds
[2025-03-17T06:24:07.398+0000] {processor.py:186} INFO - Started process (PID=12527) to work on /home/airflow/.local/lib/python3.12/site-packages/airflow/example_dags/example_python_decorator.py
[2025-03-17T06:24:07.399+0000] {processor.py:914} INFO - Processing file /home/airflow/.local/lib/python3.12/site-packages/airflow/example_dags/example_python_decorator.py for tasks to queue
[2025-03-17T06:24:07.400+0000] {logging_mixin.py:190} INFO - [2025-03-17T06:24:07.400+0000] {dagbag.py:588} INFO - Filling up the DagBag from /home/airflow/.local/lib/python3.12/site-packages/airflow/example_dags/example_python_decorator.py
[2025-03-17T06:24:07.407+0000] {processor.py:925} INFO - DAG(s) 'example_python_decorator' retrieved from /home/airflow/.local/lib/python3.12/site-packages/airflow/example_dags/example_python_decorator.py
[2025-03-17T06:24:07.417+0000] {logging_mixin.py:190} INFO - [2025-03-17T06:24:07.417+0000] {dag.py:3239} INFO - Sync 1 DAGs
[2025-03-17T06:24:07.422+0000] {logging_mixin.py:190} INFO - [2025-03-17T06:24:07.422+0000] {dag.py:4180} INFO - Setting next_dagrun for example_python_decorator to None, run_after=None
[2025-03-17T06:24:07.428+0000] {processor.py:208} INFO - Processing /home/airflow/.local/lib/python3.12/site-packages/airflow/example_dags/example_python_decorator.py took 0.033 seconds
[2025-03-17T06:24:38.130+0000] {processor.py:186} INFO - Started process (PID=12593) to work on /home/airflow/.local/lib/python3.12/site-packages/airflow/example_dags/example_python_decorator.py
[2025-03-17T06:24:38.131+0000] {processor.py:914} INFO - Processing file /home/airflow/.local/lib/python3.12/site-packages/airflow/example_dags/example_python_decorator.py for tasks to queue
[2025-03-17T06:24:38.132+0000] {logging_mixin.py:190} INFO - [2025-03-17T06:24:38.131+0000] {dagbag.py:588} INFO - Filling up the DagBag from /home/airflow/.local/lib/python3.12/site-packages/airflow/example_dags/example_python_decorator.py
[2025-03-17T06:24:38.138+0000] {processor.py:925} INFO - DAG(s) 'example_python_decorator' retrieved from /home/airflow/.local/lib/python3.12/site-packages/airflow/example_dags/example_python_decorator.py
[2025-03-17T06:24:38.147+0000] {logging_mixin.py:190} INFO - [2025-03-17T06:24:38.147+0000] {dag.py:3239} INFO - Sync 1 DAGs
[2025-03-17T06:24:38.152+0000] {logging_mixin.py:190} INFO - [2025-03-17T06:24:38.152+0000] {dag.py:4180} INFO - Setting next_dagrun for example_python_decorator to None, run_after=None
[2025-03-17T06:24:38.160+0000] {processor.py:208} INFO - Processing /home/airflow/.local/lib/python3.12/site-packages/airflow/example_dags/example_python_decorator.py took 0.032 seconds
[2025-03-17T06:25:08.784+0000] {processor.py:186} INFO - Started process (PID=12659) to work on /home/airflow/.local/lib/python3.12/site-packages/airflow/example_dags/example_python_decorator.py
[2025-03-17T06:25:08.784+0000] {processor.py:914} INFO - Processing file /home/airflow/.local/lib/python3.12/site-packages/airflow/example_dags/example_python_decorator.py for tasks to queue
[2025-03-17T06:25:08.785+0000] {logging_mixin.py:190} INFO - [2025-03-17T06:25:08.785+0000] {dagbag.py:588} INFO - Filling up the DagBag from /home/airflow/.local/lib/python3.12/site-packages/airflow/example_dags/example_python_decorator.py
[2025-03-17T06:25:08.792+0000] {processor.py:925} INFO - DAG(s) 'example_python_decorator' retrieved from /home/airflow/.local/lib/python3.12/site-packages/airflow/example_dags/example_python_decorator.py
[2025-03-17T06:25:08.802+0000] {logging_mixin.py:190} INFO - [2025-03-17T06:25:08.802+0000] {dag.py:3239} INFO - Sync 1 DAGs
[2025-03-17T06:25:08.807+0000] {logging_mixin.py:190} INFO - [2025-03-17T06:25:08.807+0000] {dag.py:4180} INFO - Setting next_dagrun for example_python_decorator to None, run_after=None
[2025-03-17T06:25:08.814+0000] {processor.py:208} INFO - Processing /home/airflow/.local/lib/python3.12/site-packages/airflow/example_dags/example_python_decorator.py took 0.033 seconds
[2025-03-17T06:25:39.306+0000] {processor.py:186} INFO - Started process (PID=12725) to work on /home/airflow/.local/lib/python3.12/site-packages/airflow/example_dags/example_python_decorator.py
[2025-03-17T06:25:39.308+0000] {processor.py:914} INFO - Processing file /home/airflow/.local/lib/python3.12/site-packages/airflow/example_dags/example_python_decorator.py for tasks to queue
[2025-03-17T06:25:39.309+0000] {logging_mixin.py:190} INFO - [2025-03-17T06:25:39.309+0000] {dagbag.py:588} INFO - Filling up the DagBag from /home/airflow/.local/lib/python3.12/site-packages/airflow/example_dags/example_python_decorator.py
[2025-03-17T06:25:39.315+0000] {processor.py:925} INFO - DAG(s) 'example_python_decorator' retrieved from /home/airflow/.local/lib/python3.12/site-packages/airflow/example_dags/example_python_decorator.py
[2025-03-17T06:25:39.325+0000] {logging_mixin.py:190} INFO - [2025-03-17T06:25:39.325+0000] {dag.py:3239} INFO - Sync 1 DAGs
[2025-03-17T06:25:39.330+0000] {logging_mixin.py:190} INFO - [2025-03-17T06:25:39.330+0000] {dag.py:4180} INFO - Setting next_dagrun for example_python_decorator to None, run_after=None
[2025-03-17T06:25:39.337+0000] {processor.py:208} INFO - Processing /home/airflow/.local/lib/python3.12/site-packages/airflow/example_dags/example_python_decorator.py took 0.035 seconds
[2025-03-17T06:26:09.615+0000] {processor.py:186} INFO - Started process (PID=12791) to work on /home/airflow/.local/lib/python3.12/site-packages/airflow/example_dags/example_python_decorator.py
[2025-03-17T06:26:09.616+0000] {processor.py:914} INFO - Processing file /home/airflow/.local/lib/python3.12/site-packages/airflow/example_dags/example_python_decorator.py for tasks to queue
[2025-03-17T06:26:09.617+0000] {logging_mixin.py:190} INFO - [2025-03-17T06:26:09.617+0000] {dagbag.py:588} INFO - Filling up the DagBag from /home/airflow/.local/lib/python3.12/site-packages/airflow/example_dags/example_python_decorator.py
[2025-03-17T06:26:09.623+0000] {processor.py:925} INFO - DAG(s) 'example_python_decorator' retrieved from /home/airflow/.local/lib/python3.12/site-packages/airflow/example_dags/example_python_decorator.py
[2025-03-17T06:26:09.633+0000] {logging_mixin.py:190} INFO - [2025-03-17T06:26:09.633+0000] {dag.py:3239} INFO - Sync 1 DAGs
[2025-03-17T06:26:09.639+0000] {logging_mixin.py:190} INFO - [2025-03-17T06:26:09.639+0000] {dag.py:4180} INFO - Setting next_dagrun for example_python_decorator to None, run_after=None
[2025-03-17T06:26:09.650+0000] {processor.py:208} INFO - Processing /home/airflow/.local/lib/python3.12/site-packages/airflow/example_dags/example_python_decorator.py took 0.038 seconds
[2025-03-17T06:26:40.111+0000] {processor.py:186} INFO - Started process (PID=12857) to work on /home/airflow/.local/lib/python3.12/site-packages/airflow/example_dags/example_python_decorator.py
[2025-03-17T06:26:40.112+0000] {processor.py:914} INFO - Processing file /home/airflow/.local/lib/python3.12/site-packages/airflow/example_dags/example_python_decorator.py for tasks to queue
[2025-03-17T06:26:40.113+0000] {logging_mixin.py:190} INFO - [2025-03-17T06:26:40.113+0000] {dagbag.py:588} INFO - Filling up the DagBag from /home/airflow/.local/lib/python3.12/site-packages/airflow/example_dags/example_python_decorator.py
[2025-03-17T06:26:40.119+0000] {processor.py:925} INFO - DAG(s) 'example_python_decorator' retrieved from /home/airflow/.local/lib/python3.12/site-packages/airflow/example_dags/example_python_decorator.py
[2025-03-17T06:26:40.129+0000] {logging_mixin.py:190} INFO - [2025-03-17T06:26:40.129+0000] {dag.py:3239} INFO - Sync 1 DAGs
[2025-03-17T06:26:40.134+0000] {logging_mixin.py:190} INFO - [2025-03-17T06:26:40.134+0000] {dag.py:4180} INFO - Setting next_dagrun for example_python_decorator to None, run_after=None
[2025-03-17T06:26:40.141+0000] {processor.py:208} INFO - Processing /home/airflow/.local/lib/python3.12/site-packages/airflow/example_dags/example_python_decorator.py took 0.032 seconds
[2025-03-17T06:27:10.575+0000] {processor.py:186} INFO - Started process (PID=12929) to work on /home/airflow/.local/lib/python3.12/site-packages/airflow/example_dags/example_python_decorator.py
[2025-03-17T06:27:10.575+0000] {processor.py:914} INFO - Processing file /home/airflow/.local/lib/python3.12/site-packages/airflow/example_dags/example_python_decorator.py for tasks to queue
[2025-03-17T06:27:10.578+0000] {logging_mixin.py:190} INFO - [2025-03-17T06:27:10.578+0000] {dagbag.py:588} INFO - Filling up the DagBag from /home/airflow/.local/lib/python3.12/site-packages/airflow/example_dags/example_python_decorator.py
[2025-03-17T06:27:10.585+0000] {processor.py:925} INFO - DAG(s) 'example_python_decorator' retrieved from /home/airflow/.local/lib/python3.12/site-packages/airflow/example_dags/example_python_decorator.py
[2025-03-17T06:27:10.595+0000] {logging_mixin.py:190} INFO - [2025-03-17T06:27:10.595+0000] {dag.py:3239} INFO - Sync 1 DAGs
[2025-03-17T06:27:10.601+0000] {logging_mixin.py:190} INFO - [2025-03-17T06:27:10.601+0000] {dag.py:4180} INFO - Setting next_dagrun for example_python_decorator to None, run_after=None
[2025-03-17T06:27:10.610+0000] {processor.py:208} INFO - Processing /home/airflow/.local/lib/python3.12/site-packages/airflow/example_dags/example_python_decorator.py took 0.038 seconds
[2025-03-17T06:27:41.148+0000] {processor.py:186} INFO - Started process (PID=12995) to work on /home/airflow/.local/lib/python3.12/site-packages/airflow/example_dags/example_python_decorator.py
[2025-03-17T06:27:41.150+0000] {processor.py:914} INFO - Processing file /home/airflow/.local/lib/python3.12/site-packages/airflow/example_dags/example_python_decorator.py for tasks to queue
[2025-03-17T06:27:41.152+0000] {logging_mixin.py:190} INFO - [2025-03-17T06:27:41.152+0000] {dagbag.py:588} INFO - Filling up the DagBag from /home/airflow/.local/lib/python3.12/site-packages/airflow/example_dags/example_python_decorator.py
[2025-03-17T06:27:41.158+0000] {processor.py:925} INFO - DAG(s) 'example_python_decorator' retrieved from /home/airflow/.local/lib/python3.12/site-packages/airflow/example_dags/example_python_decorator.py
[2025-03-17T06:27:41.168+0000] {logging_mixin.py:190} INFO - [2025-03-17T06:27:41.168+0000] {dag.py:3239} INFO - Sync 1 DAGs
[2025-03-17T06:27:41.173+0000] {logging_mixin.py:190} INFO - [2025-03-17T06:27:41.173+0000] {dag.py:4180} INFO - Setting next_dagrun for example_python_decorator to None, run_after=None
[2025-03-17T06:27:41.181+0000] {processor.py:208} INFO - Processing /home/airflow/.local/lib/python3.12/site-packages/airflow/example_dags/example_python_decorator.py took 0.036 seconds
[2025-03-17T06:28:11.522+0000] {processor.py:186} INFO - Started process (PID=13061) to work on /home/airflow/.local/lib/python3.12/site-packages/airflow/example_dags/example_python_decorator.py
[2025-03-17T06:28:11.524+0000] {processor.py:914} INFO - Processing file /home/airflow/.local/lib/python3.12/site-packages/airflow/example_dags/example_python_decorator.py for tasks to queue
[2025-03-17T06:28:11.526+0000] {logging_mixin.py:190} INFO - [2025-03-17T06:28:11.526+0000] {dagbag.py:588} INFO - Filling up the DagBag from /home/airflow/.local/lib/python3.12/site-packages/airflow/example_dags/example_python_decorator.py
[2025-03-17T06:28:11.533+0000] {processor.py:925} INFO - DAG(s) 'example_python_decorator' retrieved from /home/airflow/.local/lib/python3.12/site-packages/airflow/example_dags/example_python_decorator.py
[2025-03-17T06:28:11.544+0000] {logging_mixin.py:190} INFO - [2025-03-17T06:28:11.544+0000] {dag.py:3239} INFO - Sync 1 DAGs
[2025-03-17T06:28:11.550+0000] {logging_mixin.py:190} INFO - [2025-03-17T06:28:11.550+0000] {dag.py:4180} INFO - Setting next_dagrun for example_python_decorator to None, run_after=None
[2025-03-17T06:28:11.557+0000] {processor.py:208} INFO - Processing /home/airflow/.local/lib/python3.12/site-packages/airflow/example_dags/example_python_decorator.py took 0.037 seconds
