[2025-03-17T00:45:34.437+0000] {processor.py:186} INFO - Started process (PID=10094) to work on /home/airflow/.local/lib/python3.12/site-packages/airflow/example_dags/example_sla_dag.py
[2025-03-17T00:45:34.438+0000] {processor.py:914} INFO - Processing file /home/airflow/.local/lib/python3.12/site-packages/airflow/example_dags/example_sla_dag.py for tasks to queue
[2025-03-17T00:45:34.439+0000] {logging_mixin.py:190} INFO - [2025-03-17T00:45:34.439+0000] {dagbag.py:588} INFO - Filling up the DagBag from /home/airflow/.local/lib/python3.12/site-packages/airflow/example_dags/example_sla_dag.py
[2025-03-17T00:45:34.445+0000] {processor.py:925} INFO - DAG(s) 'example_sla_dag' retrieved from /home/airflow/.local/lib/python3.12/site-packages/airflow/example_dags/example_sla_dag.py
[2025-03-17T00:45:34.453+0000] {logging_mixin.py:190} INFO - [2025-03-17T00:45:34.453+0000] {dag.py:3239} INFO - Sync 1 DAGs
[2025-03-17T00:45:34.463+0000] {logging_mixin.py:190} INFO - [2025-03-17T00:45:34.463+0000] {dag.py:4180} INFO - Setting next_dagrun for example_sla_dag to 2025-03-17 00:42:00+00:00, run_after=2025-03-17 00:44:00+00:00
[2025-03-17T00:45:34.470+0000] {processor.py:208} INFO - Processing /home/airflow/.local/lib/python3.12/site-packages/airflow/example_dags/example_sla_dag.py took 0.036 seconds
[2025-03-17T02:11:10.364+0000] {processor.py:186} INFO - Started process (PID=10160) to work on /home/airflow/.local/lib/python3.12/site-packages/airflow/example_dags/example_sla_dag.py
[2025-03-17T02:11:10.364+0000] {processor.py:914} INFO - Processing file /home/airflow/.local/lib/python3.12/site-packages/airflow/example_dags/example_sla_dag.py for tasks to queue
[2025-03-17T02:11:10.365+0000] {logging_mixin.py:190} INFO - [2025-03-17T02:11:10.365+0000] {dagbag.py:588} INFO - Filling up the DagBag from /home/airflow/.local/lib/python3.12/site-packages/airflow/example_dags/example_sla_dag.py
[2025-03-17T02:11:10.371+0000] {processor.py:925} INFO - DAG(s) 'example_sla_dag' retrieved from /home/airflow/.local/lib/python3.12/site-packages/airflow/example_dags/example_sla_dag.py
[2025-03-17T02:11:10.379+0000] {logging_mixin.py:190} INFO - [2025-03-17T02:11:10.379+0000] {dag.py:3239} INFO - Sync 1 DAGs
[2025-03-17T02:11:10.389+0000] {logging_mixin.py:190} INFO - [2025-03-17T02:11:10.389+0000] {dag.py:4180} INFO - Setting next_dagrun for example_sla_dag to 2025-03-17 02:08:00+00:00, run_after=2025-03-17 02:10:00+00:00
[2025-03-17T02:11:10.397+0000] {processor.py:208} INFO - Processing /home/airflow/.local/lib/python3.12/site-packages/airflow/example_dags/example_sla_dag.py took 0.036 seconds
[2025-03-17T02:30:14.803+0000] {processor.py:186} INFO - Started process (PID=10226) to work on /home/airflow/.local/lib/python3.12/site-packages/airflow/example_dags/example_sla_dag.py
[2025-03-17T02:30:14.804+0000] {processor.py:914} INFO - Processing file /home/airflow/.local/lib/python3.12/site-packages/airflow/example_dags/example_sla_dag.py for tasks to queue
[2025-03-17T02:30:14.805+0000] {logging_mixin.py:190} INFO - [2025-03-17T02:30:14.805+0000] {dagbag.py:588} INFO - Filling up the DagBag from /home/airflow/.local/lib/python3.12/site-packages/airflow/example_dags/example_sla_dag.py
[2025-03-17T02:30:14.810+0000] {processor.py:925} INFO - DAG(s) 'example_sla_dag' retrieved from /home/airflow/.local/lib/python3.12/site-packages/airflow/example_dags/example_sla_dag.py
[2025-03-17T02:30:14.818+0000] {logging_mixin.py:190} INFO - [2025-03-17T02:30:14.818+0000] {dag.py:3239} INFO - Sync 1 DAGs
[2025-03-17T02:30:14.827+0000] {logging_mixin.py:190} INFO - [2025-03-17T02:30:14.827+0000] {dag.py:4180} INFO - Setting next_dagrun for example_sla_dag to 2025-03-17 02:28:00+00:00, run_after=2025-03-17 02:30:00+00:00
[2025-03-17T02:30:14.834+0000] {processor.py:208} INFO - Processing /home/airflow/.local/lib/python3.12/site-packages/airflow/example_dags/example_sla_dag.py took 0.034 seconds
[2025-03-17T02:30:45.359+0000] {processor.py:186} INFO - Started process (PID=10292) to work on /home/airflow/.local/lib/python3.12/site-packages/airflow/example_dags/example_sla_dag.py
[2025-03-17T02:30:45.359+0000] {processor.py:914} INFO - Processing file /home/airflow/.local/lib/python3.12/site-packages/airflow/example_dags/example_sla_dag.py for tasks to queue
[2025-03-17T02:30:45.360+0000] {logging_mixin.py:190} INFO - [2025-03-17T02:30:45.360+0000] {dagbag.py:588} INFO - Filling up the DagBag from /home/airflow/.local/lib/python3.12/site-packages/airflow/example_dags/example_sla_dag.py
[2025-03-17T02:30:45.365+0000] {processor.py:925} INFO - DAG(s) 'example_sla_dag' retrieved from /home/airflow/.local/lib/python3.12/site-packages/airflow/example_dags/example_sla_dag.py
[2025-03-17T02:30:45.378+0000] {logging_mixin.py:190} INFO - [2025-03-17T02:30:45.378+0000] {dag.py:3239} INFO - Sync 1 DAGs
[2025-03-17T02:30:45.388+0000] {logging_mixin.py:190} INFO - [2025-03-17T02:30:45.388+0000] {dag.py:4180} INFO - Setting next_dagrun for example_sla_dag to 2025-03-17 02:28:00+00:00, run_after=2025-03-17 02:30:00+00:00
[2025-03-17T02:30:45.399+0000] {processor.py:208} INFO - Processing /home/airflow/.local/lib/python3.12/site-packages/airflow/example_dags/example_sla_dag.py took 0.043 seconds
[2025-03-17T02:31:15.851+0000] {processor.py:186} INFO - Started process (PID=10358) to work on /home/airflow/.local/lib/python3.12/site-packages/airflow/example_dags/example_sla_dag.py
[2025-03-17T02:31:15.854+0000] {processor.py:914} INFO - Processing file /home/airflow/.local/lib/python3.12/site-packages/airflow/example_dags/example_sla_dag.py for tasks to queue
[2025-03-17T02:31:15.855+0000] {logging_mixin.py:190} INFO - [2025-03-17T02:31:15.855+0000] {dagbag.py:588} INFO - Filling up the DagBag from /home/airflow/.local/lib/python3.12/site-packages/airflow/example_dags/example_sla_dag.py
[2025-03-17T02:31:15.860+0000] {processor.py:925} INFO - DAG(s) 'example_sla_dag' retrieved from /home/airflow/.local/lib/python3.12/site-packages/airflow/example_dags/example_sla_dag.py
[2025-03-17T02:31:15.869+0000] {logging_mixin.py:190} INFO - [2025-03-17T02:31:15.869+0000] {dag.py:3239} INFO - Sync 1 DAGs
[2025-03-17T02:31:15.878+0000] {logging_mixin.py:190} INFO - [2025-03-17T02:31:15.878+0000] {dag.py:4180} INFO - Setting next_dagrun for example_sla_dag to 2025-03-17 02:28:00+00:00, run_after=2025-03-17 02:30:00+00:00
[2025-03-17T02:31:15.887+0000] {processor.py:208} INFO - Processing /home/airflow/.local/lib/python3.12/site-packages/airflow/example_dags/example_sla_dag.py took 0.038 seconds
[2025-03-17T02:31:46.351+0000] {processor.py:186} INFO - Started process (PID=10424) to work on /home/airflow/.local/lib/python3.12/site-packages/airflow/example_dags/example_sla_dag.py
[2025-03-17T02:31:46.351+0000] {processor.py:914} INFO - Processing file /home/airflow/.local/lib/python3.12/site-packages/airflow/example_dags/example_sla_dag.py for tasks to queue
[2025-03-17T02:31:46.352+0000] {logging_mixin.py:190} INFO - [2025-03-17T02:31:46.352+0000] {dagbag.py:588} INFO - Filling up the DagBag from /home/airflow/.local/lib/python3.12/site-packages/airflow/example_dags/example_sla_dag.py
[2025-03-17T02:31:46.357+0000] {processor.py:925} INFO - DAG(s) 'example_sla_dag' retrieved from /home/airflow/.local/lib/python3.12/site-packages/airflow/example_dags/example_sla_dag.py
[2025-03-17T02:31:46.366+0000] {logging_mixin.py:190} INFO - [2025-03-17T02:31:46.366+0000] {dag.py:3239} INFO - Sync 1 DAGs
[2025-03-17T02:31:46.378+0000] {logging_mixin.py:190} INFO - [2025-03-17T02:31:46.378+0000] {dag.py:4180} INFO - Setting next_dagrun for example_sla_dag to 2025-03-17 02:28:00+00:00, run_after=2025-03-17 02:30:00+00:00
[2025-03-17T02:31:46.385+0000] {processor.py:208} INFO - Processing /home/airflow/.local/lib/python3.12/site-packages/airflow/example_dags/example_sla_dag.py took 0.037 seconds
[2025-03-17T02:32:16.795+0000] {processor.py:186} INFO - Started process (PID=10496) to work on /home/airflow/.local/lib/python3.12/site-packages/airflow/example_dags/example_sla_dag.py
[2025-03-17T02:32:16.796+0000] {processor.py:914} INFO - Processing file /home/airflow/.local/lib/python3.12/site-packages/airflow/example_dags/example_sla_dag.py for tasks to queue
[2025-03-17T02:32:16.798+0000] {logging_mixin.py:190} INFO - [2025-03-17T02:32:16.798+0000] {dagbag.py:588} INFO - Filling up the DagBag from /home/airflow/.local/lib/python3.12/site-packages/airflow/example_dags/example_sla_dag.py
[2025-03-17T02:32:16.802+0000] {processor.py:925} INFO - DAG(s) 'example_sla_dag' retrieved from /home/airflow/.local/lib/python3.12/site-packages/airflow/example_dags/example_sla_dag.py
[2025-03-17T02:32:16.810+0000] {logging_mixin.py:190} INFO - [2025-03-17T02:32:16.810+0000] {dag.py:3239} INFO - Sync 1 DAGs
[2025-03-17T02:32:16.821+0000] {logging_mixin.py:190} INFO - [2025-03-17T02:32:16.821+0000] {dag.py:4180} INFO - Setting next_dagrun for example_sla_dag to 2025-03-17 02:30:00+00:00, run_after=2025-03-17 02:32:00+00:00
[2025-03-17T02:32:16.836+0000] {processor.py:208} INFO - Processing /home/airflow/.local/lib/python3.12/site-packages/airflow/example_dags/example_sla_dag.py took 0.043 seconds
[2025-03-17T02:32:47.180+0000] {processor.py:186} INFO - Started process (PID=10562) to work on /home/airflow/.local/lib/python3.12/site-packages/airflow/example_dags/example_sla_dag.py
[2025-03-17T02:32:47.181+0000] {processor.py:914} INFO - Processing file /home/airflow/.local/lib/python3.12/site-packages/airflow/example_dags/example_sla_dag.py for tasks to queue
[2025-03-17T02:32:47.182+0000] {logging_mixin.py:190} INFO - [2025-03-17T02:32:47.182+0000] {dagbag.py:588} INFO - Filling up the DagBag from /home/airflow/.local/lib/python3.12/site-packages/airflow/example_dags/example_sla_dag.py
[2025-03-17T02:32:47.187+0000] {processor.py:925} INFO - DAG(s) 'example_sla_dag' retrieved from /home/airflow/.local/lib/python3.12/site-packages/airflow/example_dags/example_sla_dag.py
[2025-03-17T02:32:47.196+0000] {logging_mixin.py:190} INFO - [2025-03-17T02:32:47.196+0000] {dag.py:3239} INFO - Sync 1 DAGs
[2025-03-17T02:32:47.204+0000] {logging_mixin.py:190} INFO - [2025-03-17T02:32:47.204+0000] {dag.py:4180} INFO - Setting next_dagrun for example_sla_dag to 2025-03-17 02:30:00+00:00, run_after=2025-03-17 02:32:00+00:00
[2025-03-17T02:32:47.211+0000] {processor.py:208} INFO - Processing /home/airflow/.local/lib/python3.12/site-packages/airflow/example_dags/example_sla_dag.py took 0.033 seconds
[2025-03-17T02:33:17.715+0000] {processor.py:186} INFO - Started process (PID=10628) to work on /home/airflow/.local/lib/python3.12/site-packages/airflow/example_dags/example_sla_dag.py
[2025-03-17T02:33:17.715+0000] {processor.py:914} INFO - Processing file /home/airflow/.local/lib/python3.12/site-packages/airflow/example_dags/example_sla_dag.py for tasks to queue
[2025-03-17T02:33:17.716+0000] {logging_mixin.py:190} INFO - [2025-03-17T02:33:17.716+0000] {dagbag.py:588} INFO - Filling up the DagBag from /home/airflow/.local/lib/python3.12/site-packages/airflow/example_dags/example_sla_dag.py
[2025-03-17T02:33:17.721+0000] {processor.py:925} INFO - DAG(s) 'example_sla_dag' retrieved from /home/airflow/.local/lib/python3.12/site-packages/airflow/example_dags/example_sla_dag.py
[2025-03-17T02:33:17.730+0000] {logging_mixin.py:190} INFO - [2025-03-17T02:33:17.730+0000] {dag.py:3239} INFO - Sync 1 DAGs
[2025-03-17T02:33:17.739+0000] {logging_mixin.py:190} INFO - [2025-03-17T02:33:17.739+0000] {dag.py:4180} INFO - Setting next_dagrun for example_sla_dag to 2025-03-17 02:30:00+00:00, run_after=2025-03-17 02:32:00+00:00
[2025-03-17T02:33:17.746+0000] {processor.py:208} INFO - Processing /home/airflow/.local/lib/python3.12/site-packages/airflow/example_dags/example_sla_dag.py took 0.034 seconds
[2025-03-17T02:33:48.464+0000] {processor.py:186} INFO - Started process (PID=10694) to work on /home/airflow/.local/lib/python3.12/site-packages/airflow/example_dags/example_sla_dag.py
[2025-03-17T02:33:48.465+0000] {processor.py:914} INFO - Processing file /home/airflow/.local/lib/python3.12/site-packages/airflow/example_dags/example_sla_dag.py for tasks to queue
[2025-03-17T02:33:48.466+0000] {logging_mixin.py:190} INFO - [2025-03-17T02:33:48.466+0000] {dagbag.py:588} INFO - Filling up the DagBag from /home/airflow/.local/lib/python3.12/site-packages/airflow/example_dags/example_sla_dag.py
[2025-03-17T02:33:48.472+0000] {processor.py:925} INFO - DAG(s) 'example_sla_dag' retrieved from /home/airflow/.local/lib/python3.12/site-packages/airflow/example_dags/example_sla_dag.py
[2025-03-17T02:33:48.480+0000] {logging_mixin.py:190} INFO - [2025-03-17T02:33:48.480+0000] {dag.py:3239} INFO - Sync 1 DAGs
[2025-03-17T02:33:48.490+0000] {logging_mixin.py:190} INFO - [2025-03-17T02:33:48.490+0000] {dag.py:4180} INFO - Setting next_dagrun for example_sla_dag to 2025-03-17 02:30:00+00:00, run_after=2025-03-17 02:32:00+00:00
[2025-03-17T02:33:48.499+0000] {processor.py:208} INFO - Processing /home/airflow/.local/lib/python3.12/site-packages/airflow/example_dags/example_sla_dag.py took 0.038 seconds
[2025-03-17T02:34:18.849+0000] {processor.py:186} INFO - Started process (PID=10760) to work on /home/airflow/.local/lib/python3.12/site-packages/airflow/example_dags/example_sla_dag.py
[2025-03-17T02:34:18.850+0000] {processor.py:914} INFO - Processing file /home/airflow/.local/lib/python3.12/site-packages/airflow/example_dags/example_sla_dag.py for tasks to queue
[2025-03-17T02:34:18.852+0000] {logging_mixin.py:190} INFO - [2025-03-17T02:34:18.851+0000] {dagbag.py:588} INFO - Filling up the DagBag from /home/airflow/.local/lib/python3.12/site-packages/airflow/example_dags/example_sla_dag.py
[2025-03-17T02:34:18.859+0000] {processor.py:925} INFO - DAG(s) 'example_sla_dag' retrieved from /home/airflow/.local/lib/python3.12/site-packages/airflow/example_dags/example_sla_dag.py
[2025-03-17T02:34:18.868+0000] {logging_mixin.py:190} INFO - [2025-03-17T02:34:18.868+0000] {dag.py:3239} INFO - Sync 1 DAGs
[2025-03-17T02:34:18.878+0000] {logging_mixin.py:190} INFO - [2025-03-17T02:34:18.878+0000] {dag.py:4180} INFO - Setting next_dagrun for example_sla_dag to 2025-03-17 02:32:00+00:00, run_after=2025-03-17 02:34:00+00:00
[2025-03-17T02:34:18.884+0000] {processor.py:208} INFO - Processing /home/airflow/.local/lib/python3.12/site-packages/airflow/example_dags/example_sla_dag.py took 0.037 seconds
[2025-03-17T02:34:49.230+0000] {processor.py:186} INFO - Started process (PID=10826) to work on /home/airflow/.local/lib/python3.12/site-packages/airflow/example_dags/example_sla_dag.py
[2025-03-17T02:34:49.231+0000] {processor.py:914} INFO - Processing file /home/airflow/.local/lib/python3.12/site-packages/airflow/example_dags/example_sla_dag.py for tasks to queue
[2025-03-17T02:34:49.233+0000] {logging_mixin.py:190} INFO - [2025-03-17T02:34:49.232+0000] {dagbag.py:588} INFO - Filling up the DagBag from /home/airflow/.local/lib/python3.12/site-packages/airflow/example_dags/example_sla_dag.py
[2025-03-17T02:34:49.237+0000] {processor.py:925} INFO - DAG(s) 'example_sla_dag' retrieved from /home/airflow/.local/lib/python3.12/site-packages/airflow/example_dags/example_sla_dag.py
[2025-03-17T02:34:49.249+0000] {logging_mixin.py:190} INFO - [2025-03-17T02:34:49.249+0000] {dag.py:3239} INFO - Sync 1 DAGs
[2025-03-17T02:34:49.258+0000] {logging_mixin.py:190} INFO - [2025-03-17T02:34:49.258+0000] {dag.py:4180} INFO - Setting next_dagrun for example_sla_dag to 2025-03-17 02:32:00+00:00, run_after=2025-03-17 02:34:00+00:00
[2025-03-17T02:34:49.264+0000] {processor.py:208} INFO - Processing /home/airflow/.local/lib/python3.12/site-packages/airflow/example_dags/example_sla_dag.py took 0.037 seconds
[2025-03-17T02:35:19.567+0000] {processor.py:186} INFO - Started process (PID=10892) to work on /home/airflow/.local/lib/python3.12/site-packages/airflow/example_dags/example_sla_dag.py
[2025-03-17T02:35:19.569+0000] {processor.py:914} INFO - Processing file /home/airflow/.local/lib/python3.12/site-packages/airflow/example_dags/example_sla_dag.py for tasks to queue
[2025-03-17T02:35:19.570+0000] {logging_mixin.py:190} INFO - [2025-03-17T02:35:19.570+0000] {dagbag.py:588} INFO - Filling up the DagBag from /home/airflow/.local/lib/python3.12/site-packages/airflow/example_dags/example_sla_dag.py
[2025-03-17T02:35:19.575+0000] {processor.py:925} INFO - DAG(s) 'example_sla_dag' retrieved from /home/airflow/.local/lib/python3.12/site-packages/airflow/example_dags/example_sla_dag.py
[2025-03-17T02:35:19.584+0000] {logging_mixin.py:190} INFO - [2025-03-17T02:35:19.584+0000] {dag.py:3239} INFO - Sync 1 DAGs
[2025-03-17T02:35:19.594+0000] {logging_mixin.py:190} INFO - [2025-03-17T02:35:19.594+0000] {dag.py:4180} INFO - Setting next_dagrun for example_sla_dag to 2025-03-17 02:32:00+00:00, run_after=2025-03-17 02:34:00+00:00
[2025-03-17T02:35:19.601+0000] {processor.py:208} INFO - Processing /home/airflow/.local/lib/python3.12/site-packages/airflow/example_dags/example_sla_dag.py took 0.036 seconds
[2025-03-17T02:35:49.935+0000] {processor.py:186} INFO - Started process (PID=10958) to work on /home/airflow/.local/lib/python3.12/site-packages/airflow/example_dags/example_sla_dag.py
[2025-03-17T02:35:49.938+0000] {processor.py:914} INFO - Processing file /home/airflow/.local/lib/python3.12/site-packages/airflow/example_dags/example_sla_dag.py for tasks to queue
[2025-03-17T02:35:49.939+0000] {logging_mixin.py:190} INFO - [2025-03-17T02:35:49.939+0000] {dagbag.py:588} INFO - Filling up the DagBag from /home/airflow/.local/lib/python3.12/site-packages/airflow/example_dags/example_sla_dag.py
[2025-03-17T02:35:49.945+0000] {processor.py:925} INFO - DAG(s) 'example_sla_dag' retrieved from /home/airflow/.local/lib/python3.12/site-packages/airflow/example_dags/example_sla_dag.py
[2025-03-17T02:35:49.955+0000] {logging_mixin.py:190} INFO - [2025-03-17T02:35:49.955+0000] {dag.py:3239} INFO - Sync 1 DAGs
[2025-03-17T02:35:49.964+0000] {logging_mixin.py:190} INFO - [2025-03-17T02:35:49.964+0000] {dag.py:4180} INFO - Setting next_dagrun for example_sla_dag to 2025-03-17 02:32:00+00:00, run_after=2025-03-17 02:34:00+00:00
[2025-03-17T02:35:49.970+0000] {processor.py:208} INFO - Processing /home/airflow/.local/lib/python3.12/site-packages/airflow/example_dags/example_sla_dag.py took 0.038 seconds
[2025-03-17T02:36:20.320+0000] {processor.py:186} INFO - Started process (PID=11024) to work on /home/airflow/.local/lib/python3.12/site-packages/airflow/example_dags/example_sla_dag.py
[2025-03-17T02:36:20.320+0000] {processor.py:914} INFO - Processing file /home/airflow/.local/lib/python3.12/site-packages/airflow/example_dags/example_sla_dag.py for tasks to queue
[2025-03-17T02:36:20.321+0000] {logging_mixin.py:190} INFO - [2025-03-17T02:36:20.321+0000] {dagbag.py:588} INFO - Filling up the DagBag from /home/airflow/.local/lib/python3.12/site-packages/airflow/example_dags/example_sla_dag.py
[2025-03-17T02:36:20.325+0000] {processor.py:925} INFO - DAG(s) 'example_sla_dag' retrieved from /home/airflow/.local/lib/python3.12/site-packages/airflow/example_dags/example_sla_dag.py
[2025-03-17T02:36:20.337+0000] {logging_mixin.py:190} INFO - [2025-03-17T02:36:20.336+0000] {dag.py:3239} INFO - Sync 1 DAGs
[2025-03-17T02:36:20.346+0000] {logging_mixin.py:190} INFO - [2025-03-17T02:36:20.346+0000] {dag.py:4180} INFO - Setting next_dagrun for example_sla_dag to 2025-03-17 02:34:00+00:00, run_after=2025-03-17 02:36:00+00:00
[2025-03-17T02:36:20.356+0000] {processor.py:208} INFO - Processing /home/airflow/.local/lib/python3.12/site-packages/airflow/example_dags/example_sla_dag.py took 0.039 seconds
[2025-03-17T02:36:50.670+0000] {processor.py:186} INFO - Started process (PID=11090) to work on /home/airflow/.local/lib/python3.12/site-packages/airflow/example_dags/example_sla_dag.py
[2025-03-17T02:36:50.671+0000] {processor.py:914} INFO - Processing file /home/airflow/.local/lib/python3.12/site-packages/airflow/example_dags/example_sla_dag.py for tasks to queue
[2025-03-17T02:36:50.672+0000] {logging_mixin.py:190} INFO - [2025-03-17T02:36:50.672+0000] {dagbag.py:588} INFO - Filling up the DagBag from /home/airflow/.local/lib/python3.12/site-packages/airflow/example_dags/example_sla_dag.py
[2025-03-17T02:36:50.677+0000] {processor.py:925} INFO - DAG(s) 'example_sla_dag' retrieved from /home/airflow/.local/lib/python3.12/site-packages/airflow/example_dags/example_sla_dag.py
[2025-03-17T02:36:50.685+0000] {logging_mixin.py:190} INFO - [2025-03-17T02:36:50.685+0000] {dag.py:3239} INFO - Sync 1 DAGs
[2025-03-17T02:36:50.695+0000] {logging_mixin.py:190} INFO - [2025-03-17T02:36:50.695+0000] {dag.py:4180} INFO - Setting next_dagrun for example_sla_dag to 2025-03-17 02:34:00+00:00, run_after=2025-03-17 02:36:00+00:00
[2025-03-17T02:36:50.701+0000] {processor.py:208} INFO - Processing /home/airflow/.local/lib/python3.12/site-packages/airflow/example_dags/example_sla_dag.py took 0.034 seconds
[2025-03-17T02:37:21.219+0000] {processor.py:186} INFO - Started process (PID=11156) to work on /home/airflow/.local/lib/python3.12/site-packages/airflow/example_dags/example_sla_dag.py
[2025-03-17T02:37:21.220+0000] {processor.py:914} INFO - Processing file /home/airflow/.local/lib/python3.12/site-packages/airflow/example_dags/example_sla_dag.py for tasks to queue
[2025-03-17T02:37:21.221+0000] {logging_mixin.py:190} INFO - [2025-03-17T02:37:21.221+0000] {dagbag.py:588} INFO - Filling up the DagBag from /home/airflow/.local/lib/python3.12/site-packages/airflow/example_dags/example_sla_dag.py
[2025-03-17T02:37:21.226+0000] {processor.py:925} INFO - DAG(s) 'example_sla_dag' retrieved from /home/airflow/.local/lib/python3.12/site-packages/airflow/example_dags/example_sla_dag.py
[2025-03-17T02:37:21.234+0000] {logging_mixin.py:190} INFO - [2025-03-17T02:37:21.234+0000] {dag.py:3239} INFO - Sync 1 DAGs
[2025-03-17T02:37:21.244+0000] {logging_mixin.py:190} INFO - [2025-03-17T02:37:21.244+0000] {dag.py:4180} INFO - Setting next_dagrun for example_sla_dag to 2025-03-17 02:34:00+00:00, run_after=2025-03-17 02:36:00+00:00
[2025-03-17T02:37:21.340+0000] {processor.py:208} INFO - Processing /home/airflow/.local/lib/python3.12/site-packages/airflow/example_dags/example_sla_dag.py took 0.123 seconds
[2025-03-17T02:37:52.140+0000] {processor.py:186} INFO - Started process (PID=11222) to work on /home/airflow/.local/lib/python3.12/site-packages/airflow/example_dags/example_sla_dag.py
[2025-03-17T02:37:52.141+0000] {processor.py:914} INFO - Processing file /home/airflow/.local/lib/python3.12/site-packages/airflow/example_dags/example_sla_dag.py for tasks to queue
[2025-03-17T02:37:52.142+0000] {logging_mixin.py:190} INFO - [2025-03-17T02:37:52.141+0000] {dagbag.py:588} INFO - Filling up the DagBag from /home/airflow/.local/lib/python3.12/site-packages/airflow/example_dags/example_sla_dag.py
[2025-03-17T02:37:52.147+0000] {processor.py:925} INFO - DAG(s) 'example_sla_dag' retrieved from /home/airflow/.local/lib/python3.12/site-packages/airflow/example_dags/example_sla_dag.py
[2025-03-17T02:37:52.156+0000] {logging_mixin.py:190} INFO - [2025-03-17T02:37:52.156+0000] {dag.py:3239} INFO - Sync 1 DAGs
[2025-03-17T02:37:52.254+0000] {logging_mixin.py:190} INFO - [2025-03-17T02:37:52.254+0000] {dag.py:4180} INFO - Setting next_dagrun for example_sla_dag to 2025-03-17 02:34:00+00:00, run_after=2025-03-17 02:36:00+00:00
[2025-03-17T02:37:52.260+0000] {processor.py:208} INFO - Processing /home/airflow/.local/lib/python3.12/site-packages/airflow/example_dags/example_sla_dag.py took 0.123 seconds
[2025-03-17T02:38:22.647+0000] {processor.py:186} INFO - Started process (PID=11288) to work on /home/airflow/.local/lib/python3.12/site-packages/airflow/example_dags/example_sla_dag.py
[2025-03-17T02:38:22.648+0000] {processor.py:914} INFO - Processing file /home/airflow/.local/lib/python3.12/site-packages/airflow/example_dags/example_sla_dag.py for tasks to queue
[2025-03-17T02:38:22.650+0000] {logging_mixin.py:190} INFO - [2025-03-17T02:38:22.649+0000] {dagbag.py:588} INFO - Filling up the DagBag from /home/airflow/.local/lib/python3.12/site-packages/airflow/example_dags/example_sla_dag.py
[2025-03-17T02:38:22.655+0000] {processor.py:925} INFO - DAG(s) 'example_sla_dag' retrieved from /home/airflow/.local/lib/python3.12/site-packages/airflow/example_dags/example_sla_dag.py
[2025-03-17T02:38:22.664+0000] {logging_mixin.py:190} INFO - [2025-03-17T02:38:22.663+0000] {dag.py:3239} INFO - Sync 1 DAGs
[2025-03-17T02:38:22.765+0000] {logging_mixin.py:190} INFO - [2025-03-17T02:38:22.765+0000] {dag.py:4180} INFO - Setting next_dagrun for example_sla_dag to 2025-03-17 02:36:00+00:00, run_after=2025-03-17 02:38:00+00:00
[2025-03-17T02:38:22.776+0000] {processor.py:208} INFO - Processing /home/airflow/.local/lib/python3.12/site-packages/airflow/example_dags/example_sla_dag.py took 0.132 seconds
[2025-03-17T02:38:53.210+0000] {processor.py:186} INFO - Started process (PID=11354) to work on /home/airflow/.local/lib/python3.12/site-packages/airflow/example_dags/example_sla_dag.py
[2025-03-17T02:38:53.211+0000] {processor.py:914} INFO - Processing file /home/airflow/.local/lib/python3.12/site-packages/airflow/example_dags/example_sla_dag.py for tasks to queue
[2025-03-17T02:38:53.213+0000] {logging_mixin.py:190} INFO - [2025-03-17T02:38:53.213+0000] {dagbag.py:588} INFO - Filling up the DagBag from /home/airflow/.local/lib/python3.12/site-packages/airflow/example_dags/example_sla_dag.py
[2025-03-17T02:38:53.218+0000] {processor.py:925} INFO - DAG(s) 'example_sla_dag' retrieved from /home/airflow/.local/lib/python3.12/site-packages/airflow/example_dags/example_sla_dag.py
[2025-03-17T02:38:53.229+0000] {logging_mixin.py:190} INFO - [2025-03-17T02:38:53.229+0000] {dag.py:3239} INFO - Sync 1 DAGs
[2025-03-17T02:38:53.238+0000] {logging_mixin.py:190} INFO - [2025-03-17T02:38:53.238+0000] {dag.py:4180} INFO - Setting next_dagrun for example_sla_dag to 2025-03-17 02:36:00+00:00, run_after=2025-03-17 02:38:00+00:00
[2025-03-17T02:38:53.244+0000] {processor.py:208} INFO - Processing /home/airflow/.local/lib/python3.12/site-packages/airflow/example_dags/example_sla_dag.py took 0.037 seconds
[2025-03-17T02:39:24.313+0000] {processor.py:186} INFO - Started process (PID=11420) to work on /home/airflow/.local/lib/python3.12/site-packages/airflow/example_dags/example_sla_dag.py
[2025-03-17T02:39:24.313+0000] {processor.py:914} INFO - Processing file /home/airflow/.local/lib/python3.12/site-packages/airflow/example_dags/example_sla_dag.py for tasks to queue
[2025-03-17T02:39:24.315+0000] {logging_mixin.py:190} INFO - [2025-03-17T02:39:24.314+0000] {dagbag.py:588} INFO - Filling up the DagBag from /home/airflow/.local/lib/python3.12/site-packages/airflow/example_dags/example_sla_dag.py
[2025-03-17T02:39:24.319+0000] {processor.py:925} INFO - DAG(s) 'example_sla_dag' retrieved from /home/airflow/.local/lib/python3.12/site-packages/airflow/example_dags/example_sla_dag.py
[2025-03-17T02:39:24.328+0000] {logging_mixin.py:190} INFO - [2025-03-17T02:39:24.328+0000] {dag.py:3239} INFO - Sync 1 DAGs
[2025-03-17T02:39:24.337+0000] {logging_mixin.py:190} INFO - [2025-03-17T02:39:24.337+0000] {dag.py:4180} INFO - Setting next_dagrun for example_sla_dag to 2025-03-17 02:36:00+00:00, run_after=2025-03-17 02:38:00+00:00
[2025-03-17T02:39:24.343+0000] {processor.py:208} INFO - Processing /home/airflow/.local/lib/python3.12/site-packages/airflow/example_dags/example_sla_dag.py took 0.033 seconds
[2025-03-17T02:39:54.499+0000] {processor.py:186} INFO - Started process (PID=11485) to work on /home/airflow/.local/lib/python3.12/site-packages/airflow/example_dags/example_sla_dag.py
[2025-03-17T02:39:54.500+0000] {processor.py:914} INFO - Processing file /home/airflow/.local/lib/python3.12/site-packages/airflow/example_dags/example_sla_dag.py for tasks to queue
[2025-03-17T02:39:54.501+0000] {logging_mixin.py:190} INFO - [2025-03-17T02:39:54.501+0000] {dagbag.py:588} INFO - Filling up the DagBag from /home/airflow/.local/lib/python3.12/site-packages/airflow/example_dags/example_sla_dag.py
[2025-03-17T02:39:54.506+0000] {processor.py:925} INFO - DAG(s) 'example_sla_dag' retrieved from /home/airflow/.local/lib/python3.12/site-packages/airflow/example_dags/example_sla_dag.py
[2025-03-17T02:39:54.517+0000] {logging_mixin.py:190} INFO - [2025-03-17T02:39:54.517+0000] {dag.py:3239} INFO - Sync 1 DAGs
[2025-03-17T02:39:54.527+0000] {logging_mixin.py:190} INFO - [2025-03-17T02:39:54.526+0000] {dag.py:4180} INFO - Setting next_dagrun for example_sla_dag to 2025-03-17 02:36:00+00:00, run_after=2025-03-17 02:38:00+00:00
[2025-03-17T02:39:54.533+0000] {processor.py:208} INFO - Processing /home/airflow/.local/lib/python3.12/site-packages/airflow/example_dags/example_sla_dag.py took 0.037 seconds
[2025-03-17T02:40:25.588+0000] {processor.py:186} INFO - Started process (PID=11551) to work on /home/airflow/.local/lib/python3.12/site-packages/airflow/example_dags/example_sla_dag.py
[2025-03-17T02:40:25.589+0000] {processor.py:914} INFO - Processing file /home/airflow/.local/lib/python3.12/site-packages/airflow/example_dags/example_sla_dag.py for tasks to queue
[2025-03-17T02:40:25.590+0000] {logging_mixin.py:190} INFO - [2025-03-17T02:40:25.590+0000] {dagbag.py:588} INFO - Filling up the DagBag from /home/airflow/.local/lib/python3.12/site-packages/airflow/example_dags/example_sla_dag.py
[2025-03-17T02:40:25.598+0000] {processor.py:925} INFO - DAG(s) 'example_sla_dag' retrieved from /home/airflow/.local/lib/python3.12/site-packages/airflow/example_dags/example_sla_dag.py
[2025-03-17T02:40:25.610+0000] {logging_mixin.py:190} INFO - [2025-03-17T02:40:25.610+0000] {dag.py:3239} INFO - Sync 1 DAGs
[2025-03-17T02:40:25.621+0000] {logging_mixin.py:190} INFO - [2025-03-17T02:40:25.621+0000] {dag.py:4180} INFO - Setting next_dagrun for example_sla_dag to 2025-03-17 02:38:00+00:00, run_after=2025-03-17 02:40:00+00:00
[2025-03-17T02:40:25.628+0000] {processor.py:208} INFO - Processing /home/airflow/.local/lib/python3.12/site-packages/airflow/example_dags/example_sla_dag.py took 0.042 seconds
[2025-03-17T02:40:55.931+0000] {processor.py:186} INFO - Started process (PID=11617) to work on /home/airflow/.local/lib/python3.12/site-packages/airflow/example_dags/example_sla_dag.py
[2025-03-17T02:40:55.935+0000] {processor.py:914} INFO - Processing file /home/airflow/.local/lib/python3.12/site-packages/airflow/example_dags/example_sla_dag.py for tasks to queue
[2025-03-17T02:40:55.939+0000] {logging_mixin.py:190} INFO - [2025-03-17T02:40:55.939+0000] {dagbag.py:588} INFO - Filling up the DagBag from /home/airflow/.local/lib/python3.12/site-packages/airflow/example_dags/example_sla_dag.py
[2025-03-17T02:40:55.946+0000] {processor.py:925} INFO - DAG(s) 'example_sla_dag' retrieved from /home/airflow/.local/lib/python3.12/site-packages/airflow/example_dags/example_sla_dag.py
[2025-03-17T02:40:55.956+0000] {logging_mixin.py:190} INFO - [2025-03-17T02:40:55.956+0000] {dag.py:3239} INFO - Sync 1 DAGs
[2025-03-17T02:40:55.967+0000] {logging_mixin.py:190} INFO - [2025-03-17T02:40:55.967+0000] {dag.py:4180} INFO - Setting next_dagrun for example_sla_dag to 2025-03-17 02:38:00+00:00, run_after=2025-03-17 02:40:00+00:00
[2025-03-17T02:40:55.982+0000] {processor.py:208} INFO - Processing /home/airflow/.local/lib/python3.12/site-packages/airflow/example_dags/example_sla_dag.py took 0.054 seconds
[2025-03-17T02:41:26.974+0000] {processor.py:186} INFO - Started process (PID=11683) to work on /home/airflow/.local/lib/python3.12/site-packages/airflow/example_dags/example_sla_dag.py
[2025-03-17T02:41:26.975+0000] {processor.py:914} INFO - Processing file /home/airflow/.local/lib/python3.12/site-packages/airflow/example_dags/example_sla_dag.py for tasks to queue
[2025-03-17T02:41:26.976+0000] {logging_mixin.py:190} INFO - [2025-03-17T02:41:26.976+0000] {dagbag.py:588} INFO - Filling up the DagBag from /home/airflow/.local/lib/python3.12/site-packages/airflow/example_dags/example_sla_dag.py
[2025-03-17T02:41:26.981+0000] {processor.py:925} INFO - DAG(s) 'example_sla_dag' retrieved from /home/airflow/.local/lib/python3.12/site-packages/airflow/example_dags/example_sla_dag.py
[2025-03-17T02:41:26.990+0000] {logging_mixin.py:190} INFO - [2025-03-17T02:41:26.990+0000] {dag.py:3239} INFO - Sync 1 DAGs
[2025-03-17T02:41:27.000+0000] {logging_mixin.py:190} INFO - [2025-03-17T02:41:27.000+0000] {dag.py:4180} INFO - Setting next_dagrun for example_sla_dag to 2025-03-17 02:38:00+00:00, run_after=2025-03-17 02:40:00+00:00
[2025-03-17T02:41:27.011+0000] {processor.py:208} INFO - Processing /home/airflow/.local/lib/python3.12/site-packages/airflow/example_dags/example_sla_dag.py took 0.039 seconds
[2025-03-17T02:41:57.226+0000] {processor.py:186} INFO - Started process (PID=11749) to work on /home/airflow/.local/lib/python3.12/site-packages/airflow/example_dags/example_sla_dag.py
[2025-03-17T02:41:57.226+0000] {processor.py:914} INFO - Processing file /home/airflow/.local/lib/python3.12/site-packages/airflow/example_dags/example_sla_dag.py for tasks to queue
[2025-03-17T02:41:57.227+0000] {logging_mixin.py:190} INFO - [2025-03-17T02:41:57.227+0000] {dagbag.py:588} INFO - Filling up the DagBag from /home/airflow/.local/lib/python3.12/site-packages/airflow/example_dags/example_sla_dag.py
[2025-03-17T02:41:57.232+0000] {processor.py:925} INFO - DAG(s) 'example_sla_dag' retrieved from /home/airflow/.local/lib/python3.12/site-packages/airflow/example_dags/example_sla_dag.py
[2025-03-17T02:41:57.240+0000] {logging_mixin.py:190} INFO - [2025-03-17T02:41:57.240+0000] {dag.py:3239} INFO - Sync 1 DAGs
[2025-03-17T02:41:57.249+0000] {logging_mixin.py:190} INFO - [2025-03-17T02:41:57.249+0000] {dag.py:4180} INFO - Setting next_dagrun for example_sla_dag to 2025-03-17 02:38:00+00:00, run_after=2025-03-17 02:40:00+00:00
[2025-03-17T02:41:57.261+0000] {processor.py:208} INFO - Processing /home/airflow/.local/lib/python3.12/site-packages/airflow/example_dags/example_sla_dag.py took 0.038 seconds
[2025-03-17T02:42:28.265+0000] {processor.py:186} INFO - Started process (PID=11815) to work on /home/airflow/.local/lib/python3.12/site-packages/airflow/example_dags/example_sla_dag.py
[2025-03-17T02:42:28.266+0000] {processor.py:914} INFO - Processing file /home/airflow/.local/lib/python3.12/site-packages/airflow/example_dags/example_sla_dag.py for tasks to queue
[2025-03-17T02:42:28.267+0000] {logging_mixin.py:190} INFO - [2025-03-17T02:42:28.266+0000] {dagbag.py:588} INFO - Filling up the DagBag from /home/airflow/.local/lib/python3.12/site-packages/airflow/example_dags/example_sla_dag.py
[2025-03-17T02:42:28.272+0000] {processor.py:925} INFO - DAG(s) 'example_sla_dag' retrieved from /home/airflow/.local/lib/python3.12/site-packages/airflow/example_dags/example_sla_dag.py
[2025-03-17T02:42:28.281+0000] {logging_mixin.py:190} INFO - [2025-03-17T02:42:28.281+0000] {dag.py:3239} INFO - Sync 1 DAGs
[2025-03-17T02:42:28.294+0000] {logging_mixin.py:190} INFO - [2025-03-17T02:42:28.293+0000] {dag.py:4180} INFO - Setting next_dagrun for example_sla_dag to 2025-03-17 02:40:00+00:00, run_after=2025-03-17 02:42:00+00:00
[2025-03-17T02:42:28.303+0000] {processor.py:208} INFO - Processing /home/airflow/.local/lib/python3.12/site-packages/airflow/example_dags/example_sla_dag.py took 0.041 seconds
[2025-03-17T02:58:32.134+0000] {processor.py:186} INFO - Started process (PID=11875) to work on /home/airflow/.local/lib/python3.12/site-packages/airflow/example_dags/example_sla_dag.py
[2025-03-17T02:58:32.136+0000] {processor.py:914} INFO - Processing file /home/airflow/.local/lib/python3.12/site-packages/airflow/example_dags/example_sla_dag.py for tasks to queue
[2025-03-17T02:58:32.137+0000] {logging_mixin.py:190} INFO - [2025-03-17T02:58:32.137+0000] {dagbag.py:588} INFO - Filling up the DagBag from /home/airflow/.local/lib/python3.12/site-packages/airflow/example_dags/example_sla_dag.py
[2025-03-17T02:58:32.142+0000] {processor.py:925} INFO - DAG(s) 'example_sla_dag' retrieved from /home/airflow/.local/lib/python3.12/site-packages/airflow/example_dags/example_sla_dag.py
[2025-03-17T02:58:32.151+0000] {logging_mixin.py:190} INFO - [2025-03-17T02:58:32.151+0000] {dag.py:3239} INFO - Sync 1 DAGs
[2025-03-17T02:58:32.162+0000] {logging_mixin.py:190} INFO - [2025-03-17T02:58:32.162+0000] {dag.py:4180} INFO - Setting next_dagrun for example_sla_dag to 2025-03-17 02:56:00+00:00, run_after=2025-03-17 02:58:00+00:00
[2025-03-17T02:58:32.169+0000] {processor.py:208} INFO - Processing /home/airflow/.local/lib/python3.12/site-packages/airflow/example_dags/example_sla_dag.py took 0.038 seconds
[2025-03-17T04:07:33.513+0000] {processor.py:186} INFO - Started process (PID=11941) to work on /home/airflow/.local/lib/python3.12/site-packages/airflow/example_dags/example_sla_dag.py
[2025-03-17T04:07:33.514+0000] {processor.py:914} INFO - Processing file /home/airflow/.local/lib/python3.12/site-packages/airflow/example_dags/example_sla_dag.py for tasks to queue
[2025-03-17T04:07:33.517+0000] {logging_mixin.py:190} INFO - [2025-03-17T04:07:33.516+0000] {dagbag.py:588} INFO - Filling up the DagBag from /home/airflow/.local/lib/python3.12/site-packages/airflow/example_dags/example_sla_dag.py
[2025-03-17T04:07:33.523+0000] {processor.py:925} INFO - DAG(s) 'example_sla_dag' retrieved from /home/airflow/.local/lib/python3.12/site-packages/airflow/example_dags/example_sla_dag.py
[2025-03-17T04:07:33.536+0000] {logging_mixin.py:190} INFO - [2025-03-17T04:07:33.536+0000] {dag.py:3239} INFO - Sync 1 DAGs
[2025-03-17T04:07:33.549+0000] {logging_mixin.py:190} INFO - [2025-03-17T04:07:33.549+0000] {dag.py:4180} INFO - Setting next_dagrun for example_sla_dag to 2025-03-17 04:04:00+00:00, run_after=2025-03-17 04:06:00+00:00
[2025-03-17T04:07:33.559+0000] {processor.py:208} INFO - Processing /home/airflow/.local/lib/python3.12/site-packages/airflow/example_dags/example_sla_dag.py took 0.050 seconds
[2025-03-17T05:18:10.494+0000] {processor.py:186} INFO - Started process (PID=12007) to work on /home/airflow/.local/lib/python3.12/site-packages/airflow/example_dags/example_sla_dag.py
[2025-03-17T05:18:10.496+0000] {processor.py:914} INFO - Processing file /home/airflow/.local/lib/python3.12/site-packages/airflow/example_dags/example_sla_dag.py for tasks to queue
[2025-03-17T05:18:10.497+0000] {logging_mixin.py:190} INFO - [2025-03-17T05:18:10.497+0000] {dagbag.py:588} INFO - Filling up the DagBag from /home/airflow/.local/lib/python3.12/site-packages/airflow/example_dags/example_sla_dag.py
[2025-03-17T05:18:10.504+0000] {processor.py:925} INFO - DAG(s) 'example_sla_dag' retrieved from /home/airflow/.local/lib/python3.12/site-packages/airflow/example_dags/example_sla_dag.py
[2025-03-17T05:18:10.522+0000] {logging_mixin.py:190} INFO - [2025-03-17T05:18:10.522+0000] {dag.py:3239} INFO - Sync 1 DAGs
[2025-03-17T05:18:10.534+0000] {logging_mixin.py:190} INFO - [2025-03-17T05:18:10.534+0000] {dag.py:4180} INFO - Setting next_dagrun for example_sla_dag to 2025-03-17 05:16:00+00:00, run_after=2025-03-17 05:18:00+00:00
[2025-03-17T05:18:10.545+0000] {processor.py:208} INFO - Processing /home/airflow/.local/lib/python3.12/site-packages/airflow/example_dags/example_sla_dag.py took 0.054 seconds
[2025-03-17T05:57:33.424+0000] {processor.py:186} INFO - Started process (PID=12073) to work on /home/airflow/.local/lib/python3.12/site-packages/airflow/example_dags/example_sla_dag.py
[2025-03-17T05:57:33.425+0000] {processor.py:914} INFO - Processing file /home/airflow/.local/lib/python3.12/site-packages/airflow/example_dags/example_sla_dag.py for tasks to queue
[2025-03-17T05:57:33.426+0000] {logging_mixin.py:190} INFO - [2025-03-17T05:57:33.426+0000] {dagbag.py:588} INFO - Filling up the DagBag from /home/airflow/.local/lib/python3.12/site-packages/airflow/example_dags/example_sla_dag.py
[2025-03-17T05:57:33.432+0000] {processor.py:925} INFO - DAG(s) 'example_sla_dag' retrieved from /home/airflow/.local/lib/python3.12/site-packages/airflow/example_dags/example_sla_dag.py
[2025-03-17T05:57:33.442+0000] {logging_mixin.py:190} INFO - [2025-03-17T05:57:33.442+0000] {dag.py:3239} INFO - Sync 1 DAGs
[2025-03-17T05:57:33.454+0000] {logging_mixin.py:190} INFO - [2025-03-17T05:57:33.454+0000] {dag.py:4180} INFO - Setting next_dagrun for example_sla_dag to 2025-03-17 05:54:00+00:00, run_after=2025-03-17 05:56:00+00:00
[2025-03-17T05:57:33.462+0000] {processor.py:208} INFO - Processing /home/airflow/.local/lib/python3.12/site-packages/airflow/example_dags/example_sla_dag.py took 0.041 seconds
[2025-03-17T05:59:15.779+0000] {processor.py:186} INFO - Started process (PID=12139) to work on /home/airflow/.local/lib/python3.12/site-packages/airflow/example_dags/example_sla_dag.py
[2025-03-17T05:59:15.780+0000] {processor.py:914} INFO - Processing file /home/airflow/.local/lib/python3.12/site-packages/airflow/example_dags/example_sla_dag.py for tasks to queue
[2025-03-17T05:59:15.781+0000] {logging_mixin.py:190} INFO - [2025-03-17T05:59:15.781+0000] {dagbag.py:588} INFO - Filling up the DagBag from /home/airflow/.local/lib/python3.12/site-packages/airflow/example_dags/example_sla_dag.py
[2025-03-17T05:59:15.786+0000] {processor.py:925} INFO - DAG(s) 'example_sla_dag' retrieved from /home/airflow/.local/lib/python3.12/site-packages/airflow/example_dags/example_sla_dag.py
[2025-03-17T05:59:15.796+0000] {logging_mixin.py:190} INFO - [2025-03-17T05:59:15.796+0000] {dag.py:3239} INFO - Sync 1 DAGs
[2025-03-17T05:59:15.809+0000] {logging_mixin.py:190} INFO - [2025-03-17T05:59:15.809+0000] {dag.py:4180} INFO - Setting next_dagrun for example_sla_dag to 2025-03-17 05:56:00+00:00, run_after=2025-03-17 05:58:00+00:00
[2025-03-17T05:59:15.816+0000] {processor.py:208} INFO - Processing /home/airflow/.local/lib/python3.12/site-packages/airflow/example_dags/example_sla_dag.py took 0.040 seconds
[2025-03-17T06:00:04.207+0000] {processor.py:186} INFO - Started process (PID=12205) to work on /home/airflow/.local/lib/python3.12/site-packages/airflow/example_dags/example_sla_dag.py
[2025-03-17T06:00:04.207+0000] {processor.py:914} INFO - Processing file /home/airflow/.local/lib/python3.12/site-packages/airflow/example_dags/example_sla_dag.py for tasks to queue
[2025-03-17T06:00:04.209+0000] {logging_mixin.py:190} INFO - [2025-03-17T06:00:04.208+0000] {dagbag.py:588} INFO - Filling up the DagBag from /home/airflow/.local/lib/python3.12/site-packages/airflow/example_dags/example_sla_dag.py
[2025-03-17T06:00:04.214+0000] {processor.py:925} INFO - DAG(s) 'example_sla_dag' retrieved from /home/airflow/.local/lib/python3.12/site-packages/airflow/example_dags/example_sla_dag.py
[2025-03-17T06:00:04.228+0000] {logging_mixin.py:190} INFO - [2025-03-17T06:00:04.228+0000] {dag.py:3239} INFO - Sync 1 DAGs
[2025-03-17T06:00:04.376+0000] {logging_mixin.py:190} INFO - [2025-03-17T06:00:04.376+0000] {dag.py:4180} INFO - Setting next_dagrun for example_sla_dag to 2025-03-17 05:58:00+00:00, run_after=2025-03-17 06:00:00+00:00
[2025-03-17T06:00:04.490+0000] {processor.py:208} INFO - Processing /home/airflow/.local/lib/python3.12/site-packages/airflow/example_dags/example_sla_dag.py took 0.286 seconds
[2025-03-17T06:02:14.795+0000] {processor.py:186} INFO - Started process (PID=12271) to work on /home/airflow/.local/lib/python3.12/site-packages/airflow/example_dags/example_sla_dag.py
[2025-03-17T06:02:14.795+0000] {processor.py:914} INFO - Processing file /home/airflow/.local/lib/python3.12/site-packages/airflow/example_dags/example_sla_dag.py for tasks to queue
[2025-03-17T06:02:14.797+0000] {logging_mixin.py:190} INFO - [2025-03-17T06:02:14.796+0000] {dagbag.py:588} INFO - Filling up the DagBag from /home/airflow/.local/lib/python3.12/site-packages/airflow/example_dags/example_sla_dag.py
[2025-03-17T06:02:14.801+0000] {processor.py:925} INFO - DAG(s) 'example_sla_dag' retrieved from /home/airflow/.local/lib/python3.12/site-packages/airflow/example_dags/example_sla_dag.py
[2025-03-17T06:02:14.811+0000] {logging_mixin.py:190} INFO - [2025-03-17T06:02:14.811+0000] {dag.py:3239} INFO - Sync 1 DAGs
[2025-03-17T06:02:14.822+0000] {logging_mixin.py:190} INFO - [2025-03-17T06:02:14.822+0000] {dag.py:4180} INFO - Setting next_dagrun for example_sla_dag to 2025-03-17 06:00:00+00:00, run_after=2025-03-17 06:02:00+00:00
[2025-03-17T06:02:14.832+0000] {processor.py:208} INFO - Processing /home/airflow/.local/lib/python3.12/site-packages/airflow/example_dags/example_sla_dag.py took 0.040 seconds
[2025-03-17T06:04:01.618+0000] {processor.py:186} INFO - Started process (PID=12337) to work on /home/airflow/.local/lib/python3.12/site-packages/airflow/example_dags/example_sla_dag.py
[2025-03-17T06:04:01.618+0000] {processor.py:914} INFO - Processing file /home/airflow/.local/lib/python3.12/site-packages/airflow/example_dags/example_sla_dag.py for tasks to queue
[2025-03-17T06:04:01.620+0000] {logging_mixin.py:190} INFO - [2025-03-17T06:04:01.619+0000] {dagbag.py:588} INFO - Filling up the DagBag from /home/airflow/.local/lib/python3.12/site-packages/airflow/example_dags/example_sla_dag.py
[2025-03-17T06:04:01.626+0000] {processor.py:925} INFO - DAG(s) 'example_sla_dag' retrieved from /home/airflow/.local/lib/python3.12/site-packages/airflow/example_dags/example_sla_dag.py
[2025-03-17T06:04:01.638+0000] {logging_mixin.py:190} INFO - [2025-03-17T06:04:01.638+0000] {dag.py:3239} INFO - Sync 1 DAGs
[2025-03-17T06:04:01.651+0000] {logging_mixin.py:190} INFO - [2025-03-17T06:04:01.651+0000] {dag.py:4180} INFO - Setting next_dagrun for example_sla_dag to 2025-03-17 06:02:00+00:00, run_after=2025-03-17 06:04:00+00:00
[2025-03-17T06:04:01.664+0000] {processor.py:208} INFO - Processing /home/airflow/.local/lib/python3.12/site-packages/airflow/example_dags/example_sla_dag.py took 0.049 seconds
[2025-03-17T06:09:17.584+0000] {processor.py:186} INFO - Started process (PID=12403) to work on /home/airflow/.local/lib/python3.12/site-packages/airflow/example_dags/example_sla_dag.py
[2025-03-17T06:09:17.585+0000] {processor.py:914} INFO - Processing file /home/airflow/.local/lib/python3.12/site-packages/airflow/example_dags/example_sla_dag.py for tasks to queue
[2025-03-17T06:09:17.586+0000] {logging_mixin.py:190} INFO - [2025-03-17T06:09:17.586+0000] {dagbag.py:588} INFO - Filling up the DagBag from /home/airflow/.local/lib/python3.12/site-packages/airflow/example_dags/example_sla_dag.py
[2025-03-17T06:09:17.591+0000] {processor.py:925} INFO - DAG(s) 'example_sla_dag' retrieved from /home/airflow/.local/lib/python3.12/site-packages/airflow/example_dags/example_sla_dag.py
[2025-03-17T06:09:17.599+0000] {logging_mixin.py:190} INFO - [2025-03-17T06:09:17.599+0000] {dag.py:3239} INFO - Sync 1 DAGs
[2025-03-17T06:09:17.610+0000] {logging_mixin.py:190} INFO - [2025-03-17T06:09:17.609+0000] {dag.py:4180} INFO - Setting next_dagrun for example_sla_dag to 2025-03-17 06:06:00+00:00, run_after=2025-03-17 06:08:00+00:00
[2025-03-17T06:09:17.617+0000] {processor.py:208} INFO - Processing /home/airflow/.local/lib/python3.12/site-packages/airflow/example_dags/example_sla_dag.py took 0.036 seconds
[2025-03-17T06:23:37.558+0000] {processor.py:186} INFO - Started process (PID=12469) to work on /home/airflow/.local/lib/python3.12/site-packages/airflow/example_dags/example_sla_dag.py
[2025-03-17T06:23:37.562+0000] {processor.py:914} INFO - Processing file /home/airflow/.local/lib/python3.12/site-packages/airflow/example_dags/example_sla_dag.py for tasks to queue
[2025-03-17T06:23:37.563+0000] {logging_mixin.py:190} INFO - [2025-03-17T06:23:37.563+0000] {dagbag.py:588} INFO - Filling up the DagBag from /home/airflow/.local/lib/python3.12/site-packages/airflow/example_dags/example_sla_dag.py
[2025-03-17T06:23:37.568+0000] {processor.py:925} INFO - DAG(s) 'example_sla_dag' retrieved from /home/airflow/.local/lib/python3.12/site-packages/airflow/example_dags/example_sla_dag.py
[2025-03-17T06:23:37.581+0000] {logging_mixin.py:190} INFO - [2025-03-17T06:23:37.581+0000] {dag.py:3239} INFO - Sync 1 DAGs
[2025-03-17T06:23:37.597+0000] {logging_mixin.py:190} INFO - [2025-03-17T06:23:37.597+0000] {dag.py:4180} INFO - Setting next_dagrun for example_sla_dag to 2025-03-17 06:20:00+00:00, run_after=2025-03-17 06:22:00+00:00
[2025-03-17T06:23:37.609+0000] {processor.py:208} INFO - Processing /home/airflow/.local/lib/python3.12/site-packages/airflow/example_dags/example_sla_dag.py took 0.054 seconds
[2025-03-17T06:24:08.129+0000] {processor.py:186} INFO - Started process (PID=12535) to work on /home/airflow/.local/lib/python3.12/site-packages/airflow/example_dags/example_sla_dag.py
[2025-03-17T06:24:08.130+0000] {processor.py:914} INFO - Processing file /home/airflow/.local/lib/python3.12/site-packages/airflow/example_dags/example_sla_dag.py for tasks to queue
[2025-03-17T06:24:08.132+0000] {logging_mixin.py:190} INFO - [2025-03-17T06:24:08.132+0000] {dagbag.py:588} INFO - Filling up the DagBag from /home/airflow/.local/lib/python3.12/site-packages/airflow/example_dags/example_sla_dag.py
[2025-03-17T06:24:08.137+0000] {processor.py:925} INFO - DAG(s) 'example_sla_dag' retrieved from /home/airflow/.local/lib/python3.12/site-packages/airflow/example_dags/example_sla_dag.py
[2025-03-17T06:24:08.148+0000] {logging_mixin.py:190} INFO - [2025-03-17T06:24:08.148+0000] {dag.py:3239} INFO - Sync 1 DAGs
[2025-03-17T06:24:08.160+0000] {logging_mixin.py:190} INFO - [2025-03-17T06:24:08.160+0000] {dag.py:4180} INFO - Setting next_dagrun for example_sla_dag to 2025-03-17 06:22:00+00:00, run_after=2025-03-17 06:24:00+00:00
[2025-03-17T06:24:08.168+0000] {processor.py:208} INFO - Processing /home/airflow/.local/lib/python3.12/site-packages/airflow/example_dags/example_sla_dag.py took 0.041 seconds
[2025-03-17T06:24:38.625+0000] {processor.py:186} INFO - Started process (PID=12601) to work on /home/airflow/.local/lib/python3.12/site-packages/airflow/example_dags/example_sla_dag.py
[2025-03-17T06:24:38.626+0000] {processor.py:914} INFO - Processing file /home/airflow/.local/lib/python3.12/site-packages/airflow/example_dags/example_sla_dag.py for tasks to queue
[2025-03-17T06:24:38.627+0000] {logging_mixin.py:190} INFO - [2025-03-17T06:24:38.627+0000] {dagbag.py:588} INFO - Filling up the DagBag from /home/airflow/.local/lib/python3.12/site-packages/airflow/example_dags/example_sla_dag.py
[2025-03-17T06:24:38.632+0000] {processor.py:925} INFO - DAG(s) 'example_sla_dag' retrieved from /home/airflow/.local/lib/python3.12/site-packages/airflow/example_dags/example_sla_dag.py
[2025-03-17T06:24:38.640+0000] {logging_mixin.py:190} INFO - [2025-03-17T06:24:38.640+0000] {dag.py:3239} INFO - Sync 1 DAGs
[2025-03-17T06:24:38.649+0000] {logging_mixin.py:190} INFO - [2025-03-17T06:24:38.649+0000] {dag.py:4180} INFO - Setting next_dagrun for example_sla_dag to 2025-03-17 06:22:00+00:00, run_after=2025-03-17 06:24:00+00:00
[2025-03-17T06:24:38.656+0000] {processor.py:208} INFO - Processing /home/airflow/.local/lib/python3.12/site-packages/airflow/example_dags/example_sla_dag.py took 0.033 seconds
[2025-03-17T06:25:09.307+0000] {processor.py:186} INFO - Started process (PID=12667) to work on /home/airflow/.local/lib/python3.12/site-packages/airflow/example_dags/example_sla_dag.py
[2025-03-17T06:25:09.308+0000] {processor.py:914} INFO - Processing file /home/airflow/.local/lib/python3.12/site-packages/airflow/example_dags/example_sla_dag.py for tasks to queue
[2025-03-17T06:25:09.309+0000] {logging_mixin.py:190} INFO - [2025-03-17T06:25:09.309+0000] {dagbag.py:588} INFO - Filling up the DagBag from /home/airflow/.local/lib/python3.12/site-packages/airflow/example_dags/example_sla_dag.py
[2025-03-17T06:25:09.314+0000] {processor.py:925} INFO - DAG(s) 'example_sla_dag' retrieved from /home/airflow/.local/lib/python3.12/site-packages/airflow/example_dags/example_sla_dag.py
[2025-03-17T06:25:09.327+0000] {logging_mixin.py:190} INFO - [2025-03-17T06:25:09.327+0000] {dag.py:3239} INFO - Sync 1 DAGs
[2025-03-17T06:25:09.339+0000] {logging_mixin.py:190} INFO - [2025-03-17T06:25:09.339+0000] {dag.py:4180} INFO - Setting next_dagrun for example_sla_dag to 2025-03-17 06:22:00+00:00, run_after=2025-03-17 06:24:00+00:00
[2025-03-17T06:25:09.347+0000] {processor.py:208} INFO - Processing /home/airflow/.local/lib/python3.12/site-packages/airflow/example_dags/example_sla_dag.py took 0.043 seconds
[2025-03-17T06:25:39.757+0000] {processor.py:186} INFO - Started process (PID=12733) to work on /home/airflow/.local/lib/python3.12/site-packages/airflow/example_dags/example_sla_dag.py
[2025-03-17T06:25:39.759+0000] {processor.py:914} INFO - Processing file /home/airflow/.local/lib/python3.12/site-packages/airflow/example_dags/example_sla_dag.py for tasks to queue
[2025-03-17T06:25:39.760+0000] {logging_mixin.py:190} INFO - [2025-03-17T06:25:39.760+0000] {dagbag.py:588} INFO - Filling up the DagBag from /home/airflow/.local/lib/python3.12/site-packages/airflow/example_dags/example_sla_dag.py
[2025-03-17T06:25:39.765+0000] {processor.py:925} INFO - DAG(s) 'example_sla_dag' retrieved from /home/airflow/.local/lib/python3.12/site-packages/airflow/example_dags/example_sla_dag.py
[2025-03-17T06:25:39.773+0000] {logging_mixin.py:190} INFO - [2025-03-17T06:25:39.773+0000] {dag.py:3239} INFO - Sync 1 DAGs
[2025-03-17T06:25:39.783+0000] {logging_mixin.py:190} INFO - [2025-03-17T06:25:39.783+0000] {dag.py:4180} INFO - Setting next_dagrun for example_sla_dag to 2025-03-17 06:22:00+00:00, run_after=2025-03-17 06:24:00+00:00
[2025-03-17T06:25:39.792+0000] {processor.py:208} INFO - Processing /home/airflow/.local/lib/python3.12/site-packages/airflow/example_dags/example_sla_dag.py took 0.038 seconds
[2025-03-17T06:26:10.090+0000] {processor.py:186} INFO - Started process (PID=12799) to work on /home/airflow/.local/lib/python3.12/site-packages/airflow/example_dags/example_sla_dag.py
[2025-03-17T06:26:10.090+0000] {processor.py:914} INFO - Processing file /home/airflow/.local/lib/python3.12/site-packages/airflow/example_dags/example_sla_dag.py for tasks to queue
[2025-03-17T06:26:10.092+0000] {logging_mixin.py:190} INFO - [2025-03-17T06:26:10.091+0000] {dagbag.py:588} INFO - Filling up the DagBag from /home/airflow/.local/lib/python3.12/site-packages/airflow/example_dags/example_sla_dag.py
[2025-03-17T06:26:10.096+0000] {processor.py:925} INFO - DAG(s) 'example_sla_dag' retrieved from /home/airflow/.local/lib/python3.12/site-packages/airflow/example_dags/example_sla_dag.py
[2025-03-17T06:26:10.107+0000] {logging_mixin.py:190} INFO - [2025-03-17T06:26:10.107+0000] {dag.py:3239} INFO - Sync 1 DAGs
[2025-03-17T06:26:10.116+0000] {logging_mixin.py:190} INFO - [2025-03-17T06:26:10.116+0000] {dag.py:4180} INFO - Setting next_dagrun for example_sla_dag to 2025-03-17 06:24:00+00:00, run_after=2025-03-17 06:26:00+00:00
[2025-03-17T06:26:10.126+0000] {processor.py:208} INFO - Processing /home/airflow/.local/lib/python3.12/site-packages/airflow/example_dags/example_sla_dag.py took 0.039 seconds
[2025-03-17T06:26:40.605+0000] {processor.py:186} INFO - Started process (PID=12871) to work on /home/airflow/.local/lib/python3.12/site-packages/airflow/example_dags/example_sla_dag.py
[2025-03-17T06:26:40.606+0000] {processor.py:914} INFO - Processing file /home/airflow/.local/lib/python3.12/site-packages/airflow/example_dags/example_sla_dag.py for tasks to queue
[2025-03-17T06:26:40.607+0000] {logging_mixin.py:190} INFO - [2025-03-17T06:26:40.606+0000] {dagbag.py:588} INFO - Filling up the DagBag from /home/airflow/.local/lib/python3.12/site-packages/airflow/example_dags/example_sla_dag.py
[2025-03-17T06:26:40.612+0000] {processor.py:925} INFO - DAG(s) 'example_sla_dag' retrieved from /home/airflow/.local/lib/python3.12/site-packages/airflow/example_dags/example_sla_dag.py
[2025-03-17T06:26:40.620+0000] {logging_mixin.py:190} INFO - [2025-03-17T06:26:40.620+0000] {dag.py:3239} INFO - Sync 1 DAGs
[2025-03-17T06:26:40.629+0000] {logging_mixin.py:190} INFO - [2025-03-17T06:26:40.629+0000] {dag.py:4180} INFO - Setting next_dagrun for example_sla_dag to 2025-03-17 06:24:00+00:00, run_after=2025-03-17 06:26:00+00:00
[2025-03-17T06:26:40.635+0000] {processor.py:208} INFO - Processing /home/airflow/.local/lib/python3.12/site-packages/airflow/example_dags/example_sla_dag.py took 0.033 seconds
[2025-03-17T06:27:11.023+0000] {processor.py:186} INFO - Started process (PID=12937) to work on /home/airflow/.local/lib/python3.12/site-packages/airflow/example_dags/example_sla_dag.py
[2025-03-17T06:27:11.023+0000] {processor.py:914} INFO - Processing file /home/airflow/.local/lib/python3.12/site-packages/airflow/example_dags/example_sla_dag.py for tasks to queue
[2025-03-17T06:27:11.025+0000] {logging_mixin.py:190} INFO - [2025-03-17T06:27:11.024+0000] {dagbag.py:588} INFO - Filling up the DagBag from /home/airflow/.local/lib/python3.12/site-packages/airflow/example_dags/example_sla_dag.py
[2025-03-17T06:27:11.029+0000] {processor.py:925} INFO - DAG(s) 'example_sla_dag' retrieved from /home/airflow/.local/lib/python3.12/site-packages/airflow/example_dags/example_sla_dag.py
[2025-03-17T06:27:11.039+0000] {logging_mixin.py:190} INFO - [2025-03-17T06:27:11.039+0000] {dag.py:3239} INFO - Sync 1 DAGs
[2025-03-17T06:27:11.048+0000] {logging_mixin.py:190} INFO - [2025-03-17T06:27:11.048+0000] {dag.py:4180} INFO - Setting next_dagrun for example_sla_dag to 2025-03-17 06:24:00+00:00, run_after=2025-03-17 06:26:00+00:00
[2025-03-17T06:27:11.055+0000] {processor.py:208} INFO - Processing /home/airflow/.local/lib/python3.12/site-packages/airflow/example_dags/example_sla_dag.py took 0.034 seconds
[2025-03-17T06:27:41.621+0000] {processor.py:186} INFO - Started process (PID=13003) to work on /home/airflow/.local/lib/python3.12/site-packages/airflow/example_dags/example_sla_dag.py
[2025-03-17T06:27:41.622+0000] {processor.py:914} INFO - Processing file /home/airflow/.local/lib/python3.12/site-packages/airflow/example_dags/example_sla_dag.py for tasks to queue
[2025-03-17T06:27:41.623+0000] {logging_mixin.py:190} INFO - [2025-03-17T06:27:41.623+0000] {dagbag.py:588} INFO - Filling up the DagBag from /home/airflow/.local/lib/python3.12/site-packages/airflow/example_dags/example_sla_dag.py
[2025-03-17T06:27:41.628+0000] {processor.py:925} INFO - DAG(s) 'example_sla_dag' retrieved from /home/airflow/.local/lib/python3.12/site-packages/airflow/example_dags/example_sla_dag.py
[2025-03-17T06:27:41.637+0000] {logging_mixin.py:190} INFO - [2025-03-17T06:27:41.637+0000] {dag.py:3239} INFO - Sync 1 DAGs
[2025-03-17T06:27:41.646+0000] {logging_mixin.py:190} INFO - [2025-03-17T06:27:41.646+0000] {dag.py:4180} INFO - Setting next_dagrun for example_sla_dag to 2025-03-17 06:24:00+00:00, run_after=2025-03-17 06:26:00+00:00
[2025-03-17T06:27:41.653+0000] {processor.py:208} INFO - Processing /home/airflow/.local/lib/python3.12/site-packages/airflow/example_dags/example_sla_dag.py took 0.035 seconds
[2025-03-17T06:28:11.977+0000] {processor.py:186} INFO - Started process (PID=13069) to work on /home/airflow/.local/lib/python3.12/site-packages/airflow/example_dags/example_sla_dag.py
[2025-03-17T06:28:11.979+0000] {processor.py:914} INFO - Processing file /home/airflow/.local/lib/python3.12/site-packages/airflow/example_dags/example_sla_dag.py for tasks to queue
[2025-03-17T06:28:11.980+0000] {logging_mixin.py:190} INFO - [2025-03-17T06:28:11.980+0000] {dagbag.py:588} INFO - Filling up the DagBag from /home/airflow/.local/lib/python3.12/site-packages/airflow/example_dags/example_sla_dag.py
[2025-03-17T06:28:11.985+0000] {processor.py:925} INFO - DAG(s) 'example_sla_dag' retrieved from /home/airflow/.local/lib/python3.12/site-packages/airflow/example_dags/example_sla_dag.py
[2025-03-17T06:28:11.996+0000] {logging_mixin.py:190} INFO - [2025-03-17T06:28:11.996+0000] {dag.py:3239} INFO - Sync 1 DAGs
[2025-03-17T06:28:12.007+0000] {logging_mixin.py:190} INFO - [2025-03-17T06:28:12.007+0000] {dag.py:4180} INFO - Setting next_dagrun for example_sla_dag to 2025-03-17 06:26:00+00:00, run_after=2025-03-17 06:28:00+00:00
[2025-03-17T06:28:12.014+0000] {processor.py:208} INFO - Processing /home/airflow/.local/lib/python3.12/site-packages/airflow/example_dags/example_sla_dag.py took 0.040 seconds
