[2025-03-17T00:45:33.070+0000] {processor.py:186} INFO - Started process (PID=10063) to work on /home/airflow/.local/lib/python3.12/site-packages/airflow/example_dags/example_python_operator.py
[2025-03-17T00:45:33.071+0000] {processor.py:914} INFO - Processing file /home/airflow/.local/lib/python3.12/site-packages/airflow/example_dags/example_python_operator.py for tasks to queue
[2025-03-17T00:45:33.072+0000] {logging_mixin.py:190} INFO - [2025-03-17T00:45:33.072+0000] {dagbag.py:588} INFO - Filling up the DagBag from /home/airflow/.local/lib/python3.12/site-packages/airflow/example_dags/example_python_operator.py
[2025-03-17T00:45:33.078+0000] {processor.py:925} INFO - DAG(s) 'example_python_operator' retrieved from /home/airflow/.local/lib/python3.12/site-packages/airflow/example_dags/example_python_operator.py
[2025-03-17T00:45:33.087+0000] {logging_mixin.py:190} INFO - [2025-03-17T00:45:33.087+0000] {dag.py:3239} INFO - Sync 1 DAGs
[2025-03-17T00:45:33.093+0000] {logging_mixin.py:190} INFO - [2025-03-17T00:45:33.093+0000] {dag.py:4180} INFO - Setting next_dagrun for example_python_operator to None, run_after=None
[2025-03-17T00:45:33.102+0000] {processor.py:208} INFO - Processing /home/airflow/.local/lib/python3.12/site-packages/airflow/example_dags/example_python_operator.py took 0.035 seconds
[2025-03-17T02:11:08.696+0000] {processor.py:186} INFO - Started process (PID=10129) to work on /home/airflow/.local/lib/python3.12/site-packages/airflow/example_dags/example_python_operator.py
[2025-03-17T02:11:08.698+0000] {processor.py:914} INFO - Processing file /home/airflow/.local/lib/python3.12/site-packages/airflow/example_dags/example_python_operator.py for tasks to queue
[2025-03-17T02:11:08.699+0000] {logging_mixin.py:190} INFO - [2025-03-17T02:11:08.699+0000] {dagbag.py:588} INFO - Filling up the DagBag from /home/airflow/.local/lib/python3.12/site-packages/airflow/example_dags/example_python_operator.py
[2025-03-17T02:11:08.705+0000] {processor.py:925} INFO - DAG(s) 'example_python_operator' retrieved from /home/airflow/.local/lib/python3.12/site-packages/airflow/example_dags/example_python_operator.py
[2025-03-17T02:11:08.717+0000] {logging_mixin.py:190} INFO - [2025-03-17T02:11:08.717+0000] {dag.py:3239} INFO - Sync 1 DAGs
[2025-03-17T02:11:08.728+0000] {logging_mixin.py:190} INFO - [2025-03-17T02:11:08.728+0000] {dag.py:4180} INFO - Setting next_dagrun for example_python_operator to None, run_after=None
[2025-03-17T02:11:08.736+0000] {processor.py:208} INFO - Processing /home/airflow/.local/lib/python3.12/site-packages/airflow/example_dags/example_python_operator.py took 0.043 seconds
[2025-03-17T02:30:13.476+0000] {processor.py:186} INFO - Started process (PID=10195) to work on /home/airflow/.local/lib/python3.12/site-packages/airflow/example_dags/example_python_operator.py
[2025-03-17T02:30:13.479+0000] {processor.py:914} INFO - Processing file /home/airflow/.local/lib/python3.12/site-packages/airflow/example_dags/example_python_operator.py for tasks to queue
[2025-03-17T02:30:13.481+0000] {logging_mixin.py:190} INFO - [2025-03-17T02:30:13.480+0000] {dagbag.py:588} INFO - Filling up the DagBag from /home/airflow/.local/lib/python3.12/site-packages/airflow/example_dags/example_python_operator.py
[2025-03-17T02:30:13.487+0000] {processor.py:925} INFO - DAG(s) 'example_python_operator' retrieved from /home/airflow/.local/lib/python3.12/site-packages/airflow/example_dags/example_python_operator.py
[2025-03-17T02:30:13.500+0000] {logging_mixin.py:190} INFO - [2025-03-17T02:30:13.500+0000] {dag.py:3239} INFO - Sync 1 DAGs
[2025-03-17T02:30:13.507+0000] {logging_mixin.py:190} INFO - [2025-03-17T02:30:13.507+0000] {dag.py:4180} INFO - Setting next_dagrun for example_python_operator to None, run_after=None
[2025-03-17T02:30:13.514+0000] {processor.py:208} INFO - Processing /home/airflow/.local/lib/python3.12/site-packages/airflow/example_dags/example_python_operator.py took 0.040 seconds
[2025-03-17T02:30:43.861+0000] {processor.py:186} INFO - Started process (PID=10261) to work on /home/airflow/.local/lib/python3.12/site-packages/airflow/example_dags/example_python_operator.py
[2025-03-17T02:30:43.864+0000] {processor.py:914} INFO - Processing file /home/airflow/.local/lib/python3.12/site-packages/airflow/example_dags/example_python_operator.py for tasks to queue
[2025-03-17T02:30:43.866+0000] {logging_mixin.py:190} INFO - [2025-03-17T02:30:43.866+0000] {dagbag.py:588} INFO - Filling up the DagBag from /home/airflow/.local/lib/python3.12/site-packages/airflow/example_dags/example_python_operator.py
[2025-03-17T02:30:43.872+0000] {processor.py:925} INFO - DAG(s) 'example_python_operator' retrieved from /home/airflow/.local/lib/python3.12/site-packages/airflow/example_dags/example_python_operator.py
[2025-03-17T02:30:43.883+0000] {logging_mixin.py:190} INFO - [2025-03-17T02:30:43.883+0000] {dag.py:3239} INFO - Sync 1 DAGs
[2025-03-17T02:30:43.889+0000] {logging_mixin.py:190} INFO - [2025-03-17T02:30:43.889+0000] {dag.py:4180} INFO - Setting next_dagrun for example_python_operator to None, run_after=None
[2025-03-17T02:30:43.896+0000] {processor.py:208} INFO - Processing /home/airflow/.local/lib/python3.12/site-packages/airflow/example_dags/example_python_operator.py took 0.038 seconds
[2025-03-17T02:31:14.439+0000] {processor.py:186} INFO - Started process (PID=10327) to work on /home/airflow/.local/lib/python3.12/site-packages/airflow/example_dags/example_python_operator.py
[2025-03-17T02:31:14.439+0000] {processor.py:914} INFO - Processing file /home/airflow/.local/lib/python3.12/site-packages/airflow/example_dags/example_python_operator.py for tasks to queue
[2025-03-17T02:31:14.440+0000] {logging_mixin.py:190} INFO - [2025-03-17T02:31:14.440+0000] {dagbag.py:588} INFO - Filling up the DagBag from /home/airflow/.local/lib/python3.12/site-packages/airflow/example_dags/example_python_operator.py
[2025-03-17T02:31:14.446+0000] {processor.py:925} INFO - DAG(s) 'example_python_operator' retrieved from /home/airflow/.local/lib/python3.12/site-packages/airflow/example_dags/example_python_operator.py
[2025-03-17T02:31:14.456+0000] {logging_mixin.py:190} INFO - [2025-03-17T02:31:14.456+0000] {dag.py:3239} INFO - Sync 1 DAGs
[2025-03-17T02:31:14.461+0000] {logging_mixin.py:190} INFO - [2025-03-17T02:31:14.461+0000] {dag.py:4180} INFO - Setting next_dagrun for example_python_operator to None, run_after=None
[2025-03-17T02:31:14.468+0000] {processor.py:208} INFO - Processing /home/airflow/.local/lib/python3.12/site-packages/airflow/example_dags/example_python_operator.py took 0.032 seconds
[2025-03-17T02:31:44.919+0000] {processor.py:186} INFO - Started process (PID=10393) to work on /home/airflow/.local/lib/python3.12/site-packages/airflow/example_dags/example_python_operator.py
[2025-03-17T02:31:44.920+0000] {processor.py:914} INFO - Processing file /home/airflow/.local/lib/python3.12/site-packages/airflow/example_dags/example_python_operator.py for tasks to queue
[2025-03-17T02:31:44.921+0000] {logging_mixin.py:190} INFO - [2025-03-17T02:31:44.921+0000] {dagbag.py:588} INFO - Filling up the DagBag from /home/airflow/.local/lib/python3.12/site-packages/airflow/example_dags/example_python_operator.py
[2025-03-17T02:31:44.926+0000] {processor.py:925} INFO - DAG(s) 'example_python_operator' retrieved from /home/airflow/.local/lib/python3.12/site-packages/airflow/example_dags/example_python_operator.py
[2025-03-17T02:31:44.935+0000] {logging_mixin.py:190} INFO - [2025-03-17T02:31:44.935+0000] {dag.py:3239} INFO - Sync 1 DAGs
[2025-03-17T02:31:44.940+0000] {logging_mixin.py:190} INFO - [2025-03-17T02:31:44.940+0000] {dag.py:4180} INFO - Setting next_dagrun for example_python_operator to None, run_after=None
[2025-03-17T02:31:44.952+0000] {processor.py:208} INFO - Processing /home/airflow/.local/lib/python3.12/site-packages/airflow/example_dags/example_python_operator.py took 0.036 seconds
[2025-03-17T02:32:15.455+0000] {processor.py:186} INFO - Started process (PID=10459) to work on /home/airflow/.local/lib/python3.12/site-packages/airflow/example_dags/example_python_operator.py
[2025-03-17T02:32:15.456+0000] {processor.py:914} INFO - Processing file /home/airflow/.local/lib/python3.12/site-packages/airflow/example_dags/example_python_operator.py for tasks to queue
[2025-03-17T02:32:15.457+0000] {logging_mixin.py:190} INFO - [2025-03-17T02:32:15.457+0000] {dagbag.py:588} INFO - Filling up the DagBag from /home/airflow/.local/lib/python3.12/site-packages/airflow/example_dags/example_python_operator.py
[2025-03-17T02:32:15.462+0000] {processor.py:925} INFO - DAG(s) 'example_python_operator' retrieved from /home/airflow/.local/lib/python3.12/site-packages/airflow/example_dags/example_python_operator.py
[2025-03-17T02:32:15.472+0000] {logging_mixin.py:190} INFO - [2025-03-17T02:32:15.472+0000] {dag.py:3239} INFO - Sync 1 DAGs
[2025-03-17T02:32:15.477+0000] {logging_mixin.py:190} INFO - [2025-03-17T02:32:15.477+0000] {dag.py:4180} INFO - Setting next_dagrun for example_python_operator to None, run_after=None
[2025-03-17T02:32:15.484+0000] {processor.py:208} INFO - Processing /home/airflow/.local/lib/python3.12/site-packages/airflow/example_dags/example_python_operator.py took 0.031 seconds
[2025-03-17T02:32:45.875+0000] {processor.py:186} INFO - Started process (PID=10525) to work on /home/airflow/.local/lib/python3.12/site-packages/airflow/example_dags/example_python_operator.py
[2025-03-17T02:32:45.875+0000] {processor.py:914} INFO - Processing file /home/airflow/.local/lib/python3.12/site-packages/airflow/example_dags/example_python_operator.py for tasks to queue
[2025-03-17T02:32:45.876+0000] {logging_mixin.py:190} INFO - [2025-03-17T02:32:45.876+0000] {dagbag.py:588} INFO - Filling up the DagBag from /home/airflow/.local/lib/python3.12/site-packages/airflow/example_dags/example_python_operator.py
[2025-03-17T02:32:45.881+0000] {processor.py:925} INFO - DAG(s) 'example_python_operator' retrieved from /home/airflow/.local/lib/python3.12/site-packages/airflow/example_dags/example_python_operator.py
[2025-03-17T02:32:45.894+0000] {logging_mixin.py:190} INFO - [2025-03-17T02:32:45.894+0000] {dag.py:3239} INFO - Sync 1 DAGs
[2025-03-17T02:32:45.899+0000] {logging_mixin.py:190} INFO - [2025-03-17T02:32:45.899+0000] {dag.py:4180} INFO - Setting next_dagrun for example_python_operator to None, run_after=None
[2025-03-17T02:32:45.909+0000] {processor.py:208} INFO - Processing /home/airflow/.local/lib/python3.12/site-packages/airflow/example_dags/example_python_operator.py took 0.037 seconds
[2025-03-17T02:33:16.394+0000] {processor.py:186} INFO - Started process (PID=10591) to work on /home/airflow/.local/lib/python3.12/site-packages/airflow/example_dags/example_python_operator.py
[2025-03-17T02:33:16.394+0000] {processor.py:914} INFO - Processing file /home/airflow/.local/lib/python3.12/site-packages/airflow/example_dags/example_python_operator.py for tasks to queue
[2025-03-17T02:33:16.395+0000] {logging_mixin.py:190} INFO - [2025-03-17T02:33:16.395+0000] {dagbag.py:588} INFO - Filling up the DagBag from /home/airflow/.local/lib/python3.12/site-packages/airflow/example_dags/example_python_operator.py
[2025-03-17T02:33:16.402+0000] {processor.py:925} INFO - DAG(s) 'example_python_operator' retrieved from /home/airflow/.local/lib/python3.12/site-packages/airflow/example_dags/example_python_operator.py
[2025-03-17T02:33:16.414+0000] {logging_mixin.py:190} INFO - [2025-03-17T02:33:16.414+0000] {dag.py:3239} INFO - Sync 1 DAGs
[2025-03-17T02:33:16.419+0000] {logging_mixin.py:190} INFO - [2025-03-17T02:33:16.419+0000] {dag.py:4180} INFO - Setting next_dagrun for example_python_operator to None, run_after=None
[2025-03-17T02:33:16.432+0000] {processor.py:208} INFO - Processing /home/airflow/.local/lib/python3.12/site-packages/airflow/example_dags/example_python_operator.py took 0.041 seconds
[2025-03-17T02:33:47.189+0000] {processor.py:186} INFO - Started process (PID=10663) to work on /home/airflow/.local/lib/python3.12/site-packages/airflow/example_dags/example_python_operator.py
[2025-03-17T02:33:47.190+0000] {processor.py:914} INFO - Processing file /home/airflow/.local/lib/python3.12/site-packages/airflow/example_dags/example_python_operator.py for tasks to queue
[2025-03-17T02:33:47.191+0000] {logging_mixin.py:190} INFO - [2025-03-17T02:33:47.191+0000] {dagbag.py:588} INFO - Filling up the DagBag from /home/airflow/.local/lib/python3.12/site-packages/airflow/example_dags/example_python_operator.py
[2025-03-17T02:33:47.197+0000] {processor.py:925} INFO - DAG(s) 'example_python_operator' retrieved from /home/airflow/.local/lib/python3.12/site-packages/airflow/example_dags/example_python_operator.py
[2025-03-17T02:33:47.209+0000] {logging_mixin.py:190} INFO - [2025-03-17T02:33:47.209+0000] {dag.py:3239} INFO - Sync 1 DAGs
[2025-03-17T02:33:47.215+0000] {logging_mixin.py:190} INFO - [2025-03-17T02:33:47.215+0000] {dag.py:4180} INFO - Setting next_dagrun for example_python_operator to None, run_after=None
[2025-03-17T02:33:47.226+0000] {processor.py:208} INFO - Processing /home/airflow/.local/lib/python3.12/site-packages/airflow/example_dags/example_python_operator.py took 0.039 seconds
[2025-03-17T02:34:17.501+0000] {processor.py:186} INFO - Started process (PID=10729) to work on /home/airflow/.local/lib/python3.12/site-packages/airflow/example_dags/example_python_operator.py
[2025-03-17T02:34:17.502+0000] {processor.py:914} INFO - Processing file /home/airflow/.local/lib/python3.12/site-packages/airflow/example_dags/example_python_operator.py for tasks to queue
[2025-03-17T02:34:17.503+0000] {logging_mixin.py:190} INFO - [2025-03-17T02:34:17.503+0000] {dagbag.py:588} INFO - Filling up the DagBag from /home/airflow/.local/lib/python3.12/site-packages/airflow/example_dags/example_python_operator.py
[2025-03-17T02:34:17.509+0000] {processor.py:925} INFO - DAG(s) 'example_python_operator' retrieved from /home/airflow/.local/lib/python3.12/site-packages/airflow/example_dags/example_python_operator.py
[2025-03-17T02:34:17.519+0000] {logging_mixin.py:190} INFO - [2025-03-17T02:34:17.519+0000] {dag.py:3239} INFO - Sync 1 DAGs
[2025-03-17T02:34:17.526+0000] {logging_mixin.py:190} INFO - [2025-03-17T02:34:17.526+0000] {dag.py:4180} INFO - Setting next_dagrun for example_python_operator to None, run_after=None
[2025-03-17T02:34:17.534+0000] {processor.py:208} INFO - Processing /home/airflow/.local/lib/python3.12/site-packages/airflow/example_dags/example_python_operator.py took 0.036 seconds
[2025-03-17T02:34:47.902+0000] {processor.py:186} INFO - Started process (PID=10795) to work on /home/airflow/.local/lib/python3.12/site-packages/airflow/example_dags/example_python_operator.py
[2025-03-17T02:34:47.905+0000] {processor.py:914} INFO - Processing file /home/airflow/.local/lib/python3.12/site-packages/airflow/example_dags/example_python_operator.py for tasks to queue
[2025-03-17T02:34:47.907+0000] {logging_mixin.py:190} INFO - [2025-03-17T02:34:47.907+0000] {dagbag.py:588} INFO - Filling up the DagBag from /home/airflow/.local/lib/python3.12/site-packages/airflow/example_dags/example_python_operator.py
[2025-03-17T02:34:47.913+0000] {processor.py:925} INFO - DAG(s) 'example_python_operator' retrieved from /home/airflow/.local/lib/python3.12/site-packages/airflow/example_dags/example_python_operator.py
[2025-03-17T02:34:47.924+0000] {logging_mixin.py:190} INFO - [2025-03-17T02:34:47.923+0000] {dag.py:3239} INFO - Sync 1 DAGs
[2025-03-17T02:34:47.930+0000] {logging_mixin.py:190} INFO - [2025-03-17T02:34:47.929+0000] {dag.py:4180} INFO - Setting next_dagrun for example_python_operator to None, run_after=None
[2025-03-17T02:34:47.937+0000] {processor.py:208} INFO - Processing /home/airflow/.local/lib/python3.12/site-packages/airflow/example_dags/example_python_operator.py took 0.038 seconds
[2025-03-17T02:35:18.226+0000] {processor.py:186} INFO - Started process (PID=10861) to work on /home/airflow/.local/lib/python3.12/site-packages/airflow/example_dags/example_python_operator.py
[2025-03-17T02:35:18.229+0000] {processor.py:914} INFO - Processing file /home/airflow/.local/lib/python3.12/site-packages/airflow/example_dags/example_python_operator.py for tasks to queue
[2025-03-17T02:35:18.230+0000] {logging_mixin.py:190} INFO - [2025-03-17T02:35:18.230+0000] {dagbag.py:588} INFO - Filling up the DagBag from /home/airflow/.local/lib/python3.12/site-packages/airflow/example_dags/example_python_operator.py
[2025-03-17T02:35:18.235+0000] {processor.py:925} INFO - DAG(s) 'example_python_operator' retrieved from /home/airflow/.local/lib/python3.12/site-packages/airflow/example_dags/example_python_operator.py
[2025-03-17T02:35:18.244+0000] {logging_mixin.py:190} INFO - [2025-03-17T02:35:18.244+0000] {dag.py:3239} INFO - Sync 1 DAGs
[2025-03-17T02:35:18.250+0000] {logging_mixin.py:190} INFO - [2025-03-17T02:35:18.249+0000] {dag.py:4180} INFO - Setting next_dagrun for example_python_operator to None, run_after=None
[2025-03-17T02:35:18.260+0000] {processor.py:208} INFO - Processing /home/airflow/.local/lib/python3.12/site-packages/airflow/example_dags/example_python_operator.py took 0.037 seconds
[2025-03-17T02:35:48.478+0000] {processor.py:186} INFO - Started process (PID=10926) to work on /home/airflow/.local/lib/python3.12/site-packages/airflow/example_dags/example_python_operator.py
[2025-03-17T02:35:48.479+0000] {processor.py:914} INFO - Processing file /home/airflow/.local/lib/python3.12/site-packages/airflow/example_dags/example_python_operator.py for tasks to queue
[2025-03-17T02:35:48.480+0000] {logging_mixin.py:190} INFO - [2025-03-17T02:35:48.480+0000] {dagbag.py:588} INFO - Filling up the DagBag from /home/airflow/.local/lib/python3.12/site-packages/airflow/example_dags/example_python_operator.py
[2025-03-17T02:35:48.486+0000] {processor.py:925} INFO - DAG(s) 'example_python_operator' retrieved from /home/airflow/.local/lib/python3.12/site-packages/airflow/example_dags/example_python_operator.py
[2025-03-17T02:35:48.496+0000] {logging_mixin.py:190} INFO - [2025-03-17T02:35:48.496+0000] {dag.py:3239} INFO - Sync 1 DAGs
[2025-03-17T02:35:48.502+0000] {logging_mixin.py:190} INFO - [2025-03-17T02:35:48.502+0000] {dag.py:4180} INFO - Setting next_dagrun for example_python_operator to None, run_after=None
[2025-03-17T02:35:48.513+0000] {processor.py:208} INFO - Processing /home/airflow/.local/lib/python3.12/site-packages/airflow/example_dags/example_python_operator.py took 0.038 seconds
[2025-03-17T02:36:18.939+0000] {processor.py:186} INFO - Started process (PID=10993) to work on /home/airflow/.local/lib/python3.12/site-packages/airflow/example_dags/example_python_operator.py
[2025-03-17T02:36:18.940+0000] {processor.py:914} INFO - Processing file /home/airflow/.local/lib/python3.12/site-packages/airflow/example_dags/example_python_operator.py for tasks to queue
[2025-03-17T02:36:18.942+0000] {logging_mixin.py:190} INFO - [2025-03-17T02:36:18.942+0000] {dagbag.py:588} INFO - Filling up the DagBag from /home/airflow/.local/lib/python3.12/site-packages/airflow/example_dags/example_python_operator.py
[2025-03-17T02:36:18.949+0000] {processor.py:925} INFO - DAG(s) 'example_python_operator' retrieved from /home/airflow/.local/lib/python3.12/site-packages/airflow/example_dags/example_python_operator.py
[2025-03-17T02:36:18.959+0000] {logging_mixin.py:190} INFO - [2025-03-17T02:36:18.959+0000] {dag.py:3239} INFO - Sync 1 DAGs
[2025-03-17T02:36:18.966+0000] {logging_mixin.py:190} INFO - [2025-03-17T02:36:18.966+0000] {dag.py:4180} INFO - Setting next_dagrun for example_python_operator to None, run_after=None
[2025-03-17T02:36:18.973+0000] {processor.py:208} INFO - Processing /home/airflow/.local/lib/python3.12/site-packages/airflow/example_dags/example_python_operator.py took 0.036 seconds
[2025-03-17T02:36:49.321+0000] {processor.py:186} INFO - Started process (PID=11059) to work on /home/airflow/.local/lib/python3.12/site-packages/airflow/example_dags/example_python_operator.py
[2025-03-17T02:36:49.322+0000] {processor.py:914} INFO - Processing file /home/airflow/.local/lib/python3.12/site-packages/airflow/example_dags/example_python_operator.py for tasks to queue
[2025-03-17T02:36:49.323+0000] {logging_mixin.py:190} INFO - [2025-03-17T02:36:49.323+0000] {dagbag.py:588} INFO - Filling up the DagBag from /home/airflow/.local/lib/python3.12/site-packages/airflow/example_dags/example_python_operator.py
[2025-03-17T02:36:49.329+0000] {processor.py:925} INFO - DAG(s) 'example_python_operator' retrieved from /home/airflow/.local/lib/python3.12/site-packages/airflow/example_dags/example_python_operator.py
[2025-03-17T02:36:49.338+0000] {logging_mixin.py:190} INFO - [2025-03-17T02:36:49.338+0000] {dag.py:3239} INFO - Sync 1 DAGs
[2025-03-17T02:36:49.344+0000] {logging_mixin.py:190} INFO - [2025-03-17T02:36:49.344+0000] {dag.py:4180} INFO - Setting next_dagrun for example_python_operator to None, run_after=None
[2025-03-17T02:36:49.352+0000] {processor.py:208} INFO - Processing /home/airflow/.local/lib/python3.12/site-packages/airflow/example_dags/example_python_operator.py took 0.034 seconds
[2025-03-17T02:37:19.984+0000] {processor.py:186} INFO - Started process (PID=11125) to work on /home/airflow/.local/lib/python3.12/site-packages/airflow/example_dags/example_python_operator.py
[2025-03-17T02:37:19.984+0000] {processor.py:914} INFO - Processing file /home/airflow/.local/lib/python3.12/site-packages/airflow/example_dags/example_python_operator.py for tasks to queue
[2025-03-17T02:37:19.986+0000] {logging_mixin.py:190} INFO - [2025-03-17T02:37:19.985+0000] {dagbag.py:588} INFO - Filling up the DagBag from /home/airflow/.local/lib/python3.12/site-packages/airflow/example_dags/example_python_operator.py
[2025-03-17T02:37:19.991+0000] {processor.py:925} INFO - DAG(s) 'example_python_operator' retrieved from /home/airflow/.local/lib/python3.12/site-packages/airflow/example_dags/example_python_operator.py
[2025-03-17T02:37:20.002+0000] {logging_mixin.py:190} INFO - [2025-03-17T02:37:20.001+0000] {dag.py:3239} INFO - Sync 1 DAGs
[2025-03-17T02:37:20.007+0000] {logging_mixin.py:190} INFO - [2025-03-17T02:37:20.007+0000] {dag.py:4180} INFO - Setting next_dagrun for example_python_operator to None, run_after=None
[2025-03-17T02:37:20.016+0000] {processor.py:208} INFO - Processing /home/airflow/.local/lib/python3.12/site-packages/airflow/example_dags/example_python_operator.py took 0.036 seconds
[2025-03-17T02:37:50.421+0000] {processor.py:186} INFO - Started process (PID=11191) to work on /home/airflow/.local/lib/python3.12/site-packages/airflow/example_dags/example_python_operator.py
[2025-03-17T02:37:50.422+0000] {processor.py:914} INFO - Processing file /home/airflow/.local/lib/python3.12/site-packages/airflow/example_dags/example_python_operator.py for tasks to queue
[2025-03-17T02:37:50.424+0000] {logging_mixin.py:190} INFO - [2025-03-17T02:37:50.424+0000] {dagbag.py:588} INFO - Filling up the DagBag from /home/airflow/.local/lib/python3.12/site-packages/airflow/example_dags/example_python_operator.py
[2025-03-17T02:37:50.430+0000] {processor.py:925} INFO - DAG(s) 'example_python_operator' retrieved from /home/airflow/.local/lib/python3.12/site-packages/airflow/example_dags/example_python_operator.py
[2025-03-17T02:37:50.440+0000] {logging_mixin.py:190} INFO - [2025-03-17T02:37:50.440+0000] {dag.py:3239} INFO - Sync 1 DAGs
[2025-03-17T02:37:50.447+0000] {logging_mixin.py:190} INFO - [2025-03-17T02:37:50.447+0000] {dag.py:4180} INFO - Setting next_dagrun for example_python_operator to None, run_after=None
[2025-03-17T02:37:50.459+0000] {processor.py:208} INFO - Processing /home/airflow/.local/lib/python3.12/site-packages/airflow/example_dags/example_python_operator.py took 0.040 seconds
[2025-03-17T02:38:20.670+0000] {processor.py:186} INFO - Started process (PID=11257) to work on /home/airflow/.local/lib/python3.12/site-packages/airflow/example_dags/example_python_operator.py
[2025-03-17T02:38:20.671+0000] {processor.py:914} INFO - Processing file /home/airflow/.local/lib/python3.12/site-packages/airflow/example_dags/example_python_operator.py for tasks to queue
[2025-03-17T02:38:20.671+0000] {logging_mixin.py:190} INFO - [2025-03-17T02:38:20.671+0000] {dagbag.py:588} INFO - Filling up the DagBag from /home/airflow/.local/lib/python3.12/site-packages/airflow/example_dags/example_python_operator.py
[2025-03-17T02:38:20.677+0000] {processor.py:925} INFO - DAG(s) 'example_python_operator' retrieved from /home/airflow/.local/lib/python3.12/site-packages/airflow/example_dags/example_python_operator.py
[2025-03-17T02:38:20.686+0000] {logging_mixin.py:190} INFO - [2025-03-17T02:38:20.686+0000] {dag.py:3239} INFO - Sync 1 DAGs
[2025-03-17T02:38:20.692+0000] {logging_mixin.py:190} INFO - [2025-03-17T02:38:20.691+0000] {dag.py:4180} INFO - Setting next_dagrun for example_python_operator to None, run_after=None
[2025-03-17T02:38:20.698+0000] {processor.py:208} INFO - Processing /home/airflow/.local/lib/python3.12/site-packages/airflow/example_dags/example_python_operator.py took 0.031 seconds
[2025-03-17T02:38:50.998+0000] {processor.py:186} INFO - Started process (PID=11323) to work on /home/airflow/.local/lib/python3.12/site-packages/airflow/example_dags/example_python_operator.py
[2025-03-17T02:38:50.999+0000] {processor.py:914} INFO - Processing file /home/airflow/.local/lib/python3.12/site-packages/airflow/example_dags/example_python_operator.py for tasks to queue
[2025-03-17T02:38:51.000+0000] {logging_mixin.py:190} INFO - [2025-03-17T02:38:51.000+0000] {dagbag.py:588} INFO - Filling up the DagBag from /home/airflow/.local/lib/python3.12/site-packages/airflow/example_dags/example_python_operator.py
[2025-03-17T02:38:51.006+0000] {processor.py:925} INFO - DAG(s) 'example_python_operator' retrieved from /home/airflow/.local/lib/python3.12/site-packages/airflow/example_dags/example_python_operator.py
[2025-03-17T02:38:51.016+0000] {logging_mixin.py:190} INFO - [2025-03-17T02:38:51.016+0000] {dag.py:3239} INFO - Sync 1 DAGs
[2025-03-17T02:38:51.021+0000] {logging_mixin.py:190} INFO - [2025-03-17T02:38:51.021+0000] {dag.py:4180} INFO - Setting next_dagrun for example_python_operator to None, run_after=None
[2025-03-17T02:38:51.028+0000] {processor.py:208} INFO - Processing /home/airflow/.local/lib/python3.12/site-packages/airflow/example_dags/example_python_operator.py took 0.033 seconds
[2025-03-17T02:39:21.636+0000] {processor.py:186} INFO - Started process (PID=11388) to work on /home/airflow/.local/lib/python3.12/site-packages/airflow/example_dags/example_python_operator.py
[2025-03-17T02:39:21.637+0000] {processor.py:914} INFO - Processing file /home/airflow/.local/lib/python3.12/site-packages/airflow/example_dags/example_python_operator.py for tasks to queue
[2025-03-17T02:39:21.640+0000] {logging_mixin.py:190} INFO - [2025-03-17T02:39:21.639+0000] {dagbag.py:588} INFO - Filling up the DagBag from /home/airflow/.local/lib/python3.12/site-packages/airflow/example_dags/example_python_operator.py
[2025-03-17T02:39:21.646+0000] {processor.py:925} INFO - DAG(s) 'example_python_operator' retrieved from /home/airflow/.local/lib/python3.12/site-packages/airflow/example_dags/example_python_operator.py
[2025-03-17T02:39:21.658+0000] {logging_mixin.py:190} INFO - [2025-03-17T02:39:21.658+0000] {dag.py:3239} INFO - Sync 1 DAGs
[2025-03-17T02:39:21.755+0000] {logging_mixin.py:190} INFO - [2025-03-17T02:39:21.755+0000] {dag.py:4180} INFO - Setting next_dagrun for example_python_operator to None, run_after=None
[2025-03-17T02:39:21.765+0000] {processor.py:208} INFO - Processing /home/airflow/.local/lib/python3.12/site-packages/airflow/example_dags/example_python_operator.py took 0.132 seconds
[2025-03-17T02:39:52.362+0000] {processor.py:186} INFO - Started process (PID=11454) to work on /home/airflow/.local/lib/python3.12/site-packages/airflow/example_dags/example_python_operator.py
[2025-03-17T02:39:52.363+0000] {processor.py:914} INFO - Processing file /home/airflow/.local/lib/python3.12/site-packages/airflow/example_dags/example_python_operator.py for tasks to queue
[2025-03-17T02:39:52.364+0000] {logging_mixin.py:190} INFO - [2025-03-17T02:39:52.363+0000] {dagbag.py:588} INFO - Filling up the DagBag from /home/airflow/.local/lib/python3.12/site-packages/airflow/example_dags/example_python_operator.py
[2025-03-17T02:39:52.369+0000] {processor.py:925} INFO - DAG(s) 'example_python_operator' retrieved from /home/airflow/.local/lib/python3.12/site-packages/airflow/example_dags/example_python_operator.py
[2025-03-17T02:39:52.380+0000] {logging_mixin.py:190} INFO - [2025-03-17T02:39:52.380+0000] {dag.py:3239} INFO - Sync 1 DAGs
[2025-03-17T02:39:52.386+0000] {logging_mixin.py:190} INFO - [2025-03-17T02:39:52.386+0000] {dag.py:4180} INFO - Setting next_dagrun for example_python_operator to None, run_after=None
[2025-03-17T02:39:52.393+0000] {processor.py:208} INFO - Processing /home/airflow/.local/lib/python3.12/site-packages/airflow/example_dags/example_python_operator.py took 0.034 seconds
[2025-03-17T02:40:22.478+0000] {processor.py:186} INFO - Started process (PID=11520) to work on /home/airflow/.local/lib/python3.12/site-packages/airflow/example_dags/example_python_operator.py
[2025-03-17T02:40:22.479+0000] {processor.py:914} INFO - Processing file /home/airflow/.local/lib/python3.12/site-packages/airflow/example_dags/example_python_operator.py for tasks to queue
[2025-03-17T02:40:22.480+0000] {logging_mixin.py:190} INFO - [2025-03-17T02:40:22.480+0000] {dagbag.py:588} INFO - Filling up the DagBag from /home/airflow/.local/lib/python3.12/site-packages/airflow/example_dags/example_python_operator.py
[2025-03-17T02:40:22.486+0000] {processor.py:925} INFO - DAG(s) 'example_python_operator' retrieved from /home/airflow/.local/lib/python3.12/site-packages/airflow/example_dags/example_python_operator.py
[2025-03-17T02:40:22.495+0000] {logging_mixin.py:190} INFO - [2025-03-17T02:40:22.495+0000] {dag.py:3239} INFO - Sync 1 DAGs
[2025-03-17T02:40:22.500+0000] {logging_mixin.py:190} INFO - [2025-03-17T02:40:22.500+0000] {dag.py:4180} INFO - Setting next_dagrun for example_python_operator to None, run_after=None
[2025-03-17T02:40:22.507+0000] {processor.py:208} INFO - Processing /home/airflow/.local/lib/python3.12/site-packages/airflow/example_dags/example_python_operator.py took 0.031 seconds
[2025-03-17T02:40:52.725+0000] {processor.py:186} INFO - Started process (PID=11586) to work on /home/airflow/.local/lib/python3.12/site-packages/airflow/example_dags/example_python_operator.py
[2025-03-17T02:40:52.726+0000] {processor.py:914} INFO - Processing file /home/airflow/.local/lib/python3.12/site-packages/airflow/example_dags/example_python_operator.py for tasks to queue
[2025-03-17T02:40:52.728+0000] {logging_mixin.py:190} INFO - [2025-03-17T02:40:52.727+0000] {dagbag.py:588} INFO - Filling up the DagBag from /home/airflow/.local/lib/python3.12/site-packages/airflow/example_dags/example_python_operator.py
[2025-03-17T02:40:52.733+0000] {processor.py:925} INFO - DAG(s) 'example_python_operator' retrieved from /home/airflow/.local/lib/python3.12/site-packages/airflow/example_dags/example_python_operator.py
[2025-03-17T02:40:52.745+0000] {logging_mixin.py:190} INFO - [2025-03-17T02:40:52.744+0000] {dag.py:3239} INFO - Sync 1 DAGs
[2025-03-17T02:40:52.751+0000] {logging_mixin.py:190} INFO - [2025-03-17T02:40:52.751+0000] {dag.py:4180} INFO - Setting next_dagrun for example_python_operator to None, run_after=None
[2025-03-17T02:40:52.762+0000] {processor.py:208} INFO - Processing /home/airflow/.local/lib/python3.12/site-packages/airflow/example_dags/example_python_operator.py took 0.040 seconds
[2025-03-17T02:41:22.805+0000] {processor.py:186} INFO - Started process (PID=11652) to work on /home/airflow/.local/lib/python3.12/site-packages/airflow/example_dags/example_python_operator.py
[2025-03-17T02:41:22.805+0000] {processor.py:914} INFO - Processing file /home/airflow/.local/lib/python3.12/site-packages/airflow/example_dags/example_python_operator.py for tasks to queue
[2025-03-17T02:41:22.807+0000] {logging_mixin.py:190} INFO - [2025-03-17T02:41:22.807+0000] {dagbag.py:588} INFO - Filling up the DagBag from /home/airflow/.local/lib/python3.12/site-packages/airflow/example_dags/example_python_operator.py
[2025-03-17T02:41:22.813+0000] {processor.py:925} INFO - DAG(s) 'example_python_operator' retrieved from /home/airflow/.local/lib/python3.12/site-packages/airflow/example_dags/example_python_operator.py
[2025-03-17T02:41:22.824+0000] {logging_mixin.py:190} INFO - [2025-03-17T02:41:22.824+0000] {dag.py:3239} INFO - Sync 1 DAGs
[2025-03-17T02:41:22.830+0000] {logging_mixin.py:190} INFO - [2025-03-17T02:41:22.830+0000] {dag.py:4180} INFO - Setting next_dagrun for example_python_operator to None, run_after=None
[2025-03-17T02:41:22.843+0000] {processor.py:208} INFO - Processing /home/airflow/.local/lib/python3.12/site-packages/airflow/example_dags/example_python_operator.py took 0.041 seconds
[2025-03-17T02:41:53.032+0000] {processor.py:186} INFO - Started process (PID=11718) to work on /home/airflow/.local/lib/python3.12/site-packages/airflow/example_dags/example_python_operator.py
[2025-03-17T02:41:53.033+0000] {processor.py:914} INFO - Processing file /home/airflow/.local/lib/python3.12/site-packages/airflow/example_dags/example_python_operator.py for tasks to queue
[2025-03-17T02:41:53.034+0000] {logging_mixin.py:190} INFO - [2025-03-17T02:41:53.034+0000] {dagbag.py:588} INFO - Filling up the DagBag from /home/airflow/.local/lib/python3.12/site-packages/airflow/example_dags/example_python_operator.py
[2025-03-17T02:41:53.041+0000] {processor.py:925} INFO - DAG(s) 'example_python_operator' retrieved from /home/airflow/.local/lib/python3.12/site-packages/airflow/example_dags/example_python_operator.py
[2025-03-17T02:41:53.052+0000] {logging_mixin.py:190} INFO - [2025-03-17T02:41:53.052+0000] {dag.py:3239} INFO - Sync 1 DAGs
[2025-03-17T02:41:53.058+0000] {logging_mixin.py:190} INFO - [2025-03-17T02:41:53.058+0000] {dag.py:4180} INFO - Setting next_dagrun for example_python_operator to None, run_after=None
[2025-03-17T02:41:53.072+0000] {processor.py:208} INFO - Processing /home/airflow/.local/lib/python3.12/site-packages/airflow/example_dags/example_python_operator.py took 0.042 seconds
[2025-03-17T02:42:23.178+0000] {processor.py:186} INFO - Started process (PID=11784) to work on /home/airflow/.local/lib/python3.12/site-packages/airflow/example_dags/example_python_operator.py
[2025-03-17T02:42:23.181+0000] {processor.py:914} INFO - Processing file /home/airflow/.local/lib/python3.12/site-packages/airflow/example_dags/example_python_operator.py for tasks to queue
[2025-03-17T02:42:23.182+0000] {logging_mixin.py:190} INFO - [2025-03-17T02:42:23.182+0000] {dagbag.py:588} INFO - Filling up the DagBag from /home/airflow/.local/lib/python3.12/site-packages/airflow/example_dags/example_python_operator.py
[2025-03-17T02:42:23.187+0000] {processor.py:925} INFO - DAG(s) 'example_python_operator' retrieved from /home/airflow/.local/lib/python3.12/site-packages/airflow/example_dags/example_python_operator.py
[2025-03-17T02:42:23.197+0000] {logging_mixin.py:190} INFO - [2025-03-17T02:42:23.196+0000] {dag.py:3239} INFO - Sync 1 DAGs
[2025-03-17T02:42:23.202+0000] {logging_mixin.py:190} INFO - [2025-03-17T02:42:23.202+0000] {dag.py:4180} INFO - Setting next_dagrun for example_python_operator to None, run_after=None
[2025-03-17T02:42:23.209+0000] {processor.py:208} INFO - Processing /home/airflow/.local/lib/python3.12/site-packages/airflow/example_dags/example_python_operator.py took 0.033 seconds
[2025-03-17T02:58:30.960+0000] {processor.py:186} INFO - Started process (PID=11844) to work on /home/airflow/.local/lib/python3.12/site-packages/airflow/example_dags/example_python_operator.py
[2025-03-17T02:58:30.960+0000] {processor.py:914} INFO - Processing file /home/airflow/.local/lib/python3.12/site-packages/airflow/example_dags/example_python_operator.py for tasks to queue
[2025-03-17T02:58:30.961+0000] {logging_mixin.py:190} INFO - [2025-03-17T02:58:30.961+0000] {dagbag.py:588} INFO - Filling up the DagBag from /home/airflow/.local/lib/python3.12/site-packages/airflow/example_dags/example_python_operator.py
[2025-03-17T02:58:30.969+0000] {processor.py:925} INFO - DAG(s) 'example_python_operator' retrieved from /home/airflow/.local/lib/python3.12/site-packages/airflow/example_dags/example_python_operator.py
[2025-03-17T02:58:30.979+0000] {logging_mixin.py:190} INFO - [2025-03-17T02:58:30.979+0000] {dag.py:3239} INFO - Sync 1 DAGs
[2025-03-17T02:58:30.984+0000] {logging_mixin.py:190} INFO - [2025-03-17T02:58:30.984+0000] {dag.py:4180} INFO - Setting next_dagrun for example_python_operator to None, run_after=None
[2025-03-17T02:58:30.994+0000] {processor.py:208} INFO - Processing /home/airflow/.local/lib/python3.12/site-packages/airflow/example_dags/example_python_operator.py took 0.036 seconds
[2025-03-17T04:07:31.479+0000] {processor.py:186} INFO - Started process (PID=11910) to work on /home/airflow/.local/lib/python3.12/site-packages/airflow/example_dags/example_python_operator.py
[2025-03-17T04:07:31.484+0000] {processor.py:914} INFO - Processing file /home/airflow/.local/lib/python3.12/site-packages/airflow/example_dags/example_python_operator.py for tasks to queue
[2025-03-17T04:07:31.485+0000] {logging_mixin.py:190} INFO - [2025-03-17T04:07:31.485+0000] {dagbag.py:588} INFO - Filling up the DagBag from /home/airflow/.local/lib/python3.12/site-packages/airflow/example_dags/example_python_operator.py
[2025-03-17T04:07:31.494+0000] {processor.py:925} INFO - DAG(s) 'example_python_operator' retrieved from /home/airflow/.local/lib/python3.12/site-packages/airflow/example_dags/example_python_operator.py
[2025-03-17T04:07:31.507+0000] {logging_mixin.py:190} INFO - [2025-03-17T04:07:31.507+0000] {dag.py:3239} INFO - Sync 1 DAGs
[2025-03-17T04:07:31.515+0000] {logging_mixin.py:190} INFO - [2025-03-17T04:07:31.515+0000] {dag.py:4180} INFO - Setting next_dagrun for example_python_operator to None, run_after=None
[2025-03-17T04:07:31.524+0000] {processor.py:208} INFO - Processing /home/airflow/.local/lib/python3.12/site-packages/airflow/example_dags/example_python_operator.py took 0.048 seconds
[2025-03-17T05:18:09.047+0000] {processor.py:186} INFO - Started process (PID=11976) to work on /home/airflow/.local/lib/python3.12/site-packages/airflow/example_dags/example_python_operator.py
[2025-03-17T05:18:09.048+0000] {processor.py:914} INFO - Processing file /home/airflow/.local/lib/python3.12/site-packages/airflow/example_dags/example_python_operator.py for tasks to queue
[2025-03-17T05:18:09.050+0000] {logging_mixin.py:190} INFO - [2025-03-17T05:18:09.050+0000] {dagbag.py:588} INFO - Filling up the DagBag from /home/airflow/.local/lib/python3.12/site-packages/airflow/example_dags/example_python_operator.py
[2025-03-17T05:18:09.056+0000] {processor.py:925} INFO - DAG(s) 'example_python_operator' retrieved from /home/airflow/.local/lib/python3.12/site-packages/airflow/example_dags/example_python_operator.py
[2025-03-17T05:18:09.067+0000] {logging_mixin.py:190} INFO - [2025-03-17T05:18:09.067+0000] {dag.py:3239} INFO - Sync 1 DAGs
[2025-03-17T05:18:09.075+0000] {logging_mixin.py:190} INFO - [2025-03-17T05:18:09.075+0000] {dag.py:4180} INFO - Setting next_dagrun for example_python_operator to None, run_after=None
[2025-03-17T05:18:09.084+0000] {processor.py:208} INFO - Processing /home/airflow/.local/lib/python3.12/site-packages/airflow/example_dags/example_python_operator.py took 0.040 seconds
[2025-03-17T05:57:31.879+0000] {processor.py:186} INFO - Started process (PID=12042) to work on /home/airflow/.local/lib/python3.12/site-packages/airflow/example_dags/example_python_operator.py
[2025-03-17T05:57:31.879+0000] {processor.py:914} INFO - Processing file /home/airflow/.local/lib/python3.12/site-packages/airflow/example_dags/example_python_operator.py for tasks to queue
[2025-03-17T05:57:31.880+0000] {logging_mixin.py:190} INFO - [2025-03-17T05:57:31.880+0000] {dagbag.py:588} INFO - Filling up the DagBag from /home/airflow/.local/lib/python3.12/site-packages/airflow/example_dags/example_python_operator.py
[2025-03-17T05:57:31.887+0000] {processor.py:925} INFO - DAG(s) 'example_python_operator' retrieved from /home/airflow/.local/lib/python3.12/site-packages/airflow/example_dags/example_python_operator.py
[2025-03-17T05:57:31.901+0000] {logging_mixin.py:190} INFO - [2025-03-17T05:57:31.901+0000] {dag.py:3239} INFO - Sync 1 DAGs
[2025-03-17T05:57:31.907+0000] {logging_mixin.py:190} INFO - [2025-03-17T05:57:31.907+0000] {dag.py:4180} INFO - Setting next_dagrun for example_python_operator to None, run_after=None
[2025-03-17T05:57:31.918+0000] {processor.py:208} INFO - Processing /home/airflow/.local/lib/python3.12/site-packages/airflow/example_dags/example_python_operator.py took 0.043 seconds
[2025-03-17T05:59:14.296+0000] {processor.py:186} INFO - Started process (PID=12108) to work on /home/airflow/.local/lib/python3.12/site-packages/airflow/example_dags/example_python_operator.py
[2025-03-17T05:59:14.299+0000] {processor.py:914} INFO - Processing file /home/airflow/.local/lib/python3.12/site-packages/airflow/example_dags/example_python_operator.py for tasks to queue
[2025-03-17T05:59:14.300+0000] {logging_mixin.py:190} INFO - [2025-03-17T05:59:14.300+0000] {dagbag.py:588} INFO - Filling up the DagBag from /home/airflow/.local/lib/python3.12/site-packages/airflow/example_dags/example_python_operator.py
[2025-03-17T05:59:14.306+0000] {processor.py:925} INFO - DAG(s) 'example_python_operator' retrieved from /home/airflow/.local/lib/python3.12/site-packages/airflow/example_dags/example_python_operator.py
[2025-03-17T05:59:14.317+0000] {logging_mixin.py:190} INFO - [2025-03-17T05:59:14.317+0000] {dag.py:3239} INFO - Sync 1 DAGs
[2025-03-17T05:59:14.322+0000] {logging_mixin.py:190} INFO - [2025-03-17T05:59:14.322+0000] {dag.py:4180} INFO - Setting next_dagrun for example_python_operator to None, run_after=None
[2025-03-17T05:59:14.330+0000] {processor.py:208} INFO - Processing /home/airflow/.local/lib/python3.12/site-packages/airflow/example_dags/example_python_operator.py took 0.037 seconds
[2025-03-17T06:00:02.815+0000] {processor.py:186} INFO - Started process (PID=12174) to work on /home/airflow/.local/lib/python3.12/site-packages/airflow/example_dags/example_python_operator.py
[2025-03-17T06:00:02.816+0000] {processor.py:914} INFO - Processing file /home/airflow/.local/lib/python3.12/site-packages/airflow/example_dags/example_python_operator.py for tasks to queue
[2025-03-17T06:00:02.817+0000] {logging_mixin.py:190} INFO - [2025-03-17T06:00:02.817+0000] {dagbag.py:588} INFO - Filling up the DagBag from /home/airflow/.local/lib/python3.12/site-packages/airflow/example_dags/example_python_operator.py
[2025-03-17T06:00:02.822+0000] {processor.py:925} INFO - DAG(s) 'example_python_operator' retrieved from /home/airflow/.local/lib/python3.12/site-packages/airflow/example_dags/example_python_operator.py
[2025-03-17T06:00:02.834+0000] {logging_mixin.py:190} INFO - [2025-03-17T06:00:02.834+0000] {dag.py:3239} INFO - Sync 1 DAGs
[2025-03-17T06:00:02.839+0000] {logging_mixin.py:190} INFO - [2025-03-17T06:00:02.839+0000] {dag.py:4180} INFO - Setting next_dagrun for example_python_operator to None, run_after=None
[2025-03-17T06:00:02.847+0000] {processor.py:208} INFO - Processing /home/airflow/.local/lib/python3.12/site-packages/airflow/example_dags/example_python_operator.py took 0.034 seconds
[2025-03-17T06:02:13.485+0000] {processor.py:186} INFO - Started process (PID=12240) to work on /home/airflow/.local/lib/python3.12/site-packages/airflow/example_dags/example_python_operator.py
[2025-03-17T06:02:13.488+0000] {processor.py:914} INFO - Processing file /home/airflow/.local/lib/python3.12/site-packages/airflow/example_dags/example_python_operator.py for tasks to queue
[2025-03-17T06:02:13.489+0000] {logging_mixin.py:190} INFO - [2025-03-17T06:02:13.489+0000] {dagbag.py:588} INFO - Filling up the DagBag from /home/airflow/.local/lib/python3.12/site-packages/airflow/example_dags/example_python_operator.py
[2025-03-17T06:02:13.497+0000] {processor.py:925} INFO - DAG(s) 'example_python_operator' retrieved from /home/airflow/.local/lib/python3.12/site-packages/airflow/example_dags/example_python_operator.py
[2025-03-17T06:02:13.507+0000] {logging_mixin.py:190} INFO - [2025-03-17T06:02:13.507+0000] {dag.py:3239} INFO - Sync 1 DAGs
[2025-03-17T06:02:13.513+0000] {logging_mixin.py:190} INFO - [2025-03-17T06:02:13.513+0000] {dag.py:4180} INFO - Setting next_dagrun for example_python_operator to None, run_after=None
[2025-03-17T06:02:13.519+0000] {processor.py:208} INFO - Processing /home/airflow/.local/lib/python3.12/site-packages/airflow/example_dags/example_python_operator.py took 0.036 seconds
[2025-03-17T06:04:00.028+0000] {processor.py:186} INFO - Started process (PID=12306) to work on /home/airflow/.local/lib/python3.12/site-packages/airflow/example_dags/example_python_operator.py
[2025-03-17T06:04:00.030+0000] {processor.py:914} INFO - Processing file /home/airflow/.local/lib/python3.12/site-packages/airflow/example_dags/example_python_operator.py for tasks to queue
[2025-03-17T06:04:00.031+0000] {logging_mixin.py:190} INFO - [2025-03-17T06:04:00.031+0000] {dagbag.py:588} INFO - Filling up the DagBag from /home/airflow/.local/lib/python3.12/site-packages/airflow/example_dags/example_python_operator.py
[2025-03-17T06:04:00.037+0000] {processor.py:925} INFO - DAG(s) 'example_python_operator' retrieved from /home/airflow/.local/lib/python3.12/site-packages/airflow/example_dags/example_python_operator.py
[2025-03-17T06:04:00.051+0000] {logging_mixin.py:190} INFO - [2025-03-17T06:04:00.051+0000] {dag.py:3239} INFO - Sync 1 DAGs
[2025-03-17T06:04:00.058+0000] {logging_mixin.py:190} INFO - [2025-03-17T06:04:00.058+0000] {dag.py:4180} INFO - Setting next_dagrun for example_python_operator to None, run_after=None
[2025-03-17T06:04:00.067+0000] {processor.py:208} INFO - Processing /home/airflow/.local/lib/python3.12/site-packages/airflow/example_dags/example_python_operator.py took 0.042 seconds
[2025-03-17T06:09:16.406+0000] {processor.py:186} INFO - Started process (PID=12372) to work on /home/airflow/.local/lib/python3.12/site-packages/airflow/example_dags/example_python_operator.py
[2025-03-17T06:09:16.407+0000] {processor.py:914} INFO - Processing file /home/airflow/.local/lib/python3.12/site-packages/airflow/example_dags/example_python_operator.py for tasks to queue
[2025-03-17T06:09:16.408+0000] {logging_mixin.py:190} INFO - [2025-03-17T06:09:16.408+0000] {dagbag.py:588} INFO - Filling up the DagBag from /home/airflow/.local/lib/python3.12/site-packages/airflow/example_dags/example_python_operator.py
[2025-03-17T06:09:16.414+0000] {processor.py:925} INFO - DAG(s) 'example_python_operator' retrieved from /home/airflow/.local/lib/python3.12/site-packages/airflow/example_dags/example_python_operator.py
[2025-03-17T06:09:16.425+0000] {logging_mixin.py:190} INFO - [2025-03-17T06:09:16.424+0000] {dag.py:3239} INFO - Sync 1 DAGs
[2025-03-17T06:09:16.430+0000] {logging_mixin.py:190} INFO - [2025-03-17T06:09:16.430+0000] {dag.py:4180} INFO - Setting next_dagrun for example_python_operator to None, run_after=None
[2025-03-17T06:09:16.437+0000] {processor.py:208} INFO - Processing /home/airflow/.local/lib/python3.12/site-packages/airflow/example_dags/example_python_operator.py took 0.034 seconds
[2025-03-17T06:23:36.199+0000] {processor.py:186} INFO - Started process (PID=12438) to work on /home/airflow/.local/lib/python3.12/site-packages/airflow/example_dags/example_python_operator.py
[2025-03-17T06:23:36.200+0000] {processor.py:914} INFO - Processing file /home/airflow/.local/lib/python3.12/site-packages/airflow/example_dags/example_python_operator.py for tasks to queue
[2025-03-17T06:23:36.201+0000] {logging_mixin.py:190} INFO - [2025-03-17T06:23:36.201+0000] {dagbag.py:588} INFO - Filling up the DagBag from /home/airflow/.local/lib/python3.12/site-packages/airflow/example_dags/example_python_operator.py
[2025-03-17T06:23:36.206+0000] {processor.py:925} INFO - DAG(s) 'example_python_operator' retrieved from /home/airflow/.local/lib/python3.12/site-packages/airflow/example_dags/example_python_operator.py
[2025-03-17T06:23:36.217+0000] {logging_mixin.py:190} INFO - [2025-03-17T06:23:36.217+0000] {dag.py:3239} INFO - Sync 1 DAGs
[2025-03-17T06:23:36.223+0000] {logging_mixin.py:190} INFO - [2025-03-17T06:23:36.223+0000] {dag.py:4180} INFO - Setting next_dagrun for example_python_operator to None, run_after=None
[2025-03-17T06:23:36.232+0000] {processor.py:208} INFO - Processing /home/airflow/.local/lib/python3.12/site-packages/airflow/example_dags/example_python_operator.py took 0.036 seconds
[2025-03-17T06:24:06.574+0000] {processor.py:186} INFO - Started process (PID=12504) to work on /home/airflow/.local/lib/python3.12/site-packages/airflow/example_dags/example_python_operator.py
[2025-03-17T06:24:06.575+0000] {processor.py:914} INFO - Processing file /home/airflow/.local/lib/python3.12/site-packages/airflow/example_dags/example_python_operator.py for tasks to queue
[2025-03-17T06:24:06.576+0000] {logging_mixin.py:190} INFO - [2025-03-17T06:24:06.576+0000] {dagbag.py:588} INFO - Filling up the DagBag from /home/airflow/.local/lib/python3.12/site-packages/airflow/example_dags/example_python_operator.py
[2025-03-17T06:24:06.583+0000] {processor.py:925} INFO - DAG(s) 'example_python_operator' retrieved from /home/airflow/.local/lib/python3.12/site-packages/airflow/example_dags/example_python_operator.py
[2025-03-17T06:24:06.594+0000] {logging_mixin.py:190} INFO - [2025-03-17T06:24:06.593+0000] {dag.py:3239} INFO - Sync 1 DAGs
[2025-03-17T06:24:06.599+0000] {logging_mixin.py:190} INFO - [2025-03-17T06:24:06.599+0000] {dag.py:4180} INFO - Setting next_dagrun for example_python_operator to None, run_after=None
[2025-03-17T06:24:06.608+0000] {processor.py:208} INFO - Processing /home/airflow/.local/lib/python3.12/site-packages/airflow/example_dags/example_python_operator.py took 0.037 seconds
[2025-03-17T06:24:37.173+0000] {processor.py:186} INFO - Started process (PID=12570) to work on /home/airflow/.local/lib/python3.12/site-packages/airflow/example_dags/example_python_operator.py
[2025-03-17T06:24:37.173+0000] {processor.py:914} INFO - Processing file /home/airflow/.local/lib/python3.12/site-packages/airflow/example_dags/example_python_operator.py for tasks to queue
[2025-03-17T06:24:37.174+0000] {logging_mixin.py:190} INFO - [2025-03-17T06:24:37.174+0000] {dagbag.py:588} INFO - Filling up the DagBag from /home/airflow/.local/lib/python3.12/site-packages/airflow/example_dags/example_python_operator.py
[2025-03-17T06:24:37.179+0000] {processor.py:925} INFO - DAG(s) 'example_python_operator' retrieved from /home/airflow/.local/lib/python3.12/site-packages/airflow/example_dags/example_python_operator.py
[2025-03-17T06:24:37.189+0000] {logging_mixin.py:190} INFO - [2025-03-17T06:24:37.189+0000] {dag.py:3239} INFO - Sync 1 DAGs
[2025-03-17T06:24:37.195+0000] {logging_mixin.py:190} INFO - [2025-03-17T06:24:37.194+0000] {dag.py:4180} INFO - Setting next_dagrun for example_python_operator to None, run_after=None
[2025-03-17T06:24:37.201+0000] {processor.py:208} INFO - Processing /home/airflow/.local/lib/python3.12/site-packages/airflow/example_dags/example_python_operator.py took 0.031 seconds
[2025-03-17T06:25:07.815+0000] {processor.py:186} INFO - Started process (PID=12636) to work on /home/airflow/.local/lib/python3.12/site-packages/airflow/example_dags/example_python_operator.py
[2025-03-17T06:25:07.816+0000] {processor.py:914} INFO - Processing file /home/airflow/.local/lib/python3.12/site-packages/airflow/example_dags/example_python_operator.py for tasks to queue
[2025-03-17T06:25:07.818+0000] {logging_mixin.py:190} INFO - [2025-03-17T06:25:07.816+0000] {dagbag.py:588} INFO - Filling up the DagBag from /home/airflow/.local/lib/python3.12/site-packages/airflow/example_dags/example_python_operator.py
[2025-03-17T06:25:07.824+0000] {processor.py:925} INFO - DAG(s) 'example_python_operator' retrieved from /home/airflow/.local/lib/python3.12/site-packages/airflow/example_dags/example_python_operator.py
[2025-03-17T06:25:07.833+0000] {logging_mixin.py:190} INFO - [2025-03-17T06:25:07.833+0000] {dag.py:3239} INFO - Sync 1 DAGs
[2025-03-17T06:25:07.838+0000] {logging_mixin.py:190} INFO - [2025-03-17T06:25:07.838+0000] {dag.py:4180} INFO - Setting next_dagrun for example_python_operator to None, run_after=None
[2025-03-17T06:25:07.846+0000] {processor.py:208} INFO - Processing /home/airflow/.local/lib/python3.12/site-packages/airflow/example_dags/example_python_operator.py took 0.034 seconds
[2025-03-17T06:25:38.402+0000] {processor.py:186} INFO - Started process (PID=12702) to work on /home/airflow/.local/lib/python3.12/site-packages/airflow/example_dags/example_python_operator.py
[2025-03-17T06:25:38.403+0000] {processor.py:914} INFO - Processing file /home/airflow/.local/lib/python3.12/site-packages/airflow/example_dags/example_python_operator.py for tasks to queue
[2025-03-17T06:25:38.404+0000] {logging_mixin.py:190} INFO - [2025-03-17T06:25:38.404+0000] {dagbag.py:588} INFO - Filling up the DagBag from /home/airflow/.local/lib/python3.12/site-packages/airflow/example_dags/example_python_operator.py
[2025-03-17T06:25:38.410+0000] {processor.py:925} INFO - DAG(s) 'example_python_operator' retrieved from /home/airflow/.local/lib/python3.12/site-packages/airflow/example_dags/example_python_operator.py
[2025-03-17T06:25:38.421+0000] {logging_mixin.py:190} INFO - [2025-03-17T06:25:38.421+0000] {dag.py:3239} INFO - Sync 1 DAGs
[2025-03-17T06:25:38.427+0000] {logging_mixin.py:190} INFO - [2025-03-17T06:25:38.426+0000] {dag.py:4180} INFO - Setting next_dagrun for example_python_operator to None, run_after=None
[2025-03-17T06:25:38.436+0000] {processor.py:208} INFO - Processing /home/airflow/.local/lib/python3.12/site-packages/airflow/example_dags/example_python_operator.py took 0.036 seconds
[2025-03-17T06:26:08.766+0000] {processor.py:186} INFO - Started process (PID=12768) to work on /home/airflow/.local/lib/python3.12/site-packages/airflow/example_dags/example_python_operator.py
[2025-03-17T06:26:08.767+0000] {processor.py:914} INFO - Processing file /home/airflow/.local/lib/python3.12/site-packages/airflow/example_dags/example_python_operator.py for tasks to queue
[2025-03-17T06:26:08.768+0000] {logging_mixin.py:190} INFO - [2025-03-17T06:26:08.768+0000] {dagbag.py:588} INFO - Filling up the DagBag from /home/airflow/.local/lib/python3.12/site-packages/airflow/example_dags/example_python_operator.py
[2025-03-17T06:26:08.777+0000] {processor.py:925} INFO - DAG(s) 'example_python_operator' retrieved from /home/airflow/.local/lib/python3.12/site-packages/airflow/example_dags/example_python_operator.py
[2025-03-17T06:26:08.788+0000] {logging_mixin.py:190} INFO - [2025-03-17T06:26:08.788+0000] {dag.py:3239} INFO - Sync 1 DAGs
[2025-03-17T06:26:08.794+0000] {logging_mixin.py:190} INFO - [2025-03-17T06:26:08.794+0000] {dag.py:4180} INFO - Setting next_dagrun for example_python_operator to None, run_after=None
[2025-03-17T06:26:08.802+0000] {processor.py:208} INFO - Processing /home/airflow/.local/lib/python3.12/site-packages/airflow/example_dags/example_python_operator.py took 0.039 seconds
[2025-03-17T06:26:39.288+0000] {processor.py:186} INFO - Started process (PID=12834) to work on /home/airflow/.local/lib/python3.12/site-packages/airflow/example_dags/example_python_operator.py
[2025-03-17T06:26:39.288+0000] {processor.py:914} INFO - Processing file /home/airflow/.local/lib/python3.12/site-packages/airflow/example_dags/example_python_operator.py for tasks to queue
[2025-03-17T06:26:39.289+0000] {logging_mixin.py:190} INFO - [2025-03-17T06:26:39.289+0000] {dagbag.py:588} INFO - Filling up the DagBag from /home/airflow/.local/lib/python3.12/site-packages/airflow/example_dags/example_python_operator.py
[2025-03-17T06:26:39.294+0000] {processor.py:925} INFO - DAG(s) 'example_python_operator' retrieved from /home/airflow/.local/lib/python3.12/site-packages/airflow/example_dags/example_python_operator.py
[2025-03-17T06:26:39.306+0000] {logging_mixin.py:190} INFO - [2025-03-17T06:26:39.306+0000] {dag.py:3239} INFO - Sync 1 DAGs
[2025-03-17T06:26:39.311+0000] {logging_mixin.py:190} INFO - [2025-03-17T06:26:39.311+0000] {dag.py:4180} INFO - Setting next_dagrun for example_python_operator to None, run_after=None
[2025-03-17T06:26:39.318+0000] {processor.py:208} INFO - Processing /home/airflow/.local/lib/python3.12/site-packages/airflow/example_dags/example_python_operator.py took 0.033 seconds
[2025-03-17T06:27:09.693+0000] {processor.py:186} INFO - Started process (PID=12900) to work on /home/airflow/.local/lib/python3.12/site-packages/airflow/example_dags/example_python_operator.py
[2025-03-17T06:27:09.694+0000] {processor.py:914} INFO - Processing file /home/airflow/.local/lib/python3.12/site-packages/airflow/example_dags/example_python_operator.py for tasks to queue
[2025-03-17T06:27:09.695+0000] {logging_mixin.py:190} INFO - [2025-03-17T06:27:09.694+0000] {dagbag.py:588} INFO - Filling up the DagBag from /home/airflow/.local/lib/python3.12/site-packages/airflow/example_dags/example_python_operator.py
[2025-03-17T06:27:09.700+0000] {processor.py:925} INFO - DAG(s) 'example_python_operator' retrieved from /home/airflow/.local/lib/python3.12/site-packages/airflow/example_dags/example_python_operator.py
[2025-03-17T06:27:09.711+0000] {logging_mixin.py:190} INFO - [2025-03-17T06:27:09.711+0000] {dag.py:3239} INFO - Sync 1 DAGs
[2025-03-17T06:27:09.717+0000] {logging_mixin.py:190} INFO - [2025-03-17T06:27:09.717+0000] {dag.py:4180} INFO - Setting next_dagrun for example_python_operator to None, run_after=None
[2025-03-17T06:27:09.726+0000] {processor.py:208} INFO - Processing /home/airflow/.local/lib/python3.12/site-packages/airflow/example_dags/example_python_operator.py took 0.035 seconds
[2025-03-17T06:27:39.980+0000] {processor.py:186} INFO - Started process (PID=12966) to work on /home/airflow/.local/lib/python3.12/site-packages/airflow/example_dags/example_python_operator.py
[2025-03-17T06:27:39.981+0000] {processor.py:914} INFO - Processing file /home/airflow/.local/lib/python3.12/site-packages/airflow/example_dags/example_python_operator.py for tasks to queue
[2025-03-17T06:27:39.982+0000] {logging_mixin.py:190} INFO - [2025-03-17T06:27:39.982+0000] {dagbag.py:588} INFO - Filling up the DagBag from /home/airflow/.local/lib/python3.12/site-packages/airflow/example_dags/example_python_operator.py
[2025-03-17T06:27:39.988+0000] {processor.py:925} INFO - DAG(s) 'example_python_operator' retrieved from /home/airflow/.local/lib/python3.12/site-packages/airflow/example_dags/example_python_operator.py
[2025-03-17T06:27:39.998+0000] {logging_mixin.py:190} INFO - [2025-03-17T06:27:39.998+0000] {dag.py:3239} INFO - Sync 1 DAGs
[2025-03-17T06:27:40.004+0000] {logging_mixin.py:190} INFO - [2025-03-17T06:27:40.004+0000] {dag.py:4180} INFO - Setting next_dagrun for example_python_operator to None, run_after=None
[2025-03-17T06:27:40.013+0000] {processor.py:208} INFO - Processing /home/airflow/.local/lib/python3.12/site-packages/airflow/example_dags/example_python_operator.py took 0.036 seconds
[2025-03-17T06:28:10.668+0000] {processor.py:186} INFO - Started process (PID=13038) to work on /home/airflow/.local/lib/python3.12/site-packages/airflow/example_dags/example_python_operator.py
[2025-03-17T06:28:10.668+0000] {processor.py:914} INFO - Processing file /home/airflow/.local/lib/python3.12/site-packages/airflow/example_dags/example_python_operator.py for tasks to queue
[2025-03-17T06:28:10.669+0000] {logging_mixin.py:190} INFO - [2025-03-17T06:28:10.669+0000] {dagbag.py:588} INFO - Filling up the DagBag from /home/airflow/.local/lib/python3.12/site-packages/airflow/example_dags/example_python_operator.py
[2025-03-17T06:28:10.675+0000] {processor.py:925} INFO - DAG(s) 'example_python_operator' retrieved from /home/airflow/.local/lib/python3.12/site-packages/airflow/example_dags/example_python_operator.py
[2025-03-17T06:28:10.684+0000] {logging_mixin.py:190} INFO - [2025-03-17T06:28:10.684+0000] {dag.py:3239} INFO - Sync 1 DAGs
[2025-03-17T06:28:10.691+0000] {logging_mixin.py:190} INFO - [2025-03-17T06:28:10.690+0000] {dag.py:4180} INFO - Setting next_dagrun for example_python_operator to None, run_after=None
[2025-03-17T06:28:10.702+0000] {processor.py:208} INFO - Processing /home/airflow/.local/lib/python3.12/site-packages/airflow/example_dags/example_python_operator.py took 0.037 seconds
