[2025-03-17T00:45:33.015+0000] {processor.py:186} INFO - Started process (PID=10061) to work on /home/airflow/.local/lib/python3.12/site-packages/airflow/example_dags/tutorial.py
[2025-03-17T00:45:33.016+0000] {processor.py:914} INFO - Processing file /home/airflow/.local/lib/python3.12/site-packages/airflow/example_dags/tutorial.py for tasks to queue
[2025-03-17T00:45:33.018+0000] {logging_mixin.py:190} INFO - [2025-03-17T00:45:33.018+0000] {dagbag.py:588} INFO - Filling up the DagBag from /home/airflow/.local/lib/python3.12/site-packages/airflow/example_dags/tutorial.py
[2025-03-17T00:45:33.022+0000] {processor.py:925} INFO - DAG(s) 'tutorial' retrieved from /home/airflow/.local/lib/python3.12/site-packages/airflow/example_dags/tutorial.py
[2025-03-17T00:45:33.033+0000] {logging_mixin.py:190} INFO - [2025-03-17T00:45:33.033+0000] {dag.py:3239} INFO - Sync 1 DAGs
[2025-03-17T00:45:33.042+0000] {logging_mixin.py:190} INFO - [2025-03-17T00:45:33.042+0000] {dag.py:4180} INFO - Setting next_dagrun for tutorial to 2025-03-16 00:00:00+00:00, run_after=2025-03-17 00:00:00+00:00
[2025-03-17T00:45:33.051+0000] {processor.py:208} INFO - Processing /home/airflow/.local/lib/python3.12/site-packages/airflow/example_dags/tutorial.py took 0.039 seconds
[2025-03-17T02:11:08.594+0000] {processor.py:186} INFO - Started process (PID=10127) to work on /home/airflow/.local/lib/python3.12/site-packages/airflow/example_dags/tutorial.py
[2025-03-17T02:11:08.596+0000] {processor.py:914} INFO - Processing file /home/airflow/.local/lib/python3.12/site-packages/airflow/example_dags/tutorial.py for tasks to queue
[2025-03-17T02:11:08.597+0000] {logging_mixin.py:190} INFO - [2025-03-17T02:11:08.597+0000] {dagbag.py:588} INFO - Filling up the DagBag from /home/airflow/.local/lib/python3.12/site-packages/airflow/example_dags/tutorial.py
[2025-03-17T02:11:08.602+0000] {processor.py:925} INFO - DAG(s) 'tutorial' retrieved from /home/airflow/.local/lib/python3.12/site-packages/airflow/example_dags/tutorial.py
[2025-03-17T02:11:08.611+0000] {logging_mixin.py:190} INFO - [2025-03-17T02:11:08.611+0000] {dag.py:3239} INFO - Sync 1 DAGs
[2025-03-17T02:11:08.620+0000] {logging_mixin.py:190} INFO - [2025-03-17T02:11:08.620+0000] {dag.py:4180} INFO - Setting next_dagrun for tutorial to 2025-03-16 00:00:00+00:00, run_after=2025-03-17 00:00:00+00:00
[2025-03-17T02:11:08.631+0000] {processor.py:208} INFO - Processing /home/airflow/.local/lib/python3.12/site-packages/airflow/example_dags/tutorial.py took 0.041 seconds
[2025-03-17T02:30:13.430+0000] {processor.py:186} INFO - Started process (PID=10193) to work on /home/airflow/.local/lib/python3.12/site-packages/airflow/example_dags/tutorial.py
[2025-03-17T02:30:13.431+0000] {processor.py:914} INFO - Processing file /home/airflow/.local/lib/python3.12/site-packages/airflow/example_dags/tutorial.py for tasks to queue
[2025-03-17T02:30:13.432+0000] {logging_mixin.py:190} INFO - [2025-03-17T02:30:13.431+0000] {dagbag.py:588} INFO - Filling up the DagBag from /home/airflow/.local/lib/python3.12/site-packages/airflow/example_dags/tutorial.py
[2025-03-17T02:30:13.436+0000] {processor.py:925} INFO - DAG(s) 'tutorial' retrieved from /home/airflow/.local/lib/python3.12/site-packages/airflow/example_dags/tutorial.py
[2025-03-17T02:30:13.447+0000] {logging_mixin.py:190} INFO - [2025-03-17T02:30:13.447+0000] {dag.py:3239} INFO - Sync 1 DAGs
[2025-03-17T02:30:13.455+0000] {logging_mixin.py:190} INFO - [2025-03-17T02:30:13.455+0000] {dag.py:4180} INFO - Setting next_dagrun for tutorial to 2025-03-16 00:00:00+00:00, run_after=2025-03-17 00:00:00+00:00
[2025-03-17T02:30:13.462+0000] {processor.py:208} INFO - Processing /home/airflow/.local/lib/python3.12/site-packages/airflow/example_dags/tutorial.py took 0.034 seconds
[2025-03-17T02:30:43.815+0000] {processor.py:186} INFO - Started process (PID=10259) to work on /home/airflow/.local/lib/python3.12/site-packages/airflow/example_dags/tutorial.py
[2025-03-17T02:30:43.815+0000] {processor.py:914} INFO - Processing file /home/airflow/.local/lib/python3.12/site-packages/airflow/example_dags/tutorial.py for tasks to queue
[2025-03-17T02:30:43.818+0000] {logging_mixin.py:190} INFO - [2025-03-17T02:30:43.817+0000] {dagbag.py:588} INFO - Filling up the DagBag from /home/airflow/.local/lib/python3.12/site-packages/airflow/example_dags/tutorial.py
[2025-03-17T02:30:43.823+0000] {processor.py:925} INFO - DAG(s) 'tutorial' retrieved from /home/airflow/.local/lib/python3.12/site-packages/airflow/example_dags/tutorial.py
[2025-03-17T02:30:43.831+0000] {logging_mixin.py:190} INFO - [2025-03-17T02:30:43.831+0000] {dag.py:3239} INFO - Sync 1 DAGs
[2025-03-17T02:30:43.840+0000] {logging_mixin.py:190} INFO - [2025-03-17T02:30:43.840+0000] {dag.py:4180} INFO - Setting next_dagrun for tutorial to 2025-03-16 00:00:00+00:00, run_after=2025-03-17 00:00:00+00:00
[2025-03-17T02:30:43.847+0000] {processor.py:208} INFO - Processing /home/airflow/.local/lib/python3.12/site-packages/airflow/example_dags/tutorial.py took 0.034 seconds
[2025-03-17T02:31:14.341+0000] {processor.py:186} INFO - Started process (PID=10325) to work on /home/airflow/.local/lib/python3.12/site-packages/airflow/example_dags/tutorial.py
[2025-03-17T02:31:14.342+0000] {processor.py:914} INFO - Processing file /home/airflow/.local/lib/python3.12/site-packages/airflow/example_dags/tutorial.py for tasks to queue
[2025-03-17T02:31:14.344+0000] {logging_mixin.py:190} INFO - [2025-03-17T02:31:14.343+0000] {dagbag.py:588} INFO - Filling up the DagBag from /home/airflow/.local/lib/python3.12/site-packages/airflow/example_dags/tutorial.py
[2025-03-17T02:31:14.348+0000] {processor.py:925} INFO - DAG(s) 'tutorial' retrieved from /home/airflow/.local/lib/python3.12/site-packages/airflow/example_dags/tutorial.py
[2025-03-17T02:31:14.357+0000] {logging_mixin.py:190} INFO - [2025-03-17T02:31:14.357+0000] {dag.py:3239} INFO - Sync 1 DAGs
[2025-03-17T02:31:14.367+0000] {logging_mixin.py:190} INFO - [2025-03-17T02:31:14.367+0000] {dag.py:4180} INFO - Setting next_dagrun for tutorial to 2025-03-16 00:00:00+00:00, run_after=2025-03-17 00:00:00+00:00
[2025-03-17T02:31:14.376+0000] {processor.py:208} INFO - Processing /home/airflow/.local/lib/python3.12/site-packages/airflow/example_dags/tutorial.py took 0.038 seconds
[2025-03-17T02:31:44.833+0000] {processor.py:186} INFO - Started process (PID=10391) to work on /home/airflow/.local/lib/python3.12/site-packages/airflow/example_dags/tutorial.py
[2025-03-17T02:31:44.833+0000] {processor.py:914} INFO - Processing file /home/airflow/.local/lib/python3.12/site-packages/airflow/example_dags/tutorial.py for tasks to queue
[2025-03-17T02:31:44.834+0000] {logging_mixin.py:190} INFO - [2025-03-17T02:31:44.834+0000] {dagbag.py:588} INFO - Filling up the DagBag from /home/airflow/.local/lib/python3.12/site-packages/airflow/example_dags/tutorial.py
[2025-03-17T02:31:44.838+0000] {processor.py:925} INFO - DAG(s) 'tutorial' retrieved from /home/airflow/.local/lib/python3.12/site-packages/airflow/example_dags/tutorial.py
[2025-03-17T02:31:44.847+0000] {logging_mixin.py:190} INFO - [2025-03-17T02:31:44.847+0000] {dag.py:3239} INFO - Sync 1 DAGs
[2025-03-17T02:31:44.855+0000] {logging_mixin.py:190} INFO - [2025-03-17T02:31:44.855+0000] {dag.py:4180} INFO - Setting next_dagrun for tutorial to 2025-03-16 00:00:00+00:00, run_after=2025-03-17 00:00:00+00:00
[2025-03-17T02:31:44.863+0000] {processor.py:208} INFO - Processing /home/airflow/.local/lib/python3.12/site-packages/airflow/example_dags/tutorial.py took 0.033 seconds
[2025-03-17T02:32:15.405+0000] {processor.py:186} INFO - Started process (PID=10457) to work on /home/airflow/.local/lib/python3.12/site-packages/airflow/example_dags/tutorial.py
[2025-03-17T02:32:15.407+0000] {processor.py:914} INFO - Processing file /home/airflow/.local/lib/python3.12/site-packages/airflow/example_dags/tutorial.py for tasks to queue
[2025-03-17T02:32:15.409+0000] {logging_mixin.py:190} INFO - [2025-03-17T02:32:15.409+0000] {dagbag.py:588} INFO - Filling up the DagBag from /home/airflow/.local/lib/python3.12/site-packages/airflow/example_dags/tutorial.py
[2025-03-17T02:32:15.413+0000] {processor.py:925} INFO - DAG(s) 'tutorial' retrieved from /home/airflow/.local/lib/python3.12/site-packages/airflow/example_dags/tutorial.py
[2025-03-17T02:32:15.422+0000] {logging_mixin.py:190} INFO - [2025-03-17T02:32:15.422+0000] {dag.py:3239} INFO - Sync 1 DAGs
[2025-03-17T02:32:15.431+0000] {logging_mixin.py:190} INFO - [2025-03-17T02:32:15.431+0000] {dag.py:4180} INFO - Setting next_dagrun for tutorial to 2025-03-16 00:00:00+00:00, run_after=2025-03-17 00:00:00+00:00
[2025-03-17T02:32:15.441+0000] {processor.py:208} INFO - Processing /home/airflow/.local/lib/python3.12/site-packages/airflow/example_dags/tutorial.py took 0.040 seconds
[2025-03-17T02:32:45.788+0000] {processor.py:186} INFO - Started process (PID=10523) to work on /home/airflow/.local/lib/python3.12/site-packages/airflow/example_dags/tutorial.py
[2025-03-17T02:32:45.790+0000] {processor.py:914} INFO - Processing file /home/airflow/.local/lib/python3.12/site-packages/airflow/example_dags/tutorial.py for tasks to queue
[2025-03-17T02:32:45.791+0000] {logging_mixin.py:190} INFO - [2025-03-17T02:32:45.791+0000] {dagbag.py:588} INFO - Filling up the DagBag from /home/airflow/.local/lib/python3.12/site-packages/airflow/example_dags/tutorial.py
[2025-03-17T02:32:45.794+0000] {processor.py:925} INFO - DAG(s) 'tutorial' retrieved from /home/airflow/.local/lib/python3.12/site-packages/airflow/example_dags/tutorial.py
[2025-03-17T02:32:45.803+0000] {logging_mixin.py:190} INFO - [2025-03-17T02:32:45.803+0000] {dag.py:3239} INFO - Sync 1 DAGs
[2025-03-17T02:32:45.814+0000] {logging_mixin.py:190} INFO - [2025-03-17T02:32:45.814+0000] {dag.py:4180} INFO - Setting next_dagrun for tutorial to 2025-03-16 00:00:00+00:00, run_after=2025-03-17 00:00:00+00:00
[2025-03-17T02:32:45.825+0000] {processor.py:208} INFO - Processing /home/airflow/.local/lib/python3.12/site-packages/airflow/example_dags/tutorial.py took 0.039 seconds
[2025-03-17T02:33:16.303+0000] {processor.py:186} INFO - Started process (PID=10589) to work on /home/airflow/.local/lib/python3.12/site-packages/airflow/example_dags/tutorial.py
[2025-03-17T02:33:16.304+0000] {processor.py:914} INFO - Processing file /home/airflow/.local/lib/python3.12/site-packages/airflow/example_dags/tutorial.py for tasks to queue
[2025-03-17T02:33:16.306+0000] {logging_mixin.py:190} INFO - [2025-03-17T02:33:16.306+0000] {dagbag.py:588} INFO - Filling up the DagBag from /home/airflow/.local/lib/python3.12/site-packages/airflow/example_dags/tutorial.py
[2025-03-17T02:33:16.309+0000] {processor.py:925} INFO - DAG(s) 'tutorial' retrieved from /home/airflow/.local/lib/python3.12/site-packages/airflow/example_dags/tutorial.py
[2025-03-17T02:33:16.320+0000] {logging_mixin.py:190} INFO - [2025-03-17T02:33:16.320+0000] {dag.py:3239} INFO - Sync 1 DAGs
[2025-03-17T02:33:16.332+0000] {logging_mixin.py:190} INFO - [2025-03-17T02:33:16.332+0000] {dag.py:4180} INFO - Setting next_dagrun for tutorial to 2025-03-16 00:00:00+00:00, run_after=2025-03-17 00:00:00+00:00
[2025-03-17T02:33:16.341+0000] {processor.py:208} INFO - Processing /home/airflow/.local/lib/python3.12/site-packages/airflow/example_dags/tutorial.py took 0.041 seconds
[2025-03-17T02:33:47.097+0000] {processor.py:186} INFO - Started process (PID=10661) to work on /home/airflow/.local/lib/python3.12/site-packages/airflow/example_dags/tutorial.py
[2025-03-17T02:33:47.097+0000] {processor.py:914} INFO - Processing file /home/airflow/.local/lib/python3.12/site-packages/airflow/example_dags/tutorial.py for tasks to queue
[2025-03-17T02:33:47.099+0000] {logging_mixin.py:190} INFO - [2025-03-17T02:33:47.099+0000] {dagbag.py:588} INFO - Filling up the DagBag from /home/airflow/.local/lib/python3.12/site-packages/airflow/example_dags/tutorial.py
[2025-03-17T02:33:47.104+0000] {processor.py:925} INFO - DAG(s) 'tutorial' retrieved from /home/airflow/.local/lib/python3.12/site-packages/airflow/example_dags/tutorial.py
[2025-03-17T02:33:47.115+0000] {logging_mixin.py:190} INFO - [2025-03-17T02:33:47.114+0000] {dag.py:3239} INFO - Sync 1 DAGs
[2025-03-17T02:33:47.123+0000] {logging_mixin.py:190} INFO - [2025-03-17T02:33:47.123+0000] {dag.py:4180} INFO - Setting next_dagrun for tutorial to 2025-03-16 00:00:00+00:00, run_after=2025-03-17 00:00:00+00:00
[2025-03-17T02:33:47.133+0000] {processor.py:208} INFO - Processing /home/airflow/.local/lib/python3.12/site-packages/airflow/example_dags/tutorial.py took 0.038 seconds
[2025-03-17T02:34:17.417+0000] {processor.py:186} INFO - Started process (PID=10727) to work on /home/airflow/.local/lib/python3.12/site-packages/airflow/example_dags/tutorial.py
[2025-03-17T02:34:17.417+0000] {processor.py:914} INFO - Processing file /home/airflow/.local/lib/python3.12/site-packages/airflow/example_dags/tutorial.py for tasks to queue
[2025-03-17T02:34:17.418+0000] {logging_mixin.py:190} INFO - [2025-03-17T02:34:17.418+0000] {dagbag.py:588} INFO - Filling up the DagBag from /home/airflow/.local/lib/python3.12/site-packages/airflow/example_dags/tutorial.py
[2025-03-17T02:34:17.422+0000] {processor.py:925} INFO - DAG(s) 'tutorial' retrieved from /home/airflow/.local/lib/python3.12/site-packages/airflow/example_dags/tutorial.py
[2025-03-17T02:34:17.431+0000] {logging_mixin.py:190} INFO - [2025-03-17T02:34:17.431+0000] {dag.py:3239} INFO - Sync 1 DAGs
[2025-03-17T02:34:17.440+0000] {logging_mixin.py:190} INFO - [2025-03-17T02:34:17.440+0000] {dag.py:4180} INFO - Setting next_dagrun for tutorial to 2025-03-16 00:00:00+00:00, run_after=2025-03-17 00:00:00+00:00
[2025-03-17T02:34:17.446+0000] {processor.py:208} INFO - Processing /home/airflow/.local/lib/python3.12/site-packages/airflow/example_dags/tutorial.py took 0.032 seconds
[2025-03-17T02:34:47.809+0000] {processor.py:186} INFO - Started process (PID=10793) to work on /home/airflow/.local/lib/python3.12/site-packages/airflow/example_dags/tutorial.py
[2025-03-17T02:34:47.811+0000] {processor.py:914} INFO - Processing file /home/airflow/.local/lib/python3.12/site-packages/airflow/example_dags/tutorial.py for tasks to queue
[2025-03-17T02:34:47.813+0000] {logging_mixin.py:190} INFO - [2025-03-17T02:34:47.813+0000] {dagbag.py:588} INFO - Filling up the DagBag from /home/airflow/.local/lib/python3.12/site-packages/airflow/example_dags/tutorial.py
[2025-03-17T02:34:47.817+0000] {processor.py:925} INFO - DAG(s) 'tutorial' retrieved from /home/airflow/.local/lib/python3.12/site-packages/airflow/example_dags/tutorial.py
[2025-03-17T02:34:47.830+0000] {logging_mixin.py:190} INFO - [2025-03-17T02:34:47.830+0000] {dag.py:3239} INFO - Sync 1 DAGs
[2025-03-17T02:34:47.839+0000] {logging_mixin.py:190} INFO - [2025-03-17T02:34:47.839+0000] {dag.py:4180} INFO - Setting next_dagrun for tutorial to 2025-03-16 00:00:00+00:00, run_after=2025-03-17 00:00:00+00:00
[2025-03-17T02:34:47.846+0000] {processor.py:208} INFO - Processing /home/airflow/.local/lib/python3.12/site-packages/airflow/example_dags/tutorial.py took 0.039 seconds
[2025-03-17T02:35:18.141+0000] {processor.py:186} INFO - Started process (PID=10859) to work on /home/airflow/.local/lib/python3.12/site-packages/airflow/example_dags/tutorial.py
[2025-03-17T02:35:18.141+0000] {processor.py:914} INFO - Processing file /home/airflow/.local/lib/python3.12/site-packages/airflow/example_dags/tutorial.py for tasks to queue
[2025-03-17T02:35:18.142+0000] {logging_mixin.py:190} INFO - [2025-03-17T02:35:18.142+0000] {dagbag.py:588} INFO - Filling up the DagBag from /home/airflow/.local/lib/python3.12/site-packages/airflow/example_dags/tutorial.py
[2025-03-17T02:35:18.146+0000] {processor.py:925} INFO - DAG(s) 'tutorial' retrieved from /home/airflow/.local/lib/python3.12/site-packages/airflow/example_dags/tutorial.py
[2025-03-17T02:35:18.155+0000] {logging_mixin.py:190} INFO - [2025-03-17T02:35:18.155+0000] {dag.py:3239} INFO - Sync 1 DAGs
[2025-03-17T02:35:18.163+0000] {logging_mixin.py:190} INFO - [2025-03-17T02:35:18.163+0000] {dag.py:4180} INFO - Setting next_dagrun for tutorial to 2025-03-16 00:00:00+00:00, run_after=2025-03-17 00:00:00+00:00
[2025-03-17T02:35:18.170+0000] {processor.py:208} INFO - Processing /home/airflow/.local/lib/python3.12/site-packages/airflow/example_dags/tutorial.py took 0.033 seconds
[2025-03-17T02:35:48.430+0000] {processor.py:186} INFO - Started process (PID=10924) to work on /home/airflow/.local/lib/python3.12/site-packages/airflow/example_dags/tutorial.py
[2025-03-17T02:35:48.431+0000] {processor.py:914} INFO - Processing file /home/airflow/.local/lib/python3.12/site-packages/airflow/example_dags/tutorial.py for tasks to queue
[2025-03-17T02:35:48.432+0000] {logging_mixin.py:190} INFO - [2025-03-17T02:35:48.432+0000] {dagbag.py:588} INFO - Filling up the DagBag from /home/airflow/.local/lib/python3.12/site-packages/airflow/example_dags/tutorial.py
[2025-03-17T02:35:48.435+0000] {processor.py:925} INFO - DAG(s) 'tutorial' retrieved from /home/airflow/.local/lib/python3.12/site-packages/airflow/example_dags/tutorial.py
[2025-03-17T02:35:48.444+0000] {logging_mixin.py:190} INFO - [2025-03-17T02:35:48.444+0000] {dag.py:3239} INFO - Sync 1 DAGs
[2025-03-17T02:35:48.452+0000] {logging_mixin.py:190} INFO - [2025-03-17T02:35:48.452+0000] {dag.py:4180} INFO - Setting next_dagrun for tutorial to 2025-03-16 00:00:00+00:00, run_after=2025-03-17 00:00:00+00:00
[2025-03-17T02:35:48.461+0000] {processor.py:208} INFO - Processing /home/airflow/.local/lib/python3.12/site-packages/airflow/example_dags/tutorial.py took 0.034 seconds
[2025-03-17T02:36:18.854+0000] {processor.py:186} INFO - Started process (PID=10991) to work on /home/airflow/.local/lib/python3.12/site-packages/airflow/example_dags/tutorial.py
[2025-03-17T02:36:18.854+0000] {processor.py:914} INFO - Processing file /home/airflow/.local/lib/python3.12/site-packages/airflow/example_dags/tutorial.py for tasks to queue
[2025-03-17T02:36:18.855+0000] {logging_mixin.py:190} INFO - [2025-03-17T02:36:18.855+0000] {dagbag.py:588} INFO - Filling up the DagBag from /home/airflow/.local/lib/python3.12/site-packages/airflow/example_dags/tutorial.py
[2025-03-17T02:36:18.860+0000] {processor.py:925} INFO - DAG(s) 'tutorial' retrieved from /home/airflow/.local/lib/python3.12/site-packages/airflow/example_dags/tutorial.py
[2025-03-17T02:36:18.869+0000] {logging_mixin.py:190} INFO - [2025-03-17T02:36:18.868+0000] {dag.py:3239} INFO - Sync 1 DAGs
[2025-03-17T02:36:18.878+0000] {logging_mixin.py:190} INFO - [2025-03-17T02:36:18.878+0000] {dag.py:4180} INFO - Setting next_dagrun for tutorial to 2025-03-16 00:00:00+00:00, run_after=2025-03-17 00:00:00+00:00
[2025-03-17T02:36:18.884+0000] {processor.py:208} INFO - Processing /home/airflow/.local/lib/python3.12/site-packages/airflow/example_dags/tutorial.py took 0.033 seconds
[2025-03-17T02:36:49.233+0000] {processor.py:186} INFO - Started process (PID=11057) to work on /home/airflow/.local/lib/python3.12/site-packages/airflow/example_dags/tutorial.py
[2025-03-17T02:36:49.233+0000] {processor.py:914} INFO - Processing file /home/airflow/.local/lib/python3.12/site-packages/airflow/example_dags/tutorial.py for tasks to queue
[2025-03-17T02:36:49.234+0000] {logging_mixin.py:190} INFO - [2025-03-17T02:36:49.234+0000] {dagbag.py:588} INFO - Filling up the DagBag from /home/airflow/.local/lib/python3.12/site-packages/airflow/example_dags/tutorial.py
[2025-03-17T02:36:49.239+0000] {processor.py:925} INFO - DAG(s) 'tutorial' retrieved from /home/airflow/.local/lib/python3.12/site-packages/airflow/example_dags/tutorial.py
[2025-03-17T02:36:49.247+0000] {logging_mixin.py:190} INFO - [2025-03-17T02:36:49.247+0000] {dag.py:3239} INFO - Sync 1 DAGs
[2025-03-17T02:36:49.257+0000] {logging_mixin.py:190} INFO - [2025-03-17T02:36:49.257+0000] {dag.py:4180} INFO - Setting next_dagrun for tutorial to 2025-03-16 00:00:00+00:00, run_after=2025-03-17 00:00:00+00:00
[2025-03-17T02:36:49.264+0000] {processor.py:208} INFO - Processing /home/airflow/.local/lib/python3.12/site-packages/airflow/example_dags/tutorial.py took 0.034 seconds
[2025-03-17T02:37:19.897+0000] {processor.py:186} INFO - Started process (PID=11123) to work on /home/airflow/.local/lib/python3.12/site-packages/airflow/example_dags/tutorial.py
[2025-03-17T02:37:19.898+0000] {processor.py:914} INFO - Processing file /home/airflow/.local/lib/python3.12/site-packages/airflow/example_dags/tutorial.py for tasks to queue
[2025-03-17T02:37:19.899+0000] {logging_mixin.py:190} INFO - [2025-03-17T02:37:19.899+0000] {dagbag.py:588} INFO - Filling up the DagBag from /home/airflow/.local/lib/python3.12/site-packages/airflow/example_dags/tutorial.py
[2025-03-17T02:37:19.903+0000] {processor.py:925} INFO - DAG(s) 'tutorial' retrieved from /home/airflow/.local/lib/python3.12/site-packages/airflow/example_dags/tutorial.py
[2025-03-17T02:37:19.912+0000] {logging_mixin.py:190} INFO - [2025-03-17T02:37:19.912+0000] {dag.py:3239} INFO - Sync 1 DAGs
[2025-03-17T02:37:19.921+0000] {logging_mixin.py:190} INFO - [2025-03-17T02:37:19.921+0000] {dag.py:4180} INFO - Setting next_dagrun for tutorial to 2025-03-16 00:00:00+00:00, run_after=2025-03-17 00:00:00+00:00
[2025-03-17T02:37:19.927+0000] {processor.py:208} INFO - Processing /home/airflow/.local/lib/python3.12/site-packages/airflow/example_dags/tutorial.py took 0.034 seconds
[2025-03-17T02:37:50.334+0000] {processor.py:186} INFO - Started process (PID=11189) to work on /home/airflow/.local/lib/python3.12/site-packages/airflow/example_dags/tutorial.py
[2025-03-17T02:37:50.334+0000] {processor.py:914} INFO - Processing file /home/airflow/.local/lib/python3.12/site-packages/airflow/example_dags/tutorial.py for tasks to queue
[2025-03-17T02:37:50.336+0000] {logging_mixin.py:190} INFO - [2025-03-17T02:37:50.335+0000] {dagbag.py:588} INFO - Filling up the DagBag from /home/airflow/.local/lib/python3.12/site-packages/airflow/example_dags/tutorial.py
[2025-03-17T02:37:50.339+0000] {processor.py:925} INFO - DAG(s) 'tutorial' retrieved from /home/airflow/.local/lib/python3.12/site-packages/airflow/example_dags/tutorial.py
[2025-03-17T02:37:50.349+0000] {logging_mixin.py:190} INFO - [2025-03-17T02:37:50.349+0000] {dag.py:3239} INFO - Sync 1 DAGs
[2025-03-17T02:37:50.357+0000] {logging_mixin.py:190} INFO - [2025-03-17T02:37:50.357+0000] {dag.py:4180} INFO - Setting next_dagrun for tutorial to 2025-03-16 00:00:00+00:00, run_after=2025-03-17 00:00:00+00:00
[2025-03-17T02:37:50.364+0000] {processor.py:208} INFO - Processing /home/airflow/.local/lib/python3.12/site-packages/airflow/example_dags/tutorial.py took 0.033 seconds
[2025-03-17T02:38:20.590+0000] {processor.py:186} INFO - Started process (PID=11255) to work on /home/airflow/.local/lib/python3.12/site-packages/airflow/example_dags/tutorial.py
[2025-03-17T02:38:20.590+0000] {processor.py:914} INFO - Processing file /home/airflow/.local/lib/python3.12/site-packages/airflow/example_dags/tutorial.py for tasks to queue
[2025-03-17T02:38:20.591+0000] {logging_mixin.py:190} INFO - [2025-03-17T02:38:20.591+0000] {dagbag.py:588} INFO - Filling up the DagBag from /home/airflow/.local/lib/python3.12/site-packages/airflow/example_dags/tutorial.py
[2025-03-17T02:38:20.596+0000] {processor.py:925} INFO - DAG(s) 'tutorial' retrieved from /home/airflow/.local/lib/python3.12/site-packages/airflow/example_dags/tutorial.py
[2025-03-17T02:38:20.604+0000] {logging_mixin.py:190} INFO - [2025-03-17T02:38:20.604+0000] {dag.py:3239} INFO - Sync 1 DAGs
[2025-03-17T02:38:20.612+0000] {logging_mixin.py:190} INFO - [2025-03-17T02:38:20.612+0000] {dag.py:4180} INFO - Setting next_dagrun for tutorial to 2025-03-16 00:00:00+00:00, run_after=2025-03-17 00:00:00+00:00
[2025-03-17T02:38:20.619+0000] {processor.py:208} INFO - Processing /home/airflow/.local/lib/python3.12/site-packages/airflow/example_dags/tutorial.py took 0.031 seconds
[2025-03-17T02:38:50.905+0000] {processor.py:186} INFO - Started process (PID=11320) to work on /home/airflow/.local/lib/python3.12/site-packages/airflow/example_dags/tutorial.py
[2025-03-17T02:38:50.905+0000] {processor.py:914} INFO - Processing file /home/airflow/.local/lib/python3.12/site-packages/airflow/example_dags/tutorial.py for tasks to queue
[2025-03-17T02:38:50.906+0000] {logging_mixin.py:190} INFO - [2025-03-17T02:38:50.906+0000] {dagbag.py:588} INFO - Filling up the DagBag from /home/airflow/.local/lib/python3.12/site-packages/airflow/example_dags/tutorial.py
[2025-03-17T02:38:50.910+0000] {processor.py:925} INFO - DAG(s) 'tutorial' retrieved from /home/airflow/.local/lib/python3.12/site-packages/airflow/example_dags/tutorial.py
[2025-03-17T02:38:50.919+0000] {logging_mixin.py:190} INFO - [2025-03-17T02:38:50.919+0000] {dag.py:3239} INFO - Sync 1 DAGs
[2025-03-17T02:38:50.928+0000] {logging_mixin.py:190} INFO - [2025-03-17T02:38:50.928+0000] {dag.py:4180} INFO - Setting next_dagrun for tutorial to 2025-03-16 00:00:00+00:00, run_after=2025-03-17 00:00:00+00:00
[2025-03-17T02:38:50.936+0000] {processor.py:208} INFO - Processing /home/airflow/.local/lib/python3.12/site-packages/airflow/example_dags/tutorial.py took 0.034 seconds
[2025-03-17T02:39:21.494+0000] {processor.py:186} INFO - Started process (PID=11386) to work on /home/airflow/.local/lib/python3.12/site-packages/airflow/example_dags/tutorial.py
[2025-03-17T02:39:21.495+0000] {processor.py:914} INFO - Processing file /home/airflow/.local/lib/python3.12/site-packages/airflow/example_dags/tutorial.py for tasks to queue
[2025-03-17T02:39:21.496+0000] {logging_mixin.py:190} INFO - [2025-03-17T02:39:21.496+0000] {dagbag.py:588} INFO - Filling up the DagBag from /home/airflow/.local/lib/python3.12/site-packages/airflow/example_dags/tutorial.py
[2025-03-17T02:39:21.500+0000] {processor.py:925} INFO - DAG(s) 'tutorial' retrieved from /home/airflow/.local/lib/python3.12/site-packages/airflow/example_dags/tutorial.py
[2025-03-17T02:39:21.508+0000] {logging_mixin.py:190} INFO - [2025-03-17T02:39:21.508+0000] {dag.py:3239} INFO - Sync 1 DAGs
[2025-03-17T02:39:21.607+0000] {logging_mixin.py:190} INFO - [2025-03-17T02:39:21.607+0000] {dag.py:4180} INFO - Setting next_dagrun for tutorial to 2025-03-16 00:00:00+00:00, run_after=2025-03-17 00:00:00+00:00
[2025-03-17T02:39:21.620+0000] {processor.py:208} INFO - Processing /home/airflow/.local/lib/python3.12/site-packages/airflow/example_dags/tutorial.py took 0.129 seconds
[2025-03-17T02:39:52.317+0000] {processor.py:186} INFO - Started process (PID=11452) to work on /home/airflow/.local/lib/python3.12/site-packages/airflow/example_dags/tutorial.py
[2025-03-17T02:39:52.317+0000] {processor.py:914} INFO - Processing file /home/airflow/.local/lib/python3.12/site-packages/airflow/example_dags/tutorial.py for tasks to queue
[2025-03-17T02:39:52.318+0000] {logging_mixin.py:190} INFO - [2025-03-17T02:39:52.318+0000] {dagbag.py:588} INFO - Filling up the DagBag from /home/airflow/.local/lib/python3.12/site-packages/airflow/example_dags/tutorial.py
[2025-03-17T02:39:52.322+0000] {processor.py:925} INFO - DAG(s) 'tutorial' retrieved from /home/airflow/.local/lib/python3.12/site-packages/airflow/example_dags/tutorial.py
[2025-03-17T02:39:52.331+0000] {logging_mixin.py:190} INFO - [2025-03-17T02:39:52.331+0000] {dag.py:3239} INFO - Sync 1 DAGs
[2025-03-17T02:39:52.340+0000] {logging_mixin.py:190} INFO - [2025-03-17T02:39:52.340+0000] {dag.py:4180} INFO - Setting next_dagrun for tutorial to 2025-03-16 00:00:00+00:00, run_after=2025-03-17 00:00:00+00:00
[2025-03-17T02:39:52.348+0000] {processor.py:208} INFO - Processing /home/airflow/.local/lib/python3.12/site-packages/airflow/example_dags/tutorial.py took 0.034 seconds
[2025-03-17T02:40:22.379+0000] {processor.py:186} INFO - Started process (PID=11518) to work on /home/airflow/.local/lib/python3.12/site-packages/airflow/example_dags/tutorial.py
[2025-03-17T02:40:22.379+0000] {processor.py:914} INFO - Processing file /home/airflow/.local/lib/python3.12/site-packages/airflow/example_dags/tutorial.py for tasks to queue
[2025-03-17T02:40:22.380+0000] {logging_mixin.py:190} INFO - [2025-03-17T02:40:22.380+0000] {dagbag.py:588} INFO - Filling up the DagBag from /home/airflow/.local/lib/python3.12/site-packages/airflow/example_dags/tutorial.py
[2025-03-17T02:40:22.384+0000] {processor.py:925} INFO - DAG(s) 'tutorial' retrieved from /home/airflow/.local/lib/python3.12/site-packages/airflow/example_dags/tutorial.py
[2025-03-17T02:40:22.393+0000] {logging_mixin.py:190} INFO - [2025-03-17T02:40:22.393+0000] {dag.py:3239} INFO - Sync 1 DAGs
[2025-03-17T02:40:22.401+0000] {logging_mixin.py:190} INFO - [2025-03-17T02:40:22.401+0000] {dag.py:4180} INFO - Setting next_dagrun for tutorial to 2025-03-16 00:00:00+00:00, run_after=2025-03-17 00:00:00+00:00
[2025-03-17T02:40:22.409+0000] {processor.py:208} INFO - Processing /home/airflow/.local/lib/python3.12/site-packages/airflow/example_dags/tutorial.py took 0.033 seconds
[2025-03-17T02:40:52.623+0000] {processor.py:186} INFO - Started process (PID=11583) to work on /home/airflow/.local/lib/python3.12/site-packages/airflow/example_dags/tutorial.py
[2025-03-17T02:40:52.623+0000] {processor.py:914} INFO - Processing file /home/airflow/.local/lib/python3.12/site-packages/airflow/example_dags/tutorial.py for tasks to queue
[2025-03-17T02:40:52.625+0000] {logging_mixin.py:190} INFO - [2025-03-17T02:40:52.625+0000] {dagbag.py:588} INFO - Filling up the DagBag from /home/airflow/.local/lib/python3.12/site-packages/airflow/example_dags/tutorial.py
[2025-03-17T02:40:52.629+0000] {processor.py:925} INFO - DAG(s) 'tutorial' retrieved from /home/airflow/.local/lib/python3.12/site-packages/airflow/example_dags/tutorial.py
[2025-03-17T02:40:52.640+0000] {logging_mixin.py:190} INFO - [2025-03-17T02:40:52.640+0000] {dag.py:3239} INFO - Sync 1 DAGs
[2025-03-17T02:40:52.649+0000] {logging_mixin.py:190} INFO - [2025-03-17T02:40:52.649+0000] {dag.py:4180} INFO - Setting next_dagrun for tutorial to 2025-03-16 00:00:00+00:00, run_after=2025-03-17 00:00:00+00:00
[2025-03-17T02:40:52.662+0000] {processor.py:208} INFO - Processing /home/airflow/.local/lib/python3.12/site-packages/airflow/example_dags/tutorial.py took 0.043 seconds
[2025-03-17T02:41:22.732+0000] {processor.py:186} INFO - Started process (PID=11649) to work on /home/airflow/.local/lib/python3.12/site-packages/airflow/example_dags/tutorial.py
[2025-03-17T02:41:22.733+0000] {processor.py:914} INFO - Processing file /home/airflow/.local/lib/python3.12/site-packages/airflow/example_dags/tutorial.py for tasks to queue
[2025-03-17T02:41:22.734+0000] {logging_mixin.py:190} INFO - [2025-03-17T02:41:22.734+0000] {dagbag.py:588} INFO - Filling up the DagBag from /home/airflow/.local/lib/python3.12/site-packages/airflow/example_dags/tutorial.py
[2025-03-17T02:41:22.738+0000] {processor.py:925} INFO - DAG(s) 'tutorial' retrieved from /home/airflow/.local/lib/python3.12/site-packages/airflow/example_dags/tutorial.py
[2025-03-17T02:41:22.748+0000] {logging_mixin.py:190} INFO - [2025-03-17T02:41:22.748+0000] {dag.py:3239} INFO - Sync 1 DAGs
[2025-03-17T02:41:22.757+0000] {logging_mixin.py:190} INFO - [2025-03-17T02:41:22.757+0000] {dag.py:4180} INFO - Setting next_dagrun for tutorial to 2025-03-16 00:00:00+00:00, run_after=2025-03-17 00:00:00+00:00
[2025-03-17T02:41:22.765+0000] {processor.py:208} INFO - Processing /home/airflow/.local/lib/python3.12/site-packages/airflow/example_dags/tutorial.py took 0.035 seconds
[2025-03-17T02:41:52.935+0000] {processor.py:186} INFO - Started process (PID=11716) to work on /home/airflow/.local/lib/python3.12/site-packages/airflow/example_dags/tutorial.py
[2025-03-17T02:41:52.939+0000] {processor.py:914} INFO - Processing file /home/airflow/.local/lib/python3.12/site-packages/airflow/example_dags/tutorial.py for tasks to queue
[2025-03-17T02:41:52.940+0000] {logging_mixin.py:190} INFO - [2025-03-17T02:41:52.940+0000] {dagbag.py:588} INFO - Filling up the DagBag from /home/airflow/.local/lib/python3.12/site-packages/airflow/example_dags/tutorial.py
[2025-03-17T02:41:52.945+0000] {processor.py:925} INFO - DAG(s) 'tutorial' retrieved from /home/airflow/.local/lib/python3.12/site-packages/airflow/example_dags/tutorial.py
[2025-03-17T02:41:52.954+0000] {logging_mixin.py:190} INFO - [2025-03-17T02:41:52.954+0000] {dag.py:3239} INFO - Sync 1 DAGs
[2025-03-17T02:41:52.964+0000] {logging_mixin.py:190} INFO - [2025-03-17T02:41:52.964+0000] {dag.py:4180} INFO - Setting next_dagrun for tutorial to 2025-03-16 00:00:00+00:00, run_after=2025-03-17 00:00:00+00:00
[2025-03-17T02:41:52.971+0000] {processor.py:208} INFO - Processing /home/airflow/.local/lib/python3.12/site-packages/airflow/example_dags/tutorial.py took 0.038 seconds
[2025-03-17T02:42:23.102+0000] {processor.py:186} INFO - Started process (PID=11782) to work on /home/airflow/.local/lib/python3.12/site-packages/airflow/example_dags/tutorial.py
[2025-03-17T02:42:23.103+0000] {processor.py:914} INFO - Processing file /home/airflow/.local/lib/python3.12/site-packages/airflow/example_dags/tutorial.py for tasks to queue
[2025-03-17T02:42:23.104+0000] {logging_mixin.py:190} INFO - [2025-03-17T02:42:23.103+0000] {dagbag.py:588} INFO - Filling up the DagBag from /home/airflow/.local/lib/python3.12/site-packages/airflow/example_dags/tutorial.py
[2025-03-17T02:42:23.108+0000] {processor.py:925} INFO - DAG(s) 'tutorial' retrieved from /home/airflow/.local/lib/python3.12/site-packages/airflow/example_dags/tutorial.py
[2025-03-17T02:42:23.117+0000] {logging_mixin.py:190} INFO - [2025-03-17T02:42:23.117+0000] {dag.py:3239} INFO - Sync 1 DAGs
[2025-03-17T02:42:23.127+0000] {logging_mixin.py:190} INFO - [2025-03-17T02:42:23.127+0000] {dag.py:4180} INFO - Setting next_dagrun for tutorial to 2025-03-16 00:00:00+00:00, run_after=2025-03-17 00:00:00+00:00
[2025-03-17T02:42:23.134+0000] {processor.py:208} INFO - Processing /home/airflow/.local/lib/python3.12/site-packages/airflow/example_dags/tutorial.py took 0.035 seconds
[2025-03-17T02:58:30.873+0000] {processor.py:186} INFO - Started process (PID=11842) to work on /home/airflow/.local/lib/python3.12/site-packages/airflow/example_dags/tutorial.py
[2025-03-17T02:58:30.873+0000] {processor.py:914} INFO - Processing file /home/airflow/.local/lib/python3.12/site-packages/airflow/example_dags/tutorial.py for tasks to queue
[2025-03-17T02:58:30.874+0000] {logging_mixin.py:190} INFO - [2025-03-17T02:58:30.874+0000] {dagbag.py:588} INFO - Filling up the DagBag from /home/airflow/.local/lib/python3.12/site-packages/airflow/example_dags/tutorial.py
[2025-03-17T02:58:30.878+0000] {processor.py:925} INFO - DAG(s) 'tutorial' retrieved from /home/airflow/.local/lib/python3.12/site-packages/airflow/example_dags/tutorial.py
[2025-03-17T02:58:30.887+0000] {logging_mixin.py:190} INFO - [2025-03-17T02:58:30.887+0000] {dag.py:3239} INFO - Sync 1 DAGs
[2025-03-17T02:58:30.896+0000] {logging_mixin.py:190} INFO - [2025-03-17T02:58:30.895+0000] {dag.py:4180} INFO - Setting next_dagrun for tutorial to 2025-03-16 00:00:00+00:00, run_after=2025-03-17 00:00:00+00:00
[2025-03-17T02:58:30.906+0000] {processor.py:208} INFO - Processing /home/airflow/.local/lib/python3.12/site-packages/airflow/example_dags/tutorial.py took 0.035 seconds
[2025-03-17T04:07:31.394+0000] {processor.py:186} INFO - Started process (PID=11908) to work on /home/airflow/.local/lib/python3.12/site-packages/airflow/example_dags/tutorial.py
[2025-03-17T04:07:31.395+0000] {processor.py:914} INFO - Processing file /home/airflow/.local/lib/python3.12/site-packages/airflow/example_dags/tutorial.py for tasks to queue
[2025-03-17T04:07:31.398+0000] {logging_mixin.py:190} INFO - [2025-03-17T04:07:31.398+0000] {dagbag.py:588} INFO - Filling up the DagBag from /home/airflow/.local/lib/python3.12/site-packages/airflow/example_dags/tutorial.py
[2025-03-17T04:07:31.404+0000] {processor.py:925} INFO - DAG(s) 'tutorial' retrieved from /home/airflow/.local/lib/python3.12/site-packages/airflow/example_dags/tutorial.py
[2025-03-17T04:07:31.416+0000] {logging_mixin.py:190} INFO - [2025-03-17T04:07:31.416+0000] {dag.py:3239} INFO - Sync 1 DAGs
[2025-03-17T04:07:31.431+0000] {logging_mixin.py:190} INFO - [2025-03-17T04:07:31.430+0000] {dag.py:4180} INFO - Setting next_dagrun for tutorial to 2025-03-16 00:00:00+00:00, run_after=2025-03-17 00:00:00+00:00
[2025-03-17T04:07:31.444+0000] {processor.py:208} INFO - Processing /home/airflow/.local/lib/python3.12/site-packages/airflow/example_dags/tutorial.py took 0.054 seconds
[2025-03-17T05:18:08.957+0000] {processor.py:186} INFO - Started process (PID=11974) to work on /home/airflow/.local/lib/python3.12/site-packages/airflow/example_dags/tutorial.py
[2025-03-17T05:18:08.957+0000] {processor.py:914} INFO - Processing file /home/airflow/.local/lib/python3.12/site-packages/airflow/example_dags/tutorial.py for tasks to queue
[2025-03-17T05:18:08.958+0000] {logging_mixin.py:190} INFO - [2025-03-17T05:18:08.958+0000] {dagbag.py:588} INFO - Filling up the DagBag from /home/airflow/.local/lib/python3.12/site-packages/airflow/example_dags/tutorial.py
[2025-03-17T05:18:08.963+0000] {processor.py:925} INFO - DAG(s) 'tutorial' retrieved from /home/airflow/.local/lib/python3.12/site-packages/airflow/example_dags/tutorial.py
[2025-03-17T05:18:08.972+0000] {logging_mixin.py:190} INFO - [2025-03-17T05:18:08.972+0000] {dag.py:3239} INFO - Sync 1 DAGs
[2025-03-17T05:18:08.982+0000] {logging_mixin.py:190} INFO - [2025-03-17T05:18:08.982+0000] {dag.py:4180} INFO - Setting next_dagrun for tutorial to 2025-03-16 00:00:00+00:00, run_after=2025-03-17 00:00:00+00:00
[2025-03-17T05:18:08.992+0000] {processor.py:208} INFO - Processing /home/airflow/.local/lib/python3.12/site-packages/airflow/example_dags/tutorial.py took 0.038 seconds
[2025-03-17T05:57:31.823+0000] {processor.py:186} INFO - Started process (PID=12040) to work on /home/airflow/.local/lib/python3.12/site-packages/airflow/example_dags/tutorial.py
[2025-03-17T05:57:31.825+0000] {processor.py:914} INFO - Processing file /home/airflow/.local/lib/python3.12/site-packages/airflow/example_dags/tutorial.py for tasks to queue
[2025-03-17T05:57:31.826+0000] {logging_mixin.py:190} INFO - [2025-03-17T05:57:31.826+0000] {dagbag.py:588} INFO - Filling up the DagBag from /home/airflow/.local/lib/python3.12/site-packages/airflow/example_dags/tutorial.py
[2025-03-17T05:57:31.831+0000] {processor.py:925} INFO - DAG(s) 'tutorial' retrieved from /home/airflow/.local/lib/python3.12/site-packages/airflow/example_dags/tutorial.py
[2025-03-17T05:57:31.841+0000] {logging_mixin.py:190} INFO - [2025-03-17T05:57:31.840+0000] {dag.py:3239} INFO - Sync 1 DAGs
[2025-03-17T05:57:31.851+0000] {logging_mixin.py:190} INFO - [2025-03-17T05:57:31.851+0000] {dag.py:4180} INFO - Setting next_dagrun for tutorial to 2025-03-16 00:00:00+00:00, run_after=2025-03-17 00:00:00+00:00
[2025-03-17T05:57:31.861+0000] {processor.py:208} INFO - Processing /home/airflow/.local/lib/python3.12/site-packages/airflow/example_dags/tutorial.py took 0.041 seconds
[2025-03-17T05:59:14.243+0000] {processor.py:186} INFO - Started process (PID=12106) to work on /home/airflow/.local/lib/python3.12/site-packages/airflow/example_dags/tutorial.py
[2025-03-17T05:59:14.247+0000] {processor.py:914} INFO - Processing file /home/airflow/.local/lib/python3.12/site-packages/airflow/example_dags/tutorial.py for tasks to queue
[2025-03-17T05:59:14.248+0000] {logging_mixin.py:190} INFO - [2025-03-17T05:59:14.248+0000] {dagbag.py:588} INFO - Filling up the DagBag from /home/airflow/.local/lib/python3.12/site-packages/airflow/example_dags/tutorial.py
[2025-03-17T05:59:14.252+0000] {processor.py:925} INFO - DAG(s) 'tutorial' retrieved from /home/airflow/.local/lib/python3.12/site-packages/airflow/example_dags/tutorial.py
[2025-03-17T05:59:14.261+0000] {logging_mixin.py:190} INFO - [2025-03-17T05:59:14.261+0000] {dag.py:3239} INFO - Sync 1 DAGs
[2025-03-17T05:59:14.271+0000] {logging_mixin.py:190} INFO - [2025-03-17T05:59:14.271+0000] {dag.py:4180} INFO - Setting next_dagrun for tutorial to 2025-03-16 00:00:00+00:00, run_after=2025-03-17 00:00:00+00:00
[2025-03-17T05:59:14.278+0000] {processor.py:208} INFO - Processing /home/airflow/.local/lib/python3.12/site-packages/airflow/example_dags/tutorial.py took 0.037 seconds
[2025-03-17T06:00:02.749+0000] {processor.py:186} INFO - Started process (PID=12172) to work on /home/airflow/.local/lib/python3.12/site-packages/airflow/example_dags/tutorial.py
[2025-03-17T06:00:02.750+0000] {processor.py:914} INFO - Processing file /home/airflow/.local/lib/python3.12/site-packages/airflow/example_dags/tutorial.py for tasks to queue
[2025-03-17T06:00:02.751+0000] {logging_mixin.py:190} INFO - [2025-03-17T06:00:02.750+0000] {dagbag.py:588} INFO - Filling up the DagBag from /home/airflow/.local/lib/python3.12/site-packages/airflow/example_dags/tutorial.py
[2025-03-17T06:00:02.754+0000] {processor.py:925} INFO - DAG(s) 'tutorial' retrieved from /home/airflow/.local/lib/python3.12/site-packages/airflow/example_dags/tutorial.py
[2025-03-17T06:00:02.763+0000] {logging_mixin.py:190} INFO - [2025-03-17T06:00:02.763+0000] {dag.py:3239} INFO - Sync 1 DAGs
[2025-03-17T06:00:02.772+0000] {logging_mixin.py:190} INFO - [2025-03-17T06:00:02.772+0000] {dag.py:4180} INFO - Setting next_dagrun for tutorial to 2025-03-16 00:00:00+00:00, run_after=2025-03-17 00:00:00+00:00
[2025-03-17T06:00:02.780+0000] {processor.py:208} INFO - Processing /home/airflow/.local/lib/python3.12/site-packages/airflow/example_dags/tutorial.py took 0.034 seconds
[2025-03-17T06:02:13.438+0000] {processor.py:186} INFO - Started process (PID=12238) to work on /home/airflow/.local/lib/python3.12/site-packages/airflow/example_dags/tutorial.py
[2025-03-17T06:02:13.439+0000] {processor.py:914} INFO - Processing file /home/airflow/.local/lib/python3.12/site-packages/airflow/example_dags/tutorial.py for tasks to queue
[2025-03-17T06:02:13.441+0000] {logging_mixin.py:190} INFO - [2025-03-17T06:02:13.441+0000] {dagbag.py:588} INFO - Filling up the DagBag from /home/airflow/.local/lib/python3.12/site-packages/airflow/example_dags/tutorial.py
[2025-03-17T06:02:13.446+0000] {processor.py:925} INFO - DAG(s) 'tutorial' retrieved from /home/airflow/.local/lib/python3.12/site-packages/airflow/example_dags/tutorial.py
[2025-03-17T06:02:13.456+0000] {logging_mixin.py:190} INFO - [2025-03-17T06:02:13.456+0000] {dag.py:3239} INFO - Sync 1 DAGs
[2025-03-17T06:02:13.465+0000] {logging_mixin.py:190} INFO - [2025-03-17T06:02:13.465+0000] {dag.py:4180} INFO - Setting next_dagrun for tutorial to 2025-03-16 00:00:00+00:00, run_after=2025-03-17 00:00:00+00:00
[2025-03-17T06:02:13.472+0000] {processor.py:208} INFO - Processing /home/airflow/.local/lib/python3.12/site-packages/airflow/example_dags/tutorial.py took 0.036 seconds
[2025-03-17T06:03:59.983+0000] {processor.py:186} INFO - Started process (PID=12304) to work on /home/airflow/.local/lib/python3.12/site-packages/airflow/example_dags/tutorial.py
[2025-03-17T06:03:59.984+0000] {processor.py:914} INFO - Processing file /home/airflow/.local/lib/python3.12/site-packages/airflow/example_dags/tutorial.py for tasks to queue
[2025-03-17T06:03:59.984+0000] {logging_mixin.py:190} INFO - [2025-03-17T06:03:59.984+0000] {dagbag.py:588} INFO - Filling up the DagBag from /home/airflow/.local/lib/python3.12/site-packages/airflow/example_dags/tutorial.py
[2025-03-17T06:03:59.988+0000] {processor.py:925} INFO - DAG(s) 'tutorial' retrieved from /home/airflow/.local/lib/python3.12/site-packages/airflow/example_dags/tutorial.py
[2025-03-17T06:03:59.997+0000] {logging_mixin.py:190} INFO - [2025-03-17T06:03:59.997+0000] {dag.py:3239} INFO - Sync 1 DAGs
[2025-03-17T06:04:00.006+0000] {logging_mixin.py:190} INFO - [2025-03-17T06:04:00.006+0000] {dag.py:4180} INFO - Setting next_dagrun for tutorial to 2025-03-16 00:00:00+00:00, run_after=2025-03-17 00:00:00+00:00
[2025-03-17T06:04:00.013+0000] {processor.py:208} INFO - Processing /home/airflow/.local/lib/python3.12/site-packages/airflow/example_dags/tutorial.py took 0.032 seconds
[2025-03-17T06:09:16.352+0000] {processor.py:186} INFO - Started process (PID=12370) to work on /home/airflow/.local/lib/python3.12/site-packages/airflow/example_dags/tutorial.py
[2025-03-17T06:09:16.354+0000] {processor.py:914} INFO - Processing file /home/airflow/.local/lib/python3.12/site-packages/airflow/example_dags/tutorial.py for tasks to queue
[2025-03-17T06:09:16.356+0000] {logging_mixin.py:190} INFO - [2025-03-17T06:09:16.356+0000] {dagbag.py:588} INFO - Filling up the DagBag from /home/airflow/.local/lib/python3.12/site-packages/airflow/example_dags/tutorial.py
[2025-03-17T06:09:16.361+0000] {processor.py:925} INFO - DAG(s) 'tutorial' retrieved from /home/airflow/.local/lib/python3.12/site-packages/airflow/example_dags/tutorial.py
[2025-03-17T06:09:16.372+0000] {logging_mixin.py:190} INFO - [2025-03-17T06:09:16.372+0000] {dag.py:3239} INFO - Sync 1 DAGs
[2025-03-17T06:09:16.381+0000] {logging_mixin.py:190} INFO - [2025-03-17T06:09:16.381+0000] {dag.py:4180} INFO - Setting next_dagrun for tutorial to 2025-03-16 00:00:00+00:00, run_after=2025-03-17 00:00:00+00:00
[2025-03-17T06:09:16.389+0000] {processor.py:208} INFO - Processing /home/airflow/.local/lib/python3.12/site-packages/airflow/example_dags/tutorial.py took 0.040 seconds
[2025-03-17T06:23:36.112+0000] {processor.py:186} INFO - Started process (PID=12436) to work on /home/airflow/.local/lib/python3.12/site-packages/airflow/example_dags/tutorial.py
[2025-03-17T06:23:36.112+0000] {processor.py:914} INFO - Processing file /home/airflow/.local/lib/python3.12/site-packages/airflow/example_dags/tutorial.py for tasks to queue
[2025-03-17T06:23:36.113+0000] {logging_mixin.py:190} INFO - [2025-03-17T06:23:36.113+0000] {dagbag.py:588} INFO - Filling up the DagBag from /home/airflow/.local/lib/python3.12/site-packages/airflow/example_dags/tutorial.py
[2025-03-17T06:23:36.117+0000] {processor.py:925} INFO - DAG(s) 'tutorial' retrieved from /home/airflow/.local/lib/python3.12/site-packages/airflow/example_dags/tutorial.py
[2025-03-17T06:23:36.131+0000] {logging_mixin.py:190} INFO - [2025-03-17T06:23:36.130+0000] {dag.py:3239} INFO - Sync 1 DAGs
[2025-03-17T06:23:36.140+0000] {logging_mixin.py:190} INFO - [2025-03-17T06:23:36.140+0000] {dag.py:4180} INFO - Setting next_dagrun for tutorial to 2025-03-16 00:00:00+00:00, run_after=2025-03-17 00:00:00+00:00
[2025-03-17T06:23:36.150+0000] {processor.py:208} INFO - Processing /home/airflow/.local/lib/python3.12/site-packages/airflow/example_dags/tutorial.py took 0.041 seconds
[2025-03-17T06:24:06.514+0000] {processor.py:186} INFO - Started process (PID=12502) to work on /home/airflow/.local/lib/python3.12/site-packages/airflow/example_dags/tutorial.py
[2025-03-17T06:24:06.517+0000] {processor.py:914} INFO - Processing file /home/airflow/.local/lib/python3.12/site-packages/airflow/example_dags/tutorial.py for tasks to queue
[2025-03-17T06:24:06.518+0000] {logging_mixin.py:190} INFO - [2025-03-17T06:24:06.518+0000] {dagbag.py:588} INFO - Filling up the DagBag from /home/airflow/.local/lib/python3.12/site-packages/airflow/example_dags/tutorial.py
[2025-03-17T06:24:06.522+0000] {processor.py:925} INFO - DAG(s) 'tutorial' retrieved from /home/airflow/.local/lib/python3.12/site-packages/airflow/example_dags/tutorial.py
[2025-03-17T06:24:06.531+0000] {logging_mixin.py:190} INFO - [2025-03-17T06:24:06.531+0000] {dag.py:3239} INFO - Sync 1 DAGs
[2025-03-17T06:24:06.539+0000] {logging_mixin.py:190} INFO - [2025-03-17T06:24:06.539+0000] {dag.py:4180} INFO - Setting next_dagrun for tutorial to 2025-03-16 00:00:00+00:00, run_after=2025-03-17 00:00:00+00:00
[2025-03-17T06:24:06.549+0000] {processor.py:208} INFO - Processing /home/airflow/.local/lib/python3.12/site-packages/airflow/example_dags/tutorial.py took 0.037 seconds
[2025-03-17T06:24:37.087+0000] {processor.py:186} INFO - Started process (PID=12568) to work on /home/airflow/.local/lib/python3.12/site-packages/airflow/example_dags/tutorial.py
[2025-03-17T06:24:37.088+0000] {processor.py:914} INFO - Processing file /home/airflow/.local/lib/python3.12/site-packages/airflow/example_dags/tutorial.py for tasks to queue
[2025-03-17T06:24:37.089+0000] {logging_mixin.py:190} INFO - [2025-03-17T06:24:37.089+0000] {dagbag.py:588} INFO - Filling up the DagBag from /home/airflow/.local/lib/python3.12/site-packages/airflow/example_dags/tutorial.py
[2025-03-17T06:24:37.093+0000] {processor.py:925} INFO - DAG(s) 'tutorial' retrieved from /home/airflow/.local/lib/python3.12/site-packages/airflow/example_dags/tutorial.py
[2025-03-17T06:24:37.105+0000] {logging_mixin.py:190} INFO - [2025-03-17T06:24:37.105+0000] {dag.py:3239} INFO - Sync 1 DAGs
[2025-03-17T06:24:37.114+0000] {logging_mixin.py:190} INFO - [2025-03-17T06:24:37.114+0000] {dag.py:4180} INFO - Setting next_dagrun for tutorial to 2025-03-16 00:00:00+00:00, run_after=2025-03-17 00:00:00+00:00
[2025-03-17T06:24:37.124+0000] {processor.py:208} INFO - Processing /home/airflow/.local/lib/python3.12/site-packages/airflow/example_dags/tutorial.py took 0.040 seconds
[2025-03-17T06:25:07.753+0000] {processor.py:186} INFO - Started process (PID=12634) to work on /home/airflow/.local/lib/python3.12/site-packages/airflow/example_dags/tutorial.py
[2025-03-17T06:25:07.755+0000] {processor.py:914} INFO - Processing file /home/airflow/.local/lib/python3.12/site-packages/airflow/example_dags/tutorial.py for tasks to queue
[2025-03-17T06:25:07.757+0000] {logging_mixin.py:190} INFO - [2025-03-17T06:25:07.757+0000] {dagbag.py:588} INFO - Filling up the DagBag from /home/airflow/.local/lib/python3.12/site-packages/airflow/example_dags/tutorial.py
[2025-03-17T06:25:07.761+0000] {processor.py:925} INFO - DAG(s) 'tutorial' retrieved from /home/airflow/.local/lib/python3.12/site-packages/airflow/example_dags/tutorial.py
[2025-03-17T06:25:07.771+0000] {logging_mixin.py:190} INFO - [2025-03-17T06:25:07.770+0000] {dag.py:3239} INFO - Sync 1 DAGs
[2025-03-17T06:25:07.781+0000] {logging_mixin.py:190} INFO - [2025-03-17T06:25:07.781+0000] {dag.py:4180} INFO - Setting next_dagrun for tutorial to 2025-03-16 00:00:00+00:00, run_after=2025-03-17 00:00:00+00:00
[2025-03-17T06:25:07.792+0000] {processor.py:208} INFO - Processing /home/airflow/.local/lib/python3.12/site-packages/airflow/example_dags/tutorial.py took 0.041 seconds
[2025-03-17T06:25:38.316+0000] {processor.py:186} INFO - Started process (PID=12700) to work on /home/airflow/.local/lib/python3.12/site-packages/airflow/example_dags/tutorial.py
[2025-03-17T06:25:38.317+0000] {processor.py:914} INFO - Processing file /home/airflow/.local/lib/python3.12/site-packages/airflow/example_dags/tutorial.py for tasks to queue
[2025-03-17T06:25:38.317+0000] {logging_mixin.py:190} INFO - [2025-03-17T06:25:38.317+0000] {dagbag.py:588} INFO - Filling up the DagBag from /home/airflow/.local/lib/python3.12/site-packages/airflow/example_dags/tutorial.py
[2025-03-17T06:25:38.321+0000] {processor.py:925} INFO - DAG(s) 'tutorial' retrieved from /home/airflow/.local/lib/python3.12/site-packages/airflow/example_dags/tutorial.py
[2025-03-17T06:25:38.332+0000] {logging_mixin.py:190} INFO - [2025-03-17T06:25:38.332+0000] {dag.py:3239} INFO - Sync 1 DAGs
[2025-03-17T06:25:38.341+0000] {logging_mixin.py:190} INFO - [2025-03-17T06:25:38.341+0000] {dag.py:4180} INFO - Setting next_dagrun for tutorial to 2025-03-16 00:00:00+00:00, run_after=2025-03-17 00:00:00+00:00
[2025-03-17T06:25:38.349+0000] {processor.py:208} INFO - Processing /home/airflow/.local/lib/python3.12/site-packages/airflow/example_dags/tutorial.py took 0.036 seconds
[2025-03-17T06:26:08.712+0000] {processor.py:186} INFO - Started process (PID=12766) to work on /home/airflow/.local/lib/python3.12/site-packages/airflow/example_dags/tutorial.py
[2025-03-17T06:26:08.713+0000] {processor.py:914} INFO - Processing file /home/airflow/.local/lib/python3.12/site-packages/airflow/example_dags/tutorial.py for tasks to queue
[2025-03-17T06:26:08.714+0000] {logging_mixin.py:190} INFO - [2025-03-17T06:26:08.714+0000] {dagbag.py:588} INFO - Filling up the DagBag from /home/airflow/.local/lib/python3.12/site-packages/airflow/example_dags/tutorial.py
[2025-03-17T06:26:08.718+0000] {processor.py:925} INFO - DAG(s) 'tutorial' retrieved from /home/airflow/.local/lib/python3.12/site-packages/airflow/example_dags/tutorial.py
[2025-03-17T06:26:08.731+0000] {logging_mixin.py:190} INFO - [2025-03-17T06:26:08.731+0000] {dag.py:3239} INFO - Sync 1 DAGs
[2025-03-17T06:26:08.741+0000] {logging_mixin.py:190} INFO - [2025-03-17T06:26:08.741+0000] {dag.py:4180} INFO - Setting next_dagrun for tutorial to 2025-03-16 00:00:00+00:00, run_after=2025-03-17 00:00:00+00:00
[2025-03-17T06:26:08.749+0000] {processor.py:208} INFO - Processing /home/airflow/.local/lib/python3.12/site-packages/airflow/example_dags/tutorial.py took 0.039 seconds
[2025-03-17T06:26:39.245+0000] {processor.py:186} INFO - Started process (PID=12832) to work on /home/airflow/.local/lib/python3.12/site-packages/airflow/example_dags/tutorial.py
[2025-03-17T06:26:39.245+0000] {processor.py:914} INFO - Processing file /home/airflow/.local/lib/python3.12/site-packages/airflow/example_dags/tutorial.py for tasks to queue
[2025-03-17T06:26:39.246+0000] {logging_mixin.py:190} INFO - [2025-03-17T06:26:39.246+0000] {dagbag.py:588} INFO - Filling up the DagBag from /home/airflow/.local/lib/python3.12/site-packages/airflow/example_dags/tutorial.py
[2025-03-17T06:26:39.250+0000] {processor.py:925} INFO - DAG(s) 'tutorial' retrieved from /home/airflow/.local/lib/python3.12/site-packages/airflow/example_dags/tutorial.py
[2025-03-17T06:26:39.260+0000] {logging_mixin.py:190} INFO - [2025-03-17T06:26:39.260+0000] {dag.py:3239} INFO - Sync 1 DAGs
[2025-03-17T06:26:39.268+0000] {logging_mixin.py:190} INFO - [2025-03-17T06:26:39.268+0000] {dag.py:4180} INFO - Setting next_dagrun for tutorial to 2025-03-16 00:00:00+00:00, run_after=2025-03-17 00:00:00+00:00
[2025-03-17T06:26:39.274+0000] {processor.py:208} INFO - Processing /home/airflow/.local/lib/python3.12/site-packages/airflow/example_dags/tutorial.py took 0.033 seconds
[2025-03-17T06:27:09.608+0000] {processor.py:186} INFO - Started process (PID=12898) to work on /home/airflow/.local/lib/python3.12/site-packages/airflow/example_dags/tutorial.py
[2025-03-17T06:27:09.612+0000] {processor.py:914} INFO - Processing file /home/airflow/.local/lib/python3.12/site-packages/airflow/example_dags/tutorial.py for tasks to queue
[2025-03-17T06:27:09.613+0000] {logging_mixin.py:190} INFO - [2025-03-17T06:27:09.613+0000] {dagbag.py:588} INFO - Filling up the DagBag from /home/airflow/.local/lib/python3.12/site-packages/airflow/example_dags/tutorial.py
[2025-03-17T06:27:09.617+0000] {processor.py:925} INFO - DAG(s) 'tutorial' retrieved from /home/airflow/.local/lib/python3.12/site-packages/airflow/example_dags/tutorial.py
[2025-03-17T06:27:09.627+0000] {logging_mixin.py:190} INFO - [2025-03-17T06:27:09.627+0000] {dag.py:3239} INFO - Sync 1 DAGs
[2025-03-17T06:27:09.636+0000] {logging_mixin.py:190} INFO - [2025-03-17T06:27:09.636+0000] {dag.py:4180} INFO - Setting next_dagrun for tutorial to 2025-03-16 00:00:00+00:00, run_after=2025-03-17 00:00:00+00:00
[2025-03-17T06:27:09.644+0000] {processor.py:208} INFO - Processing /home/airflow/.local/lib/python3.12/site-packages/airflow/example_dags/tutorial.py took 0.038 seconds
[2025-03-17T06:27:39.931+0000] {processor.py:186} INFO - Started process (PID=12964) to work on /home/airflow/.local/lib/python3.12/site-packages/airflow/example_dags/tutorial.py
[2025-03-17T06:27:39.932+0000] {processor.py:914} INFO - Processing file /home/airflow/.local/lib/python3.12/site-packages/airflow/example_dags/tutorial.py for tasks to queue
[2025-03-17T06:27:39.933+0000] {logging_mixin.py:190} INFO - [2025-03-17T06:27:39.933+0000] {dagbag.py:588} INFO - Filling up the DagBag from /home/airflow/.local/lib/python3.12/site-packages/airflow/example_dags/tutorial.py
[2025-03-17T06:27:39.937+0000] {processor.py:925} INFO - DAG(s) 'tutorial' retrieved from /home/airflow/.local/lib/python3.12/site-packages/airflow/example_dags/tutorial.py
[2025-03-17T06:27:39.946+0000] {logging_mixin.py:190} INFO - [2025-03-17T06:27:39.946+0000] {dag.py:3239} INFO - Sync 1 DAGs
[2025-03-17T06:27:39.957+0000] {logging_mixin.py:190} INFO - [2025-03-17T06:27:39.957+0000] {dag.py:4180} INFO - Setting next_dagrun for tutorial to 2025-03-16 00:00:00+00:00, run_after=2025-03-17 00:00:00+00:00
[2025-03-17T06:27:39.964+0000] {processor.py:208} INFO - Processing /home/airflow/.local/lib/python3.12/site-packages/airflow/example_dags/tutorial.py took 0.035 seconds
[2025-03-17T06:28:10.593+0000] {processor.py:186} INFO - Started process (PID=13036) to work on /home/airflow/.local/lib/python3.12/site-packages/airflow/example_dags/tutorial.py
[2025-03-17T06:28:10.593+0000] {processor.py:914} INFO - Processing file /home/airflow/.local/lib/python3.12/site-packages/airflow/example_dags/tutorial.py for tasks to queue
[2025-03-17T06:28:10.594+0000] {logging_mixin.py:190} INFO - [2025-03-17T06:28:10.594+0000] {dagbag.py:588} INFO - Filling up the DagBag from /home/airflow/.local/lib/python3.12/site-packages/airflow/example_dags/tutorial.py
[2025-03-17T06:28:10.598+0000] {processor.py:925} INFO - DAG(s) 'tutorial' retrieved from /home/airflow/.local/lib/python3.12/site-packages/airflow/example_dags/tutorial.py
[2025-03-17T06:28:10.607+0000] {logging_mixin.py:190} INFO - [2025-03-17T06:28:10.606+0000] {dag.py:3239} INFO - Sync 1 DAGs
[2025-03-17T06:28:10.615+0000] {logging_mixin.py:190} INFO - [2025-03-17T06:28:10.615+0000] {dag.py:4180} INFO - Setting next_dagrun for tutorial to 2025-03-16 00:00:00+00:00, run_after=2025-03-17 00:00:00+00:00
[2025-03-17T06:28:10.621+0000] {processor.py:208} INFO - Processing /home/airflow/.local/lib/python3.12/site-packages/airflow/example_dags/tutorial.py took 0.031 seconds
