[2025-03-14T15:23:38.900+0000] {local_task_job_runner.py:123} INFO - ::group::Pre task execution logs
[2025-03-14T15:23:38.908+0000] {taskinstance.py:2614} INFO - Dependencies all met for dep_context=non-requeueable deps ti=<TaskInstance: assignment3.generate_sales_report manual__2025-03-14T15:23:33.635212+00:00 [queued]>
[2025-03-14T15:23:38.912+0000] {taskinstance.py:2614} INFO - Dependencies all met for dep_context=requeueable deps ti=<TaskInstance: assignment3.generate_sales_report manual__2025-03-14T15:23:33.635212+00:00 [queued]>
[2025-03-14T15:23:38.912+0000] {taskinstance.py:2867} INFO - Starting attempt 1 of 2
[2025-03-14T15:23:38.918+0000] {taskinstance.py:2890} INFO - Executing <Task(_PythonDecoratedOperator): generate_sales_report> on 2025-03-14 15:23:33.635212+00:00
[2025-03-14T15:23:38.925+0000] {warnings.py:112} WARNING - /home/***/.local/lib/python3.12/site-packages/***/task/task_runner/standard_task_runner.py:70: DeprecationWarning: This process (pid=414) is multi-threaded, use of fork() may lead to deadlocks in the child.
  pid = os.fork()

[2025-03-14T15:23:38.926+0000] {standard_task_runner.py:72} INFO - Started process 418 to run task
[2025-03-14T15:23:38.926+0000] {standard_task_runner.py:104} INFO - Running: ['***', 'tasks', 'run', 'assignment3', 'generate_sales_report', 'manual__2025-03-14T15:23:33.635212+00:00', '--job-id', '97', '--raw', '--subdir', 'DAGS_FOLDER/A0265907U.py', '--cfg-path', '/tmp/tmpg1yz9o5f']
[2025-03-14T15:23:38.927+0000] {standard_task_runner.py:105} INFO - Job 97: Subtask generate_sales_report
[2025-03-14T15:23:38.954+0000] {task_command.py:467} INFO - Running <TaskInstance: assignment3.generate_sales_report manual__2025-03-14T15:23:33.635212+00:00 [running]> on host 0b224ca611be
[2025-03-14T15:23:38.989+0000] {taskinstance.py:3134} INFO - Exporting env vars: AIRFLOW_CTX_DAG_OWNER='***' AIRFLOW_CTX_DAG_ID='assignment3' AIRFLOW_CTX_TASK_ID='generate_sales_report' AIRFLOW_CTX_EXECUTION_DATE='2025-03-14T15:23:33.635212+00:00' AIRFLOW_CTX_TRY_NUMBER='1' AIRFLOW_CTX_DAG_RUN_ID='manual__2025-03-14T15:23:33.635212+00:00'
[2025-03-14T15:23:38.990+0000] {logging_mixin.py:190} INFO - Task instance is in running state
[2025-03-14T15:23:38.990+0000] {logging_mixin.py:190} INFO -  Previous state of the Task instance: queued
[2025-03-14T15:23:38.990+0000] {logging_mixin.py:190} INFO - Current task name:generate_sales_report state:running start_date:2025-03-14 15:23:38.908949+00:00
[2025-03-14T15:23:38.990+0000] {logging_mixin.py:190} INFO - Dag name:assignment3 and current dag run status:running
[2025-03-14T15:23:38.990+0000] {taskinstance.py:732} INFO - ::endgroup::
[2025-03-14T15:23:39.245+0000] {python.py:240} INFO - Done. Returned value was: /opt/***/output/A0265912B_sales_report.pdf
[2025-03-14T15:23:39.254+0000] {taskinstance.py:341} INFO - ::group::Post task execution logs
[2025-03-14T15:23:39.255+0000] {taskinstance.py:353} INFO - Marking task as SUCCESS. dag_id=assignment3, task_id=generate_sales_report, run_id=manual__2025-03-14T15:23:33.635212+00:00, execution_date=20250314T152333, start_date=20250314T152338, end_date=20250314T152339
[2025-03-14T15:23:39.263+0000] {logging_mixin.py:190} INFO - Task instance in success state
[2025-03-14T15:23:39.263+0000] {logging_mixin.py:190} INFO -  Previous state of the Task instance: running
[2025-03-14T15:23:39.263+0000] {logging_mixin.py:190} INFO - Dag name:assignment3 queued_at:2025-03-14 15:23:33.640030+00:00
[2025-03-14T15:23:39.263+0000] {logging_mixin.py:190} INFO - Task hostname:0b224ca611be operator:_PythonDecoratedOperator
[2025-03-14T15:23:39.274+0000] {local_task_job_runner.py:266} INFO - Task exited with return code 0
[2025-03-14T15:23:39.304+0000] {taskinstance.py:3901} INFO - 3 downstream tasks scheduled from follow-on schedule check
[2025-03-14T15:23:39.305+0000] {local_task_job_runner.py:245} INFO - ::endgroup::
