[2025-03-14T15:23:38.875+0000] {local_task_job_runner.py:123} INFO - ::group::Pre task execution logs
[2025-03-14T15:23:38.883+0000] {taskinstance.py:2614} INFO - Dependencies all met for dep_context=non-requeueable deps ti=<TaskInstance: assignment3.get_city_list manual__2025-03-14T15:23:33.635212+00:00 [queued]>
[2025-03-14T15:23:38.886+0000] {taskinstance.py:2614} INFO - Dependencies all met for dep_context=requeueable deps ti=<TaskInstance: assignment3.get_city_list manual__2025-03-14T15:23:33.635212+00:00 [queued]>
[2025-03-14T15:23:38.887+0000] {taskinstance.py:2867} INFO - Starting attempt 1 of 2
[2025-03-14T15:23:38.891+0000] {taskinstance.py:2890} INFO - Executing <Task(_PythonDecoratedOperator): get_city_list> on 2025-03-14 15:23:33.635212+00:00
[2025-03-14T15:23:38.895+0000] {warnings.py:112} WARNING - /home/***/.local/lib/python3.12/site-packages/***/task/task_runner/standard_task_runner.py:70: DeprecationWarning: This process (pid=415) is multi-threaded, use of fork() may lead to deadlocks in the child.
  pid = os.fork()

[2025-03-14T15:23:38.895+0000] {standard_task_runner.py:72} INFO - Started process 416 to run task
[2025-03-14T15:23:38.896+0000] {standard_task_runner.py:104} INFO - Running: ['***', 'tasks', 'run', 'assignment3', 'get_city_list', 'manual__2025-03-14T15:23:33.635212+00:00', '--job-id', '96', '--raw', '--subdir', 'DAGS_FOLDER/A0265907U.py', '--cfg-path', '/tmp/tmpg1u7zcq_']
[2025-03-14T15:23:38.897+0000] {standard_task_runner.py:105} INFO - Job 96: Subtask get_city_list
[2025-03-14T15:23:38.922+0000] {task_command.py:467} INFO - Running <TaskInstance: assignment3.get_city_list manual__2025-03-14T15:23:33.635212+00:00 [running]> on host 0b224ca611be
[2025-03-14T15:23:38.956+0000] {taskinstance.py:3134} INFO - Exporting env vars: AIRFLOW_CTX_DAG_OWNER='***' AIRFLOW_CTX_DAG_ID='assignment3' AIRFLOW_CTX_TASK_ID='get_city_list' AIRFLOW_CTX_EXECUTION_DATE='2025-03-14T15:23:33.635212+00:00' AIRFLOW_CTX_TRY_NUMBER='1' AIRFLOW_CTX_DAG_RUN_ID='manual__2025-03-14T15:23:33.635212+00:00'
[2025-03-14T15:23:38.957+0000] {logging_mixin.py:190} INFO - Task instance is in running state
[2025-03-14T15:23:38.957+0000] {logging_mixin.py:190} INFO -  Previous state of the Task instance: queued
[2025-03-14T15:23:38.957+0000] {logging_mixin.py:190} INFO - Current task name:get_city_list state:running start_date:2025-03-14 15:23:38.883756+00:00
[2025-03-14T15:23:38.957+0000] {logging_mixin.py:190} INFO - Dag name:assignment3 and current dag run status:running
[2025-03-14T15:23:38.957+0000] {taskinstance.py:732} INFO - ::endgroup::
[2025-03-14T15:23:38.959+0000] {python.py:240} INFO - Done. Returned value was: [{'Total Sales Per Branch': {'A': 106200.3705}, 'Total Sales Per Product Line': {'Electronic accessories': 18317.1135, 'Fashion accessories': 16332.5085, 'Food and beverages': 17163.1005, 'Health and beauty': 12597.753, 'Home and lifestyle': 22417.1955, 'Sports and travel': 19372.6995}}, {'Total Sales Per Branch': {'C': 110568.7065}, 'Total Sales Per Product Line': {'Electronic accessories': 18968.9745, 'Fashion accessories': 21560.07, 'Food and beverages': 23766.855, 'Health and beauty': 16615.326, 'Home and lifestyle': 13895.553, 'Sports and travel': 15761.928}}, {'Total Sales Per Branch': {'B': 106197.672}, 'Total Sales Per Product Line': {'Electronic accessories': 17051.4435, 'Fashion accessories': 16413.3165, 'Food and beverages': 15214.8885, 'Health and beauty': 19980.66, 'Home and lifestyle': 17549.1645, 'Sports and travel': 19988.199}}]
[2025-03-14T15:23:38.969+0000] {taskinstance.py:341} INFO - ::group::Post task execution logs
[2025-03-14T15:23:38.969+0000] {taskinstance.py:353} INFO - Marking task as SUCCESS. dag_id=assignment3, task_id=get_city_list, run_id=manual__2025-03-14T15:23:33.635212+00:00, execution_date=20250314T152333, start_date=20250314T152338, end_date=20250314T152338
[2025-03-14T15:23:38.977+0000] {logging_mixin.py:190} INFO - Task instance in success state
[2025-03-14T15:23:38.977+0000] {logging_mixin.py:190} INFO -  Previous state of the Task instance: running
[2025-03-14T15:23:38.977+0000] {logging_mixin.py:190} INFO - Dag name:assignment3 queued_at:2025-03-14 15:23:33.640030+00:00
[2025-03-14T15:23:38.977+0000] {logging_mixin.py:190} INFO - Task hostname:0b224ca611be operator:_PythonDecoratedOperator
[2025-03-14T15:23:38.996+0000] {local_task_job_runner.py:266} INFO - Task exited with return code 0
[2025-03-14T15:23:39.025+0000] {taskinstance.py:3901} INFO - 0 downstream tasks scheduled from follow-on schedule check
[2025-03-14T15:23:39.033+0000] {local_task_job_runner.py:245} INFO - ::endgroup::
