[2025-03-14T15:30:21.091+0000] {local_task_job_runner.py:123} INFO - ::group::Pre task execution logs
[2025-03-14T15:30:21.103+0000] {taskinstance.py:2614} INFO - Dependencies all met for dep_context=non-requeueable deps ti=<TaskInstance: assignment3.generate_city_report manual__2025-03-14T15:30:15.570166+00:00 map_index=0 [queued]>
[2025-03-14T15:30:21.109+0000] {taskinstance.py:2614} INFO - Dependencies all met for dep_context=requeueable deps ti=<TaskInstance: assignment3.generate_city_report manual__2025-03-14T15:30:15.570166+00:00 map_index=0 [queued]>
[2025-03-14T15:30:21.109+0000] {taskinstance.py:2867} INFO - Starting attempt 1 of 2
[2025-03-14T15:30:21.114+0000] {taskinstance.py:2890} INFO - Executing <Mapped(_PythonDecoratedOperator): generate_city_report> on 2025-03-14 15:30:15.570166+00:00
[2025-03-14T15:30:21.117+0000] {warnings.py:112} WARNING - /home/***/.local/lib/python3.12/site-packages/***/task/task_runner/standard_task_runner.py:70: DeprecationWarning: This process (pid=585) is multi-threaded, use of fork() may lead to deadlocks in the child.
  pid = os.fork()

[2025-03-14T15:30:21.119+0000] {standard_task_runner.py:72} INFO - Started process 587 to run task
[2025-03-14T15:30:21.119+0000] {standard_task_runner.py:104} INFO - Running: ['***', 'tasks', 'run', 'assignment3', 'generate_city_report', 'manual__2025-03-14T15:30:15.570166+00:00', '--job-id', '113', '--raw', '--subdir', 'DAGS_FOLDER/A0265907U.py', '--cfg-path', '/tmp/tmp4d8q3qa3', '--map-index', '0']
[2025-03-14T15:30:21.119+0000] {standard_task_runner.py:105} INFO - Job 113: Subtask generate_city_report
[2025-03-14T15:30:21.152+0000] {task_command.py:467} INFO - Running <TaskInstance: assignment3.generate_city_report manual__2025-03-14T15:30:15.570166+00:00 map_index=0 [running]> on host 0b224ca611be
[2025-03-14T15:30:21.204+0000] {taskinstance.py:3134} INFO - Exporting env vars: AIRFLOW_CTX_DAG_OWNER='***' AIRFLOW_CTX_DAG_ID='assignment3' AIRFLOW_CTX_TASK_ID='generate_city_report' AIRFLOW_CTX_EXECUTION_DATE='2025-03-14T15:30:15.570166+00:00' AIRFLOW_CTX_TRY_NUMBER='1' AIRFLOW_CTX_DAG_RUN_ID='manual__2025-03-14T15:30:15.570166+00:00'
[2025-03-14T15:30:21.206+0000] {logging_mixin.py:190} INFO - Task instance is in running state
[2025-03-14T15:30:21.206+0000] {logging_mixin.py:190} INFO -  Previous state of the Task instance: queued
[2025-03-14T15:30:21.206+0000] {logging_mixin.py:190} INFO - Current task name:generate_city_report state:running start_date:2025-03-14 15:30:21.103343+00:00
[2025-03-14T15:30:21.206+0000] {logging_mixin.py:190} INFO - Dag name:assignment3 and current dag run status:running
[2025-03-14T15:30:21.207+0000] {taskinstance.py:732} INFO - ::endgroup::
[2025-03-14T15:30:21.221+0000] {warnings.py:112} WARNING - /opt/***/dags/A0265907U.py:192: FutureWarning: 

Passing `palette` without assigning `hue` is deprecated and will be removed in v0.14.0. Assign the `x` variable to `hue` and set `legend=False` for the same effect.

  sns.barplot(

[2025-03-14T15:30:21.286+0000] {warnings.py:112} WARNING - /opt/***/dags/A0265907U.py:211: FutureWarning: 

Passing `palette` without assigning `hue` is deprecated and will be removed in v0.14.0. Assign the `x` variable to `hue` and set `legend=False` for the same effect.

  sns.barplot(

[2025-03-14T15:30:21.439+0000] {python.py:240} INFO - Done. Returned value was: /opt/***/output/A0265912B_Yangon_sales_report.pdf
[2025-03-14T15:30:21.473+0000] {taskinstance.py:341} INFO - ::group::Post task execution logs
[2025-03-14T15:30:21.474+0000] {taskinstance.py:353} INFO - Marking task as SUCCESS. dag_id=assignment3, task_id=generate_city_report, run_id=manual__2025-03-14T15:30:15.570166+00:00, map_index=0, execution_date=20250314T153015, start_date=20250314T153021, end_date=20250314T153021
[2025-03-14T15:30:21.496+0000] {logging_mixin.py:190} INFO - Task instance in success state
[2025-03-14T15:30:21.496+0000] {logging_mixin.py:190} INFO -  Previous state of the Task instance: running
[2025-03-14T15:30:21.497+0000] {logging_mixin.py:190} INFO - Dag name:assignment3 queued_at:2025-03-14 15:30:15.573473+00:00
[2025-03-14T15:30:21.499+0000] {logging_mixin.py:190} INFO - Task hostname:0b224ca611be operator:_PythonDecoratedOperator
[2025-03-14T15:30:21.517+0000] {local_task_job_runner.py:266} INFO - Task exited with return code 0
[2025-03-14T15:30:21.527+0000] {taskinstance.py:3901} INFO - 0 downstream tasks scheduled from follow-on schedule check
[2025-03-14T15:30:21.528+0000] {local_task_job_runner.py:245} INFO - ::endgroup::
