[2025-03-14T10:55:23.284+0000] {local_task_job_runner.py:123} INFO - ::group::Pre task execution logs
[2025-03-14T10:55:23.291+0000] {taskinstance.py:2614} INFO - Dependencies all met for dep_context=non-requeueable deps ti=<TaskInstance: ecommerce_etl_taskflow.extract manual__2025-03-14T10:55:20.703715+00:00 [queued]>
[2025-03-14T10:55:23.294+0000] {taskinstance.py:2614} INFO - Dependencies all met for dep_context=requeueable deps ti=<TaskInstance: ecommerce_etl_taskflow.extract manual__2025-03-14T10:55:20.703715+00:00 [queued]>
[2025-03-14T10:55:23.295+0000] {taskinstance.py:2867} INFO - Starting attempt 1 of 4
[2025-03-14T10:55:23.301+0000] {taskinstance.py:2890} INFO - Executing <Task(_PythonDecoratedOperator): extract> on 2025-03-14 10:55:20.703715+00:00
[2025-03-14T10:55:23.303+0000] {warnings.py:112} WARNING - /home/***/.local/lib/python3.12/site-packages/***/task/task_runner/standard_task_runner.py:70: DeprecationWarning: This process (pid=79) is multi-threaded, use of fork() may lead to deadlocks in the child.
  pid = os.fork()

[2025-03-14T10:55:23.304+0000] {standard_task_runner.py:104} INFO - Running: ['***', 'tasks', 'run', 'ecommerce_etl_taskflow', 'extract', 'manual__2025-03-14T10:55:20.703715+00:00', '--job-id', '28', '--raw', '--subdir', 'DAGS_FOLDER/IS3107 Data Engineering DAG Demo Taskflow.py', '--cfg-path', '/tmp/tmpa8wycr3s']
[2025-03-14T10:55:23.305+0000] {standard_task_runner.py:105} INFO - Job 28: Subtask extract
[2025-03-14T10:55:23.304+0000] {standard_task_runner.py:72} INFO - Started process 81 to run task
[2025-03-14T10:55:23.333+0000] {task_command.py:467} INFO - Running <TaskInstance: ecommerce_etl_taskflow.extract manual__2025-03-14T10:55:20.703715+00:00 [running]> on host b9a18c2f60ab
[2025-03-14T10:55:23.362+0000] {taskinstance.py:3134} INFO - Exporting env vars: AIRFLOW_CTX_DAG_EMAIL='***@example.com' AIRFLOW_CTX_DAG_OWNER='***' AIRFLOW_CTX_DAG_ID='ecommerce_etl_taskflow' AIRFLOW_CTX_TASK_ID='extract' AIRFLOW_CTX_EXECUTION_DATE='2025-03-14T10:55:20.703715+00:00' AIRFLOW_CTX_TRY_NUMBER='1' AIRFLOW_CTX_DAG_RUN_ID='manual__2025-03-14T10:55:20.703715+00:00'
[2025-03-14T10:55:23.363+0000] {logging_mixin.py:190} INFO - Task instance is in running state
[2025-03-14T10:55:23.363+0000] {logging_mixin.py:190} INFO -  Previous state of the Task instance: queued
[2025-03-14T10:55:23.363+0000] {logging_mixin.py:190} INFO - Current task name:extract state:running start_date:2025-03-14 10:55:23.291920+00:00
[2025-03-14T10:55:23.363+0000] {logging_mixin.py:190} INFO - Dag name:ecommerce_etl_taskflow and current dag run status:running
[2025-03-14T10:55:23.363+0000] {taskinstance.py:732} INFO - ::endgroup::
[2025-03-14T10:55:23.363+0000] {python.py:240} INFO - Done. Returned value was: {'order_id': 0, 'customer_id': 123, 'amount': 100.0, 'status': 'completed'}
[2025-03-14T10:55:23.371+0000] {taskinstance.py:341} INFO - ::group::Post task execution logs
[2025-03-14T10:55:23.372+0000] {taskinstance.py:353} INFO - Marking task as SUCCESS. dag_id=ecommerce_etl_taskflow, task_id=extract, run_id=manual__2025-03-14T10:55:20.703715+00:00, execution_date=20250314T105520, start_date=20250314T105523, end_date=20250314T105523
[2025-03-14T10:55:23.380+0000] {logging_mixin.py:190} INFO - Task instance in success state
[2025-03-14T10:55:23.380+0000] {logging_mixin.py:190} INFO -  Previous state of the Task instance: running
[2025-03-14T10:55:23.380+0000] {logging_mixin.py:190} INFO - Dag name:ecommerce_etl_taskflow queued_at:2025-03-14 10:55:20.713388+00:00
[2025-03-14T10:55:23.380+0000] {logging_mixin.py:190} INFO - Task hostname:b9a18c2f60ab operator:_PythonDecoratedOperator
[2025-03-14T10:55:23.406+0000] {local_task_job_runner.py:266} INFO - Task exited with return code 0
[2025-03-14T10:55:23.411+0000] {local_task_job_runner.py:245} INFO - ::endgroup::
